
05:00:41  RECAP $Revision: 3.13.2.13 $ ($State: Exp $) built 09:15:45, Aug  3 2010
05:00:41  Logging Counting Started
05:00:41  Start time: 09:30 (570 minutes past midnight)
05:00:41  Stop time: 22:00 (1320 minutes past midnight)
05:00:41  Log period: 30 minutes
05:00:41  Initialising 0 display(s)
05:00:41  Initialising 9 camera(s)
05:00:41  IrisysIP counter(s) in use, Starting BlackFin API
05:00:41  If RECAP crashes, check .NET framework and VCRedist are installed.
05:00:41  BlackFin API Started.
05:00:41  BlackFin API Started up OK. Version: 1.10.0.5
05:00:41  Initialising 2 zone(s)
05:00:41  Outputting 'Zone1' zone data to 'Zones\Zone1.txt'
05:00:41  Outputting 'Zone2' zone data to 'Zones\Zone2.txt'
05:00:41  Displaying shutdown on 0 display(s)
05:00:41  Waiting till start time
09:30:00  Start time reached
09:30:00  Adding Level 1 Science Centre Entry 1 thread to Watchdog
09:30:00  Level 1 Science Centre Entry 1: InCountCorrection set in registry to: 0
09:30:00  Level 1 Science Centre Entry 1: OutCountCorrection set in registry to: 0
09:30:00  Adding Level 1 Science Centre Entry 2 thread to Watchdog
09:30:00  Level 1 Science Centre Entry 2: InCountCorrection set in registry to: 0
09:30:00  Level 1 Science Centre Entry 2: OutCountCorrection set in registry to: 0
09:30:00  Adding Level 1 Science Centre Lift thread to Watchdog
09:30:00  Level 1 Science Centre Lift: InCountCorrection set in registry to: 0
09:30:00  Level 1 Science Centre Lift: OutCountCorrection set in registry to: 0
09:30:00  Adding Level 2 Main Entry thread to Watchdog
09:30:00  Level 2 Main Entry: InCountCorrection set in registry to: 0
09:30:00  Level 2 Main Entry: OutCountCorrection set in registry to: 0
09:30:00  Adding Level 2 Lift thread to Watchdog
09:30:00  Level 2 Lift: InCountCorrection set in registry to: 0
09:30:00  Level 2 Lift: OutCountCorrection set in registry to: 0
09:30:00  Adding Shop A thread to Watchdog
09:30:00  Shop A: InCountCorrection set in registry to: 0
09:30:00  Shop A: OutCountCorrection set in registry to: 0
09:30:00  Adding Shop B thread to Watchdog
09:30:00  Shop B: InCountCorrection set in registry to: 0
09:30:00  Shop B: OutCountCorrection set in registry to: 0
09:30:00  Adding Shop Whale Mall thread to Watchdog
09:30:00  Shop Whale Mall: InCountCorrection set in registry to: 0
09:30:00  Shop Whale Mall: OutCountCorrection set in registry to: 0
09:30:00  Adding Level 2 Cafe thread to Watchdog
09:30:00  Level 2 Cafe: InCountCorrection set in registry to: 0
09:30:00  Level 2 Cafe: OutCountCorrection set in registry to: 0
09:30:01  New day, Reset counts and busiest times in registry
09:30:01  Camera Level 1 Science Centre Entry 1 Counts 	= In:0, Out:0
09:30:01  Camera Level 1 Science Centre Entry 2 Counts 	= In:0, Out:0
09:30:01  Camera Level 1 Science Centre Lift Counts 	= In:0, Out:0
09:30:01  Camera Level 2 Main Entry Counts 	= In:0, Out:0
09:30:01  Camera Level 2 Lift Counts 	= In:0, Out:0
09:30:01  Camera Shop A Counts 	= In:0, Out:0
09:30:01  Camera Shop B Counts 	= In:0, Out:0
09:30:01  Camera Shop Whale Mall Counts 	= In:0, Out:0
09:30:01  Camera Level 2 Cafe Counts 	= In:0, Out:0
09:30:02  Starting main data collection loop.
09:30:05  Zone: Zone1                    	0	0	0
09:30:05  Zone: Zone2                    	0	0	0
09:30:05  Logging to daily summary: "09:30 0 0 0 0 0 0"
09:30:05  Service running OK
09:30:20  Level 1 Science Centre Lift: Connect Success (3) (serial num:2158593853)
09:30:21  Level 1 Science Centre Lift: MAC:00-21-AC-00-30-1A IP Firmware:4.0.2.30311 Monitor Firmware:42.4.0.404
09:30:22  Level 2 Main Entry: Connect Success (4) (serial num:2158593780)
09:30:22  Level 2 Main Entry: MAC:00-21-AC-00-30-D9 IP Firmware:4.0.2.30311 Monitor Firmware:42.4.0.404
09:30:25  Level 1 Science Centre Lift: Status msgs: 0,0
09:30:25  Level 1 Science Centre Lift: Current DeviceID: DefaultID
09:30:26  Level 2 Main Entry: Status msgs: 0,0
09:30:26  Level 2 Main Entry: Current DeviceID: DefaultID
09:30:28  Level 1 Science Centre Entry 1: Connect Success (1) (serial num:2158593798)
09:30:29  Level 1 Science Centre Entry 1: MAC:00-21-AC-00-30-39 IP Firmware:4.0.2.30311 Monitor Firmware:42.4.0.404
09:30:32  Level 1 Science Centre Entry 1: Status msgs: 0,0
09:30:33  Level 1 Science Centre Entry 1: Current DeviceID: DefaultID
09:30:46  Level 2 Lift: Connect Success (5) (serial num:2158593872)
09:30:47  Level 1 Science Centre Entry 2: Connect Success (2) (serial num:2158593777)
09:30:47  Level 2 Lift: MAC:00-21-AC-00-2F-8C IP Firmware:4.0.2.30311 Monitor Firmware:42.4.0.404
09:30:48  Level 1 Science Centre Entry 2: MAC:00-21-AC-00-30-3B IP Firmware:4.0.2.30311 Monitor Firmware:42.4.0.404
09:30:51  Level 2 Lift: Status msgs: 0,0
09:30:51  Level 2 Lift: Current DeviceID: DefaultID
09:30:51  Level 1 Science Centre Entry 2: Status msgs: 0,0
09:30:52  Level 1 Science Centre Entry 2: Current DeviceID: DefaultID
09:32:29  Initial Camera Level 1 Science Centre Lift Counts 	= In:0, Out:0
09:32:30  Initial Camera Level 2 Main Entry Counts 	= In:18, Out:19
09:32:33  Level 1 Science Centre Lift: Date last reset in registry is not today (reset required): 12/12/11
09:32:33  Attempting to reset counts for IrisysIP Camera Level 1 Science Centre Lift
09:32:34  Level 2 Main Entry: Date last reset in registry is not today (reset required): 12/12/11
09:32:34  Attempting to reset counts for IrisysIP Camera Level 2 Main Entry
09:33:29  Level 1 Science Centre Lift: InCountCorrection set in registry to: 0
09:33:29  Level 1 Science Centre Lift: OutCountCorrection set in registry to: 0
09:33:30  Level 1 Science Centre Lift: has reset camera
09:33:30  Camera: Level 1 Science Centre Lift - Counts are now valid.
09:33:31  Level 2 Main Entry: InCountCorrection set in registry to: 0
09:33:31  Level 2 Main Entry: OutCountCorrection set in registry to: 0
09:33:32  Level 2 Main Entry: has reset camera
09:33:32  Initial Camera Level 1 Science Centre Entry 1 Counts 	= In:0, Out:3
09:33:32  Camera: Level 2 Main Entry - Counts are now valid.
09:33:32  Initial Camera Level 2 Lift Counts 	= In:1, Out:4
09:33:32  Initial Camera Level 1 Science Centre Entry 2 Counts 	= In:0, Out:4
09:33:36  Level 1 Science Centre Entry 2: Date last reset in registry is not today (reset required): 12/12/11
09:33:36  Level 1 Science Centre Entry 1: Date last reset in registry is not today (reset required): 12/12/11
09:33:36  Level 2 Lift: Date last reset in registry is not today (reset required): 12/12/11
09:33:36  Attempting to reset counts for IrisysIP Camera Level 1 Science Centre Entry 2
09:33:36  Attempting to reset counts for IrisysIP Camera Level 1 Science Centre Entry 1
09:33:36  Attempting to reset counts for IrisysIP Camera Level 2 Lift
09:33:55  Level 1 Science Centre Entry 2: InCountCorrection set in registry to: 0
09:33:55  Level 1 Science Centre Entry 2: OutCountCorrection set in registry to: 0
09:33:56  Level 1 Science Centre Entry 2: has reset camera
09:33:56  Camera: Level 1 Science Centre Entry 2 - Counts are now valid.
09:33:57  Level 1 Science Centre Entry 1: InCountCorrection set in registry to: 0
09:33:57  Level 1 Science Centre Entry 1: OutCountCorrection set in registry to: 0
09:33:58  Level 1 Science Centre Entry 1: has reset camera
09:33:58  Camera: Level 1 Science Centre Entry 1 - Counts are now valid.
09:33:59  Level 2 Lift: InCountCorrection set in registry to: 0
09:33:59  Level 2 Lift: OutCountCorrection set in registry to: 0
09:34:00  Level 2 Lift: has reset camera
09:34:00  Camera: Level 2 Lift - Counts are now valid.
09:34:31  Camera: Level 1 Science Centre Lift             	0	0
09:34:31  Level 1 Science Centre Lift IrisysIP camera has reset
09:34:33  Camera: Level 2 Main Entry                      	0	0
09:34:33  Level 2 Main Entry IrisysIP camera has reset
09:34:57  Camera: Level 1 Science Centre Entry 2          	0	0
09:34:57  Level 1 Science Centre Entry 2 IrisysIP camera has reset
09:34:59  Camera: Level 1 Science Centre Entry 1          	0	0
09:34:59  Level 1 Science Centre Entry 1 IrisysIP camera has reset
09:35:01  Camera: Level 2 Lift                            	0	0
09:35:01  Level 2 Lift IrisysIP camera has reset
09:35:34  Camera: Level 2 Main Entry                      	4	4
09:35:36  Zone: Zone1                    	4	4	0
09:36:35  Camera: Level 2 Main Entry                      	10	9
09:36:43  Zone: Zone1                    	10	9	1
09:37:36  Camera: Level 2 Main Entry                      	10	10
09:37:36  Zone: Zone1                    	10	10	0
09:39:38  Camera: Level 2 Main Entry                      	12	10
09:39:40  Zone: Zone1                    	12	10	2
09:45:05  Service running OK
10:00:05  Logging to daily summary: "10:00 12 10 1 0 0 0"
10:00:05  Service running OK
10:15:05  Service running OK
10:30:05  Logging to daily summary: "10:30 0 0 2 0 0 0"
10:30:05  Service running OK
10:45:05  Service running OK
11:00:05  Logging to daily summary: "11:00 0 0 2 0 0 0"
11:00:05  Service running OK
11:15:05  Service running OK
11:30:05  Logging to daily summary: "11:30 0 0 2 0 0 0"
11:30:05  Service running OK
11:45:05  Service running OK
12:00:05  Logging to daily summary: "12:00 0 0 2 0 0 0"
12:00:05  Service running OK
12:08:01  Camera: Level 2 Lift                            	0	1
12:08:08  Zone: Zone1                    	12	11	1
12:15:03  Service running OK
12:30:03  Logging to daily summary: "12:30 0 1 1 0 0 0"
12:30:03  Service running OK
12:45:07  Service running OK
13:00:07  Logging to daily summary: "13:00 0 0 1 0 0 0"
13:00:07  Service running OK
13:15:08  Service running OK
13:30:08  Logging to daily summary: "13:30 0 0 1 0 0 0"
13:30:08  Service running OK
13:45:08  Service running OK
14:00:08  Logging to daily summary: "14:00 0 0 1 0 0 0"
14:00:08  Service running OK
14:15:08  Service running OK
14:30:12  Logging to daily summary: "14:30 0 0 1 0 0 0"
14:30:12  Service running OK
14:45:14  Service running OK
15:00:14  Logging to daily summary: "15:00 0 0 1 0 0 0"
15:00:14  Service running OK
15:15:14  Service running OK
15:30:14  Logging to daily summary: "15:30 0 0 1 0 0 0"
15:30:14  Service running OK
15:45:14  Service running OK
16:00:14  Logging to daily summary: "16:00 0 0 1 0 0 0"
16:00:14  Service running OK
16:15:14  Service running OK
16:30:14  Logging to daily summary: "16:30 0 0 1 0 0 0"
16:30:14  Service running OK
16:41:27  Camera: Level 2 Main Entry                      	13	10
16:41:35  Zone: Zone1                    	13	11	2
16:42:28  Camera: Level 2 Main Entry                      	18	14
16:42:28  Zone: Zone1                    	18	15	3
16:43:29  Camera: Level 2 Main Entry                      	22	15
16:43:38  Zone: Zone1                    	22	16	6
16:45:09  Service running OK
17:00:09  Logging to daily summary: "17:00 10 5 3 0 0 0"
17:00:09  Service running OK
17:15:09  Service running OK
17:30:09  Logging to daily summary: "17:30 0 0 6 0 0 0"
17:30:09  Service running OK
17:45:09  Service running OK
18:00:09  Logging to daily summary: "18:00 0 0 6 0 0 0"
18:00:09  Service running OK
18:15:11  Service running OK
18:16:19  Level 1 Science Centre Entry 1: The Irisys IP Manager destructor has flagged the thread to end.
18:16:19  Level 2 Main Entry: Main Data Collection loop has finished (g_bStopFlag=1, m_bEndThread=0).
18:16:39  Level 2 Lift: Main Data Collection loop has finished (g_bStopFlag=1, m_bEndThread=0).
