
07:28:02  RECAP $Revision: 3.13.2.13 $ ($State: Exp $) built 09:15:45, Aug  3 2010
07:28:02  Logging Counting Started
07:28:02  Start time: 09:00 (540 minutes past midnight)
07:28:02  Stop time: 22:00 (1320 minutes past midnight)
07:28:02  Log period: 30 minutes
07:28:02  Initialising 0 display(s)
07:28:02  Initialising 9 camera(s)
07:28:02  IrisysIP counter(s) in use, Starting BlackFin API
07:28:02  If RECAP crashes, check .NET framework and VCRedist are installed.
07:28:02  BlackFin API Started.
07:28:02  BlackFin API Started up OK. Version: 1.10.0.5
07:28:02  Initialising 2 zone(s)
07:28:02  Outputting 'Zone1' zone data to 'Zones\Zone1.txt'
07:28:02  Outputting 'Zone2' zone data to 'Zones\Zone2.txt'
07:28:02  Displaying shutdown on 0 display(s)
07:28:02  Waiting till start time
09:00:00  Start time reached
09:00:00  Adding Level 1 Entry 1 thread to Watchdog
09:00:00  Level 1 Entry 1: InCountCorrection set in registry to: 0
09:00:00  Level 1 Entry 1: OutCountCorrection set in registry to: 0
09:00:00  Adding Level 1 Entry 2 thread to Watchdog
09:00:00  Level 1 Entry 2: InCountCorrection set in registry to: 0
09:00:00  Level 1 Entry 2: OutCountCorrection set in registry to: 0
09:00:00  Adding Level 1 Lift thread to Watchdog
09:00:00  Level 1 Lift: InCountCorrection set in registry to: 0
09:00:00  Level 1 Lift: OutCountCorrection set in registry to: 0
09:00:00  Adding Level 2 Main Entry thread to Watchdog
09:00:00  Level 2 Main Entry: InCountCorrection set in registry to: 0
09:00:00  Level 2 Main Entry: OutCountCorrection set in registry to: 0
09:00:00  Adding Level 2 Lift thread to Watchdog
09:00:00  Level 2 Lift: InCountCorrection set in registry to: 0
09:00:00  Level 2 Lift: OutCountCorrection set in registry to: 0
09:00:00  Adding Shop A thread to Watchdog
09:00:00  Shop A: InCountCorrection set in registry to: 0
09:00:00  Shop A: OutCountCorrection set in registry to: 0
09:00:00  Adding Level 0 Entry thread to Watchdog
09:00:00  Level 0 Entry: InCountCorrection set in registry to: 0
09:00:00  Level 0 Entry: OutCountCorrection set in registry to: 0
09:00:00  Adding Science Centre Entry thread to Watchdog
09:00:00  Science Centre Entry: InCountCorrection set in registry to: 0
09:00:00  Science Centre Entry: OutCountCorrection set in registry to: 0
09:00:00  Adding Cafe Entry thread to Watchdog
09:00:00  Cafe Entry: InCountCorrection set in registry to: 0
09:00:00  Cafe Entry: OutCountCorrection set in registry to: 0
09:00:01  New day, Reset counts and busiest times in registry
09:00:01  Camera Level 1 Entry 1 Counts 	= In:0, Out:0
09:00:01  Camera Level 1 Entry 2 Counts 	= In:0, Out:0
09:00:01  Camera Level 1 Lift Counts 	= In:0, Out:0
09:00:01  Camera Level 2 Main Entry Counts 	= In:0, Out:0
09:00:01  Camera Level 2 Lift Counts 	= In:0, Out:0
09:00:01  Camera Shop A Counts 	= In:0, Out:0
09:00:01  Camera Level 0 Entry Counts 	= In:0, Out:0
09:00:01  Camera Science Centre Entry Counts 	= In:0, Out:0
09:00:01  Camera Cafe Entry Counts 	= In:0, Out:0
09:00:02  Starting main data collection loop.
09:00:05  Zone: Zone1                    	0	0	0
09:00:05  Zone: Zone2                    	0	0	0
09:00:05  Logging to daily summary: "09:00 0 0 0 0 0 0"
09:00:05  Service running OK
09:00:08  Science Centre Entry: Connect Success (9) (serial num:2158593773)
09:00:09  Science Centre Entry: MAC:00-21-AC-00-30-1F IP Firmware:4.0.2.30311 Monitor Firmware:42.4.0.404
09:00:15  Science Centre Entry: Status msgs: 0,0
09:00:16  Science Centre Entry: Current DeviceID: DefaultID
09:00:29  Level 1 Lift: Connect Success (3) (serial num:2158593853)
09:00:30  Level 1 Lift: MAC:00-21-AC-00-30-1A IP Firmware:4.0.2.30311 Monitor Firmware:42.4.0.404
09:00:33  Level 2 Main Entry: Connect Success (4) (serial num:2158593780)
09:00:34  Level 2 Lift: Connect Success (5) (serial num:2158593872)
09:00:34  Cafe Entry: Connect Success (9) (serial num:2158593785)
09:00:35  Shop A: Connect Success (6) (serial num:2158593779)
09:00:35  Level 2 Main Entry: MAC:00-21-AC-00-30-D9 IP Firmware:4.0.2.30311 Monitor Firmware:42.4.0.404
09:00:35  Level 2 Lift: MAC:00-21-AC-00-2F-8C IP Firmware:4.0.2.30311 Monitor Firmware:42.4.0.404
09:00:35  Cafe Entry: MAC:00-21-AC-00-30-14 IP Firmware:4.0.2.30311 Monitor Firmware:42.4.0.404
09:00:35  Shop A: MAC:00-21-AC-00-30-21 IP Firmware:4.0.2.30311 Monitor Firmware:42.4.0.404
09:00:36  Level 1 Lift: Status msgs: 0,0
09:00:36  Level 1 Lift: Current DeviceID: DefaultID
09:00:37  Level 2 Lift: Status msgs: 0,0
09:00:37  Cafe Entry: Status msgs: 0,0
09:00:37  Level 2 Main Entry: Status msgs: 0,0
09:00:37  Shop A: Status msgs: 0,0
09:00:37  Level 2 Lift: Current DeviceID: DefaultID
09:00:37  Cafe Entry: Current DeviceID: DefaultID
09:00:37  Level 2 Main Entry: Current DeviceID: DefaultID
09:00:37  Shop A: Current DeviceID: DefaultID
09:00:40  Level 1 Entry 2: Connect Success (2) (serial num:2158593777)
09:00:40  Level 1 Entry 2: MAC:00-21-AC-00-30-3B IP Firmware:4.0.2.30311 Monitor Firmware:42.4.0.404
09:00:43  Level 1 Entry 2: Status msgs: 0,0
09:00:43  Level 1 Entry 2: Current DeviceID: DefaultID
09:00:47  Level 0 Entry: Connect Success (7) (serial num:2158593790)
09:00:48  Level 0 Entry: MAC:00-21-AC-00-30-38 IP Firmware:4.0.2.30311 Monitor Firmware:42.4.0.404
09:00:54  Level 0 Entry: Status msgs: 0,0
09:00:54  Level 0 Entry: Current DeviceID: DefaultID
09:02:19  Initial Camera Science Centre Entry Counts 	= In:34, Out:34
09:02:23  Science Centre Entry: Date last reset in registry is not today (reset required): 23/04/13
09:02:23  Attempting to reset counts for IrisysIP Camera Science Centre Entry
09:03:18  Science Centre Entry: InCountCorrection set in registry to: 0
09:03:18  Science Centre Entry: OutCountCorrection set in registry to: 0
09:03:19  Science Centre Entry: has reset camera
09:03:19  Initial Camera Level 1 Lift Counts 	= In:2, Out:2
09:03:19  Camera: Science Centre Entry - Counts are now valid.
09:03:19  Initial Camera Level 2 Lift Counts 	= In:3, Out:3
09:03:19  Initial Camera Level 2 Main Entry Counts 	= In:1, Out:5
09:03:19  Initial Camera Cafe Entry Counts 	= In:7, Out:10
09:03:19  Initial Camera Shop A Counts 	= In:1, Out:3
09:03:19  Initial Camera Level 1 Entry 2 Counts 	= In:352, Out:248
09:03:19  Initial Camera Level 0 Entry Counts 	= In:89, Out:14
09:03:20  Zone: Zone2 - Counts are now valid.
09:03:23  Level 2 Lift: Date last reset in registry is not today (reset required): 23/04/13
09:03:23  Level 1 Lift: Date last reset in registry is not today (reset required): 23/04/13
09:03:23  Level 2 Main Entry: Date last reset in registry is not today (reset required): 23/04/13
09:03:23  Cafe Entry: Date last reset in registry is not today (reset required): 23/04/13
09:03:23  Shop A: Date last reset in registry is not today (reset required): 23/04/13
09:03:23  Level 1 Entry 2: Date last reset in registry is not today (reset required): 23/04/13
09:03:23  Level 0 Entry: Date last reset in registry is not today (reset required): 23/04/13
09:03:23  Attempting to reset counts for IrisysIP Camera Level 2 Lift
09:03:23  Attempting to reset counts for IrisysIP Camera Level 1 Lift
09:03:23  Attempting to reset counts for IrisysIP Camera Level 2 Main Entry
09:03:23  Attempting to reset counts for IrisysIP Camera Cafe Entry
09:03:23  Attempting to reset counts for IrisysIP Camera Shop A
09:03:23  Attempting to reset counts for IrisysIP Camera Level 1 Entry 2
09:03:23  Attempting to reset counts for IrisysIP Camera Level 0 Entry
09:03:40  Level 2 Lift: InCountCorrection set in registry to: 0
09:03:40  Level 2 Lift: OutCountCorrection set in registry to: 0
09:03:41  Level 2 Lift: has reset camera
09:03:41  Camera: Level 2 Lift - Counts are now valid.
09:03:42  Level 1 Lift: InCountCorrection set in registry to: 0
09:03:42  Level 1 Lift: OutCountCorrection set in registry to: 0
09:03:43  Level 1 Lift: has reset camera
09:03:43  Camera: Level 1 Lift - Counts are now valid.
09:03:44  Level 2 Main Entry: InCountCorrection set in registry to: 0
09:03:44  Level 2 Main Entry: OutCountCorrection set in registry to: 0
09:03:45  Level 2 Main Entry: has reset camera
09:03:45  Camera: Level 2 Main Entry - Counts are now valid.
09:03:46  Cafe Entry: InCountCorrection set in registry to: 0
09:03:46  Cafe Entry: OutCountCorrection set in registry to: 0
09:03:47  Cafe Entry: has reset camera
09:03:47  Camera: Cafe Entry - Counts are now valid.
09:03:47  Shop A: InCountCorrection set in registry to: 0
09:03:47  Shop A: OutCountCorrection set in registry to: 0
09:03:49  Shop A: has reset camera
09:03:49  Camera: Shop A - Counts are now valid.
09:03:49  Level 1 Entry 2: InCountCorrection set in registry to: 0
09:03:49  Level 1 Entry 2: OutCountCorrection set in registry to: 0
09:03:50  Level 1 Entry 2: has reset camera
09:03:50  Camera: Level 1 Entry 2 - Counts are now valid.
09:03:57  Level 0 Entry: InCountCorrection set in registry to: 0
09:03:57  Level 0 Entry: OutCountCorrection set in registry to: 0
09:03:58  Level 0 Entry: has reset camera
09:03:58  Camera: Level 0 Entry - Counts are now valid.
09:04:21  Camera: Science Centre Entry                    	0	0
09:04:21  Science Centre Entry IrisysIP camera has reset
09:04:42  Camera: Level 2 Lift                            	0	0
09:04:42  Level 2 Lift IrisysIP camera has reset
09:04:44  Camera: Level 1 Lift                            	0	0
09:04:44  Level 1 Lift IrisysIP camera has reset
09:04:46  Camera: Level 2 Main Entry                      	0	0
09:04:46  Level 2 Main Entry IrisysIP camera has reset
09:04:48  Camera: Cafe Entry                              	0	0
09:04:48  Cafe Entry IrisysIP camera has reset
09:04:50  Camera: Shop A                                  	0	0
09:04:50  Shop A IrisysIP camera has reset
09:04:51  Camera: Level 1 Entry 2                         	0	0
09:04:51  Level 1 Entry 2 IrisysIP camera has reset
09:05:00  Camera: Level 0 Entry                           	1	0
09:05:04  Zone: Zone1                    	1	0	1
09:05:22  Camera: Science Centre Entry                    	0	1
09:05:35  Zone: Zone2                    	0	0	0	Net-count has gone negative (-1).  Resetting to zero. (No Balancing Zone)
09:06:01  Camera: Level 0 Entry                           	2	0
09:06:07  Zone: Zone1                    	2	0	2
09:06:23  Camera: Science Centre Entry                    	1	1
09:06:38  Zone: Zone2                    	1	0	1
09:07:02  Camera: Level 0 Entry                           	4	0
09:07:10  Zone: Zone1                    	4	0	4
09:08:03  Camera: Level 0 Entry                           	5	0
09:08:03  Zone: Zone1                    	5	0	5
09:10:05  Camera: Level 0 Entry                           	6	0
09:10:07  Zone: Zone1                    	6	0	6
09:12:29  Camera: Science Centre Entry                    	1	4
09:12:29  Zone: Zone2                    	1	1	0	Net-count has gone negative (-2).  Resetting to zero. (No Balancing Zone)
09:12:29  Zone: Zone2                    	1	1	0
09:13:08  Camera: Level 0 Entry                           	8	0
09:13:21  Zone: Zone1                    	8	0	8
09:13:30  Camera: Science Centre Entry                    	1	7
09:13:37  Zone: Zone2                    	1	1	0	Net-count has gone negative (-3).  Resetting to zero. (No Balancing Zone)
09:14:09  Camera: Level 0 Entry                           	9	0
09:14:11  Zone: Zone1                    	9	0	9
09:15:06  Service running OK
09:15:10  Camera: Level 0 Entry                           	11	0
09:15:21  Zone: Zone1                    	11	0	11
09:15:32  Camera: Science Centre Entry                    	1	8
09:15:37  Zone: Zone2                    	1	1	0	Net-count has gone negative (-1).  Resetting to zero. (No Balancing Zone)
09:16:34  Camera: Science Centre Entry                    	4	8
09:16:47  Zone: Zone2                    	4	1	3
09:17:12  Camera: Level 0 Entry                           	11	1
09:17:21  Zone: Zone1                    	11	1	10
09:17:35  Camera: Science Centre Entry                    	4	9
09:17:37  Zone: Zone2                    	4	2	2
09:18:14  Camera: Level 0 Entry                           	12	1
09:18:29  Zone: Zone1                    	12	1	11
09:19:15  Camera: Level 0 Entry                           	13	1
09:19:21  Zone: Zone1                    	13	1	12
09:22:18  Camera: Level 0 Entry                           	14	2
09:22:19  Zone: Zone1                    	14	2	12
09:24:20  Camera: Level 0 Entry                           	16	4
09:24:23  Zone: Zone1                    	16	4	12
09:27:23  Camera: Level 0 Entry                           	17	4
09:27:23  Zone: Zone1                    	17	4	13
09:29:48  Camera: Science Centre Entry                    	4	10
09:30:03  Zone: Zone2                    	4	3	1
09:30:03  Logging to daily summary: "09:30 17 4 7 4 3 1"
09:30:03  Service running OK
09:30:27  Camera: Level 0 Entry                           	19	4
09:30:37  Zone: Zone1                    	19	4	15
09:31:28  Camera: Level 0 Entry                           	20	4
09:31:29  Zone: Zone1                    	20	4	16
09:31:50  Camera: Science Centre Entry                    	5	11
09:32:03  Zone: Zone2                    	5	4	1
09:32:11  Camera: Level 2 Lift                            	2	7
09:32:15  Camera: Level 2 Main Entry                      	6	0
09:32:19  Camera: Shop A                                  	2	0
09:32:19  Zone: Zone1                    	30	11	19
09:32:51  Camera: Science Centre Entry                    	5	12
09:33:06  Zone: Zone2                    	5	5	0
09:33:16  Camera: Level 2 Main Entry                      	9	1
09:33:22  Zone: Zone1                    	33	12	21
09:33:52  Camera: Science Centre Entry                    	6	12
09:33:56  Zone: Zone2                    	6	5	1
09:34:21  Camera: Shop A                                  	4	0
09:34:30  Zone: Zone1                    	35	12	23
09:34:53  Camera: Science Centre Entry                    	8	12
09:35:04  Zone: Zone2                    	8	5	3
09:35:22  Camera: Shop A                                  	14	0
09:35:22  Zone: Zone1                    	45	12	33
09:35:32  Camera: Level 0 Entry                           	20	5
09:35:38  Zone: Zone1                    	45	13	32
09:35:54  Camera: Science Centre Entry                    	8	14
09:35:54  Zone: Zone2                    	8	7	1
09:36:16  Camera: Level 2 Lift                            	5	7
09:36:23  Camera: Shop A                                  	16	4
09:36:25  Camera: Level 1 Entry 2                         	1	0
09:36:28  Zone: Zone1                    	51	17	34
09:36:33  Camera: Level 0 Entry                           	21	5
09:36:44  Zone: Zone1                    	52	17	35
09:37:20  Camera: Level 2 Main Entry                      	10	1
09:37:22  Camera: Cafe Entry                              	1	0
09:37:24  Camera: Shop A                                  	22	4
09:37:26  Camera: Level 1 Entry 2                         	4	0
09:37:31  Zone: Zone1                    	63	17	46
09:37:34  Camera: Level 0 Entry                           	21	6
09:37:46  Zone: Zone1                    	63	18	45
09:38:18  Camera: Level 2 Lift                            	8	7
09:38:18  Zone: Zone1                    	66	18	48
09:38:22  Camera: Level 2 Main Entry                      	15	1
09:38:23  Camera: Cafe Entry                              	5	0
09:38:34  Zone: Zone1                    	75	18	57
09:38:35  Camera: Level 0 Entry                           	21	7
09:38:49  Zone: Zone1                    	75	19	56
09:39:19  Camera: Level 2 Lift                            	9	9
09:39:21  Camera: Level 1 Lift                            	2	0
09:39:21  Zone: Zone1                    	78	21	57
09:39:23  Camera: Level 2 Main Entry                      	17	1
09:39:25  Camera: Cafe Entry                              	5	1
09:39:28  Camera: Level 1 Entry 2                         	4	2
09:39:36  Camera: Level 0 Entry                           	23	7
09:39:37  Zone: Zone1                    	82	24	58
09:40:24  Camera: Level 2 Main Entry                      	18	1
09:40:24  Zone: Zone1                    	83	24	59
09:40:29  Camera: Level 1 Entry 2                         	6	2
09:40:37  Camera: Level 0 Entry                           	24	7
09:40:39  Zone: Zone1                    	86	24	62
09:41:27  Camera: Cafe Entry                              	6	1
09:41:27  Zone: Zone1                    	87	24	63
09:41:28  Camera: Shop A                                  	24	7
09:41:38  Camera: Level 0 Entry                           	26	7
09:41:42  Zone: Zone1                    	91	27	64
09:42:01  Camera: Science Centre Entry                    	10	14
09:42:14  Zone: Zone2                    	10	7	3
09:43:02  Camera: Science Centre Entry                    	11	14
09:43:06  Zone: Zone2                    	11	7	4
09:43:32  Camera: Level 1 Entry 2                         	8	2
09:43:40  Zone: Zone1                    	93	27	66
09:43:41  Camera: Level 0 Entry                           	26	8
09:43:56  Zone: Zone1                    	93	28	65
09:44:03  Camera: Science Centre Entry                    	11	15
09:44:12  Zone: Zone2                    	11	8	3
09:44:28  Camera: Level 2 Main Entry                      	19	1
09:44:28  Zone: Zone1                    	94	28	66
09:44:34  Camera: Level 1 Entry 2                         	10	2
09:44:44  Zone: Zone1                    	96	28	68
09:45:02  Service running OK
09:45:04  Camera: Science Centre Entry                    	12	19
09:45:17  Zone: Zone2                    	12	12	0
09:45:26  Camera: Level 2 Lift                            	9	10
09:45:29  Camera: Level 2 Main Entry                      	20	1
09:45:31  Camera: Cafe Entry                              	10	3
09:45:33  Camera: Shop A                                  	25	9
09:45:33  Zone: Zone1                    	102	33	69
09:45:35  Camera: Level 1 Entry 2                         	11	2
09:45:43  Camera: Level 0 Entry                           	26	9
09:45:49  Zone: Zone1                    	103	34	69
09:46:05  Camera: Science Centre Entry                    	13	20
09:46:20  Zone: Zone2                    	13	13	0
09:46:27  Camera: Level 2 Lift                            	9	11
09:46:36  Zone: Zone1                    	103	35	68
09:46:37  Camera: Shop A                                  	30	10
09:46:37  Level 1 Lift: Counts less than previous. (In:0, Out:0, OldRawIn:0, OldRawOut:0, OldIn:2, OldOut:0, CorrIn:0, CorrOut:0)
09:46:37  Level 1 Lift: InCountCorrection set in registry to: 2
09:46:37  Level 1 Lift: OutCountCorrection set in registry to: 0
09:46:52  Zone: Zone1                    	108	36	72
09:47:06  Camera: Science Centre Entry                    	14	21
09:47:07  Zone: Zone2                    	14	14	0
09:47:28  Camera: Level 2 Lift                            	10	12
09:47:33  Camera: Cafe Entry                              	12	3
09:47:38  Camera: Shop A                                  	34	10
09:47:39  Zone: Zone1                    	115	37	78
09:48:07  Camera: Science Centre Entry                    	16	22
09:48:10  Zone: Zone2                    	16	15	1
09:48:29  Camera: Level 2 Lift                            	13	13
09:48:32  Camera: Level 2 Main Entry                      	20	3
09:48:40  Camera: Shop A                                  	36	11
09:48:42  Zone: Zone1                    	120	41	79
09:49:08  Camera: Science Centre Entry                    	17	23
09:49:13  Zone: Zone2                    	17	16	1
09:49:30  Camera: Level 2 Lift                            	13	16
09:49:35  Camera: Cafe Entry                              	13	3
09:49:42  Camera: Shop A                                  	37	15
09:49:45  Zone: Zone1                    	122	48	74
09:50:35  Camera: Level 2 Main Entry                      	20	4
09:50:43  Camera: Shop A                                  	44	18
09:50:50  Zone: Zone1                    	129	52	77
09:51:32  Camera: Level 2 Lift                            	18	16
09:51:36  Camera: Level 2 Main Entry                      	21	4
09:51:40  Zone: Zone1                    	135	52	83
09:51:45  Camera: Shop A                                  	46	21
09:51:49  Camera: Level 0 Entry                           	27	9
09:51:56  Zone: Zone1                    	138	55	83
09:52:11  Camera: Science Centre Entry                    	17	24
09:52:12  Zone: Zone2                    	17	17	0
09:52:37  Camera: Level 2 Main Entry                      	26	4
09:52:39  Camera: Cafe Entry                              	14	3
09:52:43  Zone: Zone1                    	144	55	89
09:52:50  Camera: Level 0 Entry                           	30	10
09:52:59  Zone: Zone1                    	147	56	91
09:53:12  Camera: Science Centre Entry                    	19	24
09:53:15  Zone: Zone2                    	19	17	2
09:53:34  Camera: Level 2 Lift                            	23	17
09:53:38  Camera: Level 2 Main Entry                      	30	5
09:53:46  Zone: Zone1                    	156	58	98
09:53:48  Camera: Level 1 Entry 2                         	12	2
09:53:48  Camera: Shop A                                  	46	23
09:54:02  Zone: Zone1                    	157	60	97
09:54:13  Camera: Science Centre Entry                    	19	28
09:54:18  Zone: Zone2                    	19	19	0	Net-count has gone negative (-2).  Resetting to zero. (No Balancing Zone)
09:54:18  Zone: Zone2                    	19	19	0
09:54:39  Camera: Level 2 Main Entry                      	31	5
09:54:41  Camera: Cafe Entry                              	15	4
09:54:49  Zone: Zone1                    	159	61	98
09:54:49  Camera: Level 1 Entry 2                         	19	2
09:54:49  Camera: Level 1 Lift                            	3	0
09:54:50  Camera: Shop A                                  	46	24
09:55:05  Zone: Zone1                    	167	62	105
09:55:36  Camera: Level 2 Lift                            	26	17
09:55:40  Camera: Level 2 Main Entry                      	42	6
09:55:42  Camera: Cafe Entry                              	15	5
09:55:51  Camera: Shop A                                  	46	27
09:55:52  Zone: Zone1                    	181	67	114
09:56:16  Camera: Science Centre Entry                    	21	32
09:56:23  Zone: Zone2                    	21	21	0	Net-count has gone negative (-2).  Resetting to zero. (No Balancing Zone)
09:56:23  Zone: Zone2                    	21	21	0
09:56:41  Camera: Level 2 Main Entry                      	44	6
09:56:43  Camera: Cafe Entry                              	16	5
09:56:53  Camera: Shop A                                  	46	29
09:56:55  Zone: Zone1                    	184	69	115
09:57:17  Camera: Science Centre Entry                    	21	33
09:57:27  Zone: Zone2                    	21	21	0	Net-count has gone negative (-1).  Resetting to zero. (No Balancing Zone)
09:57:44  Camera: Cafe Entry                              	16	7
09:57:55  Camera: Shop A                                  	49	30
09:57:56  Camera: Level 0 Entry                           	30	12
09:57:58  Zone: Zone1                    	187	74	113
09:59:19  Camera: Science Centre Entry                    	21	41
09:59:21  Zone: Zone2                    	21	21	0	Net-count has gone negative (-8).  Resetting to zero. (No Balancing Zone)
09:59:41  Camera: Level 2 Lift                            	30	17
09:59:44  Camera: Level 2 Main Entry                      	44	7
09:59:46  Camera: Cafe Entry                              	17	8
09:59:55  Zone: Zone1                    	192	76	116
10:00:11  Logging to daily summary: "10:00 175 72 67 17 18 1"
10:00:11  Service running OK
10:00:20  Camera: Science Centre Entry                    	22	43
10:00:27  Zone: Zone2                    	22	22	0	Net-count has gone negative (-1).  Resetting to zero. (No Balancing Zone)
10:00:27  Zone: Zone2                    	22	22	0
10:00:42  Camera: Level 2 Lift                            	32	17
10:00:42  Zone: Zone1                    	194	76	118
10:00:45  Camera: Level 2 Main Entry                      	46	7
10:00:47  Camera: Cafe Entry                              	20	9
10:00:58  Zone: Zone1                    	199	77	122
10:01:00  Camera: Level 0 Entry                           	32	12
10:01:01  Camera: Shop A                                  	49	31
10:01:14  Zone: Zone1                    	201	78	123
10:01:21  Camera: Science Centre Entry                    	23	45
10:01:30  Zone: Zone2                    	23	23	0	Net-count has gone negative (-1).  Resetting to zero. (No Balancing Zone)
10:01:30  Zone: Zone2                    	23	23	0
10:01:46  Camera: Level 2 Main Entry                      	47	7
10:02:01  Zone: Zone1                    	202	78	124
10:02:02  Camera: Level 0 Entry                           	33	12
10:02:02  Camera: Level 1 Entry 2                         	21	2
10:02:17  Zone: Zone1                    	205	78	127
10:02:22  Camera: Science Centre Entry                    	24	47
10:02:33  Zone: Zone2                    	24	24	0	Net-count has gone negative (-1).  Resetting to zero. (No Balancing Zone)
10:02:33  Zone: Zone2                    	24	24	0
10:02:44  Camera: Level 2 Lift                            	32	19
10:02:47  Camera: Level 2 Main Entry                      	47	10
10:02:48  Zone: Zone1                    	205	83	122
10:02:49  Camera: Cafe Entry                              	22	10
10:03:03  Camera: Shop A                                  	50	31
10:03:04  Camera: Level 1 Entry 2                         	22	2
10:03:04  Zone: Zone1                    	209	84	125
10:03:23  Camera: Science Centre Entry                    	25	47
10:03:35  Zone: Zone2                    	25	24	1
10:03:49  Camera: Level 2 Main Entry                      	47	11
10:03:50  Camera: Cafe Entry                              	23	13
10:03:51  Zone: Zone1                    	210	88	122
10:04:24  Camera: Science Centre Entry                    	26	47
10:04:39  Zone: Zone2                    	26	24	2
10:04:50  Camera: Level 2 Main Entry                      	48	13
10:04:51  Camera: Cafe Entry                              	24	15
10:04:54  Zone: Zone1                    	212	92	120
10:05:07  Camera: Level 1 Entry 2                         	23	5
10:05:07  Camera: Shop A                                  	50	32
10:05:10  Zone: Zone1                    	213	96	117
10:05:25  Camera: Science Centre Entry                    	26	52
10:05:26  Zone: Zone2                    	26	26	0	Net-count has gone negative (-3).  Resetting to zero. (No Balancing Zone)
10:05:26  Zone: Zone2                    	26	26	0
10:05:51  Camera: Level 2 Main Entry                      	50	13
10:05:53  Camera: Cafe Entry                              	26	19
10:05:57  Zone: Zone1                    	217	100	117
10:06:08  Camera: Level 0 Entry                           	35	12
10:06:08  Camera: Shop A                                  	50	34
10:06:13  Zone: Zone1                    	219	102	117
10:06:26  Camera: Science Centre Entry                    	26	53
10:06:29  Zone: Zone2                    	26	26	0	Net-count has gone negative (-1).  Resetting to zero. (No Balancing Zone)
10:06:52  Camera: Level 2 Main Entry                      	51	14
10:06:54  Camera: Cafe Entry                              	27	20
10:07:00  Zone: Zone1                    	221	104	117
10:07:09  Camera: Level 1 Entry 2                         	30	5
10:07:10  Camera: Shop A                                  	52	34
10:07:10  Camera: Level 0 Entry                           	36	13
10:07:16  Zone: Zone1                    	231	105	126
10:07:27  Camera: Science Centre Entry                    	26	54
10:07:32  Zone: Zone2                    	26	26	0	Net-count has gone negative (-1).  Resetting to zero. (No Balancing Zone)
10:07:49  Camera: Level 2 Lift                            	33	19
10:07:55  Camera: Cafe Entry                              	27	21
10:08:03  Zone: Zone1                    	232	106	126
10:08:11  Camera: Shop A                                  	52	37
10:08:11  Camera: Level 0 Entry                           	47	15
10:08:19  Zone: Zone1                    	243	111	132
10:08:29  Camera: Science Centre Entry                    	27	55
10:08:35  Zone: Zone2                    	27	27	0
10:08:54  Camera: Level 2 Main Entry                      	51	16
10:08:56  Camera: Cafe Entry                              	27	22
10:09:06  Zone: Zone1                    	243	114	129
10:09:12  Camera: Shop A                                  	53	38
10:09:13  Camera: Level 0 Entry                           	50	16
10:09:22  Zone: Zone1                    	247	116	131
10:09:30  Camera: Science Centre Entry                    	28	57
10:09:38  Zone: Zone2                    	28	28	0	Net-count has gone negative (-1).  Resetting to zero. (No Balancing Zone)
10:09:38  Zone: Zone2                    	28	28	0
10:09:55  Camera: Level 2 Main Entry                      	52	16
10:10:09  Zone: Zone1                    	248	116	132
10:10:14  Camera: Level 0 Entry                           	90	17
10:10:14  Camera: Shop A                                  	53	39
10:10:25  Zone: Zone1                    	288	118	170
10:10:56  Camera: Level 2 Main Entry                      	54	16
10:10:56  Zone: Zone1                    	290	118	172
10:11:32  Camera: Science Centre Entry                    	30	61
10:11:46  Zone: Zone2                    	30	30	0	Net-count has gone negative (-2).  Resetting to zero. (No Balancing Zone)
10:11:46  Zone: Zone2                    	30	30	0
10:11:54  Camera: Level 2 Lift                            	34	19
10:11:59  Camera: Cafe Entry                              	28	24
10:12:02  Zone: Zone1                    	292	120	172
10:12:17  Camera: Level 0 Entry                           	106	19
10:12:18  Camera: Shop A                                  	54	39
10:12:18  Zone: Zone1                    	309	122	187
10:12:33  Camera: Science Centre Entry                    	30	64
10:12:34  Zone: Zone2                    	30	30	0	Net-count has gone negative (-3).  Resetting to zero. (No Balancing Zone)
10:12:58  Camera: Level 2 Main Entry                      	56	16
10:13:00  Camera: Cafe Entry                              	30	26
10:13:05  Zone: Zone1                    	313	124	189
10:13:19  Camera: Shop A                                  	54	40
10:13:19  Camera: Level 0 Entry                           	124	20
10:13:21  Zone: Zone1                    	331	126	205
10:13:34  Camera: Science Centre Entry                    	33	64
10:13:37  Zone: Zone2                    	33	30	3
10:14:01  Camera: Cafe Entry                              	31	27
10:14:08  Zone: Zone1                    	332	127	205
10:14:21  Camera: Level 0 Entry                           	160	21
10:14:24  Zone: Zone1                    	368	128	240
10:14:35  Camera: Science Centre Entry                    	33	70
10:14:40  Zone: Zone2                    	33	33	0	Net-count has gone negative (-3).  Resetting to zero. (No Balancing Zone)
10:14:40  Zone: Zone2                    	33	33	0
10:15:00  Camera: Level 2 Main Entry                      	58	16
10:15:13  Zone: Zone1                    	370	128	242
10:15:13  Service running OK
10:15:22  Camera: Shop A                                  	55	40
10:15:29  Zone: Zone1                    	371	128	243
10:15:36  Camera: Science Centre Entry                    	34	72
10:15:45  Zone: Zone2                    	34	34	0	Net-count has gone negative (-1).  Resetting to zero. (No Balancing Zone)
10:15:45  Zone: Zone2                    	34	34	0
10:16:02  Camera: Level 2 Main Entry                      	59	17
10:16:02  Zone: Zone1                    	372	129	243
10:16:14  Camera: Level 1 Lift                            	5	0
10:16:17  Zone: Zone1                    	374	129	245
10:17:04  Camera: Cafe Entry                              	32	31
10:17:09  Zone: Zone1                    	375	133	242
10:17:15  Camera: Level 1 Lift                            	6	0
10:17:25  Zone: Zone1                    	376	133	243
10:17:25  Camera: Shop A                                  	59	40
10:17:38  Camera: Science Centre Entry                    	35	73
10:17:41  Zone: Zone1                    	380	133	247
10:17:41  Zone: Zone2                    	35	35	0
10:18:39  Camera: Science Centre Entry                    	38	76
10:18:48  Zone: Zone2                    	38	38	0
10:19:07  Camera: Cafe Entry                              	32	32
10:19:22  Zone: Zone1                    	380	134	246
10:19:40  Camera: Science Centre Entry                    	40	78
10:19:40  Zone: Zone2                    	40	40	0
10:20:02  Camera: Level 2 Lift                            	36	19
10:20:06  Camera: Level 2 Main Entry                      	60	17
10:20:14  Zone: Zone1                    	383	134	249
10:20:41  Camera: Science Centre Entry                    	40	79
10:20:46  Zone: Zone2                    	40	40	0	Net-count has gone negative (-1).  Resetting to zero. (No Balancing Zone)
10:21:31  Camera: Shop A                                  	60	40
10:21:32  Camera: Level 1 Entry 2                         	31	5
10:21:37  Zone: Zone1                    	385	134	251
10:22:04  Camera: Level 2 Lift                            	37	19
10:22:08  Camera: Level 2 Main Entry                      	60	19
10:22:09  Zone: Zone1                    	386	136	250
10:22:33  Camera: Shop A                                  	62	42
10:22:40  Zone: Zone1                    	388	138	250
10:22:44  Camera: Science Centre Entry                    	40	80
10:22:56  Zone: Zone2                    	40	40	0	Net-count has gone negative (-1).  Resetting to zero. (No Balancing Zone)
10:23:09  Camera: Level 2 Main Entry                      	63	20
10:23:11  Camera: Cafe Entry                              	33	32
10:23:12  Zone: Zone1                    	392	139	253
10:23:35  Camera: Shop A                                  	63	46
10:23:43  Zone: Zone1                    	393	143	250
10:23:45  Camera: Science Centre Entry                    	40	81
10:23:59  Zone: Zone2                    	40	40	0	Net-count has gone negative (-1).  Resetting to zero. (No Balancing Zone)
10:24:36  Camera: Level 1 Entry 2                         	31	6
10:24:36  Camera: Shop A                                  	63	49
10:24:51  Zone: Zone1                    	393	147	246
10:25:08  Camera: Level 2 Lift                            	39	19
10:25:11  Camera: Level 2 Main Entry                      	63	21
10:25:13  Camera: Cafe Entry                              	34	34
10:25:23  Zone: Zone1                    	396	150	246
10:25:38  Camera: Level 1 Entry 2                         	33	8
10:25:38  Zone: Zone1                    	398	152	246
10:26:14  Camera: Cafe Entry                              	36	35
10:26:26  Zone: Zone1                    	400	153	247
10:26:48  Camera: Science Centre Entry                    	41	83
10:26:59  Zone: Zone2                    	41	41	0	Net-count has gone negative (-1).  Resetting to zero. (No Balancing Zone)
10:26:59  Zone: Zone2                    	41	41	0
10:27:15  Camera: Cafe Entry                              	36	36
10:27:15  Zone: Zone1                    	400	154	246
10:27:40  Camera: Shop A                                  	64	49
10:27:49  Camera: Science Centre Entry                    	42	84
10:27:49  Zone: Zone1                    	401	154	247
10:27:49  Zone: Zone2                    	42	42	0
10:28:42  Camera: Shop A                                  	69	56
10:28:50  Camera: Science Centre Entry                    	44	84
10:28:57  Zone: Zone1                    	406	161	245
10:28:57  Zone: Zone2                    	44	42	2
10:29:44  Camera: Shop A                                  	70	56
10:29:47  Zone: Zone1                    	407	161	246
10:29:51  Camera: Science Centre Entry                    	49	85
10:30:03  Zone: Zone2                    	49	43	6
10:30:03  Logging to daily summary: "10:30 215 85 197 28 22 0"
10:30:03  Service running OK
10:30:17  Camera: Level 2 Main Entry                      	65	21
10:30:18  Camera: Cafe Entry                              	41	36
10:30:19  Zone: Zone1                    	414	161	253
10:30:45  Camera: Shop A                                  	73	56
10:30:50  Zone: Zone1                    	417	161	256
10:30:52  Camera: Science Centre Entry                    	53	91
10:31:06  Zone: Zone2                    	53	49	4
10:31:19  Camera: Cafe Entry                              	44	36
10:31:22  Zone: Zone1                    	420	161	259
10:31:47  Camera: Shop A                                  	76	56
10:31:47  Camera: Level 1 Entry 2                         	43	13
10:31:53  Camera: Science Centre Entry                    	54	120
10:31:56  Zone: Zone1                    	433	166	267
10:31:56  Zone: Zone2                    	54	54	0	Net-count has gone negative (-24).  Resetting to zero. (No Balancing Zone)
10:31:56  Zone: Zone2                    	54	54	0
10:32:19  Camera: Level 2 Main Entry                      	68	22
10:32:21  Camera: Cafe Entry                              	47	41
10:32:28  Zone: Zone1                    	439	172	267
10:32:54  Camera: Science Centre Entry                    	55	121
10:32:59  Zone: Zone2                    	55	55	0
10:33:16  Camera: Level 2 Lift                            	44	20
10:33:20  Camera: Level 2 Main Entry                      	69	22
10:33:22  Camera: Cafe Entry                              	48	41
10:33:31  Zone: Zone1                    	446	173	273
10:33:49  Camera: Shop A                                  	79	57
10:33:50  Camera: Level 1 Entry 2                         	43	16
10:33:56  Camera: Science Centre Entry                    	56	122
10:34:02  Zone: Zone1                    	449	177	272
10:34:02  Zone: Zone2                    	56	56	0
10:34:21  Camera: Level 2 Main Entry                      	71	23
10:34:34  Zone: Zone1                    	451	178	273
10:34:52  Camera: Level 0 Entry                           	161	24
10:35:05  Zone: Zone1                    	452	181	271
10:35:18  Camera: Level 2 Lift                            	49	20
10:35:21  Zone: Zone1                    	457	181	276
10:35:22  Camera: Level 2 Main Entry                      	74	23
10:35:24  Camera: Cafe Entry                              	50	43
10:35:37  Zone: Zone1                    	462	183	279
10:35:53  Camera: Level 0 Entry                           	162	26
10:35:58  Camera: Science Centre Entry                    	57	122
10:36:08  Zone: Zone1                    	463	185	278
10:36:08  Zone: Zone2                    	57	56	1
10:36:23  Camera: Level 2 Main Entry                      	75	23
10:36:24  Zone: Zone1                    	464	185	279
10:36:25  Camera: Cafe Entry                              	51	47
10:36:40  Zone: Zone1                    	465	189	276
10:36:54  Camera: Level 1 Entry 2                         	48	16
10:36:55  Zone: Zone1                    	470	189	281
10:36:59  Camera: Science Centre Entry                    	57	123
10:37:11  Zone: Zone2                    	57	57	0
10:37:26  Camera: Cafe Entry                              	52	53
10:37:27  Zone: Zone1                    	471	195	276
10:37:56  Camera: Shop A                                  	79	59
10:37:57  Camera: Level 1 Entry 2                         	49	18
10:38:00  Camera: Science Centre Entry                    	57	125
10:38:00  Zone: Zone1                    	472	199	273
10:38:00  Zone: Zone2                    	57	57	0	Net-count has gone negative (-2).  Resetting to zero. (No Balancing Zone)
10:38:25  Camera: Level 2 Main Entry                      	77	23
10:38:27  Camera: Cafe Entry                              	56	56
10:38:32  Zone: Zone1                    	478	202	276
10:38:57  Camera: Shop A                                  	79	61
10:38:58  Camera: Level 1 Entry 2                         	51	18
10:39:01  Camera: Science Centre Entry                    	57	126
10:39:03  Zone: Zone1                    	480	204	276
10:39:03  Zone: Zone2                    	57	57	0	Net-count has gone negative (-1).  Resetting to zero. (No Balancing Zone)
10:39:26  Camera: Level 2 Main Entry                      	78	25
10:39:28  Camera: Cafe Entry                              	59	59
10:39:35  Zone: Zone1                    	484	209	275
10:39:59  Camera: Shop A                                  	80	62
10:40:06  Zone: Zone1                    	485	210	275
10:40:24  Camera: Level 2 Lift                            	52	20
10:40:27  Camera: Level 2 Main Entry                      	78	26
10:40:29  Camera: Cafe Entry                              	60	61
10:40:38  Zone: Zone1                    	489	213	276
10:41:01  Camera: Shop A                                  	81	67
10:41:03  Camera: Science Centre Entry                    	57	130
10:41:09  Zone: Zone1                    	490	218	272
10:41:09  Zone: Zone2                    	57	57	0	Net-count has gone negative (-4).  Resetting to zero. (No Balancing Zone)
10:41:28  Camera: Level 2 Main Entry                      	81	26
10:41:30  Camera: Cafe Entry                              	64	69
10:41:41  Zone: Zone1                    	497	226	271
10:42:02  Camera: Level 1 Entry 2                         	52	18
10:42:03  Camera: Shop A                                  	81	69
10:42:04  Camera: Science Centre Entry                    	61	135
10:42:12  Zone: Zone1                    	498	228	270
10:42:12  Zone: Zone2                    	61	61	0	Net-count has gone negative (-1).  Resetting to zero. (No Balancing Zone)
10:42:12  Zone: Zone2                    	61	61	0
10:42:30  Camera: Level 2 Main Entry                      	81	27
10:42:43  Zone: Zone1                    	498	229	269
10:43:03  Camera: Level 0 Entry                           	162	27
10:43:05  Camera: Science Centre Entry                    	61	136
10:43:15  Zone: Zone1                    	498	230	268
10:43:15  Zone: Zone2                    	61	61	0	Net-count has gone negative (-1).  Resetting to zero. (No Balancing Zone)
10:43:27  Camera: Level 2 Lift                            	53	20
10:43:31  Camera: Level 2 Main Entry                      	82	27
10:43:31  Zone: Zone1                    	500	230	270
10:43:32  Camera: Cafe Entry                              	64	71
10:43:46  Zone: Zone1                    	500	232	268
10:44:05  Camera: Level 0 Entry                           	163	27
10:44:06  Camera: Science Centre Entry                    	62	137
10:44:18  Zone: Zone1                    	501	232	269
10:44:18  Zone: Zone2                    	62	62	0
10:44:32  Camera: Level 2 Main Entry                      	83	27
10:44:34  Camera: Cafe Entry                              	64	73
10:44:34  Zone: Zone1                    	502	234	268
10:45:05  Service running OK
10:45:07  Camera: Shop A                                  	81	70
10:45:08  Camera: Science Centre Entry                    	62	138
10:45:21  Zone: Zone1                    	502	235	267
10:45:21  Zone: Zone2                    	62	62	0	Net-count has gone negative (-1).  Resetting to zero. (No Balancing Zone)
10:45:29  Camera: Level 2 Lift                            	53	21
10:45:35  Camera: Cafe Entry                              	67	76
10:45:37  Zone: Zone1                    	505	239	266
10:46:07  Camera: Level 0 Entry                           	165	31
10:46:08  Zone: Zone1                    	507	243	264
10:46:10  Camera: Level 1 Entry 2                         	53	18
10:46:24  Zone: Zone1                    	508	243	265
10:46:30  Camera: Level 2 Lift                            	53	22
10:46:34  Camera: Level 2 Main Entry                      	84	29
10:46:36  Camera: Cafe Entry                              	70	79
10:46:40  Zone: Zone1                    	512	249	263
10:47:10  Camera: Science Centre Entry                    	62	139
10:47:11  Zone: Zone2                    	62	62	0	Net-count has gone negative (-1).  Resetting to zero. (No Balancing Zone)
10:47:11  Camera: Shop A                                  	82	70
10:47:27  Zone: Zone1                    	513	249	264
10:47:35  Camera: Level 2 Main Entry                      	85	29
10:47:37  Camera: Cafe Entry                              	71	80
10:47:43  Zone: Zone1                    	515	250	265
10:48:09  Camera: Level 0 Entry                           	166	31
10:48:12  Camera: Science Centre Entry                    	62	141
10:48:14  Zone: Zone1                    	516	250	266
10:48:14  Zone: Zone2                    	62	62	0	Net-count has gone negative (-2).  Resetting to zero. (No Balancing Zone)
10:48:32  Camera: Level 2 Lift                            	55	22
10:48:38  Camera: Cafe Entry                              	73	81
10:48:46  Zone: Zone1                    	520	251	269
10:49:13  Camera: Level 1 Entry 2                         	53	19
10:49:14  Camera: Science Centre Entry                    	62	143
10:49:17  Zone: Zone1                    	520	252	268
10:49:17  Zone: Zone2                    	62	62	0	Net-count has gone negative (-2).  Resetting to zero. (No Balancing Zone)
10:49:37  Camera: Level 2 Main Entry                      	87	29
10:49:39  Camera: Cafe Entry                              	76	82
10:49:49  Zone: Zone1                    	525	253	272
10:50:16  Camera: Science Centre Entry                    	62	144
10:50:20  Zone: Zone2                    	62	62	0	Net-count has gone negative (-1).  Resetting to zero. (No Balancing Zone)
10:50:38  Camera: Level 2 Main Entry                      	93	31
10:50:38  Zone: Zone1                    	531	255	276
10:50:40  Camera: Cafe Entry                              	78	86
10:50:54  Zone: Zone1                    	533	259	274
10:51:12  Camera: Level 0 Entry                           	166	32
10:51:12  Zone: Zone1                    	533	260	273
10:51:16  Camera: Shop A                                  	82	73
10:51:17  Camera: Science Centre Entry                    	63	144
10:51:18  Camera: Level 1 Entry 2                         	57	20
10:51:28  Zone: Zone1                    	537	264	273
10:51:28  Zone: Zone2                    	63	62	1
10:51:41  Camera: Cafe Entry                              	79	87
10:51:44  Zone: Zone1                    	538	265	273
10:52:13  Camera: Level 0 Entry                           	170	32
10:52:15  Zone: Zone1                    	542	265	277
10:52:18  Camera: Science Centre Entry                    	64	148
10:52:19  Camera: Level 1 Entry 2                         	57	22
10:52:31  Zone: Zone1                    	542	267	275
10:52:31  Zone: Zone2                    	64	64	0	Net-count has gone negative (-2).  Resetting to zero. (No Balancing Zone)
10:52:31  Zone: Zone2                    	64	64	0
10:52:37  Camera: Level 2 Lift                            	56	22
10:52:40  Camera: Level 2 Main Entry                      	93	32
10:52:42  Camera: Cafe Entry                              	79	88
10:52:47  Zone: Zone1                    	543	269	274
10:54:42  Camera: Level 2 Main Entry                      	96	33
10:54:44  Zone: Zone1                    	546	270	276
10:55:17  Camera: Level 0 Entry                           	171	32
10:55:18  Zone: Zone1                    	547	270	277
10:55:23  Camera: Science Centre Entry                    	65	153
10:55:24  Camera: Level 1 Entry 2                         	60	22
10:55:34  Zone: Zone1                    	550	270	280
10:55:34  Zone: Zone2                    	65	65	0	Net-count has gone negative (-4).  Resetting to zero. (No Balancing Zone)
10:55:34  Zone: Zone2                    	65	65	0
10:55:40  Camera: Level 2 Lift                            	60	22
10:55:44  Camera: Level 2 Main Entry                      	98	33
10:55:50  Zone: Zone1                    	556	270	286
10:56:25  Camera: Science Centre Entry                    	66	153
10:56:26  Camera: Shop A                                  	84	75
10:56:37  Zone: Zone1                    	558	272	286
10:56:37  Zone: Zone2                    	66	65	1
10:56:41  Camera: Level 2 Lift                            	62	22
10:56:45  Camera: Level 2 Main Entry                      	99	33
10:56:53  Zone: Zone1                    	561	272	289
10:57:26  Camera: Science Centre Entry                    	70	155
10:57:27  Camera: Shop A                                  	86	75
10:57:41  Zone: Zone1                    	563	272	291
10:57:41  Zone: Zone2                    	70	67	3
10:57:42  Camera: Level 2 Lift                            	67	22
10:57:46  Camera: Level 2 Main Entry                      	101	36
10:57:48  Camera: Cafe Entry                              	80	88
10:57:57  Zone: Zone1                    	571	275	296
10:58:29  Camera: Science Centre Entry                    	71	155
10:58:44  Zone: Zone2                    	71	67	4
10:58:47  Camera: Level 2 Main Entry                      	102	36
10:58:49  Camera: Cafe Entry                              	83	88
10:59:00  Zone: Zone1                    	575	275	300
10:59:21  Camera: Level 0 Entry                           	174	32
10:59:30  Camera: Level 1 Entry 2                         	60	23
10:59:30  Camera: Science Centre Entry                    	73	157
10:59:31  Zone: Zone1                    	578	276	302
10:59:31  Zone: Zone2                    	73	69	4
10:59:48  Camera: Level 2 Main Entry                      	104	37
10:59:50  Camera: Cafe Entry                              	85	88
11:00:03  Zone: Zone1                    	582	277	305
11:00:03  Logging to daily summary: "11:00 175 116 274 24 26 0"
11:00:03  Service running OK
11:00:31  Camera: Shop A                                  	90	78
11:00:31  Camera: Science Centre Entry                    	75	158
11:00:34  Zone: Zone1                    	586	280	306
11:00:34  Zone: Zone2                    	75	70	5
11:00:51  Camera: Cafe Entry                              	88	90
11:01:06  Zone: Zone1                    	589	282	307
11:01:33  Camera: Science Centre Entry                    	79	159
11:01:33  Camera: Shop A                                  	90	80
11:01:41  Zone: Zone1                    	589	284	305
11:01:41  Zone: Zone2                    	79	71	8
11:01:46  Camera: Level 2 Lift                            	70	22
11:01:50  Camera: Level 2 Main Entry                      	104	39
11:01:52  Camera: Cafe Entry                              	91	92
11:01:57  Zone: Zone1                    	595	288	307
11:02:34  Camera: Science Centre Entry                    	79	160
11:02:35  Camera: Shop A                                  	93	82
11:02:44  Zone: Zone1                    	598	290	308
11:02:44  Zone: Zone2                    	79	72	7
11:02:51  Camera: Level 2 Main Entry                      	105	39
11:02:53  Camera: Cafe Entry                              	93	95
11:03:00  Zone: Zone1                    	601	293	308
11:03:36  Camera: Level 1 Entry 2                         	60	28
11:03:36  Camera: Science Centre Entry                    	79	161
11:03:47  Zone: Zone1                    	601	298	303
11:03:47  Zone: Zone2                    	79	73	6
11:03:49  Camera: Level 2 Lift                            	76	22
11:03:52  Camera: Level 2 Main Entry                      	109	39
11:03:54  Camera: Cafe Entry                              	93	99
11:04:03  Zone: Zone1                    	611	302	309
11:04:26  Camera: Level 0 Entry                           	175	33
11:04:34  Zone: Zone1                    	612	303	309
11:04:37  Camera: Level 1 Entry 2                         	64	31
11:04:38  Camera: Shop A                                  	99	87
11:04:38  Camera: Science Centre Entry                    	81	163
11:04:50  Zone: Zone1                    	622	311	311
11:04:50  Zone: Zone2                    	81	75	6
11:04:55  Camera: Cafe Entry                              	95	101
11:05:06  Zone: Zone1                    	624	313	311
11:05:39  Camera: Shop A                                  	99	90
11:05:39  Camera: Science Centre Entry                    	81	167
11:05:51  Camera: Level 2 Lift                            	80	22
11:05:53  Zone: Zone1                    	628	316	312
11:05:53  Zone: Zone2                    	81	79	2
11:05:56  Camera: Cafe Entry                              	97	101
11:06:09  Zone: Zone1                    	630	316	314
11:06:40  Camera: Shop A                                  	106	91
11:06:40  Zone: Zone1                    	637	317	320
11:06:41  Camera: Science Centre Entry                    	82	168
11:06:52  Camera: Level 2 Lift                            	81	24
11:06:55  Camera: Level 2 Main Entry                      	109	40
11:06:56  Zone: Zone1                    	638	320	318
11:06:56  Zone: Zone2                    	82	80	2
11:07:42  Camera: Shop A                                  	106	93
11:07:42  Camera: Science Centre Entry                    	82	169
11:07:42  Camera: Level 1 Entry 2                         	64	33
11:07:43  Zone: Zone1                    	638	324	314
11:07:43  Zone: Zone2                    	82	81	1
11:07:58  Camera: Cafe Entry                              	98	101
11:07:59  Zone: Zone1                    	639	324	315
11:08:31  Camera: Level 0 Entry                           	175	35
11:08:44  Camera: Level 1 Entry 2                         	70	33
11:08:44  Camera: Science Centre Entry                    	84	169
11:08:46  Zone: Zone1                    	645	326	319
11:08:46  Zone: Zone2                    	84	81	3
11:09:00  Camera: Cafe Entry                              	99	101
11:09:02  Zone: Zone1                    	646	326	320
11:09:46  Camera: Science Centre Entry                    	88	171
11:09:49  Zone: Zone2                    	88	83	5
11:09:59  Camera: Level 2 Main Entry                      	109	41
11:10:01  Camera: Cafe Entry                              	101	102
11:10:04  Zone: Zone1                    	648	328	320
11:10:46  Camera: Level 1 Entry 2                         	70	35
11:10:47  Camera: Science Centre Entry                    	90	171
11:10:47  Camera: Shop A                                  	106	95
11:10:54  Zone: Zone1                    	648	332	316
11:10:54  Zone: Zone2                    	90	83	7
11:11:02  Camera: Cafe Entry                              	102	104
11:11:10  Zone: Zone1                    	649	334	315
11:11:48  Camera: Science Centre Entry                    	94	172
11:11:49  Camera: Shop A                                  	107	95
11:11:58  Zone: Zone1                    	650	334	316
11:11:58  Zone: Zone2                    	94	84	10
11:12:03  Camera: Cafe Entry                              	102	107
11:12:14  Zone: Zone1                    	650	337	313
11:12:50  Camera: Science Centre Entry                    	96	173
11:12:51  Camera: Level 1 Entry 2                         	71	41
11:13:03  Zone: Zone1                    	651	343	308
11:13:03  Zone: Zone2                    	96	85	11
11:13:04  Camera: Cafe Entry                              	104	108
11:13:19  Zone: Zone1                    	653	344	309
11:13:51  Camera: Shop A                                  	107	98
11:13:51  Camera: Science Centre Entry                    	99	174
11:13:52  Zone: Zone1                    	653	347	306
11:13:52  Zone: Zone2                    	99	86	13
11:14:03  Camera: Level 2 Main Entry                      	111	41
11:14:07  Zone: Zone1                    	655	347	308
11:14:53  Camera: Shop A                                  	107	99
11:14:53  Camera: Level 1 Entry 2                         	71	42
11:14:54  Camera: Science Centre Entry                    	100	180
11:14:57  Zone: Zone1                    	655	349	306
11:14:57  Zone: Zone2                    	100	92	8
11:15:06  Camera: Cafe Entry                              	106	108
11:15:13  Zone: Zone1                    	657	349	308
11:15:13  Service running OK
11:15:38  Camera: Level 0 Entry                           	176	35
11:15:45  Zone: Zone1                    	658	349	309
11:15:55  Camera: Level 1 Entry 2                         	72	44
11:15:55  Camera: Shop A                                  	110	99
11:15:55  Camera: Science Centre Entry                    	101	181
11:16:00  Zone: Zone1                    	662	351	311
11:16:00  Zone: Zone2                    	101	93	8
11:16:05  Camera: Level 2 Main Entry                      	111	43
11:16:07  Camera: Cafe Entry                              	107	109
11:16:16  Zone: Zone1                    	663	354	309
11:16:40  Camera: Level 0 Entry                           	176	38
11:16:47  Zone: Zone1                    	663	357	306
11:16:56  Camera: Science Centre Entry                    	102	182
11:16:57  Camera: Shop A                                  	110	101
11:17:03  Zone: Zone1                    	663	359	304
11:17:03  Zone: Zone2                    	102	94	8
11:17:08  Camera: Cafe Entry                              	111	111
11:17:19  Zone: Zone1                    	667	361	306
