
04:28:55  RECAP $Revision: 3.13.2.13 $ ($State: Exp $) built 09:15:45, Aug  3 2010
04:28:55  Logging Counting Started
04:28:55  Start time: 09:30 (570 minutes past midnight)
04:28:55  Stop time: 22:00 (1320 minutes past midnight)
04:28:55  Log period: 30 minutes
04:28:55  Initialising 0 display(s)
04:28:55  Initialising 9 camera(s)
04:28:55  IrisysIP counter(s) in use, Starting BlackFin API
04:28:55  If RECAP crashes, check .NET framework and VCRedist are installed.
04:28:55  BlackFin API Started.
04:28:55  BlackFin API Started up OK. Version: 1.10.0.5
04:28:55  Initialising 2 zone(s)
04:28:55  Outputting 'Zone1' zone data to 'Zones\Zone1.txt'
04:28:55  Outputting 'Zone2' zone data to 'Zones\Zone2.txt'
04:28:55  Displaying shutdown on 0 display(s)
04:28:55  Waiting till start time
09:30:00  Start time reached
09:30:00  Adding Level 1 Science Centre Entry 1 thread to Watchdog
09:30:00  Level 1 Science Centre Entry 1: InCountCorrection set in registry to: 0
09:30:00  Level 1 Science Centre Entry 1: OutCountCorrection set in registry to: 0
09:30:00  Adding Level 1 Science Centre Entry 2 thread to Watchdog
09:30:00  Level 1 Science Centre Entry 2: InCountCorrection set in registry to: 0
09:30:00  Level 1 Science Centre Entry 2: OutCountCorrection set in registry to: 0
09:30:00  Adding Level 1 Science Centre Lift thread to Watchdog
09:30:00  Level 1 Science Centre Lift: InCountCorrection set in registry to: 0
09:30:00  Level 1 Science Centre Lift: OutCountCorrection set in registry to: 0
09:30:00  Adding Level 2 Main Entry thread to Watchdog
09:30:00  Level 2 Main Entry: InCountCorrection set in registry to: 0
09:30:00  Level 2 Main Entry: OutCountCorrection set in registry to: 0
09:30:00  Adding Level 2 Lift thread to Watchdog
09:30:00  Level 2 Lift: InCountCorrection set in registry to: 0
09:30:00  Level 2 Lift: OutCountCorrection set in registry to: 0
09:30:00  Adding Shop A thread to Watchdog
09:30:00  Shop A: InCountCorrection set in registry to: 0
09:30:00  Shop A: OutCountCorrection set in registry to: 0
09:30:00  Adding Shop B thread to Watchdog
09:30:00  Shop B: InCountCorrection set in registry to: 0
09:30:00  Shop B: OutCountCorrection set in registry to: 0
09:30:00  Adding Shop Whale Mall thread to Watchdog
09:30:00  Shop Whale Mall: InCountCorrection set in registry to: 0
09:30:00  Shop Whale Mall: OutCountCorrection set in registry to: 0
09:30:00  Adding Level 2 Cafe thread to Watchdog
09:30:00  Level 2 Cafe: InCountCorrection set in registry to: 0
09:30:00  Level 2 Cafe: OutCountCorrection set in registry to: 0
09:30:01  New day, Reset counts and busiest times in registry
09:30:01  Camera Level 1 Science Centre Entry 1 Counts 	= In:0, Out:0
09:30:01  Camera Level 1 Science Centre Entry 2 Counts 	= In:0, Out:0
09:30:01  Camera Level 1 Science Centre Lift Counts 	= In:0, Out:0
09:30:01  Camera Level 2 Main Entry Counts 	= In:0, Out:0
09:30:01  Camera Level 2 Lift Counts 	= In:0, Out:0
09:30:01  Camera Shop A Counts 	= In:0, Out:0
09:30:01  Camera Shop B Counts 	= In:0, Out:0
09:30:01  Camera Shop Whale Mall Counts 	= In:0, Out:0
09:30:01  Camera Level 2 Cafe Counts 	= In:0, Out:0
09:30:02  Starting main data collection loop.
09:30:05  Zone: Zone1                    	0	0	0
09:30:05  Zone: Zone2                    	0	0	0
09:30:05  Logging to daily summary: "09:30 0 0 0 0 0 0"
09:30:05  Service running OK
09:30:19  Level 1 Science Centre Entry 2: Connect Success (2) (serial num:2158593777)
09:30:19  Level 2 Lift: Connect Success (5) (serial num:2158593872)
09:30:19  Level 1 Science Centre Entry 1: Connect Success (1) (serial num:2158593798)
09:30:20  Level 2 Lift: MAC:00-21-AC-00-2F-8C IP Firmware:4.0.2.30311 Monitor Firmware:42.4.0.404
09:30:20  Level 1 Science Centre Entry 2: MAC:00-21-AC-00-30-3B IP Firmware:4.0.2.30311 Monitor Firmware:42.4.0.404
09:30:20  Level 1 Science Centre Entry 1: MAC:00-21-AC-00-30-39 IP Firmware:4.0.2.30311 Monitor Firmware:42.4.0.404
09:30:22  Level 1 Science Centre Entry 2: Status msgs: 0,0
09:30:22  Level 1 Science Centre Entry 1: Status msgs: 0,0
09:30:22  Level 1 Science Centre Entry 2: Current DeviceID: DefaultID
09:30:22  Level 1 Science Centre Entry 1: Current DeviceID: DefaultID
09:30:25  Level 2 Main Entry: Connect Success (4) (serial num:2158593780)
09:30:25  Level 2 Lift: Status msgs: 0,0
09:30:26  Level 2 Lift: Current DeviceID: DefaultID
09:30:26  Level 2 Main Entry: MAC:00-21-AC-00-30-D9 IP Firmware:4.0.2.30311 Monitor Firmware:42.4.0.404
09:30:31  Level 2 Main Entry: Status msgs: 0,0
09:30:32  Level 2 Main Entry: Current DeviceID: DefaultID
09:31:00  Level 1 Science Centre Lift: Connect Success (3) (serial num:2158593853)
09:31:01  Level 1 Science Centre Lift: MAC:00-21-AC-00-30-1A IP Firmware:4.0.2.30311 Monitor Firmware:42.4.0.404
09:31:03  Level 1 Science Centre Lift: Status msgs: 0,0
09:31:03  Level 1 Science Centre Lift: Current DeviceID: DefaultID
09:32:25  Initial Camera Level 1 Science Centre Entry 2 Counts 	= In:0, Out:1
09:32:26  Initial Camera Level 1 Science Centre Entry 1 Counts 	= In:0, Out:2
09:32:29  Initial Camera Level 2 Lift Counts 	= In:0, Out:0
09:32:29  Level 1 Science Centre Entry 2: Date last reset in registry is not today (reset required): 15/12/11
09:32:29  Attempting to reset counts for IrisysIP Camera Level 1 Science Centre Entry 2
09:32:30  Level 1 Science Centre Entry 1: Date last reset in registry is not today (reset required): 15/12/11
09:32:30  Attempting to reset counts for IrisysIP Camera Level 1 Science Centre Entry 1
09:32:33  Level 2 Lift: Date last reset in registry is not today (reset required): 15/12/11
09:32:33  Attempting to reset counts for IrisysIP Camera Level 2 Lift
09:33:25  Level 1 Science Centre Entry 2: InCountCorrection set in registry to: 0
09:33:25  Level 1 Science Centre Entry 2: OutCountCorrection set in registry to: 0
09:33:26  Level 1 Science Centre Entry 2: has reset camera
09:33:26  Camera: Level 1 Science Centre Entry 2 - Counts are now valid.
09:33:27  Level 1 Science Centre Entry 1: InCountCorrection set in registry to: 0
09:33:27  Level 1 Science Centre Entry 1: OutCountCorrection set in registry to: 0
09:33:28  Level 1 Science Centre Entry 1: has reset camera
09:33:28  Camera: Level 1 Science Centre Entry 1 - Counts are now valid.
09:33:29  Level 2 Lift: InCountCorrection set in registry to: 0
09:33:29  Level 2 Lift: OutCountCorrection set in registry to: 0
09:33:30  Initial Camera Level 2 Main Entry Counts 	= In:14, Out:12
09:33:30  Level 2 Lift: has reset camera
09:33:30  Initial Camera Level 1 Science Centre Lift Counts 	= In:0, Out:0
09:33:30  Camera: Level 2 Lift - Counts are now valid.
09:33:34  Level 2 Main Entry: Date last reset in registry is not today (reset required): 15/12/11
09:33:34  Attempting to reset counts for IrisysIP Camera Level 2 Main Entry
09:33:34  Level 1 Science Centre Lift: Date last reset in registry is not today (reset required): 15/12/11
09:33:34  Attempting to reset counts for IrisysIP Camera Level 1 Science Centre Lift
09:33:35  Level 2 Main Entry: InCountCorrection set in registry to: 0
09:33:35  Level 2 Main Entry: OutCountCorrection set in registry to: 0
09:33:36  Level 2 Main Entry: has reset camera
09:33:36  Camera: Level 2 Main Entry - Counts are now valid.
09:34:06  Level 1 Science Centre Lift: InCountCorrection set in registry to: 0
09:34:06  Level 1 Science Centre Lift: OutCountCorrection set in registry to: 0
09:34:07  Level 1 Science Centre Lift: has reset camera
09:34:07  Camera: Level 1 Science Centre Lift - Counts are now valid.
09:34:27  Camera: Level 1 Science Centre Entry 2          	0	0
09:34:27  Level 1 Science Centre Entry 2 IrisysIP camera has reset
09:34:29  Camera: Level 1 Science Centre Entry 1          	0	0
09:34:29  Level 1 Science Centre Entry 1 IrisysIP camera has reset
09:34:31  Camera: Level 2 Lift                            	0	0
09:34:31  Level 2 Lift IrisysIP camera has reset
09:34:37  Camera: Level 2 Main Entry                      	0	0
09:34:37  Level 2 Main Entry IrisysIP camera has reset
09:35:08  Camera: Level 1 Science Centre Lift             	0	0
09:35:08  Level 1 Science Centre Lift IrisysIP camera has reset
09:45:03  Service running OK
10:00:03  Logging to daily summary: "10:00 0 0 0 0 0 0"
10:00:03  Service running OK
10:08:03  Camera: Level 1 Science Centre Entry 2          	0	1
10:08:06  Zone: Zone1                    	0	1	-1
10:15:01  Service running OK
10:15:14  Camera: Level 2 Lift                            	0	1
10:15:16  Zone: Zone1                    	0	2	-2
10:30:17  Logging to daily summary: "10:30 0 2 -1 0 0 0"
10:30:17  Service running OK
10:45:17  Service running OK
11:00:17  Logging to daily summary: "11:00 0 0 -2 0 0 0"
11:00:17  Service running OK
11:06:45  Camera: Level 1 Science Centre Lift             	0	2
11:06:50  Zone: Zone1                    	0	4	-4
11:15:14  Service running OK
11:21:24  Camera: Level 2 Lift                            	0	2
11:21:30  Zone: Zone1                    	0	5	-5
11:30:12  Logging to daily summary: "11:30 0 3 -3 0 0 0"
11:30:12  Service running OK
11:41:42  Camera: Level 1 Science Centre Entry 2          	2	2
11:41:54  Zone: Zone1                    	2	6	-4
11:42:43  Camera: Level 1 Science Centre Entry 2          	6	3
11:42:46  Zone: Zone1                    	6	7	-1
11:45:11  Service running OK
11:45:46  Camera: Level 1 Science Centre Entry 2          	10	8
11:45:46  Zone: Zone1                    	10	12	-2
11:51:53  Camera: Level 1 Science Centre Entry 2          	16	16
11:52:02  Zone: Zone1                    	16	20	-4
11:53:55  Camera: Level 1 Science Centre Entry 2          	16	19
11:54:06  Zone: Zone1                    	16	23	-7
12:00:07  Logging to daily summary: "12:00 16 18 -4 0 0 0"
12:00:07  Service running OK
12:15:07  Service running OK
12:26:31  Camera: Level 1 Science Centre Entry 1          	0	1
12:26:45  Zone: Zone1                    	16	24	-8
12:30:04  Logging to daily summary: "12:30 0 1 -7 0 0 0"
12:30:04  Service running OK
12:45:12  Service running OK
13:00:12  Logging to daily summary: "13:00 0 0 -8 0 0 0"
13:00:12  Service running OK
13:15:12  Service running OK
13:30:12  Logging to daily summary: "13:30 0 0 -8 0 0 0"
13:30:12  Service running OK
13:45:12  Service running OK
14:00:12  Logging to daily summary: "14:00 0 0 -8 0 0 0"
14:00:12  Service running OK
14:15:12  Service running OK
14:30:13  Logging to daily summary: "14:30 0 0 -8 0 0 0"
14:30:13  Service running OK
14:34:02  Level 2 Lift: Counts less than previous. (In:0, Out:0, OldRawIn:0, OldRawOut:0, OldIn:0, OldOut:2, CorrIn:0, CorrOut:0)
14:34:02  Level 2 Lift: InCountCorrection set in registry to: 0
14:34:02  Level 2 Lift: OutCountCorrection set in registry to: 2
14:45:14  Service running OK
15:00:16  Logging to daily summary: "15:00 0 0 -8 0 0 0"
15:00:16  Service running OK
15:15:16  Service running OK
15:30:16  Logging to daily summary: "15:30 0 0 -8 0 0 0"
15:30:16  Service running OK
15:45:16  Service running OK
16:00:16  Logging to daily summary: "16:00 0 0 -8 0 0 0"
16:00:16  Service running OK
16:15:16  Service running OK
16:27:18  Camera: Level 2 Main Entry                      	2	0
16:27:31  Zone: Zone1                    	18	24	-6
16:30:14  Logging to daily summary: "16:30 2 0 -7 0 0 0"
16:30:14  Service running OK
16:45:17  Service running OK
17:00:17  Logging to daily summary: "17:00 0 0 -6 0 0 0"
17:00:17  Service running OK
17:15:17  Service running OK
17:30:17  Logging to daily summary: "17:30 0 0 -6 0 0 0"
17:30:17  Service running OK
17:45:00  Service running OK
17:59:41  Shop B: Main Data Collection loop has finished (g_bStopFlag=1, m_bEndThread=0).
17:59:41  Level 1 Science Centre Entry 1: Main Data Collection loop has finished (g_bStopFlag=1, m_bEndThread=0).
17:59:41  Level 2 Lift: Main Data Collection loop has finished (g_bStopFlag=1, m_bEndThread=0).
17:59:41  Level 1 Science Centre Entry 2: Main Data Collection loop has finished (g_bStopFlag=1, m_bEndThread=0).
17:59:41  Level 2 Cafe: Main Data Collection loop has finished (g_bStopFlag=1, m_bEndThread=0).
17:59:41  Shop A: Main Data Collection loop has finished (g_bStopFlag=1, m_bEndThread=0).
17:59:41  Shop Whale Mall: Main Data Collection loop has finished (g_bStopFlag=1, m_bEndThread=0).
17:59:41  Level 1 Science Centre Entry 1: The Irisys IP Manager destructor has flagged the thread to end.
17:59:41  Level 1 Science Centre Entry 2: The Irisys IP Manager destructor has flagged the thread to end.
17:59:41  Level 1 Science Centre Lift: The Irisys IP Manager destructor has flagged the thread to end.
