
07:28:01  RECAP $Revision: 3.13.2.13 $ ($State: Exp $) built 09:15:45, Aug  3 2010
07:28:01  Logging Counting Started
07:28:01  Start time: 09:30 (570 minutes past midnight)
07:28:01  Stop time: 22:00 (1320 minutes past midnight)
07:28:01  Log period: 30 minutes
07:28:01  Initialising 0 display(s)
07:28:01  Initialising 9 camera(s)
07:28:01  IrisysIP counter(s) in use, Starting BlackFin API
07:28:01  If RECAP crashes, check .NET framework and VCRedist are installed.
07:28:01  BlackFin API Started.
07:28:01  BlackFin API Started up OK. Version: 1.10.0.5
07:28:01  Initialising 2 zone(s)
07:28:01  Outputting 'Zone1' zone data to 'Zones\Zone1.txt'
07:28:01  Outputting 'Zone2' zone data to 'Zones\Zone2.txt'
07:28:01  Displaying shutdown on 0 display(s)
07:28:01  Waiting till start time
09:30:00  Start time reached
09:30:00  Adding Level 1 Science Centre Entry 1 thread to Watchdog
09:30:00  Level 1 Science Centre Entry 1: InCountCorrection set in registry to: 0
09:30:00  Level 1 Science Centre Entry 1: OutCountCorrection set in registry to: 0
09:30:00  Adding Level 1 Science Centre Entry 2 thread to Watchdog
09:30:00  Level 1 Science Centre Entry 2: InCountCorrection set in registry to: 0
09:30:00  Level 1 Science Centre Entry 2: OutCountCorrection set in registry to: 0
09:30:00  Adding Level 1 Science Centre Lift thread to Watchdog
09:30:00  Level 1 Science Centre Lift: InCountCorrection set in registry to: 0
09:30:00  Level 1 Science Centre Lift: OutCountCorrection set in registry to: 0
09:30:00  Adding Level 2 Main Entry thread to Watchdog
09:30:00  Level 2 Main Entry: InCountCorrection set in registry to: 0
09:30:00  Level 2 Main Entry: OutCountCorrection set in registry to: 0
09:30:00  Adding Level 2 Lift thread to Watchdog
09:30:00  Level 2 Lift: InCountCorrection set in registry to: 0
09:30:00  Level 2 Lift: OutCountCorrection set in registry to: 0
09:30:00  Adding Shop A thread to Watchdog
09:30:00  Shop A: InCountCorrection set in registry to: 0
09:30:00  Shop A: OutCountCorrection set in registry to: 0
09:30:00  Adding Shop B thread to Watchdog
09:30:00  Shop B: InCountCorrection set in registry to: 0
09:30:00  Shop B: OutCountCorrection set in registry to: 0
09:30:00  Adding Shop Whale Mall thread to Watchdog
09:30:00  Shop Whale Mall: InCountCorrection set in registry to: 0
09:30:00  Shop Whale Mall: OutCountCorrection set in registry to: 0
09:30:00  Adding Level 2 Cafe thread to Watchdog
09:30:00  Level 2 Cafe: InCountCorrection set in registry to: 0
09:30:00  Level 2 Cafe: OutCountCorrection set in registry to: 0
09:30:01  New day, Reset counts and busiest times in registry
09:30:01  Camera Level 1 Science Centre Entry 1 Counts 	= In:0, Out:0
09:30:01  Camera Level 1 Science Centre Entry 2 Counts 	= In:0, Out:0
09:30:01  Camera Level 1 Science Centre Lift Counts 	= In:0, Out:0
09:30:01  Camera Level 2 Main Entry Counts 	= In:0, Out:0
09:30:01  Camera Level 2 Lift Counts 	= In:0, Out:0
09:30:01  Camera Shop A Counts 	= In:0, Out:0
09:30:01  Camera Shop B Counts 	= In:0, Out:0
09:30:01  Camera Shop Whale Mall Counts 	= In:0, Out:0
09:30:01  Camera Level 2 Cafe Counts 	= In:0, Out:0
09:30:02  Starting main data collection loop.
09:30:05  Zone: Zone1                    	0	0	0
09:30:05  Zone: Zone2                    	0	0	0
09:30:05  Logging to daily summary: "09:30 0 0 0 0 0 0"
09:30:05  Service running OK
09:30:05  Shop A: Connect Success (6) (serial num:2158593779)
09:30:06  Shop A: MAC:00-21-AC-00-30-21 IP Firmware:4.0.2.30311 Monitor Firmware:42.4.0.404
09:30:08  Level 2 Main Entry: Connect Success (4) (serial num:2158593780)
09:30:09  Level 2 Main Entry: MAC:00-21-AC-00-30-D9 IP Firmware:4.0.2.30311 Monitor Firmware:42.4.0.404
09:30:16  Level 1 Science Centre Entry 1: Connect Success (1) (serial num:2158593798)
09:30:17  Level 1 Science Centre Entry 1: MAC:00-21-AC-00-30-39 IP Firmware:4.0.2.30311 Monitor Firmware:42.4.0.404
09:30:29  Level 1 Science Centre Entry 1: Status msgs: 0,0
09:30:29  Level 1 Science Centre Entry 1: Current DeviceID: DefaultID
09:30:31  Level 1 Science Centre Lift: Connect Success (3) (serial num:2158593853)
09:30:32  Level 1 Science Centre Lift: MAC:00-21-AC-00-30-1A IP Firmware:4.0.2.30311 Monitor Firmware:42.4.0.404
09:30:34  Shop Whale Mall: Connect Success (8) (serial num:2158593785)
09:30:36  Level 1 Science Centre Entry 2: Connect Success (2) (serial num:2158593777)
09:30:36  Level 2 Cafe: Connect Success (9) (serial num:2158593773)
09:30:36  Shop Whale Mall: MAC:00-21-AC-00-30-1F IP Firmware:4.0.2.30311 Monitor Firmware:42.4.0.404
09:30:37  Level 1 Science Centre Entry 2: MAC:00-21-AC-00-30-3B IP Firmware:4.0.2.30311 Monitor Firmware:42.4.0.404
09:30:37  Level 2 Cafe: MAC:00-21-AC-00-30-14 IP Firmware:4.0.2.30311 Monitor Firmware:42.4.0.404
09:30:39  Shop A: Status msgs: 0,0
09:30:39  Shop A: Current DeviceID: DefaultID
09:30:42  Level 2 Main Entry: Status msgs: 0,0
09:30:42  Level 2 Main Entry: Current DeviceID: DefaultID
09:30:44  Level 1 Science Centre Lift: Status msgs: 0,0
09:30:45  Level 1 Science Centre Lift: Current DeviceID: DefaultID
09:30:49  Level 1 Science Centre Entry 2: Status msgs: 0,0
09:30:49  Level 2 Lift: Connect Success (5) (serial num:2158593872)
09:30:49  Level 1 Science Centre Entry 2: Current DeviceID: DefaultID
09:30:50  Level 2 Lift: MAC:00-21-AC-00-2F-8C IP Firmware:4.0.2.30311 Monitor Firmware:42.4.0.404
09:30:57  Shop B: Connect Success (7) (serial num:2158593790)
09:30:58  Shop B: MAC:00-21-AC-00-30-38 IP Firmware:4.0.2.30311 Monitor Firmware:42.4.0.404
09:31:09  Shop Whale Mall: Status msgs: 0,0
09:31:09  Shop Whale Mall: Current DeviceID: DefaultID
09:31:10  Level 2 Cafe: Status msgs: 0,0
09:31:10  Level 2 Cafe: Current DeviceID: DefaultID
09:31:23  Level 2 Lift: Status msgs: 0,0
09:31:23  Level 2 Lift: Current DeviceID: DefaultID
09:31:31  Shop B: Status msgs: 0,0
09:31:31  Shop B: Current DeviceID: DefaultID
09:32:32  Initial Camera Level 1 Science Centre Entry 1 Counts 	= In:3, Out:5
09:32:36  Level 1 Science Centre Entry 1: Date last reset in registry is not today (reset required): 03/10/11
09:32:36  Attempting to reset counts for IrisysIP Camera Level 1 Science Centre Entry 1
09:33:32  Level 1 Science Centre Entry 1: InCountCorrection set in registry to: 0
09:33:32  Level 1 Science Centre Entry 1: OutCountCorrection set in registry to: 0
09:33:33  Initial Camera Shop A Counts 	= In:18, Out:24
09:33:33  Level 1 Science Centre Entry 1: has reset camera
09:33:33  Initial Camera Level 2 Main Entry Counts 	= In:8, Out:6
09:33:33  Camera: Level 1 Science Centre Entry 1 - Counts are now valid.
09:33:33  Initial Camera Level 1 Science Centre Lift Counts 	= In:0, Out:0
09:33:33  Initial Camera Level 1 Science Centre Entry 2 Counts 	= In:7, Out:15
09:33:33  Initial Camera Shop Whale Mall Counts 	= In:6, Out:24
09:33:33  Initial Camera Level 2 Cafe Counts 	= In:0, Out:0
09:33:33  Initial Camera Level 2 Lift Counts 	= In:0, Out:0
09:33:35  Initial Camera Shop B Counts 	= In:31, Out:36
09:33:37  Shop A: Date last reset in registry is not today (reset required): 03/10/11
09:33:37  Level 1 Science Centre Lift: Date last reset in registry is not today (reset required): 03/10/11
09:33:37  Level 2 Main Entry: Date last reset in registry is not today (reset required): 03/10/11
09:33:37  Level 1 Science Centre Entry 2: Date last reset in registry is not today (reset required): 03/10/11
09:33:37  Shop Whale Mall: Date last reset in registry is not today (reset required): 03/10/11
09:33:37  Level 2 Cafe: Date last reset in registry is not today (reset required): 03/10/11
09:33:37  Level 2 Lift: Date last reset in registry is not today (reset required): 03/10/11
09:33:37  Attempting to reset counts for IrisysIP Camera Shop A
09:33:37  Attempting to reset counts for IrisysIP Camera Level 1 Science Centre Lift
09:33:37  Attempting to reset counts for IrisysIP Camera Level 2 Main Entry
09:33:37  Attempting to reset counts for IrisysIP Camera Level 1 Science Centre Entry 2
09:33:37  Attempting to reset counts for IrisysIP Camera Shop Whale Mall
09:33:37  Attempting to reset counts for IrisysIP Camera Level 2 Cafe
09:33:37  Attempting to reset counts for IrisysIP Camera Level 2 Lift
09:33:39  Shop B: Date last reset in registry is not today (reset required): 03/10/11
09:33:39  Attempting to reset counts for IrisysIP Camera Shop B
09:33:42  Shop A: InCountCorrection set in registry to: 0
09:33:42  Shop A: OutCountCorrection set in registry to: 0
09:33:43  Shop A: has reset camera
09:33:43  Camera: Shop A - Counts are now valid.
09:33:48  Level 1 Science Centre Lift: InCountCorrection set in registry to: 0
09:33:48  Level 1 Science Centre Lift: OutCountCorrection set in registry to: 0
09:33:49  Level 1 Science Centre Lift: has reset camera
09:33:49  Camera: Level 1 Science Centre Lift - Counts are now valid.
09:33:49  Level 2 Main Entry: InCountCorrection set in registry to: 0
09:33:49  Level 2 Main Entry: OutCountCorrection set in registry to: 0
09:33:51  Level 2 Main Entry: has reset camera
09:33:51  Camera: Level 2 Main Entry - Counts are now valid.
09:33:52  Level 1 Science Centre Entry 2: InCountCorrection set in registry to: 0
09:33:52  Level 1 Science Centre Entry 2: OutCountCorrection set in registry to: 0
09:33:53  Level 1 Science Centre Entry 2: has reset camera
09:33:53  Camera: Level 1 Science Centre Entry 2 - Counts are now valid.
09:34:12  Shop Whale Mall: InCountCorrection set in registry to: 0
09:34:12  Shop Whale Mall: OutCountCorrection set in registry to: 0
09:34:13  Shop Whale Mall: has reset camera
09:34:13  Camera: Shop Whale Mall - Counts are now valid.
09:34:14  Level 2 Cafe: InCountCorrection set in registry to: 0
09:34:14  Level 2 Cafe: OutCountCorrection set in registry to: 0
09:34:15  Level 2 Cafe: has reset camera
09:34:15  Camera: Level 2 Cafe - Counts are now valid.
09:34:26  Level 2 Lift: InCountCorrection set in registry to: 0
09:34:26  Level 2 Lift: OutCountCorrection set in registry to: 0
09:34:27  Level 2 Lift: has reset camera
09:34:27  Camera: Level 2 Lift - Counts are now valid.
09:34:35  Shop B: InCountCorrection set in registry to: 0
09:34:35  Shop B: OutCountCorrection set in registry to: 0
09:34:36  Shop B: has reset camera
09:34:36  Camera: Level 1 Science Centre Entry 1          	0	0
09:34:36  Camera: Shop B - Counts are now valid.
09:34:36  Level 1 Science Centre Entry 1 IrisysIP camera has reset
09:34:36  Zone: Zone2 - Counts are now valid.
09:34:44  Camera: Shop A                                  	0	0
09:34:44  Shop A IrisysIP camera has reset
09:34:50  Camera: Level 1 Science Centre Lift             	0	0
09:34:50  Level 1 Science Centre Lift IrisysIP camera has reset
09:34:51  Zone: Zone1 - Counts are now valid.
09:34:52  Camera: Level 2 Main Entry                      	0	0
09:34:52  Level 2 Main Entry IrisysIP camera has reset
09:34:54  Camera: Level 1 Science Centre Entry 2          	0	0
09:34:54  Level 1 Science Centre Entry 2 IrisysIP camera has reset
09:35:14  Camera: Shop Whale Mall                         	0	0
09:35:14  Shop Whale Mall IrisysIP camera has reset
09:35:16  Camera: Level 2 Cafe                            	0	0
09:35:16  Level 2 Cafe IrisysIP camera has reset
09:35:28  Camera: Level 2 Lift                            	0	0
09:35:28  Level 2 Lift IrisysIP camera has reset
09:35:37  Camera: Shop B                                  	0	0
09:35:37  Shop B IrisysIP camera has reset
09:35:45  Camera: Shop A                                  	0	2
09:35:54  Zone: Zone1                    	2	0	2
09:35:54  Zone: Zone2                    	0	0	0	Net-count has gone negative (-2).  Resetting to zero. (No Balancing Zone)
09:36:38  Camera: Shop B                                  	0	2
09:36:41  Zone: Zone1                    	4	0	4
09:36:41  Zone: Zone2                    	0	0	0	Net-count has gone negative (-2).  Resetting to zero. (No Balancing Zone)
09:36:46  Camera: Shop A                                  	1	2
09:36:57  Zone: Zone1                    	4	1	3
09:36:57  Zone: Zone2                    	1	0	1
09:37:39  Camera: Shop B                                  	2	2
09:37:45  Zone: Zone1                    	4	3	1
09:37:45  Zone: Zone2                    	3	0	3
09:37:47  Camera: Shop A                                  	1	3
09:38:00  Zone: Zone1                    	5	3	2
09:38:00  Zone: Zone2                    	3	1	2
09:38:48  Camera: Shop A                                  	2	3
09:38:52  Zone: Zone1                    	5	4	1
09:38:52  Zone: Zone2                    	4	1	3
09:40:42  Camera: Shop B                                  	2	3
09:40:56  Zone: Zone1                    	6	4	2
09:40:56  Zone: Zone2                    	4	2	2
09:43:45  Camera: Shop B                                  	3	3
09:43:54  Zone: Zone1                    	6	5	1
09:43:54  Zone: Zone2                    	5	2	3
09:44:47  Camera: Shop B                                  	3	4
09:44:47  Zone: Zone1                    	7	5	2
09:44:47  Zone: Zone2                    	5	3	2
09:45:05  Service running OK
09:45:56  Camera: Shop A                                  	3	5
09:45:56  Zone: Zone1                    	9	6	3
09:45:56  Zone: Zone2                    	6	5	1
09:46:57  Camera: Shop A                                  	4	7
09:47:06  Zone: Zone1                    	11	7	4
09:47:06  Zone: Zone2                    	7	7	0
09:47:50  Camera: Shop B                                  	3	6
09:47:58  Camera: Shop A                                  	5	8
09:47:58  Zone: Zone1                    	14	8	6
09:47:58  Zone: Zone2                    	8	8	0	Net-count has gone negative (-2).  Resetting to zero. (No Balancing Zone)
09:47:58  Zone: Zone2                    	8	8	0
09:48:51  Camera: Shop B                                  	3	8
09:48:59  Camera: Shop A                                  	6	8
09:49:06  Zone: Zone1                    	16	9	7
09:49:06  Zone: Zone2                    	9	9	0	Net-count has gone negative (-1).  Resetting to zero. (No Balancing Zone)
09:49:06  Zone: Zone2                    	9	9	0
09:49:29  Camera: Shop Whale Mall                         	0	2
09:49:38  Zone: Zone2                    	9	9	0	Net-count has gone negative (-2).  Resetting to zero. (No Balancing Zone)
09:49:52  Camera: Shop B                                  	5	8
09:49:54  Zone: Zone1                    	16	11	5
09:49:54  Zone: Zone2                    	11	9	2
09:50:30  Camera: Shop Whale Mall                         	0	4
09:50:45  Zone: Zone2                    	11	11	0
09:50:53  Camera: Shop B                                  	5	10
09:51:01  Zone: Zone1                    	18	11	7
09:51:01  Zone: Zone2                    	11	11	0	Net-count has gone negative (-2).  Resetting to zero. (No Balancing Zone)
09:51:01  Camera: Shop A                                  	6	9
09:51:17  Zone: Zone1                    	19	11	8
09:51:17  Zone: Zone2                    	11	11	0	Net-count has gone negative (-1).  Resetting to zero. (No Balancing Zone)
09:52:10  Camera: Level 2 Main Entry                      	1	0
09:52:10  Zone: Zone1                    	20	11	9
09:53:03  Camera: Shop A                                  	7	10
09:53:04  Zone: Zone1                    	21	12	9
09:53:04  Zone: Zone2                    	12	12	0
09:53:56  Camera: Shop B                                  	7	12
09:53:56  Zone: Zone1                    	23	14	9
09:53:56  Zone: Zone2                    	14	14	0
09:57:40  Camera: Level 2 Cafe                            	0	1
09:57:48  Zone: Zone1                    	23	15	8
09:58:41  Camera: Level 2 Cafe                            	0	2
09:58:41  Zone: Zone1                    	23	16	7
10:00:03  Camera: Shop B                                  	8	12
10:00:09  Zone: Zone1                    	23	17	6
10:00:09  Zone: Zone2                    	15	14	1
10:00:09  Logging to daily summary: "10:00 23 17 4 15 14 0"
10:00:09  Service running OK
10:01:04  Camera: Shop B                                  	9	12
10:01:19  Zone: Zone1                    	23	18	5
10:01:19  Zone: Zone2                    	16	14	2
10:01:44  Camera: Level 2 Cafe                            	4	2
10:01:53  Zone: Zone1                    	27	18	9
10:07:10  Camera: Shop B                                  	9	16
10:07:17  Zone: Zone1                    	31	18	13
10:07:17  Zone: Zone2                    	16	16	0	Net-count has gone negative (-2).  Resetting to zero. (No Balancing Zone)
10:07:17  Zone: Zone2                    	16	16	0
10:08:11  Camera: Shop B                                  	12	23
10:08:11  Zone: Zone1                    	38	21	17
10:08:11  Zone: Zone2                    	19	19	0	Net-count has gone negative (-4).  Resetting to zero. (No Balancing Zone)
10:08:11  Zone: Zone2                    	19	19	0
10:09:12  Camera: Shop B                                  	19	26
10:09:21  Zone: Zone1                    	41	28	13
10:09:21  Zone: Zone2                    	26	22	4
10:11:23  Camera: Shop A                                  	9	11
10:11:25  Zone: Zone1                    	42	30	12
10:11:25  Zone: Zone2                    	28	23	5
10:11:30  Camera: Level 2 Main Entry                      	1	1
10:11:41  Zone: Zone1                    	42	31	11
10:12:32  Camera: Level 2 Main Entry                      	2	1
10:12:33  Zone: Zone1                    	43	31	12
10:13:35  Camera: Level 1 Science Centre Entry 2          	1	0
10:13:43  Zone: Zone1                    	44	31	13
10:14:26  Camera: Shop A                                  	10	12
10:14:35  Zone: Zone1                    	45	32	13
10:14:35  Zone: Zone2                    	29	24	5
10:15:12  Service running OK
10:15:35  Camera: Level 2 Main Entry                      	3	1
10:15:45  Zone: Zone1                    	46	32	14
10:16:20  Camera: Shop B                                  	23	28
10:16:20  Zone: Zone1                    	48	36	12
10:16:20  Zone: Zone2                    	33	26	7
10:17:21  Camera: Shop B                                  	24	31
10:17:30  Zone: Zone1                    	51	37	14
10:17:30  Zone: Zone2                    	34	29	5
10:17:37  Camera: Level 2 Main Entry                      	3	2
10:17:46  Zone: Zone1                    	51	38	13
10:18:22  Camera: Shop B                                  	26	33
10:18:22  Zone: Zone1                    	53	40	13
10:18:22  Zone: Zone2                    	36	31	5
10:18:30  Camera: Shop A                                  	11	13
10:18:38  Zone: Zone1                    	54	41	13
10:18:38  Zone: Zone2                    	37	32	5
10:19:31  Camera: Shop A                                  	12	14
10:19:32  Zone: Zone1                    	55	42	13
10:19:32  Zone: Zone2                    	38	33	5
10:20:24  Camera: Shop B                                  	33	33
10:20:24  Zone: Zone1                    	55	49	6
10:20:24  Zone: Zone2                    	45	33	12
10:20:33  Camera: Shop A                                  	13	14
10:20:40  Zone: Zone1                    	55	50	5
10:20:40  Zone: Zone2                    	46	33	13
10:21:34  Camera: Shop A                                  	13	15
10:21:34  Zone: Zone1                    	56	50	6
10:21:34  Zone: Zone2                    	46	34	12
10:24:29  Camera: Shop B                                  	33	35
10:24:31  Zone: Zone1                    	58	50	8
10:24:31  Zone: Zone2                    	46	36	10
10:24:37  Camera: Shop A                                  	14	16
10:24:47  Zone: Zone1                    	59	51	8
10:24:47  Zone: Zone2                    	47	37	10
10:25:30  Camera: Shop B                                  	37	37
10:25:39  Zone: Zone1                    	61	55	6
10:25:39  Zone: Zone2                    	51	39	12
10:26:31  Camera: Shop B                                  	37	39
10:26:31  Zone: Zone1                    	63	55	8
10:26:31  Zone: Zone2                    	51	41	10
10:27:48  Camera: Level 2 Main Entry                      	3	3
10:27:59  Zone: Zone1                    	63	56	7
10:28:33  Camera: Shop B                                  	37	41
10:28:33  Zone: Zone1                    	65	56	9
10:28:33  Zone: Zone2                    	51	43	8
10:28:41  Camera: Shop A                                  	15	17
10:28:49  Zone: Zone1                    	66	57	9
10:28:49  Zone: Zone2                    	52	44	8
10:29:34  Camera: Shop B                                  	40	43
10:29:41  Zone: Zone1                    	68	60	8
10:29:41  Zone: Zone2                    	55	46	9
10:29:42  Camera: Shop A                                  	15	18
10:29:50  Camera: Level 2 Main Entry                      	4	4
10:29:57  Zone: Zone1                    	70	61	9
10:29:57  Zone: Zone2                    	55	47	8
10:30:13  Camera: Shop Whale Mall                         	2	14
10:30:13  Zone: Zone2                    	57	57	0
10:30:13  Logging to daily summary: "10:30 47 44 10 42 43 5"
10:30:13  Service running OK
10:31:14  Camera: Shop Whale Mall                         	2	17
10:31:20  Zone: Zone2                    	57	57	0	Net-count has gone negative (-3).  Resetting to zero. (No Balancing Zone)
10:31:44  Camera: Shop A                                  	17	22
10:31:54  Zone: Zone1                    	74	63	11
10:31:54  Zone: Zone2                    	59	59	0	Net-count has gone negative (-2).  Resetting to zero. (No Balancing Zone)
10:31:54  Zone: Zone2                    	59	59	0
10:32:15  Camera: Shop Whale Mall                         	6	17
10:32:28  Zone: Zone2                    	63	59	4
10:32:37  Camera: Shop B                                  	44	43
10:32:44  Zone: Zone1                    	74	67	7
10:32:44  Zone: Zone2                    	67	59	8
10:32:45  Camera: Shop A                                  	19	23
10:33:00  Zone: Zone1                    	75	69	6
10:33:00  Zone: Zone2                    	69	60	9
10:33:16  Camera: Shop Whale Mall                         	6	19
10:33:16  Zone: Zone2                    	69	62	7
10:34:17  Camera: Shop Whale Mall                         	8	21
10:34:25  Zone: Zone2                    	71	64	7
10:34:39  Camera: Shop B                                  	45	45
10:34:41  Zone: Zone1                    	77	70	7
10:34:41  Zone: Zone2                    	72	66	6
10:35:18  Camera: Shop Whale Mall                         	10	21
10:35:33  Zone: Zone2                    	74	66	8
10:35:40  Camera: Shop B                                  	46	45
10:35:49  Zone: Zone1                    	77	71	6
10:35:49  Zone: Zone2                    	75	66	9
10:36:41  Camera: Shop B                                  	46	47
10:36:42  Zone: Zone1                    	79	71	8
10:36:42  Zone: Zone2                    	75	68	7
10:37:42  Camera: Shop B                                  	50	53
10:37:51  Camera: Shop A                                  	20	23
10:37:51  Zone: Zone1                    	85	76	9
10:37:51  Zone: Zone2                    	80	74	6
10:38:21  Camera: Shop Whale Mall                         	10	23
10:38:23  Zone: Zone2                    	80	76	4
10:39:45  Camera: Shop B                                  	54	55
10:39:50  Zone: Zone1                    	87	80	7
10:39:50  Zone: Zone2                    	84	78	6
10:39:53  Camera: Shop A                                  	21	24
10:40:06  Zone: Zone1                    	88	81	7
10:40:06  Zone: Zone2                    	85	79	6
10:40:54  Camera: Shop A                                  	22	25
10:40:58  Zone: Zone1                    	89	82	7
10:40:58  Zone: Zone2                    	86	80	6
10:41:02  Camera: Level 2 Main Entry                      	4	5
10:41:14  Zone: Zone1                    	89	83	6
10:41:38  Camera: Level 2 Lift                            	0	1
10:41:48  Zone: Zone1                    	89	84	5
10:41:55  Camera: Shop A                                  	24	25
10:42:04  Zone: Zone1                    	89	86	3
10:42:04  Zone: Zone2                    	88	80	8
10:42:25  Camera: Shop Whale Mall                         	18	28
10:42:38  Zone: Zone2                    	96	85	11
10:42:48  Camera: Shop B                                  	61	57
10:42:54  Zone: Zone1                    	91	91	0	Net-count has gone negative (-2).  Resetting to zero. (No Balancing Zone)
10:42:54  Zone: Zone1                    	91	91	0
10:42:54  Zone: Zone2                    	103	87	16
10:42:56  Camera: Shop A                                  	24	30
10:43:10  Zone: Zone1                    	96	91	5
10:43:10  Zone: Zone2                    	103	92	11
10:43:49  Camera: Shop B                                  	65	63
10:44:01  Zone: Zone1                    	102	95	7
10:44:01  Zone: Zone2                    	107	98	9
10:44:50  Camera: Shop B                                  	74	71
10:44:53  Zone: Zone1                    	110	104	6
10:44:53  Zone: Zone2                    	116	106	10
10:45:12  Service running OK
10:45:51  Camera: Shop B                                  	78	72
10:46:03  Zone: Zone1                    	111	108	3
10:46:03  Zone: Zone2                    	120	107	13
10:46:52  Camera: Shop B                                  	85	77
10:46:55  Zone: Zone1                    	116	115	1
10:46:55  Zone: Zone2                    	127	112	15
10:47:00  Camera: Shop A                                  	25	30
10:47:11  Zone: Zone1                    	116	116	0
10:47:11  Zone: Zone2                    	128	112	16
10:47:53  Camera: Shop B                                  	88	79
10:48:01  Camera: Shop A                                  	26	32
10:48:03  Zone: Zone1                    	120	120	0
10:48:03  Zone: Zone2                    	132	116	16
10:48:12  Camera: Level 1 Science Centre Entry 2          	1	2
10:48:19  Zone: Zone1                    	120	120	0	Net-count has gone negative (-2).  Resetting to zero. (No Balancing Zone)
10:48:54  Camera: Shop B                                  	90	79
10:49:03  Camera: Shop A                                  	26	34
10:49:08  Zone: Zone1                    	122	122	0
10:49:08  Zone: Zone2                    	134	118	16
10:49:10  Camera: Level 2 Main Entry                      	5	5
10:49:13  Camera: Level 1 Science Centre Entry 2          	3	2
10:49:24  Zone: Zone1                    	125	122	3
10:49:55  Camera: Shop B                                  	92	79
10:49:55  Zone: Zone2                    	136	118	18
10:50:04  Camera: Shop A                                  	28	35
10:50:11  Zone: Zone1                    	126	126	0
10:50:11  Zone: Zone2                    	138	119	19
10:50:34  Camera: Shop Whale Mall                         	18	31
10:50:43  Zone: Zone2                    	138	122	16
10:50:56  Camera: Shop B                                  	92	81
10:50:58  Zone: Zone1                    	128	126	2
10:50:58  Zone: Zone2                    	138	124	14
10:51:05  Camera: Shop A                                  	28	36
10:51:14  Zone: Zone1                    	129	126	3
10:51:14  Zone: Zone2                    	138	125	13
10:51:58  Camera: Shop B                                  	94	81
10:52:06  Camera: Shop A                                  	30	40
10:52:06  Zone: Zone1                    	133	130	3
10:52:06  Zone: Zone2                    	142	129	13
10:52:59  Camera: Shop B                                  	96	83
10:53:07  Camera: Shop A                                  	30	43
10:53:14  Zone: Zone1                    	138	132	6
10:53:14  Zone: Zone2                    	144	134	10
10:55:39  Camera: Shop Whale Mall                         	18	34
10:55:52  Zone: Zone2                    	144	137	7
10:56:02  Camera: Shop B                                  	102	85
10:56:08  Zone: Zone1                    	140	138	2
10:56:08  Zone: Zone2                    	150	139	11
10:56:40  Camera: Shop Whale Mall                         	18	39
10:56:42  Zone: Zone2                    	150	144	6
10:57:03  Camera: Shop B                                  	102	86
10:57:16  Zone: Zone1                    	141	138	3
10:57:16  Zone: Zone2                    	150	145	5
10:58:04  Camera: Shop B                                  	102	87
10:58:08  Zone: Zone1                    	142	138	4
10:58:08  Zone: Zone2                    	150	146	4
10:59:05  Camera: Shop B                                  	106	93
10:59:18  Zone: Zone1                    	148	142	6
10:59:18  Zone: Zone2                    	154	152	2
11:00:06  Camera: Shop B                                  	109	95
11:00:10  Zone: Zone1                    	150	145	5
11:00:10  Zone: Zone2                    	157	154	3
11:00:10  Logging to daily summary: "11:00 80 84 4 100 97 8"
11:00:10  Service running OK
11:00:14  Camera: Shop A                                  	30	45
11:00:26  Zone: Zone1                    	152	145	7
11:00:26  Zone: Zone2                    	157	156	1
11:01:07  Camera: Shop B                                  	113	97
11:01:18  Zone: Zone1                    	154	149	5
11:01:18  Zone: Zone2                    	161	158	3
11:01:23  Camera: Level 2 Main Entry                      	5	6
11:01:34  Zone: Zone1                    	154	150	4
11:02:08  Camera: Shop B                                  	117	101
11:02:08  Zone: Zone1                    	158	154	4
11:02:08  Zone: Zone2                    	165	162	3
11:03:09  Camera: Shop B                                  	120	104
11:03:18  Zone: Zone1                    	161	157	4
11:03:18  Zone: Zone2                    	168	165	3
11:04:11  Camera: Shop B                                  	123	109
11:04:11  Zone: Zone1                    	166	160	6
11:04:11  Zone: Zone2                    	171	170	1
11:04:19  Camera: Shop A                                  	32	46
11:04:26  Zone: Zone1                    	167	162	5
11:04:26  Zone: Zone2                    	173	171	2
11:05:12  Camera: Shop B                                  	123	110
11:05:18  Zone: Zone1                    	168	162	6
11:05:18  Zone: Zone2                    	173	172	1
11:08:23  Camera: Shop A                                  	32	49
11:08:34  Zone: Zone1                    	171	162	9
11:08:34  Zone: Zone2                    	173	173	0	Net-count has gone negative (-2).  Resetting to zero. (No Balancing Zone)
11:08:34  Zone: Zone2                    	173	173	0
11:11:18  Camera: Shop B                                  	125	111
11:11:32  Zone: Zone1                    	172	164	8
11:11:32  Zone: Zone2                    	175	174	1
11:12:27  Camera: Shop A                                  	33	49
11:12:42  Zone: Zone1                    	172	165	7
11:12:42  Zone: Zone2                    	176	174	2
11:14:21  Camera: Shop B                                  	125	117
11:14:28  Zone: Zone1                    	178	165	13
11:14:28  Zone: Zone2                    	176	176	0	Net-count has gone negative (-4).  Resetting to zero. (No Balancing Zone)
11:14:28  Zone: Zone2                    	176	176	0
11:15:05  Service running OK
11:15:22  Camera: Shop B                                  	125	121
11:15:23  Zone: Zone1                    	182	165	17
11:15:23  Zone: Zone2                    	176	176	0	Net-count has gone negative (-4).  Resetting to zero. (No Balancing Zone)
11:15:31  Camera: Shop A                                  	34	49
11:15:38  Zone: Zone1                    	182	166	16
11:15:38  Zone: Zone2                    	177	176	1
11:16:24  Camera: Shop B                                  	125	123
11:16:28  Zone: Zone1                    	184	166	18
11:16:28  Zone: Zone2                    	177	177	0	Net-count has gone negative (-1).  Resetting to zero. (No Balancing Zone)
11:16:28  Zone: Zone2                    	177	177	0
11:17:25  Camera: Shop B                                  	128	125
11:17:33  Camera: Shop A                                  	34	50
11:17:38  Zone: Zone1                    	187	169	18
11:17:38  Zone: Zone2                    	180	180	0
11:18:26  Camera: Shop B                                  	128	129
11:18:28  Zone: Zone1                    	191	169	22
11:18:28  Zone: Zone2                    	180	180	0	Net-count has gone negative (-4).  Resetting to zero. (No Balancing Zone)
11:19:27  Camera: Shop B                                  	131	133
11:19:38  Zone: Zone1                    	195	172	23
11:19:38  Zone: Zone2                    	183	183	0	Net-count has gone negative (-1).  Resetting to zero. (No Balancing Zone)
11:19:38  Zone: Zone2                    	183	183	0
11:20:28  Camera: Shop B                                  	131	134
11:20:30  Zone: Zone1                    	196	172	24
11:20:30  Zone: Zone2                    	183	183	0	Net-count has gone negative (-1).  Resetting to zero. (No Balancing Zone)
11:20:44  Camera: Level 2 Main Entry                      	5	7
11:20:46  Zone: Zone1                    	196	173	23
11:22:30  Camera: Shop B                                  	137	136
11:22:32  Zone: Zone1                    	198	179	19
11:22:32  Zone: Zone2                    	189	185	4
11:22:49  Camera: Level 1 Science Centre Entry 2          	3	3
11:22:49  Zone: Zone1                    	198	180	18
11:23:31  Camera: Shop B                                  	139	143
11:23:39  Camera: Shop A                                  	36	50
11:23:40  Zone: Zone1                    	205	184	21
11:23:40  Zone: Zone2                    	193	192	1
11:24:32  Camera: Shop B                                  	141	143
11:24:32  Zone: Zone1                    	205	186	19
11:24:32  Zone: Zone2                    	195	192	3
11:24:40  Camera: Shop A                                  	36	51
11:24:48  Zone: Zone1                    	206	186	20
11:24:48  Zone: Zone2                    	195	193	2
11:26:43  Camera: Shop A                                  	36	53
11:26:52  Zone: Zone1                    	208	186	22
11:26:52  Zone: Zone2                    	195	195	0
11:28:36  Camera: Shop B                                  	143	145
11:28:38  Zone: Zone1                    	210	188	22
11:28:38  Zone: Zone2                    	197	197	0
11:28:45  Camera: Shop A                                  	37	53
11:28:54  Zone: Zone1                    	210	189	21
11:28:54  Zone: Zone2                    	198	197	1
11:29:46  Camera: Shop A                                  	37	55
11:29:46  Zone: Zone1                    	212	189	23
11:29:46  Zone: Zone2                    	198	198	0	Net-count has gone negative (-1).  Resetting to zero. (No Balancing Zone)
11:29:46  Zone: Zone2                    	198	198	0
11:30:05  Logging to daily summary: "11:30 62 44 13 41 44 0"
11:30:05  Service running OK
11:30:47  Camera: Shop A                                  	38	55
11:30:56  Zone: Zone1                    	212	190	22
11:30:56  Zone: Zone2                    	199	198	1
11:31:48  Camera: Shop A                                  	39	55
11:31:48  Zone: Zone1                    	212	191	21
11:31:48  Zone: Zone2                    	200	198	2
11:32:41  Camera: Shop B                                  	143	149
11:32:41  Zone: Zone1                    	216	191	25
11:32:41  Zone: Zone2                    	200	200	0	Net-count has gone negative (-2).  Resetting to zero. (No Balancing Zone)
11:32:41  Zone: Zone2                    	200	200	0
11:32:49  Camera: Shop A                                  	41	55
11:32:57  Zone: Zone1                    	216	193	23
11:32:57  Zone: Zone2                    	202	200	2
11:33:42  Camera: Shop B                                  	143	151
11:33:48  Zone: Zone1                    	218	193	25
11:33:48  Zone: Zone2                    	202	202	0
11:33:50  Camera: Shop A                                  	41	57
11:34:04  Zone: Zone1                    	220	193	27
11:34:04  Zone: Zone2                    	202	202	0	Net-count has gone negative (-2).  Resetting to zero. (No Balancing Zone)
11:34:51  Camera: Shop A                                  	43	57
11:34:56  Zone: Zone1                    	220	195	25
11:34:56  Zone: Zone2                    	204	202	2
11:35:52  Camera: Shop A                                  	46	57
11:36:06  Zone: Zone1                    	220	198	22
11:36:06  Zone: Zone2                    	207	202	5
11:36:23  Camera: Shop Whale Mall                         	23	39
11:36:23  Zone: Zone2                    	212	202	10
11:36:45  Camera: Shop B                                  	147	161
11:36:56  Zone: Zone1                    	230	202	28
11:36:56  Zone: Zone2                    	216	212	4
11:37:24  Camera: Shop Whale Mall                         	27	41
11:37:30  Zone: Zone2                    	220	214	6
11:37:46  Camera: Shop B                                  	158	166
11:37:46  Zone: Zone1                    	235	213	22
11:37:46  Zone: Zone2                    	231	219	12
11:38:25  Camera: Shop Whale Mall                         	30	52
11:38:38  Zone: Zone2                    	234	230	4
11:40:27  Camera: Shop Whale Mall                         	33	56
11:40:42  Zone: Zone2                    	237	234	3
11:40:49  Camera: Shop B                                  	158	168
11:40:58  Zone: Zone1                    	237	213	24
11:40:58  Zone: Zone2                    	237	236	1
11:41:28  Camera: Shop Whale Mall                         	42	60
11:41:32  Zone: Zone2                    	246	240	6
11:41:51  Camera: Shop B                                  	161	176
11:41:59  Camera: Shop A                                  	46	58
11:42:06  Zone: Zone1                    	246	216	30
11:42:06  Zone: Zone2                    	249	249	0
11:43:53  Camera: Shop B                                  	163	176
11:44:01  Camera: Shop A                                  	47	58
11:44:08  Zone: Zone1                    	246	219	27
11:44:08  Zone: Zone2                    	252	249	3
11:45:01  Service running OK
11:45:32  Camera: Shop Whale Mall                         	44	62
11:45:34  Camera: Level 2 Cafe                            	6	2
11:45:34  Zone: Zone1                    	248	219	29
11:45:34  Zone: Zone2                    	254	251	3
11:46:03  Camera: Shop A                                  	47	60
11:46:06  Zone: Zone1                    	250	219	31
11:46:06  Zone: Zone2                    	254	253	1
11:46:56  Camera: Shop B                                  	165	179
11:46:58  Zone: Zone1                    	253	221	32
11:46:58  Zone: Zone2                    	256	256	0
11:47:04  Camera: Shop A                                  	48	61
11:47:14  Zone: Zone1                    	254	222	32
11:47:14  Zone: Zone2                    	257	257	0
11:48:35  Camera: Shop Whale Mall                         	44	68
11:48:42  Zone: Zone2                    	257	257	0	Net-count has gone negative (-6).  Resetting to zero. (No Balancing Zone)
11:48:58  Camera: Shop B                                  	171	179
11:48:58  Zone: Zone1                    	254	228	26
11:48:58  Zone: Zone2                    	263	257	6
11:49:14  Camera: Level 2 Main Entry                      	5	8
11:49:14  Zone: Zone1                    	254	229	25
11:49:59  Camera: Shop B                                  	173	179
11:50:06  Zone: Zone1                    	254	231	23
11:50:06  Zone: Zone2                    	265	257	8
11:50:38  Camera: Shop Whale Mall                         	57	70
11:50:40  Zone: Zone2                    	278	259	19
11:51:00  Camera: Shop B                                  	173	183
11:51:08  Camera: Shop A                                  	48	71
11:51:14  Zone: Zone1                    	268	231	37
11:51:14  Zone: Zone2                    	278	273	5
11:52:01  Camera: Shop B                                  	177	185
11:52:04  Zone: Zone1                    	270	235	35
11:52:04  Zone: Zone2                    	282	275	7
11:52:10  Camera: Shop A                                  	48	73
11:52:20  Zone: Zone1                    	272	235	37
11:52:20  Zone: Zone2                    	282	277	5
11:52:40  Camera: Shop Whale Mall                         	63	70
11:52:54  Zone: Zone2                    	288	277	11
11:53:02  Camera: Shop B                                  	179	188
11:53:10  Zone: Zone1                    	275	237	38
11:53:10  Zone: Zone2                    	290	280	10
11:53:11  Camera: Shop A                                  	49	74
11:53:26  Zone: Zone1                    	276	238	38
11:53:26  Zone: Zone2                    	291	281	10
11:56:21  Camera: Level 2 Main Entry                      	7	8
11:56:23  Zone: Zone1                    	278	238	40
11:56:44  Camera: Shop Whale Mall                         	63	72
11:56:57  Zone: Zone2                    	291	283	8
11:57:15  Camera: Shop A                                  	50	74
11:57:15  Zone: Zone1                    	278	239	39
11:57:15  Zone: Zone2                    	292	283	9
11:59:09  Camera: Shop B                                  	183	188
11:59:19  Zone: Zone1                    	278	243	35
11:59:19  Zone: Zone2                    	296	283	13
11:59:27  Camera: Level 1 Science Centre Entry 2          	4	3
11:59:35  Zone: Zone1                    	279	243	36
11:59:47  Camera: Shop Whale Mall                         	69	78
11:59:51  Zone: Zone2                    	302	289	13
12:00:09  Logging to daily summary: "12:00 67 54 29 104 91 5"
12:00:09  Service running OK
12:00:10  Camera: Shop B                                  	187	188
12:00:18  Camera: Shop A                                  	51	77
12:00:24  Zone: Zone1                    	282	248	34
12:00:24  Zone: Zone2                    	307	292	15
12:02:31  Camera: Level 1 Science Centre Entry 2          	4	4
12:02:44  Zone: Zone1                    	282	249	33
12:05:24  Camera: Shop A                                  	52	77
12:05:24  Zone: Zone1                    	282	250	32
12:05:24  Zone: Zone2                    	308	292	16
12:05:54  Camera: Shop Whale Mall                         	69	88
12:05:56  Camera: Level 2 Cafe                            	8	2
12:05:58  Zone: Zone1                    	284	250	34
12:05:58  Zone: Zone2                    	308	302	6
12:06:16  Camera: Shop B                                  	187	190
12:06:25  Camera: Shop A                                  	56	81
12:06:30  Zone: Zone1                    	290	254	36
12:06:30  Zone: Zone2                    	312	308	4
12:06:55  Camera: Shop Whale Mall                         	75	88
12:07:01  Zone: Zone2                    	318	308	10
12:07:26  Camera: Shop A                                  	57	81
12:07:35  Zone: Zone1                    	290	255	35
12:07:35  Zone: Zone2                    	319	308	11
12:07:56  Camera: Shop Whale Mall                         	75	90
12:08:09  Zone: Zone2                    	319	310	9
12:12:23  Camera: Shop B                                  	188	190
12:12:37  Zone: Zone1                    	290	256	34
12:12:37  Zone: Zone2                    	320	310	10
12:13:24  Camera: Shop B                                  	190	190
12:13:29  Zone: Zone1                    	290	258	32
12:13:29  Zone: Zone2                    	322	310	12
12:14:33  Camera: Shop A                                  	61	81
12:14:39  Zone: Zone1                    	290	262	28
12:14:39  Zone: Zone2                    	326	310	16
12:15:04  Camera: Shop Whale Mall                         	75	98
12:15:13  Zone: Zone2                    	326	318	8
12:15:13  Service running OK
12:18:29  Camera: Shop B                                  	192	192
12:18:29  Zone: Zone1                    	292	264	28
12:18:29  Zone: Zone2                    	328	320	8
12:19:30  Camera: Shop B                                  	194	194
12:19:39  Zone: Zone1                    	294	266	28
12:19:39  Zone: Zone2                    	330	322	8
12:21:41  Camera: Shop A                                  	62	82
12:21:43  Zone: Zone1                    	295	267	28
12:21:43  Zone: Zone2                    	331	323	8
12:23:51  Camera: Level 2 Main Entry                      	7	9
12:24:05  Zone: Zone1                    	295	268	27
12:24:13  Camera: Shop Whale Mall                         	88	98
12:24:21  Zone: Zone2                    	344	323	21
12:24:44  Camera: Shop A                                  	62	88
12:24:55  Zone: Zone1                    	301	268	33
12:24:55  Zone: Zone2                    	344	329	15
12:25:37  Camera: Shop B                                  	194	196
12:25:47  Zone: Zone1                    	303	268	35
12:25:47  Zone: Zone2                    	344	331	13
12:26:46  Camera: Shop A                                  	64	89
12:26:54  Camera: Level 2 Main Entry                      	7	10
12:26:57  Zone: Zone1                    	304	271	33
12:26:57  Zone: Zone2                    	346	332	14
12:27:58  Camera: Level 1 Science Centre Entry 2          	4	6
12:28:05  Zone: Zone1                    	304	273	31
12:29:49  Camera: Shop A                                  	65	89
12:29:51  Zone: Zone1                    	304	274	30
12:29:51  Zone: Zone2                    	347	332	15
12:30:10  Logging to daily summary: "12:30 25 31 31 45 43 10"
12:30:10  Service running OK
12:31:52  Camera: Shop A                                  	65	90
12:31:55  Zone: Zone1                    	305	274	31
12:31:55  Zone: Zone2                    	347	333	14
12:34:04  Camera: Level 1 Science Centre Entry 2          	4	7
12:34:17  Zone: Zone1                    	305	275	30
12:36:49  Camera: Shop B                                  	196	196
12:36:57  Zone: Zone1                    	305	277	28
12:36:57  Zone: Zone2                    	349	333	16
12:37:50  Camera: Shop B                                  	198	196
12:37:50  Zone: Zone1                    	305	279	26
12:37:50  Zone: Zone2                    	351	333	18
12:37:58  Camera: Shop A                                  	66	92
12:38:06  Zone: Zone1                    	307	280	27
12:38:06  Zone: Zone2                    	352	335	17
12:38:51  Camera: Shop B                                  	198	197
12:38:57  Zone: Zone1                    	308	280	28
12:38:57  Zone: Zone2                    	352	336	16
12:38:59  Camera: Shop A                                  	67	93
12:39:13  Zone: Zone1                    	309	281	28
12:39:13  Zone: Zone2                    	353	337	16
12:39:52  Camera: Shop B                                  	199	199
12:40:05  Zone: Zone1                    	311	282	29
12:40:05  Zone: Zone2                    	354	339	15
12:40:53  Camera: Shop B                                  	201	201
12:40:57  Zone: Zone1                    	313	284	29
12:40:57  Zone: Zone2                    	356	341	15
12:44:05  Camera: Shop A                                  	67	94
12:44:13  Zone: Zone1                    	314	284	30
12:44:13  Zone: Zone2                    	356	342	14
12:44:57  Camera: Shop B                                  	201	206
12:45:05  Zone: Zone1                    	319	284	35
12:45:05  Zone: Zone2                    	356	347	9
12:45:05  Service running OK
12:59:21  Camera: Shop A                                  	68	94
12:59:27  Zone: Zone1                    	319	285	34
12:59:27  Zone: Zone2                    	357	347	10
13:00:04  Logging to daily summary: "13:00 15 11 32 10 15 11"
13:00:04  Service running OK
13:00:14  Camera: Shop B                                  	201	208
13:00:19  Zone: Zone1                    	321	285	36
13:00:19  Zone: Zone2                    	357	349	8
13:00:22  Camera: Shop A                                  	68	95
13:00:35  Zone: Zone1                    	322	285	37
13:00:35  Zone: Zone2                    	357	350	7
13:00:52  Camera: Shop Whale Mall                         	95	101
13:00:52  Zone: Zone2                    	364	353	11
13:01:23  Camera: Shop A                                  	68	96
13:01:26  Zone: Zone1                    	323	285	38
13:01:26  Zone: Zone2                    	364	354	10
13:06:39  Camera: Level 1 Science Centre Entry 2          	4	8
13:06:53  Zone: Zone1                    	323	286	37
13:06:59  Camera: Shop Whale Mall                         	97	111
13:07:10  Zone: Zone2                    	366	364	2
13:07:21  Camera: Shop B                                  	207	210
13:07:26  Zone: Zone1                    	325	292	33
13:07:26  Zone: Zone2                    	372	366	6
13:09:01  Camera: Shop Whale Mall                         	103	111
13:09:12  Zone: Zone2                    	378	366	12
13:09:23  Camera: Shop B                                  	207	216
13:09:28  Zone: Zone1                    	331	292	39
13:09:28  Zone: Zone2                    	378	372	6
13:10:40  Camera: Level 2 Main Entry                      	7	11
13:10:40  Zone: Zone1                    	331	293	38
13:11:26  Camera: Shop B                                  	207	218
13:11:32  Zone: Zone1                    	333	293	40
13:11:32  Zone: Zone2                    	378	374	4
13:14:06  Camera: Shop Whale Mall                         	103	115
13:14:12  Zone: Zone2                    	378	378	0
13:14:37  Camera: Shop A                                  	70	96
13:14:43  Camera: Level 1 Science Centre Lift             	0	1
13:14:46  Zone: Zone1                    	333	296	37
13:14:46  Zone: Zone2                    	380	378	2
13:15:02  Service running OK
13:15:44  Camera: Level 1 Science Centre Lift             	1	1
13:15:54  Zone: Zone1                    	334	296	38
13:17:32  Camera: Shop B                                  	207	224
13:17:40  Zone: Zone1                    	340	296	44
13:17:40  Zone: Zone2                    	380	380	0	Net-count has gone negative (-4).  Resetting to zero. (No Balancing Zone)
13:17:40  Zone: Zone2                    	380	380	0
13:18:11  Camera: Shop Whale Mall                         	111	115
13:18:14  Zone: Zone2                    	388	380	8
13:21:36  Camera: Shop B                                  	208	226
13:21:48  Zone: Zone1                    	342	297	45
13:21:48  Zone: Zone2                    	389	382	7
13:22:15  Camera: Shop Whale Mall                         	115	115
13:22:22  Zone: Zone2                    	393	382	11
13:22:37  Camera: Shop B                                  	208	228
13:22:38  Zone: Zone1                    	344	297	47
13:22:38  Zone: Zone2                    	393	384	9
13:26:42  Camera: Shop B                                  	210	228
13:26:48  Zone: Zone1                    	344	299	45
13:26:48  Zone: Zone2                    	395	384	11
13:27:20  Camera: Shop Whale Mall                         	115	121
13:27:22  Zone: Zone2                    	395	390	5
13:27:43  Camera: Shop B                                  	216	230
13:27:56  Zone: Zone1                    	346	305	41
13:27:56  Zone: Zone2                    	401	392	9
13:28:44  Camera: Shop B                                  	219	230
13:28:48  Zone: Zone1                    	346	308	38
13:28:48  Zone: Zone2                    	404	392	12
13:29:45  Camera: Shop B                                  	223	231
13:29:58  Zone: Zone1                    	347	312	35
13:29:58  Zone: Zone2                    	408	393	15
13:30:17  Logging to daily summary: "13:30 28 27 40 51 46 7"
13:30:17  Service running OK
13:30:24  Camera: Shop Whale Mall                         	119	121
13:30:32  Zone: Zone2                    	412	393	19
13:30:46  Camera: Shop B                                  	223	237
13:30:48  Zone: Zone1                    	353	312	41
13:30:48  Zone: Zone2                    	412	399	13
13:31:47  Camera: Shop B                                  	223	239
13:31:55  Camera: Shop A                                  	71	96
13:31:58  Zone: Zone1                    	355	313	42
13:31:58  Zone: Zone2                    	413	401	12
13:32:26  Camera: Shop Whale Mall                         	119	124
13:32:30  Zone: Zone2                    	413	404	9
13:32:48  Camera: Shop B                                  	227	243
13:33:03  Zone: Zone1                    	359	317	42
13:33:03  Zone: Zone2                    	417	408	9
13:38:55  Camera: Shop B                                  	228	244
13:39:01  Zone: Zone1                    	360	318	42
13:39:01  Zone: Zone2                    	418	409	9
13:39:56  Camera: Shop B                                  	229	245
13:40:11  Zone: Zone1                    	361	319	42
13:40:11  Zone: Zone2                    	419	410	9
13:45:00  Service running OK
13:46:02  Camera: Shop B                                  	230	245
13:46:09  Zone: Zone1                    	361	320	41
13:46:09  Zone: Zone2                    	420	410	10
13:46:18  Camera: Level 2 Main Entry                      	7	12
13:46:25  Zone: Zone1                    	361	321	40
13:47:03  Camera: Shop B                                  	234	251
13:47:12  Camera: Shop A                                  	73	96
13:47:17  Zone: Zone1                    	367	327	40
13:47:17  Zone: Zone2                    	426	416	10
13:47:19  Camera: Level 2 Main Entry                      	8	12
13:47:33  Zone: Zone1                    	368	327	41
13:48:04  Camera: Shop B                                  	234	253
13:48:04  Zone: Zone1                    	370	327	43
13:48:04  Zone: Zone2                    	426	418	8
13:48:13  Camera: Shop A                                  	73	97
13:48:20  Zone: Zone1                    	371	327	44
13:48:20  Zone: Zone2                    	426	419	7
13:49:05  Camera: Shop B                                  	236	253
13:49:12  Zone: Zone1                    	371	329	42
13:49:12  Zone: Zone2                    	428	419	9
13:52:09  Camera: Shop B                                  	236	255
13:52:10  Zone: Zone1                    	373	329	44
13:52:10  Zone: Zone2                    	428	421	7
13:52:17  Camera: Shop A                                  	74	97
13:52:26  Zone: Zone1                    	373	330	43
13:52:26  Zone: Zone2                    	429	421	8
13:53:18  Camera: Shop A                                  	74	98
13:53:18  Zone: Zone1                    	374	330	44
13:53:18  Zone: Zone2                    	429	422	7
13:56:21  Camera: Shop A                                  	75	98
13:56:34  Zone: Zone1                    	374	331	43
13:56:34  Zone: Zone2                    	430	422	8
13:57:22  Camera: Shop A                                  	78	100
13:57:26  Zone: Zone1                    	376	334	42
13:57:26  Zone: Zone2                    	433	424	9
13:58:23  Camera: Shop A                                  	80	100
13:58:36  Zone: Zone1                    	376	336	40
13:58:36  Zone: Zone2                    	435	424	11
13:58:54  Camera: Shop Whale Mall                         	119	126
13:58:54  Zone: Zone2                    	435	426	9
13:59:24  Camera: Shop A                                  	80	101
13:59:27  Zone: Zone1                    	377	336	41
13:59:27  Zone: Zone2                    	435	427	8
14:00:04  Logging to daily summary: "14:00 30 24 42 27 34 8"
14:00:04  Service running OK
14:00:26  Camera: Shop A                                  	81	102
14:00:37  Zone: Zone1                    	378	337	41
14:00:37  Zone: Zone2                    	436	428	8
14:01:27  Camera: Shop A                                  	81	103
14:01:29  Zone: Zone1                    	379	337	42
14:01:29  Zone: Zone2                    	436	429	7
14:02:20  Camera: Shop B                                  	238	255
14:02:21  Zone: Zone1                    	379	339	40
14:02:21  Zone: Zone2                    	438	429	9
14:02:28  Camera: Shop A                                  	83	107
14:02:37  Zone: Zone1                    	383	341	42
14:02:37  Zone: Zone2                    	440	433	7
14:04:30  Camera: Shop A                                  	85	107
14:04:41  Zone: Zone1                    	383	343	40
14:04:41  Zone: Zone2                    	442	433	9
14:05:23  Camera: Shop B                                  	238	257
14:05:31  Camera: Shop A                                  	86	109
14:05:33  Zone: Zone1                    	387	344	43
14:05:33  Zone: Zone2                    	443	437	6
14:06:24  Camera: Shop B                                  	240	261
14:06:24  Zone: Zone1                    	391	346	45
14:06:24  Zone: Zone2                    	445	441	4
14:10:36  Camera: Shop A                                  	86	111
14:10:36  Zone: Zone1                    	393	346	47
14:10:37  Zone: Zone2                    	445	443	2
14:11:29  Camera: Shop B                                  	242	261
14:11:29  Zone: Zone1                    	393	348	45
14:11:29  Zone: Zone2                    	447	443	4
14:11:37  Camera: Shop A                                  	86	112
14:11:45  Zone: Zone1                    	394	348	46
14:11:45  Zone: Zone2                    	447	444	3
14:11:48  Camera: Level 1 Science Centre Entry 2          	9	9
14:12:01  Zone: Zone1                    	399	349	50
14:12:30  Camera: Shop B                                  	242	262
14:12:34  Zone: Zone1                    	400	349	51
14:12:34  Zone: Zone2                    	447	445	2
14:12:39  Camera: Shop A                                  	87	112
14:12:50  Zone: Zone1                    	400	350	50
14:12:50  Zone: Zone2                    	448	445	3
14:13:40  Camera: Shop A                                  	89	115
14:13:42  Zone: Zone1                    	403	352	51
14:13:42  Zone: Zone2                    	450	448	2
14:14:33  Camera: Shop B                                  	242	264
14:14:34  Zone: Zone1                    	405	352	53
14:14:34  Zone: Zone2                    	450	450	0
14:15:11  Service running OK
14:15:42  Camera: Shop A                                  	90	116
14:15:44  Zone: Zone1                    	406	353	53
14:15:44  Zone: Zone2                    	451	451	0
14:17:36  Camera: Shop B                                  	243	268
14:17:44  Camera: Shop A                                  	90	117
14:17:48  Zone: Zone1                    	411	354	57
14:17:48  Zone: Zone2                    	452	452	0	Net-count has gone negative (-4).  Resetting to zero. (No Balancing Zone)
14:17:48  Zone: Zone2                    	452	452	0
14:18:37  Camera: Shop B                                  	246	270
14:18:38  Zone: Zone1                    	413	357	56
14:18:38  Zone: Zone2                    	455	454	1
14:19:15  Camera: Shop Whale Mall                         	121	128
14:19:30  Zone: Zone2                    	457	456	1
14:19:38  Camera: Shop B                                  	247	272
14:19:46  Zone: Zone1                    	415	358	57
14:19:46  Zone: Zone2                    	458	458	0
14:19:46  Camera: Shop A                                  	92	119
14:20:02  Zone: Zone1                    	417	360	57
14:20:02  Zone: Zone2                    	460	460	0
14:22:20  Camera: Level 2 Cafe                            	10	3
14:22:23  Zone: Zone1                    	419	361	58
14:24:43  Camera: Shop B                                  	247	274
14:24:45  Zone: Zone1                    	421	361	60
14:24:45  Zone: Zone2                    	460	460	0	Net-count has gone negative (-2).  Resetting to zero. (No Balancing Zone)
14:24:52  Camera: Shop A                                  	93	119
14:25:01  Zone: Zone1                    	421	362	59
14:25:01  Zone: Zone2                    	461	460	1
14:25:22  Camera: Shop Whale Mall                         	123	128
14:25:35  Zone: Zone2                    	463	460	3
14:25:53  Camera: Shop A                                  	93	121
14:25:53  Zone: Zone1                    	423	362	61
14:25:53  Zone: Zone2                    	463	462	1
14:26:45  Camera: Shop B                                  	247	276
14:26:46  Zone: Zone1                    	425	362	63
14:26:46  Zone: Zone2                    	463	463	0	Net-count has gone negative (-1).  Resetting to zero. (No Balancing Zone)
14:26:46  Zone: Zone2                    	463	463	0
14:27:26  Camera: Level 2 Cafe                            	11	3
14:27:37  Zone: Zone1                    	426	362	64
14:28:48  Camera: Shop B                                  	247	277
14:28:48  Zone: Zone1                    	427	362	65
14:28:48  Zone: Zone2                    	463	463	0	Net-count has gone negative (-1).  Resetting to zero. (No Balancing Zone)
14:29:49  Camera: Shop B                                  	248	277
14:29:57  Camera: Shop A                                  	94	121
14:29:57  Zone: Zone1                    	427	364	63
14:29:57  Zone: Zone2                    	465	463	2
14:30:13  Logging to daily summary: "14:30 50 28 52 30 36 2"
14:30:13  Service running OK
14:30:27  Camera: Shop Whale Mall                         	123	130
14:30:29  Zone: Zone2                    	465	465	0
14:30:50  Camera: Shop B                                  	249	278
14:31:02  Zone: Zone1                    	428	365	63
14:31:02  Zone: Zone2                    	466	466	0
14:31:51  Camera: Shop B                                  	250	280
14:31:54  Zone: Zone1                    	430	366	64
14:31:54  Zone: Zone2                    	467	467	0	Net-count has gone negative (-1).  Resetting to zero. (No Balancing Zone)
14:31:54  Zone: Zone2                    	467	467	0
14:32:52  Camera: Shop B                                  	252	280
14:33:00  Camera: Shop A                                  	96	122
14:33:04  Zone: Zone1                    	431	370	61
14:33:04  Zone: Zone2                    	471	468	3
14:33:30  Camera: Shop Whale Mall                         	123	132
14:33:36  Zone: Zone2                    	471	470	1
14:33:53  Camera: Shop B                                  	252	282
14:33:53  Zone: Zone1                    	433	370	63
14:33:53  Zone: Zone2                    	471	471	0	Net-count has gone negative (-1).  Resetting to zero. (No Balancing Zone)
14:33:53  Zone: Zone2                    	471	471	0
14:34:01  Camera: Shop A                                  	96	123
14:34:09  Zone: Zone1                    	434	370	64
14:34:09  Zone: Zone2                    	471	471	0	Net-count has gone negative (-1).  Resetting to zero. (No Balancing Zone)
14:34:32  Camera: Shop Whale Mall                         	125	134
14:34:43  Zone: Zone2                    	473	473	0
14:34:54  Camera: Shop B                                  	254	284
14:34:59  Zone: Zone1                    	436	372	64
14:34:59  Zone: Zone2                    	475	475	0
14:35:02  Camera: Shop A                                  	97	127
14:35:15  Zone: Zone1                    	440	373	67
14:35:15  Zone: Zone2                    	476	476	0	Net-count has gone negative (-3).  Resetting to zero. (No Balancing Zone)
14:35:15  Zone: Zone2                    	476	476	0
14:35:55  Camera: Shop B                                  	254	286
14:36:03  Camera: Shop A                                  	99	127
14:36:06  Zone: Zone1                    	442	375	67
14:36:06  Zone: Zone2                    	478	478	0
14:36:56  Camera: Shop B                                  	256	286
14:36:56  Zone: Zone1                    	442	377	65
14:36:56  Zone: Zone2                    	480	478	2
14:40:00  Camera: Shop B                                  	260	290
14:40:08  Camera: Shop A                                  	100	127
14:40:12  Zone: Zone1                    	446	382	64
14:40:12  Zone: Zone2                    	485	482	3
14:43:03  Camera: Shop B                                  	264	291
14:43:08  Zone: Zone1                    	447	386	61
14:43:08  Zone: Zone2                    	489	483	6
14:43:11  Camera: Shop A                                  	100	128
14:43:24  Zone: Zone1                    	448	386	62
14:43:24  Zone: Zone2                    	489	484	5
14:44:04  Camera: Shop B                                  	264	293
14:44:16  Zone: Zone1                    	450	386	64
14:44:16  Zone: Zone2                    	489	486	3
14:45:05  Camera: Shop B                                  	267	294
14:45:08  Zone: Zone1                    	451	389	62
14:45:08  Zone: Zone2                    	492	487	5
14:45:08  Service running OK
14:45:13  Camera: Shop A                                  	100	130
14:45:24  Zone: Zone1                    	453	389	64
14:45:24  Zone: Zone2                    	492	489	3
14:46:06  Camera: Shop B                                  	274	295
14:46:14  Camera: Shop A                                  	100	131
14:46:16  Zone: Zone1                    	455	396	59
14:46:16  Zone: Zone2                    	499	491	8
14:47:15  Camera: Shop A                                  	103	132
14:47:24  Zone: Zone1                    	456	399	57
14:47:24  Zone: Zone2                    	502	492	10
14:48:16  Camera: Shop A                                  	103	133
14:48:16  Zone: Zone1                    	457	399	58
14:48:16  Zone: Zone2                    	502	493	9
14:48:24  Camera: Level 2 Main Entry                      	8	13
14:48:32  Zone: Zone1                    	457	400	57
14:50:10  Camera: Shop B                                  	276	295
14:50:18  Zone: Zone1                    	457	402	55
14:50:18  Zone: Zone2                    	504	493	11
14:57:18  Camera: Shop B                                  	278	295
14:57:28  Zone: Zone1                    	457	404	53
14:57:28  Zone: Zone2                    	506	493	13
14:58:19  Camera: Shop B                                  	278	297
14:58:20  Zone: Zone1                    	459	404	55
14:58:20  Zone: Zone2                    	506	495	11
15:00:09  Logging to daily summary: "15:00 32 40 60 41 32 6"
15:00:09  Service running OK
15:00:37  Camera: Level 2 Main Entry                      	8	14
15:00:42  Zone: Zone1                    	459	405	54
15:03:24  Camera: Shop B                                  	278	298
15:03:24  Zone: Zone1                    	460	405	55
15:03:24  Zone: Zone2                    	506	496	10
15:03:40  Camera: Level 2 Main Entry                      	9	14
15:03:40  Zone: Zone1                    	461	405	56
15:04:25  Camera: Shop B                                  	279	298
15:04:32  Zone: Zone1                    	461	406	55
15:04:32  Zone: Zone2                    	507	496	11
15:04:44  Camera: Level 1 Science Centre Entry 2          	9	11
15:04:48  Zone: Zone1                    	461	408	53
15:05:26  Camera: Shop B                                  	279	301
15:05:35  Camera: Shop A                                  	104	133
15:05:40  Zone: Zone1                    	464	409	55
15:05:40  Zone: Zone2                    	508	499	9
15:05:45  Camera: Level 1 Science Centre Entry 2          	13	11
15:05:56  Zone: Zone1                    	468	409	59
15:06:27  Camera: Shop B                                  	281	303
15:06:28  Zone: Zone1                    	470	411	59
15:06:28  Zone: Zone2                    	510	501	9
15:06:46  Camera: Level 1 Science Centre Entry 2          	16	13
15:07:01  Zone: Zone1                    	473	413	60
15:07:29  Camera: Shop B                                  	283	305
15:07:35  Zone: Zone1                    	475	415	60
15:07:35  Zone: Zone2                    	512	503	9
15:08:30  Camera: Shop B                                  	287	308
15:08:45  Zone: Zone1                    	478	419	59
15:08:45  Zone: Zone2                    	516	506	10
15:09:31  Camera: Shop B                                  	287	312
15:09:37  Zone: Zone1                    	482	419	63
15:09:37  Zone: Zone2                    	516	510	6
15:10:32  Camera: Shop B                                  	289	312
15:10:47  Zone: Zone1                    	482	421	61
15:10:47  Zone: Zone2                    	518	510	8
15:13:35  Camera: Shop B                                  	291	314
15:13:45  Zone: Zone1                    	484	423	61
15:13:45  Zone: Zone2                    	520	512	8
15:14:44  Camera: Shop A                                  	106	133
15:14:55  Zone: Zone1                    	484	425	59
15:14:55  Zone: Zone2                    	522	512	10
15:15:14  Service running OK
15:15:45  Camera: Shop A                                  	106	134
15:15:47  Zone: Zone1                    	485	425	60
15:15:47  Zone: Zone2                    	522	513	9
15:16:38  Camera: Shop B                                  	293	316
15:16:39  Zone: Zone1                    	487	427	60
15:16:39  Zone: Zone2                    	524	515	9
15:16:46  Camera: Shop A                                  	108	136
15:16:55  Zone: Zone1                    	489	429	60
15:16:55  Zone: Zone2                    	526	517	9
15:17:47  Camera: Shop A                                  	109	139
15:17:48  Zone: Zone1                    	492	430	62
15:17:48  Zone: Zone2                    	527	520	7
15:18:40  Camera: Shop B                                  	294	316
15:18:40  Zone: Zone1                    	492	431	61
15:18:40  Zone: Zone2                    	528	520	8
15:18:49  Camera: Shop A                                  	111	140
15:18:56  Zone: Zone1                    	493	433	60
15:18:56  Zone: Zone2                    	530	521	9
15:19:50  Camera: Shop A                                  	114	145
15:19:50  Zone: Zone1                    	498	436	62
15:19:50  Zone: Zone2                    	533	526	7
15:20:51  Camera: Shop A                                  	117	147
15:20:59  Zone: Zone1                    	500	439	61
15:20:59  Zone: Zone2                    	536	528	8
15:21:52  Camera: Shop A                                  	117	148
15:21:52  Zone: Zone1                    	501	439	62
15:21:52  Zone: Zone2                    	536	529	7
15:22:53  Camera: Shop A                                  	119	148
15:23:01  Zone: Zone1                    	501	441	60
15:23:01  Zone: Zone2                    	538	529	9
15:23:54  Camera: Shop A                                  	121	148
15:23:54  Zone: Zone1                    	501	443	58
15:23:54  Zone: Zone2                    	540	529	11
15:26:49  Camera: Shop B                                  	294	318
15:26:52  Zone: Zone1                    	503	443	60
15:26:52  Zone: Zone2                    	540	531	9
15:26:57  Camera: Shop A                                  	121	150
15:27:08  Zone: Zone1                    	505	443	62
15:27:08  Zone: Zone2                    	540	533	7
15:27:50  Camera: Shop B                                  	294	320
15:27:58  Camera: Shop A                                  	122	151
15:28:00  Zone: Zone1                    	508	444	64
15:28:00  Zone: Zone2                    	541	536	5
15:30:00  Camera: Shop A                                  	123	151
15:30:02  Zone: Zone1                    	508	445	63
15:30:02  Zone: Zone2                    	542	536	6
15:30:02  Logging to daily summary: "15:30 49 41 59 36 41 8"
15:30:02  Service running OK
15:31:02  Camera: Shop A                                  	123	152
15:31:12  Zone: Zone1                    	509	445	64
15:31:12  Zone: Zone2                    	542	537	5
15:31:54  Camera: Shop B                                  	296	320
15:32:04  Zone: Zone1                    	509	447	62
15:32:04  Zone: Zone2                    	544	537	7
15:32:55  Camera: Shop B                                  	298	320
15:32:56  Zone: Zone1                    	509	449	60
15:32:56  Zone: Zone2                    	546	537	9
15:34:05  Camera: Shop A                                  	123	153
15:34:06  Zone: Zone1                    	510	449	61
15:34:06  Zone: Zone2                    	546	538	8
15:38:01  Camera: Shop B                                  	301	320
15:38:16  Zone: Zone1                    	510	452	58
15:38:16  Zone: Zone2                    	549	538	11
15:39:18  Camera: Level 2 Main Entry                      	9	15
15:39:26  Zone: Zone1                    	510	453	57
15:43:14  Camera: Shop A                                  	124	154
15:43:18  Zone: Zone1                    	511	454	57
15:43:18  Zone: Zone2                    	550	539	11
15:45:07  Service running OK
15:47:19  Camera: Shop A                                  	124	155
15:47:28  Zone: Zone1                    	512	454	58
15:47:28  Zone: Zone2                    	550	540	10
15:50:14  Camera: Shop B                                  	303	320
15:50:26  Zone: Zone1                    	512	456	56
15:50:26  Zone: Zone2                    	552	540	12
15:51:15  Camera: Shop B                                  	306	324
15:51:18  Zone: Zone1                    	516	459	57
15:51:18  Zone: Zone2                    	555	544	11
15:52:16  Camera: Shop B                                  	307	326
15:52:24  Camera: Shop A                                  	125	155
15:52:28  Zone: Zone1                    	518	461	57
15:52:28  Zone: Zone2                    	557	546	11
15:53:17  Camera: Shop B                                  	307	327
15:53:18  Zone: Zone1                    	519	461	58
15:53:18  Zone: Zone2                    	557	547	10
15:54:26  Camera: Shop A                                  	125	156
15:54:28  Zone: Zone1                    	520	461	59
15:54:28  Zone: Zone2                    	557	548	9
15:54:34  Camera: Level 2 Main Entry                      	9	16
15:54:44  Zone: Zone1                    	520	462	58
15:55:19  Camera: Shop B                                  	309	329
15:55:19  Zone: Zone1                    	522	464	58
15:55:19  Zone: Zone2                    	559	550	9
15:56:20  Camera: Shop B                                  	309	336
15:56:29  Zone: Zone1                    	529	464	65
15:56:29  Zone: Zone2                    	559	557	2
15:57:21  Camera: Shop B                                  	309	338
15:57:21  Zone: Zone1                    	531	464	67
15:57:21  Zone: Zone2                    	559	559	0
16:00:04  Logging to daily summary: "16:00 23 19 59 17 23 8"
16:00:04  Service running OK
16:15:04  Service running OK
16:16:42  Camera: Shop B                                  	310	338
16:16:49  Zone: Zone1                    	531	465	66
16:16:49  Zone: Zone2                    	560	559	1
16:28:12  Camera: Level 1 Science Centre Entry 2          	16	14
16:28:12  Zone: Zone1                    	531	466	65
16:30:01  Logging to daily summary: "16:30 0 2 66 1 0 0"
16:30:01  Service running OK
16:30:04  Camera: Shop A                                  	126	156
16:30:16  Zone: Zone1                    	531	467	64
16:30:16  Zone: Zone2                    	561	559	2
16:32:59  Camera: Shop B                                  	310	340
16:33:14  Zone: Zone1                    	533	467	66
16:33:14  Zone: Zone2                    	561	561	0
16:35:01  Camera: Shop B                                  	310	341
16:35:01  Zone: Zone1                    	534	467	67
16:35:01  Zone: Zone2                    	561	561	0	Net-count has gone negative (-1).  Resetting to zero. (No Balancing Zone)
16:42:27  Camera: Level 1 Science Centre Entry 2          	17	15
16:42:29  Zone: Zone1                    	535	468	67
16:43:28  Camera: Level 1 Science Centre Entry 2          	22	20
16:43:39  Zone: Zone1                    	540	473	67
16:44:29  Camera: Level 1 Science Centre Entry 2          	27	23
16:44:31  Zone: Zone1                    	545	476	69
16:45:08  Service running OK
16:45:28  Camera: Level 2 Main Entry                      	14	18
16:45:41  Zone: Zone1                    	550	478	72
16:46:29  Camera: Level 2 Main Entry                      	15	18
16:46:33  Zone: Zone1                    	551	478	73
16:47:30  Camera: Level 2 Main Entry                      	15	19
16:47:43  Zone: Zone1                    	551	479	72
16:50:18  Camera: Shop B                                  	312	341
16:50:23  Zone: Zone1                    	551	481	70
16:50:23  Zone: Zone2                    	563	561	2
16:52:20  Camera: Shop B                                  	312	343
16:52:27  Zone: Zone1                    	553	481	72
16:52:27  Zone: Zone2                    	563	563	0
16:55:23  Camera: Shop B                                  	314	343
16:55:25  Zone: Zone1                    	553	483	70
16:55:25  Zone: Zone2                    	565	563	2
16:59:35  Camera: Shop A                                  	126	157
16:59:36  Zone: Zone1                    	554	483	71
16:59:36  Zone: Zone2                    	565	564	1
17:00:12  Logging to daily summary: "17:00 23 17 68 5 5 0"
17:00:12  Service running OK
17:04:33  Camera: Shop B                                  	316	343
17:04:39  Zone: Zone1                    	554	485	69
17:04:39  Zone: Zone2                    	567	564	3
17:15:10  Service running OK
17:16:46  Camera: Shop B                                  	316	348
17:16:54  Camera: Shop A                                  	127	157
17:16:55  Zone: Zone1                    	559	486	73
17:16:55  Zone: Zone2                    	568	568	0	Net-count has gone negative (-1).  Resetting to zero. (No Balancing Zone)
17:16:55  Zone: Zone2                    	568	568	0
17:17:24  Camera: Shop Whale Mall                         	127	136
17:17:27  Zone: Zone2                    	570	570	0
17:17:47  Camera: Shop B                                  	318	348
17:18:00  Zone: Zone1                    	559	488	71
17:18:00  Zone: Zone2                    	572	570	2
17:18:48  Camera: Shop B                                  	318	352
17:18:52  Zone: Zone1                    	563	488	75
17:18:52  Zone: Zone2                    	572	572	0	Net-count has gone negative (-2).  Resetting to zero. (No Balancing Zone)
17:18:52  Zone: Zone2                    	572	572	0
17:19:57  Camera: Shop A                                  	128	158
17:20:02  Zone: Zone1                    	564	489	75
17:20:02  Zone: Zone2                    	573	573	0
17:20:50  Camera: Shop B                                  	318	354
17:20:54  Zone: Zone1                    	566	489	77
17:20:54  Zone: Zone2                    	573	573	0	Net-count has gone negative (-2).  Resetting to zero. (No Balancing Zone)
17:30:13  Logging to daily summary: "17:30 12 6 72 8 9 1"
17:30:13  Service running OK
17:42:13  Camera: Shop B                                  	320	354
17:42:23  Camera: Shop A                                  	128	159
17:42:28  Zone: Zone1                    	567	491	76
17:42:28  Zone: Zone2                    	575	574	1
17:43:14  Camera: Shop B                                  	320	356
17:43:18  Zone: Zone1                    	569	491	78
17:43:18  Zone: Zone2                    	575	575	0	Net-count has gone negative (-1).  Resetting to zero. (No Balancing Zone)
17:43:18  Zone: Zone2                    	575	575	0
17:45:07  Service running OK
18:00:07  Logging to daily summary: "18:00 3 2 77 2 2 0"
18:00:07  Service running OK
18:12:11  Camera: Level 2 Main Entry                      	15	20
18:12:24  Zone: Zone1                    	569	492	77
18:13:25  Camera: Level 2 Cafe                            	13	5
18:13:34  Zone: Zone1                    	571	494	77
18:15:05  Service running OK
18:30:05  Logging to daily summary: "18:30 2 3 77 0 0 0"
18:30:05  Service running OK
18:45:05  Service running OK
19:00:05  Logging to daily summary: "19:00 0 0 77 0 0 0"
19:00:05  Service running OK
19:15:06  Service running OK
19:30:06  Logging to daily summary: "19:30 0 0 77 0 0 0"
19:30:06  Service running OK
19:45:06  Service running OK
20:00:06  Logging to daily summary: "20:00 0 0 77 0 0 0"
20:00:06  Service running OK
20:15:06  Service running OK
20:30:10  Logging to daily summary: "20:30 0 0 77 0 0 0"
20:30:10  Service running OK
20:45:10  Service running OK
21:00:10  Logging to daily summary: "21:00 0 0 77 0 0 0"
21:00:10  Service running OK
21:15:10  Service running OK
21:30:10  Logging to daily summary: "21:30 0 0 77 0 0 0"
21:30:10  Service running OK
21:45:10  Service running OK
22:00:10  Logging to daily summary: "22:00 0 0 77 0 0 0"
22:00:10  Service running OK
22:00:43  Stop time reached.
22:00:43  Camera 'Level 1 Science Centre Entry 1' - final counts 0 0
22:00:43  Camera 'Level 1 Science Centre Entry 2' - final counts 27 23
22:00:43  Camera 'Level 1 Science Centre Lift' - final counts 1 1
22:00:43  Camera 'Level 2 Main Entry' - final counts 15 20
22:00:43  Camera 'Level 2 Lift' - final counts 0 1
22:00:43  Camera 'Shop A' - final counts 128 159
22:00:43  Camera 'Shop B' - final counts 320 356
22:00:43  Camera 'Shop Whale Mall' - final counts 127 136
22:00:43  Camera 'Level 2 Cafe' - final counts 13 5
22:00:43  Zone: Zone1                    	571	494	77
22:00:43  Zone: Zone2                    	575	575	0
22:00:43  Level 1 Science Centre Entry 1: IrisysIP counts reset requested.
22:00:43  Level 1 Science Centre Entry 2: IrisysIP counts reset requested.
22:00:43  Level 1 Science Centre Lift: IrisysIP counts reset requested.
22:00:43  Level 2 Main Entry: IrisysIP counts reset requested.
22:00:43  Level 2 Lift: IrisysIP counts reset requested.
22:00:43  Shop A: IrisysIP counts reset requested.
22:00:43  Shop B: IrisysIP counts reset requested.
22:00:43  Shop Whale Mall: IrisysIP counts reset requested.
22:00:43  Level 2 Cafe: IrisysIP counts reset requested.
22:00:48  Failed to send email.
22:00:48  Displaying shutdown on 0 display(s)
22:00:48  End the manager threads.
22:00:48  Close all CAN threads.
22:00:48  All CAN threads, now flagged to be closed.
22:00:48  Close all IrisysIP threads.
22:00:48  Attempting to reset counts for IrisysIP Camera Level 1 Science Centre Lift
22:01:35  Error! Level 1 Science Centre Entry 1: The IrisysIP thread needs to be terminated but has not reset.
22:01:35  Level 1 Science Centre Entry 1: The Irisys IP thread has been flagged to end.
22:01:40  Level 1 Science Centre Lift: InCountCorrection set in registry to: 0
22:01:40  Level 1 Science Centre Lift: OutCountCorrection set in registry to: 0
22:01:41  Level 1 Science Centre Lift: has reset camera
22:01:41  Level 1 Science Centre Entry 1: Main Data Collection loop has finished (g_bStopFlag=0, m_bEndThread=1).
22:01:41  Level 1 Science Centre Entry 1: The Irisys IP thread has ended.
22:01:49  Attempting to reset counts for IrisysIP Camera Level 2 Cafe
22:01:49  Attempting to reset counts for IrisysIP Camera Level 2 Main Entry
22:01:49  Attempting to reset counts for IrisysIP Camera Level 1 Science Centre Entry 2
22:01:49  Attempting to reset counts for IrisysIP Camera Level 2 Lift
22:01:49  Attempting to reset counts for IrisysIP Camera Shop B
22:01:49  Attempting to reset counts for IrisysIP Camera Shop Whale Mall
22:01:49  Attempting to reset counts for IrisysIP Camera Shop A
22:02:00  Level 2 Cafe: InCountCorrection set in registry to: 0
22:02:00  Level 2 Cafe: OutCountCorrection set in registry to: 0
22:02:01  Level 2 Cafe: has reset camera
22:02:11  Level 2 Main Entry: InCountCorrection set in registry to: 0
22:02:11  Level 2 Main Entry: OutCountCorrection set in registry to: 0
22:02:12  Level 2 Main Entry: has reset camera
22:02:12  Level 1 Science Centre Entry 2: InCountCorrection set in registry to: 0
22:02:12  Level 1 Science Centre Entry 2: OutCountCorrection set in registry to: 0
22:02:13  Level 1 Science Centre Entry 2: has reset camera
22:02:13  Level 1 Science Centre Entry 2: The Irisys IP thread has been flagged to end.
22:02:14  Level 2 Lift: InCountCorrection set in registry to: 0
22:02:14  Level 2 Lift: OutCountCorrection set in registry to: 0
22:02:15  Level 2 Lift: has reset camera
22:02:16  Shop B: InCountCorrection set in registry to: 0
22:02:16  Shop B: OutCountCorrection set in registry to: 0
22:02:17  Shop B: has reset camera
22:02:18  Shop Whale Mall: InCountCorrection set in registry to: 0
22:02:18  Shop Whale Mall: OutCountCorrection set in registry to: 0
22:02:19  Shop Whale Mall: has reset camera
22:02:20  Shop A: InCountCorrection set in registry to: 0
22:02:20  Shop A: OutCountCorrection set in registry to: 0
22:02:21  Shop A: has reset camera
22:02:42  Camera: Level 1 Science Centre Lift             	0	0
22:02:42  Level 1 Science Centre Lift IrisysIP camera has reset
22:03:02  Camera: Level 2 Cafe                            	0	0
22:03:02  Level 2 Cafe IrisysIP camera has reset
22:03:12  Level 1 Science Centre Entry 2: Main Data Collection loop has finished (g_bStopFlag=0, m_bEndThread=1).
22:03:12  Level 1 Science Centre Entry 2: The Irisys IP thread has ended.
22:03:12  Level 1 Science Centre Lift: The Irisys IP thread has been flagged to end.
22:03:13  Camera: Level 2 Main Entry                      	0	0
22:03:13  Level 2 Main Entry IrisysIP camera has reset
22:03:16  Camera: Level 2 Lift                            	0	0
22:03:16  Level 2 Lift IrisysIP camera has reset
22:03:18  Camera: Shop B                                  	0	0
22:03:18  Shop B IrisysIP camera has reset
22:03:20  Camera: Shop Whale Mall                         	0	0
22:03:20  Shop Whale Mall IrisysIP camera has reset
22:03:22  Camera: Shop A                                  	0	0
22:03:22  Shop A IrisysIP camera has reset
22:03:41  Level 1 Science Centre Lift: Main Data Collection loop has finished (g_bStopFlag=0, m_bEndThread=1).
22:03:42  Level 1 Science Centre Lift: The Irisys IP thread has ended.
22:03:42  Level 2 Main Entry: The Irisys IP thread has been flagged to end.
22:04:12  Level 2 Main Entry: Main Data Collection loop has finished (g_bStopFlag=0, m_bEndThread=1).
22:04:12  Level 2 Main Entry: The Irisys IP thread has ended.
22:04:12  Level 2 Lift: The Irisys IP thread has been flagged to end.
22:04:15  Level 2 Lift: Main Data Collection loop has finished (g_bStopFlag=0, m_bEndThread=1).
22:04:15  Level 2 Lift: The Irisys IP thread has ended.
22:04:15  Shop A: The Irisys IP thread has been flagged to end.
22:04:21  Shop A: Main Data Collection loop has finished (g_bStopFlag=0, m_bEndThread=1).
22:04:21  Shop A: The Irisys IP thread has ended.
22:04:21  Shop B: The Irisys IP thread has been flagged to end.
22:04:21  Shop B: Main Data Collection loop has finished (g_bStopFlag=0, m_bEndThread=1).
22:04:21  Shop B: The Irisys IP thread has ended.
22:04:21  Shop Whale Mall: The Irisys IP thread has been flagged to end.
22:04:21  Shop Whale Mall: Main Data Collection loop has finished (g_bStopFlag=0, m_bEndThread=1).
22:04:21  Shop Whale Mall: The Irisys IP thread has ended.
22:04:21  Level 2 Cafe: The Irisys IP thread has been flagged to end.
22:05:02  Level 2 Cafe: Main Data Collection loop has finished (g_bStopFlag=0, m_bEndThread=1).
22:05:02  Level 2 Cafe: The Irisys IP thread has ended.
22:05:02  All IrisysIP threads, now flagged to be closed.
22:05:02  Close all iCount threads.
22:05:02  All iCount threads, now flagged to be closed.
22:05:02  Close all eDAM threads.
22:05:02  All eDAM threads, now flagged to be closed.
22:05:02  Zone1 Zone: OutCountAdjust (-4).
22:05:02  Zone2 Zone: OutCountAdjust (-76).
22:05:02  Camera 'Level 1 Science Centre Entry 1' - maximum flow 0 at 09:30:00
22:05:02  Camera 'Level 1 Science Centre Entry 2' - maximum flow 10 at 16:44:16
22:05:02  Camera 'Level 1 Science Centre Lift' - maximum flow 1 at 13:15:02
22:05:02  Camera 'Level 2 Main Entry' - maximum flow 7 at 16:46:00
22:05:02  Camera 'Level 2 Lift' - maximum flow 1 at 10:42:04
22:05:02  Camera 'Shop A' - maximum flow 10 at 11:51:14
22:05:02  Camera 'Shop B' - maximum flow 17 at 10:45:12
22:05:02  Camera 'Shop Whale Mall' - maximum flow 15 at 11:51:14
22:05:02  Camera 'Level 2 Cafe' - maximum flow 4 at 10:02:12
22:05:02  Camera 'Level 1 Science Centre Entry 1' refreshing registry counts
22:05:02  Camera 'Level 1 Science Centre Entry 2' refreshing registry counts
22:05:02  Camera 'Level 1 Science Centre Lift' refreshing registry counts
22:05:02  Camera 'Level 2 Main Entry' refreshing registry counts
22:05:02  Camera 'Level 2 Lift' refreshing registry counts
22:05:02  Camera 'Shop A' refreshing registry counts
22:05:02  Camera 'Shop B' refreshing registry counts
22:05:02  Camera 'Shop Whale Mall' refreshing registry counts
22:05:02  Camera 'Level 2 Cafe' refreshing registry counts
22:05:02  Zone 'Zone1' refreshing file counts
22:05:02  Zone 'Zone2' refreshing file counts
22:05:02  Processing application not specified
22:05:02  Logging Counting Stopped

