
09:00:12  RECAP $Revision: 3.13.2.13 $ ($State: Exp $) built 09:15:45, Aug  3 2010
09:00:12  Logging Counting Started
09:00:12  Start time: 09:30 (570 minutes past midnight)
09:00:12  Stop time: 22:00 (1320 minutes past midnight)
09:00:12  Log period: 30 minutes
09:00:12  Initialising 0 display(s)
09:00:13  Initialising 9 camera(s)
09:00:13  IrisysIP counter(s) in use, Starting BlackFin API
09:00:13  If RECAP crashes, check .NET framework and VCRedist are installed.
09:00:13  BlackFin API Started.
09:00:13  BlackFin API Started up OK. Version: 1.10.0.5
09:00:13  Initialising 2 zone(s)
09:00:13  Outputting 'Zone1' zone data to 'Zones\Zone1.txt'
09:00:13  Outputting 'Zone2' zone data to 'Zones\Zone2.txt'
09:00:13  Displaying shutdown on 0 display(s)
09:00:13  Waiting till start time
09:30:00  Start time reached
09:30:00  Adding Level 1 Science Centre Entry 1 thread to Watchdog
09:30:00  Level 1 Science Centre Entry 1: InCountCorrection set in registry to: 0
09:30:00  Level 1 Science Centre Entry 1: OutCountCorrection set in registry to: 0
09:30:00  Adding Level 1 Science Centre Entry 2 thread to Watchdog
09:30:00  Level 1 Science Centre Entry 2: InCountCorrection set in registry to: 0
09:30:00  Level 1 Science Centre Entry 2: OutCountCorrection set in registry to: 0
09:30:00  Adding Level 1 Science Centre Lift thread to Watchdog
09:30:00  Level 1 Science Centre Lift: InCountCorrection set in registry to: 0
09:30:00  Level 1 Science Centre Lift: OutCountCorrection set in registry to: 0
09:30:00  Adding Level 2 Main Entry thread to Watchdog
09:30:00  Level 2 Main Entry: InCountCorrection set in registry to: 0
09:30:00  Level 2 Main Entry: OutCountCorrection set in registry to: 0
09:30:00  Adding Level 2 Lift thread to Watchdog
09:30:00  Level 2 Lift: InCountCorrection set in registry to: 0
09:30:00  Level 2 Lift: OutCountCorrection set in registry to: 0
09:30:00  Adding Shop A thread to Watchdog
09:30:00  Shop A: InCountCorrection set in registry to: 0
09:30:00  Shop A: OutCountCorrection set in registry to: 0
09:30:00  Adding Shop B thread to Watchdog
09:30:00  Shop B: InCountCorrection set in registry to: 0
09:30:00  Shop B: OutCountCorrection set in registry to: 0
09:30:00  Adding Shop Whale Mall thread to Watchdog
09:30:00  Shop Whale Mall: InCountCorrection set in registry to: 0
09:30:00  Shop Whale Mall: OutCountCorrection set in registry to: 0
09:30:00  Adding Level 2 Cafe thread to Watchdog
09:30:00  Level 2 Cafe: InCountCorrection set in registry to: 0
09:30:00  Level 2 Cafe: OutCountCorrection set in registry to: 0
09:30:01  New day, Reset counts and busiest times in registry
09:30:01  Camera Level 1 Science Centre Entry 1 Counts 	= In:0, Out:0
09:30:01  Camera Level 1 Science Centre Entry 2 Counts 	= In:0, Out:0
09:30:01  Camera Level 1 Science Centre Lift Counts 	= In:0, Out:0
09:30:01  Camera Level 2 Main Entry Counts 	= In:0, Out:0
09:30:01  Camera Level 2 Lift Counts 	= In:0, Out:0
09:30:01  Camera Shop A Counts 	= In:0, Out:0
09:30:01  Camera Shop B Counts 	= In:0, Out:0
09:30:01  Camera Shop Whale Mall Counts 	= In:0, Out:0
09:30:01  Camera Level 2 Cafe Counts 	= In:0, Out:0
09:30:02  Starting main data collection loop.
09:30:02  Level 1 Science Centre Entry 2: Connect Success (2) (serial num:2158593777)
09:30:02  Level 1 Science Centre Entry 1: Connect Success (1) (serial num:2158593798)
09:30:03  Level 1 Science Centre Entry 2: MAC:00-21-AC-00-30-3B IP Firmware:4.0.2.30311 Monitor Firmware:42.4.0.404
09:30:03  Level 1 Science Centre Entry 1: MAC:00-21-AC-00-30-39 IP Firmware:4.0.2.30311 Monitor Firmware:42.4.0.404
09:30:05  Zone: Zone1                    	0	0	0
09:30:05  Zone: Zone2                    	0	0	0
09:30:05  Logging to daily summary: "09:30 0 0 0 0 0 0"
09:30:05  Service running OK
09:30:06  Level 1 Science Centre Entry 2: Status msgs: 0,0
09:30:06  Level 1 Science Centre Entry 1: Status msgs: 0,0
09:30:06  Level 1 Science Centre Entry 2: Current DeviceID: DefaultID
09:30:06  Level 1 Science Centre Entry 1: Current DeviceID: DefaultID
09:30:41  Level 1 Science Centre Lift: Connect Success (3) (serial num:2158593853)
09:30:42  Level 1 Science Centre Lift: MAC:00-21-AC-00-30-1A IP Firmware:4.0.2.30311 Monitor Firmware:42.4.0.404
09:30:45  Level 1 Science Centre Lift: Status msgs: 0,0
09:30:45  Level 1 Science Centre Lift: Current DeviceID: DefaultID
09:30:47  Level 2 Main Entry: Connect Success (4) (serial num:2158593780)
09:30:48  Level 2 Main Entry: MAC:00-21-AC-00-30-D9 IP Firmware:4.0.2.30311 Monitor Firmware:42.4.0.404
09:30:50  Level 2 Main Entry: Status msgs: 0,0
09:30:50  Level 2 Main Entry: Current DeviceID: DefaultID
09:31:15  Level 2 Lift: Connect Success (5) (serial num:2158593872)
09:31:16  Level 2 Lift: MAC:00-21-AC-00-2F-8C IP Firmware:4.0.2.30311 Monitor Firmware:42.4.0.404
09:32:09  Initial Camera Level 1 Science Centre Entry 2 Counts 	= In:0, Out:0
09:32:10  Initial Camera Level 1 Science Centre Entry 1 Counts 	= In:0, Out:0
09:32:13  Level 1 Science Centre Entry 2: Date last reset in registry is not today (reset required): 17/12/11
09:32:13  Attempting to reset counts for IrisysIP Camera Level 1 Science Centre Entry 2
09:32:14  Level 1 Science Centre Entry 1: Date last reset in registry is not today (reset required): 17/12/11
09:32:14  Attempting to reset counts for IrisysIP Camera Level 1 Science Centre Entry 1
09:33:09  Level 1 Science Centre Entry 2: InCountCorrection set in registry to: 0
09:33:09  Level 1 Science Centre Entry 2: OutCountCorrection set in registry to: 0
09:33:10  Level 1 Science Centre Entry 2: has reset camera
09:33:10  Camera: Level 1 Science Centre Entry 2 - Counts are now valid.
09:33:11  Level 1 Science Centre Entry 1: InCountCorrection set in registry to: 0
09:33:11  Level 1 Science Centre Entry 1: OutCountCorrection set in registry to: 0
09:33:12  Level 1 Science Centre Entry 1: has reset camera
09:33:12  Initial Camera Level 2 Lift Counts 	= In:0, Out:2
09:33:12  Camera: Level 1 Science Centre Entry 1 - Counts are now valid.
09:33:12  Initial Camera Level 1 Science Centre Lift Counts 	= In:0, Out:0
09:33:12  Initial Camera Level 2 Main Entry Counts 	= In:33, Out:26
09:33:16  Level 2 Lift: Date last reset in registry is not today (reset required): 17/12/11
09:33:16  Level 1 Science Centre Lift: Date last reset in registry is not today (reset required): 17/12/11
09:33:16  Level 2 Main Entry: Date last reset in registry is not today (reset required): 17/12/11
09:33:16  Attempting to reset counts for IrisysIP Camera Level 2 Lift
09:33:16  Attempting to reset counts for IrisysIP Camera Level 1 Science Centre Lift
09:33:16  Attempting to reset counts for IrisysIP Camera Level 2 Main Entry
09:33:19  Level 2 Lift: InCountCorrection set in registry to: 0
09:33:19  Level 2 Lift: OutCountCorrection set in registry to: 0
09:33:20  Level 2 Lift: has reset camera
09:33:20  Camera: Level 2 Lift - Counts are now valid.
09:33:48  Level 1 Science Centre Lift: InCountCorrection set in registry to: 0
09:33:48  Level 1 Science Centre Lift: OutCountCorrection set in registry to: 0
09:33:49  Level 1 Science Centre Lift: has reset camera
09:33:49  Camera: Level 1 Science Centre Lift - Counts are now valid.
09:33:53  Level 2 Main Entry: InCountCorrection set in registry to: 0
09:33:53  Level 2 Main Entry: OutCountCorrection set in registry to: 0
09:33:54  Level 2 Main Entry: has reset camera
09:33:54  Camera: Level 2 Main Entry - Counts are now valid.
09:34:11  Camera: Level 1 Science Centre Entry 2          	0	0
09:34:11  Level 1 Science Centre Entry 2 IrisysIP camera has reset
09:34:13  Camera: Level 1 Science Centre Entry 1          	0	0
09:34:13  Level 1 Science Centre Entry 1 IrisysIP camera has reset
09:34:21  Camera: Level 2 Lift                            	0	0
09:34:21  Level 2 Lift IrisysIP camera has reset
09:34:50  Camera: Level 1 Science Centre Lift             	0	0
09:34:50  Level 1 Science Centre Lift IrisysIP camera has reset
09:34:55  Camera: Level 2 Main Entry                      	0	1
09:34:59  Zone: Zone1                    	0	1	-1
09:45:14  Service running OK
09:49:34  Level 2 Main Entry: Counts less than previous. (In:0, Out:0, OldRawIn:0, OldRawOut:0, OldIn:0, OldOut:1, CorrIn:0, CorrOut:0)
09:49:34  Level 2 Main Entry: InCountCorrection set in registry to: 0
09:49:34  Level 2 Main Entry: OutCountCorrection set in registry to: 1
10:00:15  Logging to daily summary: "10:00 0 1 0 0 0 0"
10:00:15  Service running OK
10:15:15  Service running OK
10:30:16  Logging to daily summary: "10:30 0 0 -1 0 0 0"
10:30:16  Service running OK
10:45:17  Service running OK
11:00:08  Logging to daily summary: "11:00 0 0 -1 0 0 0"
11:00:08  Service running OK
11:15:11  Service running OK
11:30:11  Logging to daily summary: "11:30 0 0 -1 0 0 0"
11:30:11  Service running OK
11:45:11  Service running OK
12:00:12  Logging to daily summary: "12:00 0 0 -1 0 0 0"
12:00:12  Service running OK
12:15:12  Service running OK
12:30:12  Logging to daily summary: "12:30 0 0 -1 0 0 0"
12:30:12  Service running OK
12:45:03  Service running OK
13:00:04  Logging to daily summary: "13:00 0 0 -1 0 0 0"
13:00:04  Service running OK
13:15:04  Service running OK
13:30:18  Logging to daily summary: "13:30 0 0 -1 0 0 0"
13:30:18  Service running OK
13:45:01  Service running OK
14:00:07  Logging to daily summary: "14:00 0 0 -1 0 0 0"
14:00:07  Service running OK
14:15:09  Service running OK
14:30:10  Logging to daily summary: "14:30 0 0 -1 0 0 0"
14:30:10  Service running OK
14:45:15  Service running OK
15:00:06  Logging to daily summary: "15:00 0 0 -1 0 0 0"
15:00:06  Service running OK
15:15:09  Service running OK
15:30:11  Logging to daily summary: "15:30 0 0 -1 0 0 0"
15:30:11  Service running OK
15:45:10  Service running OK
16:00:07  Logging to daily summary: "16:00 0 0 -1 0 0 0"
16:00:07  Service running OK
16:15:07  Service running OK
16:30:08  Logging to daily summary: "16:30 0 0 -1 0 0 0"
16:30:08  Service running OK
16:44:11  Camera: Level 2 Main Entry                      	6	7
16:44:11  Zone: Zone1                    	6	7	-1
16:45:06  Service running OK
16:45:12  Camera: Level 2 Main Entry                      	10	7
16:45:21  Zone: Zone1                    	10	7	3
16:47:15  Camera: Level 2 Main Entry                      	10	9
16:47:25  Zone: Zone1                    	10	9	1
16:57:31  Level 2 Lift: Main Data Collection loop has finished (g_bStopFlag=1, m_bEndThread=0).
16:57:31  Level 1 Science Centre Entry 1: The Irisys IP Manager destructor has flagged the thread to end.
16:57:31  Level 1 Science Centre Lift: Main Data Collection loop has finished (g_bStopFlag=1, m_bEndThread=0).
16:57:31  Level 2 Main Entry: Main Data Collection loop has finished (g_bStopFlag=1, m_bEndThread=0).
16:57:49  Shop A: Main Data Collection loop has finished (g_bStopFlag=1, m_bEndThread=0).
16:57:49  Shop B: Main Data Collection loop has finished (g_bStopFlag=1, m_bEndThread=0).
16:57:49  Shop Whale Mall: Main Data Collection loop has finished (g_bStopFlag=1, m_bEndThread=0).
16:57:49  Level 2 Cafe: Main Data Collection loop has finished (g_bStopFlag=1, m_bEndThread=0).
