
05:08:24  RECAP $Revision: 3.13.2.13 $ ($State: Exp $) built 09:15:45, Aug  3 2010
05:08:24  Logging Counting Started
05:08:24  Start time: 09:30 (570 minutes past midnight)
05:08:24  Stop time: 22:00 (1320 minutes past midnight)
05:08:24  Log period: 30 minutes
05:08:24  Initialising 0 display(s)
05:08:24  Initialising 9 camera(s)
05:08:24  IrisysIP counter(s) in use, Starting BlackFin API
05:08:24  If RECAP crashes, check .NET framework and VCRedist are installed.
05:08:24  BlackFin API Started.
05:08:24  BlackFin API Started up OK. Version: 1.10.0.5
05:08:24  Initialising 2 zone(s)
05:08:24  Outputting 'Zone1' zone data to 'Zones\Zone1.txt'
05:08:24  Outputting 'Zone2' zone data to 'Zones\Zone2.txt'
05:08:24  Displaying shutdown on 0 display(s)
05:08:24  Waiting till start time
09:30:00  Start time reached
09:30:00  Adding Level 1 Science Centre Entry 1 thread to Watchdog
09:30:00  Level 1 Science Centre Entry 1: InCountCorrection set in registry to: 0
09:30:00  Level 1 Science Centre Entry 1: OutCountCorrection set in registry to: 0
09:30:00  Adding Level 1 Science Centre Entry 2 thread to Watchdog
09:30:00  Level 1 Science Centre Entry 2: InCountCorrection set in registry to: 0
09:30:00  Level 1 Science Centre Entry 2: OutCountCorrection set in registry to: 0
09:30:00  Adding Level 1 Science Centre Lift thread to Watchdog
09:30:00  Level 1 Science Centre Lift: InCountCorrection set in registry to: 0
09:30:00  Level 1 Science Centre Lift: OutCountCorrection set in registry to: 0
09:30:00  Adding Level 2 Main Entry thread to Watchdog
09:30:00  Level 2 Main Entry: InCountCorrection set in registry to: 0
09:30:00  Level 2 Main Entry: OutCountCorrection set in registry to: 0
09:30:00  Adding Level 2 Lift thread to Watchdog
09:30:00  Level 2 Lift: InCountCorrection set in registry to: 0
09:30:00  Level 2 Lift: OutCountCorrection set in registry to: 0
09:30:00  Adding Shop A thread to Watchdog
09:30:00  Shop A: InCountCorrection set in registry to: 0
09:30:00  Shop A: OutCountCorrection set in registry to: 0
09:30:00  Adding Shop B thread to Watchdog
09:30:00  Shop B: InCountCorrection set in registry to: 0
09:30:00  Shop B: OutCountCorrection set in registry to: 0
09:30:00  Adding Shop Whale Mall thread to Watchdog
09:30:00  Shop Whale Mall: InCountCorrection set in registry to: 0
09:30:00  Shop Whale Mall: OutCountCorrection set in registry to: 0
09:30:00  Adding Level 2 Cafe thread to Watchdog
09:30:00  Level 2 Cafe: InCountCorrection set in registry to: 0
09:30:00  Level 2 Cafe: OutCountCorrection set in registry to: 0
09:30:01  New day, Reset counts and busiest times in registry
09:30:01  Camera Level 1 Science Centre Entry 1 Counts 	= In:0, Out:0
09:30:01  Camera Level 1 Science Centre Entry 2 Counts 	= In:0, Out:0
09:30:01  Camera Level 1 Science Centre Lift Counts 	= In:0, Out:0
09:30:01  Camera Level 2 Main Entry Counts 	= In:0, Out:0
09:30:01  Camera Level 2 Lift Counts 	= In:0, Out:0
09:30:01  Camera Shop A Counts 	= In:0, Out:0
09:30:01  Camera Shop B Counts 	= In:0, Out:0
09:30:01  Camera Shop Whale Mall Counts 	= In:0, Out:0
09:30:01  Camera Level 2 Cafe Counts 	= In:0, Out:0
09:30:02  Starting main data collection loop.
09:30:05  Zone: Zone1                    	0	0	0
09:30:05  Zone: Zone2                    	0	0	0
09:30:05  Logging to daily summary: "09:30 0 0 0 0 0 0"
09:30:05  Service running OK
09:30:13  Level 2 Main Entry: Connect Success (4) (serial num:2158593780)
09:30:14  Level 2 Main Entry: MAC:00-21-AC-00-30-D9 IP Firmware:4.0.2.30311 Monitor Firmware:42.4.0.404
09:30:17  Level 2 Lift: Connect Success (5) (serial num:2158593872)
09:30:18  Level 2 Lift: MAC:00-21-AC-00-2F-8C IP Firmware:4.0.2.30311 Monitor Firmware:42.4.0.404
09:30:18  Level 2 Main Entry: Status msgs: 0,0
09:30:19  Level 2 Main Entry: Current DeviceID: DefaultID
09:30:22  Level 2 Lift: Status msgs: 0,0
09:30:22  Level 2 Lift: Current DeviceID: DefaultID
09:30:43  Level 1 Science Centre Entry 1: Connect Success (1) (serial num:2158593798)
09:30:43  Level 1 Science Centre Entry 2: Connect Success (2) (serial num:2158593777)
09:30:44  Level 1 Science Centre Lift: Connect Success (3) (serial num:2158593853)
09:30:44  Level 1 Science Centre Entry 2: MAC:00-21-AC-00-30-3B IP Firmware:4.0.2.30311 Monitor Firmware:42.4.0.404
09:30:44  Level 1 Science Centre Entry 1: MAC:00-21-AC-00-30-39 IP Firmware:4.0.2.30311 Monitor Firmware:42.4.0.404
09:30:44  Level 1 Science Centre Lift: MAC:00-21-AC-00-30-1A IP Firmware:4.0.2.30311 Monitor Firmware:42.4.0.404
09:30:48  Level 1 Science Centre Entry 2: Status msgs: 0,0
09:30:48  Level 1 Science Centre Entry 1: Status msgs: 0,0
09:30:49  Level 1 Science Centre Lift: Status msgs: 0,0
09:30:49  Level 1 Science Centre Entry 2: Current DeviceID: DefaultID
09:30:49  Level 1 Science Centre Entry 1: Current DeviceID: DefaultID
09:30:49  Level 1 Science Centre Lift: Current DeviceID: DefaultID
09:32:22  Initial Camera Level 2 Main Entry Counts 	= In:29, Out:27
09:32:25  Initial Camera Level 2 Lift Counts 	= In:0, Out:1
09:32:26  Level 2 Main Entry: Date last reset in registry is not today (reset required): 13/12/11
09:32:26  Attempting to reset counts for IrisysIP Camera Level 2 Main Entry
09:32:29  Level 2 Lift: Date last reset in registry is not today (reset required): 13/12/11
09:32:29  Attempting to reset counts for IrisysIP Camera Level 2 Lift
09:33:22  Level 2 Main Entry: InCountCorrection set in registry to: 0
09:33:22  Level 2 Main Entry: OutCountCorrection set in registry to: 0
09:33:23  Level 2 Main Entry: has reset camera
09:33:23  Camera: Level 2 Main Entry - Counts are now valid.
09:33:25  Level 2 Lift: InCountCorrection set in registry to: 0
09:33:25  Level 2 Lift: OutCountCorrection set in registry to: 0
09:33:26  Initial Camera Level 1 Science Centre Lift Counts 	= In:0, Out:0
09:33:26  Level 2 Lift: has reset camera
09:33:26  Initial Camera Level 1 Science Centre Entry 1 Counts 	= In:0, Out:0
09:33:26  Camera: Level 2 Lift - Counts are now valid.
09:33:26  Initial Camera Level 1 Science Centre Entry 2 Counts 	= In:0, Out:0
09:33:30  Level 1 Science Centre Entry 1: Date last reset in registry is not today (reset required): 13/12/11
09:33:30  Level 1 Science Centre Entry 2: Date last reset in registry is not today (reset required): 13/12/11
09:33:30  Level 1 Science Centre Lift: Date last reset in registry is not today (reset required): 13/12/11
09:33:30  Attempting to reset counts for IrisysIP Camera Level 1 Science Centre Entry 1
09:33:30  Attempting to reset counts for IrisysIP Camera Level 1 Science Centre Entry 2
09:33:30  Attempting to reset counts for IrisysIP Camera Level 1 Science Centre Lift
09:33:53  Level 1 Science Centre Entry 1: InCountCorrection set in registry to: 0
09:33:53  Level 1 Science Centre Entry 1: OutCountCorrection set in registry to: 0
09:33:54  Level 1 Science Centre Entry 1: has reset camera
09:33:54  Camera: Level 1 Science Centre Entry 1 - Counts are now valid.
09:33:54  Level 1 Science Centre Entry 2: InCountCorrection set in registry to: 0
09:33:54  Level 1 Science Centre Entry 2: OutCountCorrection set in registry to: 0
09:33:55  Level 1 Science Centre Entry 2: has reset camera
09:33:55  Camera: Level 1 Science Centre Entry 2 - Counts are now valid.
09:33:56  Level 1 Science Centre Lift: InCountCorrection set in registry to: 0
09:33:56  Level 1 Science Centre Lift: OutCountCorrection set in registry to: 0
09:33:57  Level 1 Science Centre Lift: has reset camera
09:33:57  Camera: Level 1 Science Centre Lift - Counts are now valid.
09:34:24  Camera: Level 2 Main Entry                      	0	0
09:34:24  Level 2 Main Entry IrisysIP camera has reset
09:34:27  Camera: Level 2 Lift                            	1	0
09:34:31  Zone: Zone1                    	1	0	1
09:34:55  Camera: Level 1 Science Centre Entry 1          	0	0
09:34:55  Level 1 Science Centre Entry 1 IrisysIP camera has reset
09:34:56  Camera: Level 1 Science Centre Entry 2          	0	0
09:34:56  Level 1 Science Centre Entry 2 IrisysIP camera has reset
09:34:58  Camera: Level 1 Science Centre Lift             	0	0
09:34:58  Level 1 Science Centre Lift IrisysIP camera has reset
09:45:12  Service running OK
10:00:12  Logging to daily summary: "10:00 1 0 0 0 0 0"
10:00:12  Service running OK
10:13:50  Camera: Level 2 Main Entry                      	1	1
10:13:57  Zone: Zone1                    	2	1	1
10:15:10  Service running OK
10:30:10  Logging to daily summary: "10:30 1 1 1 0 0 0"
10:30:10  Service running OK
10:45:12  Service running OK
11:00:00  Logging to daily summary: "11:00 0 0 1 0 0 0"
11:00:00  Service running OK
11:15:01  Service running OK
11:30:07  Logging to daily summary: "11:30 0 0 1 0 0 0"
11:30:07  Service running OK
11:30:44  Camera: Level 1 Science Centre Entry 2          	0	5
11:30:58  Zone: Zone1                    	2	6	-4
11:31:45  Camera: Level 1 Science Centre Entry 2          	8	14
11:31:50  Zone: Zone1                    	10	15	-5
11:32:46  Camera: Level 1 Science Centre Entry 2          	13	15
11:33:00  Zone: Zone1                    	15	16	-1
11:33:47  Camera: Level 1 Science Centre Entry 2          	17	19
11:33:52  Zone: Zone1                    	19	20	-1
11:34:48  Camera: Level 1 Science Centre Entry 2          	17	20
11:34:49  Zone: Zone1                    	19	21	-2
11:35:47  Camera: Level 1 Science Centre Entry 1          	0	1
11:35:49  Camera: Level 1 Science Centre Entry 2          	20	26
11:36:01  Zone: Zone1                    	22	28	-6
11:36:50  Camera: Level 1 Science Centre Entry 2          	24	28
11:36:51  Zone: Zone1                    	26	30	-4
11:37:51  Camera: Level 1 Science Centre Entry 2          	25	30
11:38:02  Zone: Zone1                    	27	32	-5
11:38:53  Camera: Level 1 Science Centre Entry 2          	29	33
11:38:53  Zone: Zone1                    	31	35	-4
11:39:54  Camera: Level 1 Science Centre Entry 2          	33	36
11:40:05  Zone: Zone1                    	35	38	-3
11:40:55  Camera: Level 1 Science Centre Entry 2          	33	37
11:40:59  Zone: Zone1                    	35	39	-4
11:41:54  Camera: Level 1 Science Centre Entry 1          	1	3
11:41:56  Camera: Level 1 Science Centre Entry 2          	34	40
11:42:09  Zone: Zone1                    	37	44	-7
11:45:08  Service running OK
12:00:08  Logging to daily summary: "12:00 35 43 -5 0 0 0"
12:00:08  Service running OK
12:15:09  Service running OK
12:30:09  Logging to daily summary: "12:30 0 0 -7 0 0 0"
12:30:09  Service running OK
12:45:09  Service running OK
13:00:09  Logging to daily summary: "13:00 0 0 -7 0 0 0"
13:00:09  Service running OK
13:15:09  Service running OK
13:30:09  Logging to daily summary: "13:30 0 0 -7 0 0 0"
13:30:09  Service running OK
13:31:52  Camera: Level 1 Science Centre Entry 2          	34	42
13:31:54  Zone: Zone1                    	37	46	-9
13:32:55  Camera: Level 1 Science Centre Lift             	1	1
13:33:04  Zone: Zone1                    	38	47	-9
13:38:27  Camera: Level 2 Main Entry                      	2	2
13:38:27  Zone: Zone1                    	39	48	-9
13:45:03  Service running OK
13:49:38  Camera: Level 2 Main Entry                      	2	3
13:49:48  Zone: Zone1                    	39	49	-10
13:53:43  Camera: Level 2 Main Entry                      	3	3
13:53:58  Zone: Zone1                    	40	49	-9
13:54:44  Camera: Level 2 Main Entry                      	6	3
13:54:50  Zone: Zone1                    	43	49	-6
13:55:45  Camera: Level 2 Main Entry                      	7	6
13:56:00  Zone: Zone1                    	44	52	-8
13:56:46  Camera: Level 2 Main Entry                      	9	7
13:56:52  Zone: Zone1                    	46	53	-7
13:57:47  Camera: Level 2 Main Entry                      	10	8
13:58:02  Zone: Zone1                    	47	54	-7
13:58:48  Camera: Level 2 Main Entry                      	11	8
13:58:54  Zone: Zone1                    	48	54	-6
14:00:07  Logging to daily summary: "14:00 11 10 -8 0 0 0"
14:00:07  Service running OK
14:15:06  Service running OK
14:30:05  Logging to daily summary: "14:30 0 0 -6 0 0 0"
14:30:05  Service running OK
14:45:05  Service running OK
15:00:05  Logging to daily summary: "15:00 0 0 -6 0 0 0"
15:00:05  Service running OK
15:15:05  Service running OK
15:30:05  Logging to daily summary: "15:30 0 0 -6 0 0 0"
15:30:05  Service running OK
15:45:05  Service running OK
16:00:05  Logging to daily summary: "16:00 0 0 -6 0 0 0"
16:00:05  Service running OK
16:15:06  Service running OK
16:30:07  Logging to daily summary: "16:30 0 0 -6 0 0 0"
16:30:07  Service running OK
16:41:41  Camera: Level 2 Main Entry                      	13	10
16:41:48  Zone: Zone1                    	50	56	-6
16:42:42  Camera: Level 2 Main Entry                      	16	14
16:42:42  Zone: Zone1                    	53	60	-7
16:43:43  Camera: Level 2 Main Entry                      	17	16
16:43:55  Zone: Zone1                    	54	62	-8
16:45:07  Service running OK
17:00:09  Logging to daily summary: "17:00 6 8 -7 0 0 0"
17:00:09  Service running OK
17:15:09  Service running OK
17:30:09  Logging to daily summary: "17:30 0 0 -8 0 0 0"
17:30:09  Service running OK
17:45:10  Service running OK
18:00:10  Logging to daily summary: "18:00 0 0 -8 0 0 0"
18:00:10  Service running OK
18:15:10  Service running OK
18:17:10  Level 1 Science Centre Entry 1: The Irisys IP Manager destructor has flagged the thread to end.
18:17:13  Level 1 Science Centre Entry 2: Main Data Collection loop has finished (g_bStopFlag=1, m_bEndThread=0).
18:17:14  Level 2 Cafe: Main Data Collection loop has finished (g_bStopFlag=1, m_bEndThread=0).
18:17:14  Shop Whale Mall: Main Data Collection loop has finished (g_bStopFlag=1, m_bEndThread=0).
18:17:14  Level 1 Science Centre Lift: Main Data Collection loop has finished (g_bStopFlag=1, m_bEndThread=0).
18:17:21  Level 2 Main Entry: Main Data Collection loop has finished (g_bStopFlag=1, m_bEndThread=0).
18:17:25  Level 2 Lift: Main Data Collection loop has finished (g_bStopFlag=1, m_bEndThread=0).
