
07:28:01  RECAP $Revision: 3.13.2.13 $ ($State: Exp $) built 09:15:45, Aug  3 2010
07:28:01  Logging Counting Started
07:28:01  Start time: 09:30 (570 minutes past midnight)
07:28:01  Stop time: 22:00 (1320 minutes past midnight)
07:28:01  Log period: 30 minutes
07:28:01  Initialising 0 display(s)
07:28:01  Initialising 9 camera(s)
07:28:01  IrisysIP counter(s) in use, Starting BlackFin API
07:28:01  If RECAP crashes, check .NET framework and VCRedist are installed.
07:28:01  BlackFin API Started.
07:28:01  BlackFin API Started up OK. Version: 1.10.0.5
07:28:01  Initialising 2 zone(s)
07:28:01  Outputting 'Zone1' zone data to 'Zones\Zone1.txt'
07:28:01  Outputting 'Zone2' zone data to 'Zones\Zone2.txt'
07:28:01  Displaying shutdown on 0 display(s)
07:28:01  Waiting till start time
09:30:00  Start time reached
09:30:00  Adding Level 1 Science Centre Entry 1 thread to Watchdog
09:30:00  Level 1 Science Centre Entry 1: InCountCorrection set in registry to: 0
09:30:00  Level 1 Science Centre Entry 1: OutCountCorrection set in registry to: 0
09:30:00  Adding Level 1 Science Centre Entry 2 thread to Watchdog
09:30:00  Level 1 Science Centre Entry 2: InCountCorrection set in registry to: 0
09:30:00  Level 1 Science Centre Entry 2: OutCountCorrection set in registry to: 0
09:30:00  Adding Level 1 Science Centre Lift thread to Watchdog
09:30:00  Level 1 Science Centre Lift: InCountCorrection set in registry to: 0
09:30:00  Level 1 Science Centre Lift: OutCountCorrection set in registry to: 0
09:30:00  Adding Level 2 Main Entry thread to Watchdog
09:30:00  Level 2 Main Entry: InCountCorrection set in registry to: 0
09:30:00  Level 2 Main Entry: OutCountCorrection set in registry to: 0
09:30:00  Adding Level 2 Lift thread to Watchdog
09:30:00  Level 2 Lift: InCountCorrection set in registry to: 0
09:30:00  Level 2 Lift: OutCountCorrection set in registry to: 0
09:30:00  Adding Shop A thread to Watchdog
09:30:00  Shop A: InCountCorrection set in registry to: 0
09:30:00  Shop A: OutCountCorrection set in registry to: 0
09:30:00  Adding Shop B thread to Watchdog
09:30:00  Shop B: InCountCorrection set in registry to: 0
09:30:00  Shop B: OutCountCorrection set in registry to: 0
09:30:00  Adding Shop Whale Mall thread to Watchdog
09:30:00  Shop Whale Mall: InCountCorrection set in registry to: 0
09:30:00  Shop Whale Mall: OutCountCorrection set in registry to: 0
09:30:00  Adding Level 2 Cafe thread to Watchdog
09:30:00  Level 2 Cafe: InCountCorrection set in registry to: 0
09:30:00  Level 2 Cafe: OutCountCorrection set in registry to: 0
09:30:01  New day, Reset counts and busiest times in registry
09:30:01  Camera Level 1 Science Centre Entry 1 Counts 	= In:0, Out:0
09:30:01  Camera Level 1 Science Centre Entry 2 Counts 	= In:0, Out:0
09:30:01  Camera Level 1 Science Centre Lift Counts 	= In:0, Out:0
09:30:01  Camera Level 2 Main Entry Counts 	= In:0, Out:0
09:30:01  Camera Level 2 Lift Counts 	= In:0, Out:0
09:30:01  Camera Shop A Counts 	= In:0, Out:0
09:30:01  Camera Shop B Counts 	= In:0, Out:0
09:30:01  Camera Shop Whale Mall Counts 	= In:0, Out:0
09:30:01  Camera Level 2 Cafe Counts 	= In:0, Out:0
09:30:02  Starting main data collection loop.
09:30:05  Zone: Zone1                    	0	0	0
09:30:05  Zone: Zone2                    	0	0	0
09:30:05  Logging to daily summary: "09:30 0 0 0 0 0 0"
09:30:05  Service running OK
09:30:34  Level 1 Science Centre Lift: Connect Success (3) (serial num:2158593853)
09:30:35  Level 1 Science Centre Lift: MAC:00-21-AC-00-30-1A IP Firmware:4.0.2.30311 Monitor Firmware:42.4.0.404
09:30:36  Level 2 Lift: Connect Success (5) (serial num:2158593872)
09:30:37  Level 2 Main Entry: Connect Success (4) (serial num:2158593780)
09:30:37  Level 2 Lift: MAC:00-21-AC-00-2F-8C IP Firmware:4.0.2.30311 Monitor Firmware:42.4.0.404
09:30:38  Level 2 Main Entry: MAC:00-21-AC-00-30-D9 IP Firmware:4.0.2.30311 Monitor Firmware:42.4.0.404
09:30:41  Level 1 Science Centre Entry 1: Connect Success (1) (serial num:2158593798)
09:30:41  Shop A: Connect Success (6) (serial num:2158593779)
09:30:42  Level 1 Science Centre Entry 1: MAC:00-21-AC-00-30-39 IP Firmware:4.0.2.30311 Monitor Firmware:42.4.0.404
09:30:42  Shop A: MAC:00-21-AC-00-30-21 IP Firmware:4.0.2.30311 Monitor Firmware:42.4.0.404
09:30:44  Level 1 Science Centre Entry 2: Connect Success (2) (serial num:2158593777)
09:30:45  Level 1 Science Centre Entry 2: MAC:00-21-AC-00-30-3B IP Firmware:4.0.2.30311 Monitor Firmware:42.4.0.404
09:30:46  Level 1 Science Centre Lift: Status msgs: 0,0
09:30:46  Level 1 Science Centre Lift: Current DeviceID: DefaultID
09:30:47  Level 2 Lift: Status msgs: 0,0
09:30:47  Level 2 Lift: Current DeviceID: DefaultID
09:30:47  Level 2 Main Entry: Status msgs: 0,0
09:30:47  Level 2 Main Entry: Current DeviceID: DefaultID
09:30:48  Shop A: Status msgs: 0,0
09:30:49  Shop A: Current DeviceID: DefaultID
09:30:52  Level 1 Science Centre Entry 1: Status msgs: 0,0
09:30:52  Level 1 Science Centre Entry 1: Current DeviceID: DefaultID
09:30:55  Level 1 Science Centre Entry 2: Status msgs: 0,0
09:30:56  Level 1 Science Centre Entry 2: Current DeviceID: DefaultID
09:32:52  Initial Camera Level 1 Science Centre Lift Counts 	= In:0, Out:3
09:32:52  Initial Camera Level 2 Main Entry Counts 	= In:8, Out:6
09:32:52  Initial Camera Level 2 Lift Counts 	= In:2, Out:7
09:32:52  Initial Camera Shop A Counts 	= In:520, Out:496
09:32:56  Level 1 Science Centre Lift: Date last reset in registry is not today (reset required): 06/01/12
09:32:56  Attempting to reset counts for IrisysIP Camera Level 1 Science Centre Lift
09:32:56  Level 2 Main Entry: Date last reset in registry is not today (reset required): 06/01/12
09:32:56  Attempting to reset counts for IrisysIP Camera Level 2 Main Entry
09:32:56  Level 2 Lift: Date last reset in registry is not today (reset required): 06/01/12
09:32:56  Attempting to reset counts for IrisysIP Camera Level 2 Lift
09:32:56  Shop A: Date last reset in registry is not today (reset required): 06/01/12
09:32:56  Attempting to reset counts for IrisysIP Camera Shop A
09:33:51  Level 1 Science Centre Lift: InCountCorrection set in registry to: 0
09:33:51  Level 1 Science Centre Lift: OutCountCorrection set in registry to: 0
09:33:52  Level 1 Science Centre Lift: has reset camera
09:33:52  Camera: Level 1 Science Centre Lift - Counts are now valid.
09:33:53  Level 2 Main Entry: InCountCorrection set in registry to: 0
09:33:53  Level 2 Main Entry: OutCountCorrection set in registry to: 0
09:33:54  Initial Camera Level 1 Science Centre Entry 1 Counts 	= In:0, Out:0
09:33:54  Level 2 Main Entry: has reset camera
09:33:54  Camera: Level 2 Main Entry - Counts are now valid.
09:33:55  Level 2 Lift: InCountCorrection set in registry to: 0
09:33:55  Level 2 Lift: OutCountCorrection set in registry to: 0
09:33:56  Level 2 Lift: has reset camera
09:33:56  Camera: Level 2 Lift - Counts are now valid.
09:33:57  Shop A: InCountCorrection set in registry to: 0
09:33:57  Shop A: OutCountCorrection set in registry to: 0
09:33:58  Shop A: has reset camera
09:33:58  Initial Camera Level 1 Science Centre Entry 2 Counts 	= In:0, Out:0
09:33:58  Camera: Shop A - Counts are now valid.
09:33:58  Level 1 Science Centre Entry 1: Date last reset in registry is not today (reset required): 06/01/12
09:33:58  Attempting to reset counts for IrisysIP Camera Level 1 Science Centre Entry 1
09:33:59  Level 1 Science Centre Entry 1: InCountCorrection set in registry to: 0
09:33:59  Level 1 Science Centre Entry 1: OutCountCorrection set in registry to: 0
09:34:00  Level 1 Science Centre Entry 1: has reset camera
09:34:00  Camera: Level 1 Science Centre Entry 1 - Counts are now valid.
09:34:02  Level 1 Science Centre Entry 2: Date last reset in registry is not today (reset required): 06/01/12
09:34:02  Attempting to reset counts for IrisysIP Camera Level 1 Science Centre Entry 2
09:34:03  Level 1 Science Centre Entry 2: InCountCorrection set in registry to: 0
09:34:03  Level 1 Science Centre Entry 2: OutCountCorrection set in registry to: 0
09:34:04  Level 1 Science Centre Entry 2: has reset camera
09:34:04  Camera: Level 1 Science Centre Entry 2 - Counts are now valid.
09:34:53  Camera: Level 1 Science Centre Lift             	0	0
09:34:53  Level 1 Science Centre Lift IrisysIP camera has reset
09:34:55  Camera: Level 2 Main Entry                      	0	0
09:34:55  Level 2 Main Entry IrisysIP camera has reset
09:34:57  Camera: Level 2 Lift                            	0	0
09:34:57  Level 2 Lift IrisysIP camera has reset
09:34:59  Camera: Shop A                                  	1	1
09:35:01  Camera: Level 1 Science Centre Entry 1          	0	0
09:35:01  Level 1 Science Centre Entry 1 IrisysIP camera has reset
09:35:05  Camera: Level 1 Science Centre Entry 2          	0	0
09:35:05  Level 1 Science Centre Entry 2 IrisysIP camera has reset
09:35:08  Zone: Zone1                    	1	1	0
09:35:08  Zone: Zone2                    	1	1	0
09:38:00  Camera: Level 2 Lift                            	0	2
09:38:02  Camera: Shop A                                  	1	4
09:38:12  Zone: Zone1                    	4	3	1
09:38:12  Zone: Zone2                    	1	4	-3
09:39:03  Camera: Shop A                                  	3	5
09:39:03  Zone: Zone1                    	5	5	0
09:39:03  Zone: Zone2                    	3	5	-2
09:40:04  Camera: Shop A                                  	6	6
09:40:13  Zone: Zone1                    	6	8	-2
09:40:13  Zone: Zone2                    	6	6	0
09:41:04  Camera: Level 2 Lift                            	0	3
09:41:05  Zone: Zone1                    	6	9	-3
09:41:05  Camera: Shop A                                  	6	10
09:41:21  Zone: Zone1                    	10	9	1
09:41:21  Zone: Zone2                    	6	10	-4
09:42:07  Camera: Shop A                                  	7	14
09:42:13  Zone: Zone1                    	14	10	4
09:42:13  Zone: Zone2                    	7	14	-7
09:43:08  Camera: Shop A                                  	9	17
09:43:23  Zone: Zone1                    	17	12	5
09:43:23  Zone: Zone2                    	9	17	-8
09:44:09  Camera: Shop A                                  	15	17
09:44:15  Zone: Zone1                    	17	18	-1
09:44:15  Zone: Zone2                    	15	17	-2
09:45:10  Service running OK
09:45:10  Camera: Shop A                                  	15	18
09:45:25  Zone: Zone1                    	18	18	0
09:45:25  Zone: Zone2                    	15	18	-3
09:46:11  Camera: Shop A                                  	16	18
09:46:17  Zone: Zone1                    	18	19	-1
09:46:17  Zone: Zone2                    	16	18	-2
09:47:12  Camera: Shop A                                  	16	21
09:47:27  Zone: Zone1                    	21	19	2
09:47:27  Zone: Zone2                    	16	21	-5
09:48:13  Camera: Shop A                                  	22	23
09:48:19  Zone: Zone1                    	23	25	-2
09:48:19  Zone: Zone2                    	22	23	-1
09:49:12  Camera: Level 2 Lift                            	0	4
09:49:12  Zone: Zone1                    	23	26	-3
09:49:14  Camera: Shop A                                  	26	25
09:49:28  Zone: Zone1                    	25	30	-5
09:49:28  Zone: Zone2                    	26	25	1
09:50:15  Camera: Shop A                                  	26	28
09:50:20  Zone: Zone1                    	28	30	-2
09:50:20  Zone: Zone2                    	26	28	-2
09:51:16  Camera: Shop A                                  	27	28
09:51:30  Zone: Zone1                    	28	31	-3
09:51:30  Zone: Zone2                    	27	28	-1
09:52:17  Camera: Shop A                                  	29	32
09:52:22  Zone: Zone1                    	32	33	-1
09:52:22  Zone: Zone2                    	29	32	-3
09:53:18  Camera: Shop A                                  	31	35
09:53:32  Zone: Zone1                    	35	35	0
09:53:32  Zone: Zone2                    	31	35	-4
09:54:19  Camera: Shop A                                  	33	38
09:54:24  Zone: Zone1                    	38	37	1
09:54:24  Zone: Zone2                    	33	38	-5
09:55:21  Camera: Shop A                                  	35	41
09:55:35  Zone: Zone1                    	41	39	2
09:55:35  Zone: Zone2                    	35	41	-6
09:57:23  Camera: Shop A                                  	37	42
09:57:23  Zone: Zone1                    	42	41	1
09:57:23  Zone: Zone2                    	37	42	-5
09:58:24  Camera: Shop A                                  	37	43
09:58:32  Zone: Zone1                    	43	41	2
09:58:32  Zone: Zone2                    	37	43	-6
10:00:03  Logging to daily summary: "10:00 43 41 0 37 43 -2"
10:00:03  Service running OK
10:00:26  Camera: Shop A                                  	37	44
10:00:36  Zone: Zone1                    	44	41	3
10:00:36  Zone: Zone2                    	37	44	-7
10:01:27  Camera: Shop A                                  	46	46
10:01:28  Zone: Zone1                    	46	50	-4
10:01:28  Zone: Zone2                    	46	46	0
10:03:29  Camera: Shop A                                  	47	50
10:03:32  Zone: Zone1                    	50	51	-1
10:03:32  Zone: Zone2                    	47	50	-3
10:04:30  Camera: Shop A                                  	51	50
10:04:42  Zone: Zone1                    	50	55	-5
10:04:42  Zone: Zone2                    	51	50	1
10:05:31  Camera: Shop A                                  	53	51
10:05:34  Zone: Zone1                    	51	57	-6
10:05:34  Zone: Zone2                    	53	51	2
10:06:32  Camera: Shop A                                  	54	56
10:06:44  Zone: Zone1                    	56	58	-2
10:06:44  Zone: Zone2                    	54	56	-2
10:07:33  Camera: Shop A                                  	58	56
10:07:36  Zone: Zone1                    	56	62	-6
10:07:36  Zone: Zone2                    	58	56	2
10:08:35  Camera: Shop A                                  	59	59
10:08:46  Zone: Zone1                    	59	63	-4
10:08:46  Zone: Zone2                    	59	59	0
10:11:38  Camera: Shop A                                  	60	60
10:11:44  Zone: Zone1                    	60	64	-4
10:11:44  Zone: Zone2                    	60	60	0
10:12:39  Camera: Shop A                                  	64	60
10:12:54  Zone: Zone1                    	60	68	-8
10:12:54  Zone: Zone2                    	64	60	4
10:13:40  Camera: Shop A                                  	65	60
10:13:46  Zone: Zone1                    	60	69	-9
10:13:46  Zone: Zone2                    	65	60	5
10:15:17  Service running OK
10:15:42  Camera: Shop A                                  	67	66
10:15:50  Zone: Zone1                    	66	71	-5
10:15:50  Zone: Zone2                    	67	66	1
10:16:43  Camera: Shop A                                  	69	67
10:16:43  Zone: Zone1                    	67	73	-6
10:16:43  Zone: Zone2                    	69	67	2
10:17:44  Camera: Shop A                                  	70	72
10:17:53  Zone: Zone1                    	72	74	-2
10:17:53  Zone: Zone2                    	70	72	-2
10:18:45  Camera: Shop A                                  	73	74
10:18:45  Zone: Zone1                    	74	77	-3
10:18:45  Zone: Zone2                    	73	74	-1
10:19:46  Camera: Shop A                                  	77	76
10:19:55  Zone: Zone1                    	76	81	-5
10:19:55  Zone: Zone2                    	77	76	1
10:21:49  Camera: Shop A                                  	80	77
10:21:59  Zone: Zone1                    	77	84	-7
10:21:59  Zone: Zone2                    	80	77	3
10:22:50  Camera: Shop A                                  	81	79
10:22:51  Zone: Zone1                    	79	85	-6
10:22:51  Zone: Zone2                    	81	79	2
10:23:51  Camera: Shop A                                  	81	84
10:24:01  Zone: Zone1                    	84	85	-1
10:24:01  Zone: Zone2                    	81	84	-3
10:25:53  Camera: Shop A                                  	81	86
10:26:05  Zone: Zone1                    	86	85	1
10:26:05  Zone: Zone2                    	81	86	-5
10:26:54  Camera: Shop A                                  	83	88
10:26:57  Zone: Zone1                    	88	87	1
10:26:57  Zone: Zone2                    	83	88	-5
10:27:55  Camera: Shop A                                  	84	90
10:28:07  Zone: Zone1                    	90	88	2
10:28:07  Zone: Zone2                    	84	90	-6
10:28:56  Camera: Shop A                                  	84	92
10:28:59  Zone: Zone1                    	92	88	4
10:28:59  Zone: Zone2                    	84	92	-8
10:29:57  Camera: Shop A                                  	84	99
10:30:09  Zone: Zone1                    	99	88	11
10:30:09  Zone: Zone2                    	84	99	-15
10:30:09  Logging to daily summary: "10:30 56 47 -2 47 56 -1"
10:30:09  Service running OK
10:31:59  Camera: Shop A                                  	93	104
10:32:13  Zone: Zone1                    	104	97	7
10:32:13  Zone: Zone2                    	93	104	-11
10:33:00  Camera: Shop A                                  	93	106
10:33:05  Zone: Zone1                    	106	97	9
10:33:05  Zone: Zone2                    	93	106	-13
10:34:02  Camera: Shop A                                  	95	113
10:34:15  Zone: Zone1                    	113	99	14
10:34:15  Zone: Zone2                    	95	113	-18
10:35:03  Camera: Shop A                                  	96	113
10:35:07  Zone: Zone1                    	113	100	13
10:35:07  Zone: Zone2                    	96	113	-17
10:36:04  Camera: Shop A                                  	99	113
10:36:17  Zone: Zone1                    	113	103	10
10:36:17  Zone: Zone2                    	99	113	-14
10:37:05  Camera: Shop A                                  	103	113
10:37:09  Zone: Zone1                    	113	107	6
10:37:09  Zone: Zone2                    	103	113	-10
10:38:06  Camera: Shop A                                  	103	116
10:38:19  Zone: Zone1                    	116	107	9
10:38:19  Zone: Zone2                    	103	116	-13
10:39:07  Camera: Shop A                                  	106	118
10:39:11  Zone: Zone1                    	118	110	8
10:39:11  Zone: Zone2                    	106	118	-12
10:40:08  Camera: Shop A                                  	107	121
10:40:21  Zone: Zone1                    	121	111	10
10:40:21  Zone: Zone2                    	107	121	-14
10:41:09  Camera: Shop A                                  	110	121
10:41:13  Zone: Zone1                    	121	114	7
10:41:13  Zone: Zone2                    	110	121	-11
10:43:11  Camera: Shop A                                  	113	128
10:43:17  Zone: Zone1                    	128	117	11
10:43:17  Zone: Zone2                    	113	128	-15
10:45:06  Service running OK
10:45:13  Camera: Shop A                                  	114	132
10:45:21  Zone: Zone1                    	132	118	14
10:45:21  Zone: Zone2                    	114	132	-18
10:46:14  Camera: Shop A                                  	119	132
10:46:15  Zone: Zone1                    	132	123	9
10:46:15  Zone: Zone2                    	119	132	-13
10:48:17  Camera: Shop A                                  	121	133
10:48:18  Zone: Zone1                    	133	125	8
10:48:18  Zone: Zone2                    	121	133	-12
10:49:18  Camera: Shop A                                  	123	133
10:49:28  Zone: Zone1                    	133	127	6
10:49:28  Zone: Zone2                    	123	133	-10
10:50:19  Camera: Shop A                                  	125	134
10:50:20  Zone: Zone1                    	134	129	5
10:50:20  Zone: Zone2                    	125	134	-9
10:51:20  Camera: Shop A                                  	125	138
10:51:30  Zone: Zone1                    	138	129	9
10:51:30  Zone: Zone2                    	125	138	-13
10:52:21  Camera: Shop A                                  	130	139
10:52:22  Zone: Zone1                    	139	134	5
10:52:22  Zone: Zone2                    	130	139	-9
10:53:22  Camera: Shop A                                  	130	140
10:53:32  Zone: Zone1                    	140	134	6
10:53:32  Zone: Zone2                    	130	140	-10
10:54:23  Camera: Shop A                                  	134	141
10:54:24  Zone: Zone1                    	141	138	3
10:54:24  Zone: Zone2                    	134	141	-7
10:59:29  Camera: Shop A                                  	134	145
10:59:29  Zone: Zone1                    	145	138	7
10:59:29  Zone: Zone2                    	134	145	-11
11:00:05  Logging to daily summary: "11:00 46 50 7 50 46 -11"
11:00:05  Service running OK
11:00:30  Camera: Shop A                                  	134	150
11:00:38  Zone: Zone1                    	150	138	12
11:00:38  Zone: Zone2                    	134	150	-16
11:01:31  Camera: Shop A                                  	136	150
11:01:31  Zone: Zone1                    	150	140	10
11:01:31  Zone: Zone2                    	136	150	-14
11:02:32  Camera: Shop A                                  	144	150
11:02:40  Zone: Zone1                    	150	148	2
11:02:40  Zone: Zone2                    	144	150	-6
11:03:33  Camera: Shop A                                  	144	153
11:03:33  Zone: Zone1                    	153	148	5
11:03:33  Zone: Zone2                    	144	153	-9
11:05:35  Camera: Shop A                                  	144	155
11:05:37  Zone: Zone1                    	155	148	7
11:05:37  Zone: Zone2                    	144	155	-11
11:06:36  Camera: Shop A                                  	147	157
11:06:47  Zone: Zone1                    	157	151	6
11:06:47  Zone: Zone2                    	147	157	-10
11:07:37  Camera: Shop A                                  	149	158
11:07:39  Zone: Zone1                    	158	153	5
11:07:39  Zone: Zone2                    	149	158	-9
11:08:38  Camera: Shop A                                  	150	160
11:08:49  Zone: Zone1                    	160	154	6
11:08:49  Zone: Zone2                    	150	160	-10
11:09:39  Camera: Shop A                                  	150	164
11:09:41  Zone: Zone1                    	164	154	10
11:09:41  Zone: Zone2                    	150	164	-14
11:12:43  Camera: Shop A                                  	155	164
11:12:57  Zone: Zone1                    	164	159	5
11:12:57  Zone: Zone2                    	155	164	-9
11:13:44  Camera: Shop A                                  	155	167
11:13:49  Zone: Zone1                    	167	159	8
11:13:49  Zone: Zone2                    	155	167	-12
11:14:45  Camera: Shop A                                  	157	167
11:14:59  Zone: Zone1                    	167	161	6
11:14:59  Zone: Zone2                    	157	167	-10
11:15:18  Service running OK
11:15:46  Camera: Shop A                                  	160	167
11:15:51  Zone: Zone1                    	167	164	3
11:15:51  Zone: Zone2                    	160	167	-7
11:16:47  Camera: Shop A                                  	160	174
11:17:01  Zone: Zone1                    	174	164	10
11:17:01  Zone: Zone2                    	160	174	-14
11:18:49  Camera: Shop A                                  	160	175
11:18:49  Zone: Zone1                    	175	164	11
11:18:49  Zone: Zone2                    	160	175	-15
11:19:50  Camera: Shop A                                  	161	180
11:19:59  Zone: Zone1                    	180	165	15
11:19:59  Zone: Zone2                    	161	180	-19
11:20:51  Camera: Shop A                                  	166	181
11:20:51  Zone: Zone1                    	181	170	11
11:20:51  Zone: Zone2                    	166	181	-15
11:21:52  Camera: Shop A                                  	167	182
11:22:01  Zone: Zone1                    	182	171	11
11:22:01  Zone: Zone2                    	167	182	-15
11:22:53  Camera: Shop A                                  	171	184
11:22:53  Zone: Zone1                    	184	175	9
11:22:53  Zone: Zone2                    	171	184	-13
11:23:54  Camera: Shop A                                  	175	184
11:24:03  Zone: Zone1                    	184	179	5
11:24:03  Zone: Zone2                    	175	184	-9
11:25:57  Camera: Shop A                                  	175	185
11:26:07  Zone: Zone1                    	185	179	6
11:26:07  Zone: Zone2                    	175	185	-10
11:27:59  Camera: Shop A                                  	175	188
11:28:11  Zone: Zone1                    	188	179	9
11:28:11  Zone: Zone2                    	175	188	-13
11:30:00  Logging to daily summary: "11:30 43 41 7 41 43 -11"
11:30:00  Service running OK
11:30:01  Camera: Shop A                                  	183	191
11:30:15  Zone: Zone1                    	191	187	4
11:30:15  Zone: Zone2                    	183	191	-8
11:31:02  Camera: Shop A                                  	183	192
11:31:07  Zone: Zone1                    	192	187	5
11:31:07  Zone: Zone2                    	183	192	-9
11:32:03  Camera: Shop A                                  	183	195
11:32:17  Zone: Zone1                    	195	187	8
11:32:17  Zone: Zone2                    	183	195	-12
11:34:05  Camera: Shop A                                  	185	197
11:34:05  Zone: Zone1                    	197	189	8
11:34:05  Zone: Zone2                    	185	197	-12
11:35:06  Camera: Shop A                                  	187	197
11:35:15  Zone: Zone1                    	197	191	6
11:35:15  Zone: Zone2                    	187	197	-10
11:37:08  Camera: Shop A                                  	190	200
11:37:19  Zone: Zone1                    	200	194	6
11:37:19  Zone: Zone2                    	190	200	-10
11:38:10  Camera: Shop A                                  	193	200
11:38:11  Zone: Zone1                    	200	197	3
11:38:11  Zone: Zone2                    	193	200	-7
11:39:11  Camera: Shop A                                  	195	205
11:39:21  Zone: Zone1                    	205	199	6
11:39:21  Zone: Zone2                    	195	205	-10
11:40:12  Camera: Shop A                                  	198	206
11:40:13  Zone: Zone1                    	206	202	4
11:40:13  Zone: Zone2                    	198	206	-8
11:42:14  Camera: Shop A                                  	198	207
11:42:17  Zone: Zone1                    	207	202	5
11:42:17  Zone: Zone2                    	198	207	-9
11:43:15  Camera: Shop A                                  	198	224
11:43:27  Zone: Zone1                    	224	202	22
11:43:27  Zone: Zone2                    	198	224	-26
11:44:16  Camera: Shop A                                  	206	224
11:44:19  Zone: Zone1                    	224	210	14
11:44:19  Zone: Zone2                    	206	224	-18
11:45:14  Service running OK
11:45:17  Camera: Shop A                                  	208	224
11:45:29  Zone: Zone1                    	224	212	12
11:45:29  Zone: Zone2                    	208	224	-16
11:46:18  Camera: Shop A                                  	209	228
11:46:21  Zone: Zone1                    	228	213	15
11:46:21  Zone: Zone2                    	209	228	-19
11:47:19  Camera: Shop A                                  	213	230
11:47:31  Zone: Zone1                    	230	217	13
11:47:31  Zone: Zone2                    	213	230	-17
11:48:20  Camera: Shop A                                  	223	231
11:48:23  Zone: Zone1                    	231	227	4
11:48:23  Zone: Zone2                    	223	231	-8
11:49:21  Camera: Shop A                                  	223	234
11:49:33  Zone: Zone1                    	234	227	7
11:49:33  Zone: Zone2                    	223	234	-11
11:50:23  Camera: Shop A                                  	227	236
11:50:25  Zone: Zone1                    	236	231	5
11:50:25  Zone: Zone2                    	227	236	-9
11:51:24  Camera: Shop A                                  	228	236
11:51:35  Zone: Zone1                    	236	232	4
11:51:35  Zone: Zone2                    	228	236	-8
11:52:25  Camera: Shop A                                  	231	245
11:52:27  Zone: Zone1                    	245	235	10
11:52:27  Zone: Zone2                    	231	245	-14
11:53:26  Camera: Shop A                                  	237	245
11:53:37  Zone: Zone1                    	245	241	4
11:53:37  Zone: Zone2                    	237	245	-8
11:54:27  Camera: Shop A                                  	239	249
11:54:29  Zone: Zone1                    	249	243	6
11:54:29  Zone: Zone2                    	239	249	-10
11:55:28  Camera: Shop A                                  	243	251
11:55:40  Zone: Zone1                    	251	247	4
11:55:40  Zone: Zone2                    	243	251	-8
11:56:29  Camera: Shop A                                  	243	257
11:56:32  Zone: Zone1                    	257	247	10
11:56:32  Zone: Zone2                    	243	257	-14
11:57:30  Camera: Shop A                                  	246	261
11:57:42  Zone: Zone1                    	261	250	11
11:57:42  Zone: Zone2                    	246	261	-15
11:58:31  Camera: Shop A                                  	250	271
11:58:34  Zone: Zone1                    	271	254	17
11:58:34  Zone: Zone2                    	250	271	-21
11:59:32  Camera: Shop A                                  	250	274
11:59:44  Zone: Zone1                    	274	254	20
11:59:44  Zone: Zone2                    	250	274	-24
12:00:03  Logging to daily summary: "12:00 86 75 8 75 86 -12"
12:00:03  Service running OK
12:00:33  Camera: Shop A                                  	256	275
12:00:36  Zone: Zone1                    	275	260	15
12:00:36  Zone: Zone2                    	256	275	-19
12:01:34  Camera: Shop A                                  	264	280
12:01:46  Zone: Zone1                    	280	268	12
12:01:46  Zone: Zone2                    	264	280	-16
12:02:35  Camera: Shop A                                  	265	282
12:02:38  Zone: Zone1                    	282	269	13
12:02:38  Zone: Zone2                    	265	282	-17
12:03:36  Camera: Shop A                                  	265	283
12:03:48  Zone: Zone1                    	283	269	14
12:03:48  Zone: Zone2                    	265	283	-18
12:04:38  Camera: Shop A                                  	273	286
12:04:40  Zone: Zone1                    	286	277	9
12:04:40  Zone: Zone2                    	273	286	-13
12:05:39  Camera: Shop A                                  	278	286
12:05:50  Zone: Zone1                    	286	282	4
12:05:50  Zone: Zone2                    	278	286	-8
12:11:45  Camera: Shop A                                  	279	288
12:11:49  Zone: Zone1                    	288	283	5
12:11:49  Zone: Zone2                    	279	288	-9
12:13:47  Camera: Shop A                                  	283	292
12:13:53  Zone: Zone1                    	292	287	5
12:13:53  Zone: Zone2                    	283	292	-9
12:15:06  Service running OK
12:15:49  Camera: Shop A                                  	286	293
12:15:57  Zone: Zone1                    	293	290	3
12:15:57  Zone: Zone2                    	286	293	-7
12:16:51  Camera: Shop A                                  	286	297
12:16:51  Zone: Zone1                    	297	290	7
12:16:51  Zone: Zone2                    	286	297	-11
12:17:52  Camera: Shop A                                  	290	301
12:18:00  Zone: Zone1                    	301	294	7
12:18:00  Zone: Zone2                    	290	301	-11
12:19:54  Camera: Shop A                                  	294	301
12:20:04  Zone: Zone1                    	301	298	3
12:20:04  Zone: Zone2                    	294	301	-7
12:20:55  Camera: Shop A                                  	301	301
12:20:56  Zone: Zone1                    	301	305	-4
12:20:56  Zone: Zone2                    	301	301	0
12:21:56  Camera: Shop A                                  	301	304
12:22:06  Zone: Zone1                    	304	305	-1
12:22:06  Zone: Zone2                    	301	304	-3
12:23:58  Camera: Shop A                                  	303	307
12:24:10  Zone: Zone1                    	307	307	0
12:24:10  Zone: Zone2                    	303	307	-4
12:24:59  Camera: Shop A                                  	305	309
12:25:02  Zone: Zone1                    	309	309	0
12:25:02  Zone: Zone2                    	305	309	-4
12:26:00  Camera: Shop A                                  	309	309
12:26:12  Zone: Zone1                    	309	313	-4
12:26:12  Zone: Zone2                    	309	309	0
12:29:03  Camera: Shop A                                  	309	310
12:29:10  Zone: Zone1                    	310	313	-3
12:29:10  Zone: Zone2                    	309	310	-1
12:30:05  Camera: Shop A                                  	312	310
12:30:05  Logging to daily summary: "12:30 36 59 3 59 36 -7"
12:30:05  Service running OK
12:30:20  Zone: Zone1                    	310	316	-6
12:30:20  Zone: Zone2                    	312	310	2
12:31:06  Camera: Shop A                                  	313	314
12:31:12  Zone: Zone1                    	314	317	-3
12:31:12  Zone: Zone2                    	313	314	-1
12:35:10  Camera: Shop A                                  	318	317
12:35:22  Zone: Zone1                    	317	322	-5
12:35:22  Zone: Zone2                    	318	317	1
12:37:12  Camera: Shop A                                  	320	317
12:37:26  Zone: Zone1                    	317	324	-7
12:37:26  Zone: Zone2                    	320	317	3
12:38:13  Camera: Shop A                                  	321	319
12:38:18  Zone: Zone1                    	319	325	-6
12:38:18  Zone: Zone2                    	321	319	2
12:39:14  Camera: Shop A                                  	325	321
12:39:29  Zone: Zone1                    	321	329	-8
12:39:29  Zone: Zone2                    	325	321	4
12:40:15  Camera: Shop A                                  	328	324
12:40:21  Zone: Zone1                    	324	332	-8
12:40:21  Zone: Zone2                    	328	324	4
12:42:18  Camera: Shop A                                  	328	325
12:42:25  Zone: Zone1                    	325	332	-7
12:42:25  Zone: Zone2                    	328	325	3
12:43:19  Camera: Shop A                                  	330	327
12:43:19  Zone: Zone1                    	327	334	-7
12:43:19  Zone: Zone2                    	330	327	3
12:44:20  Camera: Shop A                                  	331	327
12:44:29  Zone: Zone1                    	327	335	-8
12:44:29  Zone: Zone2                    	331	327	4
12:45:06  Service running OK
12:46:22  Camera: Shop A                                  	331	328
12:46:33  Zone: Zone1                    	328	335	-7
12:46:33  Zone: Zone2                    	331	328	3
12:47:23  Camera: Shop A                                  	332	330
12:47:25  Zone: Zone1                    	330	336	-6
12:47:25  Zone: Zone2                    	332	330	2
12:49:25  Camera: Shop A                                  	332	331
12:49:29  Zone: Zone1                    	331	336	-5
12:49:29  Zone: Zone2                    	332	331	1
12:52:28  Camera: Shop A                                  	333	331
12:52:28  Zone: Zone1                    	331	337	-6
12:52:28  Zone: Zone2                    	333	331	2
12:59:36  Camera: Shop A                                  	333	334
12:59:38  Zone: Zone1                    	334	337	-3
12:59:38  Zone: Zone2                    	333	334	-1
13:00:15  Logging to daily summary: "13:00 24 24 -5 24 24 1"
13:00:15  Service running OK
13:00:37  Camera: Shop A                                  	333	336
13:00:48  Zone: Zone1                    	336	337	-1
13:00:48  Zone: Zone2                    	333	336	-3
13:02:39  Camera: Shop A                                  	336	336
13:02:52  Zone: Zone1                    	336	340	-4
13:02:52  Zone: Zone2                    	336	336	0
13:03:40  Camera: Shop A                                  	338	336
13:03:44  Zone: Zone1                    	336	342	-6
13:03:44  Zone: Zone2                    	338	336	2
13:06:43  Camera: Shop A                                  	338	338
13:06:44  Zone: Zone1                    	338	342	-4
13:06:44  Zone: Zone2                    	338	338	0
13:07:45  Camera: Shop A                                  	340	338
13:07:53  Zone: Zone1                    	338	344	-6
13:07:53  Zone: Zone2                    	340	338	2
13:10:48  Camera: Shop A                                  	340	340
13:10:51  Zone: Zone1                    	340	344	-4
13:10:51  Zone: Zone2                    	340	340	0
13:11:49  Camera: Shop A                                  	344	342
13:12:01  Zone: Zone1                    	342	348	-6
13:12:01  Zone: Zone2                    	344	342	2
13:14:52  Camera: Shop A                                  	346	342
13:14:59  Zone: Zone1                    	342	350	-8
13:14:59  Zone: Zone2                    	346	342	4
13:15:18  Service running OK
13:16:54  Camera: Shop A                                  	346	344
13:17:03  Zone: Zone1                    	344	350	-6
13:17:03  Zone: Zone2                    	346	344	2
13:18:56  Camera: Shop A                                  	349	347
13:19:07  Zone: Zone1                    	347	353	-6
13:19:07  Zone: Zone2                    	349	347	2
13:20:59  Camera: Shop A                                  	349	349
13:21:11  Zone: Zone1                    	349	353	-4
13:21:11  Zone: Zone2                    	349	349	0
13:26:04  Camera: Shop A                                  	351	349
13:26:15  Zone: Zone1                    	349	355	-6
13:26:15  Zone: Zone2                    	351	349	2
13:28:06  Camera: Shop A                                  	351	352
13:28:19  Zone: Zone1                    	352	355	-3
13:28:19  Zone: Zone2                    	351	352	-1
13:29:07  Camera: Shop A                                  	353	353
13:29:11  Zone: Zone1                    	353	357	-4
13:29:11  Zone: Zone2                    	353	353	0
13:30:06  Logging to daily summary: "13:30 19 20 -5 20 19 1"
13:30:06  Service running OK
13:30:08  Camera: Shop A                                  	356	353
13:30:21  Zone: Zone1                    	353	360	-7
13:30:21  Zone: Zone2                    	356	353	3
13:31:09  Camera: Shop A                                  	356	355
13:31:13  Zone: Zone1                    	355	360	-5
13:31:13  Zone: Zone2                    	356	355	1
13:32:10  Camera: Shop A                                  	356	356
13:32:23  Zone: Zone1                    	356	360	-4
13:32:23  Zone: Zone2                    	356	356	0
13:33:12  Camera: Shop A                                  	356	358
13:33:15  Zone: Zone1                    	358	360	-2
13:33:15  Zone: Zone2                    	356	358	-2
13:34:13  Camera: Shop A                                  	360	360
13:34:25  Zone: Zone1                    	360	364	-4
13:34:25  Zone: Zone2                    	360	360	0
13:35:14  Camera: Shop A                                  	360	363
13:35:17  Zone: Zone1                    	363	364	-1
13:35:17  Zone: Zone2                    	360	363	-3
13:36:15  Camera: Shop A                                  	360	365
13:36:27  Zone: Zone1                    	365	364	1
13:36:27  Zone: Zone2                    	360	365	-5
13:39:18  Camera: Shop A                                  	362	366
13:39:25  Zone: Zone1                    	366	366	0
13:39:25  Zone: Zone2                    	362	366	-4
13:40:19  Camera: Shop A                                  	362	369
13:40:19  Zone: Zone1                    	369	366	3
13:40:19  Zone: Zone2                    	362	369	-7
13:41:20  Camera: Shop A                                  	365	371
13:41:29  Zone: Zone1                    	371	369	2
13:41:29  Zone: Zone2                    	365	371	-6
13:42:21  Camera: Shop A                                  	367	371
13:42:21  Zone: Zone1                    	371	371	0
13:42:21  Zone: Zone2                    	367	371	-4
13:43:22  Camera: Shop A                                  	371	375
13:43:31  Zone: Zone1                    	375	375	0
13:43:31  Zone: Zone2                    	371	375	-4
13:44:23  Camera: Shop A                                  	371	377
13:44:23  Zone: Zone1                    	377	375	2
13:44:23  Zone: Zone2                    	371	377	-6
13:45:00  Service running OK
13:45:24  Camera: Shop A                                  	372	377
13:45:33  Zone: Zone1                    	377	376	1
13:45:33  Zone: Zone2                    	372	377	-5
13:46:26  Camera: Shop A                                  	374	377
13:46:26  Zone: Zone1                    	377	378	-1
13:46:26  Zone: Zone2                    	374	377	-3
13:47:27  Camera: Shop A                                  	376	378
13:47:35  Zone: Zone1                    	378	380	-2
13:47:35  Zone: Zone2                    	376	378	-2
13:48:28  Camera: Shop A                                  	383	383
13:48:28  Zone: Zone1                    	383	387	-4
13:48:28  Zone: Zone2                    	383	383	0
13:49:29  Camera: Shop A                                  	383	384
13:49:37  Zone: Zone1                    	384	387	-3
13:49:37  Zone: Zone2                    	383	384	-1
13:50:30  Camera: Shop A                                  	386	384
13:50:30  Zone: Zone1                    	384	390	-6
13:50:30  Zone: Zone2                    	386	384	2
13:51:31  Camera: Shop A                                  	387	384
13:51:40  Zone: Zone1                    	384	391	-7
13:51:40  Zone: Zone2                    	387	384	3
13:52:32  Camera: Shop A                                  	389	387
13:52:32  Zone: Zone1                    	387	393	-6
13:52:32  Zone: Zone2                    	389	387	2
13:53:33  Camera: Shop A                                  	389	388
13:53:42  Zone: Zone1                    	388	393	-5
13:53:42  Zone: Zone2                    	389	388	1
13:54:34  Camera: Shop A                                  	391	388
13:54:34  Zone: Zone1                    	388	395	-7
13:54:34  Zone: Zone2                    	391	388	3
13:55:35  Camera: Shop A                                  	393	388
13:55:44  Zone: Zone1                    	388	397	-9
13:55:44  Zone: Zone2                    	393	388	5
13:56:36  Camera: Shop A                                  	393	391
13:56:36  Zone: Zone1                    	391	397	-6
13:56:36  Zone: Zone2                    	393	391	2
13:59:40  Camera: Shop A                                  	394	391
13:59:52  Zone: Zone1                    	391	398	-7
13:59:52  Zone: Zone2                    	394	391	3
14:00:11  Logging to daily summary: "14:00 38 41 -2 41 38 -1"
14:00:11  Service running OK
14:02:43  Camera: Shop A                                  	394	393
14:02:50  Zone: Zone1                    	393	398	-5
14:02:50  Zone: Zone2                    	394	393	1
14:04:45  Camera: Shop A                                  	396	396
14:04:54  Zone: Zone1                    	396	400	-4
14:04:54  Zone: Zone2                    	396	396	0
14:06:47  Camera: Shop A                                  	397	398
14:06:58  Zone: Zone1                    	398	401	-3
14:06:58  Zone: Zone2                    	397	398	-1
14:07:48  Camera: Shop A                                  	399	398
14:07:50  Zone: Zone1                    	398	403	-5
14:07:50  Zone: Zone2                    	399	398	1
14:09:50  Camera: Shop A                                  	399	400
14:09:54  Zone: Zone1                    	400	403	-3
14:09:54  Zone: Zone2                    	399	400	-1
14:10:51  Camera: Shop A                                  	401	400
14:11:04  Zone: Zone1                    	400	405	-5
14:11:04  Zone: Zone2                    	401	400	1
14:11:52  Camera: Shop A                                  	401	401
14:11:56  Zone: Zone1                    	401	405	-4
14:11:56  Zone: Zone2                    	401	401	0
14:12:54  Camera: Shop A                                  	401	405
14:13:06  Zone: Zone1                    	405	405	0
14:13:06  Zone: Zone2                    	401	405	-4
14:15:13  Service running OK
14:15:57  Camera: Shop A                                  	403	405
14:16:04  Zone: Zone1                    	405	407	-2
14:16:04  Zone: Zone2                    	403	405	-2
14:19:00  Camera: Shop A                                  	403	406
14:19:02  Zone: Zone1                    	406	407	-1
14:19:02  Zone: Zone2                    	403	406	-3
14:21:02  Camera: Shop A                                  	404	406
14:21:06  Zone: Zone1                    	406	408	-2
14:21:06  Zone: Zone2                    	404	406	-2
14:24:05  Camera: Shop A                                  	404	408
14:24:06  Zone: Zone1                    	408	408	0
14:24:06  Zone: Zone2                    	404	408	-4
14:25:06  Camera: Shop A                                  	405	408
14:25:15  Zone: Zone1                    	408	409	-1
14:25:15  Zone: Zone2                    	405	408	-3
14:27:05  Camera: Level 2 Main Entry                      	0	1
14:27:19  Zone: Zone1                    	408	410	-2
14:30:02  Logging to daily summary: "14:30 17 12 -2 11 17 -1"
14:30:02  Service running OK
14:38:21  Camera: Shop A                                  	408	414
14:38:23  Zone: Zone1                    	414	413	1
14:38:23  Zone: Zone2                    	408	414	-6
14:39:22  Camera: Shop A                                  	408	416
14:39:33  Zone: Zone1                    	416	413	3
14:39:33  Zone: Zone2                    	408	416	-8
14:45:16  Service running OK
14:58:42  Camera: Shop A                                  	409	416
14:58:43  Zone: Zone1                    	416	414	2
14:58:43  Zone: Zone2                    	409	416	-7
15:00:14  Logging to daily summary: "15:00 8 4 1 4 8 -6"
15:00:14  Service running OK
15:15:14  Service running OK
15:30:14  Logging to daily summary: "15:30 0 0 2 0 0 -7"
15:30:14  Service running OK
15:45:14  Service running OK
16:00:14  Logging to daily summary: "16:00 0 0 2 0 0 -7"
16:00:14  Service running OK
16:15:17  Service running OK
16:30:17  Logging to daily summary: "16:30 0 0 2 0 0 -7"
16:30:17  Service running OK
16:36:22  Camera: Level 2 Main Entry                      	2	1
16:36:32  Zone: Zone1                    	418	414	4
16:37:23  Camera: Level 2 Main Entry                      	5	3
16:37:24  Zone: Zone1                    	421	416	5
16:38:24  Camera: Level 2 Main Entry                      	6	3
16:38:34  Zone: Zone1                    	422	416	6
16:39:25  Camera: Level 2 Main Entry                      	8	6
16:39:26  Zone: Zone1                    	424	419	5
16:40:26  Camera: Level 2 Main Entry                      	10	6
16:40:36  Zone: Zone1                    	426	419	7
16:41:27  Camera: Level 2 Main Entry                      	10	8
16:41:28  Zone: Zone1                    	426	421	5
16:45:05  Service running OK
17:00:05  Logging to daily summary: "17:00 10 7 4 0 0 -7"
17:00:05  Service running OK
17:15:05  Service running OK
17:30:05  Logging to daily summary: "17:30 0 0 5 0 0 -7"
17:30:05  Service running OK
17:45:05  Service running OK
18:00:05  Logging to daily summary: "18:00 0 0 5 0 0 -7"
18:00:05  Service running OK
18:15:05  Service running OK
18:30:05  Logging to daily summary: "18:30 0 0 5 0 0 -7"
18:30:05  Service running OK
18:45:05  Service running OK
19:00:05  Logging to daily summary: "19:00 0 0 5 0 0 -7"
19:00:05  Service running OK
19:15:05  Service running OK
19:30:05  Logging to daily summary: "19:30 0 0 5 0 0 -7"
19:30:05  Service running OK
19:45:05  Service running OK
20:00:05  Logging to daily summary: "20:00 0 0 5 0 0 -7"
20:00:05  Service running OK
20:15:05  Service running OK
20:30:05  Logging to daily summary: "20:30 0 0 5 0 0 -7"
20:30:05  Service running OK
20:45:05  Service running OK
21:00:05  Logging to daily summary: "21:00 0 0 5 0 0 -7"
21:00:05  Service running OK
21:15:05  Service running OK
21:30:05  Logging to daily summary: "21:30 0 0 5 0 0 -7"
21:30:05  Service running OK
21:45:05  Service running OK
22:00:05  Logging to daily summary: "22:00 0 0 5 0 0 -7"
22:00:05  Service running OK
22:00:38  Stop time reached.
22:00:38  Camera 'Level 1 Science Centre Entry 1' - final counts 0 0
22:00:38  Camera 'Level 1 Science Centre Entry 2' - final counts 0 0
22:00:38  Camera 'Level 1 Science Centre Lift' - final counts 0 0
22:00:38  Camera 'Level 2 Main Entry' - final counts 10 8
22:00:38  Camera 'Level 2 Lift' - final counts 0 4
22:00:38  Camera 'Shop A' - final counts 409 416
22:00:38  Camera 'Shop B' - final counts 0 0
22:00:38  Camera 'Shop Whale Mall' - final counts 0 0
22:00:38  Camera 'Level 2 Cafe' - final counts 0 0
22:00:38  Zone: Zone1                    	426	421	5
22:00:38  Zone: Zone2                    	409	416	-7
22:00:38  Level 1 Science Centre Entry 1: IrisysIP counts reset requested.
22:00:38  Level 1 Science Centre Entry 2: IrisysIP counts reset requested.
22:00:38  Level 1 Science Centre Lift: IrisysIP counts reset requested.
22:00:38  Level 2 Main Entry: IrisysIP counts reset requested.
22:00:38  Level 2 Lift: IrisysIP counts reset requested.
22:00:38  Shop A: IrisysIP counts reset requested.
22:00:38  Shop B: IrisysIP counts reset requested.
22:00:38  Shop Whale Mall: IrisysIP counts reset requested.
22:00:38  Level 2 Cafe: IrisysIP counts reset requested.
22:00:38  Displaying shutdown on 0 display(s)
22:00:38  End the manager threads.
22:00:38  Close all CAN threads.
22:00:38  All CAN threads, now flagged to be closed.
22:00:38  Close all IrisysIP threads.
22:00:59  Attempting to reset counts for IrisysIP Camera Shop A
22:00:59  Attempting to reset counts for IrisysIP Camera Level 1 Science Centre Lift
22:01:00  Attempting to reset counts for IrisysIP Camera Level 1 Science Centre Entry 1
22:01:25  Error! Level 1 Science Centre Entry 1: The IrisysIP thread needs to be terminated but has not reset.
22:01:25  Level 1 Science Centre Entry 1: The Irisys IP thread has been flagged to end.
22:01:51  Shop A: InCountCorrection set in registry to: 0
22:01:51  Shop A: OutCountCorrection set in registry to: 0
22:01:52  Shop A: has reset camera
22:01:53  Level 1 Science Centre Lift: InCountCorrection set in registry to: 0
22:01:53  Level 1 Science Centre Lift: OutCountCorrection set in registry to: 0
22:01:54  Level 1 Science Centre Lift: has reset camera
22:01:54  Level 1 Science Centre Entry 1: Main Data Collection loop has finished (g_bStopFlag=0, m_bEndThread=1).
22:01:54  Level 1 Science Centre Entry 1: The Irisys IP thread has ended.
22:02:00  Attempting to reset counts for IrisysIP Camera Level 2 Lift
22:02:01  Level 2 Lift: InCountCorrection set in registry to: 0
22:02:01  Level 2 Lift: OutCountCorrection set in registry to: 0
22:02:02  Attempting to reset counts for IrisysIP Camera Level 1 Science Centre Entry 2
22:02:02  Level 2 Lift: has reset camera
22:02:02  Attempting to reset counts for IrisysIP Camera Level 2 Main Entry
22:02:03  Level 1 Science Centre Entry 2: InCountCorrection set in registry to: 0
22:02:03  Level 1 Science Centre Entry 2: OutCountCorrection set in registry to: 0
22:02:04  Level 1 Science Centre Entry 2: has reset camera
22:02:04  Level 1 Science Centre Entry 2: The Irisys IP thread has been flagged to end.
22:02:04  Level 2 Main Entry: InCountCorrection set in registry to: 0
22:02:04  Level 2 Main Entry: OutCountCorrection set in registry to: 0
22:02:05  Level 2 Main Entry: has reset camera
22:02:53  Camera: Shop A                                  	0	0
22:02:53  Shop A IrisysIP camera has reset
22:02:55  Camera: Level 1 Science Centre Lift             	0	0
22:03:03  Level 1 Science Centre Entry 2: Main Data Collection loop has finished (g_bStopFlag=0, m_bEndThread=1).
22:03:03  Level 1 Science Centre Entry 2: The Irisys IP thread has ended.
22:03:03  Level 1 Science Centre Lift: The Irisys IP thread has been flagged to end.
22:03:03  Level 1 Science Centre Lift: Main Data Collection loop has finished (g_bStopFlag=0, m_bEndThread=1).
22:03:03  Level 1 Science Centre Lift: The Irisys IP thread has ended.
22:03:03  Level 2 Main Entry: The Irisys IP thread has been flagged to end.
22:03:03  Camera: Level 2 Lift                            	0	0
22:03:03  Level 2 Lift IrisysIP camera has reset
22:03:04  Level 2 Main Entry: Main Data Collection loop has finished (g_bStopFlag=0, m_bEndThread=1).
22:03:04  Level 2 Main Entry: The Irisys IP thread has ended.
22:03:04  Level 2 Lift: The Irisys IP thread has been flagged to end.
22:03:04  Level 2 Lift: Main Data Collection loop has finished (g_bStopFlag=0, m_bEndThread=1).
22:03:04  Level 2 Lift: The Irisys IP thread has ended.
22:03:04  Shop A: The Irisys IP thread has been flagged to end.
22:03:52  Shop A: Main Data Collection loop has finished (g_bStopFlag=0, m_bEndThread=1).
22:03:52  Shop A: The Irisys IP thread has ended.
22:03:52  Shop B: The Irisys IP thread has been flagged to end.
22:04:09  Shop B: Main Data Collection loop has finished (g_bStopFlag=0, m_bEndThread=1).
22:04:09  Shop B: The Irisys IP thread has ended.
22:04:09  Shop Whale Mall: The Irisys IP thread has been flagged to end.
22:04:09  Shop Whale Mall: Main Data Collection loop has finished (g_bStopFlag=0, m_bEndThread=1).
22:04:09  Shop Whale Mall: The Irisys IP thread has ended.
22:04:09  Level 2 Cafe: The Irisys IP thread has been flagged to end.
22:04:10  Level 2 Cafe: Main Data Collection loop has finished (g_bStopFlag=0, m_bEndThread=1).
22:04:10  Level 2 Cafe: The Irisys IP thread has ended.
22:04:10  All IrisysIP threads, now flagged to be closed.
22:04:10  Close all iCount threads.
22:04:10  All iCount threads, now flagged to be closed.
22:04:10  Close all eDAM threads.
22:04:10  All eDAM threads, now flagged to be closed.
22:04:10  Camera 'Level 1 Science Centre Entry 1' - maximum flow 0 at 09:30:00
22:04:10  Camera 'Level 1 Science Centre Entry 2' - maximum flow 0 at 09:30:00
22:04:10  Camera 'Level 1 Science Centre Lift' - maximum flow 0 at 09:30:00
22:04:10  Camera 'Level 2 Main Entry' - maximum flow 5 at 16:38:01
22:04:10  Camera 'Level 2 Lift' - maximum flow 2 at 09:38:12
22:04:10  Camera 'Shop A' - maximum flow 17 at 11:44:04
22:04:10  Camera 'Shop B' - maximum flow 0 at 09:30:00
22:04:10  Camera 'Shop Whale Mall' - maximum flow 0 at 09:30:00
22:04:10  Camera 'Level 2 Cafe' - maximum flow 0 at 09:30:00
22:04:10  Camera 'Level 1 Science Centre Entry 1' refreshing registry counts
22:04:10  Camera 'Level 1 Science Centre Entry 2' refreshing registry counts
22:04:10  Camera 'Level 1 Science Centre Lift' refreshing registry counts
22:04:10  Camera 'Level 2 Main Entry' refreshing registry counts
22:04:10  Camera 'Level 2 Lift' refreshing registry counts
22:04:10  Camera 'Shop A' refreshing registry counts
22:04:10  Camera 'Shop B' refreshing registry counts
22:04:10  Camera 'Shop Whale Mall' refreshing registry counts
22:04:10  Camera 'Level 2 Cafe' refreshing registry counts
22:04:10  Zone 'Zone1' refreshing file counts
22:04:10  Zone 'Zone2' refreshing file counts
22:04:10  Processing application not specified
22:04:10  Logging Counting Stopped

