
09:27:30  RECAP $Revision: 3.13.2.13 $ ($State: Exp $) built 09:15:45, Aug  3 2010
09:27:30  Logging Counting Started
09:27:30  Start time: 09:30 (570 minutes past midnight)
09:27:30  Stop time: 22:00 (1320 minutes past midnight)
09:27:30  Log period: 30 minutes
09:27:30  Initialising 0 display(s)
09:27:30  Initialising 9 camera(s)
09:27:30  IrisysIP counter(s) in use, Starting BlackFin API
09:27:30  If RECAP crashes, check .NET framework and VCRedist are installed.
09:27:30  BlackFin API Started.
09:27:30  BlackFin API Started up OK. Version: 1.10.0.5
09:27:30  Initialising 2 zone(s)
09:27:30  Outputting 'Zone1' zone data to 'Zones\Zone1.txt'
09:27:30  Outputting 'Zone2' zone data to 'Zones\Zone2.txt'
09:27:30  Displaying shutdown on 0 display(s)
09:27:30  Waiting till start time
09:30:00  Start time reached
09:30:00  Adding Level 1 Science Centre Entry 1 thread to Watchdog
09:30:00  Level 1 Science Centre Entry 1: InCountCorrection set in registry to: 0
09:30:00  Level 1 Science Centre Entry 1: OutCountCorrection set in registry to: 0
09:30:00  Adding Level 1 Science Centre Entry 2 thread to Watchdog
09:30:00  Level 1 Science Centre Entry 2: InCountCorrection set in registry to: 0
09:30:00  Level 1 Science Centre Entry 2: OutCountCorrection set in registry to: 0
09:30:00  Adding Level 1 Science Centre Lift thread to Watchdog
09:30:00  Level 1 Science Centre Lift: InCountCorrection set in registry to: 0
09:30:00  Level 1 Science Centre Lift: OutCountCorrection set in registry to: 0
09:30:00  Adding Level 2 Main Entry thread to Watchdog
09:30:00  Level 2 Main Entry: InCountCorrection set in registry to: 0
09:30:00  Level 2 Main Entry: OutCountCorrection set in registry to: 0
09:30:00  Adding Level 2 Lift thread to Watchdog
09:30:00  Level 2 Lift: InCountCorrection set in registry to: 0
09:30:00  Level 2 Lift: OutCountCorrection set in registry to: 0
09:30:00  Adding Shop A thread to Watchdog
09:30:00  Shop A: InCountCorrection set in registry to: 0
09:30:00  Shop A: OutCountCorrection set in registry to: 0
09:30:00  Adding Shop B thread to Watchdog
09:30:00  Shop B: InCountCorrection set in registry to: 0
09:30:00  Shop B: OutCountCorrection set in registry to: 0
09:30:00  Adding Shop Whale Mall thread to Watchdog
09:30:00  Shop Whale Mall: InCountCorrection set in registry to: 0
09:30:00  Shop Whale Mall: OutCountCorrection set in registry to: 0
09:30:00  Adding Level 2 Cafe thread to Watchdog
09:30:00  Level 2 Cafe: InCountCorrection set in registry to: 0
09:30:00  Level 2 Cafe: OutCountCorrection set in registry to: 0
09:30:02  New day, Reset counts and busiest times in registry
09:30:02  Camera Level 1 Science Centre Entry 1 Counts 	= In:0, Out:0
09:30:02  Camera Level 1 Science Centre Entry 2 Counts 	= In:0, Out:0
09:30:02  Camera Level 1 Science Centre Lift Counts 	= In:0, Out:0
09:30:02  Camera Level 2 Main Entry Counts 	= In:0, Out:0
09:30:02  Camera Level 2 Lift Counts 	= In:0, Out:0
09:30:02  Camera Shop A Counts 	= In:0, Out:0
09:30:02  Camera Shop B Counts 	= In:0, Out:0
09:30:02  Camera Shop Whale Mall Counts 	= In:0, Out:0
09:30:02  Camera Level 2 Cafe Counts 	= In:0, Out:0
09:30:02  Starting main data collection loop.
09:30:03  Level 2 Lift: Connect Success (5) (serial num:2158593872)
09:30:04  Level 2 Main Entry: Connect Success (4) (serial num:2158593780)
09:30:05  Zone: Zone1                    	0	0	0
09:30:05  Zone: Zone2                    	0	0	0
09:30:05  Logging to daily summary: "09:30 0 0 0 0 0 0"
09:30:05  Service running OK
09:30:05  Level 2 Lift: MAC:00-21-AC-00-2F-8C IP Firmware:4.0.2.30311 Monitor Firmware:42.4.0.404
09:30:05  Level 2 Main Entry: MAC:00-21-AC-00-30-D9 IP Firmware:4.0.2.30311 Monitor Firmware:42.4.0.404
09:30:06  Level 2 Lift: Status msgs: 0,0
09:30:07  Level 2 Lift: Current DeviceID: DefaultID
09:30:07  Level 2 Main Entry: Status msgs: 0,0
09:30:07  Level 2 Main Entry: Current DeviceID: DefaultID
09:32:14  Initial Camera Level 2 Lift Counts 	= In:2, Out:3
09:32:15  Initial Camera Level 2 Main Entry Counts 	= In:51, Out:45
09:32:18  Level 2 Lift: Date last reset in registry is not today (reset required): 19/11/11
09:32:18  Attempting to reset counts for IrisysIP Camera Level 2 Lift
09:32:19  Level 2 Main Entry: Date last reset in registry is not today (reset required): 19/11/11
09:32:19  Attempting to reset counts for IrisysIP Camera Level 2 Main Entry
09:33:16  Level 2 Lift: InCountCorrection set in registry to: 0
09:33:16  Level 2 Lift: OutCountCorrection set in registry to: 0
09:33:17  Level 2 Lift: has reset camera
09:33:17  Camera: Level 2 Lift - Counts are now valid.
09:33:18  Level 2 Main Entry: InCountCorrection set in registry to: 0
09:33:18  Level 2 Main Entry: OutCountCorrection set in registry to: 0
09:33:19  Level 2 Main Entry: has reset camera
09:33:19  Camera: Level 2 Main Entry - Counts are now valid.
09:34:19  Camera: Level 2 Lift                            	0	0
09:34:19  Level 2 Lift IrisysIP camera has reset
09:34:21  Camera: Level 2 Main Entry                      	4	2
09:34:33  Zone: Zone1                    	4	2	2
09:35:23  Camera: Level 2 Main Entry                      	8	5
09:35:23  Zone: Zone1                    	8	5	3
09:36:25  Camera: Level 2 Main Entry                      	10	7
09:36:33  Zone: Zone1                    	10	7	3
09:45:17  Service running OK
09:55:03  Level 1 Science Centre Lift: Connect Success (3) (serial num:2158593853)
09:55:04  Level 1 Science Centre Lift: MAC:00-21-AC-00-30-1A IP Firmware:4.0.2.30311 Monitor Firmware:42.4.0.404
09:55:11  Level 1 Science Centre Entry 1: Connect Success (1) (serial num:2158593798)
09:55:12  Level 1 Science Centre Entry 1: MAC:00-21-AC-00-30-39 IP Firmware:4.0.2.30311 Monitor Firmware:42.4.0.404
09:55:13  Level 1 Science Centre Entry 2: Connect Success (2) (serial num:2158593777)
09:55:14  Level 1 Science Centre Entry 2: MAC:00-21-AC-00-30-3B IP Firmware:4.0.2.30311 Monitor Firmware:42.4.0.404
09:56:07  Initial Camera Level 1 Science Centre Lift Counts 	= In:0, Out:0
09:56:11  Level 1 Science Centre Lift: Date last reset in registry is not today (reset required): 19/11/11
09:56:11  Attempting to reset counts for IrisysIP Camera Level 1 Science Centre Lift
09:57:07  Level 1 Science Centre Lift: InCountCorrection set in registry to: 0
09:57:07  Level 1 Science Centre Lift: OutCountCorrection set in registry to: 0
09:57:08  Level 1 Science Centre Lift: has reset camera
09:57:08  Initial Camera Level 1 Science Centre Entry 1 Counts 	= In:0, Out:1
09:57:08  Camera: Level 1 Science Centre Lift - Counts are now valid.
09:57:08  Initial Camera Level 1 Science Centre Entry 2 Counts 	= In:0, Out:7
09:57:12  Level 1 Science Centre Entry 2: Date last reset in registry is not today (reset required): 19/11/11
09:57:12  Level 1 Science Centre Entry 1: Date last reset in registry is not today (reset required): 19/11/11
09:57:12  Attempting to reset counts for IrisysIP Camera Level 1 Science Centre Entry 2
09:57:12  Attempting to reset counts for IrisysIP Camera Level 1 Science Centre Entry 1
09:57:17  Level 1 Science Centre Entry 2: InCountCorrection set in registry to: 0
09:57:17  Level 1 Science Centre Entry 2: OutCountCorrection set in registry to: 0
09:57:18  Level 1 Science Centre Entry 2: has reset camera
09:57:18  Camera: Level 1 Science Centre Entry 2 - Counts are now valid.
09:57:19  Level 1 Science Centre Entry 1: InCountCorrection set in registry to: 0
09:57:19  Level 1 Science Centre Entry 1: OutCountCorrection set in registry to: 0
09:57:20  Level 1 Science Centre Entry 1: has reset camera
09:57:20  Camera: Level 1 Science Centre Entry 1 - Counts are now valid.
09:57:48  Camera: Level 2 Lift                            	0	1
09:58:00  Zone: Zone1                    	10	8	2
09:58:09  Camera: Level 1 Science Centre Lift             	0	0
09:58:09  Level 1 Science Centre Lift IrisysIP camera has reset
09:58:19  Camera: Level 1 Science Centre Entry 2          	0	0
09:58:19  Level 1 Science Centre Entry 2 IrisysIP camera has reset
09:58:21  Camera: Level 1 Science Centre Entry 1          	0	0
09:58:21  Level 1 Science Centre Entry 1 IrisysIP camera has reset
10:00:00  Logging to daily summary: "10:00 10 8 2 0 0 0"
10:00:00  Service running OK
10:15:14  Service running OK
10:30:15  Logging to daily summary: "10:30 0 0 2 0 0 0"
10:30:15  Service running OK
10:45:15  Service running OK
11:00:04  Logging to daily summary: "11:00 0 0 2 0 0 0"
11:00:04  Service running OK
11:15:05  Service running OK
11:30:05  Logging to daily summary: "11:30 0 0 2 0 0 0"
11:30:05  Service running OK
11:45:05  Service running OK
12:00:05  Logging to daily summary: "12:00 0 0 2 0 0 0"
12:00:05  Service running OK
12:15:06  Service running OK
12:30:07  Logging to daily summary: "12:30 0 0 2 0 0 0"
12:30:07  Service running OK
12:45:08  Service running OK
13:00:08  Logging to daily summary: "13:00 0 0 2 0 0 0"
13:00:08  Service running OK
13:15:09  Service running OK
13:30:09  Logging to daily summary: "13:30 0 0 2 0 0 0"
13:30:09  Service running OK
13:45:09  Service running OK
14:00:09  Logging to daily summary: "14:00 0 0 2 0 0 0"
14:00:09  Service running OK
14:15:09  Service running OK
14:30:09  Logging to daily summary: "14:30 0 0 2 0 0 0"
14:30:09  Service running OK
14:45:11  Service running OK
15:00:12  Logging to daily summary: "15:00 0 0 2 0 0 0"
15:00:12  Service running OK
15:15:12  Service running OK
15:30:12  Logging to daily summary: "15:30 0 0 2 0 0 0"
15:30:12  Service running OK
15:45:14  Service running OK
16:00:14  Logging to daily summary: "16:00 0 0 2 0 0 0"
16:00:14  Service running OK
16:15:14  Service running OK
16:27:43  Camera: Level 2 Main Entry                      	10	8
16:27:47  Zone: Zone1                    	10	9	1
16:28:44  Camera: Level 2 Main Entry                      	11	8
16:28:57  Zone: Zone1                    	11	9	2
16:30:10  Logging to daily summary: "16:30 1 1 1 0 0 0"
16:30:10  Service running OK
16:30:47  Camera: Level 2 Main Entry                      	12	9
16:31:01  Zone: Zone1                    	12	10	2
16:31:48  Camera: Level 2 Main Entry                      	12	10
16:31:53  Zone: Zone1                    	12	11	1
16:32:49  Camera: Level 2 Main Entry                      	16	11
16:33:04  Zone: Zone1                    	16	12	4
16:33:50  Camera: Level 2 Main Entry                      	16	12
16:33:57  Zone: Zone1                    	16	13	3
16:40:57  Camera: Level 2 Main Entry                      	20	17
16:41:10  Zone: Zone1                    	20	18	2
16:41:58  Camera: Level 2 Main Entry                      	24	19
16:42:02  Zone: Zone1                    	24	20	4
16:42:59  Camera: Level 2 Main Entry                      	26	21
16:43:12  Zone: Zone1                    	26	22	4
16:45:01  Service running OK
17:00:00  Logging to daily summary: "17:00 15 13 3 0 0 0"
17:00:00  Service running OK
17:15:00  Service running OK
17:30:01  Logging to daily summary: "17:30 0 0 4 0 0 0"
17:30:01  Service running OK
17:45:01  Service running OK
18:00:01  Logging to daily summary: "18:00 0 0 4 0 0 0"
18:00:01  Service running OK
18:15:01  Service running OK
18:30:01  Logging to daily summary: "18:30 0 0 4 0 0 0"
18:30:01  Service running OK
18:45:01  Service running OK
19:00:01  Logging to daily summary: "19:00 0 0 4 0 0 0"
19:00:01  Service running OK
19:15:01  Service running OK
19:30:01  Logging to daily summary: "19:30 0 0 4 0 0 0"
19:30:01  Service running OK
19:45:01  Service running OK
20:00:01  Logging to daily summary: "20:00 0 0 4 0 0 0"
20:00:01  Service running OK
20:15:01  Service running OK
20:30:01  Logging to daily summary: "20:30 0 0 4 0 0 0"
20:30:01  Service running OK
20:45:01  Service running OK
21:00:01  Logging to daily summary: "21:00 0 0 4 0 0 0"
21:00:01  Service running OK
21:15:01  Service running OK
21:30:01  Logging to daily summary: "21:30 0 0 4 0 0 0"
21:30:01  Service running OK
21:45:01  Service running OK
22:00:01  Logging to daily summary: "22:00 0 0 4 0 0 0"
22:00:01  Service running OK
22:00:34  Stop time reached.
22:00:34  Camera 'Level 1 Science Centre Entry 1' - final counts 0 0
22:00:34  Camera 'Level 1 Science Centre Entry 2' - final counts 0 0
22:00:34  Camera 'Level 1 Science Centre Lift' - final counts 0 0
22:00:34  Camera 'Level 2 Main Entry' - final counts 26 21
22:00:34  Camera 'Level 2 Lift' - final counts 0 1
22:00:34  Camera 'Shop A' - final counts 0 0
22:00:34  Camera 'Shop B' - final counts 0 0
22:00:34  Camera 'Shop Whale Mall' - final counts 0 0
22:00:34  Camera 'Level 2 Cafe' - final counts 0 0
22:00:34  Zone: Zone1                    	26	22	4
22:00:34  Zone: Zone2                    	0	0	0
22:00:34  Level 1 Science Centre Entry 1: IrisysIP counts reset requested.
22:00:34  Level 1 Science Centre Entry 2: IrisysIP counts reset requested.
22:00:34  Level 1 Science Centre Lift: IrisysIP counts reset requested.
22:00:34  Level 2 Main Entry: IrisysIP counts reset requested.
22:00:34  Level 2 Lift: IrisysIP counts reset requested.
22:00:34  Shop A: IrisysIP counts reset requested.
22:00:34  Shop B: IrisysIP counts reset requested.
22:00:34  Shop Whale Mall: IrisysIP counts reset requested.
22:00:34  Level 2 Cafe: IrisysIP counts reset requested.
22:00:44  Attempting to reset counts for IrisysIP Camera Level 2 Main Entry
22:00:46  Failed to send email.
22:00:46  Displaying shutdown on 0 display(s)
22:00:46  End the manager threads.
22:00:46  Close all CAN threads.
22:00:46  All CAN threads, now flagged to be closed.
22:00:46  Close all IrisysIP threads.
22:00:48  Attempting to reset counts for IrisysIP Camera Level 2 Lift
22:01:33  Error! Level 1 Science Centre Entry 1: The IrisysIP thread needs to be terminated but has not reset.
22:01:33  Level 1 Science Centre Entry 1: The Irisys IP thread has been flagged to end.
22:01:36  Level 2 Main Entry: InCountCorrection set in registry to: 0
22:01:36  Level 2 Main Entry: OutCountCorrection set in registry to: 0
22:01:37  Level 2 Main Entry: has reset camera
22:01:40  Level 2 Lift: InCountCorrection set in registry to: 0
22:01:40  Level 2 Lift: OutCountCorrection set in registry to: 0
22:01:41  Level 2 Lift: has reset camera
22:01:41  Level 1 Science Centre Entry 1: Main Data Collection loop has finished (g_bStopFlag=0, m_bEndThread=1).
22:01:41  Level 1 Science Centre Entry 1: The Irisys IP thread has ended.
22:01:49  Attempting to reset counts for IrisysIP Camera Level 1 Science Centre Lift
22:01:49  Attempting to reset counts for IrisysIP Camera Level 1 Science Centre Entry 2
22:01:55  Level 1 Science Centre Lift: InCountCorrection set in registry to: 0
22:01:55  Level 1 Science Centre Lift: OutCountCorrection set in registry to: 0
22:01:56  Level 1 Science Centre Lift: has reset camera
22:02:05  Level 1 Science Centre Entry 2: InCountCorrection set in registry to: 0
22:02:05  Level 1 Science Centre Entry 2: OutCountCorrection set in registry to: 0
22:02:06  Level 1 Science Centre Entry 2: has reset camera
22:02:06  Level 1 Science Centre Entry 2: The Irisys IP thread has been flagged to end.
22:02:38  Camera: Level 2 Main Entry                      	0	0
22:02:38  Level 2 Main Entry IrisysIP camera has reset
22:02:42  Camera: Level 2 Lift                            	0	0
22:02:42  Level 2 Lift IrisysIP camera has reset
22:02:57  Camera: Level 1 Science Centre Lift             	0	0
22:03:05  Level 1 Science Centre Entry 2: Main Data Collection loop has finished (g_bStopFlag=0, m_bEndThread=1).
22:03:05  Level 1 Science Centre Entry 2: The Irisys IP thread has ended.
22:03:05  Level 1 Science Centre Lift: The Irisys IP thread has been flagged to end.
22:03:56  Level 1 Science Centre Lift: Main Data Collection loop has finished (g_bStopFlag=0, m_bEndThread=1).
22:03:56  Level 1 Science Centre Lift: The Irisys IP thread has ended.
22:03:56  Level 2 Main Entry: The Irisys IP thread has been flagged to end.
22:04:38  Level 2 Main Entry: Main Data Collection loop has finished (g_bStopFlag=0, m_bEndThread=1).
22:04:38  Level 2 Main Entry: The Irisys IP thread has ended.
22:04:38  Level 2 Lift: The Irisys IP thread has been flagged to end.
22:04:42  Level 2 Lift: Main Data Collection loop has finished (g_bStopFlag=0, m_bEndThread=1).
22:04:42  Level 2 Lift: The Irisys IP thread has ended.
22:04:42  Shop A: The Irisys IP thread has been flagged to end.
22:04:42  Shop A: Main Data Collection loop has finished (g_bStopFlag=0, m_bEndThread=1).
22:04:42  Shop A: The Irisys IP thread has ended.
22:04:42  Shop B: The Irisys IP thread has been flagged to end.
22:04:42  Shop B: Main Data Collection loop has finished (g_bStopFlag=0, m_bEndThread=1).
22:04:42  Shop B: The Irisys IP thread has ended.
22:04:42  Shop Whale Mall: The Irisys IP thread has been flagged to end.
22:04:42  Shop Whale Mall: Main Data Collection loop has finished (g_bStopFlag=0, m_bEndThread=1).
22:04:42  Shop Whale Mall: The Irisys IP thread has ended.
22:04:42  Level 2 Cafe: The Irisys IP thread has been flagged to end.
22:04:42  Level 2 Cafe: Main Data Collection loop has finished (g_bStopFlag=0, m_bEndThread=1).
22:04:42  Level 2 Cafe: The Irisys IP thread has ended.
22:04:42  All IrisysIP threads, now flagged to be closed.
22:04:42  Close all iCount threads.
22:04:42  All iCount threads, now flagged to be closed.
22:04:42  Close all eDAM threads.
22:04:42  All eDAM threads, now flagged to be closed.
22:04:42  Camera 'Level 1 Science Centre Entry 1' - maximum flow 0 at 09:30:00
22:04:42  Camera 'Level 1 Science Centre Entry 2' - maximum flow 0 at 09:30:00
22:04:42  Camera 'Level 1 Science Centre Lift' - maximum flow 0 at 09:30:00
22:04:42  Camera 'Level 2 Main Entry' - maximum flow 9 at 16:41:10
22:04:42  Camera 'Level 2 Lift' - maximum flow 1 at 09:58:00
22:04:42  Camera 'Shop A' - maximum flow 0 at 09:30:00
22:04:42  Camera 'Shop B' - maximum flow 0 at 09:30:00
22:04:42  Camera 'Shop Whale Mall' - maximum flow 0 at 09:30:00
22:04:42  Camera 'Level 2 Cafe' - maximum flow 0 at 09:30:00
22:04:42  Camera 'Level 1 Science Centre Entry 1' refreshing registry counts
22:04:42  Camera 'Level 1 Science Centre Entry 2' refreshing registry counts
22:04:42  Camera 'Level 1 Science Centre Lift' refreshing registry counts
22:04:42  Camera 'Level 2 Main Entry' refreshing registry counts
22:04:42  Camera 'Level 2 Lift' refreshing registry counts
22:04:42  Camera 'Shop A' refreshing registry counts
22:04:42  Camera 'Shop B' refreshing registry counts
22:04:43  Camera 'Shop Whale Mall' refreshing registry counts
22:04:43  Camera 'Level 2 Cafe' refreshing registry counts
22:04:43  Zone 'Zone1' refreshing file counts
22:04:43  Zone 'Zone2' refreshing file counts
22:04:43  Processing application not specified
22:04:43  Logging Counting Stopped

