
10:03:26  RECAP $Revision: 3.13.2.13 $ ($State: Exp $) built 09:15:45, Aug  3 2010
10:03:26  Logging Counting Started
10:03:26  Start time: 09:30 (570 minutes past midnight)
10:03:26  Stop time: 22:00 (1320 minutes past midnight)
10:03:27  Log period: 30 minutes
10:03:27  Initialising 0 display(s)
10:03:27  Initialising 9 camera(s)
10:03:27  IrisysIP counter(s) in use, Starting BlackFin API
10:03:27  If RECAP crashes, check .NET framework and VCRedist are installed.
10:03:27  BlackFin API Started.
10:03:27  BlackFin API Started up OK. Version: 1.10.0.5
10:03:27  Initialising 2 zone(s)
10:03:27  Outputting 'Zone1' zone data to 'Zones\Zone1.txt'
10:03:27  Outputting 'Zone2' zone data to 'Zones\Zone2.txt'
10:03:27  Displaying shutdown on 0 display(s)
10:03:27  Waiting till start time
10:03:27  Start time reached
10:03:27  Adding Level 1 Science Centre Entry 1 thread to Watchdog
10:03:27  Level 1 Science Centre Entry 1: InCountCorrection set in registry to: 0
10:03:27  Level 1 Science Centre Entry 1: OutCountCorrection set in registry to: 0
10:03:27  Adding Level 1 Science Centre Entry 2 thread to Watchdog
10:03:27  Level 1 Science Centre Entry 2: InCountCorrection set in registry to: 0
10:03:27  Level 1 Science Centre Entry 2: OutCountCorrection set in registry to: 0
10:03:28  Adding Level 1 Science Centre Lift thread to Watchdog
10:03:28  Level 1 Science Centre Lift: InCountCorrection set in registry to: 0
10:03:28  Level 1 Science Centre Lift: OutCountCorrection set in registry to: 0
10:03:28  Adding Level 2 Main Entry thread to Watchdog
10:03:28  Level 2 Main Entry: InCountCorrection set in registry to: 0
10:03:28  Level 2 Main Entry: OutCountCorrection set in registry to: 0
10:03:28  Adding Level 2 Lift thread to Watchdog
10:03:28  Level 2 Lift: InCountCorrection set in registry to: 0
10:03:28  Level 2 Lift: OutCountCorrection set in registry to: 0
10:03:28  Adding Shop A thread to Watchdog
10:03:28  Shop A: InCountCorrection set in registry to: 0
10:03:28  Shop A: OutCountCorrection set in registry to: 0
10:03:28  Adding Shop B thread to Watchdog
10:03:28  Shop B: InCountCorrection set in registry to: 0
10:03:28  Shop B: OutCountCorrection set in registry to: 0
10:03:28  Adding Shop Whale Mall thread to Watchdog
10:03:28  Shop Whale Mall: InCountCorrection set in registry to: 0
10:03:28  Shop Whale Mall: OutCountCorrection set in registry to: 0
10:03:28  Adding Level 2 Cafe thread to Watchdog
10:03:28  Level 2 Cafe: InCountCorrection set in registry to: 0
10:03:28  Level 2 Cafe: OutCountCorrection set in registry to: 0
10:03:29  New day, Reset counts and busiest times in registry
10:03:29  Camera Level 1 Science Centre Entry 1 Counts 	= In:0, Out:0
10:03:29  Camera Level 1 Science Centre Entry 2 Counts 	= In:0, Out:0
10:03:29  Camera Level 1 Science Centre Lift Counts 	= In:0, Out:0
10:03:29  Camera Level 2 Main Entry Counts 	= In:0, Out:0
10:03:29  Camera Level 2 Lift Counts 	= In:0, Out:0
10:03:29  Camera Shop A Counts 	= In:0, Out:0
10:03:29  Camera Shop B Counts 	= In:0, Out:0
10:03:29  Camera Shop Whale Mall Counts 	= In:0, Out:0
10:03:29  Camera Level 2 Cafe Counts 	= In:0, Out:0
10:03:29  Starting main data collection loop.
10:03:32  Zone: Zone1                    	0	0	0
10:03:32  Zone: Zone2                    	0	0	0
10:03:34  Level 2 Lift: Connect Success (5) (serial num:2158593872)
10:03:36  Level 1 Science Centre Entry 1: Connect Success (1) (serial num:2158593798)
10:03:36  Level 1 Science Centre Entry 2: Connect Success (2) (serial num:2158593777)
10:03:37  Level 2 Lift: MAC:00-21-AC-00-2F-8C IP Firmware:4.0.2.30311 Monitor Firmware:42.4.0.404
10:03:37  Level 1 Science Centre Entry 1: MAC:00-21-AC-00-30-39 IP Firmware:4.0.2.30311 Monitor Firmware:42.4.0.404
10:03:37  Level 1 Science Centre Entry 2: MAC:00-21-AC-00-30-3B IP Firmware:4.0.2.30311 Monitor Firmware:42.4.0.404
10:03:38  Level 2 Lift: Status msgs: 0,0
10:03:39  Level 2 Lift: Current DeviceID: DefaultID
10:03:39  Level 2 Main Entry: Connect Success (4) (serial num:2158593780)
10:03:39  Level 1 Science Centre Entry 1: Status msgs: 0,0
10:03:40  Level 1 Science Centre Entry 1: Current DeviceID: DefaultID
10:03:40  Level 1 Science Centre Entry 2: Status msgs: 0,0
10:03:40  Level 1 Science Centre Entry 2: Current DeviceID: DefaultID
10:03:40  Level 2 Main Entry: MAC:00-21-AC-00-30-D9 IP Firmware:4.0.2.30311 Monitor Firmware:42.4.0.404
10:03:42  Level 1 Science Centre Lift: Connect Success (3) (serial num:2158593853)
10:03:42  Level 2 Main Entry: Status msgs: 0,0
10:03:42  Level 2 Main Entry: Current DeviceID: DefaultID
10:03:43  Level 1 Science Centre Lift: MAC:00-21-AC-00-30-1A IP Firmware:4.0.2.30311 Monitor Firmware:42.4.0.404
10:03:45  Level 1 Science Centre Lift: Status msgs: 0,0
10:03:45  Level 1 Science Centre Lift: Current DeviceID: DefaultID
10:05:44  Initial Camera Level 1 Science Centre Entry 2 Counts 	= In:16, Out:19
10:05:45  Initial Camera Level 1 Science Centre Entry 1 Counts 	= In:1, Out:2
10:05:45  Initial Camera Level 2 Lift Counts 	= In:0, Out:2
10:05:47  Initial Camera Level 2 Main Entry Counts 	= In:11, Out:11
10:05:48  Level 1 Science Centre Entry 2: Date last reset in registry is not today (reset required): 16/12/11
10:05:48  Attempting to reset counts for IrisysIP Camera Level 1 Science Centre Entry 2
10:05:49  Level 1 Science Centre Entry 1: Date last reset in registry is not today (reset required): 16/12/11
10:05:49  Attempting to reset counts for IrisysIP Camera Level 1 Science Centre Entry 1
10:05:49  Level 2 Lift: Date last reset in registry is not today (reset required): 16/12/11
10:05:49  Attempting to reset counts for IrisysIP Camera Level 2 Lift
10:05:51  Level 2 Main Entry: Date last reset in registry is not today (reset required): 16/12/11
10:05:51  Attempting to reset counts for IrisysIP Camera Level 2 Main Entry
10:06:44  Level 1 Science Centre Entry 2: InCountCorrection set in registry to: 0
10:06:44  Level 1 Science Centre Entry 2: OutCountCorrection set in registry to: 0
10:06:45  Level 1 Science Centre Entry 2: has reset camera
10:06:45  Camera: Level 1 Science Centre Entry 2 - Counts are now valid.
10:06:46  Level 1 Science Centre Entry 1: InCountCorrection set in registry to: 0
10:06:46  Level 1 Science Centre Entry 1: OutCountCorrection set in registry to: 0
10:06:47  Initial Camera Level 1 Science Centre Lift Counts 	= In:0, Out:2
10:06:47  Level 1 Science Centre Entry 1: has reset camera
10:06:47  Camera: Level 1 Science Centre Entry 1 - Counts are now valid.
10:06:48  Level 2 Lift: InCountCorrection set in registry to: 0
10:06:48  Level 2 Lift: OutCountCorrection set in registry to: 0
10:06:49  Level 2 Lift: has reset camera
10:06:49  Camera: Level 2 Lift - Counts are now valid.
10:06:50  Level 2 Main Entry: InCountCorrection set in registry to: 0
10:06:50  Level 2 Main Entry: OutCountCorrection set in registry to: 0
10:06:51  Level 2 Main Entry: has reset camera
10:06:51  Camera: Level 2 Main Entry - Counts are now valid.
10:06:51  Level 1 Science Centre Lift: Date last reset in registry is not today (reset required): 16/12/11
10:06:51  Attempting to reset counts for IrisysIP Camera Level 1 Science Centre Lift
10:06:52  Level 1 Science Centre Lift: InCountCorrection set in registry to: 0
10:06:52  Level 1 Science Centre Lift: OutCountCorrection set in registry to: 0
10:06:53  Level 1 Science Centre Lift: has reset camera
10:06:53  Camera: Level 1 Science Centre Lift - Counts are now valid.
10:07:47  Camera: Level 1 Science Centre Entry 2          	0	0
10:07:47  Level 1 Science Centre Entry 2 IrisysIP camera has reset
10:07:49  Camera: Level 1 Science Centre Entry 1          	0	0
10:07:49  Level 1 Science Centre Entry 1 IrisysIP camera has reset
10:07:51  Camera: Level 2 Lift                            	0	0
10:07:51  Level 2 Lift IrisysIP camera has reset
10:07:52  Camera: Level 2 Main Entry                      	0	0
10:07:52  Level 2 Main Entry IrisysIP camera has reset
10:07:55  Camera: Level 1 Science Centre Lift             	0	0
10:07:55  Level 1 Science Centre Lift IrisysIP camera has reset
10:15:08  Service running OK
10:30:11  Logging to daily summary: "10:30 0 0 0 0 0 0"
10:30:26  Failed to send email.
10:30:26  Service running OK
10:45:16  Service running OK
10:49:36  Camera: Level 2 Lift                            	0	1
10:49:51  Zone: Zone1                    	0	1	-1
11:00:04  Logging to daily summary: "11:00 0 1 0 0 0 0"
11:00:04  Service running OK
11:15:05  Service running OK
11:30:05  Logging to daily summary: "11:30 0 0 -1 0 0 0"
11:30:05  Service running OK
11:45:05  Service running OK
11:45:35  Camera: Level 2 Lift                            	0	2
11:45:38  Zone: Zone1                    	0	2	-2
12:00:03  Logging to daily summary: "12:00 0 1 -1 0 0 0"
12:00:03  Service running OK
12:15:17  Service running OK
12:30:14  Logging to daily summary: "12:30 0 0 -2 0 0 0"
12:30:14  Service running OK
12:45:15  Service running OK
13:00:12  Logging to daily summary: "13:00 0 0 -2 0 0 0"
13:00:12  Service running OK
13:15:07  Service running OK
13:30:07  Logging to daily summary: "13:30 0 0 -2 0 0 0"
13:30:07  Service running OK
13:45:07  Service running OK
14:00:07  Logging to daily summary: "14:00 0 0 -2 0 0 0"
14:00:07  Service running OK
14:15:07  Service running OK
14:30:07  Logging to daily summary: "14:30 0 0 -2 0 0 0"
14:30:07  Service running OK
14:45:07  Service running OK
15:00:06  Logging to daily summary: "15:00 0 0 -2 0 0 0"
15:00:06  Service running OK
15:15:10  Service running OK
15:30:10  Logging to daily summary: "15:30 0 0 -2 0 0 0"
15:30:10  Service running OK
15:45:10  Service running OK
16:00:10  Logging to daily summary: "16:00 0 0 -2 0 0 0"
16:00:10  Service running OK
16:15:10  Service running OK
16:30:10  Logging to daily summary: "16:30 0 0 -2 0 0 0"
16:30:10  Service running OK
16:30:16  Shop B: Main Data Collection loop has finished (g_bStopFlag=1, m_bEndThread=0).
16:30:16  Shop A: Main Data Collection loop has finished (g_bStopFlag=1, m_bEndThread=0).
16:30:16  Shop Whale Mall: Main Data Collection loop has finished (g_bStopFlag=1, m_bEndThread=0).
16:30:16  Level 2 Cafe: Main Data Collection loop has finished (g_bStopFlag=1, m_bEndThread=0).
16:30:16  Level 1 Science Centre Entry 1: The Irisys IP Manager destructor has flagged the thread to end.
16:30:34  Level 1 Science Centre Lift: Main Data Collection loop has finished (g_bStopFlag=1, m_bEndThread=0).
