
07:28:01  RECAP $Revision: 3.13.2.13 $ ($State: Exp $) built 09:15:45, Aug  3 2010
07:28:01  Logging Counting Started
07:28:01  Start time: 09:30 (570 minutes past midnight)
07:28:01  Stop time: 22:00 (1320 minutes past midnight)
07:28:01  Log period: 30 minutes
07:28:01  Initialising 0 display(s)
07:28:01  Initialising 9 camera(s)
07:28:01  IrisysIP counter(s) in use, Starting BlackFin API
07:28:01  If RECAP crashes, check .NET framework and VCRedist are installed.
07:28:01  BlackFin API Started.
07:28:01  BlackFin API Started up OK. Version: 1.10.0.5
07:28:01  Initialising 2 zone(s)
07:28:01  Outputting 'Zone1' zone data to 'Zones\Zone1.txt'
07:28:01  Outputting 'Zone2' zone data to 'Zones\Zone2.txt'
07:28:01  Displaying shutdown on 0 display(s)
07:28:01  Waiting till start time
09:30:00  Start time reached
09:30:00  Adding Level 1 Science Centre Entry 1 thread to Watchdog
09:30:00  Level 1 Science Centre Entry 1: InCountCorrection set in registry to: 0
09:30:00  Level 1 Science Centre Entry 1: OutCountCorrection set in registry to: 0
09:30:00  Adding Level 1 Science Centre Entry 2 thread to Watchdog
09:30:00  Level 1 Science Centre Entry 2: InCountCorrection set in registry to: 0
09:30:00  Level 1 Science Centre Entry 2: OutCountCorrection set in registry to: 0
09:30:00  Adding Level 1 Science Centre Lift thread to Watchdog
09:30:00  Level 1 Science Centre Lift: InCountCorrection set in registry to: 0
09:30:00  Level 1 Science Centre Lift: OutCountCorrection set in registry to: 0
09:30:00  Adding Level 2 Main Entry thread to Watchdog
09:30:00  Level 2 Main Entry: InCountCorrection set in registry to: 0
09:30:00  Level 2 Main Entry: OutCountCorrection set in registry to: 0
09:30:00  Adding Level 2 Lift thread to Watchdog
09:30:00  Level 2 Lift: InCountCorrection set in registry to: 0
09:30:00  Level 2 Lift: OutCountCorrection set in registry to: 0
09:30:00  Adding Shop A thread to Watchdog
09:30:00  Shop A: InCountCorrection set in registry to: 0
09:30:00  Shop A: OutCountCorrection set in registry to: 0
09:30:00  Adding Shop B thread to Watchdog
09:30:00  Shop B: InCountCorrection set in registry to: 0
09:30:00  Shop B: OutCountCorrection set in registry to: 0
09:30:00  Adding Shop Whale Mall thread to Watchdog
09:30:00  Shop Whale Mall: InCountCorrection set in registry to: 0
09:30:00  Shop Whale Mall: OutCountCorrection set in registry to: 0
09:30:00  Adding Level 2 Cafe thread to Watchdog
09:30:00  Level 2 Cafe: InCountCorrection set in registry to: 0
09:30:00  Level 2 Cafe: OutCountCorrection set in registry to: 0
09:30:01  New day, Reset counts and busiest times in registry
09:30:01  Camera Level 1 Science Centre Entry 1 Counts 	= In:0, Out:0
09:30:01  Camera Level 1 Science Centre Entry 2 Counts 	= In:0, Out:0
09:30:01  Camera Level 1 Science Centre Lift Counts 	= In:0, Out:0
09:30:01  Camera Level 2 Main Entry Counts 	= In:0, Out:0
09:30:01  Camera Level 2 Lift Counts 	= In:0, Out:0
09:30:01  Camera Shop A Counts 	= In:0, Out:0
09:30:01  Camera Shop B Counts 	= In:0, Out:0
09:30:01  Camera Shop Whale Mall Counts 	= In:0, Out:0
09:30:01  Camera Level 2 Cafe Counts 	= In:0, Out:0
09:30:02  Starting main data collection loop.
09:30:05  Zone: Zone1                    	0	0	0
09:30:05  Zone: Zone2                    	0	0	0
09:30:05  Logging to daily summary: "09:30 0 0 0 0 0 0"
09:30:05  Service running OK
09:30:24  Level 1 Science Centre Entry 2: Connect Success (2) (serial num:2158593777)
09:30:24  Level 2 Cafe: Connect Success (9) (serial num:2158593773)
09:30:25  Level 1 Science Centre Entry 2: MAC:00-21-AC-00-30-3B IP Firmware:4.0.2.30311 Monitor Firmware:42.4.0.404
09:30:25  Level 2 Cafe: MAC:00-21-AC-00-30-14 IP Firmware:4.0.2.30311 Monitor Firmware:42.4.0.404
09:30:32  Level 2 Main Entry: Connect Success (4) (serial num:2158593780)
09:30:33  Level 2 Main Entry: MAC:00-21-AC-00-30-D9 IP Firmware:4.0.2.30311 Monitor Firmware:42.4.0.404
09:30:36  Level 2 Lift: Connect Success (5) (serial num:2158593872)
09:30:36  Level 2 Lift: MAC:00-21-AC-00-2F-8C IP Firmware:4.0.2.30311 Monitor Firmware:42.4.0.404
09:30:39  Level 1 Science Centre Entry 2: Status msgs: 0,0
09:30:39  Level 1 Science Centre Entry 2: Current DeviceID: DefaultID
09:30:43  Shop Whale Mall: Connect Success (8) (serial num:2158593785)
09:30:45  Shop Whale Mall: MAC:00-21-AC-00-30-1F IP Firmware:4.0.2.30311 Monitor Firmware:42.4.0.404
09:30:45  Level 1 Science Centre Lift: Connect Success (3) (serial num:2158593853)
09:30:45  Shop B: Connect Success (7) (serial num:2158593790)
09:30:46  Level 1 Science Centre Lift: MAC:00-21-AC-00-30-1A IP Firmware:4.0.2.30311 Monitor Firmware:42.4.0.404
09:30:47  Level 1 Science Centre Entry 1: Connect Success (1) (serial num:2158593798)
09:30:47  Shop B: MAC:00-21-AC-00-30-38 IP Firmware:4.0.2.30311 Monitor Firmware:42.4.0.404
09:30:47  Shop A: Connect Success (6) (serial num:2158593779)
09:30:48  Level 1 Science Centre Entry 1: MAC:00-21-AC-00-30-39 IP Firmware:4.0.2.30311 Monitor Firmware:42.4.0.404
09:30:48  Shop A: MAC:00-21-AC-00-30-21 IP Firmware:4.0.2.30311 Monitor Firmware:42.4.0.404
09:31:00  Level 2 Cafe: Status msgs: 0,0
09:31:00  Level 2 Cafe: Current DeviceID: DefaultID
09:31:01  Level 1 Science Centre Lift: Status msgs: 0,0
09:31:01  Level 1 Science Centre Lift: Current DeviceID: DefaultID
09:31:02  Level 1 Science Centre Entry 1: Status msgs: 0,0
09:31:02  Level 1 Science Centre Entry 1: Current DeviceID: DefaultID
09:31:08  Level 2 Main Entry: Status msgs: 0,0
09:31:08  Level 2 Main Entry: Current DeviceID: DefaultID
09:31:11  Level 2 Lift: Status msgs: 0,0
09:31:12  Level 2 Lift: Current DeviceID: DefaultID
09:31:19  Shop Whale Mall: Status msgs: 0,0
09:31:20  Shop Whale Mall: Current DeviceID: DefaultID
09:31:22  Shop B: Status msgs: 0,0
09:31:22  Shop B: Current DeviceID: DefaultID
09:31:23  Shop A: Status msgs: 0,0
09:31:23  Shop A: Current DeviceID: DefaultID
09:32:42  Initial Camera Level 1 Science Centre Entry 2 Counts 	= In:0, Out:0
09:32:46  Level 1 Science Centre Entry 2: Date last reset in registry is not today (reset required): 05/10/11
09:32:46  Attempting to reset counts for IrisysIP Camera Level 1 Science Centre Entry 2
09:33:42  Level 1 Science Centre Entry 2: InCountCorrection set in registry to: 0
09:33:42  Level 1 Science Centre Entry 2: OutCountCorrection set in registry to: 0
09:33:43  Level 1 Science Centre Entry 2: has reset camera
09:33:43  Initial Camera Level 2 Cafe Counts 	= In:0, Out:8
09:33:43  Camera: Level 1 Science Centre Entry 2 - Counts are now valid.
09:33:43  Initial Camera Level 1 Science Centre Lift Counts 	= In:0, Out:0
09:33:43  Initial Camera Level 1 Science Centre Entry 1 Counts 	= In:21, Out:6
09:33:43  Initial Camera Level 2 Main Entry Counts 	= In:0, Out:0
09:33:43  Initial Camera Level 2 Lift Counts 	= In:0, Out:0
09:33:43  Initial Camera Shop Whale Mall Counts 	= In:13, Out:50
09:33:43  Initial Camera Shop B Counts 	= In:47, Out:64
09:33:43  Initial Camera Shop A Counts 	= In:12, Out:6
09:33:47  Level 1 Science Centre Lift: Date last reset in registry is not today (reset required): 05/10/11
09:33:47  Level 1 Science Centre Entry 1: Date last reset in registry is not today (reset required): 05/10/11
09:33:47  Level 2 Cafe: Date last reset in registry is not today (reset required): 05/10/11
09:33:47  Level 2 Main Entry: Date last reset in registry is not today (reset required): 05/10/11
09:33:47  Level 2 Lift: Date last reset in registry is not today (reset required): 05/10/11
09:33:47  Shop Whale Mall: Date last reset in registry is not today (reset required): 05/10/11
09:33:47  Shop B: Date last reset in registry is not today (reset required): 05/10/11
09:33:47  Shop A: Date last reset in registry is not today (reset required): 05/10/11
09:33:47  Attempting to reset counts for IrisysIP Camera Level 1 Science Centre Lift
09:33:47  Attempting to reset counts for IrisysIP Camera Level 1 Science Centre Entry 1
09:33:47  Attempting to reset counts for IrisysIP Camera Level 2 Cafe
09:33:47  Attempting to reset counts for IrisysIP Camera Level 2 Main Entry
09:33:47  Attempting to reset counts for IrisysIP Camera Level 2 Lift
09:33:47  Attempting to reset counts for IrisysIP Camera Shop Whale Mall
09:33:47  Attempting to reset counts for IrisysIP Camera Shop B
09:33:47  Attempting to reset counts for IrisysIP Camera Shop A
09:34:05  Level 1 Science Centre Lift: InCountCorrection set in registry to: 0
09:34:05  Level 1 Science Centre Lift: OutCountCorrection set in registry to: 0
09:34:06  Level 1 Science Centre Lift: has reset camera
09:34:06  Camera: Level 1 Science Centre Lift - Counts are now valid.
09:34:07  Level 1 Science Centre Entry 1: InCountCorrection set in registry to: 0
09:34:07  Level 1 Science Centre Entry 1: OutCountCorrection set in registry to: 0
09:34:08  Level 1 Science Centre Entry 1: has reset camera
09:34:08  Camera: Level 1 Science Centre Entry 1 - Counts are now valid.
09:34:08  Level 2 Cafe: InCountCorrection set in registry to: 0
09:34:08  Level 2 Cafe: OutCountCorrection set in registry to: 0
09:34:09  Level 2 Cafe: has reset camera
09:34:09  Camera: Level 2 Cafe - Counts are now valid.
09:34:11  Level 2 Main Entry: InCountCorrection set in registry to: 0
09:34:11  Level 2 Main Entry: OutCountCorrection set in registry to: 0
09:34:12  Level 2 Main Entry: has reset camera
09:34:12  Camera: Level 2 Main Entry - Counts are now valid.
09:34:15  Level 2 Lift: InCountCorrection set in registry to: 0
09:34:15  Level 2 Lift: OutCountCorrection set in registry to: 0
09:34:16  Level 2 Lift: has reset camera
09:34:16  Camera: Level 2 Lift - Counts are now valid.
09:34:23  Shop Whale Mall: InCountCorrection set in registry to: 0
09:34:23  Shop Whale Mall: OutCountCorrection set in registry to: 0
09:34:24  Shop Whale Mall: has reset camera
09:34:24  Camera: Shop Whale Mall - Counts are now valid.
09:34:26  Shop B: InCountCorrection set in registry to: 0
09:34:26  Shop B: OutCountCorrection set in registry to: 0
09:34:27  Shop B: has reset camera
09:34:27  Camera: Shop B - Counts are now valid.
09:34:28  Shop A: InCountCorrection set in registry to: 0
09:34:28  Shop A: OutCountCorrection set in registry to: 0
09:34:29  Shop A: has reset camera
09:34:29  Camera: Shop A - Counts are now valid.
09:34:29  Zone: Zone2 - Counts are now valid.
09:34:44  Camera: Level 1 Science Centre Entry 2          	0	0
09:34:44  Level 1 Science Centre Entry 2 IrisysIP camera has reset
09:34:45  Zone: Zone1 - Counts are now valid.
09:35:07  Camera: Level 1 Science Centre Lift             	0	0
09:35:07  Level 1 Science Centre Lift IrisysIP camera has reset
09:35:09  Camera: Level 1 Science Centre Entry 1          	0	0
09:35:09  Level 1 Science Centre Entry 1 IrisysIP camera has reset
09:35:10  Camera: Level 2 Cafe                            	0	0
09:35:10  Level 2 Cafe IrisysIP camera has reset
09:35:13  Camera: Level 2 Main Entry                      	0	0
09:35:13  Level 2 Main Entry IrisysIP camera has reset
09:35:17  Camera: Level 2 Lift                            	0	0
09:35:17  Level 2 Lift IrisysIP camera has reset
09:35:25  Camera: Shop Whale Mall                         	0	0
09:35:25  Shop Whale Mall IrisysIP camera has reset
09:35:28  Camera: Shop B                                  	0	0
09:35:28  Shop B IrisysIP camera has reset
09:35:30  Camera: Shop A                                  	0	0
09:35:30  Shop A IrisysIP camera has reset
09:35:45  Camera: Level 1 Science Centre Entry 2          	12	5
09:35:50  Zone: Zone1                    	12	5	7
09:36:46  Camera: Level 1 Science Centre Entry 2          	13	10
09:36:52  Zone: Zone1                    	13	10	3
09:39:17  Camera: Level 2 Main Entry                      	2	2
09:39:25  Zone: Zone1                    	15	12	3
09:40:19  Camera: Level 2 Main Entry                      	6	3
09:40:19  Zone: Zone1                    	19	13	6
09:41:20  Camera: Level 2 Main Entry                      	7	4
09:41:28  Zone: Zone1                    	20	14	6
09:42:21  Camera: Level 2 Main Entry                      	8	5
09:42:21  Zone: Zone1                    	21	15	6
09:45:03  Service running OK
09:54:49  Camera: Shop B                                  	6	8
09:54:54  Zone: Zone1                    	29	21	8
09:54:54  Zone: Zone2                    	6	6	0	Net-count has gone negative (-2).  Resetting to zero. (No Balancing Zone)
09:54:54  Zone: Zone2                    	6	6	0
09:55:50  Camera: Shop B                                  	8	12
09:56:04  Zone: Zone1                    	33	23	10
09:56:04  Zone: Zone2                    	8	8	0	Net-count has gone negative (-2).  Resetting to zero. (No Balancing Zone)
09:56:04  Zone: Zone2                    	8	8	0
09:57:52  Camera: Shop B                                  	21	12
09:57:52  Zone: Zone1                    	33	33	0	Net-count has gone negative (-3).  Resetting to zero. (No Balancing Zone)
09:57:52  Zone: Zone1                    	33	33	0
09:57:52  Zone: Zone2                    	21	8	13
10:00:17  Logging to daily summary: "10:00 33 33 4 21 8 1"
10:00:17  Service running OK
10:08:03  Camera: Shop B                                  	22	12
10:08:03  Zone: Zone1                    	33	33	0	Net-count has gone negative (-1).  Resetting to zero. (No Balancing Zone)
10:08:03  Zone: Zone2                    	22	8	14
10:11:06  Camera: Shop B                                  	23	16
10:11:20  Zone: Zone1                    	37	34	3
10:11:20  Zone: Zone2                    	23	12	11
10:12:07  Camera: Shop B                                  	26	18
10:12:13  Zone: Zone1                    	39	37	2
10:12:13  Zone: Zone2                    	26	14	12
10:13:08  Camera: Shop B                                  	26	22
10:13:22  Zone: Zone1                    	43	37	6
10:13:22  Zone: Zone2                    	26	18	8
10:15:11  Service running OK
10:18:14  Camera: Shop B                                  	28	22
10:18:26  Zone: Zone1                    	43	39	4
10:18:26  Zone: Zone2                    	28	18	10
10:23:19  Camera: Shop B                                  	28	24
10:23:30  Zone: Zone1                    	45	39	6
10:23:30  Zone: Zone2                    	28	20	8
10:24:20  Camera: Shop B                                  	30	24
10:24:22  Zone: Zone1                    	45	41	4
10:24:22  Zone: Zone2                    	30	20	10
10:30:05  Logging to daily summary: "10:30 12 8 2 9 12 10"
10:30:05  Service running OK
10:31:10  Camera: Level 2 Cafe                            	0	1
10:31:14  Zone: Zone1                    	45	42	3
10:34:31  Camera: Shop B                                  	31	29
10:34:31  Zone: Zone1                    	50	43	7
10:34:31  Zone: Zone2                    	31	25	6
10:35:32  Camera: Shop B                                  	33	29
10:35:41  Zone: Zone1                    	50	45	5
10:35:41  Zone: Zone2                    	33	25	8
10:42:39  Camera: Shop B                                  	34	29
10:42:51  Zone: Zone1                    	50	46	4
10:42:51  Zone: Zone2                    	34	25	9
10:45:16  Service running OK
10:46:44  Camera: Shop B                                  	34	37
10:46:44  Zone: Zone1                    	58	46	12
10:46:44  Zone: Zone2                    	34	33	1
10:51:49  Camera: Shop B                                  	42	38
10:51:49  Zone: Zone1                    	59	54	5
10:51:49  Zone: Zone2                    	42	34	8
10:52:50  Camera: Shop B                                  	42	42
10:52:59  Zone: Zone1                    	63	54	9
10:52:59  Zone: Zone2                    	42	38	4
10:53:51  Camera: Shop B                                  	45	42
10:53:51  Zone: Zone1                    	63	57	6
10:53:51  Zone: Zone2                    	45	38	7
10:54:52  Camera: Shop B                                  	47	42
10:55:01  Zone: Zone1                    	63	59	4
10:55:01  Zone: Zone2                    	47	38	9
10:55:53  Camera: Shop B                                  	47	46
10:55:54  Zone: Zone1                    	67	59	8
10:55:54  Zone: Zone2                    	47	42	5
10:56:55  Camera: Shop B                                  	49	46
10:57:03  Zone: Zone1                    	67	61	6
10:57:03  Zone: Zone2                    	49	42	7
10:59:58  Camera: Shop B                                  	49	48
11:00:01  Zone: Zone1                    	69	61	8
11:00:01  Zone: Zone2                    	49	44	5
11:00:01  Logging to daily summary: "11:00 24 20 6 19 24 6"
11:00:01  Service running OK
11:00:55  Camera: Shop Whale Mall                         	0	1
11:00:55  Zone: Zone2                    	49	45	4
11:00:59  Camera: Shop B                                  	50	48
11:01:11  Zone: Zone1                    	69	62	7
11:01:11  Zone: Zone2                    	50	45	5
11:02:00  Camera: Shop B                                  	53	53
11:02:03  Zone: Zone1                    	74	65	9
11:02:03  Zone: Zone2                    	53	50	3
11:03:01  Camera: Shop B                                  	53	55
11:03:13  Zone: Zone1                    	76	65	11
11:03:13  Zone: Zone2                    	53	52	1
11:04:02  Camera: Shop B                                  	54	55
11:04:07  Zone: Zone1                    	76	66	10
11:04:07  Zone: Zone2                    	54	52	2
11:06:04  Camera: Shop B                                  	54	57
11:06:11  Zone: Zone1                    	78	66	12
11:06:11  Zone: Zone2                    	54	54	0
11:09:51  Camera: Level 2 Cafe                            	0	2
11:10:03  Zone: Zone1                    	78	67	11
11:10:09  Camera: Shop B                                  	56	57
11:10:19  Zone: Zone1                    	78	69	9
11:10:19  Zone: Zone2                    	56	54	2
11:12:07  Camera: Shop Whale Mall                         	3	3
11:12:07  Zone: Zone2                    	59	56	3
11:12:11  Camera: Shop B                                  	58	58
11:12:23  Zone: Zone1                    	79	71	8
11:12:23  Zone: Zone2                    	61	57	4
11:13:12  Camera: Shop B                                  	58	60
11:13:15  Zone: Zone1                    	81	71	10
11:13:15  Zone: Zone2                    	61	59	2
11:15:04  Service running OK
11:16:15  Camera: Shop B                                  	58	62
11:16:15  Zone: Zone1                    	83	71	12
11:16:15  Zone: Zone2                    	61	61	0
11:18:17  Camera: Shop B                                  	59	62
11:18:20  Zone: Zone1                    	83	72	11
11:18:20  Zone: Zone2                    	62	61	1
11:30:03  Logging to daily summary: "11:30 14 11 10 13 17 1"
11:30:03  Service running OK
11:39:40  Camera: Shop B                                  	61	62
11:39:54  Zone: Zone1                    	83	74	9
11:39:54  Zone: Zone2                    	64	61	3
11:41:24  Camera: Level 2 Cafe                            	0	4
11:41:24  Zone: Zone1                    	83	76	7
11:41:42  Camera: Shop B                                  	63	62
11:41:42  Zone: Zone1                    	83	78	5
11:41:42  Zone: Zone2                    	66	61	5
11:44:45  Camera: Shop B                                  	63	64
11:44:58  Zone: Zone1                    	85	78	7
11:44:58  Zone: Zone2                    	66	63	3
11:45:17  Service running OK
11:45:46  Camera: Shop B                                  	64	66
11:45:50  Zone: Zone1                    	87	79	8
11:45:50  Zone: Zone2                    	67	65	2
11:46:47  Camera: Shop B                                  	66	66
11:47:00  Zone: Zone1                    	87	81	6
11:47:00  Zone: Zone2                    	69	65	4
11:56:58  Camera: Shop B                                  	67	66
11:57:10  Zone: Zone1                    	87	82	5
11:57:10  Zone: Zone2                    	70	65	5
11:57:56  Camera: Shop Whale Mall                         	3	10
11:58:02  Zone: Zone2                    	70	70	0	Net-count has gone negative (-2).  Resetting to zero. (No Balancing Zone)
11:58:02  Zone: Zone2                    	70	70	0
12:00:09  Logging to daily summary: "12:00 4 10 7 8 9 2"
12:00:09  Service running OK
12:03:05  Camera: Shop B                                  	69	70
12:03:06  Zone: Zone1                    	91	84	7
12:03:06  Zone: Zone2                    	72	72	0	Net-count has gone negative (-2).  Resetting to zero. (No Balancing Zone)
12:03:06  Zone: Zone2                    	72	72	0
12:09:55  Camera: Level 2 Cafe                            	0	5
12:09:58  Zone: Zone1                    	91	85	6
12:10:56  Camera: Level 2 Cafe                            	0	6
12:11:08  Zone: Zone1                    	91	86	5
12:11:13  Camera: Shop B                                  	71	70
12:11:24  Zone: Zone1                    	91	88	3
12:11:24  Zone: Zone2                    	74	72	2
12:12:14  Camera: Shop B                                  	71	72
12:12:16  Zone: Zone1                    	93	88	5
12:12:16  Zone: Zone2                    	74	74	0
12:13:16  Camera: Shop B                                  	75	72
12:13:26  Zone: Zone1                    	93	92	1
12:13:26  Zone: Zone2                    	78	74	4
12:14:13  Camera: Shop Whale Mall                         	5	12
12:14:17  Camera: Shop B                                  	77	79
12:14:18  Zone: Zone1                    	100	94	6
12:14:18  Zone: Zone2                    	82	82	0	Net-count has gone negative (-1).  Resetting to zero. (No Balancing Zone)
12:14:18  Zone: Zone2                    	82	82	0
12:15:11  Service running OK
12:21:24  Camera: Shop B                                  	81	85
12:21:26  Zone: Zone1                    	106	98	8
12:21:26  Zone: Zone2                    	86	86	0	Net-count has gone negative (-2).  Resetting to zero. (No Balancing Zone)
12:21:26  Zone: Zone2                    	86	86	0
12:27:31  Camera: Shop B                                  	83	85
12:27:42  Zone: Zone1                    	106	100	6
12:27:42  Zone: Zone2                    	88	86	2
12:29:33  Camera: Shop B                                  	83	91
12:29:46  Zone: Zone1                    	112	100	12
12:29:46  Zone: Zone2                    	88	88	0	Net-count has gone negative (-4).  Resetting to zero. (No Balancing Zone)
12:29:46  Zone: Zone2                    	88	88	0
12:30:05  Logging to daily summary: "12:30 25 18 6 18 18 0"
12:30:05  Service running OK
12:32:36  Camera: Shop B                                  	85	91
12:32:44  Zone: Zone1                    	112	102	10
12:32:44  Zone: Zone2                    	90	88	2
12:36:40  Camera: Shop B                                  	85	92
12:36:54  Zone: Zone1                    	113	102	11
12:36:54  Zone: Zone2                    	90	89	1
12:44:49  Camera: Shop B                                  	88	97
12:44:58  Zone: Zone1                    	118	105	13
12:44:58  Zone: Zone2                    	93	93	0	Net-count has gone negative (-1).  Resetting to zero. (No Balancing Zone)
12:44:58  Zone: Zone2                    	93	93	0
12:45:17  Service running OK
12:46:51  Camera: Shop B                                  	89	97
12:47:02  Zone: Zone1                    	118	106	12
12:47:02  Zone: Zone2                    	94	93	1
13:00:15  Logging to daily summary: "13:00 6 6 11 6 5 1"
13:00:15  Service running OK
13:03:08  Camera: Shop B                                  	91	97
13:03:12  Zone: Zone1                    	118	108	10
13:03:12  Zone: Zone2                    	96	93	3
13:06:11  Camera: Shop B                                  	91	101
13:06:11  Zone: Zone1                    	122	108	14
13:06:11  Zone: Zone2                    	96	96	0	Net-count has gone negative (-1).  Resetting to zero. (No Balancing Zone)
13:06:11  Zone: Zone2                    	96	96	0
13:08:13  Camera: Shop B                                  	92	105
13:08:15  Zone: Zone1                    	126	109	17
13:08:15  Zone: Zone2                    	97	97	0	Net-count has gone negative (-3).  Resetting to zero. (No Balancing Zone)
13:08:15  Zone: Zone2                    	97	97	0
13:09:15  Camera: Shop B                                  	96	107
13:09:25  Zone: Zone1                    	128	113	15
13:09:25  Zone: Zone2                    	101	99	2
13:10:16  Camera: Shop B                                  	100	107
13:10:17  Zone: Zone1                    	128	117	11
13:10:17  Zone: Zone2                    	105	99	6
13:11:17  Camera: Shop B                                  	104	110
13:11:27  Zone: Zone1                    	131	121	10
13:11:27  Zone: Zone2                    	109	102	7
13:12:18  Camera: Shop B                                  	109	115
13:12:19  Zone: Zone1                    	136	126	10
13:12:19  Zone: Zone2                    	114	107	7
13:14:20  Camera: Shop B                                  	109	118
13:14:23  Zone: Zone1                    	139	126	13
13:14:23  Zone: Zone2                    	114	110	4
13:15:00  Service running OK
13:20:26  Camera: Shop B                                  	110	120
13:20:39  Zone: Zone1                    	141	127	14
13:20:39  Zone: Zone2                    	115	112	3
13:21:12  Level 1 Science Centre Entry 2: Counts less than previous. (In:0, Out:0, OldRawIn:0, OldRawOut:0, OldIn:13, OldOut:10, CorrIn:0, CorrOut:0)
13:21:12  Level 1 Science Centre Entry 2: InCountCorrection set in registry to: 13
13:21:12  Level 1 Science Centre Entry 2: OutCountCorrection set in registry to: 10
13:24:31  Camera: Shop B                                  	111	120
13:24:31  Zone: Zone1                    	141	128	13
13:24:31  Zone: Zone2                    	116	112	4
13:25:32  Camera: Shop B                                  	113	122
13:25:41  Zone: Zone1                    	143	130	13
13:25:41  Zone: Zone2                    	118	114	4
13:27:34  Camera: Shop B                                  	116	122
13:27:45  Zone: Zone1                    	143	133	10
13:27:45  Zone: Zone2                    	121	114	7
13:28:35  Camera: Shop B                                  	116	126
13:28:37  Zone: Zone1                    	147	133	14
13:28:37  Zone: Zone2                    	121	118	3
13:29:36  Camera: Shop B                                  	119	128
13:29:47  Zone: Zone1                    	149	136	13
13:29:47  Zone: Zone2                    	124	120	4
13:30:06  Logging to daily summary: "13:30 31 30 12 30 27 3"
13:30:06  Service running OK
13:31:38  Camera: Shop B                                  	121	128
13:31:51  Zone: Zone1                    	149	138	11
13:31:51  Zone: Zone2                    	126	120	6
13:32:39  Camera: Shop B                                  	121	130
13:32:43  Zone: Zone1                    	151	138	13
13:32:43  Zone: Zone2                    	126	122	4
13:35:43  Camera: Shop B                                  	123	130
13:35:43  Zone: Zone1                    	151	140	11
13:35:43  Zone: Zone2                    	128	122	6
13:36:44  Camera: Shop B                                  	123	131
13:36:52  Zone: Zone1                    	152	140	12
13:36:52  Zone: Zone2                    	128	123	5
13:38:46  Camera: Shop B                                  	123	133
13:38:56  Zone: Zone1                    	154	140	14
13:38:56  Zone: Zone2                    	128	125	3
13:39:47  Camera: Shop B                                  	129	138
13:39:48  Zone: Zone1                    	159	146	13
13:39:48  Zone: Zone2                    	134	130	4
13:40:48  Camera: Shop B                                  	130	139
13:40:58  Zone: Zone1                    	160	147	13
13:40:58  Zone: Zone2                    	135	131	4
13:41:49  Camera: Shop B                                  	133	152
13:41:50  Zone: Zone1                    	173	150	23
13:41:50  Zone: Zone2                    	138	138	0	Net-count has gone negative (-6).  Resetting to zero. (No Balancing Zone)
13:41:50  Zone: Zone2                    	138	138	0
13:45:09  Service running OK
13:46:55  Camera: Shop B                                  	137	156
13:46:55  Zone: Zone1                    	177	154	23
13:46:55  Zone: Zone2                    	142	142	0
13:47:38  Camera: Level 2 Cafe                            	1	8
13:47:46  Zone: Zone1                    	178	156	22
13:47:56  Camera: Shop B                                  	139	156
13:48:02  Zone: Zone1                    	178	158	20
13:48:02  Zone: Zone2                    	144	142	2
13:48:39  Camera: Level 2 Cafe                            	3	9
13:48:52  Camera: Level 2 Lift                            	0	1
13:48:54  Zone: Zone1                    	180	160	20
13:49:40  Camera: Level 2 Cafe                            	3	14
13:49:44  Zone: Zone1                    	180	165	15
13:49:58  Camera: Shop B                                  	142	159
13:50:00  Zone: Zone1                    	183	168	15
13:50:00  Zone: Zone2                    	147	145	2
13:51:00  Camera: Shop B                                  	154	159
13:51:10  Zone: Zone1                    	183	180	3
13:51:10  Zone: Zone2                    	159	145	14
13:53:04  Camera: Shop B                                  	154	170
13:53:14  Zone: Zone1                    	194	180	14
13:53:14  Zone: Zone2                    	159	156	3
14:00:09  Logging to daily summary: "14:00 45 44 14 35 36 3"
14:00:09  Service running OK
14:14:37  Camera: Shop B                                  	155	170
14:14:48  Zone: Zone1                    	194	181	13
14:14:48  Zone: Zone2                    	160	156	4
14:15:07  Service running OK
14:23:52  Camera: Shop B                                  	155	171
14:24:04  Zone: Zone1                    	195	181	14
14:24:04  Zone: Zone2                    	160	157	3
14:30:05  Logging to daily summary: "14:30 1 1 13 1 1 3"
14:30:05  Service running OK
14:34:07  Camera: Shop B                                  	158	171
14:34:14  Zone: Zone1                    	195	184	11
14:34:14  Zone: Zone2                    	163	157	6
14:35:08  Camera: Shop B                                  	158	173
14:35:09  Zone: Zone1                    	197	184	13
14:35:09  Zone: Zone2                    	163	159	4
14:36:30  Camera: Level 2 Cafe                            	3	15
14:36:34  Zone: Zone1                    	197	185	12
14:44:23  Camera: Shop B                                  	159	173
14:44:38  Zone: Zone1                    	197	186	11
14:44:38  Zone: Zone2                    	164	159	5
14:45:15  Service running OK
14:47:28  Camera: Shop B                                  	162	173
14:47:36  Zone: Zone1                    	197	189	8
14:47:36  Zone: Zone2                    	167	159	8
14:48:30  Camera: Shop B                                  	162	176
14:48:30  Zone: Zone1                    	200	189	11
14:48:30  Zone: Zone2                    	167	162	5
15:00:13  Logging to daily summary: "15:00 5 8 11 7 5 4"
15:00:13  Service running OK
15:00:49  Camera: Shop B                                  	162	178
15:01:04  Zone: Zone1                    	202	189	13
15:01:04  Zone: Zone2                    	167	164	3
15:01:50  Camera: Shop B                                  	162	181
15:01:56  Zone: Zone1                    	205	189	16
15:01:56  Zone: Zone2                    	167	167	0
15:02:51  Camera: Shop B                                  	164	181
15:02:58  Camera: Level 2 Cafe                            	4	16
15:03:06  Zone: Zone1                    	206	192	14
15:03:06  Zone: Zone2                    	169	167	2
15:03:53  Camera: Shop B                                  	164	183
15:03:56  Zone: Zone1                    	208	192	16
15:03:56  Zone: Zone2                    	169	169	0
15:09:01  Camera: Shop B                                  	167	183
15:09:01  Zone: Zone1                    	208	195	13
15:09:01  Zone: Zone2                    	172	169	3
15:10:03  Camera: Shop B                                  	168	184
15:10:11  Zone: Zone1                    	209	196	13
15:10:11  Zone: Zone2                    	173	170	3
15:11:05  Camera: Shop B                                  	169	184
15:11:05  Zone: Zone1                    	209	197	12
15:11:05  Zone: Zone2                    	174	170	4
15:12:06  Camera: Shop B                                  	169	186
15:12:14  Zone: Zone1                    	211	197	14
15:12:14  Zone: Zone2                    	174	172	2
15:13:07  Camera: Shop B                                  	171	186
15:13:07  Zone: Zone1                    	211	199	12
15:13:07  Zone: Zone2                    	176	172	4
15:14:10  Camera: Level 2 Cafe                            	5	16
15:14:17  Zone: Zone1                    	212	199	13
15:15:12  Service running OK
15:16:12  Camera: Shop A                                  	0	1
15:16:21  Zone: Zone1                    	213	199	14
15:16:21  Zone: Zone2                    	176	173	3
15:17:11  Camera: Shop B                                  	171	188
15:17:13  Camera: Shop A                                  	0	2
15:17:13  Zone: Zone1                    	216	199	17
15:17:13  Zone: Zone2                    	176	176	0
15:18:13  Camera: Shop B                                  	173	188
15:18:21  Zone: Zone1                    	216	201	15
15:18:21  Zone: Zone2                    	178	176	2
15:21:16  Camera: Shop B                                  	173	191
15:21:19  Zone: Zone1                    	219	201	18
15:21:19  Zone: Zone2                    	178	178	0	Net-count has gone negative (-1).  Resetting to zero. (No Balancing Zone)
15:21:19  Zone: Zone2                    	178	178	0
15:21:35  Camera: Shop Whale Mall                         	6	16
15:21:35  Zone: Zone2                    	179	179	0	Net-count has gone negative (-3).  Resetting to zero. (No Balancing Zone)
15:21:35  Zone: Zone2                    	179	179	0
15:22:36  Camera: Shop Whale Mall                         	6	18
15:22:45  Zone: Zone2                    	179	179	0	Net-count has gone negative (-2).  Resetting to zero. (No Balancing Zone)
15:26:21  Camera: Shop B                                  	173	194
15:26:22  Zone: Zone1                    	222	201	21
15:26:22  Zone: Zone2                    	179	179	0	Net-count has gone negative (-3).  Resetting to zero. (No Balancing Zone)
15:29:24  Camera: Shop B                                  	175	196
15:29:38  Zone: Zone1                    	224	203	21
15:29:38  Zone: Zone2                    	181	181	0
15:30:15  Logging to daily summary: "15:30 24 14 15 14 19 1"
15:30:15  Service running OK
15:33:29  Camera: Shop B                                  	175	198
15:33:30  Zone: Zone1                    	226	203	23
15:33:30  Zone: Zone2                    	181	181	0	Net-count has gone negative (-2).  Resetting to zero. (No Balancing Zone)
15:37:33  Camera: Shop B                                  	177	198
15:37:40  Zone: Zone1                    	226	205	21
15:37:40  Zone: Zone2                    	183	181	2
15:40:55  Camera: Shop Whale Mall                         	6	19
15:40:56  Zone: Zone2                    	183	182	1
15:41:37  Camera: Shop B                                  	177	199
15:41:48  Zone: Zone1                    	227	205	22
15:41:48  Zone: Zone2                    	183	183	0
15:43:40  Camera: Shop B                                  	179	199
15:43:52  Zone: Zone1                    	227	207	20
15:43:52  Zone: Zone2                    	185	183	2
15:45:05  Service running OK
15:51:48  Camera: Shop B                                  	183	201
15:51:56  Zone: Zone1                    	229	211	18
15:51:56  Zone: Zone2                    	189	185	4
16:00:03  Logging to daily summary: "16:00 5 8 20 8 4 1"
16:00:03  Service running OK
16:03:00  Camera: Shop B                                  	183	207
16:03:00  Zone: Zone1                    	235	211	24
16:03:00  Zone: Zone2                    	189	189	0	Net-count has gone negative (-2).  Resetting to zero. (No Balancing Zone)
16:03:00  Zone: Zone2                    	189	189	0
16:03:35  Camera: Shop Whale Mall                         	8	28
16:03:35  Zone: Zone2                    	191	191	0	Net-count has gone negative (-7).  Resetting to zero. (No Balancing Zone)
16:03:35  Zone: Zone2                    	191	191	0
16:08:21  Camera: Level 1 Science Centre Entry 2          	14	10
16:08:22  Zone: Zone1                    	236	211	25
16:09:23  Camera: Level 1 Science Centre Entry 2          	18	16
16:09:31  Zone: Zone1                    	240	217	23
16:13:11  Camera: Shop B                                  	185	207
16:13:23  Zone: Zone1                    	240	219	21
16:13:23  Zone: Zone2                    	193	191	2
16:14:12  Camera: Shop B                                  	185	209
16:14:15  Zone: Zone1                    	242	219	23
16:14:15  Zone: Zone2                    	193	193	0
16:15:10  Service running OK
16:16:14  Camera: Shop B                                  	187	209
16:16:19  Zone: Zone1                    	242	221	21
16:16:19  Zone: Zone2                    	195	193	2
16:16:59  Camera: Shop Whale Mall                         	11	31
16:17:11  Zone: Zone2                    	198	196	2
16:17:15  Camera: Shop B                                  	187	213
16:17:27  Zone: Zone1                    	246	221	25
16:17:27  Zone: Zone2                    	198	198	0	Net-count has gone negative (-2).  Resetting to zero. (No Balancing Zone)
16:17:27  Zone: Zone2                    	198	198	0
16:18:01  Camera: Shop Whale Mall                         	11	32
16:18:01  Zone: Zone2                    	198	198	0	Net-count has gone negative (-1).  Resetting to zero. (No Balancing Zone)
16:18:16  Camera: Shop B                                  	189	213
16:18:17  Zone: Zone1                    	246	223	23
16:18:17  Zone: Zone2                    	200	198	2
16:19:03  Camera: Shop Whale Mall                         	11	33
16:19:09  Zone: Zone2                    	200	199	1
16:19:17  Camera: Shop B                                  	189	217
16:19:25  Zone: Zone1                    	250	223	27
16:19:25  Zone: Zone2                    	200	200	0	Net-count has gone negative (-3).  Resetting to zero. (No Balancing Zone)
16:19:25  Zone: Zone2                    	200	200	0
16:20:04  Camera: Shop Whale Mall                         	11	34
16:20:17  Zone: Zone2                    	200	200	0	Net-count has gone negative (-1).  Resetting to zero. (No Balancing Zone)
16:24:23  Camera: Shop B                                  	190	223
16:24:27  Zone: Zone1                    	256	224	32
16:24:27  Zone: Zone2                    	201	201	0	Net-count has gone negative (-5).  Resetting to zero. (No Balancing Zone)
16:24:27  Zone: Zone2                    	201	201	0
16:30:10  Logging to daily summary: "16:30 27 13 25 12 16 0"
16:30:10  Service running OK
16:37:38  Camera: Level 2 Main Entry                      	11	7
16:37:38  Zone: Zone1                    	259	226	33
16:38:41  Camera: Level 2 Main Entry                      	12	9
16:38:48  Zone: Zone1                    	260	228	32
16:45:07  Service running OK
17:00:07  Logging to daily summary: "17:00 4 4 32 0 0 0"
17:00:07  Service running OK
17:15:08  Service running OK
17:30:08  Logging to daily summary: "17:30 0 0 32 0 0 0"
17:30:08  Service running OK
17:37:53  Camera: Level 2 Main Entry                      	12	10
17:37:53  Zone: Zone1                    	260	229	31
17:37:56  Camera: Level 1 Science Centre Entry 1          	0	1
17:38:09  Zone: Zone1                    	260	230	30
17:38:18  Camera: Shop B                                  	192	223
17:38:25  Zone: Zone1                    	260	232	28
17:38:25  Zone: Zone2                    	203	201	2
17:38:40  Camera: Shop Whale Mall                         	11	36
17:38:40  Zone: Zone2                    	203	203	0
17:39:41  Camera: Shop Whale Mall                         	11	39
17:39:50  Zone: Zone2                    	203	203	0	Net-count has gone negative (-3).  Resetting to zero. (No Balancing Zone)
17:40:20  Camera: Shop B                                  	192	225
17:40:24  Zone: Zone1                    	262	232	30
17:40:24  Zone: Zone2                    	203	203	0	Net-count has gone negative (-2).  Resetting to zero. (No Balancing Zone)
17:40:42  Camera: Shop Whale Mall                         	13	39
17:40:42  Zone: Zone2                    	205	203	2
17:45:13  Service running OK
18:00:13  Logging to daily summary: "18:00 2 4 30 4 2 1"
18:00:13  Service running OK
18:15:13  Service running OK
18:30:13  Logging to daily summary: "18:30 0 0 30 0 0 2"
18:30:13  Service running OK
18:45:13  Service running OK
19:00:13  Logging to daily summary: "19:00 0 0 30 0 0 2"
19:00:13  Service running OK
19:15:13  Service running OK
19:30:13  Logging to daily summary: "19:30 0 0 30 0 0 2"
19:30:13  Service running OK
19:45:13  Service running OK
19:57:01  Camera: Level 2 Cafe                            	5	17
19:57:10  Zone: Zone1                    	262	233	29
20:00:11  Logging to daily summary: "20:00 0 1 29 0 0 2"
20:00:11  Service running OK
20:15:11  Service running OK
20:30:11  Logging to daily summary: "20:30 0 0 29 0 0 2"
20:30:11  Service running OK
20:45:11  Service running OK
21:00:11  Logging to daily summary: "21:00 0 0 29 0 0 2"
21:00:11  Service running OK
21:15:11  Service running OK
21:30:11  Logging to daily summary: "21:30 0 0 29 0 0 2"
21:30:11  Service running OK
21:45:11  Service running OK
22:00:11  Logging to daily summary: "22:00 0 0 29 0 0 2"
22:00:11  Service running OK
22:00:44  Stop time reached.
22:00:44  Camera 'Level 1 Science Centre Entry 1' - final counts 0 1
22:00:44  Camera 'Level 1 Science Centre Entry 2' - final counts 18 16
22:00:44  Camera 'Level 1 Science Centre Lift' - final counts 0 0
22:00:44  Camera 'Level 2 Main Entry' - final counts 12 10
22:00:44  Camera 'Level 2 Lift' - final counts 0 1
22:00:44  Camera 'Shop A' - final counts 0 2
22:00:44  Camera 'Shop B' - final counts 192 225
22:00:44  Camera 'Shop Whale Mall' - final counts 13 39
22:00:44  Camera 'Level 2 Cafe' - final counts 5 17
22:00:44  Zone: Zone1                    	262	233	29
22:00:44  Zone: Zone2                    	205	203	2
22:00:44  Level 1 Science Centre Entry 1: IrisysIP counts reset requested.
22:00:44  Level 1 Science Centre Entry 2: IrisysIP counts reset requested.
22:00:44  Level 1 Science Centre Lift: IrisysIP counts reset requested.
22:00:44  Level 2 Main Entry: IrisysIP counts reset requested.
22:00:44  Level 2 Lift: IrisysIP counts reset requested.
22:00:44  Shop A: IrisysIP counts reset requested.
22:00:44  Shop B: IrisysIP counts reset requested.
22:00:44  Shop Whale Mall: IrisysIP counts reset requested.
22:00:44  Level 2 Cafe: IrisysIP counts reset requested.
22:00:53  Attempting to reset counts for IrisysIP Camera Level 1 Science Centre Lift
22:00:54  Failed to send email.
22:00:54  Displaying shutdown on 0 display(s)
22:00:54  End the manager threads.
22:00:54  Close all CAN threads.
22:00:54  All CAN threads, now flagged to be closed.
22:00:54  Close all IrisysIP threads.
22:01:41  Error! Level 1 Science Centre Entry 1: The IrisysIP thread needs to be terminated but has not reset.
22:01:41  Level 1 Science Centre Entry 1: The Irisys IP thread has been flagged to end.
22:01:45  Level 1 Science Centre Lift: InCountCorrection set in registry to: 0
22:01:45  Level 1 Science Centre Lift: OutCountCorrection set in registry to: 0
22:01:46  Level 1 Science Centre Lift: has reset camera
22:01:46  Level 1 Science Centre Entry 1: Main Data Collection loop has finished (g_bStopFlag=0, m_bEndThread=1).
22:01:46  Level 1 Science Centre Entry 1: The Irisys IP thread has ended.
22:01:54  Attempting to reset counts for IrisysIP Camera Level 2 Main Entry
22:01:54  Attempting to reset counts for IrisysIP Camera Level 2 Cafe
22:01:54  Attempting to reset counts for IrisysIP Camera Shop A
22:01:54  Attempting to reset counts for IrisysIP Camera Level 2 Lift
22:01:54  Attempting to reset counts for IrisysIP Camera Level 1 Science Centre Entry 2
22:01:54  Attempting to reset counts for IrisysIP Camera Shop Whale Mall
22:01:54  Attempting to reset counts for IrisysIP Camera Shop B
22:02:30  Level 2 Main Entry: InCountCorrection set in registry to: 0
22:02:30  Level 2 Main Entry: OutCountCorrection set in registry to: 0
22:02:31  Level 2 Main Entry: has reset camera
22:02:31  Level 2 Cafe: InCountCorrection set in registry to: 0
22:02:31  Level 2 Cafe: OutCountCorrection set in registry to: 0
22:02:32  Level 2 Cafe: has reset camera
22:02:33  Error! Level 1 Science Centre Entry 2: The IrisysIP thread needs to be terminated but has not reset.
22:02:33  Level 1 Science Centre Entry 2: The Irisys IP thread has been flagged to end.
22:02:33  Shop A: InCountCorrection set in registry to: 0
22:02:33  Shop A: OutCountCorrection set in registry to: 0
22:02:34  Shop A: has reset camera
22:02:35  Level 2 Lift: InCountCorrection set in registry to: 0
22:02:35  Level 2 Lift: OutCountCorrection set in registry to: 0
22:02:36  Level 2 Lift: has reset camera
22:02:36  Level 1 Science Centre Entry 2: Main Data Collection loop has finished (g_bStopFlag=0, m_bEndThread=1).
22:02:36  Level 1 Science Centre Entry 2: The Irisys IP thread has ended.
22:02:36  Level 1 Science Centre Lift: The Irisys IP thread has been flagged to end.
22:02:37  Shop Whale Mall: InCountCorrection set in registry to: 0
22:02:37  Shop Whale Mall: OutCountCorrection set in registry to: 0
22:02:38  Shop Whale Mall: has reset camera
22:02:39  Shop B: InCountCorrection set in registry to: 0
22:02:39  Shop B: OutCountCorrection set in registry to: 0
22:02:40  Shop B: has reset camera
22:02:45  Level 1 Science Centre Lift: Main Data Collection loop has finished (g_bStopFlag=0, m_bEndThread=1).
22:02:45  Level 1 Science Centre Lift: The Irisys IP thread has ended.
22:02:45  Level 2 Main Entry: The Irisys IP thread has been flagged to end.
22:03:30  Level 2 Main Entry: Main Data Collection loop has finished (g_bStopFlag=0, m_bEndThread=1).
22:03:30  Level 2 Main Entry: The Irisys IP thread has ended.
22:03:30  Level 2 Lift: The Irisys IP thread has been flagged to end.
22:03:33  Camera: Level 2 Cafe                            	0	0
22:03:33  Level 2 Cafe IrisysIP camera has reset
22:03:35  Level 2 Lift: Main Data Collection loop has finished (g_bStopFlag=0, m_bEndThread=1).
22:03:35  Level 2 Lift: The Irisys IP thread has ended.
22:03:35  Shop A: The Irisys IP thread has been flagged to end.
22:03:35  Shop A: Main Data Collection loop has finished (g_bStopFlag=0, m_bEndThread=1).
22:03:35  Shop A: The Irisys IP thread has ended.
22:03:35  Shop B: The Irisys IP thread has been flagged to end.
22:03:39  Shop B: Main Data Collection loop has finished (g_bStopFlag=0, m_bEndThread=1).
22:03:39  Shop B: The Irisys IP thread has ended.
22:03:39  Shop Whale Mall: The Irisys IP thread has been flagged to end.
22:03:39  Shop Whale Mall: Main Data Collection loop has finished (g_bStopFlag=0, m_bEndThread=1).
22:03:39  Shop Whale Mall: The Irisys IP thread has ended.
22:03:39  Level 2 Cafe: The Irisys IP thread has been flagged to end.
22:03:39  Level 2 Cafe: Main Data Collection loop has finished (g_bStopFlag=0, m_bEndThread=1).
22:03:39  Level 2 Cafe: The Irisys IP thread has ended.
22:03:39  All IrisysIP threads, now flagged to be closed.
22:03:39  Close all iCount threads.
22:03:39  All iCount threads, now flagged to be closed.
22:03:39  Close all eDAM threads.
22:03:39  All eDAM threads, now flagged to be closed.
22:03:39  Zone1 Zone: OutCountAdjust (-4).
22:03:39  Zone2 Zone: OutCountAdjust (-63).
22:03:39  Camera 'Level 1 Science Centre Entry 1' - maximum flow 1 at 17:38:09
22:03:39  Camera 'Level 1 Science Centre Entry 2' - maximum flow 17 at 09:36:05
22:03:39  Camera 'Level 1 Science Centre Lift' - maximum flow 0 at 09:30:00
22:03:39  Camera 'Level 2 Main Entry' - maximum flow 5 at 09:41:13
22:03:39  Camera 'Level 2 Lift' - maximum flow 1 at 13:49:10
22:03:39  Camera 'Shop A' - maximum flow 2 at 15:17:13
22:03:39  Camera 'Shop B' - maximum flow 16 at 13:42:09
22:03:39  Camera 'Shop Whale Mall' - maximum flow 11 at 16:04:12
22:03:39  Camera 'Level 2 Cafe' - maximum flow 5 at 13:50:00
22:03:39  Camera 'Level 1 Science Centre Entry 1' refreshing registry counts
22:03:39  Camera 'Level 1 Science Centre Entry 2' refreshing registry counts
22:03:39  Camera 'Level 1 Science Centre Lift' refreshing registry counts
22:03:39  Camera 'Level 2 Main Entry' refreshing registry counts
22:03:39  Camera 'Level 2 Lift' refreshing registry counts
22:03:39  Camera 'Shop A' refreshing registry counts
22:03:39  Camera 'Shop B' refreshing registry counts
22:03:39  Camera 'Shop Whale Mall' refreshing registry counts
22:03:39  Camera 'Level 2 Cafe' refreshing registry counts
22:03:39  Zone 'Zone1' refreshing file counts
22:03:39  Zone 'Zone2' refreshing file counts
22:03:39  Processing application not specified
22:03:39  Logging Counting Stopped

