
07:28:01  RECAP $Revision: 3.13.2.13 $ ($State: Exp $) built 09:15:45, Aug  3 2010
07:28:01  Logging Counting Started
07:28:01  Start time: 09:30 (570 minutes past midnight)
07:28:01  Stop time: 22:00 (1320 minutes past midnight)
07:28:01  Log period: 30 minutes
07:28:01  Initialising 0 display(s)
07:28:01  Initialising 9 camera(s)
07:28:01  IrisysIP counter(s) in use, Starting BlackFin API
07:28:01  If RECAP crashes, check .NET framework and VCRedist are installed.
07:28:01  BlackFin API Started.
07:28:01  BlackFin API Started up OK. Version: 1.10.0.5
07:28:01  Initialising 2 zone(s)
07:28:01  Outputting 'Zone1' zone data to 'Zones\Zone1.txt'
07:28:01  Outputting 'Zone2' zone data to 'Zones\Zone2.txt'
07:28:01  Displaying shutdown on 0 display(s)
07:28:01  Waiting till start time
09:30:00  Start time reached
09:30:00  Adding Level 1 Science Centre Entry 1 thread to Watchdog
09:30:00  Level 1 Science Centre Entry 1: InCountCorrection set in registry to: 0
09:30:00  Level 1 Science Centre Entry 1: OutCountCorrection set in registry to: 0
09:30:00  Adding Level 1 Science Centre Entry 2 thread to Watchdog
09:30:00  Level 1 Science Centre Entry 2: InCountCorrection set in registry to: 0
09:30:00  Level 1 Science Centre Entry 2: OutCountCorrection set in registry to: 0
09:30:00  Adding Level 1 Science Centre Lift thread to Watchdog
09:30:00  Level 1 Science Centre Lift: InCountCorrection set in registry to: 0
09:30:00  Level 1 Science Centre Lift: OutCountCorrection set in registry to: 0
09:30:00  Adding Level 2 Main Entry thread to Watchdog
09:30:00  Level 2 Main Entry: InCountCorrection set in registry to: 0
09:30:00  Level 2 Main Entry: OutCountCorrection set in registry to: 0
09:30:00  Adding Level 2 Lift thread to Watchdog
09:30:00  Level 2 Lift: InCountCorrection set in registry to: 0
09:30:00  Level 2 Lift: OutCountCorrection set in registry to: 0
09:30:00  Adding Shop A thread to Watchdog
09:30:00  Shop A: InCountCorrection set in registry to: 0
09:30:00  Shop A: OutCountCorrection set in registry to: 0
09:30:00  Adding Shop B thread to Watchdog
09:30:00  Shop B: InCountCorrection set in registry to: 0
09:30:00  Shop B: OutCountCorrection set in registry to: 0
09:30:00  Adding Shop Whale Mall thread to Watchdog
09:30:00  Shop Whale Mall: InCountCorrection set in registry to: 0
09:30:00  Shop Whale Mall: OutCountCorrection set in registry to: 0
09:30:00  Adding Level 2 Cafe thread to Watchdog
09:30:00  Level 2 Cafe: InCountCorrection set in registry to: 0
09:30:00  Level 2 Cafe: OutCountCorrection set in registry to: 0
09:30:01  New day, Reset counts and busiest times in registry
09:30:01  Camera Level 1 Science Centre Entry 1 Counts 	= In:0, Out:0
09:30:01  Camera Level 1 Science Centre Entry 2 Counts 	= In:0, Out:0
09:30:01  Camera Level 1 Science Centre Lift Counts 	= In:0, Out:0
09:30:01  Camera Level 2 Main Entry Counts 	= In:0, Out:0
09:30:01  Camera Level 2 Lift Counts 	= In:0, Out:0
09:30:01  Camera Shop A Counts 	= In:0, Out:0
09:30:01  Camera Shop B Counts 	= In:0, Out:0
09:30:01  Camera Shop Whale Mall Counts 	= In:0, Out:0
09:30:01  Camera Level 2 Cafe Counts 	= In:0, Out:0
09:30:02  Starting main data collection loop.
09:30:05  Zone: Zone1                    	0	0	0
09:30:05  Zone: Zone2                    	0	0	0
09:30:05  Logging to daily summary: "09:30 0 0 0 0 0 0"
09:30:05  Service running OK
09:30:06  Level 2 Main Entry: Connect Success (4) (serial num:2158593780)
09:30:06  Level 2 Main Entry: MAC:00-21-AC-00-30-D9 IP Firmware:4.0.2.30311 Monitor Firmware:42.4.0.404
09:30:11  Level 2 Main Entry: Status msgs: 0,0
09:30:12  Level 2 Main Entry: Current DeviceID: DefaultID
09:30:39  Level 1 Science Centre Lift: Connect Success (3) (serial num:2158593853)
09:30:40  Level 1 Science Centre Lift: MAC:00-21-AC-00-30-1A IP Firmware:4.0.2.30311 Monitor Firmware:42.4.0.404
09:30:45  Level 1 Science Centre Lift: Status msgs: 0,0
09:30:45  Level 1 Science Centre Lift: Current DeviceID: DefaultID
09:31:00  Level 1 Science Centre Entry 2: Connect Success (2) (serial num:2158593777)
09:31:00  Level 1 Science Centre Entry 1: Connect Success (1) (serial num:2158593798)
09:31:00  Level 2 Lift: Connect Success (5) (serial num:2158593872)
09:31:01  Level 1 Science Centre Entry 1: MAC:00-21-AC-00-30-39 IP Firmware:4.0.2.30311 Monitor Firmware:42.4.0.404
09:31:01  Level 1 Science Centre Entry 2: MAC:00-21-AC-00-30-3B IP Firmware:4.0.2.30311 Monitor Firmware:42.4.0.404
09:31:01  Level 2 Lift: MAC:00-21-AC-00-2F-8C IP Firmware:4.0.2.30311 Monitor Firmware:42.4.0.404
09:31:06  Level 1 Science Centre Entry 1: Status msgs: 0,0
09:31:06  Level 1 Science Centre Entry 2: Status msgs: 0,0
09:31:06  Level 2 Lift: Status msgs: 0,0
09:31:06  Level 1 Science Centre Entry 1: Current DeviceID: DefaultID
09:31:06  Level 1 Science Centre Entry 2: Current DeviceID: DefaultID
09:31:06  Level 2 Lift: Current DeviceID: DefaultID
09:32:15  Initial Camera Level 2 Main Entry Counts 	= In:1, Out:2
09:32:19  Level 2 Main Entry: Date last reset in registry is not today (reset required): 20/10/11
09:32:19  Attempting to reset counts for IrisysIP Camera Level 2 Main Entry
09:33:15  Level 2 Main Entry: InCountCorrection set in registry to: 0
09:33:15  Level 2 Main Entry: OutCountCorrection set in registry to: 0
09:33:16  Level 2 Main Entry: has reset camera
09:33:16  Initial Camera Level 1 Science Centre Lift Counts 	= In:0, Out:0
09:33:16  Camera: Level 2 Main Entry - Counts are now valid.
09:33:16  Initial Camera Level 1 Science Centre Entry 2 Counts 	= In:0, Out:0
09:33:16  Initial Camera Level 2 Lift Counts 	= In:4, Out:10
09:33:16  Initial Camera Level 1 Science Centre Entry 1 Counts 	= In:0, Out:0
09:33:20  Level 1 Science Centre Lift: Date last reset in registry is not today (reset required): 20/10/11
09:33:20  Level 1 Science Centre Entry 1: Date last reset in registry is not today (reset required): 20/10/11
09:33:20  Level 2 Lift: Date last reset in registry is not today (reset required): 20/10/11
09:33:20  Level 1 Science Centre Entry 2: Date last reset in registry is not today (reset required): 20/10/11
09:33:20  Attempting to reset counts for IrisysIP Camera Level 1 Science Centre Lift
09:33:20  Attempting to reset counts for IrisysIP Camera Level 1 Science Centre Entry 1
09:33:20  Attempting to reset counts for IrisysIP Camera Level 2 Lift
09:33:20  Attempting to reset counts for IrisysIP Camera Level 1 Science Centre Entry 2
09:33:48  Level 1 Science Centre Lift: InCountCorrection set in registry to: 0
09:33:48  Level 1 Science Centre Lift: OutCountCorrection set in registry to: 0
09:33:49  Level 1 Science Centre Lift: has reset camera
09:33:49  Camera: Level 1 Science Centre Lift - Counts are now valid.
09:34:11  Level 1 Science Centre Entry 1: InCountCorrection set in registry to: 0
09:34:11  Level 1 Science Centre Entry 1: OutCountCorrection set in registry to: 0
09:34:12  Level 1 Science Centre Entry 1: has reset camera
09:34:12  Camera: Level 1 Science Centre Entry 1 - Counts are now valid.
09:34:12  Level 2 Lift: InCountCorrection set in registry to: 0
09:34:12  Level 2 Lift: OutCountCorrection set in registry to: 0
09:34:13  Level 2 Lift: has reset camera
09:34:13  Camera: Level 2 Lift - Counts are now valid.
09:34:14  Level 1 Science Centre Entry 2: InCountCorrection set in registry to: 0
09:34:14  Level 1 Science Centre Entry 2: OutCountCorrection set in registry to: 0
09:34:15  Level 1 Science Centre Entry 2: has reset camera
09:34:15  Camera: Level 1 Science Centre Entry 2 - Counts are now valid.
09:34:17  Camera: Level 2 Main Entry                      	0	0
09:34:17  Level 2 Main Entry IrisysIP camera has reset
09:34:50  Camera: Level 1 Science Centre Lift             	0	0
09:34:50  Level 1 Science Centre Lift IrisysIP camera has reset
09:35:13  Camera: Level 1 Science Centre Entry 1          	0	0
09:35:13  Level 1 Science Centre Entry 1 IrisysIP camera has reset
09:35:15  Camera: Level 2 Lift                            	0	0
09:35:15  Level 2 Lift IrisysIP camera has reset
09:35:16  Camera: Level 1 Science Centre Entry 2          	0	0
09:35:16  Level 1 Science Centre Entry 2 IrisysIP camera has reset
09:42:24  Camera: Level 1 Science Centre Entry 2          	1	0
09:42:26  Zone: Zone1                    	1	0	1
09:43:25  Camera: Level 1 Science Centre Entry 2          	7	9
09:43:36  Zone: Zone1                    	7	9	-2
09:44:26  Camera: Level 1 Science Centre Entry 2          	8	10
09:44:28  Zone: Zone1                    	8	10	-2
09:45:05  Service running OK
09:48:32  Camera: Level 2 Main Entry                      	3	3
09:48:38  Zone: Zone1                    	11	13	-2
09:49:33  Camera: Level 2 Main Entry                      	4	4
09:49:48  Zone: Zone1                    	12	14	-2
10:00:01  Logging to daily summary: "10:00 12 14 -1 0 0 0"
10:00:01  Service running OK
10:15:01  Service running OK
10:30:01  Logging to daily summary: "10:30 0 0 -2 0 0 0"
10:30:01  Service running OK
10:45:01  Service running OK
11:00:01  Logging to daily summary: "11:00 0 0 -2 0 0 0"
11:00:01  Service running OK
11:15:01  Service running OK
11:30:01  Logging to daily summary: "11:30 0 0 -2 0 0 0"
11:30:01  Service running OK
11:45:01  Service running OK
12:00:01  Logging to daily summary: "12:00 0 0 -2 0 0 0"
12:00:01  Service running OK
12:15:03  Service running OK
12:30:03  Logging to daily summary: "12:30 0 0 -2 0 0 0"
12:30:03  Service running OK
12:45:03  Service running OK
12:55:49  Camera: Level 1 Science Centre Entry 2          	8	13
12:55:49  Zone: Zone1                    	12	17	-5
13:00:02  Logging to daily summary: "13:00 0 3 -2 0 0 0"
13:00:02  Service running OK
13:15:03  Service running OK
13:30:03  Logging to daily summary: "13:30 0 0 -5 0 0 0"
13:30:03  Service running OK
13:45:03  Service running OK
13:51:48  Camera: Level 1 Science Centre Entry 2          	10	13
13:51:54  Zone: Zone1                    	14	17	-3
14:00:01  Logging to daily summary: "14:00 2 0 -4 0 0 0"
14:00:01  Service running OK
14:15:01  Service running OK
14:30:01  Logging to daily summary: "14:30 0 0 -3 0 0 0"
14:30:01  Service running OK
14:45:01  Service running OK
15:00:01  Logging to daily summary: "15:00 0 0 -3 0 0 0"
15:00:01  Service running OK
15:15:01  Service running OK
15:30:01  Logging to daily summary: "15:30 0 0 -3 0 0 0"
15:30:01  Service running OK
15:45:01  Service running OK
16:00:04  Logging to daily summary: "16:00 0 0 -3 0 0 0"
16:00:04  Service running OK
16:15:06  Service running OK
16:27:34  Camera: Level 1 Science Centre Entry 2          	15	15
16:27:39  Zone: Zone1                    	19	19	0
16:28:35  Camera: Level 1 Science Centre Entry 2          	21	23
16:28:49  Zone: Zone1                    	25	27	-2
16:30:02  Logging to daily summary: "16:30 11 10 -2 0 0 0"
16:30:02  Service running OK
16:42:51  Camera: Level 2 Main Entry                      	7	4
16:42:53  Zone: Zone1                    	28	27	1
16:43:52  Camera: Level 2 Main Entry                      	9	7
16:44:03  Zone: Zone1                    	30	30	0
16:44:53  Camera: Level 2 Main Entry                      	9	9
16:44:55  Zone: Zone1                    	30	32	-2
16:45:14  Service running OK
17:00:14  Logging to daily summary: "17:00 5 5 -1 0 0 0"
17:00:14  Service running OK
17:15:14  Service running OK
17:30:14  Logging to daily summary: "17:30 0 0 -2 0 0 0"
17:30:14  Service running OK
17:45:14  Service running OK
18:00:14  Logging to daily summary: "18:00 0 0 -2 0 0 0"
18:00:14  Service running OK
18:15:15  Service running OK
18:30:15  Logging to daily summary: "18:30 0 0 -2 0 0 0"
18:30:15  Service running OK
18:45:15  Service running OK
19:00:15  Logging to daily summary: "19:00 0 0 -2 0 0 0"
19:00:15  Service running OK
19:15:15  Service running OK
19:30:15  Logging to daily summary: "19:30 0 0 -2 0 0 0"
19:30:15  Service running OK
19:45:15  Service running OK
20:00:15  Logging to daily summary: "20:00 0 0 -2 0 0 0"
20:00:15  Service running OK
20:15:15  Service running OK
20:30:15  Logging to daily summary: "20:30 0 0 -2 0 0 0"
20:30:15  Service running OK
20:45:15  Service running OK
21:00:15  Logging to daily summary: "21:00 0 0 -2 0 0 0"
21:00:15  Service running OK
21:15:17  Service running OK
21:30:17  Logging to daily summary: "21:30 0 0 -2 0 0 0"
21:30:17  Service running OK
21:45:17  Service running OK
22:00:17  Logging to daily summary: "22:00 0 0 -2 0 0 0"
22:00:17  Service running OK
22:00:32  Stop time reached.
22:00:32  Camera 'Level 1 Science Centre Entry 1' - final counts 0 0
22:00:32  Camera 'Level 1 Science Centre Entry 2' - final counts 21 23
22:00:32  Camera 'Level 1 Science Centre Lift' - final counts 0 0
22:00:32  Camera 'Level 2 Main Entry' - final counts 9 9
22:00:32  Camera 'Level 2 Lift' - final counts 0 0
22:00:32  Camera 'Shop A' - final counts 0 0
22:00:32  Camera 'Shop B' - final counts 0 0
22:00:32  Camera 'Shop Whale Mall' - final counts 0 0
22:00:32  Camera 'Level 2 Cafe' - final counts 0 0
22:00:32  Zone: Zone1                    	30	32	-2
22:00:32  Zone: Zone2                    	0	0	0
22:00:32  Level 1 Science Centre Entry 1: IrisysIP counts reset requested.
22:00:32  Level 1 Science Centre Entry 2: IrisysIP counts reset requested.
22:00:32  Level 1 Science Centre Lift: IrisysIP counts reset requested.
22:00:32  Level 2 Main Entry: IrisysIP counts reset requested.
22:00:32  Level 2 Lift: IrisysIP counts reset requested.
22:00:32  Shop A: IrisysIP counts reset requested.
22:00:32  Shop B: IrisysIP counts reset requested.
22:00:32  Shop Whale Mall: IrisysIP counts reset requested.
22:00:32  Level 2 Cafe: IrisysIP counts reset requested.
22:00:32  Attempting to reset counts for IrisysIP Camera Level 2 Lift
22:00:34  Attempting to reset counts for IrisysIP Camera Level 1 Science Centre Entry 2
22:00:36  Attempting to reset counts for IrisysIP Camera Level 2 Main Entry
22:00:41  Email sent successfully.
22:00:41  Displaying shutdown on 0 display(s)
22:00:41  End the manager threads.
22:00:41  Close all CAN threads.
22:00:41  All CAN threads, now flagged to be closed.
22:00:41  Close all IrisysIP threads.
22:01:24  Level 2 Lift: InCountCorrection set in registry to: 0
22:01:24  Level 2 Lift: OutCountCorrection set in registry to: 0
22:01:25  Level 2 Lift: has reset camera
22:01:26  Level 1 Science Centre Entry 2: InCountCorrection set in registry to: 0
22:01:26  Level 1 Science Centre Entry 2: OutCountCorrection set in registry to: 0
22:01:27  Level 1 Science Centre Entry 2: has reset camera
22:01:28  Error! Level 1 Science Centre Entry 1: The IrisysIP thread needs to be terminated but has not reset.
22:01:28  Level 1 Science Centre Entry 1: The Irisys IP thread has been flagged to end.
22:01:28  Level 2 Main Entry: InCountCorrection set in registry to: 0
22:01:28  Level 2 Main Entry: OutCountCorrection set in registry to: 0
22:01:29  Level 2 Main Entry: has reset camera
22:01:29  Level 1 Science Centre Entry 1: Main Data Collection loop has finished (g_bStopFlag=0, m_bEndThread=1).
22:01:29  Level 1 Science Centre Entry 1: The Irisys IP thread has ended.
22:01:29  Level 1 Science Centre Entry 2: The Irisys IP thread has been flagged to end.
22:01:37  Attempting to reset counts for IrisysIP Camera Level 1 Science Centre Lift
22:02:01  Level 1 Science Centre Lift: InCountCorrection set in registry to: 0
22:02:01  Level 1 Science Centre Lift: OutCountCorrection set in registry to: 0
22:02:02  Level 1 Science Centre Lift: has reset camera
22:02:26  Level 1 Science Centre Entry 2: Main Data Collection loop has finished (g_bStopFlag=0, m_bEndThread=1).
22:02:26  Level 1 Science Centre Entry 2: The Irisys IP thread has ended.
22:02:26  Level 1 Science Centre Lift: The Irisys IP thread has been flagged to end.
22:02:27  Camera: Level 2 Lift                            	0	0
22:02:30  Camera: Level 2 Main Entry                      	0	0
22:02:30  Level 2 Main Entry IrisysIP camera has reset
22:03:01  Level 1 Science Centre Lift: Main Data Collection loop has finished (g_bStopFlag=0, m_bEndThread=1).
22:03:01  Level 1 Science Centre Lift: The Irisys IP thread has ended.
22:03:01  Level 2 Main Entry: The Irisys IP thread has been flagged to end.
22:03:29  Level 2 Main Entry: Main Data Collection loop has finished (g_bStopFlag=0, m_bEndThread=1).
22:03:29  Level 2 Main Entry: The Irisys IP thread has ended.
22:03:29  Level 2 Lift: The Irisys IP thread has been flagged to end.
22:03:29  Level 2 Lift: Main Data Collection loop has finished (g_bStopFlag=0, m_bEndThread=1).
22:03:29  Level 2 Lift: The Irisys IP thread has ended.
22:03:29  Shop A: The Irisys IP thread has been flagged to end.
22:03:43  Shop A: Main Data Collection loop has finished (g_bStopFlag=0, m_bEndThread=1).
22:03:43  Shop A: The Irisys IP thread has ended.
22:03:43  Shop B: The Irisys IP thread has been flagged to end.
22:03:43  Shop B: Main Data Collection loop has finished (g_bStopFlag=0, m_bEndThread=1).
22:03:43  Shop B: The Irisys IP thread has ended.
22:03:43  Shop Whale Mall: The Irisys IP thread has been flagged to end.
22:03:43  Shop Whale Mall: Main Data Collection loop has finished (g_bStopFlag=0, m_bEndThread=1).
22:03:43  Shop Whale Mall: The Irisys IP thread has ended.
22:03:43  Level 2 Cafe: The Irisys IP thread has been flagged to end.
22:03:44  Level 2 Cafe: Main Data Collection loop has finished (g_bStopFlag=0, m_bEndThread=1).
22:03:44  Level 2 Cafe: The Irisys IP thread has ended.
22:03:44  All IrisysIP threads, now flagged to be closed.
22:03:44  Close all iCount threads.
22:03:44  All iCount threads, now flagged to be closed.
22:03:44  Close all eDAM threads.
22:03:44  All eDAM threads, now flagged to be closed.
22:03:44  Camera 'Level 1 Science Centre Entry 1' - maximum flow 0 at 09:30:00
22:03:44  Camera 'Level 1 Science Centre Entry 2' - maximum flow 15 at 09:44:13
22:03:44  Camera 'Level 1 Science Centre Lift' - maximum flow 0 at 09:30:00
22:03:44  Camera 'Level 2 Main Entry' - maximum flow 6 at 09:49:15
22:03:44  Camera 'Level 2 Lift' - maximum flow 0 at 09:30:00
22:03:44  Camera 'Shop A' - maximum flow 0 at 09:30:00
22:03:44  Camera 'Shop B' - maximum flow 0 at 09:30:00
22:03:44  Camera 'Shop Whale Mall' - maximum flow 0 at 09:30:00
22:03:44  Camera 'Level 2 Cafe' - maximum flow 0 at 09:30:00
22:03:44  Camera 'Level 1 Science Centre Entry 1' refreshing registry counts
22:03:44  Camera 'Level 1 Science Centre Entry 2' refreshing registry counts
22:03:44  Camera 'Level 1 Science Centre Lift' refreshing registry counts
22:03:44  Camera 'Level 2 Main Entry' refreshing registry counts
22:03:44  Camera 'Level 2 Lift' refreshing registry counts
22:03:44  Camera 'Shop A' refreshing registry counts
22:03:44  Camera 'Shop B' refreshing registry counts
22:03:44  Camera 'Shop Whale Mall' refreshing registry counts
22:03:44  Camera 'Level 2 Cafe' refreshing registry counts
22:03:44  Zone 'Zone1' refreshing file counts
22:03:44  Zone 'Zone2' refreshing file counts
22:03:44  Processing application not specified
22:03:44  Logging Counting Stopped

