
07:50:59  RECAP $Revision: 3.13.2.13 $ ($State: Exp $) built 09:15:45, Aug  3 2010
07:50:59  Logging Counting Started
07:50:59  Start time: 09:30 (570 minutes past midnight)
07:50:59  Stop time: 22:00 (1320 minutes past midnight)
07:50:59  Log period: 30 minutes
07:50:59  Initialising 0 display(s)
07:50:59  Initialising 9 camera(s)
07:50:59  IrisysIP counter(s) in use, Starting BlackFin API
07:50:59  If RECAP crashes, check .NET framework and VCRedist are installed.
07:51:00  BlackFin API Started.
07:51:00  BlackFin API Started up OK. Version: 1.10.0.5
07:51:00  Initialising 2 zone(s)
07:51:00  Outputting 'Zone1' zone data to 'Zones\Zone1.txt'
07:51:00  Outputting 'Zone2' zone data to 'Zones\Zone2.txt'
07:51:00  Displaying shutdown on 0 display(s)
07:51:00  Waiting till start time
09:30:00  Start time reached
09:30:00  Adding Level 1 Science Centre Entry 1 thread to Watchdog
09:30:00  Level 1 Science Centre Entry 1: InCountCorrection set in registry to: 0
09:30:00  Level 1 Science Centre Entry 1: OutCountCorrection set in registry to: 0
09:30:00  Adding Level 1 Science Centre Entry 2 thread to Watchdog
09:30:00  Level 1 Science Centre Entry 2: InCountCorrection set in registry to: 0
09:30:00  Level 1 Science Centre Entry 2: OutCountCorrection set in registry to: 0
09:30:00  Adding Level 1 Science Centre Lift thread to Watchdog
09:30:00  Level 1 Science Centre Lift: InCountCorrection set in registry to: 0
09:30:00  Level 1 Science Centre Lift: OutCountCorrection set in registry to: 0
09:30:00  Adding Level 2 Main Entry thread to Watchdog
09:30:00  Level 2 Main Entry: InCountCorrection set in registry to: 0
09:30:00  Level 2 Main Entry: OutCountCorrection set in registry to: 0
09:30:00  Adding Level 2 Lift thread to Watchdog
09:30:00  Level 2 Lift: InCountCorrection set in registry to: 0
09:30:00  Level 2 Lift: OutCountCorrection set in registry to: 0
09:30:00  Adding Shop A thread to Watchdog
09:30:00  Shop A: InCountCorrection set in registry to: 0
09:30:00  Shop A: OutCountCorrection set in registry to: 0
09:30:00  Adding Shop B thread to Watchdog
09:30:00  Shop B: InCountCorrection set in registry to: 0
09:30:00  Shop B: OutCountCorrection set in registry to: 0
09:30:00  Adding Shop Whale Mall thread to Watchdog
09:30:00  Shop Whale Mall: InCountCorrection set in registry to: 0
09:30:00  Shop Whale Mall: OutCountCorrection set in registry to: 0
09:30:00  Adding Level 2 Cafe thread to Watchdog
09:30:00  Level 2 Cafe: InCountCorrection set in registry to: 0
09:30:00  Level 2 Cafe: OutCountCorrection set in registry to: 0
09:30:01  New day, Reset counts and busiest times in registry
09:30:01  Camera Level 1 Science Centre Entry 1 Counts 	= In:0, Out:0
09:30:01  Camera Level 1 Science Centre Entry 2 Counts 	= In:0, Out:0
09:30:01  Camera Level 1 Science Centre Lift Counts 	= In:0, Out:0
09:30:01  Camera Level 2 Main Entry Counts 	= In:0, Out:0
09:30:01  Camera Level 2 Lift Counts 	= In:0, Out:0
09:30:01  Camera Shop A Counts 	= In:0, Out:0
09:30:01  Camera Shop B Counts 	= In:0, Out:0
09:30:01  Camera Shop Whale Mall Counts 	= In:0, Out:0
09:30:01  Camera Level 2 Cafe Counts 	= In:0, Out:0
09:30:02  Starting main data collection loop.
09:30:05  Zone: Zone1                    	0	0	0
09:30:05  Zone: Zone2                    	0	0	0
09:30:05  Logging to daily summary: "09:30 0 0 0 0 0 0"
09:30:05  Service running OK
09:30:27  Level 1 Science Centre Entry 2: Connect Success (2) (serial num:2158593777)
09:30:27  Level 2 Lift: Connect Success (5) (serial num:2158593872)
09:30:28  Level 1 Science Centre Entry 2: MAC:00-21-AC-00-30-3B IP Firmware:4.0.2.30311 Monitor Firmware:42.4.0.404
09:30:29  Level 2 Lift: MAC:00-21-AC-00-2F-8C IP Firmware:4.0.2.30311 Monitor Firmware:42.4.0.404
09:30:29  Level 1 Science Centre Entry 1: Connect Success (1) (serial num:2158593798)
09:30:30  Level 1 Science Centre Entry 1: MAC:00-21-AC-00-30-39 IP Firmware:4.0.2.30311 Monitor Firmware:42.4.0.404
09:30:31  Level 1 Science Centre Lift: Connect Success (3) (serial num:2158593853)
09:30:32  Level 1 Science Centre Lift: MAC:00-21-AC-00-30-1A IP Firmware:4.0.2.30311 Monitor Firmware:42.4.0.404
09:30:38  Level 2 Main Entry: Connect Success (4) (serial num:2158593780)
09:30:38  Level 2 Main Entry: MAC:00-21-AC-00-30-D9 IP Firmware:4.0.2.30311 Monitor Firmware:42.4.0.404
09:30:39  Level 2 Lift: Status msgs: 0,0
09:30:40  Level 2 Lift: Current DeviceID: DefaultID
09:30:41  Level 1 Science Centre Entry 2: Status msgs: 0,0
09:30:41  Level 1 Science Centre Entry 2: Current DeviceID: DefaultID
09:30:42  Level 1 Science Centre Entry 1: Status msgs: 0,0
09:30:43  Level 1 Science Centre Entry 1: Current DeviceID: DefaultID
09:30:44  Level 1 Science Centre Lift: Status msgs: 0,0
09:30:44  Level 1 Science Centre Lift: Current DeviceID: DefaultID
09:30:45  Shop A: Connect Success (6) (serial num:2158593779)
09:30:46  Shop A: MAC:00-21-AC-00-30-21 IP Firmware:4.0.2.30311 Monitor Firmware:42.4.0.404
09:30:49  Level 2 Main Entry: Status msgs: 0,0
09:30:49  Level 2 Main Entry: Current DeviceID: DefaultID
09:30:54  Shop A: Status msgs: 0,0
09:30:55  Shop A: Current DeviceID: DefaultID
09:32:43  Initial Camera Level 2 Lift Counts 	= In:0, Out:4
09:32:44  Initial Camera Level 1 Science Centre Entry 2 Counts 	= In:4, Out:3
09:32:46  Initial Camera Level 1 Science Centre Entry 1 Counts 	= In:2, Out:0
09:32:47  Level 2 Lift: Date last reset in registry is not today (reset required): 08/01/12
09:32:47  Attempting to reset counts for IrisysIP Camera Level 2 Lift
09:32:48  Level 1 Science Centre Entry 2: Date last reset in registry is not today (reset required): 08/01/12
09:32:48  Attempting to reset counts for IrisysIP Camera Level 1 Science Centre Entry 2
09:32:50  Level 1 Science Centre Entry 1: Date last reset in registry is not today (reset required): 08/01/12
09:32:50  Attempting to reset counts for IrisysIP Camera Level 1 Science Centre Entry 1
09:33:43  Level 2 Lift: InCountCorrection set in registry to: 0
09:33:43  Level 2 Lift: OutCountCorrection set in registry to: 0
09:33:44  Initial Camera Level 1 Science Centre Lift Counts 	= In:3, Out:5
09:33:44  Level 2 Lift: has reset camera
09:33:44  Camera: Level 2 Lift - Counts are now valid.
09:33:44  Level 1 Science Centre Entry 2: InCountCorrection set in registry to: 0
09:33:44  Level 1 Science Centre Entry 2: OutCountCorrection set in registry to: 0
09:33:45  Level 1 Science Centre Entry 2: has reset camera
09:33:45  Camera: Level 1 Science Centre Entry 2 - Counts are now valid.
09:33:46  Level 1 Science Centre Entry 1: InCountCorrection set in registry to: 0
09:33:46  Level 1 Science Centre Entry 1: OutCountCorrection set in registry to: 0
09:33:47  Initial Camera Level 2 Main Entry Counts 	= In:24, Out:19
09:33:47  Level 1 Science Centre Entry 1: has reset camera
09:33:47  Initial Camera Shop A Counts 	= In:590, Out:531
09:33:47  Camera: Level 1 Science Centre Entry 1 - Counts are now valid.
09:33:48  Level 1 Science Centre Lift: Date last reset in registry is not today (reset required): 08/01/12
09:33:48  Attempting to reset counts for IrisysIP Camera Level 1 Science Centre Lift
09:33:48  Level 1 Science Centre Lift: InCountCorrection set in registry to: 0
09:33:48  Level 1 Science Centre Lift: OutCountCorrection set in registry to: 0
09:33:49  Level 1 Science Centre Lift: has reset camera
09:33:49  Camera: Level 1 Science Centre Lift - Counts are now valid.
09:33:51  Level 2 Main Entry: Date last reset in registry is not today (reset required): 08/01/12
09:33:51  Shop A: Date last reset in registry is not today (reset required): 08/01/12
09:33:51  Attempting to reset counts for IrisysIP Camera Level 2 Main Entry
09:33:51  Attempting to reset counts for IrisysIP Camera Shop A
09:33:52  Level 2 Main Entry: InCountCorrection set in registry to: 0
09:33:52  Level 2 Main Entry: OutCountCorrection set in registry to: 0
09:33:53  Level 2 Main Entry: has reset camera
09:33:53  Camera: Level 2 Main Entry - Counts are now valid.
09:33:58  Shop A: InCountCorrection set in registry to: 0
09:33:58  Shop A: OutCountCorrection set in registry to: 0
09:33:59  Shop A: has reset camera
09:33:59  Camera: Shop A - Counts are now valid.
09:34:45  Camera: Level 2 Lift                            	0	0
09:34:45  Level 2 Lift IrisysIP camera has reset
09:34:47  Camera: Level 1 Science Centre Entry 2          	0	0
09:34:47  Level 1 Science Centre Entry 2 IrisysIP camera has reset
09:34:48  Camera: Level 1 Science Centre Entry 1          	0	0
09:34:48  Level 1 Science Centre Entry 1 IrisysIP camera has reset
09:34:51  Camera: Level 1 Science Centre Lift             	0	0
09:34:51  Level 1 Science Centre Lift IrisysIP camera has reset
09:34:54  Camera: Level 2 Main Entry                      	0	0
09:34:54  Level 2 Main Entry IrisysIP camera has reset
09:35:00  Camera: Shop A                                  	1	0
09:35:13  Zone: Zone1                    	0	1	-1
09:35:13  Zone: Zone2                    	1	0	1
09:36:01  Camera: Shop A                                  	7	0
09:36:16  Zone: Zone1                    	0	7	-7
09:36:16  Zone: Zone2                    	7	0	7
09:38:03  Camera: Shop A                                  	7	2
09:38:03  Zone: Zone1                    	2	7	-5
09:38:03  Zone: Zone2                    	7	2	5
09:40:05  Camera: Shop A                                  	7	3
09:40:07  Zone: Zone1                    	3	7	-4
09:40:07  Zone: Zone2                    	7	3	4
09:41:06  Camera: Shop A                                  	9	3
09:41:17  Zone: Zone1                    	3	9	-6
09:41:17  Zone: Zone2                    	9	3	6
09:42:07  Camera: Shop A                                  	11	5
09:42:09  Zone: Zone1                    	5	11	-6
09:42:09  Zone: Zone2                    	11	5	6
09:43:08  Camera: Shop A                                  	11	8
09:43:19  Zone: Zone1                    	8	11	-3
09:43:19  Zone: Zone2                    	11	8	3
09:44:09  Camera: Shop A                                  	17	12
09:44:11  Zone: Zone1                    	12	17	-5
09:44:11  Zone: Zone2                    	17	12	5
09:45:06  Service running OK
09:45:11  Camera: Shop A                                  	19	17
09:45:21  Zone: Zone1                    	17	19	-2
09:45:21  Zone: Zone2                    	19	17	2
09:47:13  Camera: Shop A                                  	20	17
09:47:25  Zone: Zone1                    	17	20	-3
09:47:25  Zone: Zone2                    	20	17	3
09:48:14  Camera: Shop A                                  	22	19
09:48:17  Zone: Zone1                    	19	22	-3
09:48:17  Zone: Zone2                    	22	19	3
09:50:16  Camera: Shop A                                  	22	24
09:50:21  Zone: Zone1                    	24	22	2
09:50:21  Zone: Zone2                    	22	24	-2
09:51:17  Camera: Shop A                                  	24	24
09:51:31  Zone: Zone1                    	24	24	0
09:51:31  Zone: Zone2                    	24	24	0
09:52:18  Camera: Shop A                                  	24	27
09:52:23  Zone: Zone1                    	27	24	3
09:52:23  Zone: Zone2                    	24	27	-3
09:53:19  Camera: Shop A                                  	29	27
09:53:33  Zone: Zone1                    	27	29	-2
09:53:33  Zone: Zone2                    	29	27	2
09:54:20  Camera: Shop A                                  	29	29
09:54:25  Zone: Zone1                    	29	29	0
09:54:25  Zone: Zone2                    	29	29	0
09:56:22  Camera: Shop A                                  	29	32
09:56:30  Zone: Zone1                    	32	29	3
09:56:30  Zone: Zone2                    	29	32	-3
09:57:23  Camera: Shop A                                  	29	35
09:57:24  Zone: Zone1                    	35	29	6
09:57:24  Zone: Zone2                    	29	35	-6
09:58:25  Camera: Shop A                                  	34	38
09:58:33  Zone: Zone1                    	38	34	4
09:58:33  Zone: Zone2                    	34	38	-4
10:00:05  Logging to daily summary: "10:00 38 34 -1 34 38 1"
10:00:05  Service running OK
10:00:27  Camera: Shop A                                  	44	41
10:00:38  Zone: Zone1                    	41	44	-3
10:00:38  Zone: Zone2                    	44	41	3
10:01:28  Camera: Shop A                                  	58	41
10:01:30  Zone: Zone1                    	41	58	-17
10:01:30  Zone: Zone2                    	58	41	17
10:03:30  Camera: Shop A                                  	60	44
10:03:34  Zone: Zone1                    	44	60	-16
10:03:34  Zone: Zone2                    	60	44	16
10:04:31  Camera: Shop A                                  	62	44
10:04:44  Zone: Zone1                    	44	62	-18
10:04:44  Zone: Zone2                    	62	44	18
10:05:32  Camera: Shop A                                  	64	49
10:05:36  Zone: Zone1                    	49	64	-15
10:05:36  Zone: Zone2                    	64	49	15
10:06:33  Camera: Shop A                                  	64	50
10:06:46  Zone: Zone1                    	50	64	-14
10:06:46  Zone: Zone2                    	64	50	14
10:07:34  Camera: Shop A                                  	69	58
10:07:38  Zone: Zone1                    	58	69	-11
10:07:38  Zone: Zone2                    	69	58	11
10:08:35  Camera: Shop A                                  	82	63
10:08:48  Zone: Zone1                    	63	82	-19
10:08:48  Zone: Zone2                    	82	63	19
10:09:36  Camera: Shop A                                  	83	63
10:09:40  Zone: Zone1                    	63	83	-20
10:09:40  Zone: Zone2                    	83	63	20
10:10:38  Camera: Shop A                                  	84	66
10:10:50  Zone: Zone1                    	66	84	-18
10:10:50  Zone: Zone2                    	84	66	18
10:11:39  Camera: Shop A                                  	84	67
10:11:43  Zone: Zone1                    	67	84	-17
10:11:43  Zone: Zone2                    	84	67	17
10:12:40  Camera: Shop A                                  	86	70
10:12:52  Zone: Zone1                    	70	86	-16
10:12:52  Zone: Zone2                    	86	70	16
10:13:41  Camera: Shop A                                  	89	72
10:13:46  Zone: Zone1                    	72	89	-17
10:13:46  Zone: Zone2                    	89	72	17
10:14:42  Camera: Shop A                                  	89	74
10:14:56  Zone: Zone1                    	74	89	-15
10:14:56  Zone: Zone2                    	89	74	15
10:15:15  Service running OK
10:15:43  Camera: Shop A                                  	99	76
10:15:50  Zone: Zone1                    	76	99	-23
10:15:50  Zone: Zone2                    	99	76	23
10:16:44  Camera: Shop A                                  	101	77
10:16:44  Zone: Zone1                    	77	101	-24
10:16:44  Zone: Zone2                    	101	77	24
10:20:48  Camera: Shop A                                  	101	79
10:20:54  Zone: Zone1                    	79	101	-22
10:20:54  Zone: Zone2                    	101	79	22
10:21:49  Camera: Shop A                                  	103	80
10:22:04  Zone: Zone1                    	80	103	-23
10:22:04  Zone: Zone2                    	103	80	23
10:22:50  Camera: Shop A                                  	104	82
10:22:56  Zone: Zone1                    	82	104	-22
10:22:56  Zone: Zone2                    	104	82	22
10:23:52  Camera: Shop A                                  	104	83
10:24:06  Zone: Zone1                    	83	104	-21
10:24:06  Zone: Zone2                    	104	83	21
10:24:53  Camera: Shop A                                  	105	86
10:24:58  Zone: Zone1                    	86	105	-19
10:24:58  Zone: Zone2                    	105	86	19
10:25:54  Camera: Shop A                                  	110	86
10:26:08  Zone: Zone1                    	86	110	-24
10:26:08  Zone: Zone2                    	110	86	24
10:26:55  Camera: Shop A                                  	114	89
10:27:00  Zone: Zone1                    	89	114	-25
10:27:00  Zone: Zone2                    	114	89	25
10:28:57  Camera: Shop A                                  	117	93
10:29:04  Zone: Zone1                    	93	117	-24
10:29:04  Zone: Zone2                    	117	93	24
10:29:58  Camera: Shop A                                  	119	97
10:29:58  Zone: Zone1                    	97	119	-22
10:29:58  Zone: Zone2                    	119	97	22
10:30:17  Logging to daily summary: "10:30 59 85 -19 85 59 19"
10:30:17  Service running OK
10:30:59  Camera: Shop A                                  	121	100
10:31:08  Zone: Zone1                    	100	121	-21
10:31:08  Zone: Zone2                    	121	100	21
10:32:00  Camera: Shop A                                  	122	100
10:32:00  Zone: Zone1                    	100	122	-22
10:32:00  Zone: Zone2                    	122	100	22
10:33:01  Camera: Shop A                                  	122	101
10:33:10  Zone: Zone1                    	101	122	-21
10:33:10  Zone: Zone2                    	122	101	21
10:34:02  Camera: Shop A                                  	124	109
10:34:02  Zone: Zone1                    	109	124	-15
10:34:02  Zone: Zone2                    	124	109	15
10:35:03  Camera: Shop A                                  	128	110
10:35:12  Zone: Zone1                    	110	128	-18
10:35:12  Zone: Zone2                    	128	110	18
10:36:04  Camera: Shop A                                  	130	112
10:36:05  Zone: Zone1                    	112	130	-18
10:36:05  Zone: Zone2                    	130	112	18
10:37:06  Camera: Shop A                                  	130	114
10:37:14  Zone: Zone1                    	114	130	-16
10:37:14  Zone: Zone2                    	130	114	16
10:38:07  Camera: Shop A                                  	136	115
10:38:07  Zone: Zone1                    	115	136	-21
10:38:07  Zone: Zone2                    	136	115	21
10:39:08  Camera: Shop A                                  	136	123
10:39:16  Zone: Zone1                    	123	136	-13
10:39:16  Zone: Zone2                    	136	123	13
10:40:09  Camera: Shop A                                  	138	124
10:40:09  Zone: Zone1                    	124	138	-14
10:40:09  Zone: Zone2                    	138	124	14
10:40:57  Camera: Level 1 Science Centre Entry 2          	2	0
10:41:00  Zone: Zone1                    	126	138	-12
10:41:10  Camera: Shop A                                  	139	127
10:41:16  Zone: Zone1                    	129	139	-10
10:41:16  Zone: Zone2                    	139	127	12
10:43:12  Camera: Shop A                                  	143	129
10:43:20  Zone: Zone1                    	131	143	-12
10:43:20  Zone: Zone2                    	143	129	14
10:44:13  Camera: Shop A                                  	144	130
10:44:13  Zone: Zone1                    	132	144	-12
10:44:13  Zone: Zone2                    	144	130	14
10:45:08  Service running OK
10:46:02  Camera: Level 1 Science Centre Entry 2          	4	0
10:46:15  Camera: Shop A                                  	147	135
10:46:17  Zone: Zone1                    	139	147	-8
10:46:17  Zone: Zone2                    	147	135	12
10:47:16  Camera: Shop A                                  	147	140
10:47:25  Zone: Zone1                    	144	147	-3
10:47:25  Zone: Zone2                    	147	140	7
10:48:17  Camera: Shop A                                  	147	142
10:48:18  Zone: Zone1                    	146	147	-1
10:48:18  Zone: Zone2                    	147	142	5
10:49:19  Camera: Shop A                                  	153	145
10:49:27  Zone: Zone1                    	149	153	-4
10:49:27  Zone: Zone2                    	153	145	8
10:50:20  Camera: Shop A                                  	156	147
10:50:20  Zone: Zone1                    	151	156	-5
10:50:20  Zone: Zone2                    	156	147	9
10:51:21  Camera: Shop A                                  	157	147
10:51:29  Zone: Zone1                    	151	157	-6
10:51:29  Zone: Zone2                    	157	147	10
10:53:23  Camera: Shop A                                  	157	150
10:53:33  Zone: Zone1                    	154	157	-3
10:53:33  Zone: Zone2                    	157	150	7
10:54:24  Camera: Shop A                                  	157	155
10:54:25  Zone: Zone1                    	159	157	2
10:54:25  Zone: Zone2                    	157	155	2
10:55:25  Camera: Shop A                                  	165	155
10:55:35  Zone: Zone1                    	159	165	-6
10:55:35  Zone: Zone2                    	165	155	10
10:56:26  Camera: Shop A                                  	168	157
10:56:27  Zone: Zone1                    	161	168	-7
10:56:27  Zone: Zone2                    	168	157	11
10:57:27  Camera: Shop A                                  	168	161
10:57:37  Zone: Zone1                    	165	168	-3
10:57:37  Zone: Zone2                    	168	161	7
10:58:28  Camera: Shop A                                  	176	166
10:58:29  Zone: Zone1                    	170	176	-6
10:58:29  Zone: Zone2                    	176	166	10
10:59:29  Camera: Shop A                                  	182	166
10:59:39  Zone: Zone1                    	170	182	-12
10:59:39  Zone: Zone2                    	182	166	16
11:00:16  Logging to daily summary: "11:00 73 63 -10 63 69 13"
11:00:16  Service running OK
11:00:30  Camera: Shop A                                  	184	168
11:00:31  Zone: Zone1                    	172	184	-12
11:00:31  Zone: Zone2                    	184	168	16
11:01:18  Camera: Level 1 Science Centre Entry 2          	4	2
11:01:23  Zone: Zone1                    	172	186	-14
11:01:31  Camera: Shop A                                  	185	168
11:01:39  Zone: Zone1                    	172	187	-15
11:01:39  Zone: Zone2                    	185	168	17
11:03:34  Camera: Shop A                                  	191	168
11:03:43  Zone: Zone1                    	172	193	-21
11:03:43  Zone: Zone2                    	191	168	23
11:05:36  Camera: Shop A                                  	194	169
11:05:47  Zone: Zone1                    	173	196	-23
11:05:47  Zone: Zone2                    	194	169	25
11:06:24  Camera: Level 1 Science Centre Entry 2          	6	2
11:06:39  Zone: Zone1                    	175	196	-21
11:07:38  Camera: Shop A                                  	194	175
11:07:49  Zone: Zone1                    	181	196	-15
11:07:49  Zone: Zone2                    	194	175	19
11:08:39  Camera: Shop A                                  	198	175
11:08:41  Zone: Zone1                    	181	200	-19
11:08:41  Zone: Zone2                    	198	175	23
11:10:41  Camera: Shop A                                  	199	177
11:10:45  Zone: Zone1                    	183	201	-18
11:10:45  Zone: Zone2                    	199	177	22
11:11:42  Camera: Shop A                                  	202	182
11:11:55  Zone: Zone1                    	188	204	-16
11:11:55  Zone: Zone2                    	202	182	20
11:12:43  Camera: Shop A                                  	207	184
11:12:47  Zone: Zone1                    	190	209	-19
11:12:47  Zone: Zone2                    	207	184	23
11:15:12  Service running OK
11:15:47  Camera: Shop A                                  	207	187
11:15:47  Zone: Zone1                    	193	209	-16
11:15:47  Zone: Zone2                    	207	187	20
11:16:48  Camera: Shop A                                  	208	187
11:16:56  Zone: Zone1                    	193	210	-17
11:16:56  Zone: Zone2                    	208	187	21
11:17:49  Camera: Shop A                                  	208	193
11:17:49  Zone: Zone1                    	199	210	-11
11:17:49  Zone: Zone2                    	208	193	15
11:19:51  Camera: Shop A                                  	209	193
11:19:52  Zone: Zone1                    	199	211	-12
11:19:52  Zone: Zone2                    	209	193	16
11:20:52  Camera: Shop A                                  	209	196
11:21:02  Zone: Zone1                    	202	211	-9
11:21:02  Zone: Zone2                    	209	196	13
11:21:53  Camera: Shop A                                  	209	200
11:21:54  Zone: Zone1                    	206	211	-5
11:21:54  Zone: Zone2                    	209	200	9
11:22:54  Camera: Shop A                                  	214	205
11:23:04  Zone: Zone1                    	211	216	-5
11:23:04  Zone: Zone2                    	214	205	9
11:23:55  Camera: Shop A                                  	217	208
11:23:56  Zone: Zone1                    	214	219	-5
11:23:56  Zone: Zone2                    	217	208	9
11:24:56  Camera: Shop A                                  	217	210
11:25:06  Zone: Zone1                    	216	219	-3
11:25:06  Zone: Zone2                    	217	210	7
11:25:57  Camera: Shop A                                  	219	210
11:25:58  Zone: Zone1                    	216	221	-5
11:25:58  Zone: Zone2                    	219	210	9
11:28:00  Camera: Shop A                                  	221	211
11:28:02  Zone: Zone1                    	217	223	-6
11:28:02  Zone: Zone2                    	221	211	10
11:29:01  Camera: Shop A                                  	221	215
11:29:12  Zone: Zone1                    	221	223	-2
11:29:12  Zone: Zone2                    	221	215	6
11:30:02  Camera: Shop A                                  	223	216
11:30:04  Zone: Zone1                    	222	225	-3
11:30:04  Zone: Zone2                    	223	216	7
11:30:04  Logging to daily summary: "11:30 52 43 -12 41 50 16"
11:30:04  Service running OK
11:31:03  Camera: Shop A                                  	225	218
11:31:14  Zone: Zone1                    	224	227	-3
11:31:14  Zone: Zone2                    	225	218	7
11:32:04  Camera: Shop A                                  	229	218
11:32:06  Zone: Zone1                    	224	231	-7
11:32:06  Zone: Zone2                    	229	218	11
11:33:05  Camera: Shop A                                  	229	220
11:33:16  Zone: Zone1                    	226	231	-5
11:33:16  Zone: Zone2                    	229	220	9
11:34:06  Camera: Shop A                                  	229	221
11:34:08  Zone: Zone1                    	227	231	-4
11:34:08  Zone: Zone2                    	229	221	8
11:35:07  Camera: Shop A                                  	234	221
11:35:18  Zone: Zone1                    	227	236	-9
11:35:18  Zone: Zone2                    	234	221	13
11:36:08  Camera: Shop A                                  	234	231
11:36:10  Zone: Zone1                    	237	236	1
11:36:10  Zone: Zone2                    	234	231	3
11:37:09  Camera: Shop A                                  	238	231
11:37:20  Zone: Zone1                    	237	240	-3
11:37:20  Zone: Zone2                    	238	231	7
11:38:10  Camera: Shop A                                  	240	233
11:38:12  Zone: Zone1                    	239	242	-3
11:38:12  Zone: Zone2                    	240	233	7
11:39:11  Camera: Shop A                                  	240	237
11:39:22  Zone: Zone1                    	243	242	1
11:39:22  Zone: Zone2                    	240	237	3
11:40:12  Camera: Shop A                                  	243	242
11:40:14  Zone: Zone1                    	248	245	3
11:40:14  Zone: Zone2                    	243	242	1
11:41:14  Camera: Shop A                                  	248	244
11:41:24  Zone: Zone1                    	250	250	0
11:41:24  Zone: Zone2                    	248	244	4
11:42:15  Camera: Shop A                                  	252	244
11:42:16  Zone: Zone1                    	250	254	-4
11:42:16  Zone: Zone2                    	252	244	8
11:43:16  Camera: Shop A                                  	254	244
11:43:26  Zone: Zone1                    	250	256	-6
11:43:26  Zone: Zone2                    	254	244	10
11:44:17  Camera: Shop A                                  	254	246
11:44:18  Zone: Zone1                    	252	256	-4
11:44:18  Zone: Zone2                    	254	246	8
11:45:13  Service running OK
11:45:18  Camera: Shop A                                  	258	249
11:45:28  Zone: Zone1                    	255	260	-5
11:45:28  Zone: Zone2                    	258	249	9
11:47:20  Camera: Shop A                                  	260	250
11:47:32  Zone: Zone1                    	256	262	-6
11:47:32  Zone: Zone2                    	260	250	10
11:48:21  Camera: Shop A                                  	265	262
11:48:24  Zone: Zone1                    	268	267	1
11:48:24  Zone: Zone2                    	265	262	3
11:49:22  Camera: Shop A                                  	273	268
11:49:34  Zone: Zone1                    	274	275	-1
11:49:34  Zone: Zone2                    	273	268	5
11:50:23  Camera: Shop A                                  	277	272
11:50:26  Zone: Zone1                    	278	279	-1
11:50:26  Zone: Zone2                    	277	272	5
11:51:24  Camera: Shop A                                  	280	276
11:51:36  Zone: Zone1                    	282	282	0
11:51:36  Zone: Zone2                    	280	276	4
11:52:25  Camera: Shop A                                  	284	285
11:52:28  Zone: Zone1                    	291	286	5
11:52:28  Zone: Zone2                    	284	285	-1
11:53:26  Camera: Shop A                                  	287	285
11:53:38  Zone: Zone1                    	291	289	2
11:53:38  Zone: Zone2                    	287	285	2
11:55:29  Camera: Shop A                                  	291	285
11:55:42  Zone: Zone1                    	291	293	-2
11:55:42  Zone: Zone2                    	291	285	6
11:56:30  Camera: Shop A                                  	291	288
11:56:34  Zone: Zone1                    	294	293	1
11:56:34  Zone: Zone2                    	291	288	3
11:57:31  Camera: Shop A                                  	301	288
11:57:44  Zone: Zone1                    	294	303	-9
11:57:44  Zone: Zone2                    	301	288	13
11:58:32  Camera: Shop A                                  	305	288
11:58:36  Zone: Zone1                    	294	307	-13
11:58:36  Zone: Zone2                    	305	288	17
11:59:33  Camera: Shop A                                  	305	292
11:59:46  Zone: Zone1                    	298	307	-9
11:59:46  Zone: Zone2                    	305	292	13
12:00:05  Logging to daily summary: "12:00 76 82 -2 82 76 6"
12:00:05  Service running OK
12:00:34  Camera: Shop A                                  	306	292
12:00:38  Zone: Zone1                    	298	308	-10
12:00:38  Zone: Zone2                    	306	292	14
12:01:35  Camera: Shop A                                  	306	299
12:01:48  Zone: Zone1                    	305	308	-3
12:01:48  Zone: Zone2                    	306	299	7
12:02:36  Camera: Shop A                                  	309	299
12:02:40  Zone: Zone1                    	305	311	-6
12:02:40  Zone: Zone2                    	309	299	10
12:03:37  Camera: Shop A                                  	317	303
12:03:50  Zone: Zone1                    	309	319	-10
12:03:50  Zone: Zone2                    	317	303	14
12:05:39  Camera: Shop A                                  	319	305
12:05:54  Zone: Zone1                    	311	321	-10
12:05:54  Zone: Zone2                    	319	305	14
12:06:41  Camera: Shop A                                  	321	311
12:06:46  Zone: Zone1                    	317	323	-6
12:06:46  Zone: Zone2                    	321	311	10
12:07:42  Camera: Shop A                                  	325	316
12:07:56  Zone: Zone1                    	322	327	-5
12:07:56  Zone: Zone2                    	325	316	9
12:08:43  Camera: Shop A                                  	328	318
12:08:48  Zone: Zone1                    	324	330	-6
12:08:48  Zone: Zone2                    	328	318	10
12:09:44  Camera: Shop A                                  	331	319
12:09:58  Zone: Zone1                    	325	333	-8
12:09:58  Zone: Zone2                    	331	319	12
12:10:45  Camera: Shop A                                  	332	325
12:10:50  Zone: Zone1                    	331	334	-3
12:10:50  Zone: Zone2                    	332	325	7
12:11:46  Camera: Shop A                                  	338	325
12:12:00  Zone: Zone1                    	331	340	-9
12:12:00  Zone: Zone2                    	338	325	13
12:12:47  Camera: Shop A                                  	338	327
12:12:52  Zone: Zone1                    	333	340	-7
12:12:52  Zone: Zone2                    	338	327	11
12:13:48  Camera: Shop A                                  	340	327
12:14:02  Zone: Zone1                    	333	342	-9
12:14:02  Zone: Zone2                    	340	327	13
12:15:15  Service running OK
12:15:50  Camera: Shop A                                  	340	330
12:15:50  Zone: Zone1                    	336	342	-6
12:15:50  Zone: Zone2                    	340	330	10
12:16:51  Camera: Shop A                                  	340	334
12:17:00  Zone: Zone1                    	340	342	-2
12:17:00  Zone: Zone2                    	340	334	6
12:17:52  Camera: Shop A                                  	343	337
12:17:53  Zone: Zone1                    	343	345	-2
12:17:53  Zone: Zone2                    	343	337	6
12:18:53  Camera: Shop A                                  	355	343
12:19:02  Zone: Zone1                    	349	357	-8
12:19:02  Zone: Zone2                    	355	343	12
12:19:55  Camera: Shop A                                  	355	345
12:19:55  Zone: Zone1                    	351	357	-6
12:19:55  Zone: Zone2                    	355	345	10
12:21:57  Camera: Shop A                                  	365	350
12:21:58  Zone: Zone1                    	356	367	-11
12:21:58  Zone: Zone2                    	365	350	15
12:22:58  Camera: Shop A                                  	367	352
12:23:08  Zone: Zone1                    	358	369	-11
12:23:08  Zone: Zone2                    	367	352	15
12:23:59  Camera: Shop A                                  	370	354
12:24:00  Zone: Zone1                    	360	372	-12
12:24:00  Zone: Zone2                    	370	354	16
12:25:00  Camera: Shop A                                  	373	355
12:25:10  Zone: Zone1                    	361	375	-14
12:25:10  Zone: Zone2                    	373	355	18
12:26:01  Camera: Shop A                                  	379	355
12:26:02  Zone: Zone1                    	361	381	-20
12:26:02  Zone: Zone2                    	379	355	24
12:27:02  Camera: Shop A                                  	379	357
12:27:12  Zone: Zone1                    	363	381	-18
12:27:12  Zone: Zone2                    	379	357	22
12:30:05  Camera: Shop A                                  	381	357
12:30:10  Zone: Zone1                    	363	383	-20
12:30:10  Zone: Zone2                    	381	357	24
12:30:10  Logging to daily summary: "12:30 65 76 -9 76 65 13"
12:30:10  Service running OK
12:31:06  Camera: Shop A                                  	381	360
12:31:20  Zone: Zone1                    	366	383	-17
12:31:20  Zone: Zone2                    	381	360	21
12:32:08  Camera: Shop A                                  	381	364
12:32:12  Zone: Zone1                    	370	383	-13
12:32:12  Zone: Zone2                    	381	364	17
12:33:09  Camera: Shop A                                  	384	365
12:33:22  Zone: Zone1                    	371	386	-15
12:33:22  Zone: Zone2                    	384	365	19
12:34:10  Camera: Shop A                                  	387	367
12:34:14  Zone: Zone1                    	373	389	-16
12:34:14  Zone: Zone2                    	387	367	20
12:35:11  Camera: Shop A                                  	392	373
12:35:24  Zone: Zone1                    	379	394	-15
12:35:24  Zone: Zone2                    	392	373	19
12:36:12  Camera: Shop A                                  	394	373
12:36:16  Zone: Zone1                    	379	396	-17
12:36:16  Zone: Zone2                    	394	373	21
12:38:14  Camera: Shop A                                  	395	373
12:38:20  Zone: Zone1                    	379	397	-18
12:38:20  Zone: Zone2                    	395	373	22
12:40:16  Camera: Shop A                                  	395	375
12:40:24  Zone: Zone1                    	381	397	-16
12:40:24  Zone: Zone2                    	395	375	20
12:41:17  Camera: Shop A                                  	398	379
12:41:17  Zone: Zone1                    	385	400	-15
12:41:17  Zone: Zone2                    	398	379	19
12:42:18  Camera: Shop A                                  	400	379
12:42:27  Zone: Zone1                    	385	402	-17
12:42:27  Zone: Zone2                    	400	379	21
12:44:20  Camera: Shop A                                  	400	382
12:44:31  Zone: Zone1                    	388	402	-14
12:44:31  Zone: Zone2                    	400	382	18
12:45:08  Service running OK
12:45:22  Camera: Shop A                                  	402	384
12:45:23  Zone: Zone1                    	390	404	-14
12:45:23  Zone: Zone2                    	402	384	18
12:47:24  Camera: Shop A                                  	404	390
12:47:27  Zone: Zone1                    	396	406	-10
12:47:27  Zone: Zone2                    	404	390	14
12:48:25  Camera: Shop A                                  	407	392
12:48:37  Zone: Zone1                    	398	409	-11
12:48:37  Zone: Zone2                    	407	392	15
12:49:26  Camera: Shop A                                  	408	392
12:49:29  Zone: Zone1                    	398	410	-12
12:49:29  Zone: Zone2                    	408	392	16
12:50:27  Camera: Shop A                                  	408	394
12:50:39  Zone: Zone1                    	400	410	-10
12:50:39  Zone: Zone2                    	408	394	14
12:51:28  Camera: Shop A                                  	410	394
12:51:31  Zone: Zone1                    	400	412	-12
12:51:31  Zone: Zone2                    	410	394	16
12:53:30  Camera: Shop A                                  	410	396
12:53:35  Zone: Zone1                    	402	412	-10
12:53:35  Zone: Zone2                    	410	396	14
12:54:31  Camera: Shop A                                  	413	396
12:54:45  Zone: Zone1                    	402	415	-13
12:54:45  Zone: Zone2                    	413	396	17
12:55:32  Camera: Shop A                                  	415	397
12:55:37  Zone: Zone1                    	403	417	-14
12:55:37  Zone: Zone2                    	415	397	18
12:56:33  Camera: Shop A                                  	416	397
12:56:47  Zone: Zone1                    	403	418	-15
12:56:47  Zone: Zone2                    	416	397	19
12:57:34  Camera: Shop A                                  	416	400
12:57:39  Zone: Zone1                    	406	418	-12
12:57:39  Zone: Zone2                    	416	400	16
12:58:36  Camera: Shop A                                  	416	402
12:58:49  Zone: Zone1                    	408	418	-10
12:58:49  Zone: Zone2                    	416	402	14
12:59:37  Camera: Shop A                                  	420	402
12:59:41  Zone: Zone1                    	408	422	-14
12:59:41  Zone: Zone2                    	420	402	18
13:00:00  Logging to daily summary: "13:00 45 39 -14 39 45 18"
13:00:00  Service running OK
13:00:38  Camera: Shop A                                  	424	406
13:00:51  Zone: Zone1                    	412	426	-14
13:00:51  Zone: Zone2                    	424	406	18
13:01:39  Camera: Shop A                                  	424	408
13:01:43  Zone: Zone1                    	414	426	-12
13:01:43  Zone: Zone2                    	424	408	16
13:02:40  Camera: Shop A                                  	424	410
13:02:53  Zone: Zone1                    	416	426	-10
13:02:53  Zone: Zone2                    	424	410	14
13:03:41  Camera: Shop A                                  	426	410
13:03:45  Zone: Zone1                    	416	428	-12
13:03:45  Zone: Zone2                    	426	410	16
13:04:42  Camera: Shop A                                  	427	410
13:04:55  Zone: Zone1                    	416	429	-13
13:04:55  Zone: Zone2                    	427	410	17
13:05:43  Camera: Shop A                                  	427	412
13:05:47  Zone: Zone1                    	418	429	-11
13:05:47  Zone: Zone2                    	427	412	15
13:06:44  Camera: Shop A                                  	429	412
13:06:57  Zone: Zone1                    	418	431	-13
13:06:57  Zone: Zone2                    	429	412	17
13:10:49  Camera: Shop A                                  	429	414
13:10:49  Zone: Zone1                    	420	431	-11
13:10:49  Zone: Zone2                    	429	414	15
13:12:51  Camera: Shop A                                  	431	414
13:12:53  Zone: Zone1                    	420	433	-13
13:12:53  Zone: Zone2                    	431	414	17
13:13:52  Camera: Shop A                                  	431	416
13:14:03  Zone: Zone1                    	422	433	-11
13:14:03  Zone: Zone2                    	431	416	15
13:14:53  Camera: Shop A                                  	438	416
13:14:55  Zone: Zone1                    	422	440	-18
13:14:55  Zone: Zone2                    	438	416	22
13:15:14  Service running OK
13:15:54  Camera: Shop A                                  	441	416
13:16:05  Zone: Zone1                    	422	443	-21
13:16:05  Zone: Zone2                    	441	416	25
13:16:55  Camera: Shop A                                  	442	422
13:16:57  Zone: Zone1                    	428	444	-16
13:16:57  Zone: Zone2                    	442	422	20
13:17:56  Camera: Shop A                                  	444	423
13:18:07  Zone: Zone1                    	429	446	-17
13:18:07  Zone: Zone2                    	444	423	21
13:18:57  Camera: Shop A                                  	445	423
13:18:59  Zone: Zone1                    	429	447	-18
13:18:59  Zone: Zone2                    	445	423	22
13:19:58  Camera: Shop A                                  	448	425
13:20:09  Zone: Zone1                    	431	450	-19
13:20:09  Zone: Zone2                    	448	425	23
13:20:59  Camera: Shop A                                  	452	427
13:21:01  Zone: Zone1                    	433	454	-21
13:21:01  Zone: Zone2                    	452	427	25
13:22:00  Camera: Shop A                                  	452	433
13:22:11  Zone: Zone1                    	439	454	-15
13:22:11  Zone: Zone2                    	452	433	19
13:23:01  Camera: Shop A                                  	455	434
13:23:03  Zone: Zone1                    	440	457	-17
13:23:03  Zone: Zone2                    	455	434	21
13:24:03  Camera: Shop A                                  	460	437
13:24:13  Zone: Zone1                    	443	462	-19
13:24:13  Zone: Zone2                    	460	437	23
13:25:04  Camera: Shop A                                  	462	438
13:25:05  Zone: Zone1                    	444	464	-20
13:25:05  Zone: Zone2                    	462	438	24
13:26:05  Camera: Shop A                                  	464	440
13:26:15  Zone: Zone1                    	446	466	-20
13:26:15  Zone: Zone2                    	464	440	24
13:27:06  Camera: Shop A                                  	466	441
13:27:07  Zone: Zone1                    	447	468	-21
13:27:07  Zone: Zone2                    	466	441	25
13:28:07  Camera: Shop A                                  	468	441
13:28:17  Zone: Zone1                    	447	470	-23
13:28:17  Zone: Zone2                    	468	441	27
13:29:08  Camera: Shop A                                  	468	442
13:29:09  Zone: Zone1                    	448	470	-22
13:29:09  Zone: Zone2                    	468	442	26
13:30:04  Logging to daily summary: "13:30 40 48 -15 48 40 19"
13:30:04  Service running OK
13:31:10  Camera: Shop A                                  	471	442
13:31:13  Zone: Zone1                    	448	473	-25
13:31:13  Zone: Zone2                    	471	442	29
13:32:11  Camera: Shop A                                  	471	444
13:32:23  Zone: Zone1                    	450	473	-23
13:32:23  Zone: Zone2                    	471	444	27
13:33:12  Camera: Shop A                                  	471	449
13:33:15  Zone: Zone1                    	455	473	-18
13:33:15  Zone: Zone2                    	471	449	22
13:34:13  Camera: Shop A                                  	475	449
13:34:25  Zone: Zone1                    	455	477	-22
13:34:25  Zone: Zone2                    	475	449	26
13:35:14  Camera: Shop A                                  	475	450
13:35:17  Zone: Zone1                    	456	477	-21
13:35:17  Zone: Zone2                    	475	450	25
13:36:15  Camera: Shop A                                  	475	451
13:36:27  Zone: Zone1                    	457	477	-20
13:36:27  Zone: Zone2                    	475	451	24
13:40:20  Camera: Shop A                                  	477	454
13:40:20  Zone: Zone1                    	460	479	-19
13:40:20  Zone: Zone2                    	477	454	23
13:41:21  Camera: Shop A                                  	477	458
13:41:29  Zone: Zone1                    	464	479	-15
13:41:29  Zone: Zone2                    	477	458	19
13:42:17  Camera: Level 2 Main Entry                      	0	3
13:42:21  Zone: Zone1                    	464	482	-18
13:42:22  Camera: Shop A                                  	482	458
13:42:37  Zone: Zone1                    	464	487	-23
13:42:37  Zone: Zone2                    	482	458	24
13:43:23  Camera: Shop A                                  	483	459
13:43:29  Zone: Zone1                    	465	488	-23
13:43:29  Zone: Zone2                    	483	459	24
13:44:24  Camera: Shop A                                  	483	461
13:44:39  Zone: Zone1                    	467	488	-21
13:44:39  Zone: Zone2                    	483	461	22
13:45:16  Service running OK
13:45:25  Camera: Shop A                                  	487	461
13:45:31  Zone: Zone1                    	467	492	-25
13:45:31  Zone: Zone2                    	487	461	26
13:46:26  Camera: Shop A                                  	487	464
13:46:41  Zone: Zone1                    	470	492	-22
13:46:41  Zone: Zone2                    	487	464	23
13:47:27  Camera: Shop A                                  	491	464
13:47:33  Zone: Zone1                    	470	496	-26
13:47:33  Zone: Zone2                    	491	464	27
13:48:28  Camera: Shop A                                  	494	469
13:48:43  Zone: Zone1                    	475	499	-24
13:48:43  Zone: Zone2                    	494	469	25
13:49:30  Camera: Shop A                                  	497	469
13:49:35  Zone: Zone1                    	475	502	-27
13:49:35  Zone: Zone2                    	497	469	28
13:50:25  Camera: Level 2 Main Entry                      	2	3
13:50:27  Zone: Zone1                    	477	502	-25
13:50:31  Camera: Shop A                                  	499	469
13:50:43  Zone: Zone1                    	477	504	-27
13:50:43  Zone: Zone2                    	499	469	30
13:51:32  Camera: Shop A                                  	501	474
13:51:35  Zone: Zone1                    	482	506	-24
13:51:35  Zone: Zone2                    	501	474	27
13:52:18  Camera: Level 2 Lift                            	0	1
13:52:27  Zone: Zone1                    	482	507	-25
13:52:33  Camera: Shop A                                  	508	478
13:52:43  Zone: Zone1                    	486	514	-28
13:52:43  Zone: Zone2                    	508	478	30
13:53:34  Camera: Shop A                                  	510	478
13:53:35  Zone: Zone1                    	486	516	-30
13:53:35  Zone: Zone2                    	510	478	32
13:54:35  Camera: Shop A                                  	510	480
13:54:45  Zone: Zone1                    	488	516	-28
13:54:45  Zone: Zone2                    	510	480	30
13:55:36  Camera: Shop A                                  	510	482
13:55:37  Zone: Zone1                    	490	516	-26
13:55:37  Zone: Zone2                    	510	482	28
13:56:37  Camera: Shop A                                  	510	485
13:56:48  Zone: Zone1                    	493	516	-23
13:56:48  Zone: Zone2                    	510	485	25
13:57:38  Camera: Shop A                                  	515	486
13:57:40  Zone: Zone1                    	494	521	-27
13:57:40  Zone: Zone2                    	515	486	29
13:59:40  Camera: Shop A                                  	516	488
13:59:44  Zone: Zone1                    	496	522	-26
13:59:44  Zone: Zone2                    	516	488	28
14:00:03  Logging to daily summary: "14:00 48 52 -23 48 46 26"
14:00:03  Service running OK
14:00:41  Camera: Shop A                                  	520	490
14:00:54  Zone: Zone1                    	498	526	-28
14:00:54  Zone: Zone2                    	520	490	30
14:03:45  Camera: Shop A                                  	525	490
14:03:52  Zone: Zone1                    	498	531	-33
14:03:52  Zone: Zone2                    	525	490	35
14:04:46  Camera: Shop A                                  	527	490
14:04:46  Zone: Zone1                    	498	533	-35
14:04:46  Zone: Zone2                    	527	490	37
14:05:47  Camera: Shop A                                  	527	491
14:05:55  Zone: Zone1                    	499	533	-34
14:05:55  Zone: Zone2                    	527	491	36
14:06:48  Camera: Shop A                                  	531	491
14:06:48  Zone: Zone1                    	499	537	-38
14:06:48  Zone: Zone2                    	531	491	40
14:09:51  Camera: Shop A                                  	535	496
14:10:04  Zone: Zone1                    	504	541	-37
14:10:04  Zone: Zone2                    	535	496	39
14:10:52  Camera: Shop A                                  	544	498
14:10:56  Zone: Zone1                    	506	550	-44
14:10:56  Zone: Zone2                    	544	498	46
14:11:53  Camera: Shop A                                  	545	501
14:12:06  Zone: Zone1                    	509	551	-42
14:12:06  Zone: Zone2                    	545	501	44
14:15:07  Service running OK
14:30:07  Logging to daily summary: "14:30 13 29 -39 29 13 41"
14:30:07  Service running OK
14:43:35  Shop A: Counts less than previous. (In:0, Out:2, OldRawIn:0, OldRawOut:2, OldIn:545, OldOut:501, CorrIn:0, CorrOut:0)
14:43:35  Shop A: InCountCorrection set in registry to: 545
14:43:35  Shop A: OutCountCorrection set in registry to: 499
14:43:35  Level 2 Lift: Counts less than previous. (In:0, Out:0, OldRawIn:0, OldRawOut:0, OldIn:0, OldOut:1, CorrIn:0, CorrOut:0)
14:43:35  Level 2 Lift: InCountCorrection set in registry to: 0
14:43:35  Level 2 Lift: OutCountCorrection set in registry to: 1
14:43:36  Level 2 Main Entry: Counts less than previous. (In:0, Out:0, OldRawIn:0, OldRawOut:0, OldIn:2, OldOut:3, CorrIn:0, CorrOut:0)
14:43:36  Level 2 Main Entry: InCountCorrection set in registry to: 2
14:43:36  Level 2 Main Entry: OutCountCorrection set in registry to: 3
14:44:37  Camera: Shop A                                  	545	503
14:44:46  Zone: Zone1                    	511	551	-40
14:44:46  Zone: Zone2                    	545	503	42
14:45:05  Service running OK
14:46:40  Camera: Shop A                                  	545	504
14:46:50  Zone: Zone1                    	512	551	-39
14:46:50  Zone: Zone2                    	545	504	41
14:47:42  Camera: Shop A                                  	548	507
14:47:42  Zone: Zone1                    	515	554	-39
14:47:42  Zone: Zone2                    	548	507	41
14:48:43  Camera: Shop A                                  	550	507
14:48:52  Zone: Zone1                    	515	556	-41
14:48:52  Zone: Zone2                    	550	507	43
14:49:44  Camera: Shop A                                  	550	508
14:49:44  Zone: Zone1                    	516	556	-40
14:49:44  Zone: Zone2                    	550	508	42
14:50:46  Camera: Shop A                                  	553	514
14:50:54  Zone: Zone1                    	522	559	-37
14:50:54  Zone: Zone2                    	553	514	39
14:51:48  Camera: Shop A                                  	555	514
14:51:48  Zone: Zone1                    	522	561	-39
14:51:48  Zone: Zone2                    	555	514	41
14:52:49  Camera: Shop A                                  	559	518
14:52:58  Zone: Zone1                    	526	565	-39
14:52:58  Zone: Zone2                    	559	518	41
14:53:51  Camera: Shop A                                  	560	520
14:53:51  Zone: Zone1                    	528	566	-38
14:53:51  Zone: Zone2                    	560	520	40
14:55:53  Camera: Shop A                                  	562	522
14:55:55  Zone: Zone1                    	530	568	-38
14:55:55  Zone: Zone2                    	562	522	40
14:56:55  Camera: Shop A                                  	566	525
14:57:05  Zone: Zone1                    	533	572	-39
14:57:05  Zone: Zone2                    	566	525	41
14:58:59  Camera: Shop A                                  	568	526
14:59:09  Zone: Zone1                    	534	574	-40
14:59:09  Zone: Zone2                    	568	526	42
15:00:00  Camera: Shop A                                  	570	526
15:00:01  Zone: Zone1                    	534	576	-42
15:00:01  Zone: Zone2                    	570	526	44
15:00:01  Logging to daily summary: "15:00 25 25 -40 25 25 42"
15:00:01  Service running OK
15:01:01  Camera: Shop A                                  	572	528
15:01:11  Zone: Zone1                    	536	578	-42
15:01:11  Zone: Zone2                    	572	528	44
15:02:03  Camera: Shop A                                  	572	530
15:02:03  Zone: Zone1                    	538	578	-40
15:02:03  Zone: Zone2                    	572	530	42
15:03:05  Camera: Shop A                                  	574	532
15:03:13  Zone: Zone1                    	540	580	-40
15:03:13  Zone: Zone2                    	574	532	42
15:04:07  Camera: Shop A                                  	578	533
15:04:07  Zone: Zone1                    	541	584	-43
15:04:07  Zone: Zone2                    	578	533	45
15:05:08  Camera: Shop A                                  	578	534
15:05:17  Zone: Zone1                    	542	584	-42
15:05:17  Zone: Zone2                    	578	534	44
15:06:09  Camera: Shop A                                  	582	534
15:06:10  Zone: Zone1                    	542	588	-46
15:06:10  Zone: Zone2                    	582	534	48
15:08:13  Camera: Shop A                                  	585	535
15:08:13  Zone: Zone1                    	543	591	-48
15:08:13  Zone: Zone2                    	585	535	50
15:09:15  Camera: Shop A                                  	587	535
15:09:23  Zone: Zone1                    	543	593	-50
15:09:23  Zone: Zone2                    	587	535	52
15:10:16  Camera: Shop A                                  	587	539
15:10:16  Zone: Zone1                    	547	593	-46
15:10:16  Zone: Zone2                    	587	539	48
15:11:18  Camera: Shop A                                  	589	541
15:11:26  Zone: Zone1                    	549	595	-46
15:11:26  Zone: Zone2                    	589	541	48
15:12:19  Camera: Shop A                                  	590	541
15:12:19  Zone: Zone1                    	549	596	-47
15:12:19  Zone: Zone2                    	590	541	49
15:14:22  Camera: Shop A                                  	593	549
15:14:22  Zone: Zone1                    	557	599	-42
15:14:22  Zone: Zone2                    	593	549	44
15:15:01  Service running OK
15:15:23  Camera: Shop A                                  	599	557
15:15:34  Zone: Zone1                    	565	605	-40
15:15:34  Zone: Zone2                    	599	557	42
15:16:25  Camera: Shop A                                  	603	557
15:16:26  Zone: Zone1                    	565	609	-44
15:16:26  Zone: Zone2                    	603	557	46
15:17:28  Camera: Shop A                                  	603	562
15:17:36  Zone: Zone1                    	570	609	-39
15:17:36  Zone: Zone2                    	603	562	41
15:18:29  Camera: Shop A                                  	606	562
15:18:29  Zone: Zone1                    	570	612	-42
15:18:29  Zone: Zone2                    	606	562	44
15:19:30  Camera: Shop A                                  	608	568
15:19:39  Zone: Zone1                    	576	614	-38
15:19:39  Zone: Zone2                    	608	568	40
15:20:31  Camera: Shop A                                  	609	568
15:20:32  Zone: Zone1                    	576	615	-39
15:20:32  Zone: Zone2                    	609	568	41
15:21:33  Camera: Shop A                                  	611	572
15:21:41  Zone: Zone1                    	580	617	-37
15:21:41  Zone: Zone2                    	611	572	39
15:22:35  Camera: Shop A                                  	619	572
15:22:35  Zone: Zone1                    	580	625	-45
15:22:35  Zone: Zone2                    	619	572	47
15:23:37  Camera: Shop A                                  	622	572
15:23:44  Zone: Zone1                    	580	628	-48
15:23:44  Zone: Zone2                    	622	572	50
15:24:38  Camera: Shop A                                  	622	574
15:24:38  Zone: Zone1                    	582	628	-46
15:24:38  Zone: Zone2                    	622	574	48
15:25:40  Camera: Shop A                                  	622	575
15:25:48  Zone: Zone1                    	583	628	-45
15:25:48  Zone: Zone2                    	622	575	47
15:26:41  Camera: Shop A                                  	625	575
15:26:41  Zone: Zone1                    	583	631	-48
15:26:41  Zone: Zone2                    	625	575	50
15:27:42  Camera: Shop A                                  	625	576
15:27:50  Zone: Zone1                    	584	631	-47
15:27:50  Zone: Zone2                    	625	576	49
15:28:44  Camera: Shop A                                  	630	577
15:28:44  Zone: Zone1                    	585	636	-51
15:28:44  Zone: Zone2                    	630	577	53
15:29:46  Camera: Shop A                                  	630	578
15:29:54  Zone: Zone1                    	586	636	-50
15:29:54  Zone: Zone2                    	630	578	52
15:30:13  Logging to daily summary: "15:30 52 60 -44 60 52 46"
15:30:13  Service running OK
15:30:48  Camera: Shop A                                  	630	579
15:30:48  Zone: Zone1                    	587	636	-49
15:30:48  Zone: Zone2                    	630	579	51
15:31:50  Camera: Shop A                                  	632	579
15:31:57  Zone: Zone1                    	587	638	-51
15:31:57  Zone: Zone2                    	632	579	53
15:32:51  Camera: Shop A                                  	632	582
15:32:51  Zone: Zone1                    	590	638	-48
15:32:51  Zone: Zone2                    	632	582	50
15:33:53  Camera: Shop A                                  	634	582
15:34:01  Zone: Zone1                    	590	640	-50
15:34:01  Zone: Zone2                    	634	582	52
15:34:54  Camera: Shop A                                  	635	582
15:34:54  Zone: Zone1                    	590	641	-51
15:34:54  Zone: Zone2                    	635	582	53
15:36:57  Camera: Level 2 Main Entry                      	3	4
15:36:57  Zone: Zone1                    	591	642	-51
15:36:58  Camera: Shop A                                  	635	584
15:37:13  Zone: Zone1                    	593	642	-49
15:37:13  Zone: Zone2                    	635	584	51
15:37:59  Camera: Level 2 Main Entry                      	4	6
15:37:59  Camera: Shop A                                  	636	584
15:38:05  Zone: Zone1                    	594	645	-51
15:38:05  Zone: Zone2                    	636	584	52
15:40:02  Camera: Shop A                                  	639	584
15:40:07  Zone: Zone1                    	594	648	-54
15:40:07  Zone: Zone2                    	639	584	55
15:42:05  Camera: Shop A                                  	639	587
15:42:11  Zone: Zone1                    	597	648	-51
15:42:11  Zone: Zone2                    	639	587	52
15:44:08  Camera: Shop A                                  	639	590
15:44:15  Zone: Zone1                    	600	648	-48
15:44:15  Zone: Zone2                    	639	590	49
15:45:10  Service running OK
15:47:12  Camera: Shop A                                  	647	598
15:47:13  Zone: Zone1                    	608	656	-48
15:47:13  Zone: Zone2                    	647	598	49
15:48:14  Camera: Shop A                                  	650	600
15:48:23  Zone: Zone1                    	610	659	-49
15:48:23  Zone: Zone2                    	650	600	50
15:49:16  Camera: Shop A                                  	653	601
15:49:17  Zone: Zone1                    	611	662	-51
15:49:17  Zone: Zone2                    	653	601	52
15:51:19  Camera: Shop A                                  	653	602
15:51:20  Zone: Zone1                    	612	662	-50
15:51:20  Zone: Zone2                    	653	602	51
15:52:21  Camera: Shop A                                  	655	605
15:52:30  Zone: Zone1                    	615	664	-49
15:52:30  Zone: Zone2                    	655	605	50
15:53:23  Camera: Shop A                                  	656	608
15:53:23  Zone: Zone1                    	618	665	-47
15:53:23  Zone: Zone2                    	656	608	48
15:54:25  Camera: Shop A                                  	656	610
15:54:33  Zone: Zone1                    	620	665	-45
15:54:33  Zone: Zone2                    	656	610	46
15:55:26  Camera: Shop A                                  	660	613
15:55:26  Zone: Zone1                    	623	669	-46
15:55:26  Zone: Zone2                    	660	613	47
15:56:27  Camera: Shop A                                  	662	613
15:56:37  Zone: Zone1                    	623	671	-48
15:56:37  Zone: Zone2                    	662	613	49
15:57:28  Camera: Shop A                                  	665	614
15:57:29  Zone: Zone1                    	624	674	-50
15:57:29  Zone: Zone2                    	665	614	51
15:59:33  Camera: Shop A                                  	666	614
15:59:33  Zone: Zone1                    	624	675	-51
15:59:33  Zone: Zone2                    	666	614	52
16:00:10  Logging to daily summary: "16:00 38 39 -49 36 36 50"
16:00:10  Service running OK
16:00:34  Camera: Shop A                                  	671	614
16:00:43  Zone: Zone1                    	624	680	-56
16:00:43  Zone: Zone2                    	671	614	57
16:01:35  Camera: Shop A                                  	676	619
16:01:35  Zone: Zone1                    	629	685	-56
16:01:35  Zone: Zone2                    	676	619	57
16:02:36  Camera: Shop A                                  	681	624
16:02:45  Zone: Zone1                    	634	690	-56
16:02:45  Zone: Zone2                    	681	624	57
16:03:38  Camera: Shop A                                  	685	626
16:03:38  Zone: Zone1                    	636	694	-58
16:03:38  Zone: Zone2                    	685	626	59
16:05:42  Camera: Shop A                                  	686	626
16:05:42  Zone: Zone1                    	636	695	-59
16:05:42  Zone: Zone2                    	686	626	60
16:09:48  Camera: Shop A                                  	686	627
16:09:52  Zone: Zone1                    	637	695	-58
16:09:52  Zone: Zone2                    	686	627	59
16:10:49  Camera: Shop A                                  	689	627
16:11:02  Zone: Zone1                    	637	698	-61
16:11:02  Zone: Zone2                    	689	627	62
16:15:15  Service running OK
16:29:18  Camera: Level 2 Main Entry                      	8	7
16:29:18  Zone: Zone1                    	641	699	-58
16:30:13  Logging to daily summary: "16:30 17 24 -59 23 13 60"
16:30:13  Service running OK
16:30:20  Camera: Level 2 Main Entry                      	11	8
16:30:28  Zone: Zone1                    	644	700	-56
16:31:21  Camera: Level 2 Main Entry                      	13	8
16:31:21  Zone: Zone1                    	646	700	-54
16:38:32  Camera: Shop A                                  	689	630
16:38:32  Zone: Zone1                    	649	700	-51
16:38:32  Zone: Zone2                    	689	630	59
16:39:34  Camera: Level 2 Main Entry                      	14	9
16:39:42  Zone: Zone1                    	650	701	-51
16:45:07  Service running OK
17:00:07  Logging to daily summary: "17:00 9 2 -51 0 3 59"
17:00:07  Service running OK
17:15:07  Service running OK
17:30:07  Logging to daily summary: "17:30 0 0 -51 0 0 59"
17:30:07  Service running OK
17:45:07  Service running OK
17:52:25  Camera: Shop A                                  	689	631
17:52:34  Zone: Zone1                    	651	701	-50
17:52:34  Zone: Zone2                    	689	631	58
18:00:05  Logging to daily summary: "18:00 1 0 -50 0 1 58"
18:00:05  Service running OK
18:15:05  Service running OK
18:30:05  Logging to daily summary: "18:30 0 0 -50 0 0 58"
18:30:05  Service running OK
18:45:05  Service running OK
19:00:05  Logging to daily summary: "19:00 0 0 -50 0 0 58"
19:00:05  Service running OK
19:15:05  Service running OK
19:30:05  Logging to daily summary: "19:30 0 0 -50 0 0 58"
19:30:05  Service running OK
19:45:05  Service running OK
20:00:05  Logging to daily summary: "20:00 0 0 -50 0 0 58"
20:00:05  Service running OK
20:15:05  Service running OK
20:30:05  Logging to daily summary: "20:30 0 0 -50 0 0 58"
20:30:05  Service running OK
20:45:05  Service running OK
21:00:05  Logging to daily summary: "21:00 0 0 -50 0 0 58"
21:00:05  Service running OK
21:15:05  Service running OK
21:30:05  Logging to daily summary: "21:30 0 0 -50 0 0 58"
21:30:05  Service running OK
21:45:05  Service running OK
22:00:07  Logging to daily summary: "22:00 0 0 -50 0 0 58"
22:00:07  Service running OK
22:00:40  Stop time reached.
22:00:40  Camera 'Level 1 Science Centre Entry 1' - final counts 0 0
22:00:40  Camera 'Level 1 Science Centre Entry 2' - final counts 6 2
22:00:40  Camera 'Level 1 Science Centre Lift' - final counts 0 0
22:00:40  Camera 'Level 2 Main Entry' - final counts 14 9
22:00:40  Camera 'Level 2 Lift' - final counts 0 1
22:00:40  Camera 'Shop A' - final counts 689 631
22:00:40  Camera 'Shop B' - final counts 0 0
22:00:40  Camera 'Shop Whale Mall' - final counts 0 0
22:00:40  Camera 'Level 2 Cafe' - final counts 0 0
22:00:40  Zone: Zone1                    	651	701	-50
22:00:40  Zone: Zone2                    	689	631	58
22:00:40  Level 1 Science Centre Entry 1: IrisysIP counts reset requested.
22:00:40  Level 1 Science Centre Entry 2: IrisysIP counts reset requested.
22:00:40  Level 1 Science Centre Lift: IrisysIP counts reset requested.
22:00:40  Level 2 Main Entry: IrisysIP counts reset requested.
22:00:40  Level 2 Lift: IrisysIP counts reset requested.
22:00:40  Shop A: IrisysIP counts reset requested.
22:00:40  Shop B: IrisysIP counts reset requested.
22:00:40  Shop Whale Mall: IrisysIP counts reset requested.
22:00:40  Level 2 Cafe: IrisysIP counts reset requested.
22:00:46  Attempting to reset counts for IrisysIP Camera Level 1 Science Centre Entry 2
22:00:48  Attempting to reset counts for IrisysIP Camera Level 1 Science Centre Entry 1
22:00:49  Failed to send email.
22:00:49  Displaying shutdown on 0 display(s)
22:00:49  End the manager threads.
22:00:49  Close all CAN threads.
22:00:49  All CAN threads, now flagged to be closed.
22:00:49  Close all IrisysIP threads.
22:00:50  Attempting to reset counts for IrisysIP Camera Level 1 Science Centre Lift
22:01:36  Error! Level 1 Science Centre Entry 1: The IrisysIP thread needs to be terminated but has not reset.
22:01:36  Level 1 Science Centre Entry 1: The Irisys IP thread has been flagged to end.
22:01:56  Attempting to reset counts for IrisysIP Camera Level 1 Science Centre Entry 2
22:03:06  Error! Level 1 Science Centre Entry 1: The Irisys IP thread has not terminated.
22:03:06  Level 1 Science Centre Entry 1: The Irisys IP thread has ended.
22:03:06  Attempting to reset counts for IrisysIP Camera Level 1 Science Centre Entry 2
22:03:53  Error! Level 1 Science Centre Entry 2: The IrisysIP thread needs to be terminated but has not reset.
22:03:53  Level 1 Science Centre Entry 2: The Irisys IP thread has been flagged to end.
22:04:06  Level 1 Science Centre Entry 2: Main Data Collection loop has finished (g_bStopFlag=0, m_bEndThread=1).
22:04:06  Level 1 Science Centre Entry 2: The Irisys IP thread has ended.
22:04:06  Level 1 Science Centre Entry 1: Main Data Collection loop has finished (g_bStopFlag=0, m_bEndThread=1).
22:04:17  Attempting to reset counts for IrisysIP Camera Level 2 Main Entry
22:04:17  Attempting to reset counts for IrisysIP Camera Shop A
22:04:56  Error! Level 1 Science Centre Lift: The IrisysIP thread needs to be terminated but has not reset.
22:04:56  Level 1 Science Centre Lift: The Irisys IP thread has been flagged to end.
22:06:26  Error! Level 1 Science Centre Lift: The Irisys IP thread has not terminated.
22:06:26  Level 1 Science Centre Lift: The Irisys IP thread has ended.
22:07:13  Error! Level 2 Main Entry: The IrisysIP thread needs to be terminated but has not reset.
22:07:13  Level 2 Main Entry: The Irisys IP thread has been flagged to end.
22:08:43  Error! Level 2 Main Entry: The Irisys IP thread has not terminated.
22:08:43  Level 2 Main Entry: The Irisys IP thread has ended.
22:09:30  Error! Level 2 Lift: The IrisysIP thread needs to be terminated but has not reset.
22:09:30  Level 2 Lift: The Irisys IP thread has been flagged to end.
22:11:00  Error! Level 2 Lift: The Irisys IP thread has not terminated.
22:11:00  Level 2 Lift: The Irisys IP thread has ended.
22:11:46  Error! Shop A: The IrisysIP thread needs to be terminated but has not reset.
22:11:46  Shop A: The Irisys IP thread has been flagged to end.
22:13:16  Error! Shop A: The Irisys IP thread has not terminated.
22:13:16  Shop A: The Irisys IP thread has ended.
22:13:17  Shop B: The Irisys IP thread has been flagged to end.
22:13:22  Shop B: Main Data Collection loop has finished (g_bStopFlag=0, m_bEndThread=1).
22:13:22  Shop B: The Irisys IP thread has ended.
22:13:22  Shop Whale Mall: The Irisys IP thread has been flagged to end.
22:13:22  Shop Whale Mall: Main Data Collection loop has finished (g_bStopFlag=0, m_bEndThread=1).
22:13:22  Shop Whale Mall: The Irisys IP thread has ended.
22:13:22  Level 2 Cafe: The Irisys IP thread has been flagged to end.
22:13:22  Level 2 Cafe: Main Data Collection loop has finished (g_bStopFlag=0, m_bEndThread=1).
22:13:22  Level 2 Cafe: The Irisys IP thread has ended.
22:13:22  All IrisysIP threads, now flagged to be closed.
22:13:22  Close all iCount threads.
22:13:22  All iCount threads, now flagged to be closed.
22:13:22  Close all eDAM threads.
22:13:22  All eDAM threads, now flagged to be closed.
22:13:22  Camera 'Level 1 Science Centre Entry 1' - maximum flow 0 at 09:30:00
22:13:22  Camera 'Level 1 Science Centre Entry 2' - maximum flow 2 at 10:41:00
22:13:22  Camera 'Level 1 Science Centre Lift' - maximum flow 0 at 09:30:00
22:13:22  Camera 'Level 2 Main Entry' - maximum flow 5 at 16:30:13
22:13:22  Camera 'Level 2 Lift' - maximum flow 1 at 13:53:02
22:13:22  Camera 'Shop A' - maximum flow 18 at 10:09:07
22:13:22  Camera 'Shop B' - maximum flow 0 at 09:30:00
22:13:22  Camera 'Shop Whale Mall' - maximum flow 0 at 09:30:00
22:13:22  Camera 'Level 2 Cafe' - maximum flow 0 at 09:30:00
22:13:22  Camera 'Level 1 Science Centre Entry 1' refreshing registry counts
22:13:22  Camera 'Level 1 Science Centre Entry 2' refreshing registry counts
22:13:22  Camera 'Level 1 Science Centre Lift' refreshing registry counts
22:13:22  Camera 'Level 2 Main Entry' refreshing registry counts
22:13:22  Camera 'Level 2 Lift' refreshing registry counts
22:13:22  Camera 'Shop A' refreshing registry counts
22:13:22  Camera 'Shop B' refreshing registry counts
22:13:22  Camera 'Shop Whale Mall' refreshing registry counts
22:13:22  Camera 'Level 2 Cafe' refreshing registry counts
22:13:22  Zone 'Zone1' refreshing file counts
22:13:22  Zone 'Zone2' refreshing file counts
22:13:22  Processing application not specified
22:13:22  Logging Counting Stopped

