
04:52:38  RECAP $Revision: 3.13.2.13 $ ($State: Exp $) built 09:15:45, Aug  3 2010
04:52:38  Logging Counting Started
04:52:38  Start time: 09:30 (570 minutes past midnight)
04:52:38  Stop time: 22:00 (1320 minutes past midnight)
04:52:38  Log period: 30 minutes
04:52:38  Initialising 0 display(s)
04:52:38  Initialising 9 camera(s)
04:52:38  IrisysIP counter(s) in use, Starting BlackFin API
04:52:38  If RECAP crashes, check .NET framework and VCRedist are installed.
04:52:39  BlackFin API Started.
04:52:40  BlackFin API Started up OK. Version: 1.10.0.5
04:52:40  Initialising 2 zone(s)
04:52:40  Outputting 'Zone1' zone data to 'Zones\Zone1.txt'
04:52:40  Outputting 'Zone2' zone data to 'Zones\Zone2.txt'
04:52:40  Displaying shutdown on 0 display(s)
04:52:40  Waiting till start time
09:30:00  Start time reached
09:30:00  Adding Level 1 Science Centre Entry 1 thread to Watchdog
09:30:00  Level 1 Science Centre Entry 1: InCountCorrection set in registry to: 0
09:30:00  Level 1 Science Centre Entry 1: OutCountCorrection set in registry to: 0
09:30:00  Adding Level 1 Science Centre Entry 2 thread to Watchdog
09:30:00  Level 1 Science Centre Entry 2: InCountCorrection set in registry to: 0
09:30:00  Level 1 Science Centre Entry 2: OutCountCorrection set in registry to: 0
09:30:00  Adding Level 1 Science Centre Lift thread to Watchdog
09:30:00  Level 1 Science Centre Lift: InCountCorrection set in registry to: 0
09:30:00  Level 1 Science Centre Lift: OutCountCorrection set in registry to: 0
09:30:00  Adding Level 2 Main Entry thread to Watchdog
09:30:00  Level 2 Main Entry: InCountCorrection set in registry to: 0
09:30:00  Level 2 Main Entry: OutCountCorrection set in registry to: 0
09:30:00  Adding Level 2 Lift thread to Watchdog
09:30:00  Level 2 Lift: InCountCorrection set in registry to: 0
09:30:00  Level 2 Lift: OutCountCorrection set in registry to: 0
09:30:00  Adding Shop A thread to Watchdog
09:30:00  Shop A: InCountCorrection set in registry to: 0
09:30:00  Shop A: OutCountCorrection set in registry to: 0
09:30:00  Adding Shop B thread to Watchdog
09:30:00  Shop B: InCountCorrection set in registry to: 0
09:30:00  Shop B: OutCountCorrection set in registry to: 0
09:30:00  Adding Shop Whale Mall thread to Watchdog
09:30:00  Shop Whale Mall: InCountCorrection set in registry to: 0
09:30:00  Shop Whale Mall: OutCountCorrection set in registry to: 0
09:30:00  Adding Level 2 Cafe thread to Watchdog
09:30:00  Level 2 Cafe: InCountCorrection set in registry to: 0
09:30:00  Level 2 Cafe: OutCountCorrection set in registry to: 0
09:30:02  New day, Reset counts and busiest times in registry
09:30:02  Camera Level 1 Science Centre Entry 1 Counts 	= In:0, Out:0
09:30:02  Camera Level 1 Science Centre Entry 2 Counts 	= In:0, Out:0
09:30:02  Camera Level 1 Science Centre Lift Counts 	= In:0, Out:0
09:30:02  Camera Level 2 Main Entry Counts 	= In:0, Out:0
09:30:02  Camera Level 2 Lift Counts 	= In:0, Out:0
09:30:02  Camera Shop A Counts 	= In:0, Out:0
09:30:02  Camera Shop B Counts 	= In:0, Out:0
09:30:02  Camera Shop Whale Mall Counts 	= In:0, Out:0
09:30:02  Camera Level 2 Cafe Counts 	= In:0, Out:0
09:30:02  Starting main data collection loop.
09:30:05  Zone: Zone1                    	0	0	0
09:30:05  Zone: Zone2                    	0	0	0
09:30:05  Logging to daily summary: "09:30 0 0 0 0 0 0"
09:30:05  Service running OK
09:30:15  Level 1 Science Centre Lift: Connect Success (3) (serial num:2158593853)
09:30:16  Level 1 Science Centre Lift: MAC:00-21-AC-00-30-1A IP Firmware:4.0.2.30311 Monitor Firmware:42.4.0.404
09:30:18  Level 2 Main Entry: Connect Success (4) (serial num:2158593780)
09:30:19  Level 2 Main Entry: MAC:00-21-AC-00-30-D9 IP Firmware:4.0.2.30311 Monitor Firmware:42.4.0.404
09:30:19  Level 1 Science Centre Lift: Status msgs: 0,0
09:30:19  Level 1 Science Centre Lift: Current DeviceID: DefaultID
09:30:22  Level 2 Main Entry: Status msgs: 0,0
09:30:22  Level 2 Main Entry: Current DeviceID: DefaultID
09:30:23  Level 1 Science Centre Entry 1: Connect Success (1) (serial num:2158593798)
09:30:24  Level 1 Science Centre Entry 1: MAC:00-21-AC-00-30-39 IP Firmware:4.0.2.30311 Monitor Firmware:42.4.0.404
09:30:27  Level 1 Science Centre Entry 1: Status msgs: 0,0
09:30:27  Level 1 Science Centre Entry 1: Current DeviceID: DefaultID
09:30:52  Level 2 Lift: Connect Success (5) (serial num:2158593872)
09:30:52  Level 1 Science Centre Entry 2: Connect Success (2) (serial num:2158593777)
09:30:53  Level 2 Lift: MAC:00-21-AC-00-2F-8C IP Firmware:4.0.2.30311 Monitor Firmware:42.4.0.404
09:30:53  Level 1 Science Centre Entry 2: MAC:00-21-AC-00-30-3B IP Firmware:4.0.2.30311 Monitor Firmware:42.4.0.404
09:30:56  Level 2 Lift: Status msgs: 0,0
09:30:56  Level 1 Science Centre Entry 2: Status msgs: 0,0
09:30:56  Level 2 Lift: Current DeviceID: DefaultID
09:30:56  Level 1 Science Centre Entry 2: Current DeviceID: DefaultID
09:32:22  Initial Camera Level 1 Science Centre Lift Counts 	= In:0, Out:0
09:32:25  Initial Camera Level 2 Main Entry Counts 	= In:19, Out:15
09:32:26  Level 1 Science Centre Lift: Date last reset in registry is not today (reset required): 11/12/11
09:32:26  Attempting to reset counts for IrisysIP Camera Level 1 Science Centre Lift
09:32:29  Level 2 Main Entry: Date last reset in registry is not today (reset required): 11/12/11
09:32:29  Attempting to reset counts for IrisysIP Camera Level 2 Main Entry
09:33:22  Level 1 Science Centre Lift: InCountCorrection set in registry to: 0
09:33:22  Level 1 Science Centre Lift: OutCountCorrection set in registry to: 0
09:33:23  Level 1 Science Centre Lift: has reset camera
09:33:23  Camera: Level 1 Science Centre Lift - Counts are now valid.
09:33:25  Level 2 Main Entry: InCountCorrection set in registry to: 0
09:33:25  Level 2 Main Entry: OutCountCorrection set in registry to: 0
09:33:26  Initial Camera Level 1 Science Centre Entry 1 Counts 	= In:0, Out:0
09:33:26  Level 2 Main Entry: has reset camera
09:33:26  Initial Camera Level 2 Lift Counts 	= In:0, Out:1
09:33:26  Camera: Level 2 Main Entry - Counts are now valid.
09:33:26  Initial Camera Level 1 Science Centre Entry 2 Counts 	= In:0, Out:0
09:33:30  Level 1 Science Centre Entry 1: Date last reset in registry is not today (reset required): 11/12/11
09:33:30  Level 2 Lift: Date last reset in registry is not today (reset required): 11/12/11
09:33:30  Level 1 Science Centre Entry 2: Date last reset in registry is not today (reset required): 11/12/11
09:33:30  Attempting to reset counts for IrisysIP Camera Level 1 Science Centre Entry 1
09:33:30  Attempting to reset counts for IrisysIP Camera Level 2 Lift
09:33:30  Attempting to reset counts for IrisysIP Camera Level 1 Science Centre Entry 2
09:33:31  Level 1 Science Centre Entry 1: InCountCorrection set in registry to: 0
09:33:31  Level 1 Science Centre Entry 1: OutCountCorrection set in registry to: 0
09:33:32  Level 1 Science Centre Entry 1: has reset camera
09:33:32  Camera: Level 1 Science Centre Entry 1 - Counts are now valid.
09:33:59  Level 2 Lift: InCountCorrection set in registry to: 0
09:33:59  Level 2 Lift: OutCountCorrection set in registry to: 0
09:34:00  Level 2 Lift: has reset camera
09:34:00  Camera: Level 2 Lift - Counts are now valid.
09:34:01  Level 1 Science Centre Entry 2: InCountCorrection set in registry to: 0
09:34:01  Level 1 Science Centre Entry 2: OutCountCorrection set in registry to: 0
09:34:02  Level 1 Science Centre Entry 2: has reset camera
09:34:02  Camera: Level 1 Science Centre Entry 2 - Counts are now valid.
09:34:24  Camera: Level 1 Science Centre Lift             	0	0
09:34:24  Level 1 Science Centre Lift IrisysIP camera has reset
09:34:27  Camera: Level 2 Main Entry                      	2	4
09:34:33  Camera: Level 1 Science Centre Entry 1          	0	0
09:34:33  Level 1 Science Centre Entry 1 IrisysIP camera has reset
09:34:36  Zone: Zone1                    	2	4	-2
09:35:01  Camera: Level 2 Lift                            	0	0
09:35:01  Level 2 Lift IrisysIP camera has reset
09:35:03  Camera: Level 1 Science Centre Entry 2          	0	0
09:35:03  Level 1 Science Centre Entry 2 IrisysIP camera has reset
09:35:28  Camera: Level 2 Main Entry                      	4	6
09:35:39  Zone: Zone1                    	4	6	-2
09:36:29  Camera: Level 2 Main Entry                      	5	7
09:36:29  Zone: Zone1                    	5	7	-2
09:45:15  Service running OK
10:00:15  Logging to daily summary: "10:00 5 7 -1 0 0 0"
10:00:15  Service running OK
10:15:01  Service running OK
10:30:00  Logging to daily summary: "10:30 0 0 -2 0 0 0"
10:30:00  Service running OK
10:45:07  Service running OK
11:00:07  Logging to daily summary: "11:00 0 0 -2 0 0 0"
11:00:07  Service running OK
11:15:07  Service running OK
11:30:09  Logging to daily summary: "11:30 0 0 -2 0 0 0"
11:30:09  Service running OK
11:45:10  Service running OK
12:00:10  Logging to daily summary: "12:00 0 0 -2 0 0 0"
12:00:10  Service running OK
12:15:10  Service running OK
12:26:04  Camera: Level 2 Lift                            	0	1
12:26:04  Zone: Zone1                    	5	8	-3
12:28:06  Camera: Level 2 Lift                            	1	3
12:28:09  Zone: Zone1                    	6	10	-4
12:30:16  Logging to daily summary: "12:30 1 3 -2 0 0 0"
12:30:16  Service running OK
12:45:16  Service running OK
13:00:00  Logging to daily summary: "13:00 0 0 -4 0 0 0"
13:00:00  Service running OK
13:15:01  Service running OK
13:30:01  Logging to daily summary: "13:30 0 0 -4 0 0 0"
13:30:01  Service running OK
13:45:01  Service running OK
14:00:02  Logging to daily summary: "14:00 0 0 -4 0 0 0"
14:00:02  Service running OK
14:15:02  Service running OK
14:30:03  Logging to daily summary: "14:30 0 0 -4 0 0 0"
14:30:03  Service running OK
14:45:03  Service running OK
15:00:03  Logging to daily summary: "15:00 0 0 -4 0 0 0"
15:00:03  Service running OK
15:15:03  Service running OK
15:30:03  Logging to daily summary: "15:30 0 0 -4 0 0 0"
15:30:03  Service running OK
15:45:04  Service running OK
16:00:05  Logging to daily summary: "16:00 0 0 -4 0 0 0"
16:00:05  Service running OK
16:15:05  Service running OK
16:30:05  Logging to daily summary: "16:30 0 0 -4 0 0 0"
16:30:05  Service running OK
16:45:05  Service running OK
16:48:06  Camera: Level 2 Main Entry                      	11	9
16:48:20  Zone: Zone1                    	12	12	0
16:49:07  Camera: Level 2 Main Entry                      	14	14
16:49:12  Zone: Zone1                    	15	17	-2
16:50:08  Camera: Level 2 Main Entry                      	18	19
16:50:22  Zone: Zone1                    	19	22	-3
17:00:17  Logging to daily summary: "17:00 13 12 -3 0 0 0"
17:00:17  Service running OK
17:15:17  Service running OK
17:30:17  Logging to daily summary: "17:30 0 0 -3 0 0 0"
17:30:17  Service running OK
17:45:17  Service running OK
18:00:17  Logging to daily summary: "18:00 0 0 -3 0 0 0"
18:00:17  Service running OK
18:05:58  Stopping during opening hours
18:05:58  Level 1 Science Centre Entry 1: The Irisys IP Manager destructor has flagged the thread to end.
18:06:00  Level 2 Lift: Main Data Collection loop has finished (g_bStopFlag=1, m_bEndThread=0).
18:06:02  Level 1 Science Centre Entry 2: Main Data Collection loop has finished (g_bStopFlag=1, m_bEndThread=0).
18:06:14  Shop A: Main Data Collection loop has finished (g_bStopFlag=1, m_bEndThread=0).
18:06:14  Shop B: Main Data Collection loop has finished (g_bStopFlag=1, m_bEndThread=0).
18:06:14  Shop Whale Mall: Main Data Collection loop has finished (g_bStopFlag=1, m_bEndThread=0).
18:06:14  Level 2 Cafe: Main Data Collection loop has finished (g_bStopFlag=1, m_bEndThread=0).
