
07:28:01  RECAP $Revision: 3.13.2.13 $ ($State: Exp $) built 09:15:45, Aug  3 2010
07:28:01  Logging Counting Started
07:28:01  Start time: 09:30 (570 minutes past midnight)
07:28:01  Stop time: 22:00 (1320 minutes past midnight)
07:28:01  Log period: 30 minutes
07:28:01  Initialising 0 display(s)
07:28:01  Initialising 9 camera(s)
07:28:01  IrisysIP counter(s) in use, Starting BlackFin API
07:28:01  If RECAP crashes, check .NET framework and VCRedist are installed.
07:28:01  BlackFin API Started.
07:28:01  BlackFin API Started up OK. Version: 1.10.0.5
07:28:01  Initialising 2 zone(s)
07:28:01  Outputting 'Zone1' zone data to 'Zones\Zone1.txt'
07:28:01  Outputting 'Zone2' zone data to 'Zones\Zone2.txt'
07:28:01  Displaying shutdown on 0 display(s)
07:28:01  Waiting till start time
09:30:00  Start time reached
09:30:00  Adding Level 1 Science Centre Entry 1 thread to Watchdog
09:30:00  Level 1 Science Centre Entry 1: InCountCorrection set in registry to: 0
09:30:00  Level 1 Science Centre Entry 1: OutCountCorrection set in registry to: 0
09:30:00  Adding Level 1 Science Centre Entry 2 thread to Watchdog
09:30:00  Level 1 Science Centre Entry 2: InCountCorrection set in registry to: 0
09:30:00  Level 1 Science Centre Entry 2: OutCountCorrection set in registry to: 0
09:30:00  Adding Level 1 Science Centre Lift thread to Watchdog
09:30:00  Level 1 Science Centre Lift: InCountCorrection set in registry to: 0
09:30:00  Level 1 Science Centre Lift: OutCountCorrection set in registry to: 0
09:30:00  Adding Level 2 Main Entry thread to Watchdog
09:30:00  Level 2 Main Entry: InCountCorrection set in registry to: 0
09:30:00  Level 2 Main Entry: OutCountCorrection set in registry to: 0
09:30:00  Adding Level 2 Lift thread to Watchdog
09:30:00  Level 2 Lift: InCountCorrection set in registry to: 0
09:30:00  Level 2 Lift: OutCountCorrection set in registry to: 0
09:30:00  Adding Shop A thread to Watchdog
09:30:00  Shop A: InCountCorrection set in registry to: 0
09:30:00  Shop A: OutCountCorrection set in registry to: 0
09:30:00  Adding Shop B thread to Watchdog
09:30:00  Shop B: InCountCorrection set in registry to: 0
09:30:00  Shop B: OutCountCorrection set in registry to: 0
09:30:00  Adding Shop Whale Mall thread to Watchdog
09:30:00  Shop Whale Mall: InCountCorrection set in registry to: 0
09:30:00  Shop Whale Mall: OutCountCorrection set in registry to: 0
09:30:00  Adding Level 2 Cafe thread to Watchdog
09:30:00  Level 2 Cafe: InCountCorrection set in registry to: 0
09:30:00  Level 2 Cafe: OutCountCorrection set in registry to: 0
09:30:01  New day, Reset counts and busiest times in registry
09:30:01  Camera Level 1 Science Centre Entry 1 Counts 	= In:0, Out:0
09:30:01  Camera Level 1 Science Centre Entry 2 Counts 	= In:0, Out:0
09:30:01  Camera Level 1 Science Centre Lift Counts 	= In:0, Out:0
09:30:01  Camera Level 2 Main Entry Counts 	= In:0, Out:0
09:30:01  Camera Level 2 Lift Counts 	= In:0, Out:0
09:30:01  Camera Shop A Counts 	= In:0, Out:0
09:30:01  Camera Shop B Counts 	= In:0, Out:0
09:30:01  Camera Shop Whale Mall Counts 	= In:0, Out:0
09:30:01  Camera Level 2 Cafe Counts 	= In:0, Out:0
09:30:02  Starting main data collection loop.
09:30:05  Zone: Zone1                    	0	0	0
09:30:05  Zone: Zone2                    	0	0	0
09:30:05  Logging to daily summary: "09:30 0 0 0 0 0 0"
09:30:05  Service running OK
09:30:08  Level 1 Science Centre Lift: Connect Success (3) (serial num:2158593853)
09:30:08  Level 1 Science Centre Entry 1: Connect Success (1) (serial num:2158593798)
09:30:09  Level 1 Science Centre Lift: MAC:00-21-AC-00-30-1A IP Firmware:4.0.2.30311 Monitor Firmware:42.4.0.404
09:30:09  Level 1 Science Centre Entry 1: MAC:00-21-AC-00-30-39 IP Firmware:4.0.2.30311 Monitor Firmware:42.4.0.404
09:30:22  Level 1 Science Centre Lift: Status msgs: 0,0
09:30:22  Level 1 Science Centre Entry 1: Status msgs: 0,0
09:30:22  Level 1 Science Centre Lift: Current DeviceID: DefaultID
09:30:22  Level 1 Science Centre Entry 1: Current DeviceID: DefaultID
09:30:44  Level 2 Lift: Connect Success (5) (serial num:2158593872)
09:30:46  Level 2 Main Entry: Connect Success (4) (serial num:2158593780)
09:30:46  Level 1 Science Centre Entry 2: Connect Success (2) (serial num:2158593777)
09:30:46  Level 2 Lift: MAC:00-21-AC-00-2F-8C IP Firmware:4.0.2.30311 Monitor Firmware:42.4.0.404
09:30:47  Level 2 Main Entry: MAC:00-21-AC-00-30-D9 IP Firmware:4.0.2.30311 Monitor Firmware:42.4.0.404
09:30:47  Level 1 Science Centre Entry 2: MAC:00-21-AC-00-30-3B IP Firmware:4.0.2.30311 Monitor Firmware:42.4.0.404
09:31:00  Level 1 Science Centre Entry 2: Status msgs: 0,0
09:31:00  Level 1 Science Centre Entry 2: Current DeviceID: DefaultID
09:31:13  Level 2 Lift: Status msgs: 0,0
09:31:13  Level 2 Lift: Current DeviceID: DefaultID
09:31:14  Level 2 Main Entry: Status msgs: 0,0
09:31:14  Level 2 Main Entry: Current DeviceID: DefaultID
09:32:25  Initial Camera Level 1 Science Centre Lift Counts 	= In:0, Out:0
09:32:26  Initial Camera Level 1 Science Centre Entry 1 Counts 	= In:0, Out:1
09:32:29  Level 1 Science Centre Lift: Date last reset in registry is not today (reset required): 16/11/11
09:32:29  Attempting to reset counts for IrisysIP Camera Level 1 Science Centre Lift
09:32:30  Level 1 Science Centre Entry 1: Date last reset in registry is not today (reset required): 16/11/11
09:32:30  Attempting to reset counts for IrisysIP Camera Level 1 Science Centre Entry 1
09:33:25  Level 1 Science Centre Lift: InCountCorrection set in registry to: 0
09:33:25  Level 1 Science Centre Lift: OutCountCorrection set in registry to: 0
09:33:26  Level 1 Science Centre Lift: has reset camera
09:33:26  Camera: Level 1 Science Centre Lift - Counts are now valid.
09:33:27  Level 1 Science Centre Entry 1: InCountCorrection set in registry to: 0
09:33:27  Level 1 Science Centre Entry 1: OutCountCorrection set in registry to: 0
09:33:28  Initial Camera Level 1 Science Centre Entry 2 Counts 	= In:0, Out:0
09:33:28  Level 1 Science Centre Entry 1: has reset camera
09:33:28  Initial Camera Level 2 Lift Counts 	= In:1, Out:1
09:33:28  Camera: Level 1 Science Centre Entry 1 - Counts are now valid.
09:33:28  Initial Camera Level 2 Main Entry Counts 	= In:11, Out:7
09:33:32  Level 2 Main Entry: Date last reset in registry is not today (reset required): 16/11/11
09:33:32  Level 1 Science Centre Entry 2: Date last reset in registry is not today (reset required): 16/11/11
09:33:32  Level 2 Lift: Date last reset in registry is not today (reset required): 16/11/11
09:33:32  Attempting to reset counts for IrisysIP Camera Level 2 Main Entry
09:33:32  Attempting to reset counts for IrisysIP Camera Level 1 Science Centre Entry 2
09:33:32  Attempting to reset counts for IrisysIP Camera Level 2 Lift
09:34:17  Level 2 Main Entry: InCountCorrection set in registry to: 0
09:34:17  Level 2 Main Entry: OutCountCorrection set in registry to: 0
09:34:18  Level 2 Main Entry: has reset camera
09:34:18  Camera: Level 2 Main Entry - Counts are now valid.
09:34:19  Level 1 Science Centre Entry 2: InCountCorrection set in registry to: 0
09:34:19  Level 1 Science Centre Entry 2: OutCountCorrection set in registry to: 0
09:34:20  Level 1 Science Centre Entry 2: has reset camera
09:34:20  Camera: Level 1 Science Centre Entry 2 - Counts are now valid.
09:34:21  Level 2 Lift: InCountCorrection set in registry to: 0
09:34:21  Level 2 Lift: OutCountCorrection set in registry to: 0
09:34:22  Level 2 Lift: has reset camera
09:34:22  Camera: Level 2 Lift - Counts are now valid.
09:34:27  Camera: Level 1 Science Centre Lift             	0	0
09:34:27  Level 1 Science Centre Lift IrisysIP camera has reset
09:34:29  Camera: Level 1 Science Centre Entry 1          	0	0
09:34:29  Level 1 Science Centre Entry 1 IrisysIP camera has reset
09:35:19  Camera: Level 2 Main Entry                      	0	0
09:35:19  Level 2 Main Entry IrisysIP camera has reset
09:35:21  Camera: Level 1 Science Centre Entry 2          	0	0
09:35:21  Level 1 Science Centre Entry 2 IrisysIP camera has reset
09:35:23  Camera: Level 2 Lift                            	0	0
09:35:23  Level 2 Lift IrisysIP camera has reset
09:45:17  Service running OK
10:00:17  Logging to daily summary: "10:00 0 0 0 0 0 0"
10:00:17  Service running OK
10:15:02  Service running OK
10:30:04  Logging to daily summary: "10:30 0 0 0 0 0 0"
10:30:04  Service running OK
10:35:23  Camera: Level 2 Main Entry                      	0	2
10:35:25  Zone: Zone1                    	0	2	-2
10:45:02  Service running OK
11:00:02  Logging to daily summary: "11:00 0 2 -1 0 0 0"
11:00:02  Service running OK
11:15:02  Service running OK
11:30:03  Logging to daily summary: "11:30 0 0 -2 0 0 0"
11:30:03  Service running OK
11:45:03  Service running OK
12:00:03  Logging to daily summary: "12:00 0 0 -2 0 0 0"
12:00:03  Service running OK
12:15:03  Service running OK
12:30:04  Logging to daily summary: "12:30 0 0 -2 0 0 0"
12:30:04  Service running OK
12:45:04  Service running OK
13:00:04  Logging to daily summary: "13:00 0 0 -2 0 0 0"
13:00:04  Service running OK
13:05:01  Camera: Level 2 Main Entry                      	1	3
13:05:07  Zone: Zone1                    	1	3	-2
13:15:02  Service running OK
13:30:02  Logging to daily summary: "13:30 1 1 -2 0 0 0"
13:30:02  Service running OK
13:45:02  Service running OK
14:00:02  Logging to daily summary: "14:00 0 0 -2 0 0 0"
14:00:02  Service running OK
14:04:04  Camera: Level 2 Main Entry                      	1	5
14:04:11  Zone: Zone1                    	1	5	-4
14:05:05  Camera: Level 2 Main Entry                      	2	6
14:05:05  Zone: Zone1                    	2	6	-4
14:06:06  Camera: Level 2 Main Entry                      	5	6
14:06:15  Zone: Zone1                    	5	6	-1
14:07:07  Camera: Level 2 Main Entry                      	6	8
14:07:07  Zone: Zone1                    	6	8	-2
14:09:09  Camera: Level 2 Main Entry                      	9	9
14:09:11  Zone: Zone1                    	9	9	0
14:10:10  Camera: Level 2 Main Entry                      	11	13
14:10:21  Zone: Zone1                    	11	13	-2
14:12:12  Camera: Level 2 Main Entry                      	11	14
14:12:25  Zone: Zone1                    	11	14	-3
14:13:14  Camera: Level 2 Main Entry                      	12	14
14:13:17  Zone: Zone1                    	12	14	-2
14:14:15  Camera: Level 2 Main Entry                      	13	15
14:14:27  Zone: Zone1                    	13	15	-2
14:15:04  Service running OK
14:30:04  Logging to daily summary: "14:30 12 12 -2 0 0 0"
14:30:04  Service running OK
14:45:04  Service running OK
15:00:04  Logging to daily summary: "15:00 0 0 -2 0 0 0"
15:00:04  Service running OK
15:15:04  Service running OK
15:30:06  Logging to daily summary: "15:30 0 0 -2 0 0 0"
15:30:06  Service running OK
15:45:11  Service running OK
16:00:11  Logging to daily summary: "16:00 0 0 -2 0 0 0"
16:00:11  Service running OK
16:15:11  Service running OK
16:30:11  Logging to daily summary: "16:30 0 0 -2 0 0 0"
16:30:11  Service running OK
16:45:11  Service running OK
16:45:55  Camera: Level 2 Main Entry                      	17	18
16:46:02  Zone: Zone1                    	17	18	-1
16:46:56  Camera: Level 2 Main Entry                      	23	21
16:46:56  Zone: Zone1                    	23	21	2
16:47:57  Camera: Level 2 Main Entry                      	23	24
16:48:06  Zone: Zone1                    	23	24	-1
17:00:07  Logging to daily summary: "17:00 10 9 -1 0 0 0"
17:00:07  Service running OK
17:15:07  Service running OK
17:30:07  Logging to daily summary: "17:30 0 0 -1 0 0 0"
17:30:07  Service running OK
17:45:07  Service running OK
18:00:07  Logging to daily summary: "18:00 0 0 -1 0 0 0"
18:00:07  Service running OK
18:15:07  Service running OK
18:30:07  Logging to daily summary: "18:30 0 0 -1 0 0 0"
18:30:07  Service running OK
18:45:07  Service running OK
19:00:07  Logging to daily summary: "19:00 0 0 -1 0 0 0"
19:00:07  Service running OK
19:15:07  Service running OK
19:30:09  Logging to daily summary: "19:30 0 0 -1 0 0 0"
19:30:09  Service running OK
19:45:09  Service running OK
20:00:09  Logging to daily summary: "20:00 0 0 -1 0 0 0"
20:00:09  Service running OK
20:15:09  Service running OK
20:30:10  Logging to daily summary: "20:30 0 0 -1 0 0 0"
20:30:10  Service running OK
20:45:10  Service running OK
21:00:10  Logging to daily summary: "21:00 0 0 -1 0 0 0"
21:00:10  Service running OK
21:15:10  Service running OK
21:30:10  Logging to daily summary: "21:30 0 0 -1 0 0 0"
21:30:10  Service running OK
21:45:10  Service running OK
22:00:10  Logging to daily summary: "22:00 0 0 -1 0 0 0"
22:00:10  Service running OK
22:00:43  Stop time reached.
22:00:43  Camera 'Level 1 Science Centre Entry 1' - final counts 0 0
22:00:43  Camera 'Level 1 Science Centre Entry 2' - final counts 0 0
22:00:43  Camera 'Level 1 Science Centre Lift' - final counts 0 0
22:00:43  Camera 'Level 2 Main Entry' - final counts 23 24
22:00:43  Camera 'Level 2 Lift' - final counts 0 0
22:00:43  Camera 'Shop A' - final counts 0 0
22:00:43  Camera 'Shop B' - final counts 0 0
22:00:43  Camera 'Shop Whale Mall' - final counts 0 0
22:00:43  Camera 'Level 2 Cafe' - final counts 0 0
22:00:43  Zone: Zone1                    	23	24	-1
22:00:43  Zone: Zone2                    	0	0	0
22:00:43  Level 1 Science Centre Entry 1: IrisysIP counts reset requested.
22:00:43  Level 1 Science Centre Entry 2: IrisysIP counts reset requested.
22:00:43  Level 1 Science Centre Lift: IrisysIP counts reset requested.
22:00:43  Level 2 Main Entry: IrisysIP counts reset requested.
22:00:43  Level 2 Lift: IrisysIP counts reset requested.
22:00:43  Shop A: IrisysIP counts reset requested.
22:00:43  Shop B: IrisysIP counts reset requested.
22:00:43  Shop Whale Mall: IrisysIP counts reset requested.
22:00:43  Level 2 Cafe: IrisysIP counts reset requested.
22:00:43  Displaying shutdown on 0 display(s)
22:00:43  End the manager threads.
22:00:43  Close all CAN threads.
22:00:43  All CAN threads, now flagged to be closed.
22:00:43  Close all IrisysIP threads.
22:01:05  Attempting to reset counts for IrisysIP Camera Level 1 Science Centre Entry 1
22:01:05  Attempting to reset counts for IrisysIP Camera Level 1 Science Centre Entry 2
22:01:05  Attempting to reset counts for IrisysIP Camera Level 2 Main Entry
22:01:06  Attempting to reset counts for IrisysIP Camera Level 2 Lift
22:01:30  Error! Level 1 Science Centre Entry 1: The IrisysIP thread needs to be terminated but has not reset.
22:01:30  Level 1 Science Centre Entry 1: The Irisys IP thread has been flagged to end.
22:01:56  Level 1 Science Centre Entry 1: Main Data Collection loop has finished (g_bStopFlag=0, m_bEndThread=1).
22:01:56  Level 1 Science Centre Entry 1: The Irisys IP thread has ended.
22:01:57  Level 1 Science Centre Entry 2: InCountCorrection set in registry to: 0
22:01:57  Level 1 Science Centre Entry 2: OutCountCorrection set in registry to: 0
22:01:58  Level 1 Science Centre Entry 2: has reset camera
22:01:58  Level 1 Science Centre Entry 2: The Irisys IP thread has been flagged to end.
22:01:59  Level 2 Main Entry: InCountCorrection set in registry to: 0
22:01:59  Level 2 Main Entry: OutCountCorrection set in registry to: 0
22:02:00  Level 2 Main Entry: has reset camera
22:02:01  Level 2 Lift: InCountCorrection set in registry to: 0
22:02:01  Level 2 Lift: OutCountCorrection set in registry to: 0
22:02:02  Level 2 Lift: has reset camera
22:02:09  Attempting to reset counts for IrisysIP Camera Level 1 Science Centre Lift
22:02:36  Level 1 Science Centre Lift: InCountCorrection set in registry to: 0
22:02:36  Level 1 Science Centre Lift: OutCountCorrection set in registry to: 0
22:02:37  Level 1 Science Centre Lift: has reset camera
22:02:57  Level 1 Science Centre Entry 2: Main Data Collection loop has finished (g_bStopFlag=0, m_bEndThread=1).
22:02:57  Level 1 Science Centre Entry 2: The Irisys IP thread has ended.
22:02:57  Level 1 Science Centre Lift: The Irisys IP thread has been flagged to end.
22:03:01  Camera: Level 2 Main Entry                      	0	0
22:03:01  Level 2 Main Entry IrisysIP camera has reset
22:03:03  Camera: Level 2 Lift                            	0	0
22:03:36  Level 1 Science Centre Lift: Main Data Collection loop has finished (g_bStopFlag=0, m_bEndThread=1).
22:03:36  Level 1 Science Centre Lift: The Irisys IP thread has ended.
22:03:36  Level 2 Main Entry: The Irisys IP thread has been flagged to end.
22:04:00  Level 2 Main Entry: Main Data Collection loop has finished (g_bStopFlag=0, m_bEndThread=1).
22:04:00  Level 2 Main Entry: The Irisys IP thread has ended.
22:04:00  Level 2 Lift: The Irisys IP thread has been flagged to end.
22:04:02  Level 2 Lift: Main Data Collection loop has finished (g_bStopFlag=0, m_bEndThread=1).
22:04:02  Level 2 Lift: The Irisys IP thread has ended.
22:04:02  Shop A: The Irisys IP thread has been flagged to end.
22:04:16  Shop A: Main Data Collection loop has finished (g_bStopFlag=0, m_bEndThread=1).
22:04:16  Shop A: The Irisys IP thread has ended.
22:04:16  Shop B: The Irisys IP thread has been flagged to end.
22:04:16  Shop B: Main Data Collection loop has finished (g_bStopFlag=0, m_bEndThread=1).
22:04:16  Shop B: The Irisys IP thread has ended.
22:04:16  Shop Whale Mall: The Irisys IP thread has been flagged to end.
22:04:16  Shop Whale Mall: Main Data Collection loop has finished (g_bStopFlag=0, m_bEndThread=1).
22:04:16  Shop Whale Mall: The Irisys IP thread has ended.
22:04:16  Level 2 Cafe: The Irisys IP thread has been flagged to end.
22:04:16  Level 2 Cafe: Main Data Collection loop has finished (g_bStopFlag=0, m_bEndThread=1).
22:04:16  Level 2 Cafe: The Irisys IP thread has ended.
22:04:16  All IrisysIP threads, now flagged to be closed.
22:04:16  Close all iCount threads.
22:04:16  All iCount threads, now flagged to be closed.
22:04:16  Close all eDAM threads.
22:04:16  All eDAM threads, now flagged to be closed.
22:04:16  Camera 'Level 1 Science Centre Entry 1' - maximum flow 0 at 09:30:00
22:04:16  Camera 'Level 1 Science Centre Entry 2' - maximum flow 0 at 09:30:00
22:04:16  Camera 'Level 1 Science Centre Lift' - maximum flow 0 at 09:30:00
22:04:16  Camera 'Level 2 Main Entry' - maximum flow 9 at 16:47:15
22:04:16  Camera 'Level 2 Lift' - maximum flow 0 at 09:30:00
22:04:16  Camera 'Shop A' - maximum flow 0 at 09:30:00
22:04:16  Camera 'Shop B' - maximum flow 0 at 09:30:00
22:04:16  Camera 'Shop Whale Mall' - maximum flow 0 at 09:30:00
22:04:16  Camera 'Level 2 Cafe' - maximum flow 0 at 09:30:00
22:04:16  Camera 'Level 1 Science Centre Entry 1' refreshing registry counts
22:04:16  Camera 'Level 1 Science Centre Entry 2' refreshing registry counts
22:04:16  Camera 'Level 1 Science Centre Lift' refreshing registry counts
22:04:16  Camera 'Level 2 Main Entry' refreshing registry counts
22:04:16  Camera 'Level 2 Lift' refreshing registry counts
22:04:16  Camera 'Shop A' refreshing registry counts
22:04:16  Camera 'Shop B' refreshing registry counts
22:04:16  Camera 'Shop Whale Mall' refreshing registry counts
22:04:16  Camera 'Level 2 Cafe' refreshing registry counts
22:04:16  Zone 'Zone1' refreshing file counts
22:04:16  Zone 'Zone2' refreshing file counts
22:04:16  Processing application not specified
22:04:16  Logging Counting Stopped

