
07:28:01  RECAP $Revision: 3.13.2.13 $ ($State: Exp $) built 09:15:45, Aug  3 2010
07:28:01  Logging Counting Started
07:28:01  Start time: 09:30 (570 minutes past midnight)
07:28:01  Stop time: 22:00 (1320 minutes past midnight)
07:28:01  Log period: 30 minutes
07:28:01  Initialising 0 display(s)
07:28:01  Initialising 9 camera(s)
07:28:01  IrisysIP counter(s) in use, Starting BlackFin API
07:28:01  If RECAP crashes, check .NET framework and VCRedist are installed.
07:28:01  BlackFin API Started.
07:28:01  BlackFin API Started up OK. Version: 1.10.0.5
07:28:01  Initialising 2 zone(s)
07:28:01  Outputting 'Zone1' zone data to 'Zones\Zone1.txt'
07:28:01  Outputting 'Zone2' zone data to 'Zones\Zone2.txt'
07:28:01  Displaying shutdown on 0 display(s)
07:28:01  Waiting till start time
09:30:00  Start time reached
09:30:00  Adding Level 1 Science Centre Entry 1 thread to Watchdog
09:30:00  Level 1 Science Centre Entry 1: InCountCorrection set in registry to: 0
09:30:00  Level 1 Science Centre Entry 1: OutCountCorrection set in registry to: 0
09:30:00  Adding Level 1 Science Centre Entry 2 thread to Watchdog
09:30:00  Level 1 Science Centre Entry 2: InCountCorrection set in registry to: 0
09:30:00  Level 1 Science Centre Entry 2: OutCountCorrection set in registry to: 0
09:30:00  Adding Level 1 Science Centre Lift thread to Watchdog
09:30:00  Level 1 Science Centre Lift: InCountCorrection set in registry to: 0
09:30:00  Level 1 Science Centre Lift: OutCountCorrection set in registry to: 0
09:30:00  Adding Level 2 Main Entry thread to Watchdog
09:30:00  Level 2 Main Entry: InCountCorrection set in registry to: 0
09:30:00  Level 2 Main Entry: OutCountCorrection set in registry to: 0
09:30:00  Adding Level 2 Lift thread to Watchdog
09:30:00  Level 2 Lift: InCountCorrection set in registry to: 0
09:30:00  Level 2 Lift: OutCountCorrection set in registry to: 0
09:30:00  Adding Shop A thread to Watchdog
09:30:00  Shop A: InCountCorrection set in registry to: 0
09:30:00  Shop A: OutCountCorrection set in registry to: 0
09:30:00  Adding Shop B thread to Watchdog
09:30:00  Shop B: InCountCorrection set in registry to: 0
09:30:00  Shop B: OutCountCorrection set in registry to: 0
09:30:00  Adding Shop Whale Mall thread to Watchdog
09:30:00  Shop Whale Mall: InCountCorrection set in registry to: 0
09:30:00  Shop Whale Mall: OutCountCorrection set in registry to: 0
09:30:00  Adding Level 2 Cafe thread to Watchdog
09:30:00  Level 2 Cafe: InCountCorrection set in registry to: 0
09:30:00  Level 2 Cafe: OutCountCorrection set in registry to: 0
09:30:01  New day, Reset counts and busiest times in registry
09:30:01  Camera Level 1 Science Centre Entry 1 Counts 	= In:0, Out:0
09:30:01  Camera Level 1 Science Centre Entry 2 Counts 	= In:0, Out:0
09:30:01  Camera Level 1 Science Centre Lift Counts 	= In:0, Out:0
09:30:01  Camera Level 2 Main Entry Counts 	= In:0, Out:0
09:30:01  Camera Level 2 Lift Counts 	= In:0, Out:0
09:30:01  Camera Shop A Counts 	= In:0, Out:0
09:30:01  Camera Shop B Counts 	= In:0, Out:0
09:30:01  Camera Shop Whale Mall Counts 	= In:0, Out:0
09:30:01  Camera Level 2 Cafe Counts 	= In:0, Out:0
09:30:02  Starting main data collection loop.
09:30:05  Zone: Zone1                    	0	0	0
09:30:05  Zone: Zone2                    	0	0	0
09:30:05  Logging to daily summary: "09:30 0 0 0 0 0 0"
09:30:05  Service running OK
09:30:29  Level 2 Lift: Connect Success (5) (serial num:2158593872)
09:30:30  Level 1 Science Centre Entry 2: Connect Success (2) (serial num:2158593777)
09:30:31  Level 2 Lift: MAC:00-21-AC-00-2F-8C IP Firmware:4.0.2.30311 Monitor Firmware:42.4.0.404
09:30:31  Level 1 Science Centre Entry 1: Connect Success (1) (serial num:2158593798)
09:30:32  Level 1 Science Centre Entry 2: MAC:00-21-AC-00-30-3B IP Firmware:4.0.2.30311 Monitor Firmware:42.4.0.404
09:30:32  Level 1 Science Centre Entry 1: MAC:00-21-AC-00-30-39 IP Firmware:4.0.2.30311 Monitor Firmware:42.4.0.404
09:30:35  Level 2 Main Entry: Connect Success (4) (serial num:2158593780)
09:30:36  Level 2 Main Entry: MAC:00-21-AC-00-30-D9 IP Firmware:4.0.2.30311 Monitor Firmware:42.4.0.404
09:30:40  Level 1 Science Centre Entry 2: Status msgs: 0,0
09:30:40  Level 1 Science Centre Entry 2: Current DeviceID: DefaultID
09:30:41  Level 1 Science Centre Entry 1: Status msgs: 0,0
09:30:41  Level 1 Science Centre Entry 1: Current DeviceID: DefaultID
09:30:44  Level 1 Science Centre Lift: Connect Success (3) (serial num:2158593853)
09:30:45  Level 1 Science Centre Lift: MAC:00-21-AC-00-30-1A IP Firmware:4.0.2.30311 Monitor Firmware:42.4.0.404
09:30:53  Level 1 Science Centre Lift: Status msgs: 0,0
09:30:53  Level 1 Science Centre Lift: Current DeviceID: DefaultID
09:31:00  Level 2 Lift: Status msgs: 0,0
09:31:01  Level 2 Lift: Current DeviceID: DefaultID
09:31:05  Level 2 Main Entry: Status msgs: 0,0
09:31:05  Level 2 Main Entry: Current DeviceID: DefaultID
09:32:44  Initial Camera Level 1 Science Centre Entry 2 Counts 	= In:0, Out:0
09:32:44  Initial Camera Level 1 Science Centre Entry 1 Counts 	= In:0, Out:1
09:32:48  Level 1 Science Centre Entry 2: Date last reset in registry is not today (reset required): 13/10/11
09:32:48  Attempting to reset counts for IrisysIP Camera Level 1 Science Centre Entry 2
09:32:48  Level 1 Science Centre Entry 1: Date last reset in registry is not today (reset required): 13/10/11
09:32:48  Attempting to reset counts for IrisysIP Camera Level 1 Science Centre Entry 1
09:33:44  Level 1 Science Centre Entry 2: InCountCorrection set in registry to: 0
09:33:44  Level 1 Science Centre Entry 2: OutCountCorrection set in registry to: 0
09:33:45  Level 1 Science Centre Entry 2: has reset camera
09:33:45  Camera: Level 1 Science Centre Entry 2 - Counts are now valid.
09:33:46  Level 1 Science Centre Entry 1: InCountCorrection set in registry to: 0
09:33:46  Level 1 Science Centre Entry 1: OutCountCorrection set in registry to: 0
09:33:47  Initial Camera Level 1 Science Centre Lift Counts 	= In:0, Out:0
09:33:47  Level 1 Science Centre Entry 1: has reset camera
09:33:47  Initial Camera Level 2 Lift Counts 	= In:0, Out:0
09:33:47  Camera: Level 1 Science Centre Entry 1 - Counts are now valid.
09:33:47  Initial Camera Level 2 Main Entry Counts 	= In:0, Out:0
09:33:51  Level 1 Science Centre Lift: Date last reset in registry is not today (reset required): 13/10/11
09:33:51  Level 2 Lift: Date last reset in registry is not today (reset required): 13/10/11
09:33:51  Level 2 Main Entry: Date last reset in registry is not today (reset required): 13/10/11
09:33:51  Attempting to reset counts for IrisysIP Camera Level 1 Science Centre Lift
09:33:51  Attempting to reset counts for IrisysIP Camera Level 2 Lift
09:33:51  Attempting to reset counts for IrisysIP Camera Level 2 Main Entry
09:33:56  Level 1 Science Centre Lift: InCountCorrection set in registry to: 0
09:33:56  Level 1 Science Centre Lift: OutCountCorrection set in registry to: 0
09:33:57  Level 1 Science Centre Lift: has reset camera
09:33:57  Camera: Level 1 Science Centre Lift - Counts are now valid.
09:34:04  Level 2 Lift: InCountCorrection set in registry to: 0
09:34:04  Level 2 Lift: OutCountCorrection set in registry to: 0
09:34:05  Level 2 Lift: has reset camera
09:34:05  Camera: Level 2 Lift - Counts are now valid.
09:34:08  Level 2 Main Entry: InCountCorrection set in registry to: 0
09:34:08  Level 2 Main Entry: OutCountCorrection set in registry to: 0
09:34:09  Level 2 Main Entry: has reset camera
09:34:09  Camera: Level 2 Main Entry - Counts are now valid.
09:34:46  Camera: Level 1 Science Centre Entry 2          	0	0
09:34:46  Level 1 Science Centre Entry 2 IrisysIP camera has reset
09:34:48  Camera: Level 1 Science Centre Entry 1          	0	0
09:34:48  Level 1 Science Centre Entry 1 IrisysIP camera has reset
09:34:58  Camera: Level 1 Science Centre Lift             	0	0
09:34:58  Level 1 Science Centre Lift IrisysIP camera has reset
09:35:06  Camera: Level 2 Lift                            	0	0
09:35:06  Level 2 Lift IrisysIP camera has reset
09:35:10  Camera: Level 2 Main Entry                      	0	0
09:35:10  Level 2 Main Entry IrisysIP camera has reset
09:35:47  Camera: Level 1 Science Centre Entry 2          	3	0
09:35:48  Zone: Zone1                    	3	0	3
09:36:48  Camera: Level 1 Science Centre Entry 2          	6	9
09:36:53  Zone: Zone1                    	6	9	-3
09:38:09  Camera: Level 2 Lift                            	1	1
09:38:21  Zone: Zone1                    	7	10	-3
09:40:16  Camera: Level 2 Main Entry                      	2	0
09:40:25  Zone: Zone1                    	9	10	-1
09:41:17  Camera: Level 2 Main Entry                      	3	2
09:41:17  Zone: Zone1                    	10	12	-2
09:42:18  Camera: Level 2 Main Entry                      	4	4
09:42:27  Zone: Zone1                    	11	14	-3
09:45:10  Service running OK
10:00:10  Logging to daily summary: "10:00 11 14 -2 0 0 0"
10:00:10  Service running OK
10:15:10  Service running OK
10:30:10  Logging to daily summary: "10:30 0 0 -3 0 0 0"
10:30:10  Service running OK
10:45:10  Service running OK
10:57:15  Camera: Level 1 Science Centre Entry 1          	0	1
10:57:26  Zone: Zone1                    	11	15	-4
10:59:15  Camera: Level 1 Science Centre Entry 2          	10	11
10:59:17  Camera: Level 1 Science Centre Entry 1          	0	2
10:59:30  Zone: Zone1                    	15	18	-3
11:00:05  Logging to daily summary: "11:00 4 4 -3 0 0 0"
11:00:05  Service running OK
11:00:17  Camera: Level 1 Science Centre Entry 2          	11	11
11:00:18  Camera: Level 1 Science Centre Entry 1          	1	3
11:00:20  Zone: Zone1                    	17	19	-2
11:01:18  Camera: Level 1 Science Centre Entry 2          	11	14
11:01:19  Camera: Level 1 Science Centre Entry 1          	2	3
11:01:28  Zone: Zone1                    	18	22	-4
11:02:19  Camera: Level 1 Science Centre Entry 2          	16	17
11:02:19  Zone: Zone1                    	23	25	-2
11:03:20  Camera: Level 1 Science Centre Entry 2          	18	18
11:03:28  Zone: Zone1                    	25	26	-1
11:04:21  Camera: Level 1 Science Centre Entry 2          	19	19
11:04:21  Zone: Zone1                    	26	27	-1
11:04:23  Camera: Level 1 Science Centre Entry 1          	2	5
11:04:37  Zone: Zone1                    	26	29	-3
11:05:22  Camera: Level 1 Science Centre Entry 2          	20	19
11:05:24  Camera: Level 1 Science Centre Entry 1          	3	6
11:05:33  Zone: Zone1                    	28	30	-2
11:06:23  Camera: Level 1 Science Centre Entry 2          	20	21
11:06:23  Zone: Zone1                    	28	32	-4
11:15:06  Service running OK
11:30:06  Logging to daily summary: "11:30 13 14 -3 0 0 0"
11:30:06  Service running OK
11:45:06  Service running OK
12:00:06  Logging to daily summary: "12:00 0 0 -4 0 0 0"
12:00:06  Service running OK
12:15:06  Service running OK
12:30:06  Logging to daily summary: "12:30 0 0 -4 0 0 0"
12:30:06  Service running OK
12:45:06  Service running OK
13:00:06  Logging to daily summary: "13:00 0 0 -4 0 0 0"
13:00:06  Service running OK
13:15:08  Service running OK
13:30:08  Logging to daily summary: "13:30 0 0 -4 0 0 0"
13:30:08  Service running OK
13:45:08  Service running OK
14:00:08  Logging to daily summary: "14:00 0 0 -4 0 0 0"
14:00:08  Service running OK
14:15:08  Service running OK
14:30:08  Logging to daily summary: "14:30 0 0 -4 0 0 0"
14:30:08  Service running OK
14:45:08  Service running OK
15:00:08  Logging to daily summary: "15:00 0 0 -4 0 0 0"
15:00:08  Service running OK
15:15:08  Service running OK
15:30:08  Logging to daily summary: "15:30 0 0 -4 0 0 0"
15:30:08  Service running OK
15:45:08  Service running OK
16:00:08  Logging to daily summary: "16:00 0 0 -4 0 0 0"
16:00:08  Service running OK
16:15:08  Service running OK
16:30:08  Logging to daily summary: "16:30 0 0 -4 0 0 0"
16:30:08  Service running OK
16:31:07  Camera: Level 1 Science Centre Entry 2          	29	27
16:31:17  Zone: Zone1                    	37	38	-1
16:43:44  Camera: Level 2 Main Entry                      	8	5
16:43:51  Zone: Zone1                    	41	39	2
16:44:45  Camera: Level 2 Main Entry                      	8	7
16:44:45  Zone: Zone1                    	41	41	0
16:45:04  Service running OK
17:00:04  Logging to daily summary: "17:00 13 9 0 0 0 0"
17:00:04  Service running OK
17:15:04  Service running OK
17:30:04  Logging to daily summary: "17:30 0 0 0 0 0 0"
17:30:04  Service running OK
17:45:04  Service running OK
18:00:04  Logging to daily summary: "18:00 0 0 0 0 0 0"
18:00:04  Service running OK
18:15:09  Service running OK
18:30:09  Logging to daily summary: "18:30 0 0 0 0 0 0"
18:30:09  Service running OK
18:45:09  Service running OK
19:00:09  Logging to daily summary: "19:00 0 0 0 0 0 0"
19:00:09  Service running OK
19:15:09  Service running OK
19:30:09  Logging to daily summary: "19:30 0 0 0 0 0 0"
19:30:09  Service running OK
19:45:09  Service running OK
20:00:09  Logging to daily summary: "20:00 0 0 0 0 0 0"
20:00:09  Service running OK
20:15:09  Service running OK
20:30:09  Logging to daily summary: "20:30 0 0 0 0 0 0"
20:30:09  Service running OK
20:45:09  Service running OK
21:00:09  Logging to daily summary: "21:00 0 0 0 0 0 0"
21:00:09  Service running OK
21:15:11  Service running OK
21:30:11  Logging to daily summary: "21:30 0 0 0 0 0 0"
21:30:11  Service running OK
21:45:11  Service running OK
22:00:11  Logging to daily summary: "22:00 0 0 0 0 0 0"
22:00:11  Service running OK
22:00:44  Stop time reached.
22:00:44  Camera 'Level 1 Science Centre Entry 1' - final counts 3 6
22:00:44  Camera 'Level 1 Science Centre Entry 2' - final counts 29 27
22:00:44  Camera 'Level 1 Science Centre Lift' - final counts 0 0
22:00:44  Camera 'Level 2 Main Entry' - final counts 8 7
22:00:44  Camera 'Level 2 Lift' - final counts 1 1
22:00:44  Camera 'Shop A' - final counts 0 0
22:00:44  Camera 'Shop B' - final counts 0 0
22:00:44  Camera 'Shop Whale Mall' - final counts 0 0
22:00:44  Camera 'Level 2 Cafe' - final counts 0 0
22:00:44  Zone: Zone1                    	41	41	0
22:00:44  Zone: Zone2                    	0	0	0
22:00:44  Level 1 Science Centre Entry 1: IrisysIP counts reset requested.
22:00:44  Level 1 Science Centre Entry 2: IrisysIP counts reset requested.
22:00:44  Level 1 Science Centre Lift: IrisysIP counts reset requested.
22:00:44  Level 2 Main Entry: IrisysIP counts reset requested.
22:00:44  Level 2 Lift: IrisysIP counts reset requested.
22:00:44  Shop A: IrisysIP counts reset requested.
22:00:44  Shop B: IrisysIP counts reset requested.
22:00:44  Shop Whale Mall: IrisysIP counts reset requested.
22:00:44  Level 2 Cafe: IrisysIP counts reset requested.
22:00:44  Displaying shutdown on 0 display(s)
22:00:44  End the manager threads.
22:00:44  Close all CAN threads.
22:00:44  All CAN threads, now flagged to be closed.
22:00:44  Close all IrisysIP threads.
22:01:04  Attempting to reset counts for IrisysIP Camera Level 1 Science Centre Entry 2
22:01:06  Attempting to reset counts for IrisysIP Camera Level 1 Science Centre Entry 1
22:01:31  Error! Level 1 Science Centre Entry 1: The IrisysIP thread needs to be terminated but has not reset.
22:01:31  Level 1 Science Centre Entry 1: The Irisys IP thread has been flagged to end.
22:01:56  Level 1 Science Centre Entry 2: InCountCorrection set in registry to: 0
22:01:56  Level 1 Science Centre Entry 2: OutCountCorrection set in registry to: 0
22:01:57  Level 1 Science Centre Entry 2: has reset camera
22:01:57  Level 1 Science Centre Entry 1: Main Data Collection loop has finished (g_bStopFlag=0, m_bEndThread=1).
22:01:57  Level 1 Science Centre Entry 1: The Irisys IP thread has ended.
22:01:57  Level 1 Science Centre Entry 2: The Irisys IP thread has been flagged to end.
22:02:05  Attempting to reset counts for IrisysIP Camera Level 1 Science Centre Lift
22:02:05  Attempting to reset counts for IrisysIP Camera Level 2 Lift
22:02:05  Attempting to reset counts for IrisysIP Camera Level 2 Main Entry
22:02:11  Level 1 Science Centre Lift: InCountCorrection set in registry to: 0
22:02:11  Level 1 Science Centre Lift: OutCountCorrection set in registry to: 0
22:02:12  Level 1 Science Centre Lift: has reset camera
22:02:16  Level 2 Lift: InCountCorrection set in registry to: 0
22:02:16  Level 2 Lift: OutCountCorrection set in registry to: 0
22:02:17  Level 2 Lift: has reset camera
22:02:20  Level 2 Main Entry: InCountCorrection set in registry to: 0
22:02:20  Level 2 Main Entry: OutCountCorrection set in registry to: 0
22:02:21  Level 2 Main Entry: has reset camera
22:02:56  Level 1 Science Centre Entry 2: Main Data Collection loop has finished (g_bStopFlag=0, m_bEndThread=1).
22:02:56  Level 1 Science Centre Entry 2: The Irisys IP thread has ended.
22:02:56  Level 1 Science Centre Lift: The Irisys IP thread has been flagged to end.
22:03:11  Level 1 Science Centre Lift: Main Data Collection loop has finished (g_bStopFlag=0, m_bEndThread=1).
22:03:11  Level 1 Science Centre Lift: The Irisys IP thread has ended.
22:03:11  Level 2 Main Entry: The Irisys IP thread has been flagged to end.
22:03:18  Camera: Level 2 Lift                            	0	0
22:03:18  Level 2 Lift IrisysIP camera has reset
22:03:20  Level 2 Main Entry: Main Data Collection loop has finished (g_bStopFlag=0, m_bEndThread=1).
22:03:20  Level 2 Main Entry: The Irisys IP thread has ended.
22:03:20  Level 2 Lift: The Irisys IP thread has been flagged to end.
22:03:20  Level 2 Lift: Main Data Collection loop has finished (g_bStopFlag=0, m_bEndThread=1).
22:03:20  Level 2 Lift: The Irisys IP thread has ended.
22:03:20  Shop A: The Irisys IP thread has been flagged to end.
22:04:14  Shop A: Main Data Collection loop has finished (g_bStopFlag=0, m_bEndThread=1).
22:04:14  Shop A: The Irisys IP thread has ended.
22:04:14  Shop B: The Irisys IP thread has been flagged to end.
22:04:14  Shop B: Main Data Collection loop has finished (g_bStopFlag=0, m_bEndThread=1).
22:04:14  Shop B: The Irisys IP thread has ended.
22:04:14  Shop Whale Mall: The Irisys IP thread has been flagged to end.
22:04:14  Shop Whale Mall: Main Data Collection loop has finished (g_bStopFlag=0, m_bEndThread=1).
22:04:14  Shop Whale Mall: The Irisys IP thread has ended.
22:04:14  Level 2 Cafe: The Irisys IP thread has been flagged to end.
22:04:14  Level 2 Cafe: Main Data Collection loop has finished (g_bStopFlag=0, m_bEndThread=1).
22:04:14  Level 2 Cafe: The Irisys IP thread has ended.
22:04:14  All IrisysIP threads, now flagged to be closed.
22:04:14  Close all iCount threads.
22:04:14  All iCount threads, now flagged to be closed.
22:04:14  Close all eDAM threads.
22:04:14  All eDAM threads, now flagged to be closed.
22:04:14  Camera 'Level 1 Science Centre Entry 1' - maximum flow 2 at 11:01:13
22:04:14  Camera 'Level 1 Science Centre Entry 2' - maximum flow 15 at 16:32:12
22:04:14  Camera 'Level 1 Science Centre Lift' - maximum flow 0 at 09:30:00
22:04:14  Camera 'Level 2 Main Entry' - maximum flow 5 at 16:44:10
22:04:14  Camera 'Level 2 Lift' - maximum flow 2 at 09:39:16
22:04:14  Camera 'Shop A' - maximum flow 0 at 09:30:00
22:04:14  Camera 'Shop B' - maximum flow 0 at 09:30:00
22:04:14  Camera 'Shop Whale Mall' - maximum flow 0 at 09:30:00
22:04:14  Camera 'Level 2 Cafe' - maximum flow 0 at 09:30:00
22:04:14  Camera 'Level 1 Science Centre Entry 1' refreshing registry counts
22:04:14  Camera 'Level 1 Science Centre Entry 2' refreshing registry counts
22:04:14  Camera 'Level 1 Science Centre Lift' refreshing registry counts
22:04:14  Camera 'Level 2 Main Entry' refreshing registry counts
22:04:14  Camera 'Level 2 Lift' refreshing registry counts
22:04:14  Camera 'Shop A' refreshing registry counts
22:04:14  Camera 'Shop B' refreshing registry counts
22:04:14  Camera 'Shop Whale Mall' refreshing registry counts
22:04:14  Camera 'Level 2 Cafe' refreshing registry counts
22:04:14  Zone 'Zone1' refreshing file counts
22:04:14  Zone 'Zone2' refreshing file counts
22:04:14  Processing application not specified
22:04:14  Logging Counting Stopped

