
07:28:02  RECAP $Revision: 3.13.2.13 $ ($State: Exp $) built 09:15:45, Aug  3 2010
07:28:02  Logging Counting Started
07:28:02  Start time: 09:00 (540 minutes past midnight)
07:28:02  Stop time: 22:00 (1320 minutes past midnight)
07:28:02  Log period: 30 minutes
07:28:02  Initialising 0 display(s)
07:28:02  Initialising 9 camera(s)
07:28:02  IrisysIP counter(s) in use, Starting BlackFin API
07:28:02  If RECAP crashes, check .NET framework and VCRedist are installed.
07:28:02  BlackFin API Started.
07:28:02  BlackFin API Started up OK. Version: 1.10.0.5
07:28:02  Initialising 2 zone(s)
07:28:02  Outputting 'Zone1' zone data to 'Zones\Zone1.txt'
07:28:02  Outputting 'Zone2' zone data to 'Zones\Zone2.txt'
07:28:02  Displaying shutdown on 0 display(s)
07:28:02  Waiting till start time
09:00:00  Start time reached
09:00:00  Adding Level 1 Entry 1 thread to Watchdog
09:00:00  Level 1 Entry 1: InCountCorrection set in registry to: 0
09:00:00  Level 1 Entry 1: OutCountCorrection set in registry to: 0
09:00:00  Adding Level 1 Entry 2 thread to Watchdog
09:00:00  Level 1 Entry 2: InCountCorrection set in registry to: 0
09:00:00  Level 1 Entry 2: OutCountCorrection set in registry to: 0
09:00:00  Adding Level 1 Lift thread to Watchdog
09:00:00  Level 1 Lift: InCountCorrection set in registry to: 0
09:00:00  Level 1 Lift: OutCountCorrection set in registry to: 0
09:00:00  Adding Level 2 Main Entry thread to Watchdog
09:00:00  Level 2 Main Entry: InCountCorrection set in registry to: 0
09:00:00  Level 2 Main Entry: OutCountCorrection set in registry to: 0
09:00:00  Adding Level 2 Lift thread to Watchdog
09:00:00  Level 2 Lift: InCountCorrection set in registry to: 0
09:00:00  Level 2 Lift: OutCountCorrection set in registry to: 0
09:00:00  Adding Shop A thread to Watchdog
09:00:00  Shop A: InCountCorrection set in registry to: 0
09:00:00  Shop A: OutCountCorrection set in registry to: 0
09:00:00  Adding Level 0 Entry thread to Watchdog
09:00:00  Level 0 Entry: InCountCorrection set in registry to: 0
09:00:00  Level 0 Entry: OutCountCorrection set in registry to: 0
09:00:00  Adding Science Centre Entry thread to Watchdog
09:00:00  Science Centre Entry: InCountCorrection set in registry to: 0
09:00:00  Science Centre Entry: OutCountCorrection set in registry to: 0
09:00:00  Adding Cafe Entry thread to Watchdog
09:00:00  Cafe Entry: InCountCorrection set in registry to: 0
09:00:00  Cafe Entry: OutCountCorrection set in registry to: 0
09:00:01  New day, Reset counts and busiest times in registry
09:00:01  Camera Level 1 Entry 1 Counts 	= In:0, Out:0
09:00:01  Camera Level 1 Entry 2 Counts 	= In:0, Out:0
09:00:01  Camera Level 1 Lift Counts 	= In:0, Out:0
09:00:01  Camera Level 2 Main Entry Counts 	= In:0, Out:0
09:00:01  Camera Level 2 Lift Counts 	= In:0, Out:0
09:00:01  Camera Shop A Counts 	= In:0, Out:0
09:00:01  Camera Level 0 Entry Counts 	= In:0, Out:0
09:00:01  Camera Science Centre Entry Counts 	= In:0, Out:0
09:00:01  Camera Cafe Entry Counts 	= In:0, Out:0
09:00:02  Starting main data collection loop.
09:00:05  Zone: Zone1                    	0	0	0
09:00:05  Zone: Zone2                    	0	0	0
09:00:05  Logging to daily summary: "09:00 0 0 0 0 0 0"
09:00:05  Service running OK
09:00:15  Science Centre Entry: Connect Success (9) (serial num:2158593773)
09:00:16  Science Centre Entry: MAC:00-21-AC-00-30-1F IP Firmware:4.0.2.30311 Monitor Firmware:42.4.0.404
09:00:28  Shop A: Connect Success (6) (serial num:2158593779)
09:00:29  Shop A: MAC:00-21-AC-00-30-21 IP Firmware:4.0.2.30311 Monitor Firmware:42.4.0.404
09:00:30  Level 2 Lift: Connect Success (5) (serial num:2158593872)
09:00:31  Level 2 Lift: MAC:00-21-AC-00-2F-8C IP Firmware:4.0.2.30311 Monitor Firmware:42.4.0.404
09:00:32  Level 0 Entry: Connect Success (7) (serial num:2158593790)
09:00:33  Level 0 Entry: MAC:00-21-AC-00-30-38 IP Firmware:4.0.2.30311 Monitor Firmware:42.4.0.404
09:00:34  Cafe Entry: Connect Success (9) (serial num:2158593785)
09:00:35  Level 1 Lift: Connect Success (3) (serial num:2158593853)
09:00:35  Cafe Entry: MAC:00-21-AC-00-30-14 IP Firmware:4.0.2.30311 Monitor Firmware:42.4.0.404
09:00:36  Level 1 Lift: MAC:00-21-AC-00-30-1A IP Firmware:4.0.2.30311 Monitor Firmware:42.4.0.404
09:00:36  Level 2 Main Entry: Connect Success (4) (serial num:2158593780)
09:00:37  Level 2 Main Entry: MAC:00-21-AC-00-30-D9 IP Firmware:4.0.2.30311 Monitor Firmware:42.4.0.404
09:00:38  Level 1 Lift: Status msgs: 0,0
09:00:38  Level 1 Lift: Current DeviceID: DefaultID
09:00:45  Level 1 Entry 2: Connect Success (2) (serial num:2158593777)
09:00:46  Level 1 Entry 2: MAC:00-21-AC-00-30-3B IP Firmware:4.0.2.30311 Monitor Firmware:42.4.0.404
09:00:59  Shop A: Status msgs: 0,0
09:00:59  Shop A: Current DeviceID: DefaultID
09:01:01  Science Centre Entry: Status msgs: 0,0
09:01:01  Science Centre Entry: Current DeviceID: DefaultID
09:01:13  Level 2 Lift: Status msgs: 0,0
09:01:14  Level 2 Lift: Current DeviceID: DefaultID
09:01:18  Cafe Entry: Status msgs: 0,0
09:01:19  Cafe Entry: Current DeviceID: DefaultID
09:01:20  Level 0 Entry: Status msgs: 0,0
09:01:20  Level 0 Entry: Current DeviceID: DefaultID
09:01:21  Level 2 Main Entry: Status msgs: 0,0
09:01:21  Level 2 Main Entry: Current DeviceID: DefaultID
09:01:39  Level 1 Entry 2: Status msgs: 0,0
09:01:39  Level 1 Entry 2: Current DeviceID: DefaultID
09:02:42  Initial Camera Level 1 Lift Counts 	= In:0, Out:0
09:02:46  Level 1 Lift: Date last reset in registry is not today (reset required): 28/03/13
09:02:46  Attempting to reset counts for IrisysIP Camera Level 1 Lift
09:03:41  Level 1 Lift: InCountCorrection set in registry to: 0
09:03:41  Level 1 Lift: OutCountCorrection set in registry to: 0
09:03:42  Initial Camera Shop A Counts 	= In:0, Out:0
09:03:42  Level 1 Lift: has reset camera
09:03:42  Initial Camera Science Centre Entry Counts 	= In:0, Out:0
09:03:42  Camera: Level 1 Lift - Counts are now valid.
09:03:42  Initial Camera Level 2 Lift Counts 	= In:0, Out:0
09:03:42  Initial Camera Cafe Entry Counts 	= In:0, Out:0
09:03:42  Initial Camera Level 0 Entry Counts 	= In:0, Out:0
09:03:42  Initial Camera Level 2 Main Entry Counts 	= In:0, Out:0
09:03:45  Initial Camera Level 1 Entry 2 Counts 	= In:0, Out:0
09:03:46  Shop A: Date last reset in registry is not today (reset required): 28/03/13
09:03:46  Science Centre Entry: Date last reset in registry is not today (reset required): 28/03/13
09:03:46  Level 2 Lift: Date last reset in registry is not today (reset required): 28/03/13
09:03:46  Cafe Entry: Date last reset in registry is not today (reset required): 28/03/13
09:03:46  Level 0 Entry: Date last reset in registry is not today (reset required): 28/03/13
09:03:46  Level 2 Main Entry: Date last reset in registry is not today (reset required): 28/03/13
09:03:46  Attempting to reset counts for IrisysIP Camera Shop A
09:03:46  Attempting to reset counts for IrisysIP Camera Science Centre Entry
09:03:46  Attempting to reset counts for IrisysIP Camera Level 2 Lift
09:03:46  Attempting to reset counts for IrisysIP Camera Cafe Entry
09:03:46  Attempting to reset counts for IrisysIP Camera Level 0 Entry
09:03:46  Attempting to reset counts for IrisysIP Camera Level 2 Main Entry
09:03:49  Level 1 Entry 2: Date last reset in registry is not today (reset required): 28/03/13
09:03:49  Attempting to reset counts for IrisysIP Camera Level 1 Entry 2
09:04:02  Shop A: InCountCorrection set in registry to: 0
09:04:02  Shop A: OutCountCorrection set in registry to: 0
09:04:03  Shop A: has reset camera
09:04:03  Camera: Shop A - Counts are now valid.
09:04:04  Science Centre Entry: InCountCorrection set in registry to: 0
09:04:04  Science Centre Entry: OutCountCorrection set in registry to: 0
09:04:05  Science Centre Entry: has reset camera
09:04:05  Camera: Science Centre Entry - Counts are now valid.
09:04:17  Level 2 Lift: InCountCorrection set in registry to: 0
09:04:17  Level 2 Lift: OutCountCorrection set in registry to: 0
09:04:18  Level 2 Lift: has reset camera
09:04:18  Camera: Level 2 Lift - Counts are now valid.
09:04:22  Cafe Entry: InCountCorrection set in registry to: 0
09:04:22  Cafe Entry: OutCountCorrection set in registry to: 0
09:04:23  Cafe Entry: has reset camera
09:04:23  Camera: Cafe Entry - Counts are now valid.
09:04:24  Level 0 Entry: InCountCorrection set in registry to: 0
09:04:24  Level 0 Entry: OutCountCorrection set in registry to: 0
09:04:25  Level 0 Entry: has reset camera
09:04:25  Camera: Level 0 Entry - Counts are now valid.
09:04:25  Level 2 Main Entry: InCountCorrection set in registry to: 0
09:04:25  Level 2 Main Entry: OutCountCorrection set in registry to: 0
09:04:26  Level 2 Main Entry: has reset camera
09:04:26  Camera: Level 2 Main Entry - Counts are now valid.
09:04:44  Level 1 Entry 2: InCountCorrection set in registry to: 0
09:04:44  Level 1 Entry 2: OutCountCorrection set in registry to: 0
09:04:45  Level 1 Entry 2: has reset camera
09:04:45  Camera: Level 1 Lift                            	0	0
09:04:45  Camera: Level 1 Entry 2 - Counts are now valid.
09:04:45  Level 1 Lift IrisysIP camera has reset
09:04:45  Zone: Zone2 - Counts are now valid.
09:05:04  Camera: Shop A                                  	0	0
09:05:04  Shop A IrisysIP camera has reset
09:05:06  Camera: Science Centre Entry                    	0	0
09:05:06  Science Centre Entry IrisysIP camera has reset
09:05:19  Camera: Level 2 Lift                            	0	0
09:05:19  Level 2 Lift IrisysIP camera has reset
09:05:24  Camera: Cafe Entry                              	0	0
09:05:24  Cafe Entry IrisysIP camera has reset
09:05:26  Camera: Level 0 Entry                           	0	0
09:05:26  Level 0 Entry IrisysIP camera has reset
09:05:28  Camera: Level 2 Main Entry                      	0	0
09:05:28  Level 2 Main Entry IrisysIP camera has reset
09:05:46  Camera: Level 1 Entry 2                         	0	0
09:05:46  Level 1 Entry 2 IrisysIP camera has reset
09:15:16  Service running OK
09:30:16  Logging to daily summary: "09:30 0 0 0 0 0 0"
09:30:16  Service running OK
09:45:16  Service running OK
10:00:16  Logging to daily summary: "10:00 0 0 0 0 0 0"
10:00:16  Service running OK
10:15:16  Service running OK
10:30:16  Logging to daily summary: "10:30 0 0 0 0 0 0"
10:30:16  Service running OK
10:45:16  Service running OK
11:00:16  Logging to daily summary: "11:00 0 0 0 0 0 0"
11:00:16  Service running OK
11:15:16  Service running OK
11:30:16  Logging to daily summary: "11:30 0 0 0 0 0 0"
11:30:16  Service running OK
11:45:16  Service running OK
12:00:16  Logging to daily summary: "12:00 0 0 0 0 0 0"
12:00:16  Service running OK
12:15:16  Service running OK
12:30:16  Logging to daily summary: "12:30 0 0 0 0 0 0"
12:30:16  Service running OK
12:45:00  Service running OK
13:00:00  Logging to daily summary: "13:00 0 0 0 0 0 0"
13:00:00  Service running OK
13:15:00  Service running OK
13:30:00  Logging to daily summary: "13:30 0 0 0 0 0 0"
13:30:00  Service running OK
13:45:07  Service running OK
14:00:07  Logging to daily summary: "14:00 0 0 0 0 0 0"
14:00:07  Service running OK
14:15:07  Service running OK
14:30:07  Logging to daily summary: "14:30 0 0 0 0 0 0"
14:30:07  Service running OK
14:45:07  Service running OK
15:00:07  Logging to daily summary: "15:00 0 0 0 0 0 0"
15:00:07  Service running OK
15:15:07  Service running OK
15:30:07  Logging to daily summary: "15:30 0 0 0 0 0 0"
15:30:07  Service running OK
15:45:08  Service running OK
16:00:08  Logging to daily summary: "16:00 0 0 0 0 0 0"
16:00:08  Service running OK
16:15:08  Service running OK
16:30:08  Logging to daily summary: "16:30 0 0 0 0 0 0"
16:30:08  Service running OK
16:45:08  Service running OK
17:00:08  Logging to daily summary: "17:00 0 0 0 0 0 0"
17:00:08  Service running OK
17:15:08  Service running OK
17:30:08  Logging to daily summary: "17:30 0 0 0 0 0 0"
17:30:08  Service running OK
17:45:09  Service running OK
18:00:09  Logging to daily summary: "18:00 0 0 0 0 0 0"
18:00:09  Service running OK
18:15:09  Service running OK
18:30:09  Logging to daily summary: "18:30 0 0 0 0 0 0"
18:30:09  Service running OK
18:45:09  Service running OK
19:00:09  Logging to daily summary: "19:00 0 0 0 0 0 0"
19:00:09  Service running OK
19:15:09  Service running OK
19:30:09  Logging to daily summary: "19:30 0 0 0 0 0 0"
19:30:09  Service running OK
19:45:09  Service running OK
20:00:09  Logging to daily summary: "20:00 0 0 0 0 0 0"
20:00:09  Service running OK
20:15:09  Service running OK
20:30:09  Logging to daily summary: "20:30 0 0 0 0 0 0"
20:30:09  Service running OK
20:45:10  Service running OK
21:00:10  Logging to daily summary: "21:00 0 0 0 0 0 0"
21:00:10  Service running OK
21:15:03  Service running OK
21:30:03  Logging to daily summary: "21:30 0 0 0 0 0 0"
21:30:03  Service running OK
21:45:03  Service running OK
22:00:03  Logging to daily summary: "22:00 0 0 0 0 0 0"
22:00:03  Service running OK
22:00:36  Stop time reached.
22:00:36  Camera 'Level 1 Entry 1' - final counts 0 0
22:00:36  Camera 'Level 1 Entry 2' - final counts 0 0
22:00:36  Camera 'Level 1 Lift' - final counts 0 0
22:00:36  Camera 'Level 2 Main Entry' - final counts 0 0
22:00:36  Camera 'Level 2 Lift' - final counts 0 0
22:00:36  Camera 'Shop A' - final counts 0 0
22:00:36  Camera 'Level 0 Entry' - final counts 0 0
22:00:36  Camera 'Science Centre Entry' - final counts 0 0
22:00:36  Camera 'Cafe Entry' - final counts 0 0
22:00:36  Zone: Zone1                    	0	0	0
22:00:36  Zone: Zone2                    	0	0	0
22:00:36  Level 1 Entry 1: IrisysIP counts reset requested.
22:00:36  Level 1 Entry 2: IrisysIP counts reset requested.
22:00:36  Level 1 Lift: IrisysIP counts reset requested.
22:00:36  Level 2 Main Entry: IrisysIP counts reset requested.
22:00:36  Level 2 Lift: IrisysIP counts reset requested.
22:00:36  Shop A: IrisysIP counts reset requested.
22:00:36  Level 0 Entry: IrisysIP counts reset requested.
22:00:36  Science Centre Entry: IrisysIP counts reset requested.
22:00:36  Cafe Entry: IrisysIP counts reset requested.
22:00:36  Displaying shutdown on 0 display(s)
22:00:36  End the manager threads.
22:00:36  Close all CAN threads.
22:00:36  All CAN threads, now flagged to be closed.
22:00:36  Close all IrisysIP threads.
22:00:36  Level 1 Entry 1: The Irisys IP thread has been flagged to end.
22:00:36  Level 1 Entry 1: Main Data Collection loop has finished (g_bStopFlag=0, m_bEndThread=1).
22:00:36  Level 1 Entry 1: The Irisys IP thread has ended.
22:00:55  Attempting to reset counts for IrisysIP Camera Shop A
22:00:56  Attempting to reset counts for IrisysIP Camera Science Centre Entry
22:01:23  Error! Level 1 Entry 2: The IrisysIP thread needs to be terminated but has not reset.
22:01:23  Level 1 Entry 2: The Irisys IP thread has been flagged to end.
22:01:27  Level 1 Entry 2: Main Data Collection loop has finished (g_bStopFlag=0, m_bEndThread=1).
22:01:27  Level 1 Entry 2: The Irisys IP thread has ended.
22:01:46  Shop A: InCountCorrection set in registry to: 0
22:01:46  Shop A: OutCountCorrection set in registry to: 0
22:01:47  Shop A: has reset camera
22:01:48  Science Centre Entry: InCountCorrection set in registry to: 0
22:01:48  Science Centre Entry: OutCountCorrection set in registry to: 0
22:01:49  Science Centre Entry: has reset camera
22:01:57  Attempting to reset counts for IrisysIP Camera Level 2 Lift
22:01:57  Attempting to reset counts for IrisysIP Camera Cafe Entry
22:01:57  Attempting to reset counts for IrisysIP Camera Level 0 Entry
22:01:57  Attempting to reset counts for IrisysIP Camera Level 1 Lift
22:01:57  Attempting to reset counts for IrisysIP Camera Level 2 Main Entry
22:02:01  Level 2 Lift: InCountCorrection set in registry to: 0
22:02:01  Level 2 Lift: OutCountCorrection set in registry to: 0
22:02:02  Level 2 Lift: has reset camera
22:02:07  Cafe Entry: InCountCorrection set in registry to: 0
22:02:07  Cafe Entry: OutCountCorrection set in registry to: 0
22:02:08  Cafe Entry: has reset camera
22:02:09  Level 0 Entry: InCountCorrection set in registry to: 0
22:02:09  Level 0 Entry: OutCountCorrection set in registry to: 0
22:02:10  Level 0 Entry: has reset camera
22:02:14  Error! Level 1 Lift: The IrisysIP thread needs to be terminated but has not reset.
22:02:14  Level 1 Lift: The Irisys IP thread has been flagged to end.
22:02:26  Level 1 Lift: Main Data Collection loop has finished (g_bStopFlag=0, m_bEndThread=1).
22:02:26  Level 1 Lift: The Irisys IP thread has ended.
22:02:27  Level 2 Main Entry: InCountCorrection set in registry to: 0
22:02:27  Level 2 Main Entry: OutCountCorrection set in registry to: 0
22:02:28  Level 2 Main Entry: has reset camera
22:02:28  Level 2 Main Entry: The Irisys IP thread has been flagged to end.
22:02:49  Camera: Shop A                                  	0	0
22:02:50  Camera: Science Centre Entry                    	0	0
22:03:03  Camera: Level 2 Lift                            	0	0
22:03:09  Camera: Cafe Entry                              	0	0
22:03:11  Camera: Level 0 Entry                           	0	0
22:03:27  Level 2 Main Entry: Main Data Collection loop has finished (g_bStopFlag=0, m_bEndThread=1).
22:03:27  Level 2 Main Entry: The Irisys IP thread has ended.
22:03:27  Level 2 Lift: The Irisys IP thread has been flagged to end.
22:04:02  Level 2 Lift: Main Data Collection loop has finished (g_bStopFlag=0, m_bEndThread=1).
22:04:02  Level 2 Lift: The Irisys IP thread has ended.
22:04:02  Shop A: The Irisys IP thread has been flagged to end.
22:04:49  Shop A: Main Data Collection loop has finished (g_bStopFlag=0, m_bEndThread=1).
22:04:49  Shop A: The Irisys IP thread has ended.
22:04:49  Level 0 Entry: The Irisys IP thread has been flagged to end.
22:05:11  Level 0 Entry: Main Data Collection loop has finished (g_bStopFlag=0, m_bEndThread=1).
22:05:11  Level 0 Entry: The Irisys IP thread has ended.
22:05:11  Science Centre Entry: The Irisys IP thread has been flagged to end.
22:05:52  Science Centre Entry: Main Data Collection loop has finished (g_bStopFlag=0, m_bEndThread=1).
22:05:52  Science Centre Entry: The Irisys IP thread has ended.
22:05:52  Cafe Entry: The Irisys IP thread has been flagged to end.
22:06:10  Cafe Entry: Main Data Collection loop has finished (g_bStopFlag=0, m_bEndThread=1).
22:06:10  Cafe Entry: The Irisys IP thread has ended.
22:06:10  All IrisysIP threads, now flagged to be closed.
22:06:10  Close all iCount threads.
22:06:10  All iCount threads, now flagged to be closed.
22:06:10  Close all eDAM threads.
22:06:10  All eDAM threads, now flagged to be closed.
22:06:10  Camera 'Level 1 Entry 1' - maximum flow 0 at 09:00:00
22:06:10  Camera 'Level 1 Entry 2' - maximum flow 0 at 09:00:00
22:06:10  Camera 'Level 1 Lift' - maximum flow 0 at 09:00:00
22:06:10  Camera 'Level 2 Main Entry' - maximum flow 0 at 09:00:00
22:06:10  Camera 'Level 2 Lift' - maximum flow 0 at 09:00:00
22:06:10  Camera 'Shop A' - maximum flow 0 at 09:00:00
22:06:10  Camera 'Level 0 Entry' - maximum flow 0 at 09:00:00
22:06:10  Camera 'Science Centre Entry' - maximum flow 0 at 09:00:00
22:06:10  Camera 'Cafe Entry' - maximum flow 0 at 09:00:00
22:06:10  Camera 'Level 1 Entry 1' refreshing registry counts
22:06:10  Camera 'Level 1 Entry 2' refreshing registry counts
22:06:10  Camera 'Level 1 Lift' refreshing registry counts
22:06:10  Camera 'Level 2 Main Entry' refreshing registry counts
22:06:10  Camera 'Level 2 Lift' refreshing registry counts
22:06:10  Camera 'Shop A' refreshing registry counts
22:06:10  Camera 'Level 0 Entry' refreshing registry counts
22:06:10  Camera 'Science Centre Entry' refreshing registry counts
22:06:10  Camera 'Cafe Entry' refreshing registry counts
22:06:10  Zone 'Zone1' refreshing file counts
22:06:10  Zone 'Zone2' refreshing file counts
22:06:10  Processing application not specified
22:06:10  Logging Counting Stopped

