
07:28:01  RECAP $Revision: 3.13.2.13 $ ($State: Exp $) built 09:15:45, Aug  3 2010
07:28:01  Logging Counting Started
07:28:01  Start time: 09:30 (570 minutes past midnight)
07:28:01  Stop time: 22:00 (1320 minutes past midnight)
07:28:01  Log period: 30 minutes
07:28:01  Initialising 0 display(s)
07:28:01  Initialising 9 camera(s)
07:28:01  IrisysIP counter(s) in use, Starting BlackFin API
07:28:01  If RECAP crashes, check .NET framework and VCRedist are installed.
07:28:01  BlackFin API Started.
07:28:01  BlackFin API Started up OK. Version: 1.10.0.5
07:28:01  Initialising 2 zone(s)
07:28:01  Outputting 'Zone1' zone data to 'Zones\Zone1.txt'
07:28:01  Outputting 'Zone2' zone data to 'Zones\Zone2.txt'
07:28:01  Displaying shutdown on 0 display(s)
07:28:01  Waiting till start time
09:30:00  Start time reached
09:30:00  Adding Level 1 Science Centre Entry 1 thread to Watchdog
09:30:00  Level 1 Science Centre Entry 1: InCountCorrection set in registry to: 0
09:30:00  Level 1 Science Centre Entry 1: OutCountCorrection set in registry to: 0
09:30:00  Adding Level 1 Science Centre Entry 2 thread to Watchdog
09:30:00  Level 1 Science Centre Entry 2: InCountCorrection set in registry to: 0
09:30:00  Level 1 Science Centre Entry 2: OutCountCorrection set in registry to: 0
09:30:00  Adding Level 1 Science Centre Lift thread to Watchdog
09:30:00  Level 1 Science Centre Lift: InCountCorrection set in registry to: 0
09:30:00  Level 1 Science Centre Lift: OutCountCorrection set in registry to: 0
09:30:00  Adding Level 2 Main Entry thread to Watchdog
09:30:00  Level 2 Main Entry: InCountCorrection set in registry to: 0
09:30:00  Level 2 Main Entry: OutCountCorrection set in registry to: 0
09:30:00  Adding Level 2 Lift thread to Watchdog
09:30:00  Level 2 Lift: InCountCorrection set in registry to: 0
09:30:00  Level 2 Lift: OutCountCorrection set in registry to: 0
09:30:00  Adding Shop A thread to Watchdog
09:30:00  Shop A: InCountCorrection set in registry to: 0
09:30:00  Shop A: OutCountCorrection set in registry to: 0
09:30:00  Adding Shop B thread to Watchdog
09:30:00  Shop B: InCountCorrection set in registry to: 0
09:30:00  Shop B: OutCountCorrection set in registry to: 0
09:30:00  Adding Shop Whale Mall thread to Watchdog
09:30:00  Shop Whale Mall: InCountCorrection set in registry to: 0
09:30:00  Shop Whale Mall: OutCountCorrection set in registry to: 0
09:30:00  Adding Level 2 Cafe thread to Watchdog
09:30:00  Level 2 Cafe: InCountCorrection set in registry to: 0
09:30:00  Level 2 Cafe: OutCountCorrection set in registry to: 0
09:30:01  New day, Reset counts and busiest times in registry
09:30:01  Camera Level 1 Science Centre Entry 1 Counts 	= In:0, Out:0
09:30:01  Camera Level 1 Science Centre Entry 2 Counts 	= In:0, Out:0
09:30:01  Camera Level 1 Science Centre Lift Counts 	= In:0, Out:0
09:30:01  Camera Level 2 Main Entry Counts 	= In:0, Out:0
09:30:01  Camera Level 2 Lift Counts 	= In:0, Out:0
09:30:01  Camera Shop A Counts 	= In:0, Out:0
09:30:01  Camera Shop B Counts 	= In:0, Out:0
09:30:01  Camera Shop Whale Mall Counts 	= In:0, Out:0
09:30:01  Camera Level 2 Cafe Counts 	= In:0, Out:0
09:30:02  Starting main data collection loop.
09:30:05  Zone: Zone1                    	0	0	0
09:30:05  Zone: Zone2                    	0	0	0
09:30:05  Logging to daily summary: "09:30 0 0 0 0 0 0"
09:30:05  Service running OK
09:30:11  Level 1 Science Centre Entry 1: Connect Success (1) (serial num:2158593798)
09:30:12  Level 1 Science Centre Lift: Connect Success (3) (serial num:2158593853)
09:30:12  Level 1 Science Centre Entry 1: MAC:00-21-AC-00-30-39 IP Firmware:4.0.2.30311 Monitor Firmware:42.4.0.404
09:30:12  Level 1 Science Centre Lift: MAC:00-21-AC-00-30-1A IP Firmware:4.0.2.30311 Monitor Firmware:42.4.0.404
09:30:16  Level 2 Lift: Connect Success (5) (serial num:2158593872)
09:30:17  Level 2 Lift: MAC:00-21-AC-00-2F-8C IP Firmware:4.0.2.30311 Monitor Firmware:42.4.0.404
09:30:21  Level 1 Science Centre Entry 2: Connect Success (2) (serial num:2158593777)
09:30:22  Level 1 Science Centre Entry 2: MAC:00-21-AC-00-30-3B IP Firmware:4.0.2.30311 Monitor Firmware:42.4.0.404
09:30:24  Level 1 Science Centre Entry 1: Status msgs: 0,0
09:30:24  Level 1 Science Centre Lift: Status msgs: 0,0
09:30:24  Level 1 Science Centre Entry 1: Current DeviceID: DefaultID
09:30:25  Level 1 Science Centre Lift: Current DeviceID: DefaultID
09:30:29  Level 2 Lift: Status msgs: 0,0
09:30:29  Level 2 Lift: Current DeviceID: DefaultID
09:30:34  Level 1 Science Centre Entry 2: Status msgs: 0,0
09:30:34  Level 1 Science Centre Entry 2: Current DeviceID: DefaultID
09:30:39  Level 2 Main Entry: Connect Success (4) (serial num:2158593780)
09:30:40  Level 2 Main Entry: MAC:00-21-AC-00-30-D9 IP Firmware:4.0.2.30311 Monitor Firmware:42.4.0.404
09:30:52  Level 2 Main Entry: Status msgs: 0,0
09:30:52  Level 2 Main Entry: Current DeviceID: DefaultID
09:32:28  Initial Camera Level 1 Science Centre Entry 1 Counts 	= In:0, Out:0
09:32:28  Initial Camera Level 1 Science Centre Lift Counts 	= In:0, Out:0
09:32:32  Level 1 Science Centre Entry 1: Date last reset in registry is not today (reset required): 28/10/11
09:32:32  Attempting to reset counts for IrisysIP Camera Level 1 Science Centre Entry 1
09:32:32  Level 1 Science Centre Lift: Date last reset in registry is not today (reset required): 28/10/11
09:32:32  Attempting to reset counts for IrisysIP Camera Level 1 Science Centre Lift
09:33:28  Level 1 Science Centre Entry 1: InCountCorrection set in registry to: 0
09:33:28  Level 1 Science Centre Entry 1: OutCountCorrection set in registry to: 0
09:33:29  Level 1 Science Centre Entry 1: has reset camera
09:33:29  Initial Camera Level 2 Lift Counts 	= In:0, Out:0
09:33:29  Camera: Level 1 Science Centre Entry 1 - Counts are now valid.
09:33:30  Level 1 Science Centre Lift: InCountCorrection set in registry to: 0
09:33:30  Level 1 Science Centre Lift: OutCountCorrection set in registry to: 0
09:33:31  Initial Camera Level 1 Science Centre Entry 2 Counts 	= In:0, Out:0
09:33:31  Level 1 Science Centre Lift: has reset camera
09:33:31  Initial Camera Level 2 Main Entry Counts 	= In:1, Out:0
09:33:31  Camera: Level 1 Science Centre Lift - Counts are now valid.
09:33:33  Level 2 Lift: Date last reset in registry is not today (reset required): 28/10/11
09:33:33  Attempting to reset counts for IrisysIP Camera Level 2 Lift
09:33:34  Level 2 Lift: InCountCorrection set in registry to: 0
09:33:34  Level 2 Lift: OutCountCorrection set in registry to: 0
09:33:35  Level 2 Lift: has reset camera
09:33:35  Camera: Level 2 Lift - Counts are now valid.
09:33:35  Level 2 Main Entry: Date last reset in registry is not today (reset required): 28/10/11
09:33:35  Level 1 Science Centre Entry 2: Date last reset in registry is not today (reset required): 28/10/11
09:33:35  Attempting to reset counts for IrisysIP Camera Level 2 Main Entry
09:33:35  Attempting to reset counts for IrisysIP Camera Level 1 Science Centre Entry 2
09:33:55  Level 2 Main Entry: InCountCorrection set in registry to: 0
09:33:55  Level 2 Main Entry: OutCountCorrection set in registry to: 0
09:33:56  Level 2 Main Entry: has reset camera
09:33:56  Camera: Level 2 Main Entry - Counts are now valid.
09:33:57  Level 1 Science Centre Entry 2: InCountCorrection set in registry to: 0
09:33:57  Level 1 Science Centre Entry 2: OutCountCorrection set in registry to: 0
09:33:58  Level 1 Science Centre Entry 2: has reset camera
09:33:58  Camera: Level 1 Science Centre Entry 2 - Counts are now valid.
09:34:30  Camera: Level 1 Science Centre Entry 1          	0	0
09:34:30  Level 1 Science Centre Entry 1 IrisysIP camera has reset
09:34:32  Camera: Level 1 Science Centre Lift             	0	0
09:34:32  Level 1 Science Centre Lift IrisysIP camera has reset
09:34:36  Camera: Level 2 Lift                            	0	0
09:34:36  Level 2 Lift IrisysIP camera has reset
09:34:57  Camera: Level 2 Main Entry                      	0	0
09:34:57  Level 2 Main Entry IrisysIP camera has reset
09:34:59  Camera: Level 1 Science Centre Entry 2          	0	0
09:34:59  Level 1 Science Centre Entry 2 IrisysIP camera has reset
09:45:12  Service running OK
10:00:12  Logging to daily summary: "10:00 0 0 0 0 0 0"
10:00:12  Service running OK
10:15:12  Service running OK
10:23:51  Camera: Level 1 Science Centre Entry 2          	0	2
10:23:51  Zone: Zone1                    	0	2	-2
10:30:10  Logging to daily summary: "10:30 0 2 0 0 0 0"
10:30:10  Service running OK
10:45:14  Service running OK
11:00:14  Logging to daily summary: "11:00 0 0 -2 0 0 0"
11:00:14  Service running OK
11:15:16  Service running OK
11:30:16  Logging to daily summary: "11:30 0 0 -2 0 0 0"
11:30:16  Service running OK
11:45:16  Service running OK
12:00:16  Logging to daily summary: "12:00 0 0 -2 0 0 0"
12:00:16  Service running OK
12:15:16  Service running OK
12:30:16  Logging to daily summary: "12:30 0 0 -2 0 0 0"
12:30:16  Service running OK
12:45:16  Service running OK
13:00:16  Logging to daily summary: "13:00 0 0 -2 0 0 0"
13:00:16  Service running OK
13:15:16  Service running OK
13:30:16  Logging to daily summary: "13:30 0 0 -2 0 0 0"
13:30:16  Service running OK
13:45:16  Service running OK
14:00:16  Logging to daily summary: "14:00 0 0 -2 0 0 0"
14:00:16  Service running OK
14:15:16  Service running OK
14:15:57  Camera: Level 1 Science Centre Entry 2          	0	6
14:16:07  Zone: Zone1                    	0	6	-6
14:30:14  Logging to daily summary: "14:30 0 4 -4 0 0 0"
14:30:14  Service running OK
14:45:14  Service running OK
15:00:14  Logging to daily summary: "15:00 0 0 -6 0 0 0"
15:00:14  Service running OK
15:15:14  Service running OK
15:30:14  Logging to daily summary: "15:30 0 0 -6 0 0 0"
15:30:14  Service running OK
15:45:14  Service running OK
16:00:14  Logging to daily summary: "16:00 0 0 -6 0 0 0"
16:00:14  Service running OK
16:15:14  Service running OK
16:30:14  Logging to daily summary: "16:30 0 0 -6 0 0 0"
16:30:14  Service running OK
16:42:30  Camera: Level 2 Main Entry                      	3	0
16:42:30  Zone: Zone1                    	3	6	-3
16:43:31  Camera: Level 2 Main Entry                      	6	3
16:43:40  Zone: Zone1                    	6	9	-3
16:45:11  Service running OK
17:00:12  Logging to daily summary: "17:00 6 3 -4 0 0 0"
17:00:12  Service running OK
17:15:14  Service running OK
17:30:14  Logging to daily summary: "17:30 0 0 -3 0 0 0"
17:30:14  Service running OK
17:45:14  Service running OK
18:00:15  Logging to daily summary: "18:00 0 0 -3 0 0 0"
18:00:15  Service running OK
18:15:15  Service running OK
18:30:15  Logging to daily summary: "18:30 0 0 -3 0 0 0"
18:30:15  Service running OK
18:45:02  Service running OK
19:00:02  Logging to daily summary: "19:00 0 0 -3 0 0 0"
19:00:02  Service running OK
19:15:02  Service running OK
19:30:02  Logging to daily summary: "19:30 0 0 -3 0 0 0"
19:30:02  Service running OK
19:45:02  Service running OK
20:00:02  Logging to daily summary: "20:00 0 0 -3 0 0 0"
20:00:02  Service running OK
20:15:02  Service running OK
20:30:02  Logging to daily summary: "20:30 0 0 -3 0 0 0"
20:30:02  Service running OK
20:45:02  Service running OK
21:00:02  Logging to daily summary: "21:00 0 0 -3 0 0 0"
21:00:02  Service running OK
21:15:04  Service running OK
21:30:04  Logging to daily summary: "21:30 0 0 -3 0 0 0"
21:30:04  Service running OK
21:45:04  Service running OK
22:00:04  Logging to daily summary: "22:00 0 0 -3 0 0 0"
22:00:04  Service running OK
22:00:37  Stop time reached.
22:00:37  Camera 'Level 1 Science Centre Entry 1' - final counts 0 0
22:00:37  Camera 'Level 1 Science Centre Entry 2' - final counts 0 6
22:00:37  Camera 'Level 1 Science Centre Lift' - final counts 0 0
22:00:37  Camera 'Level 2 Main Entry' - final counts 6 3
22:00:37  Camera 'Level 2 Lift' - final counts 0 0
22:00:37  Camera 'Shop A' - final counts 0 0
22:00:37  Camera 'Shop B' - final counts 0 0
22:00:37  Camera 'Shop Whale Mall' - final counts 0 0
22:00:37  Camera 'Level 2 Cafe' - final counts 0 0
22:00:37  Zone: Zone1                    	6	9	-3
22:00:37  Zone: Zone2                    	0	0	0
22:00:37  Level 1 Science Centre Entry 1: IrisysIP counts reset requested.
22:00:37  Level 1 Science Centre Entry 2: IrisysIP counts reset requested.
22:00:37  Level 1 Science Centre Lift: IrisysIP counts reset requested.
22:00:37  Level 2 Main Entry: IrisysIP counts reset requested.
22:00:37  Level 2 Lift: IrisysIP counts reset requested.
22:00:37  Shop A: IrisysIP counts reset requested.
22:00:37  Shop B: IrisysIP counts reset requested.
22:00:37  Shop Whale Mall: IrisysIP counts reset requested.
22:00:37  Level 2 Cafe: IrisysIP counts reset requested.
22:00:46  Email sent successfully.
22:00:46  Displaying shutdown on 0 display(s)
22:00:46  End the manager threads.
22:00:46  Close all CAN threads.
22:00:46  All CAN threads, now flagged to be closed.
22:00:46  Close all IrisysIP threads.
22:00:48  Attempting to reset counts for IrisysIP Camera Level 1 Science Centre Entry 1
22:00:50  Attempting to reset counts for IrisysIP Camera Level 1 Science Centre Lift
22:00:54  Attempting to reset counts for IrisysIP Camera Level 2 Lift
22:01:33  Error! Level 1 Science Centre Entry 1: The IrisysIP thread needs to be terminated but has not reset.
22:01:33  Level 1 Science Centre Entry 1: The Irisys IP thread has been flagged to end.
22:01:40  Level 1 Science Centre Entry 1: Main Data Collection loop has finished (g_bStopFlag=0, m_bEndThread=1).
22:01:40  Level 1 Science Centre Entry 1: The Irisys IP thread has ended.
22:01:42  Level 1 Science Centre Lift: InCountCorrection set in registry to: 0
22:01:42  Level 1 Science Centre Lift: OutCountCorrection set in registry to: 0
22:01:43  Level 1 Science Centre Lift: has reset camera
22:01:46  Level 2 Lift: InCountCorrection set in registry to: 0
22:01:46  Level 2 Lift: OutCountCorrection set in registry to: 0
22:01:47  Level 2 Lift: has reset camera
22:01:55  Attempting to reset counts for IrisysIP Camera Level 1 Science Centre Entry 2
22:01:55  Attempting to reset counts for IrisysIP Camera Level 2 Main Entry
22:02:10  Level 1 Science Centre Entry 2: InCountCorrection set in registry to: 0
22:02:10  Level 1 Science Centre Entry 2: OutCountCorrection set in registry to: 0
22:02:11  Level 1 Science Centre Entry 2: has reset camera
22:02:11  Level 1 Science Centre Entry 2: The Irisys IP thread has been flagged to end.
22:02:12  Level 2 Main Entry: InCountCorrection set in registry to: 0
22:02:12  Level 2 Main Entry: OutCountCorrection set in registry to: 0
22:02:13  Level 2 Main Entry: has reset camera
22:02:44  Camera: Level 1 Science Centre Lift             	0	0
22:02:48  Camera: Level 2 Lift                            	0	0
22:03:10  Level 1 Science Centre Entry 2: Main Data Collection loop has finished (g_bStopFlag=0, m_bEndThread=1).
22:03:10  Level 1 Science Centre Entry 2: The Irisys IP thread has ended.
22:03:10  Level 1 Science Centre Lift: The Irisys IP thread has been flagged to end.
22:03:14  Camera: Level 2 Main Entry                      	0	0
22:03:14  Level 2 Main Entry IrisysIP camera has reset
22:03:43  Level 1 Science Centre Lift: Main Data Collection loop has finished (g_bStopFlag=0, m_bEndThread=1).
22:03:43  Level 1 Science Centre Lift: The Irisys IP thread has ended.
22:03:43  Level 2 Main Entry: The Irisys IP thread has been flagged to end.
22:04:13  Level 2 Main Entry: Main Data Collection loop has finished (g_bStopFlag=0, m_bEndThread=1).
22:04:13  Level 2 Main Entry: The Irisys IP thread has ended.
22:04:13  Level 2 Lift: The Irisys IP thread has been flagged to end.
22:04:48  Level 2 Lift: Main Data Collection loop has finished (g_bStopFlag=0, m_bEndThread=1).
22:04:48  Level 2 Lift: The Irisys IP thread has ended.
22:04:48  Shop A: The Irisys IP thread has been flagged to end.
22:05:23  Shop A: Main Data Collection loop has finished (g_bStopFlag=0, m_bEndThread=1).
22:05:23  Shop A: The Irisys IP thread has ended.
22:05:23  Shop B: The Irisys IP thread has been flagged to end.
22:05:47  Shop B: Main Data Collection loop has finished (g_bStopFlag=0, m_bEndThread=1).
22:05:47  Shop B: The Irisys IP thread has ended.
22:05:47  Shop Whale Mall: The Irisys IP thread has been flagged to end.
22:05:47  Shop Whale Mall: Main Data Collection loop has finished (g_bStopFlag=0, m_bEndThread=1).
22:05:47  Shop Whale Mall: The Irisys IP thread has ended.
22:05:47  Level 2 Cafe: The Irisys IP thread has been flagged to end.
22:05:47  Level 2 Cafe: Main Data Collection loop has finished (g_bStopFlag=0, m_bEndThread=1).
22:05:47  Level 2 Cafe: The Irisys IP thread has ended.
22:05:47  All IrisysIP threads, now flagged to be closed.
22:05:47  Close all iCount threads.
22:05:47  All iCount threads, now flagged to be closed.
22:05:47  Close all eDAM threads.
22:05:47  All eDAM threads, now flagged to be closed.
22:05:47  Camera 'Level 1 Science Centre Entry 1' - maximum flow 0 at 09:30:00
22:05:47  Camera 'Level 1 Science Centre Entry 2' - maximum flow 4 at 14:16:07
22:05:47  Camera 'Level 1 Science Centre Lift' - maximum flow 0 at 09:30:00
22:05:47  Camera 'Level 2 Main Entry' - maximum flow 6 at 16:44:17
22:05:47  Camera 'Level 2 Lift' - maximum flow 0 at 09:30:00
22:05:47  Camera 'Shop A' - maximum flow 0 at 09:30:00
22:05:47  Camera 'Shop B' - maximum flow 0 at 09:30:00
22:05:47  Camera 'Shop Whale Mall' - maximum flow 0 at 09:30:00
22:05:47  Camera 'Level 2 Cafe' - maximum flow 0 at 09:30:00
22:05:47  Camera 'Level 1 Science Centre Entry 1' refreshing registry counts
22:05:47  Camera 'Level 1 Science Centre Entry 2' refreshing registry counts
22:05:47  Camera 'Level 1 Science Centre Lift' refreshing registry counts
22:05:47  Camera 'Level 2 Main Entry' refreshing registry counts
22:05:47  Camera 'Level 2 Lift' refreshing registry counts
22:05:47  Camera 'Shop A' refreshing registry counts
22:05:47  Camera 'Shop B' refreshing registry counts
22:05:47  Camera 'Shop Whale Mall' refreshing registry counts
22:05:47  Camera 'Level 2 Cafe' refreshing registry counts
22:05:47  Zone 'Zone1' refreshing file counts
22:05:47  Zone 'Zone2' refreshing file counts
22:05:47  Processing application not specified
22:05:47  Logging Counting Stopped

