
05:00:58  RECAP $Revision: 3.13.2.13 $ ($State: Exp $) built 09:15:45, Aug  3 2010
05:00:58  Logging Counting Started
05:00:58  Start time: 09:30 (570 minutes past midnight)
05:00:58  Stop time: 22:00 (1320 minutes past midnight)
05:00:58  Log period: 30 minutes
05:00:58  Initialising 0 display(s)
05:00:58  Initialising 9 camera(s)
05:00:58  IrisysIP counter(s) in use, Starting BlackFin API
05:00:58  If RECAP crashes, check .NET framework and VCRedist are installed.
05:00:58  BlackFin API Started.
05:00:58  BlackFin API Started up OK. Version: 1.10.0.5
05:00:58  Initialising 2 zone(s)
05:00:58  Outputting 'Zone1' zone data to 'Zones\Zone1.txt'
05:00:58  Outputting 'Zone2' zone data to 'Zones\Zone2.txt'
05:00:58  Displaying shutdown on 0 display(s)
05:00:58  Waiting till start time
09:30:00  Start time reached
09:30:00  Adding Level 1 Science Centre Entry 1 thread to Watchdog
09:30:00  Level 1 Science Centre Entry 1: InCountCorrection set in registry to: 0
09:30:00  Level 1 Science Centre Entry 1: OutCountCorrection set in registry to: 0
09:30:00  Adding Level 1 Science Centre Entry 2 thread to Watchdog
09:30:00  Level 1 Science Centre Entry 2: InCountCorrection set in registry to: 0
09:30:00  Level 1 Science Centre Entry 2: OutCountCorrection set in registry to: 0
09:30:00  Adding Level 1 Science Centre Lift thread to Watchdog
09:30:00  Level 1 Science Centre Lift: InCountCorrection set in registry to: 0
09:30:00  Level 1 Science Centre Lift: OutCountCorrection set in registry to: 0
09:30:00  Adding Level 2 Main Entry thread to Watchdog
09:30:00  Level 2 Main Entry: InCountCorrection set in registry to: 0
09:30:00  Level 2 Main Entry: OutCountCorrection set in registry to: 0
09:30:00  Adding Level 2 Lift thread to Watchdog
09:30:00  Level 2 Lift: InCountCorrection set in registry to: 0
09:30:00  Level 2 Lift: OutCountCorrection set in registry to: 0
09:30:00  Adding Shop A thread to Watchdog
09:30:00  Shop A: InCountCorrection set in registry to: 0
09:30:00  Shop A: OutCountCorrection set in registry to: 0
09:30:00  Adding Shop B thread to Watchdog
09:30:00  Shop B: InCountCorrection set in registry to: 0
09:30:00  Shop B: OutCountCorrection set in registry to: 0
09:30:00  Adding Shop Whale Mall thread to Watchdog
09:30:00  Shop Whale Mall: InCountCorrection set in registry to: 0
09:30:00  Shop Whale Mall: OutCountCorrection set in registry to: 0
09:30:00  Adding Level 2 Cafe thread to Watchdog
09:30:00  Level 2 Cafe: InCountCorrection set in registry to: 0
09:30:00  Level 2 Cafe: OutCountCorrection set in registry to: 0
09:30:02  New day, Reset counts and busiest times in registry
09:30:02  Camera Level 1 Science Centre Entry 1 Counts 	= In:0, Out:0
09:30:02  Camera Level 1 Science Centre Entry 2 Counts 	= In:0, Out:0
09:30:02  Camera Level 1 Science Centre Lift Counts 	= In:0, Out:0
09:30:02  Camera Level 2 Main Entry Counts 	= In:0, Out:0
09:30:02  Camera Level 2 Lift Counts 	= In:0, Out:0
09:30:02  Camera Shop A Counts 	= In:0, Out:0
09:30:02  Camera Shop B Counts 	= In:0, Out:0
09:30:02  Camera Shop Whale Mall Counts 	= In:0, Out:0
09:30:02  Camera Level 2 Cafe Counts 	= In:0, Out:0
09:30:02  Starting main data collection loop.
09:30:05  Zone: Zone1                    	0	0	0
09:30:05  Zone: Zone2                    	0	0	0
09:30:05  Logging to daily summary: "09:30 0 0 0 0 0 0"
09:30:05  Service running OK
09:30:12  Level 2 Lift: Connect Success (5) (serial num:2158593872)
09:30:14  Level 1 Science Centre Lift: Connect Success (3) (serial num:2158593853)
09:30:14  Level 2 Main Entry: Connect Success (4) (serial num:2158593780)
09:30:14  Level 2 Lift: MAC:00-21-AC-00-2F-8C IP Firmware:4.0.2.30311 Monitor Firmware:42.4.0.404
09:30:14  Level 1 Science Centre Lift: MAC:00-21-AC-00-30-1A IP Firmware:4.0.2.30311 Monitor Firmware:42.4.0.404
09:30:15  Level 2 Main Entry: MAC:00-21-AC-00-30-D9 IP Firmware:4.0.2.30311 Monitor Firmware:42.4.0.404
09:30:16  Level 2 Lift: Status msgs: 0,0
09:30:16  Level 2 Lift: Current DeviceID: DefaultID
09:30:16  Level 2 Main Entry: Status msgs: 0,0
09:30:17  Level 2 Main Entry: Current DeviceID: DefaultID
09:30:18  Level 1 Science Centre Lift: Status msgs: 0,0
09:30:18  Level 1 Science Centre Lift: Current DeviceID: DefaultID
09:30:35  Level 1 Science Centre Entry 2: Connect Success (2) (serial num:2158593777)
09:30:36  Level 1 Science Centre Entry 2: MAC:00-21-AC-00-30-3B IP Firmware:4.0.2.30311 Monitor Firmware:42.4.0.404
09:30:37  Level 1 Science Centre Entry 1: Connect Success (1) (serial num:2158593798)
09:30:38  Level 1 Science Centre Entry 1: MAC:00-21-AC-00-30-39 IP Firmware:4.0.2.30311 Monitor Firmware:42.4.0.404
09:30:40  Level 1 Science Centre Entry 2: Status msgs: 0,0
09:30:40  Level 1 Science Centre Entry 2: Current DeviceID: DefaultID
09:30:42  Level 1 Science Centre Entry 1: Status msgs: 0,0
09:30:42  Level 1 Science Centre Entry 1: Current DeviceID: DefaultID
09:32:20  Initial Camera Level 2 Lift Counts 	= In:0, Out:0
09:32:20  Initial Camera Level 2 Main Entry Counts 	= In:22, Out:17
09:32:21  Initial Camera Level 1 Science Centre Lift Counts 	= In:0, Out:0
09:32:24  Level 2 Lift: Date last reset in registry is not today (reset required): 18/12/11
09:32:24  Attempting to reset counts for IrisysIP Camera Level 2 Lift
09:32:24  Level 2 Main Entry: Date last reset in registry is not today (reset required): 18/12/11
09:32:24  Attempting to reset counts for IrisysIP Camera Level 2 Main Entry
09:32:25  Level 1 Science Centre Lift: Date last reset in registry is not today (reset required): 18/12/11
09:32:25  Attempting to reset counts for IrisysIP Camera Level 1 Science Centre Lift
09:33:19  Level 2 Lift: InCountCorrection set in registry to: 0
09:33:19  Level 2 Lift: OutCountCorrection set in registry to: 0
09:33:20  Level 2 Lift: has reset camera
09:33:20  Camera: Level 2 Lift - Counts are now valid.
09:33:21  Level 2 Main Entry: InCountCorrection set in registry to: 0
09:33:21  Level 2 Main Entry: OutCountCorrection set in registry to: 0
09:33:22  Level 2 Main Entry: has reset camera
09:33:22  Camera: Level 2 Main Entry - Counts are now valid.
09:33:23  Level 1 Science Centre Lift: InCountCorrection set in registry to: 0
09:33:23  Level 1 Science Centre Lift: OutCountCorrection set in registry to: 0
09:33:24  Level 1 Science Centre Lift: has reset camera
09:33:24  Initial Camera Level 1 Science Centre Entry 2 Counts 	= In:0, Out:0
09:33:24  Camera: Level 1 Science Centre Lift - Counts are now valid.
09:33:24  Initial Camera Level 1 Science Centre Entry 1 Counts 	= In:16, Out:25
09:33:28  Level 1 Science Centre Entry 2: Date last reset in registry is not today (reset required): 18/12/11
09:33:28  Level 1 Science Centre Entry 1: Date last reset in registry is not today (reset required): 18/12/11
09:33:28  Attempting to reset counts for IrisysIP Camera Level 1 Science Centre Entry 2
09:33:28  Attempting to reset counts for IrisysIP Camera Level 1 Science Centre Entry 1
09:33:43  Level 1 Science Centre Entry 2: InCountCorrection set in registry to: 0
09:33:43  Level 1 Science Centre Entry 2: OutCountCorrection set in registry to: 0
09:33:44  Level 1 Science Centre Entry 2: has reset camera
09:33:44  Camera: Level 1 Science Centre Entry 2 - Counts are now valid.
09:33:45  Level 1 Science Centre Entry 1: InCountCorrection set in registry to: 0
09:33:45  Level 1 Science Centre Entry 1: OutCountCorrection set in registry to: 0
09:33:46  Level 1 Science Centre Entry 1: has reset camera
09:33:46  Camera: Level 1 Science Centre Entry 1 - Counts are now valid.
09:34:21  Camera: Level 2 Lift                            	0	0
09:34:21  Level 2 Lift IrisysIP camera has reset
09:34:23  Camera: Level 2 Main Entry                      	1	0
09:34:25  Camera: Level 1 Science Centre Lift             	0	0
09:34:25  Level 1 Science Centre Lift IrisysIP camera has reset
09:34:37  Zone: Zone1                    	1	0	1
09:34:45  Camera: Level 1 Science Centre Entry 2          	0	0
09:34:45  Level 1 Science Centre Entry 2 IrisysIP camera has reset
09:34:47  Camera: Level 1 Science Centre Entry 1          	0	0
09:34:47  Level 1 Science Centre Entry 1 IrisysIP camera has reset
09:35:24  Camera: Level 2 Main Entry                      	1	1
09:35:40  Zone: Zone1                    	1	1	0
09:45:17  Service running OK
09:59:52  Camera: Level 1 Science Centre Lift             	0	1
09:59:56  Zone: Zone1                    	1	2	-1
10:00:15  Logging to daily summary: "10:00 1 2 0 0 0 0"
10:00:15  Service running OK
10:00:53  Camera: Level 1 Science Centre Lift             	1	1
10:01:06  Zone: Zone1                    	2	2	0
10:15:04  Service running OK
10:30:05  Logging to daily summary: "10:30 1 0 0 0 0 0"
10:30:05  Service running OK
10:45:05  Service running OK
11:00:05  Logging to daily summary: "11:00 0 0 0 0 0 0"
11:00:05  Service running OK
11:15:05  Service running OK
11:30:05  Logging to daily summary: "11:30 0 0 0 0 0 0"
11:30:05  Service running OK
11:35:32  Camera: Level 2 Main Entry                      	3	3
11:35:44  Zone: Zone1                    	4	4	0
11:45:03  Service running OK
12:00:06  Logging to daily summary: "12:00 2 2 0 0 0 0"
12:00:06  Service running OK
12:15:06  Service running OK
12:26:26  Camera: Level 2 Main Entry                      	4	4
12:26:27  Zone: Zone1                    	5	5	0
12:30:04  Logging to daily summary: "12:30 1 1 0 0 0 0"
12:30:04  Service running OK
12:45:04  Service running OK
12:49:50  Camera: Level 2 Main Entry                      	4	5
12:49:50  Zone: Zone1                    	5	6	-1
12:53:55  Camera: Level 2 Main Entry                      	4	7
12:54:00  Zone: Zone1                    	5	8	-3
12:54:56  Camera: Level 2 Main Entry                      	5	7
12:55:10  Zone: Zone1                    	6	8	-2
12:55:57  Camera: Level 2 Main Entry                      	6	9
12:56:02  Zone: Zone1                    	7	10	-3
12:56:58  Camera: Level 2 Main Entry                      	7	10
12:57:12  Zone: Zone1                    	8	11	-3
13:00:13  Logging to daily summary: "13:00 3 6 0 0 0 0"
13:00:13  Service running OK
13:06:08  Camera: Level 2 Main Entry                      	7	11
13:06:10  Zone: Zone1                    	8	12	-4
13:15:12  Service running OK
13:22:25  Camera: Level 2 Main Entry                      	7	12
13:22:39  Zone: Zone1                    	8	13	-5
13:24:27  Camera: Level 2 Main Entry                      	8	13
13:24:27  Zone: Zone1                    	9	14	-5
13:30:10  Logging to daily summary: "13:30 1 3 -4 0 0 0"
13:30:10  Service running OK
13:45:10  Service running OK
13:51:56  Camera: Level 2 Main Entry                      	8	14
13:52:01  Zone: Zone1                    	9	15	-6
14:00:08  Logging to daily summary: "14:00 0 1 -5 0 0 0"
14:00:08  Service running OK
14:04:33  Camera: Level 1 Science Centre Entry 1          	3	0
14:04:35  Zone: Zone1                    	12	15	-3
14:05:33  Camera: Level 1 Science Centre Entry 2          	1	0
14:05:34  Camera: Level 1 Science Centre Entry 1          	9	3
14:05:45  Zone: Zone1                    	19	18	1
14:06:35  Camera: Level 1 Science Centre Entry 1          	30	5
14:06:35  Zone: Zone1                    	40	20	20
14:07:36  Camera: Level 1 Science Centre Entry 1          	41	11
14:07:45  Zone: Zone1                    	51	26	25
14:08:37  Camera: Level 1 Science Centre Entry 1          	57	14
14:08:38  Zone: Zone1                    	67	29	38
14:09:39  Camera: Level 1 Science Centre Entry 1          	57	16
14:09:47  Zone: Zone1                    	67	31	36
14:15:12  Service running OK
14:30:12  Logging to daily summary: "14:30 58 16 27 0 0 0"
14:30:12  Service running OK
14:45:12  Service running OK
15:00:12  Logging to daily summary: "15:00 0 0 36 0 0 0"
15:00:12  Service running OK
15:15:12  Service running OK
15:30:12  Logging to daily summary: "15:30 0 0 36 0 0 0"
15:30:12  Service running OK
15:45:12  Service running OK
16:00:12  Logging to daily summary: "16:00 0 0 36 0 0 0"
16:00:12  Service running OK
16:15:12  Service running OK
16:30:12  Logging to daily summary: "16:30 0 0 36 0 0 0"
16:30:12  Service running OK
16:45:12  Service running OK
16:52:05  Camera: Level 2 Lift                            	1	1
16:52:05  Zone: Zone1                    	68	32	36
16:53:07  Camera: Level 2 Lift                            	2	1
16:53:08  Camera: Level 2 Main Entry                      	8	16
16:53:15  Zone: Zone1                    	69	34	35
16:54:09  Camera: Level 2 Main Entry                      	12	18
16:54:23  Zone: Zone1                    	73	36	37
16:55:09  Camera: Level 2 Lift                            	3	2
16:55:10  Camera: Level 2 Main Entry                      	14	19
16:55:15  Zone: Zone1                    	76	38	38
17:00:02  Logging to daily summary: "17:00 9 7 36 0 0 0"
17:00:02  Service running OK
17:15:03  Service running OK
17:30:03  Logging to daily summary: "17:30 0 0 38 0 0 0"
17:30:03  Service running OK
17:45:03  Service running OK
18:00:03  Logging to daily summary: "18:00 0 0 38 0 0 0"
18:00:03  Service running OK
18:15:03  Service running OK
18:30:03  Logging to daily summary: "18:30 0 0 38 0 0 0"
18:30:03  Service running OK
18:45:03  Service running OK
18:45:05  Camera: Level 2 Lift                            	3	3
18:45:18  Zone: Zone1                    	76	39	37
19:00:04  Logging to daily summary: "19:00 0 1 37 0 0 0"
19:00:04  Service running OK
19:15:04  Service running OK
19:30:04  Logging to daily summary: "19:30 0 0 37 0 0 0"
19:30:04  Service running OK
19:45:04  Service running OK
20:00:04  Logging to daily summary: "20:00 0 0 37 0 0 0"
20:00:04  Service running OK
20:15:04  Service running OK
20:30:04  Logging to daily summary: "20:30 0 0 37 0 0 0"
20:30:04  Service running OK
20:45:04  Service running OK
21:00:04  Logging to daily summary: "21:00 0 0 37 0 0 0"
21:00:04  Service running OK
21:15:04  Service running OK
21:30:04  Logging to daily summary: "21:30 0 0 37 0 0 0"
21:30:04  Service running OK
21:45:04  Service running OK
22:00:04  Logging to daily summary: "22:00 0 0 37 0 0 0"
22:00:04  Service running OK
22:00:37  Stop time reached.
22:00:37  Camera 'Level 1 Science Centre Entry 1' - final counts 57 16
22:00:37  Camera 'Level 1 Science Centre Entry 2' - final counts 1 0
22:00:37  Camera 'Level 1 Science Centre Lift' - final counts 1 1
22:00:37  Camera 'Level 2 Main Entry' - final counts 14 19
22:00:37  Camera 'Level 2 Lift' - final counts 3 3
22:00:37  Camera 'Shop A' - final counts 0 0
22:00:37  Camera 'Shop B' - final counts 0 0
22:00:37  Camera 'Shop Whale Mall' - final counts 0 0
22:00:37  Camera 'Level 2 Cafe' - final counts 0 0
22:00:37  Zone: Zone1                    	76	39	37
22:00:37  Zone: Zone2                    	0	0	0
22:00:37  Level 1 Science Centre Entry 1: IrisysIP counts reset requested.
22:00:37  Level 1 Science Centre Entry 2: IrisysIP counts reset requested.
22:00:37  Level 1 Science Centre Lift: IrisysIP counts reset requested.
22:00:37  Level 2 Main Entry: IrisysIP counts reset requested.
22:00:37  Level 2 Lift: IrisysIP counts reset requested.
22:00:37  Shop A: IrisysIP counts reset requested.
22:00:37  Shop B: IrisysIP counts reset requested.
22:00:37  Shop Whale Mall: IrisysIP counts reset requested.
22:00:37  Level 2 Cafe: IrisysIP counts reset requested.
22:00:40  Attempting to reset counts for IrisysIP Camera Level 2 Lift
22:00:42  Attempting to reset counts for IrisysIP Camera Level 2 Main Entry
22:00:44  Attempting to reset counts for IrisysIP Camera Level 1 Science Centre Lift
22:00:47  Failed to send email.
22:00:47  Displaying shutdown on 0 display(s)
22:00:47  End the manager threads.
22:00:47  Close all CAN threads.
22:00:47  All CAN threads, now flagged to be closed.
22:00:47  Close all IrisysIP threads.
22:01:32  Level 2 Lift: InCountCorrection set in registry to: 0
22:01:32  Level 2 Lift: OutCountCorrection set in registry to: 0
22:01:33  Level 2 Lift: has reset camera
22:01:34  Level 2 Main Entry: InCountCorrection set in registry to: 0
22:01:34  Level 2 Main Entry: OutCountCorrection set in registry to: 0
22:01:34  Error! Level 1 Science Centre Entry 1: The IrisysIP thread needs to be terminated but has not reset.
22:01:34  Level 1 Science Centre Entry 1: The Irisys IP thread has been flagged to end.
22:01:35  Level 2 Main Entry: has reset camera
22:01:36  Level 1 Science Centre Lift: InCountCorrection set in registry to: 0
22:01:36  Level 1 Science Centre Lift: OutCountCorrection set in registry to: 0
22:01:37  Level 1 Science Centre Lift: has reset camera
22:01:37  Level 1 Science Centre Entry 1: Main Data Collection loop has finished (g_bStopFlag=0, m_bEndThread=1).
22:01:37  Level 1 Science Centre Entry 1: The Irisys IP thread has ended.
22:01:45  Attempting to reset counts for IrisysIP Camera Level 1 Science Centre Entry 2
22:01:56  Level 1 Science Centre Entry 2: InCountCorrection set in registry to: 0
22:01:56  Level 1 Science Centre Entry 2: OutCountCorrection set in registry to: 0
22:01:57  Level 1 Science Centre Entry 2: has reset camera
22:01:57  Level 1 Science Centre Entry 2: The Irisys IP thread has been flagged to end.
22:02:34  Camera: Level 2 Lift                            	0	0
22:02:34  Level 2 Lift IrisysIP camera has reset
22:02:36  Camera: Level 2 Main Entry                      	0	0
22:02:36  Level 2 Main Entry IrisysIP camera has reset
22:02:38  Camera: Level 1 Science Centre Lift             	0	0
22:02:38  Level 1 Science Centre Lift IrisysIP camera has reset
22:02:56  Level 1 Science Centre Entry 2: Main Data Collection loop has finished (g_bStopFlag=0, m_bEndThread=1).
22:02:56  Level 1 Science Centre Entry 2: The Irisys IP thread has ended.
22:02:56  Level 1 Science Centre Lift: The Irisys IP thread has been flagged to end.
22:03:37  Level 1 Science Centre Lift: Main Data Collection loop has finished (g_bStopFlag=0, m_bEndThread=1).
22:03:37  Level 1 Science Centre Lift: The Irisys IP thread has ended.
22:03:37  Level 2 Main Entry: The Irisys IP thread has been flagged to end.
22:03:37  Level 2 Main Entry: Main Data Collection loop has finished (g_bStopFlag=0, m_bEndThread=1).
22:03:37  Level 2 Main Entry: The Irisys IP thread has ended.
22:03:37  Level 2 Lift: The Irisys IP thread has been flagged to end.
22:03:37  Level 2 Lift: Main Data Collection loop has finished (g_bStopFlag=0, m_bEndThread=1).
22:03:37  Level 2 Lift: The Irisys IP thread has ended.
22:03:37  Shop A: The Irisys IP thread has been flagged to end.
22:03:51  Shop A: Main Data Collection loop has finished (g_bStopFlag=0, m_bEndThread=1).
22:03:51  Shop A: The Irisys IP thread has ended.
22:03:51  Shop B: The Irisys IP thread has been flagged to end.
22:03:51  Shop B: Main Data Collection loop has finished (g_bStopFlag=0, m_bEndThread=1).
22:03:51  Shop B: The Irisys IP thread has ended.
22:03:51  Shop Whale Mall: The Irisys IP thread has been flagged to end.
22:03:51  Shop Whale Mall: Main Data Collection loop has finished (g_bStopFlag=0, m_bEndThread=1).
22:03:51  Shop Whale Mall: The Irisys IP thread has ended.
22:03:51  Level 2 Cafe: The Irisys IP thread has been flagged to end.
22:03:51  Level 2 Cafe: Main Data Collection loop has finished (g_bStopFlag=0, m_bEndThread=1).
22:03:51  Level 2 Cafe: The Irisys IP thread has ended.
22:03:51  All IrisysIP threads, now flagged to be closed.
22:03:51  Close all iCount threads.
22:03:51  All iCount threads, now flagged to be closed.
22:03:51  Close all eDAM threads.
22:03:51  All eDAM threads, now flagged to be closed.
22:03:51  Camera 'Level 1 Science Centre Entry 1' - maximum flow 23 at 14:07:12
22:03:51  Camera 'Level 1 Science Centre Entry 2' - maximum flow 1 at 14:06:01
22:03:51  Camera 'Level 1 Science Centre Lift' - maximum flow 1 at 10:00:15
22:03:51  Camera 'Level 2 Main Entry' - maximum flow 6 at 16:55:00
22:03:51  Camera 'Level 2 Lift' - maximum flow 2 at 16:52:06
22:03:51  Camera 'Shop A' - maximum flow 0 at 09:30:00
22:03:51  Camera 'Shop B' - maximum flow 0 at 09:30:00
22:03:51  Camera 'Shop Whale Mall' - maximum flow 0 at 09:30:00
22:03:51  Camera 'Level 2 Cafe' - maximum flow 0 at 09:30:00
22:03:51  Camera 'Level 1 Science Centre Entry 1' refreshing registry counts
22:03:51  Camera 'Level 1 Science Centre Entry 2' refreshing registry counts
22:03:51  Camera 'Level 1 Science Centre Lift' refreshing registry counts
22:03:51  Camera 'Level 2 Main Entry' refreshing registry counts
22:03:51  Camera 'Level 2 Lift' refreshing registry counts
22:03:51  Camera 'Shop A' refreshing registry counts
22:03:51  Camera 'Shop B' refreshing registry counts
22:03:51  Camera 'Shop Whale Mall' refreshing registry counts
22:03:51  Camera 'Level 2 Cafe' refreshing registry counts
22:03:51  Zone 'Zone1' refreshing file counts
22:03:51  Zone 'Zone2' refreshing file counts
22:03:51  Processing application not specified
22:03:51  Logging Counting Stopped

