
07:28:04  RECAP $Revision: 3.13.2.13 $ ($State: Exp $) built 09:15:45, Aug  3 2010
07:28:04  Logging Counting Started
07:28:04  Start time: 09:00 (540 minutes past midnight)
07:28:04  Stop time: 22:00 (1320 minutes past midnight)
07:28:04  Log period: 30 minutes
07:28:04  Initialising 0 display(s)
07:28:04  Initialising 9 camera(s)
07:28:04  IrisysIP counter(s) in use, Starting BlackFin API
07:28:04  If RECAP crashes, check .NET framework and VCRedist are installed.
07:28:04  BlackFin API Started.
07:28:04  BlackFin API Started up OK. Version: 1.10.0.5
07:28:04  Initialising 2 zone(s)
07:28:04  Outputting 'Zone1' zone data to 'Zones\Zone1.txt'
07:28:04  Outputting 'Zone2' zone data to 'Zones\Zone2.txt'
07:28:04  Displaying shutdown on 0 display(s)
07:28:04  Waiting till start time
09:00:00  Start time reached
09:00:00  Adding Level 1 Entry 1 thread to Watchdog
09:00:00  Level 1 Entry 1: InCountCorrection set in registry to: 0
09:00:00  Level 1 Entry 1: OutCountCorrection set in registry to: 0
09:00:00  Adding Level 1 Entry 2 thread to Watchdog
09:00:00  Level 1 Entry 2: InCountCorrection set in registry to: 0
09:00:00  Level 1 Entry 2: OutCountCorrection set in registry to: 0
09:00:00  Adding Level 1 Lift thread to Watchdog
09:00:00  Level 1 Lift: InCountCorrection set in registry to: 0
09:00:00  Level 1 Lift: OutCountCorrection set in registry to: 0
09:00:00  Adding Level 2 Main Entry thread to Watchdog
09:00:00  Level 2 Main Entry: InCountCorrection set in registry to: 0
09:00:00  Level 2 Main Entry: OutCountCorrection set in registry to: 0
09:00:00  Adding Level 2 Lift thread to Watchdog
09:00:00  Level 2 Lift: InCountCorrection set in registry to: 0
09:00:00  Level 2 Lift: OutCountCorrection set in registry to: 0
09:00:00  Adding Shop A thread to Watchdog
09:00:00  Shop A: InCountCorrection set in registry to: 0
09:00:00  Shop A: OutCountCorrection set in registry to: 0
09:00:00  Adding Level 0 Entry thread to Watchdog
09:00:00  Level 0 Entry: InCountCorrection set in registry to: 0
09:00:00  Level 0 Entry: OutCountCorrection set in registry to: 0
09:00:00  Adding Science Centre Entry thread to Watchdog
09:00:00  Science Centre Entry: InCountCorrection set in registry to: 0
09:00:00  Science Centre Entry: OutCountCorrection set in registry to: 0
09:00:00  Adding Cafe Entry thread to Watchdog
09:00:00  Cafe Entry: InCountCorrection set in registry to: 0
09:00:00  Cafe Entry: OutCountCorrection set in registry to: 0
09:00:01  New day, Reset counts and busiest times in registry
09:00:01  Camera Level 1 Entry 1 Counts 	= In:0, Out:0
09:00:01  Camera Level 1 Entry 2 Counts 	= In:0, Out:0
09:00:01  Camera Level 1 Lift Counts 	= In:0, Out:0
09:00:01  Camera Level 2 Main Entry Counts 	= In:0, Out:0
09:00:01  Camera Level 2 Lift Counts 	= In:0, Out:0
09:00:01  Camera Shop A Counts 	= In:0, Out:0
09:00:01  Camera Level 0 Entry Counts 	= In:0, Out:0
09:00:01  Camera Science Centre Entry Counts 	= In:0, Out:0
09:00:01  Camera Cafe Entry Counts 	= In:0, Out:0
09:00:02  Starting main data collection loop.
09:00:05  Zone: Zone1                    	0	0	0
09:00:05  Zone: Zone2                    	0	0	0
09:00:05  Logging to daily summary: "09:00 0 0 0 0 0 0"
09:00:05  Service running OK
09:00:08  Level 1 Entry 2: Connect Success (2) (serial num:2158593777)
09:00:09  Level 1 Entry 2: MAC:00-21-AC-00-30-3B IP Firmware:4.0.2.30311 Monitor Firmware:42.4.0.404
09:00:22  Level 1 Entry 2: Status msgs: 0,0
09:00:22  Level 1 Entry 2: Current DeviceID: DefaultID
09:00:44  Science Centre Entry: Connect Success (9) (serial num:2158593773)
09:00:45  Science Centre Entry: MAC:00-21-AC-00-30-1F IP Firmware:4.0.2.30311 Monitor Firmware:42.4.0.404
09:00:46  Cafe Entry: Connect Success (9) (serial num:2158593785)
09:00:46  Cafe Entry: MAC:00-21-AC-00-30-14 IP Firmware:4.0.2.30311 Monitor Firmware:42.4.0.404
09:00:47  Shop A: Connect Success (6) (serial num:2158593779)
09:00:48  Level 2 Main Entry: Connect Success (4) (serial num:2158593780)
09:00:48  Shop A: MAC:00-21-AC-00-30-21 IP Firmware:4.0.2.30311 Monitor Firmware:42.4.0.404
09:00:49  Level 1 Lift: Connect Success (3) (serial num:2158593853)
09:00:49  Level 2 Main Entry: MAC:00-21-AC-00-30-D9 IP Firmware:4.0.2.30311 Monitor Firmware:42.4.0.404
09:00:50  Level 1 Lift: MAC:00-21-AC-00-30-1A IP Firmware:4.0.2.30311 Monitor Firmware:42.4.0.404
09:00:53  Level 2 Lift: Connect Success (5) (serial num:2158593872)
09:00:54  Level 2 Lift: MAC:00-21-AC-00-2F-8C IP Firmware:4.0.2.30311 Monitor Firmware:42.4.0.404
09:00:56  Level 0 Entry: Connect Success (7) (serial num:2158593790)
09:00:57  Level 0 Entry: MAC:00-21-AC-00-30-38 IP Firmware:4.0.2.30311 Monitor Firmware:42.4.0.404
09:01:03  Level 1 Lift: Status msgs: 0,0
09:01:04  Level 1 Lift: Current DeviceID: DefaultID
09:01:06  Science Centre Entry: Status msgs: 0,0
09:01:06  Science Centre Entry: Current DeviceID: DefaultID
09:01:17  Level 0 Entry: Status msgs: 0,0
09:01:17  Level 0 Entry: Current DeviceID: DefaultID
09:01:24  Cafe Entry: Status msgs: 0,0
09:01:25  Cafe Entry: Current DeviceID: DefaultID
09:01:28  Level 2 Main Entry: Status msgs: 0,0
09:01:28  Level 2 Main Entry: Current DeviceID: DefaultID
09:01:31  Level 2 Lift: Status msgs: 0,0
09:01:31  Level 2 Lift: Current DeviceID: DefaultID
09:01:39  Shop A: Status msgs: 0,0
09:01:40  Shop A: Current DeviceID: DefaultID
09:02:25  Initial Camera Level 1 Entry 2 Counts 	= In:0, Out:0
09:02:29  Level 1 Entry 2: Date last reset in registry is not today (reset required): 25/12/12
09:02:29  Attempting to reset counts for IrisysIP Camera Level 1 Entry 2
09:03:25  Level 1 Entry 2: InCountCorrection set in registry to: 0
09:03:25  Level 1 Entry 2: OutCountCorrection set in registry to: 0
09:03:26  Initial Camera Level 1 Lift Counts 	= In:0, Out:0
09:03:26  Level 1 Entry 2: has reset camera
09:03:26  Initial Camera Science Centre Entry Counts 	= In:0, Out:4
09:03:26  Camera: Level 1 Entry 2 - Counts are now valid.
09:03:26  Initial Camera Level 0 Entry Counts 	= In:0, Out:0
09:03:28  Initial Camera Cafe Entry Counts 	= In:0, Out:0
09:03:30  Level 1 Lift: Date last reset in registry is not today (reset required): 25/12/12
09:03:30  Science Centre Entry: Date last reset in registry is not today (reset required): 25/12/12
09:03:30  Level 0 Entry: Date last reset in registry is not today (reset required): 25/12/12
09:03:30  Attempting to reset counts for IrisysIP Camera Level 1 Lift
09:03:30  Attempting to reset counts for IrisysIP Camera Science Centre Entry
09:03:30  Attempting to reset counts for IrisysIP Camera Level 0 Entry
09:03:32  Cafe Entry: Date last reset in registry is not today (reset required): 25/12/12
09:03:32  Attempting to reset counts for IrisysIP Camera Cafe Entry
09:04:07  Level 1 Lift: InCountCorrection set in registry to: 0
09:04:07  Level 1 Lift: OutCountCorrection set in registry to: 0
09:04:08  Level 1 Lift: has reset camera
09:04:08  Camera: Level 1 Lift - Counts are now valid.
09:04:09  Science Centre Entry: InCountCorrection set in registry to: 0
09:04:09  Science Centre Entry: OutCountCorrection set in registry to: 0
09:04:10  Science Centre Entry: has reset camera
09:04:10  Camera: Science Centre Entry - Counts are now valid.
09:04:20  Level 0 Entry: InCountCorrection set in registry to: 0
09:04:20  Level 0 Entry: OutCountCorrection set in registry to: 0
09:04:21  Level 0 Entry: has reset camera
09:04:21  Camera: Level 0 Entry - Counts are now valid.
09:04:28  Cafe Entry: InCountCorrection set in registry to: 0
09:04:28  Cafe Entry: OutCountCorrection set in registry to: 0
09:04:29  Cafe Entry: has reset camera
09:04:29  Camera: Level 1 Entry 2                         	0	0
09:04:29  Camera: Cafe Entry - Counts are now valid.
09:04:29  Level 1 Entry 2 IrisysIP camera has reset
09:04:29  Zone: Zone2 - Counts are now valid.
09:04:31  Initial Camera Shop A Counts 	= In:0, Out:0
09:04:32  Initial Camera Level 2 Lift Counts 	= In:0, Out:0
09:04:32  Initial Camera Level 2 Main Entry Counts 	= In:0, Out:1
09:04:35  Shop A: Date last reset in registry is not today (reset required): 25/12/12
09:04:35  Attempting to reset counts for IrisysIP Camera Shop A
09:04:36  Level 2 Lift: Date last reset in registry is not today (reset required): 25/12/12
09:04:36  Attempting to reset counts for IrisysIP Camera Level 2 Lift
09:04:36  Level 2 Main Entry: Date last reset in registry is not today (reset required): 25/12/12
09:04:36  Attempting to reset counts for IrisysIP Camera Level 2 Main Entry
09:05:31  Shop A: InCountCorrection set in registry to: 0
09:05:31  Shop A: OutCountCorrection set in registry to: 0
09:05:32  Shop A: has reset camera
09:05:32  Camera: Shop A - Counts are now valid.
09:05:33  Level 2 Lift: InCountCorrection set in registry to: 0
09:05:33  Level 2 Lift: OutCountCorrection set in registry to: 0
09:05:34  Level 2 Lift: has reset camera
09:05:34  Camera: Level 2 Lift - Counts are now valid.
09:05:35  Level 2 Main Entry: InCountCorrection set in registry to: 0
09:05:35  Level 2 Main Entry: OutCountCorrection set in registry to: 0
09:05:36  Camera: Level 1 Lift                            	0	0
09:05:36  Level 2 Main Entry: has reset camera
09:05:36  Level 1 Lift IrisysIP camera has reset
09:05:36  Camera: Level 2 Main Entry - Counts are now valid.
09:05:36  Camera: Science Centre Entry                    	0	0
09:05:36  Science Centre Entry IrisysIP camera has reset
09:05:36  Camera: Level 0 Entry                           	0	0
09:05:36  Level 0 Entry IrisysIP camera has reset
09:05:36  Camera: Cafe Entry                              	0	0
09:05:36  Cafe Entry IrisysIP camera has reset
09:06:33  Camera: Shop A                                  	0	0
09:06:33  Shop A IrisysIP camera has reset
09:06:35  Camera: Level 2 Lift                            	0	0
09:06:35  Level 2 Lift IrisysIP camera has reset
09:06:37  Camera: Level 2 Main Entry                      	0	0
09:06:37  Level 2 Main Entry IrisysIP camera has reset
09:15:15  Service running OK
09:30:15  Logging to daily summary: "09:30 0 0 0 0 0 0"
09:30:15  Service running OK
09:45:15  Service running OK
10:00:15  Logging to daily summary: "10:00 0 0 0 0 0 0"
10:00:15  Service running OK
10:15:00  Service running OK
10:30:00  Logging to daily summary: "10:30 0 0 0 0 0 0"
10:30:00  Service running OK
10:45:00  Service running OK
11:00:00  Logging to daily summary: "11:00 0 0 0 0 0 0"
11:00:00  Service running OK
11:15:00  Service running OK
11:30:01  Logging to daily summary: "11:30 0 0 0 0 0 0"
11:30:01  Service running OK
11:45:01  Service running OK
12:00:01  Logging to daily summary: "12:00 0 0 0 0 0 0"
12:00:01  Service running OK
12:15:01  Service running OK
12:30:01  Logging to daily summary: "12:30 0 0 0 0 0 0"
12:30:01  Service running OK
12:45:01  Service running OK
13:00:01  Logging to daily summary: "13:00 0 0 0 0 0 0"
13:00:01  Service running OK
13:15:01  Service running OK
13:30:01  Logging to daily summary: "13:30 0 0 0 0 0 0"
13:30:01  Service running OK
13:45:01  Service running OK
14:00:01  Logging to daily summary: "14:00 0 0 0 0 0 0"
14:00:01  Service running OK
14:15:01  Service running OK
14:30:01  Logging to daily summary: "14:30 0 0 0 0 0 0"
14:30:01  Service running OK
14:45:01  Service running OK
15:00:01  Logging to daily summary: "15:00 0 0 0 0 0 0"
15:00:01  Service running OK
15:15:01  Service running OK
15:30:01  Logging to daily summary: "15:30 0 0 0 0 0 0"
15:30:01  Service running OK
15:45:01  Service running OK
16:00:01  Logging to daily summary: "16:00 0 0 0 0 0 0"
16:00:01  Service running OK
16:15:01  Service running OK
16:30:01  Logging to daily summary: "16:30 0 0 0 0 0 0"
16:30:01  Service running OK
16:45:01  Service running OK
17:00:01  Logging to daily summary: "17:00 0 0 0 0 0 0"
17:00:01  Service running OK
17:15:01  Service running OK
17:30:01  Logging to daily summary: "17:30 0 0 0 0 0 0"
17:30:01  Service running OK
17:45:01  Service running OK
18:00:04  Logging to daily summary: "18:00 0 0 0 0 0 0"
18:00:04  Service running OK
18:15:04  Service running OK
18:30:05  Logging to daily summary: "18:30 0 0 0 0 0 0"
18:30:05  Service running OK
18:45:05  Service running OK
19:00:05  Logging to daily summary: "19:00 0 0 0 0 0 0"
19:00:05  Service running OK
19:15:05  Service running OK
19:30:05  Logging to daily summary: "19:30 0 0 0 0 0 0"
19:30:05  Service running OK
19:45:05  Service running OK
20:00:05  Logging to daily summary: "20:00 0 0 0 0 0 0"
20:00:05  Service running OK
20:15:05  Service running OK
20:30:05  Logging to daily summary: "20:30 0 0 0 0 0 0"
20:30:05  Service running OK
20:45:05  Service running OK
21:00:05  Logging to daily summary: "21:00 0 0 0 0 0 0"
21:00:05  Service running OK
21:15:05  Service running OK
21:30:05  Logging to daily summary: "21:30 0 0 0 0 0 0"
21:30:05  Service running OK
21:45:05  Service running OK
22:00:05  Logging to daily summary: "22:00 0 0 0 0 0 0"
22:00:05  Service running OK
22:00:38  Stop time reached.
22:00:38  Camera 'Level 1 Entry 1' - final counts 0 0
22:00:38  Camera 'Level 1 Entry 2' - final counts 0 0
22:00:38  Camera 'Level 1 Lift' - final counts 0 0
22:00:38  Camera 'Level 2 Main Entry' - final counts 0 0
22:00:38  Camera 'Level 2 Lift' - final counts 0 0
22:00:38  Camera 'Shop A' - final counts 0 0
22:00:38  Camera 'Level 0 Entry' - final counts 0 0
22:00:38  Camera 'Science Centre Entry' - final counts 0 0
22:00:38  Camera 'Cafe Entry' - final counts 0 0
22:00:38  Zone: Zone1                    	0	0	0
22:00:38  Zone: Zone2                    	0	0	0
22:00:38  Level 1 Entry 1: IrisysIP counts reset requested.
22:00:38  Level 1 Entry 2: IrisysIP counts reset requested.
22:00:38  Level 1 Lift: IrisysIP counts reset requested.
22:00:38  Level 2 Main Entry: IrisysIP counts reset requested.
22:00:38  Level 2 Lift: IrisysIP counts reset requested.
22:00:38  Shop A: IrisysIP counts reset requested.
22:00:38  Level 0 Entry: IrisysIP counts reset requested.
22:00:38  Science Centre Entry: IrisysIP counts reset requested.
22:00:38  Cafe Entry: IrisysIP counts reset requested.
22:00:38  Displaying shutdown on 0 display(s)
22:00:38  End the manager threads.
22:00:38  Close all CAN threads.
22:00:38  All CAN threads, now flagged to be closed.
22:00:38  Close all IrisysIP threads.
22:00:38  Level 1 Entry 1: The Irisys IP thread has been flagged to end.
22:01:17  Level 1 Entry 1: Main Data Collection loop has finished (g_bStopFlag=0, m_bEndThread=1).
22:01:17  Level 1 Entry 1: The Irisys IP thread has ended.
22:01:20  Attempting to reset counts for IrisysIP Camera Level 0 Entry
22:01:21  Attempting to reset counts for IrisysIP Camera Level 1 Lift
22:01:22  Attempting to reset counts for IrisysIP Camera Cafe Entry
22:01:22  Attempting to reset counts for IrisysIP Camera Science Centre Entry
22:01:23  Attempting to reset counts for IrisysIP Camera Shop A
22:01:25  Attempting to reset counts for IrisysIP Camera Level 2 Lift
22:01:26  Attempting to reset counts for IrisysIP Camera Level 2 Main Entry
22:02:04  Error! Level 1 Entry 2: The IrisysIP thread needs to be terminated but has not reset.
22:02:04  Level 1 Entry 2: The Irisys IP thread has been flagged to end.
22:02:12  Level 0 Entry: InCountCorrection set in registry to: 0
22:02:12  Level 0 Entry: OutCountCorrection set in registry to: 0
22:02:13  Level 0 Entry: has reset camera
22:02:13  Level 1 Lift: InCountCorrection set in registry to: 0
22:02:13  Level 1 Lift: OutCountCorrection set in registry to: 0
22:02:14  Level 1 Lift: has reset camera
22:02:15  Cafe Entry: InCountCorrection set in registry to: 0
22:02:15  Cafe Entry: OutCountCorrection set in registry to: 0
22:02:16  Cafe Entry: has reset camera
22:02:16  Level 1 Entry 2: Main Data Collection loop has finished (g_bStopFlag=0, m_bEndThread=1).
22:02:16  Level 1 Entry 2: The Irisys IP thread has ended.
22:02:16  Level 1 Lift: The Irisys IP thread has been flagged to end.
22:02:17  Science Centre Entry: InCountCorrection set in registry to: 0
22:02:17  Science Centre Entry: OutCountCorrection set in registry to: 0
22:02:18  Science Centre Entry: has reset camera
22:02:19  Shop A: InCountCorrection set in registry to: 0
22:02:19  Shop A: OutCountCorrection set in registry to: 0
22:02:20  Shop A: has reset camera
22:02:21  Level 2 Lift: InCountCorrection set in registry to: 0
22:02:21  Level 2 Lift: OutCountCorrection set in registry to: 0
22:02:22  Level 2 Lift: has reset camera
22:02:22  Level 2 Main Entry: InCountCorrection set in registry to: 0
22:02:22  Level 2 Main Entry: OutCountCorrection set in registry to: 0
22:02:23  Level 2 Main Entry: has reset camera
22:03:13  Level 1 Lift: Main Data Collection loop has finished (g_bStopFlag=0, m_bEndThread=1).
22:03:13  Level 1 Lift: The Irisys IP thread has ended.
22:03:13  Level 2 Main Entry: The Irisys IP thread has been flagged to end.
22:03:14  Camera: Level 0 Entry                           	0	0
22:03:17  Camera: Cafe Entry                              	0	0
22:03:19  Camera: Science Centre Entry                    	0	0
22:03:21  Camera: Shop A                                  	0	0
22:03:22  Level 2 Main Entry: Main Data Collection loop has finished (g_bStopFlag=0, m_bEndThread=1).
22:03:23  Level 2 Main Entry: The Irisys IP thread has ended.
22:03:23  Level 2 Lift: The Irisys IP thread has been flagged to end.
22:03:23  Level 2 Lift: Main Data Collection loop has finished (g_bStopFlag=0, m_bEndThread=1).
22:03:23  Level 2 Lift: The Irisys IP thread has ended.
22:03:23  Shop A: The Irisys IP thread has been flagged to end.
22:03:23  Shop A: Main Data Collection loop has finished (g_bStopFlag=0, m_bEndThread=1).
22:03:23  Shop A: The Irisys IP thread has ended.
22:03:23  Level 0 Entry: The Irisys IP thread has been flagged to end.
22:04:13  Level 0 Entry: Main Data Collection loop has finished (g_bStopFlag=0, m_bEndThread=1).
22:04:13  Level 0 Entry: The Irisys IP thread has ended.
22:04:13  Science Centre Entry: The Irisys IP thread has been flagged to end.
22:04:18  Science Centre Entry: Main Data Collection loop has finished (g_bStopFlag=0, m_bEndThread=1).
22:04:18  Science Centre Entry: The Irisys IP thread has ended.
22:04:18  Cafe Entry: The Irisys IP thread has been flagged to end.
22:04:18  Cafe Entry: Main Data Collection loop has finished (g_bStopFlag=0, m_bEndThread=1).
22:04:18  Cafe Entry: The Irisys IP thread has ended.
22:04:18  All IrisysIP threads, now flagged to be closed.
22:04:18  Close all iCount threads.
22:04:18  All iCount threads, now flagged to be closed.
22:04:18  Close all eDAM threads.
22:04:18  All eDAM threads, now flagged to be closed.
22:04:18  Camera 'Level 1 Entry 1' - maximum flow 0 at 09:00:00
22:04:18  Camera 'Level 1 Entry 2' - maximum flow 0 at 09:00:00
22:04:18  Camera 'Level 1 Lift' - maximum flow 0 at 09:00:00
22:04:18  Camera 'Level 2 Main Entry' - maximum flow 0 at 09:00:00
22:04:18  Camera 'Level 2 Lift' - maximum flow 0 at 09:00:00
22:04:18  Camera 'Shop A' - maximum flow 0 at 09:00:00
22:04:18  Camera 'Level 0 Entry' - maximum flow 0 at 09:00:00
22:04:18  Camera 'Science Centre Entry' - maximum flow 0 at 09:00:00
22:04:18  Camera 'Cafe Entry' - maximum flow 0 at 09:00:00
22:04:18  Camera 'Level 1 Entry 1' refreshing registry counts
22:04:18  Camera 'Level 1 Entry 2' refreshing registry counts
22:04:18  Camera 'Level 1 Lift' refreshing registry counts
22:04:18  Camera 'Level 2 Main Entry' refreshing registry counts
22:04:18  Camera 'Level 2 Lift' refreshing registry counts
22:04:18  Camera 'Shop A' refreshing registry counts
22:04:18  Camera 'Level 0 Entry' refreshing registry counts
22:04:18  Camera 'Science Centre Entry' refreshing registry counts
22:04:18  Camera 'Cafe Entry' refreshing registry counts
22:04:18  Zone 'Zone1' refreshing file counts
22:04:18  Zone 'Zone2' refreshing file counts
22:04:18  Processing application not specified
22:04:18  Logging Counting Stopped

