
07:28:00  RECAP $Revision: 3.13.2.13 $ ($State: Exp $) built 09:15:45, Aug  3 2010
07:28:00  Logging Counting Started
07:28:00  Start time: 09:30 (570 minutes past midnight)
07:28:00  Stop time: 22:00 (1320 minutes past midnight)
07:28:01  Log period: 30 minutes
07:28:01  Initialising 0 display(s)
07:28:01  Initialising 9 camera(s)
07:28:01  IrisysIP counter(s) in use, Starting BlackFin API
07:28:01  If RECAP crashes, check .NET framework and VCRedist are installed.
07:28:01  BlackFin API Started.
07:28:01  BlackFin API Started up OK. Version: 1.10.0.5
07:28:01  Initialising 2 zone(s)
07:28:01  Outputting 'Zone1' zone data to 'Zones\Zone1.txt'
07:28:01  Outputting 'Zone2' zone data to 'Zones\Zone2.txt'
07:28:01  Displaying shutdown on 0 display(s)
07:28:01  Waiting till start time
09:30:00  Start time reached
09:30:00  Adding Level 1 Science Centre Entry 1 thread to Watchdog
09:30:00  Level 1 Science Centre Entry 1: InCountCorrection set in registry to: 0
09:30:00  Level 1 Science Centre Entry 1: OutCountCorrection set in registry to: 0
09:30:00  Adding Level 1 Science Centre Entry 2 thread to Watchdog
09:30:00  Level 1 Science Centre Entry 2: InCountCorrection set in registry to: 0
09:30:00  Level 1 Science Centre Entry 2: OutCountCorrection set in registry to: 0
09:30:00  Adding Level 1 Science Centre Lift thread to Watchdog
09:30:00  Level 1 Science Centre Lift: InCountCorrection set in registry to: 0
09:30:00  Level 1 Science Centre Lift: OutCountCorrection set in registry to: 0
09:30:00  Adding Level 2 Main Entry thread to Watchdog
09:30:00  Level 2 Main Entry: InCountCorrection set in registry to: 0
09:30:00  Level 2 Main Entry: OutCountCorrection set in registry to: 0
09:30:00  Adding Level 2 Lift thread to Watchdog
09:30:00  Level 2 Lift: InCountCorrection set in registry to: 0
09:30:00  Level 2 Lift: OutCountCorrection set in registry to: 0
09:30:00  Adding Shop A thread to Watchdog
09:30:00  Shop A: InCountCorrection set in registry to: 0
09:30:00  Shop A: OutCountCorrection set in registry to: 0
09:30:00  Adding Shop B thread to Watchdog
09:30:00  Shop B: InCountCorrection set in registry to: 0
09:30:00  Shop B: OutCountCorrection set in registry to: 0
09:30:00  Adding Shop Whale Mall thread to Watchdog
09:30:00  Shop Whale Mall: InCountCorrection set in registry to: 0
09:30:00  Shop Whale Mall: OutCountCorrection set in registry to: 0
09:30:00  Adding Level 2 Cafe thread to Watchdog
09:30:00  Level 2 Cafe: InCountCorrection set in registry to: 0
09:30:00  Level 2 Cafe: OutCountCorrection set in registry to: 0
09:30:01  New day, Reset counts and busiest times in registry
09:30:01  Camera Level 1 Science Centre Entry 1 Counts 	= In:0, Out:0
09:30:01  Camera Level 1 Science Centre Entry 2 Counts 	= In:0, Out:0
09:30:01  Camera Level 1 Science Centre Lift Counts 	= In:0, Out:0
09:30:01  Camera Level 2 Main Entry Counts 	= In:0, Out:0
09:30:01  Camera Level 2 Lift Counts 	= In:0, Out:0
09:30:01  Camera Shop A Counts 	= In:0, Out:0
09:30:01  Camera Shop B Counts 	= In:0, Out:0
09:30:01  Camera Shop Whale Mall Counts 	= In:0, Out:0
09:30:01  Camera Level 2 Cafe Counts 	= In:0, Out:0
09:30:02  Starting main data collection loop.
09:30:05  Zone: Zone1                    	0	0	0
09:30:05  Zone: Zone2                    	0	0	0
09:30:05  Logging to daily summary: "09:30 0 0 0 0 0 0"
09:30:05  Service running OK
09:30:23  Level 2 Lift: Connect Success (5) (serial num:2158593872)
09:30:24  Level 2 Lift: MAC:00-21-AC-00-2F-8C IP Firmware:4.0.2.30311 Monitor Firmware:42.4.0.404
09:30:26  Level 2 Main Entry: Connect Success (4) (serial num:2158593780)
09:30:26  Level 2 Main Entry: MAC:00-21-AC-00-30-D9 IP Firmware:4.0.2.30311 Monitor Firmware:42.4.0.404
09:30:28  Level 2 Lift: Status msgs: 0,0
09:30:29  Level 2 Lift: Current DeviceID: DefaultID
09:30:30  Level 2 Main Entry: Status msgs: 0,0
09:30:31  Level 2 Main Entry: Current DeviceID: DefaultID
09:30:33  Level 1 Science Centre Lift: Connect Success (3) (serial num:2158593853)
09:30:34  Level 1 Science Centre Lift: MAC:00-21-AC-00-30-1A IP Firmware:4.0.2.30311 Monitor Firmware:42.4.0.404
09:30:39  Level 1 Science Centre Lift: Status msgs: 0,0
09:30:40  Level 1 Science Centre Lift: Current DeviceID: DefaultID
09:30:47  Level 1 Science Centre Entry 2: Connect Success (2) (serial num:2158593777)
09:30:48  Level 1 Science Centre Entry 1: Connect Success (1) (serial num:2158593798)
09:30:48  Level 1 Science Centre Entry 2: MAC:00-21-AC-00-30-3B IP Firmware:4.0.2.30311 Monitor Firmware:42.4.0.404
09:30:48  Level 1 Science Centre Entry 1: MAC:00-21-AC-00-30-39 IP Firmware:4.0.2.30311 Monitor Firmware:42.4.0.404
09:30:53  Level 1 Science Centre Entry 2: Status msgs: 0,0
09:30:53  Level 1 Science Centre Entry 2: Current DeviceID: DefaultID
09:30:54  Level 1 Science Centre Entry 1: Status msgs: 0,0
09:30:54  Level 1 Science Centre Entry 1: Current DeviceID: DefaultID
09:32:32  Initial Camera Level 2 Lift Counts 	= In:0, Out:0
09:32:34  Initial Camera Level 2 Main Entry Counts 	= In:0, Out:0
09:32:36  Level 2 Lift: Date last reset in registry is not today (reset required): 20/12/11
09:32:36  Attempting to reset counts for IrisysIP Camera Level 2 Lift
09:32:38  Level 2 Main Entry: Date last reset in registry is not today (reset required): 20/12/11
09:32:38  Attempting to reset counts for IrisysIP Camera Level 2 Main Entry
09:33:32  Level 2 Lift: InCountCorrection set in registry to: 0
09:33:32  Level 2 Lift: OutCountCorrection set in registry to: 0
09:33:33  Level 2 Lift: has reset camera
09:33:33  Camera: Level 2 Lift - Counts are now valid.
09:33:34  Level 2 Main Entry: InCountCorrection set in registry to: 0
09:33:34  Level 2 Main Entry: OutCountCorrection set in registry to: 0
09:33:35  Initial Camera Level 1 Science Centre Lift Counts 	= In:3, Out:4
09:33:35  Level 2 Main Entry: has reset camera
09:33:35  Initial Camera Level 1 Science Centre Entry 2 Counts 	= In:0, Out:0
09:33:35  Camera: Level 2 Main Entry - Counts are now valid.
09:33:35  Initial Camera Level 1 Science Centre Entry 1 Counts 	= In:52, Out:34
09:33:39  Level 1 Science Centre Lift: Date last reset in registry is not today (reset required): 20/12/11
09:33:39  Level 1 Science Centre Entry 2: Date last reset in registry is not today (reset required): 20/12/11
09:33:39  Level 1 Science Centre Entry 1: Date last reset in registry is not today (reset required): 20/12/11
09:33:39  Attempting to reset counts for IrisysIP Camera Level 1 Science Centre Lift
09:33:39  Attempting to reset counts for IrisysIP Camera Level 1 Science Centre Entry 2
09:33:39  Attempting to reset counts for IrisysIP Camera Level 1 Science Centre Entry 1
09:33:43  Level 1 Science Centre Lift: InCountCorrection set in registry to: 0
09:33:43  Level 1 Science Centre Lift: OutCountCorrection set in registry to: 0
09:33:44  Level 1 Science Centre Lift: has reset camera
09:33:44  Camera: Level 1 Science Centre Lift - Counts are now valid.
09:33:57  Level 1 Science Centre Entry 2: InCountCorrection set in registry to: 0
09:33:57  Level 1 Science Centre Entry 2: OutCountCorrection set in registry to: 0
09:33:58  Level 1 Science Centre Entry 2: has reset camera
09:33:58  Camera: Level 1 Science Centre Entry 2 - Counts are now valid.
09:33:59  Level 1 Science Centre Entry 1: InCountCorrection set in registry to: 0
09:33:59  Level 1 Science Centre Entry 1: OutCountCorrection set in registry to: 0
09:34:00  Level 1 Science Centre Entry 1: has reset camera
09:34:00  Camera: Level 1 Science Centre Entry 1 - Counts are now valid.
09:34:34  Camera: Level 2 Lift                            	0	0
09:34:34  Level 2 Lift IrisysIP camera has reset
09:34:36  Camera: Level 2 Main Entry                      	2	2
09:34:45  Camera: Level 1 Science Centre Lift             	0	0
09:34:45  Level 1 Science Centre Lift IrisysIP camera has reset
09:34:50  Zone: Zone1                    	2	2	0
09:34:59  Camera: Level 1 Science Centre Entry 2          	0	0
09:34:59  Level 1 Science Centre Entry 2 IrisysIP camera has reset
09:35:01  Camera: Level 1 Science Centre Entry 1          	0	0
09:35:01  Level 1 Science Centre Entry 1 IrisysIP camera has reset
09:35:37  Camera: Level 2 Main Entry                      	6	2
09:35:52  Zone: Zone1                    	6	2	4
09:36:38  Camera: Level 2 Main Entry                      	7	2
09:36:44  Zone: Zone1                    	7	2	5
09:37:39  Camera: Level 2 Main Entry                      	9	4
09:37:54  Zone: Zone1                    	9	4	5
09:45:07  Service running OK
10:00:07  Logging to daily summary: "10:00 9 4 4 0 0 0"
10:00:07  Service running OK
10:15:07  Service running OK
10:30:07  Logging to daily summary: "10:30 0 0 5 0 0 0"
10:30:07  Service running OK
10:33:38  Camera: Level 2 Main Entry                      	10	4
10:33:40  Zone: Zone1                    	10	4	6
10:34:39  Camera: Level 2 Main Entry                      	12	4
10:34:50  Zone: Zone1                    	12	4	8
10:35:40  Camera: Level 2 Main Entry                      	13	4
10:35:42  Zone: Zone1                    	13	4	9
10:45:01  Service running OK
11:00:01  Logging to daily summary: "11:00 4 0 8 0 0 0"
11:00:01  Service running OK
11:13:20  Camera: Level 2 Main Entry                      	13	5
11:13:28  Zone: Zone1                    	13	5	8
11:15:17  Service running OK
11:21:29  Camera: Level 2 Main Entry                      	14	5
11:21:32  Zone: Zone1                    	14	5	9
11:30:15  Logging to daily summary: "11:30 1 1 8 0 0 0"
11:30:15  Service running OK
11:34:41  Camera: Level 2 Lift                            	0	2
11:34:42  Zone: Zone1                    	14	7	7
11:45:13  Service running OK
12:00:13  Logging to daily summary: "12:00 0 2 7 0 0 0"
12:00:13  Service running OK
12:02:37  Camera: Level 1 Science Centre Entry 1          	0	1
12:02:52  Zone: Zone1                    	14	8	6
12:03:11  Camera: Level 2 Lift                            	2	3
12:03:26  Zone: Zone1                    	16	9	7
12:04:12  Camera: Level 2 Lift                            	7	10
12:04:18  Zone: Zone1                    	21	16	5
12:08:18  Camera: Level 2 Main Entry                      	15	5
12:08:30  Zone: Zone1                    	22	16	6
12:15:07  Service running OK
12:30:07  Logging to daily summary: "12:30 8 9 5 0 0 0"
12:30:07  Service running OK
12:45:07  Service running OK
13:00:07  Logging to daily summary: "13:00 0 0 6 0 0 0"
13:00:07  Service running OK
13:06:57  Shop A: Connect Success (6) (serial num:2158593779)
13:06:57  Shop A: MAC:00-21-AC-00-30-21 IP Firmware:4.0.2.30311 Monitor Firmware:42.4.0.404
13:08:01  Initial Camera Shop A Counts 	= In:0, Out:0
13:08:05  Shop A: Date last reset in registry is not today (reset required): 09/10/11
13:08:05  Attempting to reset counts for IrisysIP Camera Shop A
13:09:01  Shop A: InCountCorrection set in registry to: 0
13:09:01  Shop A: OutCountCorrection set in registry to: 0
13:09:02  Shop A: has reset camera
13:09:02  Camera: Shop A - Counts are now valid.
13:10:03  Camera: Shop A                                  	1	0
13:10:11  Zone: Zone1                    	22	17	5
13:10:11  Zone: Zone2                    	1	0	1
13:12:05  Camera: Shop A                                  	4	4
13:12:15  Zone: Zone1                    	26	20	6
13:12:15  Zone: Zone2                    	4	4	0
13:13:06  Camera: Shop A                                  	5	7
13:13:07  Zone: Zone1                    	29	21	8
13:13:07  Zone: Zone2                    	5	7	-2
13:15:08  Camera: Shop A                                  	5	12
13:15:11  Zone: Zone1                    	34	21	13
13:15:11  Zone: Zone2                    	5	12	-7
13:15:11  Service running OK
13:19:12  Camera: Shop A                                  	7	12
13:19:21  Zone: Zone1                    	34	23	11
13:19:21  Zone: Zone2                    	7	12	-5
13:24:18  Camera: Shop A                                  	7	13
13:24:25  Zone: Zone1                    	35	23	12
13:24:25  Zone: Zone2                    	7	13	-6
13:25:19  Camera: Shop A                                  	8	16
13:25:19  Zone: Zone1                    	38	24	14
13:25:19  Zone: Zone2                    	8	16	-8
13:26:20  Camera: Shop A                                  	10	16
13:26:29  Zone: Zone1                    	38	26	12
13:26:29  Zone: Zone2                    	10	16	-6
13:27:21  Camera: Shop A                                  	12	17
13:27:21  Zone: Zone1                    	39	28	11
13:27:21  Zone: Zone2                    	12	17	-5
13:28:22  Camera: Shop A                                  	15	18
13:28:31  Zone: Zone1                    	40	31	9
13:28:31  Zone: Zone2                    	15	18	-3
13:29:23  Camera: Shop A                                  	16	22
13:29:23  Zone: Zone1                    	44	32	12
13:29:23  Zone: Zone2                    	16	22	-6
13:30:00  Logging to daily summary: "13:30 22 16 8 16 22 -3"
13:30:00  Service running OK
13:30:24  Camera: Shop A                                  	20	25
13:30:33  Zone: Zone1                    	47	36	11
13:30:33  Zone: Zone2                    	20	25	-5
13:31:25  Camera: Shop A                                  	20	26
13:31:26  Zone: Zone1                    	48	36	12
13:31:26  Zone: Zone2                    	20	26	-6
13:32:27  Camera: Shop A                                  	22	28
13:32:35  Zone: Zone1                    	50	38	12
13:32:35  Zone: Zone2                    	22	28	-6
13:33:28  Camera: Shop A                                  	22	30
13:33:28  Zone: Zone1                    	52	38	14
13:33:28  Zone: Zone2                    	22	30	-8
13:34:29  Camera: Shop A                                  	29	46
13:34:37  Zone: Zone1                    	68	45	23
13:34:37  Zone: Zone2                    	29	46	-17
13:35:30  Camera: Shop A                                  	35	46
13:35:30  Zone: Zone1                    	68	51	17
13:35:30  Zone: Zone2                    	35	46	-11
13:36:31  Camera: Shop A                                  	35	50
13:36:39  Zone: Zone1                    	72	51	21
13:36:39  Zone: Zone2                    	35	50	-15
13:38:33  Camera: Shop A                                  	37	50
13:38:43  Zone: Zone1                    	72	53	19
13:38:43  Zone: Zone2                    	37	50	-13
13:40:35  Camera: Shop A                                  	37	52
13:40:47  Zone: Zone1                    	74	53	21
13:40:47  Zone: Zone2                    	37	52	-15
13:41:36  Camera: Shop A                                  	37	55
13:41:39  Zone: Zone1                    	77	53	24
13:41:39  Zone: Zone2                    	37	55	-18
13:42:37  Camera: Shop A                                  	37	57
13:42:49  Zone: Zone1                    	79	53	26
13:42:49  Zone: Zone2                    	37	57	-20
13:44:39  Camera: Shop A                                  	37	58
13:44:53  Zone: Zone1                    	80	53	27
13:44:53  Zone: Zone2                    	37	58	-21
13:45:12  Service running OK
13:45:41  Camera: Shop A                                  	39	58
13:45:45  Zone: Zone1                    	80	55	25
13:45:45  Zone: Zone2                    	39	58	-19
13:46:42  Camera: Shop A                                  	42	60
13:46:55  Zone: Zone1                    	82	58	24
13:46:55  Zone: Zone2                    	42	60	-18
13:47:43  Camera: Shop A                                  	42	61
13:47:47  Zone: Zone1                    	83	58	25
13:47:47  Zone: Zone2                    	42	61	-19
13:48:44  Camera: Shop A                                  	45	61
13:48:57  Zone: Zone1                    	83	61	22
13:48:57  Zone: Zone2                    	45	61	-16
13:49:45  Camera: Shop A                                  	49	64
13:49:49  Zone: Zone1                    	86	65	21
13:49:49  Zone: Zone2                    	49	64	-15
13:50:46  Camera: Shop A                                  	52	66
13:50:59  Zone: Zone1                    	88	68	20
13:50:59  Zone: Zone2                    	52	66	-14
13:51:47  Camera: Shop A                                  	54	69
13:51:51  Zone: Zone1                    	91	70	21
13:51:51  Zone: Zone2                    	54	69	-15
13:55:51  Camera: Shop A                                  	56	70
13:56:01  Zone: Zone1                    	92	72	20
13:56:01  Zone: Zone2                    	56	70	-14
13:56:52  Camera: Shop A                                  	56	71
13:56:53  Zone: Zone1                    	93	72	21
13:56:53  Zone: Zone2                    	56	71	-15
13:57:53  Camera: Shop A                                  	60	73
13:58:03  Zone: Zone1                    	95	76	19
13:58:03  Zone: Zone2                    	60	73	-13
13:58:55  Camera: Shop A                                  	60	77
13:58:55  Zone: Zone1                    	99	76	23
13:58:55  Zone: Zone2                    	60	77	-17
14:00:08  Logging to daily summary: "14:00 55 44 20 44 55 -14"
14:00:08  Service running OK
14:00:57  Camera: Shop A                                  	62	77
14:00:59  Zone: Zone1                    	99	78	21
14:00:59  Zone: Zone2                    	62	77	-15
14:01:58  Camera: Shop A                                  	62	83
14:02:09  Zone: Zone1                    	105	78	27
14:02:09  Zone: Zone2                    	62	83	-21
14:02:59  Camera: Shop A                                  	63	85
14:03:01  Zone: Zone1                    	107	79	28
14:03:01  Zone: Zone2                    	63	85	-22
14:05:01  Camera: Shop A                                  	63	87
14:05:05  Zone: Zone1                    	109	79	30
14:05:05  Zone: Zone2                    	63	87	-24
14:08:04  Camera: Shop A                                  	63	89
14:08:04  Zone: Zone1                    	111	79	32
14:08:04  Zone: Zone2                    	63	89	-26
14:10:06  Camera: Shop A                                  	64	91
14:10:08  Zone: Zone1                    	113	80	33
14:10:08  Zone: Zone2                    	64	91	-27
14:14:11  Camera: Shop A                                  	64	93
14:14:18  Zone: Zone1                    	115	80	35
14:14:18  Zone: Zone2                    	64	93	-29
14:15:13  Service running OK
14:16:13  Camera: Shop A                                  	65	93
14:16:22  Zone: Zone1                    	115	81	34
14:16:22  Zone: Zone2                    	65	93	-28
14:19:16  Camera: Shop A                                  	65	95
14:19:20  Zone: Zone1                    	117	81	36
14:19:20  Zone: Zone2                    	65	95	-30
14:24:22  Camera: Shop A                                  	66	96
14:24:24  Zone: Zone1                    	118	82	36
14:24:24  Zone: Zone2                    	66	96	-30
14:26:24  Camera: Shop A                                  	69	97
14:26:28  Zone: Zone1                    	119	85	34
14:26:28  Zone: Zone2                    	69	97	-28
14:27:25  Camera: Shop A                                  	71	97
14:27:38  Zone: Zone1                    	119	87	32
14:27:38  Zone: Zone2                    	71	97	-26
14:30:03  Logging to daily summary: "14:30 20 11 32 11 20 -26"
14:30:03  Service running OK
14:33:31  Camera: Shop A                                  	73	98
14:33:36  Zone: Zone1                    	120	89	31
14:33:36  Zone: Zone2                    	73	98	-25
14:34:32  Camera: Shop A                                  	74	99
14:34:46  Zone: Zone1                    	121	90	31
14:34:46  Zone: Zone2                    	74	99	-25
14:43:42  Camera: Shop A                                  	79	100
14:43:44  Zone: Zone1                    	122	95	27
14:43:44  Zone: Zone2                    	79	100	-21
14:44:43  Camera: Shop A                                  	80	102
14:44:54  Zone: Zone1                    	124	96	28
14:44:54  Zone: Zone2                    	80	102	-22
14:45:13  Service running OK
14:47:46  Camera: Shop A                                  	82	102
14:47:52  Zone: Zone1                    	124	98	26
14:47:52  Zone: Zone2                    	82	102	-20
14:48:47  Camera: Shop A                                  	86	104
14:49:02  Zone: Zone1                    	126	102	24
14:49:02  Zone: Zone2                    	86	104	-18
14:49:49  Camera: Shop A                                  	87	108
14:49:54  Zone: Zone1                    	130	103	27
14:49:54  Zone: Zone2                    	87	108	-21
14:51:51  Camera: Shop A                                  	87	110
14:51:58  Zone: Zone1                    	132	103	29
14:51:58  Zone: Zone2                    	87	110	-23
14:52:52  Camera: Shop A                                  	87	111
14:52:52  Zone: Zone1                    	133	103	30
14:52:52  Zone: Zone2                    	87	111	-24
14:54:54  Camera: Shop A                                  	88	113
14:54:55  Zone: Zone1                    	135	104	31
14:54:55  Zone: Zone2                    	88	113	-25
14:55:55  Camera: Shop A                                  	90	113
14:56:05  Zone: Zone1                    	135	106	29
14:56:05  Zone: Zone2                    	90	113	-23
14:56:56  Camera: Shop A                                  	91	117
14:56:57  Zone: Zone1                    	139	107	32
14:56:57  Zone: Zone2                    	91	117	-26
14:57:57  Camera: Shop A                                  	93	120
14:58:11  Zone: Zone1                    	142	109	33
14:58:11  Zone: Zone2                    	93	120	-27
14:58:58  Camera: Shop A                                  	96	127
14:59:03  Zone: Zone1                    	149	112	37
14:59:03  Zone: Zone2                    	96	127	-31
14:59:59  Camera: Shop A                                  	97	127
15:00:13  Zone: Zone1                    	149	113	36
15:00:13  Zone: Zone2                    	97	127	-30
15:00:13  Logging to daily summary: "15:00 30 26 30 26 30 -24"
15:00:13  Service running OK
15:01:00  Camera: Shop A                                  	98	129
15:01:05  Zone: Zone1                    	151	114	37
15:01:05  Zone: Zone2                    	98	129	-31
15:04:04  Camera: Shop A                                  	101	129
15:04:04  Zone: Zone1                    	151	117	34
15:04:04  Zone: Zone2                    	101	129	-28
15:05:05  Camera: Shop A                                  	103	129
15:05:13  Zone: Zone1                    	151	119	32
15:05:13  Zone: Zone2                    	103	129	-26
15:06:06  Camera: Shop A                                  	105	131
15:06:06  Zone: Zone1                    	153	121	32
15:06:06  Zone: Zone2                    	105	131	-26
15:07:07  Camera: Shop A                                  	105	137
15:07:15  Zone: Zone1                    	159	121	38
15:07:15  Zone: Zone2                    	105	137	-32
15:15:04  Service running OK
15:19:20  Camera: Shop A                                  	105	139
15:19:31  Zone: Zone1                    	161	121	40
15:19:31  Zone: Zone2                    	105	139	-34
15:28:29  Camera: Shop A                                  	105	141
15:28:30  Zone: Zone1                    	163	121	42
15:28:30  Zone: Zone2                    	105	141	-36
15:30:00  Logging to daily summary: "15:30 14 8 38 8 14 -32"
15:30:00  Service running OK
15:42:45  Camera: Shop A                                  	105	145
15:42:51  Zone: Zone1                    	167	121	46
15:42:51  Zone: Zone2                    	105	145	-40
15:43:46  Camera: Shop A                                  	106	145
15:44:01  Zone: Zone1                    	167	122	45
15:44:01  Zone: Zone2                    	106	145	-39
15:45:14  Service running OK
15:48:51  Camera: Shop A                                  	106	146
15:49:05  Zone: Zone1                    	168	122	46
15:49:05  Zone: Zone2                    	106	146	-40
15:50:53  Camera: Shop A                                  	109	149
15:50:53  Zone: Zone1                    	171	125	46
15:50:53  Zone: Zone2                    	109	149	-40
15:53:56  Camera: Shop A                                  	112	152
15:54:09  Zone: Zone1                    	174	128	46
15:54:09  Zone: Zone2                    	112	152	-40
15:54:58  Camera: Shop A                                  	115	155
15:55:01  Zone: Zone1                    	177	131	46
15:55:01  Zone: Zone2                    	115	155	-40
15:55:59  Camera: Shop A                                  	117	155
15:56:11  Zone: Zone1                    	177	133	44
15:56:11  Zone: Zone2                    	117	155	-38
15:57:00  Camera: Shop A                                  	119	159
15:57:03  Zone: Zone1                    	181	135	46
15:57:03  Zone: Zone2                    	119	159	-40
15:58:01  Camera: Shop A                                  	121	164
15:58:13  Zone: Zone1                    	186	137	49
15:58:13  Zone: Zone2                    	121	164	-43
15:59:02  Camera: Shop A                                  	122	164
15:59:05  Zone: Zone1                    	186	138	48
15:59:05  Zone: Zone2                    	122	164	-42
16:00:00  Logging to daily summary: "16:00 23 17 44 17 23 -38"
16:00:00  Service running OK
16:00:03  Camera: Shop A                                  	125	164
16:00:15  Zone: Zone1                    	186	141	45
16:00:15  Zone: Zone2                    	125	164	-39
16:03:06  Camera: Shop A                                  	130	164
16:03:13  Zone: Zone1                    	186	146	40
16:03:13  Zone: Zone2                    	130	164	-34
16:08:12  Camera: Shop A                                  	130	165
16:08:18  Zone: Zone1                    	187	146	41
16:08:18  Zone: Zone2                    	130	165	-35
16:10:14  Camera: Shop A                                  	130	167
16:10:22  Zone: Zone1                    	189	146	43
16:10:22  Zone: Zone2                    	130	167	-37
16:12:16  Camera: Shop A                                  	132	167
16:12:26  Zone: Zone1                    	189	148	41
16:12:26  Zone: Zone2                    	132	167	-35
16:14:04  Camera: Level 1 Science Centre Entry 1          	5	1
16:14:12  Zone: Zone1                    	194	148	46
16:15:05  Camera: Level 1 Science Centre Entry 1          	7	7
16:15:05  Zone: Zone1                    	196	154	42
16:15:05  Service running OK
16:16:06  Camera: Level 1 Science Centre Entry 1          	20	15
16:16:14  Zone: Zone1                    	209	162	47
16:17:07  Camera: Level 1 Science Centre Entry 1          	21	15
16:17:07  Zone: Zone1                    	210	162	48
16:19:23  Camera: Shop A                                  	134	173
16:19:29  Zone: Zone1                    	216	164	52
16:19:29  Zone: Zone2                    	134	173	-39
16:21:09  Camera: Level 1 Science Centre Entry 2          	0	1
16:21:15  Zone: Zone1                    	216	165	51
16:24:29  Camera: Shop A                                  	134	174
16:24:31  Zone: Zone1                    	217	165	52
16:24:31  Zone: Zone2                    	134	174	-40
16:26:31  Camera: Shop A                                  	136	174
16:26:35  Zone: Zone1                    	217	167	50
16:26:35  Zone: Zone2                    	136	174	-38
16:30:12  Logging to daily summary: "16:30 31 29 45 14 10 -36"
16:30:12  Service running OK
16:41:08  Camera: Level 2 Main Entry                      	17	6
16:41:15  Zone: Zone1                    	219	168	51
16:42:09  Camera: Level 2 Main Entry                      	21	9
16:42:09  Zone: Zone1                    	223	171	52
16:42:48  Camera: Shop A                                  	136	176
16:43:00  Zone: Zone1                    	225	171	54
16:43:00  Zone: Zone2                    	136	176	-40
16:45:07  Service running OK
16:50:57  Camera: Shop A                                  	136	178
16:51:04  Zone: Zone1                    	227	171	56
16:51:04  Zone: Zone2                    	136	178	-42
16:57:03  Camera: Shop A                                  	138	179
16:57:03  Zone: Zone1                    	228	173	55
16:57:03  Zone: Zone2                    	138	179	-41
17:00:04  Logging to daily summary: "17:00 11 6 53 2 5 -39"
17:00:04  Service running OK
17:04:11  Camera: Shop A                                  	138	181
17:04:13  Zone: Zone1                    	230	173	57
17:04:13  Zone: Zone2                    	138	181	-43
17:06:13  Camera: Shop A                                  	140	181
17:06:18  Zone: Zone1                    	230	175	55
17:06:18  Zone: Zone2                    	140	181	-41
17:07:14  Camera: Shop A                                  	140	184
17:07:27  Zone: Zone1                    	233	175	58
17:07:27  Zone: Zone2                    	140	184	-44
17:09:16  Camera: Shop A                                  	140	188
17:09:31  Zone: Zone1                    	237	175	62
17:09:31  Zone: Zone2                    	140	188	-48
17:10:17  Camera: Shop A                                  	144	188
17:10:23  Zone: Zone1                    	237	179	58
17:10:23  Zone: Zone2                    	144	188	-44
17:15:12  Service running OK
17:23:31  Camera: Shop A                                  	146	188
17:23:33  Zone: Zone1                    	237	181	56
17:23:33  Zone: Zone2                    	146	188	-42
17:30:10  Logging to daily summary: "17:30 9 8 57 8 9 -43"
17:30:10  Service running OK
17:45:10  Service running OK
17:49:59  Camera: Shop A                                  	146	191
17:50:13  Zone: Zone1                    	240	181	59
17:50:13  Zone: Zone2                    	146	191	-45
18:00:08  Logging to daily summary: "18:00 3 0 57 0 3 -43"
18:00:08  Service running OK
18:15:08  Service running OK
18:30:08  Logging to daily summary: "18:30 0 0 59 0 0 -45"
18:30:08  Service running OK
18:33:46  Camera: Shop A                                  	146	193
18:33:59  Zone: Zone1                    	242	181	61
18:33:59  Zone: Zone2                    	146	193	-47
18:36:49  Camera: Shop A                                  	147	193
18:36:57  Zone: Zone1                    	242	182	60
18:36:57  Zone: Zone2                    	147	193	-46
18:45:04  Service running OK
18:51:04  Camera: Shop A                                  	147	196
18:51:19  Zone: Zone1                    	245	182	63
18:51:19  Zone: Zone2                    	147	196	-49
19:00:02  Logging to daily summary: "19:00 5 1 60 1 5 -46"
19:00:02  Service running OK
19:15:02  Service running OK
19:30:02  Logging to daily summary: "19:30 0 0 63 0 0 -49"
19:30:02  Service running OK
19:45:02  Service running OK
20:00:02  Logging to daily summary: "20:00 0 0 63 0 0 -49"
20:00:02  Service running OK
20:15:02  Service running OK
20:30:02  Logging to daily summary: "20:30 0 0 63 0 0 -49"
20:30:02  Service running OK
20:45:02  Service running OK
21:00:02  Logging to daily summary: "21:00 0 0 63 0 0 -49"
21:00:02  Service running OK
21:02:23  Camera: Shop A                                  	147	197
21:02:23  Zone: Zone1                    	246	182	64
21:02:23  Zone: Zone2                    	147	197	-50
21:05:27  Camera: Shop A                                  	149	197
21:05:39  Zone: Zone1                    	246	184	62
21:05:39  Zone: Zone2                    	149	197	-48
21:15:16  Service running OK
21:30:16  Logging to daily summary: "21:30 1 2 62 2 1 -48"
21:30:16  Service running OK
21:45:16  Service running OK
21:48:12  Camera: Shop A                                  	149	198
21:48:13  Zone: Zone1                    	247	184	63
21:48:13  Zone: Zone2                    	149	198	-49
21:49:13  Camera: Shop A                                  	151	198
21:49:23  Zone: Zone1                    	247	186	61
21:49:23  Zone: Zone2                    	151	198	-47
22:00:12  Logging to daily summary: "22:00 1 2 61 2 1 -47"
22:00:12  Service running OK
22:00:30  Closing time reached
22:00:45  Stop time reached.
22:00:45  Camera 'Level 1 Science Centre Entry 1' - final counts 21 15
22:00:45  Camera 'Level 1 Science Centre Entry 2' - final counts 0 1
22:00:45  Camera 'Level 1 Science Centre Lift' - final counts 0 0
22:00:45  Camera 'Level 2 Main Entry' - final counts 21 9
22:00:45  Camera 'Level 2 Lift' - final counts 7 10
22:00:45  Camera 'Shop A' - final counts 151 198
22:00:45  Camera 'Shop B' - final counts 0 0
22:00:45  Camera 'Shop Whale Mall' - final counts 0 0
22:00:45  Camera 'Level 2 Cafe' - final counts 0 0
22:00:45  Zone: Zone1                    	247	186	61
22:00:45  Zone: Zone2                    	151	198	-47
22:00:45  Level 1 Science Centre Entry 1: IrisysIP counts reset requested.
22:00:45  Level 1 Science Centre Entry 2: IrisysIP counts reset requested.
22:00:45  Level 1 Science Centre Lift: IrisysIP counts reset requested.
22:00:45  Level 2 Main Entry: IrisysIP counts reset requested.
22:00:45  Level 2 Lift: IrisysIP counts reset requested.
22:00:45  Shop A: IrisysIP counts reset requested.
22:00:45  Shop B: IrisysIP counts reset requested.
22:00:45  Shop Whale Mall: IrisysIP counts reset requested.
22:00:45  Level 2 Cafe: IrisysIP counts reset requested.
22:00:52  Attempting to reset counts for IrisysIP Camera Level 2 Lift
22:00:54  Attempting to reset counts for IrisysIP Camera Level 2 Main Entry
22:00:56  Failed to send email.
22:00:56  Displaying shutdown on 0 display(s)
22:00:56  End the manager threads.
22:00:56  Close all CAN threads.
22:00:56  All CAN threads, now flagged to be closed.
22:00:56  Close all IrisysIP threads.
22:01:43  Error! Level 1 Science Centre Entry 1: The IrisysIP thread needs to be terminated but has not reset.
22:01:43  Level 1 Science Centre Entry 1: The Irisys IP thread has been flagged to end.
22:01:44  Level 2 Lift: InCountCorrection set in registry to: 0
22:01:44  Level 2 Lift: OutCountCorrection set in registry to: 0
22:01:45  Level 2 Lift: has reset camera
22:01:46  Level 2 Main Entry: InCountCorrection set in registry to: 0
22:01:46  Level 2 Main Entry: OutCountCorrection set in registry to: 0
22:01:47  Level 2 Main Entry: has reset camera
22:01:47  Level 1 Science Centre Entry 1: Main Data Collection loop has finished (g_bStopFlag=0, m_bEndThread=1).
22:01:47  Level 1 Science Centre Entry 1: The Irisys IP thread has ended.
22:01:55  Attempting to reset counts for IrisysIP Camera Level 1 Science Centre Lift
22:01:55  Attempting to reset counts for IrisysIP Camera Shop A
22:01:55  Attempting to reset counts for IrisysIP Camera Level 1 Science Centre Entry 2
22:01:56  Level 1 Science Centre Lift: InCountCorrection set in registry to: 0
22:01:56  Level 1 Science Centre Lift: OutCountCorrection set in registry to: 0
22:01:57  Level 1 Science Centre Lift: has reset camera
22:02:26  Shop A: InCountCorrection set in registry to: 0
22:02:26  Shop A: OutCountCorrection set in registry to: 0
22:02:27  Shop A: has reset camera
22:02:28  Level 1 Science Centre Entry 2: InCountCorrection set in registry to: 0
22:02:28  Level 1 Science Centre Entry 2: OutCountCorrection set in registry to: 0
22:02:29  Level 1 Science Centre Entry 2: has reset camera
22:02:29  Level 1 Science Centre Entry 2: The Irisys IP thread has been flagged to end.
22:02:46  Camera: Level 2 Lift                            	0	0
22:02:46  Level 2 Lift IrisysIP camera has reset
22:02:48  Camera: Level 2 Main Entry                      	0	0
22:02:48  Level 2 Main Entry IrisysIP camera has reset
22:02:58  Camera: Level 1 Science Centre Lift             	0	0
22:03:28  Level 1 Science Centre Entry 2: Main Data Collection loop has finished (g_bStopFlag=0, m_bEndThread=1).
22:03:28  Level 1 Science Centre Entry 2: The Irisys IP thread has ended.
22:03:28  Level 1 Science Centre Lift: The Irisys IP thread has been flagged to end.
22:03:28  Camera: Shop A                                  	0	0
22:03:28  Shop A IrisysIP camera has reset
22:03:57  Level 1 Science Centre Lift: Main Data Collection loop has finished (g_bStopFlag=0, m_bEndThread=1).
22:03:57  Level 1 Science Centre Lift: The Irisys IP thread has ended.
22:03:57  Level 2 Main Entry: The Irisys IP thread has been flagged to end.
22:03:57  Level 2 Main Entry: Main Data Collection loop has finished (g_bStopFlag=0, m_bEndThread=1).
22:03:57  Level 2 Main Entry: The Irisys IP thread has ended.
22:03:57  Level 2 Lift: The Irisys IP thread has been flagged to end.
22:04:46  Level 2 Lift: Main Data Collection loop has finished (g_bStopFlag=0, m_bEndThread=1).
22:04:46  Level 2 Lift: The Irisys IP thread has ended.
22:04:46  Shop A: The Irisys IP thread has been flagged to end.
22:05:28  Shop A: Main Data Collection loop has finished (g_bStopFlag=0, m_bEndThread=1).
22:05:28  Shop A: The Irisys IP thread has ended.
22:05:28  Shop B: The Irisys IP thread has been flagged to end.
22:05:28  Shop B: Main Data Collection loop has finished (g_bStopFlag=0, m_bEndThread=1).
22:05:28  Shop B: The Irisys IP thread has ended.
22:05:28  Shop Whale Mall: The Irisys IP thread has been flagged to end.
22:05:28  Shop Whale Mall: Main Data Collection loop has finished (g_bStopFlag=0, m_bEndThread=1).
22:05:28  Shop Whale Mall: The Irisys IP thread has ended.
22:05:28  Level 2 Cafe: The Irisys IP thread has been flagged to end.
22:05:28  Level 2 Cafe: Main Data Collection loop has finished (g_bStopFlag=0, m_bEndThread=1).
22:05:28  Level 2 Cafe: The Irisys IP thread has ended.
22:05:28  All IrisysIP threads, now flagged to be closed.
22:05:28  Close all iCount threads.
22:05:28  All iCount threads, now flagged to be closed.
22:05:28  Close all eDAM threads.
22:05:28  All eDAM threads, now flagged to be closed.
22:05:28  Camera 'Level 1 Science Centre Entry 1' - maximum flow 21 at 16:16:14
22:05:28  Camera 'Level 1 Science Centre Entry 2' - maximum flow 1 at 16:22:10
22:05:28  Camera 'Level 1 Science Centre Lift' - maximum flow 0 at 09:30:00
22:05:28  Camera 'Level 2 Main Entry' - maximum flow 10 at 16:42:09
22:05:28  Camera 'Level 2 Lift' - maximum flow 12 at 12:05:13
22:05:28  Camera 'Shop A' - maximum flow 23 at 13:35:14
22:05:28  Camera 'Shop B' - maximum flow 0 at 09:30:00
22:05:28  Camera 'Shop Whale Mall' - maximum flow 0 at 09:30:00
22:05:28  Camera 'Level 2 Cafe' - maximum flow 0 at 09:30:00
22:05:28  Camera 'Level 1 Science Centre Entry 1' refreshing registry counts
22:05:28  Camera 'Level 1 Science Centre Entry 2' refreshing registry counts
22:05:28  Camera 'Level 1 Science Centre Lift' refreshing registry counts
22:05:28  Camera 'Level 2 Main Entry' refreshing registry counts
22:05:28  Camera 'Level 2 Lift' refreshing registry counts
22:05:28  Camera 'Shop A' refreshing registry counts
22:05:28  Camera 'Shop B' refreshing registry counts
22:05:28  Camera 'Shop Whale Mall' refreshing registry counts
22:05:28  Camera 'Level 2 Cafe' refreshing registry counts
22:05:28  Zone 'Zone1' refreshing file counts
22:05:28  Zone 'Zone2' refreshing file counts
22:05:28  Processing application not specified
22:05:28  Logging Counting Stopped

