
07:28:01  RECAP $Revision: 3.13.2.13 $ ($State: Exp $) built 09:15:45, Aug  3 2010
07:28:01  Logging Counting Started
07:28:01  Start time: 09:30 (570 minutes past midnight)
07:28:01  Stop time: 22:00 (1320 minutes past midnight)
07:28:02  Log period: 30 minutes
07:28:02  Initialising 0 display(s)
07:28:02  Initialising 9 camera(s)
07:28:02  IrisysIP counter(s) in use, Starting BlackFin API
07:28:02  If RECAP crashes, check .NET framework and VCRedist are installed.
07:28:02  BlackFin API Started.
07:28:02  BlackFin API Started up OK. Version: 1.10.0.5
07:28:02  Initialising 2 zone(s)
07:28:02  Outputting 'Zone1' zone data to 'Zones\Zone1.txt'
07:28:02  Outputting 'Zone2' zone data to 'Zones\Zone2.txt'
07:28:02  Displaying shutdown on 0 display(s)
07:28:02  Waiting till start time
09:30:00  Start time reached
09:30:00  Adding Level 1 Science Centre Entry 1 thread to Watchdog
09:30:00  Level 1 Science Centre Entry 1: InCountCorrection set in registry to: 0
09:30:00  Level 1 Science Centre Entry 1: OutCountCorrection set in registry to: 0
09:30:00  Adding Level 1 Science Centre Entry 2 thread to Watchdog
09:30:00  Level 1 Science Centre Entry 2: InCountCorrection set in registry to: 0
09:30:00  Level 1 Science Centre Entry 2: OutCountCorrection set in registry to: 0
09:30:00  Adding Level 1 Science Centre Lift thread to Watchdog
09:30:00  Level 1 Science Centre Lift: InCountCorrection set in registry to: 0
09:30:00  Level 1 Science Centre Lift: OutCountCorrection set in registry to: 0
09:30:00  Adding Level 2 Main Entry thread to Watchdog
09:30:00  Level 2 Main Entry: InCountCorrection set in registry to: 0
09:30:00  Level 2 Main Entry: OutCountCorrection set in registry to: 0
09:30:00  Adding Level 2 Lift thread to Watchdog
09:30:00  Level 2 Lift: InCountCorrection set in registry to: 0
09:30:00  Level 2 Lift: OutCountCorrection set in registry to: 0
09:30:00  Adding Shop A thread to Watchdog
09:30:00  Shop A: InCountCorrection set in registry to: 0
09:30:00  Shop A: OutCountCorrection set in registry to: 0
09:30:00  Adding Shop B thread to Watchdog
09:30:00  Shop B: InCountCorrection set in registry to: 0
09:30:00  Shop B: OutCountCorrection set in registry to: 0
09:30:00  Adding Shop Whale Mall thread to Watchdog
09:30:00  Shop Whale Mall: InCountCorrection set in registry to: 0
09:30:00  Shop Whale Mall: OutCountCorrection set in registry to: 0
09:30:00  Adding Level 2 Cafe thread to Watchdog
09:30:00  Level 2 Cafe: InCountCorrection set in registry to: 0
09:30:00  Level 2 Cafe: OutCountCorrection set in registry to: 0
09:30:01  New day, Reset counts and busiest times in registry
09:30:01  Camera Level 1 Science Centre Entry 1 Counts 	= In:0, Out:0
09:30:01  Camera Level 1 Science Centre Entry 2 Counts 	= In:0, Out:0
09:30:01  Camera Level 1 Science Centre Lift Counts 	= In:0, Out:0
09:30:01  Camera Level 2 Main Entry Counts 	= In:0, Out:0
09:30:01  Camera Level 2 Lift Counts 	= In:0, Out:0
09:30:01  Camera Shop A Counts 	= In:0, Out:0
09:30:01  Camera Shop B Counts 	= In:0, Out:0
09:30:01  Camera Shop Whale Mall Counts 	= In:0, Out:0
09:30:01  Camera Level 2 Cafe Counts 	= In:0, Out:0
09:30:02  Starting main data collection loop.
09:30:05  Zone: Zone1                    	0	0	0
09:30:05  Zone: Zone2                    	0	0	0
09:30:05  Logging to daily summary: "09:30 0 0 0 0 0 0"
09:30:05  Service running OK
09:30:25  Level 2 Lift: Connect Success (5) (serial num:2158593872)
09:30:26  Level 2 Lift: MAC:00-21-AC-00-2F-8C IP Firmware:4.0.2.30311 Monitor Firmware:42.4.0.404
09:30:26  Level 1 Science Centre Lift: Connect Success (3) (serial num:2158593853)
09:30:27  Level 1 Science Centre Entry 1: Connect Success (1) (serial num:2158593798)
09:30:27  Level 1 Science Centre Lift: MAC:00-21-AC-00-30-1A IP Firmware:4.0.2.30311 Monitor Firmware:42.4.0.404
09:30:28  Level 1 Science Centre Entry 1: MAC:00-21-AC-00-30-39 IP Firmware:4.0.2.30311 Monitor Firmware:42.4.0.404
09:30:38  Level 2 Lift: Status msgs: 0,0
09:30:38  Level 1 Science Centre Entry 2: Connect Success (2) (serial num:2158593777)
09:30:38  Level 2 Lift: Current DeviceID: DefaultID
09:30:39  Level 1 Science Centre Lift: Status msgs: 0,0
09:30:39  Level 1 Science Centre Entry 2: MAC:00-21-AC-00-30-3B IP Firmware:4.0.2.30311 Monitor Firmware:42.4.0.404
09:30:39  Level 1 Science Centre Lift: Current DeviceID: DefaultID
09:30:39  Level 1 Science Centre Entry 1: Status msgs: 0,0
09:30:39  Level 1 Science Centre Entry 1: Current DeviceID: DefaultID
09:30:50  Level 1 Science Centre Entry 2: Status msgs: 0,0
09:30:50  Level 1 Science Centre Entry 2: Current DeviceID: DefaultID
09:30:55  Level 2 Main Entry: Connect Success (4) (serial num:2158593780)
09:30:56  Level 2 Main Entry: MAC:00-21-AC-00-30-D9 IP Firmware:4.0.2.30311 Monitor Firmware:42.4.0.404
09:31:07  Level 2 Main Entry: Status msgs: 0,0
09:31:07  Level 2 Main Entry: Current DeviceID: DefaultID
09:32:42  Initial Camera Level 1 Science Centre Lift Counts 	= In:0, Out:0
09:32:43  Initial Camera Level 1 Science Centre Entry 1 Counts 	= In:0, Out:1
09:32:43  Initial Camera Level 2 Lift Counts 	= In:0, Out:0
09:32:46  Level 1 Science Centre Lift: Date last reset in registry is not today (reset required): 27/10/11
09:32:46  Attempting to reset counts for IrisysIP Camera Level 1 Science Centre Lift
09:32:47  Level 1 Science Centre Entry 1: Date last reset in registry is not today (reset required): 27/10/11
09:32:47  Attempting to reset counts for IrisysIP Camera Level 1 Science Centre Entry 1
09:32:47  Level 2 Lift: Date last reset in registry is not today (reset required): 27/10/11
09:32:47  Attempting to reset counts for IrisysIP Camera Level 2 Lift
09:33:42  Level 1 Science Centre Lift: InCountCorrection set in registry to: 0
09:33:42  Level 1 Science Centre Lift: OutCountCorrection set in registry to: 0
09:33:43  Level 1 Science Centre Lift: has reset camera
09:33:43  Camera: Level 1 Science Centre Lift - Counts are now valid.
09:33:44  Level 1 Science Centre Entry 1: InCountCorrection set in registry to: 0
09:33:44  Level 1 Science Centre Entry 1: OutCountCorrection set in registry to: 0
09:33:45  Level 1 Science Centre Entry 1: has reset camera
09:33:45  Camera: Level 1 Science Centre Entry 1 - Counts are now valid.
09:33:46  Level 2 Lift: InCountCorrection set in registry to: 0
09:33:46  Level 2 Lift: OutCountCorrection set in registry to: 0
09:33:47  Level 2 Lift: has reset camera
09:33:47  Initial Camera Level 1 Science Centre Entry 2 Counts 	= In:0, Out:1
09:33:47  Camera: Level 2 Lift - Counts are now valid.
09:33:47  Initial Camera Level 2 Main Entry Counts 	= In:3, Out:1
09:33:51  Level 1 Science Centre Entry 2: Date last reset in registry is not today (reset required): 27/10/11
09:33:51  Level 2 Main Entry: Date last reset in registry is not today (reset required): 27/10/11
09:33:51  Attempting to reset counts for IrisysIP Camera Level 1 Science Centre Entry 2
09:33:51  Attempting to reset counts for IrisysIP Camera Level 2 Main Entry
09:33:53  Level 1 Science Centre Entry 2: InCountCorrection set in registry to: 0
09:33:53  Level 1 Science Centre Entry 2: OutCountCorrection set in registry to: 0
09:33:54  Level 1 Science Centre Entry 2: has reset camera
09:33:54  Camera: Level 1 Science Centre Entry 2 - Counts are now valid.
09:34:10  Level 2 Main Entry: InCountCorrection set in registry to: 0
09:34:10  Level 2 Main Entry: OutCountCorrection set in registry to: 0
09:34:11  Level 2 Main Entry: has reset camera
09:34:11  Camera: Level 2 Main Entry - Counts are now valid.
09:34:44  Camera: Level 1 Science Centre Lift             	0	0
09:34:44  Level 1 Science Centre Lift IrisysIP camera has reset
09:34:46  Camera: Level 1 Science Centre Entry 1          	0	0
09:34:46  Level 1 Science Centre Entry 1 IrisysIP camera has reset
09:34:48  Camera: Level 2 Lift                            	0	0
09:34:48  Level 2 Lift IrisysIP camera has reset
09:34:55  Camera: Level 1 Science Centre Entry 2          	0	0
09:34:55  Level 1 Science Centre Entry 2 IrisysIP camera has reset
09:35:13  Camera: Level 2 Main Entry                      	0	0
09:35:13  Level 2 Main Entry IrisysIP camera has reset
09:45:07  Service running OK
10:00:07  Logging to daily summary: "10:00 0 0 0 0 0 0"
10:00:07  Service running OK
10:15:07  Service running OK
10:30:07  Logging to daily summary: "10:30 0 0 0 0 0 0"
10:30:07  Service running OK
10:45:07  Service running OK
11:00:07  Logging to daily summary: "11:00 0 0 0 0 0 0"
11:00:07  Service running OK
11:09:36  Camera: Level 1 Science Centre Entry 2          	6	6
11:09:42  Zone: Zone1                    	6	6	0
11:15:07  Service running OK
11:30:07  Logging to daily summary: "11:30 6 6 0 0 0 0"
11:30:07  Service running OK
11:45:07  Service running OK
12:00:07  Logging to daily summary: "12:00 0 0 0 0 0 0"
12:00:07  Service running OK
12:15:08  Service running OK
12:30:08  Logging to daily summary: "12:30 0 0 0 0 0 0"
12:30:08  Service running OK
12:41:05  Camera: Level 2 Lift                            	0	1
12:41:15  Zone: Zone1                    	6	7	-1
12:43:07  Camera: Level 2 Lift                            	0	2
12:43:19  Zone: Zone1                    	6	8	-2
12:45:08  Service running OK
12:46:11  Camera: Level 2 Lift                            	0	3
12:46:17  Zone: Zone1                    	6	9	-3
12:47:12  Camera: Level 2 Lift                            	0	4
12:47:27  Zone: Zone1                    	6	10	-4
12:48:13  Camera: Level 2 Lift                            	0	6
12:48:19  Zone: Zone1                    	6	12	-6
13:00:02  Logging to daily summary: "13:00 0 6 -2 0 0 0"
13:00:02  Service running OK
13:15:02  Service running OK
13:30:02  Logging to daily summary: "13:30 0 0 -6 0 0 0"
13:30:02  Service running OK
13:45:02  Service running OK
14:00:02  Logging to daily summary: "14:00 0 0 -6 0 0 0"
14:00:02  Service running OK
14:15:02  Service running OK
14:30:02  Logging to daily summary: "14:30 0 0 -6 0 0 0"
14:30:02  Service running OK
14:45:02  Service running OK
14:50:30  Camera: Level 1 Science Centre Entry 2          	9	13
14:50:41  Zone: Zone1                    	9	19	-10
15:00:00  Logging to daily summary: "15:00 3 7 -7 0 0 0"
15:00:00  Service running OK
15:15:00  Service running OK
15:30:00  Logging to daily summary: "15:30 0 0 -10 0 0 0"
15:30:00  Service running OK
15:45:00  Service running OK
16:00:00  Logging to daily summary: "16:00 0 0 -10 0 0 0"
16:00:00  Service running OK
16:15:01  Service running OK
16:30:01  Logging to daily summary: "16:30 0 0 -10 0 0 0"
16:30:01  Service running OK
16:44:48  Camera: Level 2 Main Entry                      	2	2
16:44:58  Zone: Zone1                    	11	21	-10
16:45:17  Service running OK
17:00:17  Logging to daily summary: "17:00 2 2 -10 0 0 0"
17:00:17  Service running OK
17:15:17  Service running OK
17:30:17  Logging to daily summary: "17:30 0 0 -10 0 0 0"
17:30:17  Service running OK
17:45:17  Service running OK
18:00:17  Logging to daily summary: "18:00 0 0 -10 0 0 0"
18:00:17  Service running OK
18:15:17  Service running OK
18:30:00  Logging to daily summary: "18:30 0 0 -10 0 0 0"
18:30:00  Service running OK
18:45:00  Service running OK
19:00:00  Logging to daily summary: "19:00 0 0 -10 0 0 0"
19:00:00  Service running OK
19:15:00  Service running OK
19:30:00  Logging to daily summary: "19:30 0 0 -10 0 0 0"
19:30:00  Service running OK
19:45:00  Service running OK
20:00:00  Logging to daily summary: "20:00 0 0 -10 0 0 0"
20:00:00  Service running OK
20:15:06  Service running OK
20:30:06  Logging to daily summary: "20:30 0 0 -10 0 0 0"
20:30:06  Service running OK
20:45:06  Service running OK
21:00:06  Logging to daily summary: "21:00 0 0 -10 0 0 0"
21:00:06  Service running OK
21:15:06  Service running OK
21:30:06  Logging to daily summary: "21:30 0 0 -10 0 0 0"
21:30:06  Service running OK
21:45:06  Service running OK
22:00:06  Logging to daily summary: "22:00 0 0 -10 0 0 0"
22:00:06  Service running OK
22:00:39  Stop time reached.
22:00:39  Camera 'Level 1 Science Centre Entry 1' - final counts 0 0
22:00:39  Camera 'Level 1 Science Centre Entry 2' - final counts 9 13
22:00:39  Camera 'Level 1 Science Centre Lift' - final counts 0 0
22:00:39  Camera 'Level 2 Main Entry' - final counts 2 2
22:00:39  Camera 'Level 2 Lift' - final counts 0 6
22:00:39  Camera 'Shop A' - final counts 0 0
22:00:39  Camera 'Shop B' - final counts 0 0
22:00:39  Camera 'Shop Whale Mall' - final counts 0 0
22:00:39  Camera 'Level 2 Cafe' - final counts 0 0
22:00:39  Zone: Zone1                    	11	21	-10
22:00:39  Zone: Zone2                    	0	0	0
22:00:39  Level 1 Science Centre Entry 1: IrisysIP counts reset requested.
22:00:39  Level 1 Science Centre Entry 2: IrisysIP counts reset requested.
22:00:39  Level 1 Science Centre Lift: IrisysIP counts reset requested.
22:00:39  Level 2 Main Entry: IrisysIP counts reset requested.
22:00:39  Level 2 Lift: IrisysIP counts reset requested.
22:00:39  Shop A: IrisysIP counts reset requested.
22:00:39  Shop B: IrisysIP counts reset requested.
22:00:39  Shop Whale Mall: IrisysIP counts reset requested.
22:00:39  Level 2 Cafe: IrisysIP counts reset requested.
22:00:47  Email sent successfully.
22:00:47  Displaying shutdown on 0 display(s)
22:00:47  End the manager threads.
22:00:47  Close all CAN threads.
22:00:47  All CAN threads, now flagged to be closed.
22:00:47  Close all IrisysIP threads.
22:01:03  Attempting to reset counts for IrisysIP Camera Level 1 Science Centre Lift
22:01:05  Attempting to reset counts for IrisysIP Camera Level 1 Science Centre Entry 1
22:01:07  Attempting to reset counts for IrisysIP Camera Level 2 Lift
22:01:34  Error! Level 1 Science Centre Entry 1: The IrisysIP thread needs to be terminated but has not reset.
22:01:34  Level 1 Science Centre Entry 1: The Irisys IP thread has been flagged to end.
22:01:55  Level 1 Science Centre Lift: InCountCorrection set in registry to: 0
22:01:55  Level 1 Science Centre Lift: OutCountCorrection set in registry to: 0
22:01:56  Level 1 Science Centre Lift: has reset camera
22:01:56  Level 1 Science Centre Entry 1: Main Data Collection loop has finished (g_bStopFlag=0, m_bEndThread=1).
22:01:56  Level 1 Science Centre Entry 1: The Irisys IP thread has ended.
22:01:59  Level 2 Lift: InCountCorrection set in registry to: 0
22:01:59  Level 2 Lift: OutCountCorrection set in registry to: 0
22:02:00  Level 2 Lift: has reset camera
22:02:04  Attempting to reset counts for IrisysIP Camera Level 1 Science Centre Entry 2
22:02:06  Level 1 Science Centre Entry 2: InCountCorrection set in registry to: 0
22:02:06  Level 1 Science Centre Entry 2: OutCountCorrection set in registry to: 0
22:02:07  Level 1 Science Centre Entry 2: has reset camera
22:02:07  Level 1 Science Centre Entry 2: The Irisys IP thread has been flagged to end.
22:02:08  Attempting to reset counts for IrisysIP Camera Level 2 Main Entry
22:02:24  Level 2 Main Entry: InCountCorrection set in registry to: 0
22:02:24  Level 2 Main Entry: OutCountCorrection set in registry to: 0
22:02:25  Level 2 Main Entry: has reset camera
22:02:57  Camera: Level 1 Science Centre Lift             	0	0
22:03:01  Camera: Level 2 Lift                            	0	0
22:03:01  Level 2 Lift IrisysIP camera has reset
22:03:06  Level 1 Science Centre Entry 2: Main Data Collection loop has finished (g_bStopFlag=0, m_bEndThread=1).
22:03:06  Level 1 Science Centre Entry 2: The Irisys IP thread has ended.
22:03:06  Level 1 Science Centre Lift: The Irisys IP thread has been flagged to end.
22:03:26  Camera: Level 2 Main Entry                      	0	0
22:03:26  Level 2 Main Entry IrisysIP camera has reset
22:03:56  Level 1 Science Centre Lift: Main Data Collection loop has finished (g_bStopFlag=0, m_bEndThread=1).
22:03:56  Level 1 Science Centre Lift: The Irisys IP thread has ended.
22:03:56  Level 2 Main Entry: The Irisys IP thread has been flagged to end.
22:04:25  Level 2 Main Entry: Main Data Collection loop has finished (g_bStopFlag=0, m_bEndThread=1).
22:04:25  Level 2 Main Entry: The Irisys IP thread has ended.
22:04:25  Level 2 Lift: The Irisys IP thread has been flagged to end.
22:05:01  Level 2 Lift: Main Data Collection loop has finished (g_bStopFlag=0, m_bEndThread=1).
22:05:01  Level 2 Lift: The Irisys IP thread has ended.
22:05:02  Shop A: The Irisys IP thread has been flagged to end.
22:05:28  Shop A: Main Data Collection loop has finished (g_bStopFlag=0, m_bEndThread=1).
22:05:28  Shop A: The Irisys IP thread has ended.
22:05:28  Shop B: The Irisys IP thread has been flagged to end.
22:05:28  Shop B: Main Data Collection loop has finished (g_bStopFlag=0, m_bEndThread=1).
22:05:28  Shop B: The Irisys IP thread has ended.
22:05:28  Shop Whale Mall: The Irisys IP thread has been flagged to end.
22:05:28  Shop Whale Mall: Main Data Collection loop has finished (g_bStopFlag=0, m_bEndThread=1).
22:05:28  Shop Whale Mall: The Irisys IP thread has ended.
22:05:28  Level 2 Cafe: The Irisys IP thread has been flagged to end.
22:05:28  Level 2 Cafe: Main Data Collection loop has finished (g_bStopFlag=0, m_bEndThread=1).
22:05:28  Level 2 Cafe: The Irisys IP thread has ended.
22:05:28  All IrisysIP threads, now flagged to be closed.
22:05:28  Close all iCount threads.
22:05:28  All iCount threads, now flagged to be closed.
22:05:28  Close all eDAM threads.
22:05:28  All eDAM threads, now flagged to be closed.
22:05:28  Camera 'Level 1 Science Centre Entry 1' - maximum flow 0 at 09:30:00
22:05:28  Camera 'Level 1 Science Centre Entry 2' - maximum flow 12 at 11:10:01
22:05:28  Camera 'Level 1 Science Centre Lift' - maximum flow 0 at 09:30:00
22:05:28  Camera 'Level 2 Main Entry' - maximum flow 4 at 16:45:17
22:05:28  Camera 'Level 2 Lift' - maximum flow 2 at 12:49:14
22:05:28  Camera 'Shop A' - maximum flow 0 at 09:30:00
22:05:28  Camera 'Shop B' - maximum flow 0 at 09:30:00
22:05:28  Camera 'Shop Whale Mall' - maximum flow 0 at 09:30:00
22:05:28  Camera 'Level 2 Cafe' - maximum flow 0 at 09:30:00
22:05:28  Camera 'Level 1 Science Centre Entry 1' refreshing registry counts
22:05:28  Camera 'Level 1 Science Centre Entry 2' refreshing registry counts
22:05:28  Camera 'Level 1 Science Centre Lift' refreshing registry counts
22:05:28  Camera 'Level 2 Main Entry' refreshing registry counts
22:05:28  Camera 'Level 2 Lift' refreshing registry counts
22:05:28  Camera 'Shop A' refreshing registry counts
22:05:28  Camera 'Shop B' refreshing registry counts
22:05:28  Camera 'Shop Whale Mall' refreshing registry counts
22:05:28  Camera 'Level 2 Cafe' refreshing registry counts
22:05:28  Zone 'Zone1' refreshing file counts
22:05:28  Zone 'Zone2' refreshing file counts
22:05:28  Processing application not specified
22:05:28  Logging Counting Stopped

