
05:15:25  RECAP $Revision: 3.13.2.13 $ ($State: Exp $) built 09:15:45, Aug  3 2010
05:15:25  Logging Counting Started
05:15:25  Start time: 09:30 (570 minutes past midnight)
05:15:25  Stop time: 22:00 (1320 minutes past midnight)
05:15:25  Log period: 30 minutes
05:15:25  Initialising 0 display(s)
05:15:25  Initialising 9 camera(s)
05:15:25  IrisysIP counter(s) in use, Starting BlackFin API
05:15:25  If RECAP crashes, check .NET framework and VCRedist are installed.
05:15:26  BlackFin API Started.
05:15:26  BlackFin API Started up OK. Version: 1.10.0.5
05:15:26  Initialising 2 zone(s)
05:15:26  Outputting 'Zone1' zone data to 'Zones\Zone1.txt'
05:15:26  Outputting 'Zone2' zone data to 'Zones\Zone2.txt'
05:15:26  Displaying shutdown on 0 display(s)
05:15:26  Waiting till start time
09:30:00  Start time reached
09:30:00  Adding Level 1 Science Centre Entry 1 thread to Watchdog
09:30:00  Level 1 Science Centre Entry 1: InCountCorrection set in registry to: 0
09:30:00  Level 1 Science Centre Entry 1: OutCountCorrection set in registry to: 0
09:30:00  Adding Level 1 Science Centre Entry 2 thread to Watchdog
09:30:00  Level 1 Science Centre Entry 2: InCountCorrection set in registry to: 0
09:30:00  Level 1 Science Centre Entry 2: OutCountCorrection set in registry to: 0
09:30:00  Adding Level 1 Science Centre Lift thread to Watchdog
09:30:00  Level 1 Science Centre Lift: InCountCorrection set in registry to: 0
09:30:00  Level 1 Science Centre Lift: OutCountCorrection set in registry to: 0
09:30:00  Adding Level 2 Main Entry thread to Watchdog
09:30:00  Level 2 Main Entry: InCountCorrection set in registry to: 0
09:30:00  Level 2 Main Entry: OutCountCorrection set in registry to: 0
09:30:00  Adding Level 2 Lift thread to Watchdog
09:30:00  Level 2 Lift: InCountCorrection set in registry to: 0
09:30:00  Level 2 Lift: OutCountCorrection set in registry to: 0
09:30:00  Adding Shop A thread to Watchdog
09:30:00  Shop A: InCountCorrection set in registry to: 0
09:30:00  Shop A: OutCountCorrection set in registry to: 0
09:30:00  Adding Shop B thread to Watchdog
09:30:00  Shop B: InCountCorrection set in registry to: 0
09:30:00  Shop B: OutCountCorrection set in registry to: 0
09:30:00  Adding Shop Whale Mall thread to Watchdog
09:30:00  Shop Whale Mall: InCountCorrection set in registry to: 0
09:30:00  Shop Whale Mall: OutCountCorrection set in registry to: 0
09:30:00  Adding Level 2 Cafe thread to Watchdog
09:30:00  Level 2 Cafe: InCountCorrection set in registry to: 0
09:30:00  Level 2 Cafe: OutCountCorrection set in registry to: 0
09:30:02  New day, Reset counts and busiest times in registry
09:30:02  Camera Level 1 Science Centre Entry 1 Counts 	= In:0, Out:0
09:30:02  Camera Level 1 Science Centre Entry 2 Counts 	= In:0, Out:0
09:30:02  Camera Level 1 Science Centre Lift Counts 	= In:0, Out:0
09:30:02  Camera Level 2 Main Entry Counts 	= In:0, Out:0
09:30:02  Camera Level 2 Lift Counts 	= In:0, Out:0
09:30:02  Camera Shop A Counts 	= In:0, Out:0
09:30:02  Camera Shop B Counts 	= In:0, Out:0
09:30:02  Camera Shop Whale Mall Counts 	= In:0, Out:0
09:30:02  Camera Level 2 Cafe Counts 	= In:0, Out:0
09:30:02  Starting main data collection loop.
09:30:03  Level 2 Lift: Connect Success (5) (serial num:2158593872)
09:30:04  Level 2 Lift: MAC:00-21-AC-00-2F-8C IP Firmware:4.0.2.30311 Monitor Firmware:42.4.0.404
09:30:05  Zone: Zone1                    	0	0	0
09:30:05  Zone: Zone2                    	0	0	0
09:30:05  Logging to daily summary: "09:30 0 0 0 0 0 0"
09:30:05  Service running OK
09:30:10  Level 2 Lift: Status msgs: 0,0
09:30:11  Level 2 Lift: Current DeviceID: DefaultID
09:30:24  Level 2 Main Entry: Connect Success (4) (serial num:2158593780)
09:30:25  Level 2 Main Entry: MAC:00-21-AC-00-30-D9 IP Firmware:4.0.2.30311 Monitor Firmware:42.4.0.404
09:30:29  Level 1 Science Centre Lift: Connect Success (3) (serial num:2158593853)
09:30:30  Level 1 Science Centre Lift: MAC:00-21-AC-00-30-1A IP Firmware:4.0.2.30311 Monitor Firmware:42.4.0.404
09:30:31  Level 2 Main Entry: Status msgs: 0,0
09:30:31  Level 2 Main Entry: Current DeviceID: DefaultID
09:30:38  Level 1 Science Centre Lift: Status msgs: 0,0
09:30:38  Level 1 Science Centre Lift: Current DeviceID: DefaultID
09:30:50  Shop A: Connect Success (6) (serial num:2158593779)
09:30:51  Shop A: MAC:00-21-AC-00-30-21 IP Firmware:4.0.2.30311 Monitor Firmware:42.4.0.404
09:30:53  Level 1 Science Centre Entry 1: Connect Success (1) (serial num:2158593798)
09:30:54  Shop A: Status msgs: 0,0
09:30:54  Level 1 Science Centre Entry 2: Connect Success (2) (serial num:2158593777)
09:30:55  Shop A: Current DeviceID: DefaultID
09:30:55  Level 1 Science Centre Entry 1: MAC:00-21-AC-00-30-39 IP Firmware:4.0.2.30311 Monitor Firmware:42.4.0.404
09:30:55  Level 1 Science Centre Entry 2: MAC:00-21-AC-00-30-3B IP Firmware:4.0.2.30311 Monitor Firmware:42.4.0.404
09:31:02  Level 1 Science Centre Entry 1: Status msgs: 0,0
09:31:03  Level 1 Science Centre Entry 1: Current DeviceID: DefaultID
09:31:03  Level 1 Science Centre Entry 2: Status msgs: 0,0
09:31:03  Level 1 Science Centre Entry 2: Current DeviceID: DefaultID
09:32:14  Initial Camera Level 2 Lift Counts 	= In:37, Out:53
09:32:18  Level 2 Lift: Date last reset in registry is not today (reset required): 23/12/11
09:32:18  Attempting to reset counts for IrisysIP Camera Level 2 Lift
09:33:14  Level 2 Lift: InCountCorrection set in registry to: 0
09:33:14  Level 2 Lift: OutCountCorrection set in registry to: 0
09:33:15  Initial Camera Level 2 Main Entry Counts 	= In:45, Out:25
09:33:15  Level 2 Lift: has reset camera
09:33:15  Initial Camera Level 1 Science Centre Lift Counts 	= In:4, Out:9
09:33:15  Camera: Level 2 Lift - Counts are now valid.
09:33:15  Initial Camera Shop A Counts 	= In:3788, Out:3591
09:33:15  Initial Camera Level 1 Science Centre Entry 1 Counts 	= In:23, Out:23
09:33:15  Initial Camera Level 1 Science Centre Entry 2 Counts 	= In:8, Out:10
09:33:19  Shop A: Date last reset in registry is not today (reset required): 23/12/11
09:33:19  Level 2 Main Entry: Date last reset in registry is not today (reset required): 23/12/11
09:33:19  Level 1 Science Centre Lift: Date last reset in registry is not today (reset required): 23/12/11
09:33:19  Level 1 Science Centre Entry 1: Date last reset in registry is not today (reset required): 23/12/11
09:33:19  Level 1 Science Centre Entry 2: Date last reset in registry is not today (reset required): 23/12/11
09:33:19  Attempting to reset counts for IrisysIP Camera Shop A
09:33:19  Attempting to reset counts for IrisysIP Camera Level 2 Main Entry
09:33:19  Attempting to reset counts for IrisysIP Camera Level 1 Science Centre Lift
09:33:19  Attempting to reset counts for IrisysIP Camera Level 1 Science Centre Entry 1
09:33:19  Attempting to reset counts for IrisysIP Camera Level 1 Science Centre Entry 2
09:33:58  Shop A: InCountCorrection set in registry to: 0
09:33:58  Shop A: OutCountCorrection set in registry to: 0
09:33:59  Shop A: has reset camera
09:33:59  Camera: Shop A - Counts are now valid.
09:33:59  Level 2 Main Entry: InCountCorrection set in registry to: 0
09:33:59  Level 2 Main Entry: OutCountCorrection set in registry to: 0
09:34:01  Level 2 Main Entry: has reset camera
09:34:01  Camera: Level 2 Main Entry - Counts are now valid.
09:34:01  Level 1 Science Centre Lift: InCountCorrection set in registry to: 0
09:34:01  Level 1 Science Centre Lift: OutCountCorrection set in registry to: 0
09:34:02  Level 1 Science Centre Lift: has reset camera
09:34:02  Camera: Level 1 Science Centre Lift - Counts are now valid.
09:34:06  Level 1 Science Centre Entry 1: InCountCorrection set in registry to: 0
09:34:06  Level 1 Science Centre Entry 1: OutCountCorrection set in registry to: 0
09:34:07  Level 1 Science Centre Entry 1: has reset camera
09:34:07  Camera: Level 1 Science Centre Entry 1 - Counts are now valid.
09:34:08  Level 1 Science Centre Entry 2: InCountCorrection set in registry to: 0
09:34:08  Level 1 Science Centre Entry 2: OutCountCorrection set in registry to: 0
09:34:09  Level 1 Science Centre Entry 2: has reset camera
09:34:09  Camera: Level 1 Science Centre Entry 2 - Counts are now valid.
09:34:16  Camera: Level 2 Lift                            	0	0
09:34:16  Level 2 Lift IrisysIP camera has reset
09:35:00  Camera: Shop A                                  	4	0
09:35:00  Zone: Zone1                    	0	4	-4
09:35:00  Zone: Zone2                    	4	0	4
09:35:02  Camera: Level 2 Main Entry                      	0	1
09:35:03  Camera: Level 1 Science Centre Lift             	0	0
09:35:03  Level 1 Science Centre Lift IrisysIP camera has reset
09:35:08  Camera: Level 1 Science Centre Entry 1          	0	0
09:35:08  Level 1 Science Centre Entry 1 IrisysIP camera has reset
09:35:10  Camera: Level 1 Science Centre Entry 2          	0	0
09:35:10  Level 1 Science Centre Entry 2 IrisysIP camera has reset
09:35:15  Zone: Zone1                    	0	5	-5
09:36:01  Camera: Shop A                                  	4	2
09:36:03  Zone: Zone1                    	2	5	-3
09:36:03  Zone: Zone2                    	4	2	2
09:37:02  Camera: Shop A                                  	8	2
09:37:10  Zone: Zone1                    	2	9	-7
09:37:10  Zone: Zone2                    	8	2	6
09:38:03  Camera: Shop A                                  	11	7
09:38:03  Zone: Zone1                    	7	12	-5
09:38:03  Zone: Zone2                    	11	7	4
09:39:04  Camera: Shop A                                  	12	7
09:39:13  Zone: Zone1                    	7	13	-6
09:39:13  Zone: Zone2                    	12	7	5
09:40:05  Camera: Shop A                                  	13	7
09:40:05  Zone: Zone1                    	7	14	-7
09:40:05  Zone: Zone2                    	13	7	6
09:41:06  Camera: Shop A                                  	14	10
09:41:15  Zone: Zone1                    	10	15	-5
09:41:15  Zone: Zone2                    	14	10	4
09:42:07  Camera: Shop A                                  	16	10
09:42:07  Zone: Zone1                    	10	17	-7
09:42:07  Zone: Zone2                    	16	10	6
09:44:09  Camera: Shop A                                  	18	17
09:44:11  Zone: Zone1                    	17	19	-2
09:44:11  Zone: Zone2                    	18	17	1
09:45:06  Service running OK
09:46:12  Camera: Shop A                                  	24	21
09:46:14  Zone: Zone1                    	21	25	-4
09:46:14  Zone: Zone2                    	24	21	3
09:47:13  Camera: Shop A                                  	30	21
09:47:24  Zone: Zone1                    	21	31	-10
09:47:24  Zone: Zone2                    	30	21	9
09:48:14  Camera: Shop A                                  	37	25
09:48:16  Zone: Zone1                    	25	38	-13
09:48:16  Zone: Zone2                    	37	25	12
09:49:15  Camera: Shop A                                  	39	25
09:49:26  Zone: Zone1                    	25	40	-15
09:49:26  Zone: Zone2                    	39	25	14
09:50:16  Camera: Shop A                                  	45	29
09:50:18  Zone: Zone1                    	29	46	-17
09:50:18  Zone: Zone2                    	45	29	16
09:51:17  Camera: Shop A                                  	48	31
09:51:28  Zone: Zone1                    	31	49	-18
09:51:28  Zone: Zone2                    	48	31	17
09:52:18  Camera: Shop A                                  	56	35
09:52:20  Zone: Zone1                    	35	57	-22
09:52:20  Zone: Zone2                    	56	35	21
09:53:19  Camera: Shop A                                  	62	38
09:53:30  Zone: Zone1                    	38	63	-25
09:53:30  Zone: Zone2                    	62	38	24
09:54:20  Camera: Shop A                                  	63	45
09:54:22  Zone: Zone1                    	45	64	-19
09:54:22  Zone: Zone2                    	63	45	18
09:55:21  Camera: Shop A                                  	66	49
09:55:32  Zone: Zone1                    	49	67	-18
09:55:32  Zone: Zone2                    	66	49	17
09:56:22  Camera: Shop A                                  	74	52
09:56:24  Zone: Zone1                    	52	75	-23
09:56:24  Zone: Zone2                    	74	52	22
09:57:24  Camera: Shop A                                  	74	53
09:57:34  Zone: Zone1                    	53	75	-22
09:57:34  Zone: Zone2                    	74	53	21
09:58:25  Camera: Shop A                                  	74	54
09:58:26  Zone: Zone1                    	54	75	-21
09:58:27  Zone: Zone2                    	74	54	20
09:59:26  Camera: Shop A                                  	80	56
09:59:36  Zone: Zone1                    	56	81	-25
09:59:36  Zone: Zone2                    	80	56	24
10:00:13  Logging to daily summary: "10:00 56 81 -10 80 56 9"
10:00:13  Service running OK
10:03:30  Camera: Shop A                                  	82	58
10:03:30  Zone: Zone1                    	58	83	-25
10:03:30  Zone: Zone2                    	82	58	24
10:04:31  Camera: Shop A                                  	82	64
10:04:40  Zone: Zone1                    	64	83	-19
10:04:40  Zone: Zone2                    	82	64	18
10:05:32  Camera: Shop A                                  	85	64
10:05:32  Zone: Zone1                    	64	86	-22
10:05:32  Zone: Zone2                    	85	64	21
10:06:33  Camera: Shop A                                  	88	64
10:06:42  Zone: Zone1                    	64	89	-25
10:06:42  Zone: Zone2                    	88	64	24
10:08:35  Camera: Shop A                                  	90	74
10:08:46  Zone: Zone1                    	74	91	-17
10:08:46  Zone: Zone2                    	90	74	16
10:09:37  Camera: Shop A                                  	94	74
10:09:38  Zone: Zone1                    	74	95	-21
10:09:38  Zone: Zone2                    	94	74	20
10:10:38  Camera: Shop A                                  	98	76
10:10:48  Zone: Zone1                    	76	99	-23
10:10:48  Zone: Zone2                    	98	76	22
10:12:40  Camera: Shop A                                  	98	77
10:12:52  Zone: Zone1                    	77	99	-22
10:12:52  Zone: Zone2                    	98	77	21
10:13:41  Camera: Shop A                                  	102	77
10:13:44  Zone: Zone1                    	77	103	-26
10:13:44  Zone: Zone2                    	102	77	25
10:14:42  Camera: Shop A                                  	104	78
10:14:54  Zone: Zone1                    	78	105	-27
10:14:54  Zone: Zone2                    	104	78	26
10:15:13  Service running OK
10:15:43  Camera: Shop A                                  	105	78
10:15:46  Zone: Zone1                    	78	106	-28
10:15:46  Zone: Zone2                    	105	78	27
10:15:52  Camera: Level 1 Science Centre Entry 1          	3	2
10:15:53  Camera: Level 1 Science Centre Entry 2          	1	1
10:16:02  Zone: Zone1                    	82	109	-27
10:16:44  Camera: Shop A                                  	107	78
10:16:51  Zone: Zone1                    	82	111	-29
10:16:51  Zone: Zone2                    	107	78	29
10:16:53  Camera: Level 1 Science Centre Entry 1          	3	3
10:16:54  Camera: Level 1 Science Centre Entry 2          	1	2
10:17:07  Zone: Zone1                    	82	113	-31
10:18:47  Camera: Shop A                                  	109	82
10:18:50  Zone: Zone1                    	86	115	-29
10:18:50  Zone: Zone2                    	109	82	27
10:19:48  Camera: Shop A                                  	109	85
10:20:00  Zone: Zone1                    	89	115	-26
10:20:00  Zone: Zone2                    	109	85	24
10:20:49  Camera: Shop A                                  	111	87
10:20:52  Zone: Zone1                    	91	117	-26
10:20:52  Zone: Zone2                    	111	87	24
10:21:50  Camera: Shop A                                  	113	87
10:22:02  Zone: Zone1                    	91	119	-28
10:22:02  Zone: Zone2                    	113	87	26
10:23:52  Camera: Shop A                                  	118	87
10:24:06  Zone: Zone1                    	91	124	-33
10:24:06  Zone: Zone2                    	118	87	31
10:24:53  Camera: Shop A                                  	118	101
10:24:58  Zone: Zone1                    	105	124	-19
10:24:58  Zone: Zone2                    	118	101	17
10:26:56  Camera: Shop A                                  	125	102
10:27:02  Zone: Zone1                    	106	131	-25
10:27:02  Zone: Zone2                    	125	102	23
10:27:57  Camera: Shop A                                  	125	104
10:28:12  Zone: Zone1                    	108	131	-23
10:28:12  Zone: Zone2                    	125	104	21
10:29:59  Camera: Shop A                                  	125	108
10:29:59  Zone: Zone1                    	112	131	-19
10:29:59  Zone: Zone2                    	125	108	17
10:30:18  Logging to daily summary: "10:30 56 50 -24 45 52 23"
10:30:18  Service running OK
10:31:00  Camera: Shop A                                  	126	111
10:31:09  Zone: Zone1                    	115	132	-17
10:31:09  Zone: Zone2                    	126	111	15
10:32:01  Camera: Shop A                                  	129	111
10:32:01  Zone: Zone1                    	115	135	-20
10:32:01  Zone: Zone2                    	129	111	18
10:33:02  Camera: Shop A                                  	132	112
10:33:11  Zone: Zone1                    	116	138	-22
10:33:11  Zone: Zone2                    	132	112	20
10:34:03  Camera: Shop A                                  	132	114
10:34:03  Zone: Zone1                    	118	138	-20
10:34:03  Zone: Zone2                    	132	114	18
10:35:04  Camera: Shop A                                  	135	116
10:35:13  Zone: Zone1                    	120	141	-21
10:35:13  Zone: Zone2                    	135	116	19
10:36:06  Camera: Shop A                                  	137	116
10:36:06  Zone: Zone1                    	120	143	-23
10:36:06  Zone: Zone2                    	137	116	21
10:37:07  Camera: Shop A                                  	137	120
10:37:15  Zone: Zone1                    	124	143	-19
10:37:15  Zone: Zone2                    	137	120	17
10:38:08  Camera: Shop A                                  	141	123
10:38:08  Zone: Zone1                    	127	147	-20
10:38:08  Zone: Zone2                    	141	123	18
10:39:09  Camera: Shop A                                  	145	123
10:39:18  Zone: Zone1                    	127	151	-24
10:39:18  Zone: Zone2                    	145	123	22
10:40:10  Camera: Shop A                                  	147	123
10:40:10  Zone: Zone1                    	127	153	-26
10:40:10  Zone: Zone2                    	147	123	24
10:41:11  Camera: Shop A                                  	152	135
10:41:20  Zone: Zone1                    	139	158	-19
10:41:20  Zone: Zone2                    	152	135	17
10:42:12  Camera: Shop A                                  	152	138
10:42:13  Zone: Zone1                    	142	158	-16
10:42:13  Zone: Zone2                    	152	138	14
10:43:14  Camera: Shop A                                  	158	143
10:43:22  Zone: Zone1                    	147	164	-17
10:43:22  Zone: Zone2                    	158	143	15
10:44:15  Camera: Shop A                                  	160	144
10:44:15  Zone: Zone1                    	148	166	-18
10:44:15  Zone: Zone2                    	160	144	16
10:45:09  Service running OK
10:45:16  Camera: Shop A                                  	164	146
10:45:24  Zone: Zone1                    	150	170	-20
10:45:24  Zone: Zone2                    	164	146	18
10:46:17  Camera: Shop A                                  	168	147
10:46:17  Zone: Zone1                    	151	174	-23
10:46:17  Zone: Zone2                    	168	147	21
10:47:18  Camera: Shop A                                  	173	152
10:47:27  Zone: Zone1                    	156	179	-23
10:47:27  Zone: Zone2                    	173	152	21
10:48:19  Camera: Shop A                                  	173	154
10:48:19  Zone: Zone1                    	158	179	-21
10:48:19  Zone: Zone2                    	173	154	19
10:49:20  Camera: Shop A                                  	173	156
10:49:29  Zone: Zone1                    	160	179	-19
10:49:29  Zone: Zone2                    	173	156	17
10:50:22  Camera: Shop A                                  	173	157
10:50:22  Zone: Zone1                    	161	179	-18
10:50:22  Zone: Zone2                    	173	157	16
10:51:23  Camera: Shop A                                  	173	158
10:51:31  Zone: Zone1                    	162	179	-17
10:51:31  Zone: Zone2                    	173	158	15
10:52:24  Camera: Shop A                                  	174	158
10:52:24  Zone: Zone1                    	162	180	-18
10:52:24  Zone: Zone2                    	174	158	16
10:53:25  Camera: Shop A                                  	179	158
10:53:34  Zone: Zone1                    	162	185	-23
10:53:34  Zone: Zone2                    	179	158	21
10:54:26  Camera: Shop A                                  	181	161
10:54:26  Zone: Zone1                    	165	187	-22
10:54:26  Zone: Zone2                    	181	161	20
10:55:27  Camera: Shop A                                  	185	164
10:55:36  Zone: Zone1                    	168	191	-23
10:55:36  Zone: Zone2                    	185	164	21
10:58:31  Camera: Shop A                                  	185	166
10:58:34  Zone: Zone1                    	170	191	-21
10:58:34  Zone: Zone2                    	185	166	19
10:59:32  Camera: Shop A                                  	192	169
10:59:44  Zone: Zone1                    	173	198	-25
10:59:44  Zone: Zone2                    	192	169	23
11:00:03  Logging to daily summary: "11:00 61 67 -20 67 61 18"
11:00:03  Service running OK
11:00:33  Camera: Shop A                                  	192	174
11:00:36  Zone: Zone1                    	178	198	-20
11:00:36  Zone: Zone2                    	192	174	18
11:01:34  Camera: Shop A                                  	194	174
11:01:46  Zone: Zone1                    	178	200	-22
11:01:46  Zone: Zone2                    	194	174	20
11:03:36  Camera: Shop A                                  	201	185
11:03:50  Zone: Zone1                    	189	207	-18
11:03:50  Zone: Zone2                    	201	185	16
11:04:37  Camera: Shop A                                  	201	190
11:04:42  Zone: Zone1                    	194	207	-13
11:04:42  Zone: Zone2                    	201	190	11
11:05:39  Camera: Shop A                                  	204	201
11:05:52  Zone: Zone1                    	205	210	-5
11:05:52  Zone: Zone2                    	204	201	3
11:06:40  Camera: Shop A                                  	211	203
11:06:44  Zone: Zone1                    	207	217	-10
11:06:44  Zone: Zone2                    	211	203	8
11:07:41  Camera: Shop A                                  	219	207
11:07:54  Zone: Zone1                    	211	225	-14
11:07:54  Zone: Zone2                    	219	207	12
11:08:42  Camera: Shop A                                  	223	208
11:08:46  Zone: Zone1                    	212	229	-17
11:08:46  Zone: Zone2                    	223	208	15
11:09:43  Camera: Shop A                                  	223	212
11:09:56  Zone: Zone1                    	216	229	-13
11:09:56  Zone: Zone2                    	223	212	11
11:10:44  Camera: Shop A                                  	223	214
11:10:48  Zone: Zone1                    	218	229	-11
11:10:48  Zone: Zone2                    	223	214	9
11:11:46  Camera: Shop A                                  	223	217
11:11:58  Zone: Zone1                    	221	229	-8
11:11:58  Zone: Zone2                    	223	217	6
11:12:47  Camera: Shop A                                  	223	218
11:12:50  Zone: Zone1                    	222	229	-7
11:12:50  Zone: Zone2                    	223	218	5
11:13:48  Camera: Shop A                                  	230	222
11:14:00  Zone: Zone1                    	226	236	-10
11:14:00  Zone: Zone2                    	230	222	8
11:14:49  Camera: Shop A                                  	230	224
11:14:52  Zone: Zone1                    	228	236	-8
11:14:52  Zone: Zone2                    	230	224	6
11:15:11  Service running OK
11:15:50  Camera: Shop A                                  	237	225
11:15:52  Camera: Level 2 Main Entry                      	0	2
11:16:02  Zone: Zone1                    	229	244	-15
11:16:02  Zone: Zone2                    	237	225	12
11:16:51  Camera: Shop A                                  	239	226
11:16:52  Zone: Zone1                    	230	246	-16
11:16:52  Zone: Zone2                    	239	226	13
11:16:53  Camera: Level 2 Main Entry                      	1	2
11:17:08  Zone: Zone1                    	231	246	-15
11:17:52  Camera: Shop A                                  	239	232
11:18:00  Zone: Zone1                    	237	246	-9
11:18:00  Zone: Zone2                    	239	232	7
11:18:53  Camera: Shop A                                  	248	234
11:18:54  Zone: Zone1                    	239	255	-16
11:18:54  Zone: Zone2                    	248	234	14
11:20:56  Camera: Shop A                                  	256	241
11:20:57  Zone: Zone1                    	246	263	-17
11:20:57  Zone: Zone2                    	256	241	15
11:21:57  Camera: Shop A                                  	256	243
11:22:07  Zone: Zone1                    	248	263	-15
11:22:07  Zone: Zone2                    	256	243	13
11:22:58  Camera: Shop A                                  	260	243
11:22:59  Zone: Zone1                    	248	267	-19
11:22:59  Zone: Zone2                    	260	243	17
11:25:00  Camera: Shop A                                  	266	247
11:25:03  Zone: Zone1                    	252	273	-21
11:25:03  Zone: Zone2                    	266	247	19
11:27:03  Camera: Shop A                                  	269	247
11:27:07  Zone: Zone1                    	252	276	-24
11:27:07  Zone: Zone2                    	269	247	22
11:28:04  Camera: Shop A                                  	269	248
11:28:17  Zone: Zone1                    	253	276	-23
11:28:17  Zone: Zone2                    	269	248	21
11:29:05  Camera: Shop A                                  	270	248
11:29:09  Zone: Zone1                    	253	277	-24
11:29:09  Zone: Zone2                    	270	248	22
11:30:04  Logging to daily summary: "11:30 80 79 -15 78 79 13"
11:30:04  Service running OK
11:30:06  Camera: Shop A                                  	272	250
11:30:19  Zone: Zone1                    	255	279	-24
11:30:19  Zone: Zone2                    	272	250	22
11:31:07  Camera: Shop A                                  	274	252
11:31:11  Zone: Zone1                    	257	281	-24
11:31:11  Zone: Zone2                    	274	252	22
11:32:08  Camera: Shop A                                  	276	252
11:32:21  Zone: Zone1                    	257	283	-26
11:32:21  Zone: Zone2                    	276	252	24
11:33:09  Camera: Shop A                                  	277	257
11:33:13  Zone: Zone1                    	262	284	-22
11:33:13  Zone: Zone2                    	277	257	20
11:36:13  Camera: Shop A                                  	278	257
11:36:16  Zone: Zone1                    	262	285	-23
11:36:16  Zone: Zone2                    	278	257	21
11:38:15  Camera: Shop A                                  	282	257
11:38:24  Zone: Zone1                    	262	289	-27
11:38:24  Zone: Zone2                    	282	257	25
11:40:17  Camera: Shop A                                  	284	259
11:40:30  Zone: Zone1                    	264	291	-27
11:40:30  Zone: Zone2                    	284	259	25
11:41:18  Camera: Shop A                                  	286	262
11:41:22  Zone: Zone1                    	267	293	-26
11:41:22  Zone: Zone2                    	286	262	24
11:42:19  Camera: Shop A                                  	290	263
11:42:33  Zone: Zone1                    	268	297	-29
11:42:33  Zone: Zone2                    	290	263	27
11:43:21  Camera: Shop A                                  	292	268
11:43:26  Zone: Zone1                    	273	299	-26
11:43:26  Zone: Zone2                    	292	268	24
11:44:22  Camera: Shop A                                  	299	268
11:44:36  Zone: Zone1                    	273	306	-33
11:44:36  Zone: Zone2                    	299	268	31
11:45:13  Service running OK
11:45:23  Camera: Shop A                                  	303	272
11:45:28  Zone: Zone1                    	277	310	-33
11:45:28  Zone: Zone2                    	303	272	31
11:46:24  Camera: Shop A                                  	306	278
11:46:24  Zone: Zone1                    	283	313	-30
11:46:24  Zone: Zone2                    	306	278	28
11:47:25  Camera: Shop A                                  	309	281
11:47:35  Zone: Zone1                    	286	316	-30
11:47:35  Zone: Zone2                    	309	281	28
11:48:26  Camera: Shop A                                  	314	281
11:48:27  Zone: Zone1                    	286	321	-35
11:48:27  Zone: Zone2                    	314	281	33
11:50:29  Camera: Shop A                                  	316	281
11:50:32  Zone: Zone1                    	286	323	-37
11:50:32  Zone: Zone2                    	316	281	35
11:51:30  Camera: Shop A                                  	316	282
11:51:44  Zone: Zone1                    	287	323	-36
11:51:44  Zone: Zone2                    	316	282	34
11:52:31  Camera: Shop A                                  	318	283
11:52:36  Zone: Zone1                    	288	325	-37
11:52:36  Zone: Zone2                    	318	283	35
11:53:32  Camera: Shop A                                  	318	284
11:53:46  Zone: Zone1                    	289	325	-36
11:53:46  Zone: Zone2                    	318	284	34
11:55:34  Camera: Shop A                                  	323	284
11:55:34  Zone: Zone1                    	289	330	-41
11:55:34  Zone: Zone2                    	323	284	39
11:57:37  Camera: Shop A                                  	323	285
11:57:38  Zone: Zone1                    	290	330	-40
11:57:38  Zone: Zone2                    	323	285	38
11:58:38  Camera: Shop A                                  	324	287
11:58:48  Zone: Zone1                    	292	331	-39
11:58:48  Zone: Zone2                    	324	287	37
12:00:01  Logging to daily summary: "12:00 39 54 -30 54 39 28"
12:00:01  Service running OK
12:00:40  Camera: Shop A                                  	325	287
12:00:52  Zone: Zone1                    	292	332	-40
12:00:52  Zone: Zone2                    	325	287	38
12:01:41  Camera: Shop A                                  	325	293
12:01:44  Zone: Zone1                    	298	332	-34
12:01:44  Zone: Zone2                    	325	293	32
12:02:42  Camera: Shop A                                  	327	293
12:02:54  Zone: Zone1                    	298	334	-36
12:02:54  Zone: Zone2                    	327	293	34
12:03:43  Camera: Shop A                                  	329	293
12:03:46  Zone: Zone1                    	298	336	-38
12:03:46  Zone: Zone2                    	329	293	36
12:04:44  Camera: Shop A                                  	329	296
12:04:56  Zone: Zone1                    	301	336	-35
12:04:56  Zone: Zone2                    	329	296	33
12:05:46  Camera: Shop A                                  	329	298
12:05:48  Zone: Zone1                    	303	336	-33
12:05:48  Zone: Zone2                    	329	298	31
12:06:47  Camera: Shop A                                  	330	303
12:06:58  Zone: Zone1                    	308	337	-29
12:06:58  Zone: Zone2                    	330	303	27
12:07:48  Camera: Shop A                                  	339	303
12:07:50  Zone: Zone1                    	308	346	-38
12:07:50  Zone: Zone2                    	339	303	36
12:07:58  Camera: Level 1 Science Centre Entry 2          	1	6
12:08:06  Zone: Zone1                    	308	350	-42
12:08:49  Camera: Shop A                                  	343	303
12:08:58  Zone: Zone1                    	308	354	-46
12:08:58  Zone: Zone2                    	343	303	40
12:09:50  Camera: Shop A                                  	346	305
12:09:50  Zone: Zone1                    	310	357	-47
12:09:50  Zone: Zone2                    	346	305	41
12:12:53  Camera: Shop A                                  	350	305
12:13:06  Zone: Zone1                    	310	361	-51
12:13:06  Zone: Zone2                    	350	305	45
12:13:55  Camera: Shop A                                  	351	308
12:13:58  Zone: Zone1                    	313	362	-49
12:13:58  Zone: Zone2                    	351	308	43
12:14:56  Camera: Shop A                                  	353	311
12:15:08  Zone: Zone1                    	316	364	-48
12:15:08  Zone: Zone2                    	353	311	42
12:15:08  Service running OK
12:15:57  Camera: Shop A                                  	353	313
12:16:00  Zone: Zone1                    	318	364	-46
12:16:00  Zone: Zone2                    	353	313	40
12:16:58  Camera: Shop A                                  	353	317
12:17:10  Zone: Zone1                    	322	364	-42
12:17:10  Zone: Zone2                    	353	317	36
12:17:59  Camera: Shop A                                  	356	319
12:18:02  Zone: Zone1                    	324	367	-43
12:18:02  Zone: Zone2                    	356	319	37
12:19:00  Camera: Shop A                                  	359	319
12:19:12  Zone: Zone1                    	324	370	-46
12:19:12  Zone: Zone2                    	359	319	40
12:20:01  Camera: Shop A                                  	365	319
12:20:04  Zone: Zone1                    	324	376	-52
12:20:04  Zone: Zone2                    	365	319	46
12:21:02  Camera: Shop A                                  	366	320
12:21:14  Zone: Zone1                    	325	377	-52
12:21:14  Zone: Zone2                    	366	320	46
12:23:05  Camera: Shop A                                  	366	322
12:23:18  Zone: Zone1                    	327	377	-50
12:23:18  Zone: Zone2                    	366	322	44
12:24:06  Camera: Shop A                                  	368	323
12:24:10  Zone: Zone1                    	328	379	-51
12:24:10  Zone: Zone2                    	368	323	45
12:25:07  Camera: Shop A                                  	374	323
12:25:20  Zone: Zone1                    	328	385	-57
12:25:20  Zone: Zone2                    	374	323	51
12:27:09  Camera: Shop A                                  	380	323
12:27:24  Zone: Zone1                    	328	391	-63
12:27:24  Zone: Zone2                    	380	323	57
12:28:10  Camera: Shop A                                  	381	323
12:28:16  Zone: Zone1                    	328	392	-64
12:28:16  Zone: Zone2                    	381	323	58
12:30:05  Logging to daily summary: "12:30 36 61 -47 57 36 42"
12:30:05  Service running OK
12:31:14  Camera: Shop A                                  	381	324
12:31:14  Zone: Zone1                    	329	392	-63
12:31:14  Zone: Zone2                    	381	324	57
12:34:17  Camera: Shop A                                  	381	326
12:34:30  Zone: Zone1                    	331	392	-61
12:34:30  Zone: Zone2                    	381	326	55
12:35:18  Camera: Shop A                                  	385	326
12:35:22  Zone: Zone1                    	331	396	-65
12:35:22  Zone: Zone2                    	385	326	59
12:36:20  Camera: Shop A                                  	387	332
12:36:32  Zone: Zone1                    	337	398	-61
12:36:32  Zone: Zone2                    	387	332	55
12:37:21  Camera: Shop A                                  	391	334
12:37:24  Zone: Zone1                    	339	402	-63
12:37:24  Zone: Zone2                    	391	334	57
12:40:23  Camera: Shop A                                  	391	335
12:40:23  Zone: Zone1                    	340	402	-62
12:40:23  Zone: Zone2                    	391	335	56
12:41:23  Camera: Shop A                                  	391	337
12:41:33  Zone: Zone1                    	342	402	-60
12:41:33  Zone: Zone2                    	391	337	54
12:42:23  Camera: Shop A                                  	394	337
12:42:24  Zone: Zone1                    	342	405	-63
12:42:24  Zone: Zone2                    	394	337	57
12:45:06  Service running OK
12:46:25  Camera: Shop A                                  	394	338
12:46:33  Zone: Zone1                    	343	405	-62
12:46:33  Zone: Zone2                    	394	338	56
12:51:30  Camera: Shop A                                  	399	338
12:51:37  Zone: Zone1                    	343	410	-67
12:51:37  Zone: Zone2                    	399	338	61
12:53:32  Camera: Shop A                                  	399	343
12:53:41  Zone: Zone1                    	348	410	-62
12:53:41  Zone: Zone2                    	399	343	56
12:54:33  Camera: Shop A                                  	399	347
12:54:33  Zone: Zone1                    	352	410	-58
12:54:33  Zone: Zone2                    	399	347	52
12:55:34  Camera: Shop A                                  	408	347
12:55:43  Zone: Zone1                    	352	419	-67
12:55:43  Zone: Zone2                    	408	347	61
13:00:14  Logging to daily summary: "13:00 24 27 -63 27 24 57"
13:00:14  Service running OK
13:00:39  Camera: Shop A                                  	408	348
13:00:47  Zone: Zone1                    	353	419	-66
13:00:47  Zone: Zone2                    	408	348	60
13:01:40  Camera: Shop A                                  	408	349
13:01:40  Zone: Zone1                    	354	419	-65
13:01:40  Zone: Zone2                    	408	349	59
13:02:41  Camera: Shop A                                  	408	352
13:02:50  Zone: Zone1                    	357	419	-62
13:02:50  Zone: Zone2                    	408	352	56
13:05:45  Camera: Shop A                                  	410	352
13:05:48  Zone: Zone1                    	357	421	-64
13:05:48  Zone: Zone2                    	410	352	58
13:06:46  Camera: Shop A                                  	415	357
13:06:58  Zone: Zone1                    	362	426	-64
13:06:58  Zone: Zone2                    	415	357	58
13:07:47  Camera: Shop A                                  	417	360
13:07:50  Zone: Zone1                    	365	428	-63
13:07:50  Zone: Zone2                    	417	360	57
13:08:48  Camera: Shop A                                  	417	361
13:09:00  Zone: Zone1                    	366	428	-62
13:09:00  Zone: Zone2                    	417	361	56
13:09:49  Camera: Shop A                                  	419	362
13:09:52  Zone: Zone1                    	367	430	-63
13:09:52  Zone: Zone2                    	419	362	57
13:10:50  Camera: Shop A                                  	425	362
13:11:02  Zone: Zone1                    	367	436	-69
13:11:02  Zone: Zone2                    	425	362	63
13:11:51  Camera: Shop A                                  	426	363
13:11:54  Zone: Zone1                    	368	437	-69
13:11:54  Zone: Zone2                    	426	363	63
13:14:55  Camera: Shop A                                  	427	364
13:15:10  Zone: Zone1                    	369	438	-69
13:15:10  Zone: Zone2                    	427	364	63
13:15:10  Service running OK
13:15:56  Camera: Shop A                                  	427	367
13:16:03  Zone: Zone1                    	372	438	-66
13:16:03  Zone: Zone2                    	427	367	60
13:16:57  Camera: Shop A                                  	430	370
13:16:57  Zone: Zone1                    	375	441	-66
13:16:57  Zone: Zone2                    	430	370	60
13:17:58  Camera: Shop A                                  	430	373
13:18:07  Zone: Zone1                    	378	441	-63
13:18:07  Zone: Zone2                    	430	373	57
13:18:59  Camera: Shop A                                  	434	373
13:18:59  Zone: Zone1                    	378	445	-67
13:18:59  Zone: Zone2                    	434	373	61
13:21:01  Camera: Shop A                                  	440	375
13:21:03  Zone: Zone1                    	380	451	-71
13:21:03  Zone: Zone2                    	440	375	65
13:22:03  Camera: Shop A                                  	443	375
13:22:13  Zone: Zone1                    	380	454	-74
13:22:13  Zone: Zone2                    	443	375	68
13:24:05  Camera: Shop A                                  	443	383
13:24:17  Zone: Zone1                    	388	454	-66
13:24:17  Zone: Zone2                    	443	383	60
13:25:06  Camera: Shop A                                  	453	383
13:25:09  Zone: Zone1                    	388	464	-76
13:25:09  Zone: Zone2                    	453	383	70
13:30:12  Camera: Shop A                                  	454	386
13:30:13  Zone: Zone1                    	391	465	-74
13:30:13  Zone: Zone2                    	454	386	68
13:30:13  Logging to daily summary: "13:30 39 46 -68 46 39 62"
13:30:13  Service running OK
13:31:13  Camera: Shop A                                  	454	389
13:31:23  Zone: Zone1                    	394	465	-71
13:31:23  Zone: Zone2                    	454	389	65
13:32:14  Camera: Shop A                                  	455	390
13:32:15  Zone: Zone1                    	395	466	-71
13:32:15  Zone: Zone2                    	455	390	65
13:33:15  Camera: Shop A                                  	458	390
13:33:25  Zone: Zone1                    	395	469	-74
13:33:25  Zone: Zone2                    	458	390	68
13:36:18  Camera: Shop A                                  	458	393
13:36:23  Zone: Zone1                    	398	469	-71
13:36:23  Zone: Zone2                    	458	393	65
13:37:20  Camera: Shop A                                  	460	401
13:37:33  Zone: Zone1                    	406	471	-65
13:37:33  Zone: Zone2                    	460	401	59
13:38:21  Camera: Shop A                                  	460	405
13:38:25  Zone: Zone1                    	410	471	-61
13:38:25  Zone: Zone2                    	460	405	55
13:40:23  Camera: Shop A                                  	461	405
13:40:29  Zone: Zone1                    	410	472	-62
13:40:29  Zone: Zone2                    	461	405	56
13:41:24  Camera: Shop A                                  	467	405
13:41:39  Zone: Zone1                    	410	478	-68
13:41:39  Zone: Zone2                    	467	405	62
13:42:25  Camera: Shop A                                  	472	405
13:42:31  Zone: Zone1                    	410	483	-73
13:42:31  Zone: Zone2                    	472	405	67
13:44:28  Camera: Shop A                                  	474	407
13:44:35  Zone: Zone1                    	412	485	-73
13:44:35  Zone: Zone2                    	474	407	67
13:45:12  Service running OK
13:45:29  Camera: Shop A                                  	474	411
13:45:29  Zone: Zone1                    	416	485	-69
13:45:29  Zone: Zone2                    	474	411	63
13:46:30  Camera: Shop A                                  	478	412
13:46:38  Zone: Zone1                    	417	489	-72
13:46:38  Zone: Zone2                    	478	412	66
13:47:31  Camera: Shop A                                  	481	414
13:47:31  Zone: Zone1                    	419	492	-73
13:47:31  Zone: Zone2                    	481	414	67
13:48:32  Camera: Shop A                                  	484	414
13:48:41  Zone: Zone1                    	419	495	-76
13:48:41  Zone: Zone2                    	484	414	70
13:49:32  Camera: Shop A                                  	484	417
13:49:33  Zone: Zone1                    	422	495	-73
13:49:33  Zone: Zone2                    	484	417	67
13:50:33  Camera: Shop A                                  	486	417
13:50:43  Zone: Zone1                    	422	497	-75
13:50:43  Zone: Zone2                    	486	417	69
13:54:36  Camera: Shop A                                  	487	422
13:54:36  Zone: Zone1                    	427	498	-71
13:54:36  Zone: Zone2                    	487	422	65
13:56:38  Camera: Shop A                                  	492	425
13:56:40  Zone: Zone1                    	430	503	-73
13:56:40  Zone: Zone2                    	492	425	67
13:57:39  Camera: Shop A                                  	492	429
13:57:50  Zone: Zone1                    	434	503	-69
13:57:50  Zone: Zone2                    	492	429	63
13:58:40  Camera: Shop A                                  	496	434
13:58:42  Zone: Zone1                    	439	507	-68
13:58:42  Zone: Zone2                    	496	434	62
14:00:13  Logging to daily summary: "14:00 48 42 -70 42 48 64"
14:00:13  Service running OK
14:00:42  Camera: Shop A                                  	496	435
14:00:46  Zone: Zone1                    	440	507	-67
14:00:46  Zone: Zone2                    	496	435	61
14:01:43  Camera: Shop A                                  	499	435
14:01:56  Zone: Zone1                    	440	510	-70
14:01:56  Zone: Zone2                    	499	435	64
14:02:44  Camera: Shop A                                  	503	435
14:02:48  Zone: Zone1                    	440	514	-74
14:02:48  Zone: Zone2                    	503	435	68
14:03:45  Camera: Shop A                                  	506	435
14:03:58  Zone: Zone1                    	440	517	-77
14:03:58  Zone: Zone2                    	506	435	71
14:07:50  Camera: Shop A                                  	507	435
14:07:50  Zone: Zone1                    	440	518	-78
14:07:50  Zone: Zone2                    	507	435	72
14:09:52  Camera: Shop A                                  	507	437
14:09:55  Zone: Zone1                    	442	518	-76
14:09:55  Zone: Zone2                    	507	437	70
14:10:53  Camera: Shop A                                  	507	441
14:11:05  Zone: Zone1                    	446	518	-72
14:11:05  Zone: Zone2                    	507	441	66
14:11:54  Camera: Shop A                                  	507	443
14:11:57  Zone: Zone1                    	448	518	-70
14:11:57  Zone: Zone2                    	507	443	64
14:12:55  Camera: Shop A                                  	509	443
14:13:07  Zone: Zone1                    	448	520	-72
14:13:07  Zone: Zone2                    	509	443	66
14:13:57  Camera: Shop A                                  	517	444
14:13:59  Zone: Zone1                    	449	528	-79
14:13:59  Zone: Zone2                    	517	444	73
14:15:12  Service running OK
14:15:59  Camera: Shop A                                  	517	447
14:16:03  Zone: Zone1                    	452	528	-76
14:16:03  Zone: Zone2                    	517	447	70
14:18:01  Camera: Shop A                                  	520	454
14:18:07  Zone: Zone1                    	459	531	-72
14:18:07  Zone: Zone2                    	520	454	66
14:19:02  Camera: Shop A                                  	521	454
14:19:17  Zone: Zone1                    	459	532	-73
14:19:17  Zone: Zone2                    	521	454	67
14:20:03  Camera: Shop A                                  	521	457
14:20:09  Zone: Zone1                    	462	532	-70
14:20:09  Zone: Zone2                    	521	457	64
14:21:04  Camera: Shop A                                  	521	458
14:21:19  Zone: Zone1                    	463	532	-69
14:21:19  Zone: Zone2                    	521	458	63
14:22:05  Camera: Shop A                                  	523	458
14:22:11  Zone: Zone1                    	463	534	-71
14:22:11  Zone: Zone2                    	523	458	65
14:23:07  Camera: Shop A                                  	524	460
14:23:21  Zone: Zone1                    	465	535	-70
14:23:21  Zone: Zone2                    	524	460	64
14:24:08  Camera: Shop A                                  	526	462
14:24:13  Zone: Zone1                    	467	537	-70
14:24:13  Zone: Zone2                    	526	462	64
14:25:09  Camera: Shop A                                  	536	464
14:25:23  Zone: Zone1                    	469	547	-78
14:25:23  Zone: Zone2                    	536	464	72
14:28:12  Camera: Shop A                                  	538	464
14:28:21  Zone: Zone1                    	469	549	-80
14:28:21  Zone: Zone2                    	538	464	74
14:29:13  Camera: Shop A                                  	538	465
14:29:13  Zone: Zone1                    	470	549	-79
14:29:13  Zone: Zone2                    	538	465	73
14:30:08  Logging to daily summary: "14:30 31 42 -74 42 31 68"
14:30:08  Service running OK
14:30:14  Camera: Shop A                                  	538	466
14:30:23  Zone: Zone1                    	471	549	-78
14:30:23  Zone: Zone2                    	538	466	72
14:30:31  Camera: Level 2 Lift                            	0	1
14:30:39  Zone: Zone1                    	471	550	-79
14:31:15  Camera: Shop A                                  	540	466
14:31:16  Zone: Zone1                    	471	552	-81
14:31:16  Zone: Zone2                    	540	466	74
14:34:19  Camera: Shop A                                  	542	467
14:34:29  Zone: Zone1                    	472	554	-82
14:34:29  Zone: Zone2                    	542	467	75
14:35:20  Camera: Shop A                                  	542	469
14:35:21  Zone: Zone1                    	474	554	-80
14:35:21  Zone: Zone2                    	542	469	73
14:36:21  Camera: Shop A                                  	544	474
14:36:31  Zone: Zone1                    	479	556	-77
14:36:31  Zone: Zone2                    	544	474	70
14:37:22  Camera: Shop A                                  	545	476
14:37:23  Zone: Zone1                    	481	557	-76
14:37:23  Zone: Zone2                    	545	476	69
14:38:23  Camera: Shop A                                  	551	486
14:38:33  Zone: Zone1                    	491	563	-72
14:38:33  Zone: Zone2                    	551	486	65
14:39:24  Camera: Shop A                                  	558	491
14:39:25  Zone: Zone1                    	496	570	-74
14:39:25  Zone: Zone2                    	558	491	67
14:39:41  Camera: Level 2 Lift                            	1	2
14:39:42  Zone: Zone1                    	497	571	-74
14:40:26  Camera: Shop A                                  	560	491
14:40:33  Zone: Zone1                    	497	573	-76
14:40:33  Zone: Zone2                    	560	491	69
14:42:28  Camera: Shop A                                  	560	493
14:42:37  Zone: Zone1                    	499	573	-74
14:42:37  Zone: Zone2                    	560	493	67
14:45:02  Service running OK
14:46:32  Camera: Shop A                                  	562	493
14:46:47  Zone: Zone1                    	499	575	-76
14:46:47  Zone: Zone2                    	562	493	69
14:47:33  Camera: Shop A                                  	564	494
14:47:39  Zone: Zone1                    	500	577	-77
14:47:39  Zone: Zone2                    	564	494	70
14:49:36  Camera: Shop A                                  	567	496
14:49:43  Zone: Zone1                    	502	580	-78
14:49:43  Zone: Zone2                    	567	496	71
14:50:37  Camera: Shop A                                  	569	501
14:50:37  Zone: Zone1                    	507	582	-75
14:50:37  Zone: Zone2                    	569	501	68
14:55:42  Camera: Shop A                                  	575	501
14:55:42  Zone: Zone1                    	507	588	-81
14:55:42  Zone: Zone2                    	575	501	74
14:56:43  Camera: Shop A                                  	577	504
14:56:52  Zone: Zone1                    	510	590	-80
14:56:52  Zone: Zone2                    	577	504	73
14:58:45  Camera: Shop A                                  	577	507
14:58:56  Zone: Zone1                    	513	590	-77
14:58:56  Zone: Zone2                    	577	507	70
14:59:46  Camera: Shop A                                  	577	515
14:59:48  Zone: Zone1                    	521	590	-69
14:59:48  Zone: Zone2                    	577	515	62
15:00:07  Logging to daily summary: "15:00 51 41 -76 39 50 69"
15:00:07  Service running OK
15:00:46  Camera: Shop A                                  	579	515
15:00:58  Zone: Zone1                    	521	592	-71
15:00:58  Zone: Zone2                    	579	515	64
15:02:48  Camera: Shop A                                  	580	515
15:03:02  Zone: Zone1                    	521	593	-72
15:03:02  Zone: Zone2                    	580	515	65
15:05:51  Camera: Shop A                                  	580	517
15:05:59  Zone: Zone1                    	523	593	-70
15:05:59  Zone: Zone2                    	580	517	63
15:06:52  Camera: Shop A                                  	581	517
15:06:53  Zone: Zone1                    	523	594	-71
15:06:53  Zone: Zone2                    	581	517	64
15:08:54  Camera: Shop A                                  	583	517
15:08:58  Zone: Zone1                    	523	596	-73
15:08:58  Zone: Zone2                    	583	517	66
15:09:55  Camera: Shop A                                  	583	522
15:10:07  Zone: Zone1                    	528	596	-68
15:10:07  Zone: Zone2                    	583	522	61
15:10:56  Camera: Shop A                                  	589	523
15:10:59  Zone: Zone1                    	529	602	-73
15:10:59  Zone: Zone2                    	589	523	66
15:11:57  Camera: Shop A                                  	591	526
15:12:09  Zone: Zone1                    	532	604	-72
15:12:09  Zone: Zone2                    	591	526	65
15:12:58  Camera: Shop A                                  	591	529
15:13:02  Zone: Zone1                    	535	604	-69
15:13:02  Zone: Zone2                    	591	529	62
15:14:00  Camera: Shop A                                  	593	531
15:14:16  Zone: Zone1                    	537	606	-69
15:14:16  Zone: Zone2                    	593	531	62
15:15:01  Camera: Shop A                                  	593	536
15:15:11  Zone: Zone1                    	542	606	-64
15:15:11  Zone: Zone2                    	593	536	57
15:15:11  Service running OK
15:16:02  Camera: Shop A                                  	599	537
15:16:06  Zone: Zone1                    	543	612	-69
15:16:06  Zone: Zone2                    	599	537	62
15:17:03  Camera: Shop A                                  	599	542
15:17:20  Zone: Zone1                    	548	612	-64
15:17:20  Zone: Zone2                    	599	542	57
15:18:04  Camera: Shop A                                  	604	542
15:18:16  Zone: Zone1                    	548	617	-69
15:18:16  Zone: Zone2                    	604	542	62
15:19:05  Camera: Shop A                                  	604	544
15:19:08  Zone: Zone1                    	550	617	-67
15:19:08  Zone: Zone2                    	604	544	60
15:20:06  Camera: Shop A                                  	606	545
15:20:06  Zone: Zone1                    	551	619	-68
15:20:06  Zone: Zone2                    	606	545	61
15:21:07  Camera: Shop A                                  	608	553
15:21:07  Zone: Zone1                    	559	621	-62
15:21:08  Zone: Zone2                    	608	553	55
15:22:09  Camera: Shop A                                  	611	556
15:22:27  Zone: Zone1                    	562	624	-62
15:22:27  Zone: Zone2                    	611	556	55
15:23:10  Camera: Shop A                                  	613	559
15:23:20  Zone: Zone1                    	565	626	-61
15:23:20  Zone: Zone2                    	613	559	54
15:24:11  Camera: Shop A                                  	617	559
15:24:12  Zone: Zone1                    	565	630	-65
15:24:12  Zone: Zone2                    	617	559	58
15:25:12  Camera: Shop A                                  	625	559
15:25:28  Zone: Zone1                    	565	638	-73
15:25:28  Zone: Zone2                    	625	559	66
15:27:14  Camera: Shop A                                  	630	562
15:27:14  Zone: Zone1                    	568	643	-75
15:27:14  Zone: Zone2                    	630	562	68
15:28:15  Camera: Shop A                                  	635	566
15:28:24  Zone: Zone1                    	572	648	-76
15:28:24  Zone: Zone2                    	635	566	69
15:29:16  Camera: Shop A                                  	637	568
15:29:20  Zone: Zone1                    	574	650	-76
15:29:20  Zone: Zone2                    	637	568	69
15:30:15  Logging to daily summary: "15:30 53 60 -69 60 53 62"
15:30:15  Service running OK
15:30:17  Camera: Shop A                                  	637	575
15:30:31  Zone: Zone1                    	581	650	-69
15:30:32  Zone: Zone2                    	637	575	62
15:31:19  Camera: Shop A                                  	637	577
15:31:28  Zone: Zone1                    	583	650	-67
15:31:28  Zone: Zone2                    	637	577	60
15:32:20  Camera: Shop A                                  	639	580
15:32:24  Zone: Zone1                    	586	652	-66
15:32:24  Zone: Zone2                    	639	580	59
15:33:21  Camera: Shop A                                  	639	582
15:33:21  Zone: Zone1                    	588	652	-64
15:33:21  Zone: Zone2                    	639	582	57
15:34:22  Camera: Shop A                                  	643	585
15:34:32  Zone: Zone1                    	591	656	-65
15:34:32  Zone: Zone2                    	643	585	58
15:35:23  Camera: Shop A                                  	644	593
15:35:27  Zone: Zone1                    	599	657	-58
15:35:28  Zone: Zone2                    	644	593	51
15:36:24  Camera: Shop A                                  	646	594
15:36:24  Zone: Zone1                    	600	659	-59
15:36:24  Zone: Zone2                    	646	594	52
15:37:25  Camera: Shop A                                  	648	594
15:37:34  Zone: Zone1                    	600	661	-61
15:37:34  Zone: Zone2                    	648	594	54
15:39:27  Camera: Shop A                                  	650	594
15:39:38  Zone: Zone1                    	600	663	-63
15:39:38  Zone: Zone2                    	650	594	56
15:44:33  Camera: Shop A                                  	655	596
15:44:42  Zone: Zone1                    	602	668	-66
15:44:42  Zone: Zone2                    	655	596	59
15:45:01  Service running OK
15:45:34  Camera: Shop A                                  	655	598
15:45:34  Zone: Zone1                    	604	668	-64
15:45:34  Zone: Zone2                    	655	598	57
15:46:35  Camera: Shop A                                  	660	598
15:46:44  Zone: Zone1                    	604	673	-69
15:46:44  Zone: Zone2                    	660	598	62
15:48:37  Camera: Shop A                                  	660	601
15:48:48  Zone: Zone1                    	607	673	-66
15:48:48  Zone: Zone2                    	660	601	59
15:50:40  Camera: Shop A                                  	663	603
15:50:52  Zone: Zone1                    	609	676	-67
15:50:52  Zone: Zone2                    	663	603	60
15:51:41  Camera: Shop A                                  	664	603
15:51:44  Zone: Zone1                    	609	677	-68
15:51:44  Zone: Zone2                    	664	603	61
15:52:42  Camera: Shop A                                  	665	603
15:52:54  Zone: Zone1                    	609	678	-69
15:52:54  Zone: Zone2                    	665	603	62
15:53:43  Camera: Shop A                                  	669	605
15:53:46  Zone: Zone1                    	611	682	-71
15:53:46  Zone: Zone2                    	669	605	64
15:54:44  Camera: Shop A                                  	670	605
15:54:56  Zone: Zone1                    	611	683	-72
15:54:56  Zone: Zone2                    	670	605	65
15:55:45  Camera: Shop A                                  	678	605
15:55:48  Zone: Zone1                    	611	691	-80
15:55:48  Zone: Zone2                    	678	605	73
16:00:01  Logging to daily summary: "16:00 37 41 -67 41 37 60"
16:00:01  Service running OK
16:15:01  Service running OK
16:26:21  Error! Level 1 Science Centre Lift: Blackfin failed to connect on 192.168.197.10:4003
 With error:Blackfin failed discovery communication sequence
16:26:21  Level 1 Science Centre Lift: Closing socket to 192.168.197.10:4003 on IrisysIP Manager
16:26:30  Failed to send email.
16:26:40  Level 1 Science Centre Lift: Connecting to IrisysIP at address 192.168.197.10:4003
16:27:22  Level 1 Science Centre Lift: Connect Success (3)
16:30:06  Logging to daily summary: "16:30 0 0 -80 0 0 73"
16:30:06  Service running OK
16:41:35  Camera: Level 2 Main Entry                      	4	2
16:41:45  Zone: Zone1                    	614	691	-77
16:42:36  Camera: Level 2 Main Entry                      	9	2
16:42:37  Zone: Zone1                    	619	691	-72
16:43:37  Camera: Level 2 Main Entry                      	9	5
16:43:47  Zone: Zone1                    	619	694	-75
16:45:00  Service running OK
17:00:00  Logging to daily summary: "17:00 8 3 -76 0 0 73"
17:00:00  Service running OK
17:15:00  Service running OK
17:17:10  Camera: Shop A                                  	678	606
17:17:21  Zone: Zone1                    	620	694	-74
17:17:21  Zone: Zone2                    	678	606	72
17:19:12  Camera: Shop A                                  	679	607
17:19:25  Zone: Zone1                    	621	695	-74
17:19:25  Zone: Zone2                    	679	607	72
17:30:14  Logging to daily summary: "17:30 2 1 -74 1 2 72"
17:30:14  Service running OK
17:45:15  Service running OK
18:00:15  Logging to daily summary: "18:00 0 0 -74 0 0 72"
18:00:15  Service running OK
18:15:15  Service running OK
18:30:17  Logging to daily summary: "18:30 0 0 -74 0 0 72"
18:30:17  Service running OK
18:45:17  Service running OK
19:00:17  Logging to daily summary: "19:00 0 0 -74 0 0 72"
19:00:17  Service running OK
19:15:17  Service running OK
19:30:17  Logging to daily summary: "19:30 0 0 -74 0 0 72"
19:30:17  Service running OK
19:45:17  Service running OK
20:00:17  Logging to daily summary: "20:00 0 0 -74 0 0 72"
20:00:17  Service running OK
20:15:17  Service running OK
20:30:17  Logging to daily summary: "20:30 0 0 -74 0 0 72"
20:30:17  Service running OK
20:45:05  Service running OK
21:00:05  Logging to daily summary: "21:00 0 0 -74 0 0 72"
21:00:05  Service running OK
21:15:05  Service running OK
21:30:08  Logging to daily summary: "21:30 0 0 -74 0 0 72"
21:30:08  Service running OK
21:45:08  Service running OK
22:00:08  Logging to daily summary: "22:00 0 0 -74 0 0 72"
22:00:08  Service running OK
22:00:41  Stop time reached.
22:00:41  Camera 'Level 1 Science Centre Entry 1' - final counts 3 3
22:00:41  Camera 'Level 1 Science Centre Entry 2' - final counts 1 6
22:00:41  Camera 'Level 1 Science Centre Lift' - final counts 0 0
22:00:41  Camera 'Level 2 Main Entry' - final counts 9 5
22:00:41  Camera 'Level 2 Lift' - final counts 1 2
22:00:41  Camera 'Shop A' - final counts 679 607
22:00:41  Camera 'Shop B' - final counts 0 0
22:00:41  Camera 'Shop Whale Mall' - final counts 0 0
22:00:41  Camera 'Level 2 Cafe' - final counts 0 0
22:00:41  Zone: Zone1                    	621	695	-74
22:00:41  Zone: Zone2                    	679	607	72
22:00:41  Level 1 Science Centre Entry 1: IrisysIP counts reset requested.
22:00:41  Level 1 Science Centre Entry 2: IrisysIP counts reset requested.
22:00:41  Level 1 Science Centre Lift: IrisysIP counts reset requested.
22:00:41  Level 2 Main Entry: IrisysIP counts reset requested.
22:00:41  Level 2 Lift: IrisysIP counts reset requested.
22:00:41  Shop A: IrisysIP counts reset requested.
22:00:41  Shop B: IrisysIP counts reset requested.
22:00:41  Shop Whale Mall: IrisysIP counts reset requested.
22:00:41  Level 2 Cafe: IrisysIP counts reset requested.
22:00:50  Failed to send email.
22:00:50  Displaying shutdown on 0 display(s)
22:00:50  End the manager threads.
22:00:50  Close all CAN threads.
22:00:50  All CAN threads, now flagged to be closed.
22:00:50  Close all IrisysIP threads.
22:01:15  Attempting to reset counts for IrisysIP Camera Shop A
22:01:17  Attempting to reset counts for IrisysIP Camera Level 2 Main Entry
22:01:20  Attempting to reset counts for IrisysIP Camera Level 1 Science Centre Lift
22:01:37  Error! Level 1 Science Centre Entry 1: The IrisysIP thread needs to be terminated but has not reset.
22:01:37  Level 1 Science Centre Entry 1: The Irisys IP thread has been flagged to end.
22:02:07  Shop A: InCountCorrection set in registry to: 0
22:02:07  Shop A: OutCountCorrection set in registry to: 0
22:02:08  Shop A: has reset camera
22:02:08  Level 1 Science Centre Entry 1: Main Data Collection loop has finished (g_bStopFlag=0, m_bEndThread=1).
22:02:08  Level 1 Science Centre Entry 1: The Irisys IP thread has ended.
22:02:09  Level 2 Main Entry: InCountCorrection set in registry to: 0
22:02:09  Level 2 Main Entry: OutCountCorrection set in registry to: 0
22:02:10  Level 2 Main Entry: has reset camera
22:02:12  Level 1 Science Centre Lift: InCountCorrection set in registry to: 0
22:02:12  Level 1 Science Centre Lift: OutCountCorrection set in registry to: 0
22:02:13  Level 1 Science Centre Lift: has reset camera
22:02:17  Attempting to reset counts for IrisysIP Camera Level 1 Science Centre Entry 2
22:02:18  Level 1 Science Centre Entry 2: InCountCorrection set in registry to: 0
22:02:18  Level 1 Science Centre Entry 2: OutCountCorrection set in registry to: 0
22:02:19  Level 1 Science Centre Entry 2: has reset camera
22:02:19  Level 1 Science Centre Entry 2: The Irisys IP thread has been flagged to end.
22:02:21  Attempting to reset counts for IrisysIP Camera Level 2 Lift
22:02:24  Level 2 Lift: InCountCorrection set in registry to: 0
22:02:24  Level 2 Lift: OutCountCorrection set in registry to: 0
22:02:25  Level 2 Lift: has reset camera
22:03:09  Camera: Shop A                                  	0	0
22:03:09  Shop A IrisysIP camera has reset
22:03:11  Camera: Level 2 Main Entry                      	0	0
22:03:11  Level 2 Main Entry IrisysIP camera has reset
22:03:14  Camera: Level 1 Science Centre Lift             	0	0
22:03:18  Level 1 Science Centre Entry 2: Main Data Collection loop has finished (g_bStopFlag=0, m_bEndThread=1).
22:03:18  Level 1 Science Centre Entry 2: The Irisys IP thread has ended.
22:03:18  Level 1 Science Centre Lift: The Irisys IP thread has been flagged to end.
22:03:18  Level 1 Science Centre Lift: Main Data Collection loop has finished (g_bStopFlag=0, m_bEndThread=1).
22:03:18  Level 1 Science Centre Lift: The Irisys IP thread has ended.
22:03:18  Level 2 Main Entry: The Irisys IP thread has been flagged to end.
22:03:18  Level 2 Main Entry: Main Data Collection loop has finished (g_bStopFlag=0, m_bEndThread=1).
22:03:18  Level 2 Main Entry: The Irisys IP thread has ended.
22:03:18  Level 2 Lift: The Irisys IP thread has been flagged to end.
22:03:24  Level 2 Lift: Main Data Collection loop has finished (g_bStopFlag=0, m_bEndThread=1).
22:03:24  Level 2 Lift: The Irisys IP thread has ended.
22:03:24  Shop A: The Irisys IP thread has been flagged to end.
22:04:08  Shop A: Main Data Collection loop has finished (g_bStopFlag=0, m_bEndThread=1).
22:04:08  Shop A: The Irisys IP thread has ended.
22:04:08  Shop B: The Irisys IP thread has been flagged to end.
22:04:27  Shop B: Main Data Collection loop has finished (g_bStopFlag=0, m_bEndThread=1).
22:04:27  Shop B: The Irisys IP thread has ended.
22:04:27  Shop Whale Mall: The Irisys IP thread has been flagged to end.
22:04:27  Shop Whale Mall: Main Data Collection loop has finished (g_bStopFlag=0, m_bEndThread=1).
22:04:27  Shop Whale Mall: The Irisys IP thread has ended.
22:04:27  Level 2 Cafe: The Irisys IP thread has been flagged to end.
22:04:27  Level 2 Cafe: Main Data Collection loop has finished (g_bStopFlag=0, m_bEndThread=1).
22:04:27  Level 2 Cafe: The Irisys IP thread has ended.
22:04:27  All IrisysIP threads, now flagged to be closed.
22:04:27  Close all iCount threads.
22:04:27  All iCount threads, now flagged to be closed.
22:04:27  Close all eDAM threads.
22:04:27  All eDAM threads, now flagged to be closed.
22:04:27  Camera 'Level 1 Science Centre Entry 1' - maximum flow 5 at 10:16:02
22:04:27  Camera 'Level 1 Science Centre Entry 2' - maximum flow 4 at 12:08:06
22:04:27  Camera 'Level 1 Science Centre Lift' - maximum flow 0 at 09:30:00
22:04:27  Camera 'Level 2 Main Entry' - maximum flow 5 at 16:43:14
22:04:27  Camera 'Level 2 Lift' - maximum flow 2 at 14:40:00
22:04:27  Camera 'Shop A' - maximum flow 20 at 10:42:13
22:04:27  Camera 'Shop B' - maximum flow 0 at 09:30:00
22:04:27  Camera 'Shop Whale Mall' - maximum flow 0 at 09:30:00
22:04:27  Camera 'Level 2 Cafe' - maximum flow 0 at 09:30:00
22:04:27  Camera 'Level 1 Science Centre Entry 1' refreshing registry counts
22:04:27  Camera 'Level 1 Science Centre Entry 2' refreshing registry counts
22:04:27  Camera 'Level 1 Science Centre Lift' refreshing registry counts
22:04:27  Camera 'Level 2 Main Entry' refreshing registry counts
22:04:27  Camera 'Level 2 Lift' refreshing registry counts
22:04:27  Camera 'Shop A' refreshing registry counts
22:04:27  Camera 'Shop B' refreshing registry counts
22:04:27  Camera 'Shop Whale Mall' refreshing registry counts
22:04:27  Camera 'Level 2 Cafe' refreshing registry counts
22:04:27  Zone 'Zone1' refreshing file counts
22:04:27  Zone 'Zone2' refreshing file counts
22:04:27  Processing application not specified
22:04:27  Logging Counting Stopped

