
07:28:01  RECAP $Revision: 3.13.2.13 $ ($State: Exp $) built 09:15:45, Aug  3 2010
07:28:01  Logging Counting Started
07:28:01  Start time: 09:30 (570 minutes past midnight)
07:28:01  Stop time: 22:00 (1320 minutes past midnight)
07:28:01  Log period: 30 minutes
07:28:01  Initialising 0 display(s)
07:28:01  Initialising 9 camera(s)
07:28:01  IrisysIP counter(s) in use, Starting BlackFin API
07:28:01  If RECAP crashes, check .NET framework and VCRedist are installed.
07:28:01  BlackFin API Started.
07:28:01  BlackFin API Started up OK. Version: 1.10.0.5
07:28:01  Initialising 2 zone(s)
07:28:01  Outputting 'Zone1' zone data to 'Zones\Zone1.txt'
07:28:01  Outputting 'Zone2' zone data to 'Zones\Zone2.txt'
07:28:01  Displaying shutdown on 0 display(s)
07:28:01  Waiting till start time
09:30:00  Start time reached
09:30:00  Adding Level 1 Entry 1 thread to Watchdog
09:30:00  Level 1 Entry 1: InCountCorrection set in registry to: 0
09:30:00  Level 1 Entry 1: OutCountCorrection set in registry to: 0
09:30:00  Adding Level 1 Entry 2 thread to Watchdog
09:30:00  Level 1 Entry 2: InCountCorrection set in registry to: 0
09:30:00  Level 1 Entry 2: OutCountCorrection set in registry to: 0
09:30:00  Adding Level 1 Lift thread to Watchdog
09:30:00  Level 1 Lift: InCountCorrection set in registry to: 0
09:30:00  Level 1 Lift: OutCountCorrection set in registry to: 0
09:30:00  Adding Level 2 Main Entry thread to Watchdog
09:30:00  Level 2 Main Entry: InCountCorrection set in registry to: 0
09:30:00  Level 2 Main Entry: OutCountCorrection set in registry to: 0
09:30:00  Adding Level 2 Lift thread to Watchdog
09:30:00  Level 2 Lift: InCountCorrection set in registry to: 0
09:30:00  Level 2 Lift: OutCountCorrection set in registry to: 0
09:30:00  Adding Shop A thread to Watchdog
09:30:00  Shop A: InCountCorrection set in registry to: 0
09:30:00  Shop A: OutCountCorrection set in registry to: 0
09:30:00  Adding Level 0 Entry thread to Watchdog
09:30:00  Level 0 Entry: InCountCorrection set in registry to: 0
09:30:00  Level 0 Entry: OutCountCorrection set in registry to: 0
09:30:00  Adding Science Centre Entry thread to Watchdog
09:30:00  Science Centre Entry: InCountCorrection set in registry to: 0
09:30:00  Science Centre Entry: OutCountCorrection set in registry to: 0
09:30:00  Adding Spare thread to Watchdog
09:30:00  Spare: InCountCorrection set in registry to: 0
09:30:00  Spare: OutCountCorrection set in registry to: 0
09:30:01  New day, Reset counts and busiest times in registry
09:30:01  Camera Level 1 Entry 1 Counts 	= In:0, Out:0
09:30:01  Camera Level 1 Entry 2 Counts 	= In:0, Out:0
09:30:01  Camera Level 1 Lift Counts 	= In:0, Out:0
09:30:01  Camera Level 2 Main Entry Counts 	= In:0, Out:0
09:30:01  Camera Level 2 Lift Counts 	= In:0, Out:0
09:30:01  Camera Shop A Counts 	= In:0, Out:0
09:30:01  Camera Level 0 Entry Counts 	= In:0, Out:0
09:30:01  Camera Science Centre Entry Counts 	= In:0, Out:0
09:30:01  Camera Spare Counts 	= In:0, Out:0
09:30:02  Starting main data collection loop.
09:30:05  Zone: Zone1                    	0	0	0
09:30:05  Zone: Zone2                    	0	0	0
09:30:05  Logging to daily summary: "09:30 0 0 0 0 0 0"
09:30:05  Service running OK
09:30:07  Level 1 Lift: Connect Success (3) (serial num:2158593853)
09:30:08  Level 1 Lift: MAC:00-21-AC-00-30-1A IP Firmware:4.0.2.30311 Monitor Firmware:42.4.0.404
09:30:10  Level 2 Lift: Connect Success (5) (serial num:2158593872)
09:30:11  Level 2 Lift: MAC:00-21-AC-00-2F-8C IP Firmware:4.0.2.30311 Monitor Firmware:42.4.0.404
09:30:14  Level 2 Main Entry: Connect Success (4) (serial num:2158593780)
09:30:14  Science Centre Entry: Connect Success (9) (serial num:2158593773)
09:30:14  Level 2 Main Entry: MAC:00-21-AC-00-30-D9 IP Firmware:4.0.2.30311 Monitor Firmware:42.4.0.404
09:30:15  Science Centre Entry: MAC:00-21-AC-00-30-1F IP Firmware:4.0.2.30311 Monitor Firmware:42.4.0.404
09:30:22  Level 1 Lift: Status msgs: 0,0
09:30:22  Level 0 Entry: Connect Success (7) (serial num:2158593790)
09:30:22  Level 1 Lift: Current DeviceID: DefaultID
09:30:23  Level 0 Entry: MAC:00-21-AC-00-30-38 IP Firmware:4.0.2.30311 Monitor Firmware:42.4.0.404
09:30:27  Level 1 Entry 2: Connect Success (2) (serial num:2158593777)
09:30:27  Level 1 Entry 2: MAC:00-21-AC-00-30-3B IP Firmware:4.0.2.30311 Monitor Firmware:42.4.0.404
09:30:31  Level 1 Entry 1: Connect Success (1) (serial num:2158593798)
09:30:32  Level 1 Entry 1: MAC:00-21-AC-00-30-39 IP Firmware:4.0.2.30311 Monitor Firmware:42.4.0.404
09:30:37  Shop A: Connect Success (6) (serial num:2158593779)
09:30:38  Shop A: MAC:00-21-AC-00-30-21 IP Firmware:4.0.2.30311 Monitor Firmware:42.4.0.404
09:30:52  Level 2 Lift: Status msgs: 0,0
09:30:52  Science Centre Entry: Status msgs: 0,0
09:30:53  Level 2 Lift: Current DeviceID: DefaultID
09:30:53  Science Centre Entry: Current DeviceID: DefaultID
09:30:56  Level 2 Main Entry: Status msgs: 0,0
09:30:56  Level 2 Main Entry: Current DeviceID: DefaultID
09:31:02  Level 0 Entry: Status msgs: 0,0
09:31:03  Level 0 Entry: Current DeviceID: DefaultID
09:31:13  Level 1 Entry 2: Status msgs: 0,0
09:31:14  Level 1 Entry 2: Current DeviceID: DefaultID
09:31:19  Level 1 Entry 1: Status msgs: 0,0
09:31:19  Level 1 Entry 1: Current DeviceID: DefaultID
09:31:30  Shop A: Status msgs: 0,0
09:31:30  Shop A: Current DeviceID: DefaultID
09:32:25  Initial Camera Level 1 Lift Counts 	= In:0, Out:0
09:32:29  Level 1 Lift: Date last reset in registry is not today (reset required): 05/04/12
09:32:29  Attempting to reset counts for IrisysIP Camera Level 1 Lift
09:33:25  Level 1 Lift: InCountCorrection set in registry to: 0
09:33:25  Level 1 Lift: OutCountCorrection set in registry to: 0
09:33:26  Initial Camera Level 2 Lift Counts 	= In:0, Out:0
09:33:26  Level 1 Lift: has reset camera
09:33:26  Initial Camera Science Centre Entry Counts 	= In:0, Out:0
09:33:26  Camera: Level 1 Lift - Counts are now valid.
09:33:26  Initial Camera Level 2 Main Entry Counts 	= In:0, Out:0
09:33:26  Initial Camera Level 0 Entry Counts 	= In:0, Out:0
09:33:26  Initial Camera Level 1 Entry 2 Counts 	= In:0, Out:0
09:33:26  Initial Camera Level 1 Entry 1 Counts 	= In:481, Out:456
09:33:30  Level 2 Main Entry: Date last reset in registry is not today (reset required): 05/04/12
09:33:30  Level 2 Lift: Date last reset in registry is not today (reset required): 05/04/12
09:33:30  Science Centre Entry: Date last reset in registry is not today (reset required): 05/04/12
09:33:30  Level 0 Entry: Date last reset in registry is not today (reset required): 05/04/12
09:33:30  Level 1 Entry 2: Date last reset in registry is not today (reset required): 05/04/12
09:33:30  Level 1 Entry 1: Date last reset in registry is not today (reset required): 05/04/12
09:33:30  Attempting to reset counts for IrisysIP Camera Level 2 Main Entry
09:33:30  Attempting to reset counts for IrisysIP Camera Level 2 Lift
09:33:30  Attempting to reset counts for IrisysIP Camera Science Centre Entry
09:33:30  Attempting to reset counts for IrisysIP Camera Level 0 Entry
09:33:30  Attempting to reset counts for IrisysIP Camera Level 1 Entry 2
09:33:30  Attempting to reset counts for IrisysIP Camera Level 1 Entry 1
09:33:59  Level 2 Main Entry: InCountCorrection set in registry to: 0
09:33:59  Level 2 Main Entry: OutCountCorrection set in registry to: 0
09:34:00  Level 2 Main Entry: has reset camera
09:34:00  Camera: Level 2 Main Entry - Counts are now valid.
09:34:01  Level 2 Lift: InCountCorrection set in registry to: 0
09:34:01  Level 2 Lift: OutCountCorrection set in registry to: 0
09:34:02  Level 2 Lift: has reset camera
09:34:02  Camera: Level 2 Lift - Counts are now valid.
09:34:02  Science Centre Entry: InCountCorrection set in registry to: 0
09:34:02  Science Centre Entry: OutCountCorrection set in registry to: 0
09:34:03  Science Centre Entry: has reset camera
09:34:03  Camera: Science Centre Entry - Counts are now valid.
09:34:06  Level 0 Entry: InCountCorrection set in registry to: 0
09:34:06  Level 0 Entry: OutCountCorrection set in registry to: 0
09:34:07  Level 0 Entry: has reset camera
09:34:07  Camera: Level 0 Entry - Counts are now valid.
09:34:17  Level 1 Entry 2: InCountCorrection set in registry to: 0
09:34:17  Level 1 Entry 2: OutCountCorrection set in registry to: 0
09:34:18  Level 1 Entry 2: has reset camera
09:34:18  Camera: Level 1 Entry 2 - Counts are now valid.
09:34:22  Level 1 Entry 1: InCountCorrection set in registry to: 0
09:34:22  Level 1 Entry 1: OutCountCorrection set in registry to: 0
09:34:23  Level 1 Entry 1: has reset camera
09:34:23  Camera: Level 1 Entry 1 - Counts are now valid.
09:34:23  Zone: Zone2 - Counts are now valid.
09:34:25  Initial Camera Shop A Counts 	= In:0, Out:0
09:34:27  Camera: Level 1 Lift                            	0	0
09:34:27  Level 1 Lift IrisysIP camera has reset
09:34:29  Shop A: Date last reset in registry is not today (reset required): 05/04/12
09:34:29  Attempting to reset counts for IrisysIP Camera Shop A
09:35:25  Shop A: InCountCorrection set in registry to: 0
09:35:25  Shop A: OutCountCorrection set in registry to: 0
09:35:26  Camera: Level 2 Main Entry                      	0	0
09:35:26  Shop A: has reset camera
09:35:26  Level 2 Main Entry IrisysIP camera has reset
09:35:26  Camera: Shop A - Counts are now valid.
09:35:26  Camera: Level 2 Lift                            	0	0
09:35:26  Level 2 Lift IrisysIP camera has reset
09:35:26  Camera: Science Centre Entry                    	0	0
09:35:26  Science Centre Entry IrisysIP camera has reset
09:35:26  Camera: Level 1 Entry 2                         	0	0
09:35:26  Level 1 Entry 2 IrisysIP camera has reset
09:35:26  Camera: Level 1 Entry 1                         	0	0
09:35:26  Level 1 Entry 1 IrisysIP camera has reset
09:35:33  Camera: Level 0 Entry                           	0	0
09:35:33  Level 0 Entry IrisysIP camera has reset
09:35:41  Zone: Zone1 - Counts are now valid.
09:36:27  Camera: Shop A                                  	0	0
09:36:27  Shop A IrisysIP camera has reset
09:45:04  Service running OK
10:00:04  Logging to daily summary: "10:00 0 0 0 0 0 0"
10:00:04  Service running OK
10:15:04  Service running OK
10:30:04  Logging to daily summary: "10:30 0 0 0 0 0 0"
10:30:04  Service running OK
10:45:04  Service running OK
11:00:04  Logging to daily summary: "11:00 0 0 0 0 0 0"
11:00:04  Service running OK
11:15:04  Service running OK
11:30:04  Logging to daily summary: "11:30 0 0 0 0 0 0"
11:30:04  Service running OK
11:45:04  Service running OK
12:00:04  Logging to daily summary: "12:00 0 0 0 0 0 0"
12:00:04  Service running OK
12:15:04  Service running OK
12:30:05  Logging to daily summary: "12:30 0 0 0 0 0 0"
12:30:05  Service running OK
12:45:09  Service running OK
13:00:09  Logging to daily summary: "13:00 0 0 0 0 0 0"
13:00:09  Service running OK
13:13:57  Camera: Science Centre Entry                    	3	0
13:14:12  Zone: Zone2                    	3	0	3
13:15:07  Service running OK
13:30:07  Logging to daily summary: "13:30 0 0 0 3 0 1"
13:30:07  Service running OK
13:45:07  Service running OK
14:00:07  Logging to daily summary: "14:00 0 0 0 0 0 3"
14:00:07  Service running OK
14:15:07  Service running OK
14:30:07  Logging to daily summary: "14:30 0 0 0 0 0 3"
14:30:07  Service running OK
14:45:07  Service running OK
15:00:07  Logging to daily summary: "15:00 0 0 0 0 0 3"
15:00:07  Service running OK
15:15:07  Service running OK
15:30:07  Logging to daily summary: "15:30 0 0 0 0 0 3"
15:30:07  Service running OK
15:45:07  Service running OK
16:00:07  Logging to daily summary: "16:00 0 0 0 0 0 3"
16:00:07  Service running OK
16:15:07  Service running OK
16:30:07  Logging to daily summary: "16:30 0 0 0 0 0 3"
16:30:07  Service running OK
16:45:07  Service running OK
17:00:07  Logging to daily summary: "17:00 0 0 0 0 0 3"
17:00:07  Service running OK
17:15:07  Service running OK
17:30:07  Logging to daily summary: "17:30 0 0 0 0 0 3"
17:30:07  Service running OK
17:45:07  Service running OK
18:00:07  Logging to daily summary: "18:00 0 0 0 0 0 3"
18:00:07  Service running OK
18:15:07  Service running OK
18:30:08  Logging to daily summary: "18:30 0 0 0 0 0 3"
18:30:08  Service running OK
18:45:08  Service running OK
19:00:08  Logging to daily summary: "19:00 0 0 0 0 0 3"
19:00:08  Service running OK
19:15:08  Service running OK
19:30:08  Logging to daily summary: "19:30 0 0 0 0 0 3"
19:30:08  Service running OK
19:45:08  Service running OK
20:00:08  Logging to daily summary: "20:00 0 0 0 0 0 3"
20:00:08  Service running OK
20:15:08  Service running OK
20:30:10  Logging to daily summary: "20:30 0 0 0 0 0 3"
20:30:10  Service running OK
20:45:10  Service running OK
21:00:10  Logging to daily summary: "21:00 0 0 0 0 0 3"
21:00:10  Service running OK
21:15:10  Service running OK
21:30:10  Logging to daily summary: "21:30 0 0 0 0 0 3"
21:30:10  Service running OK
21:45:10  Service running OK
22:00:10  Logging to daily summary: "22:00 0 0 0 0 0 3"
22:00:10  Service running OK
22:00:43  Stop time reached.
22:00:43  Camera 'Level 1 Entry 1' - final counts 0 0
22:00:43  Camera 'Level 1 Entry 2' - final counts 0 0
22:00:43  Camera 'Level 1 Lift' - final counts 0 0
22:00:43  Camera 'Level 2 Main Entry' - final counts 0 0
22:00:43  Camera 'Level 2 Lift' - final counts 0 0
22:00:43  Camera 'Shop A' - final counts 0 0
22:00:43  Camera 'Level 0 Entry' - final counts 0 0
22:00:43  Camera 'Science Centre Entry' - final counts 3 0
22:00:43  Camera 'Spare' - final counts 0 0
22:00:43  Zone: Zone1                    	0	0	0
22:00:43  Zone: Zone2                    	3	0	3
22:00:43  Level 1 Entry 1: IrisysIP counts reset requested.
22:00:43  Level 1 Entry 2: IrisysIP counts reset requested.
22:00:43  Level 1 Lift: IrisysIP counts reset requested.
22:00:43  Level 2 Main Entry: IrisysIP counts reset requested.
22:00:43  Level 2 Lift: IrisysIP counts reset requested.
22:00:43  Shop A: IrisysIP counts reset requested.
22:00:43  Level 0 Entry: IrisysIP counts reset requested.
22:00:43  Science Centre Entry: IrisysIP counts reset requested.
22:00:43  Spare: IrisysIP counts reset requested.
22:00:44  Attempting to reset counts for IrisysIP Camera Shop A
22:00:51  Attempting to reset counts for IrisysIP Camera Level 0 Entry
22:01:10  Failed to send email.
22:01:10  Displaying shutdown on 0 display(s)
22:01:10  End the manager threads.
22:01:10  Close all CAN threads.
22:01:10  All CAN threads, now flagged to be closed.
22:01:10  Close all IrisysIP threads.
22:01:36  Shop A: InCountCorrection set in registry to: 0
22:01:36  Shop A: OutCountCorrection set in registry to: 0
22:01:37  Shop A: has reset camera
22:01:43  Level 0 Entry: InCountCorrection set in registry to: 0
22:01:43  Level 0 Entry: OutCountCorrection set in registry to: 0
22:01:44  Level 0 Entry: has reset camera
22:01:44  Attempting to reset counts for IrisysIP Camera Level 1 Lift
22:01:47  Level 1 Lift: InCountCorrection set in registry to: 0
22:01:47  Level 1 Lift: OutCountCorrection set in registry to: 0
22:01:48  Level 1 Lift: has reset camera
22:01:51  Attempting to reset counts for IrisysIP Camera Level 2 Main Entry
22:01:51  Attempting to reset counts for IrisysIP Camera Level 1 Entry 2
22:01:51  Attempting to reset counts for IrisysIP Camera Level 2 Lift
22:01:51  Attempting to reset counts for IrisysIP Camera Science Centre Entry
22:01:51  Attempting to reset counts for IrisysIP Camera Level 1 Entry 1
22:01:57  Error! Level 1 Entry 1: The IrisysIP thread needs to be terminated but has not reset.
22:01:57  Level 1 Entry 1: The Irisys IP thread has been flagged to end.
22:02:12  Level 2 Main Entry: InCountCorrection set in registry to: 0
22:02:12  Level 2 Main Entry: OutCountCorrection set in registry to: 0
22:02:13  Level 2 Main Entry: has reset camera
22:02:30  Level 1 Entry 2: InCountCorrection set in registry to: 0
22:02:30  Level 1 Entry 2: OutCountCorrection set in registry to: 0
22:02:31  Level 1 Entry 2: has reset camera
22:02:31  Level 2 Lift: InCountCorrection set in registry to: 0
22:02:31  Level 2 Lift: OutCountCorrection set in registry to: 0
22:02:32  Level 2 Lift: has reset camera
22:02:33  Science Centre Entry: InCountCorrection set in registry to: 0
22:02:33  Science Centre Entry: OutCountCorrection set in registry to: 0
22:02:34  Science Centre Entry: has reset camera
22:02:34  Level 1 Entry 1: Main Data Collection loop has finished (g_bStopFlag=0, m_bEndThread=1).
22:02:34  Level 1 Entry 1: The Irisys IP thread has ended.
22:02:34  Level 1 Entry 2: The Irisys IP thread has been flagged to end.
22:02:38  Camera: Shop A                                  	0	0
22:02:45  Camera: Level 0 Entry                           	0	0
22:02:49  Camera: Level 1 Lift                            	0	0
22:03:14  Camera: Level 2 Main Entry                      	0	0
22:03:30  Level 1 Entry 2: Main Data Collection loop has finished (g_bStopFlag=0, m_bEndThread=1).
22:03:30  Level 1 Entry 2: The Irisys IP thread has ended.
22:03:30  Level 1 Lift: The Irisys IP thread has been flagged to end.
22:03:34  Camera: Level 2 Lift                            	0	0
22:03:35  Camera: Science Centre Entry                    	0	0
22:03:35  Science Centre Entry IrisysIP camera has reset
22:03:48  Level 1 Lift: Main Data Collection loop has finished (g_bStopFlag=0, m_bEndThread=1).
22:03:48  Level 1 Lift: The Irisys IP thread has ended.
22:03:48  Level 2 Main Entry: The Irisys IP thread has been flagged to end.
22:04:13  Level 2 Main Entry: Main Data Collection loop has finished (g_bStopFlag=0, m_bEndThread=1).
22:04:13  Level 2 Main Entry: The Irisys IP thread has ended.
22:04:13  Level 2 Lift: The Irisys IP thread has been flagged to end.
22:04:33  Level 2 Lift: Main Data Collection loop has finished (g_bStopFlag=0, m_bEndThread=1).
22:04:33  Level 2 Lift: The Irisys IP thread has ended.
22:04:33  Shop A: The Irisys IP thread has been flagged to end.
22:04:38  Shop A: Main Data Collection loop has finished (g_bStopFlag=0, m_bEndThread=1).
22:04:38  Shop A: The Irisys IP thread has ended.
22:04:38  Level 0 Entry: The Irisys IP thread has been flagged to end.
22:04:45  Level 0 Entry: Main Data Collection loop has finished (g_bStopFlag=0, m_bEndThread=1).
22:04:45  Level 0 Entry: The Irisys IP thread has ended.
22:04:45  Science Centre Entry: The Irisys IP thread has been flagged to end.
22:05:35  Science Centre Entry: Main Data Collection loop has finished (g_bStopFlag=0, m_bEndThread=1).
22:05:35  Science Centre Entry: The Irisys IP thread has ended.
22:05:35  Spare: The Irisys IP thread has been flagged to end.
22:06:26  Spare: Main Data Collection loop has finished (g_bStopFlag=0, m_bEndThread=1).
22:06:26  Spare: The Irisys IP thread has ended.
22:06:26  All IrisysIP threads, now flagged to be closed.
22:06:26  Close all iCount threads.
22:06:26  All iCount threads, now flagged to be closed.
22:06:26  Close all eDAM threads.
22:06:26  All eDAM threads, now flagged to be closed.
22:06:26  Camera 'Level 1 Entry 1' - maximum flow 0 at 09:30:00
22:06:26  Camera 'Level 1 Entry 2' - maximum flow 0 at 09:30:00
22:06:26  Camera 'Level 1 Lift' - maximum flow 0 at 09:30:00
22:06:26  Camera 'Level 2 Main Entry' - maximum flow 0 at 09:30:00
22:06:26  Camera 'Level 2 Lift' - maximum flow 0 at 09:30:00
22:06:26  Camera 'Shop A' - maximum flow 0 at 09:30:00
22:06:26  Camera 'Level 0 Entry' - maximum flow 0 at 09:30:00
22:06:26  Camera 'Science Centre Entry' - maximum flow 3 at 13:14:12
22:06:26  Camera 'Spare' - maximum flow 0 at 09:30:00
22:06:26  Camera 'Level 1 Entry 1' refreshing registry counts
22:06:26  Camera 'Level 1 Entry 2' refreshing registry counts
22:06:26  Camera 'Level 1 Lift' refreshing registry counts
22:06:26  Camera 'Level 2 Main Entry' refreshing registry counts
22:06:26  Camera 'Level 2 Lift' refreshing registry counts
22:06:26  Camera 'Shop A' refreshing registry counts
22:06:26  Camera 'Level 0 Entry' refreshing registry counts
22:06:26  Camera 'Science Centre Entry' refreshing registry counts
22:06:26  Camera 'Spare' refreshing registry counts
22:06:26  Zone 'Zone1' refreshing file counts
22:06:26  Zone 'Zone2' refreshing file counts
22:06:26  Processing application not specified
22:06:26  Logging Counting Stopped

