
07:28:01  RECAP $Revision: 3.13.2.13 $ ($State: Exp $) built 09:15:45, Aug  3 2010
07:28:01  Logging Counting Started
07:28:01  Start time: 09:30 (570 minutes past midnight)
07:28:01  Stop time: 22:00 (1320 minutes past midnight)
07:28:01  Log period: 30 minutes
07:28:01  Initialising 0 display(s)
07:28:01  Initialising 9 camera(s)
07:28:01  IrisysIP counter(s) in use, Starting BlackFin API
07:28:01  If RECAP crashes, check .NET framework and VCRedist are installed.
07:28:01  BlackFin API Started.
07:28:01  BlackFin API Started up OK. Version: 1.10.0.5
07:28:01  Initialising 2 zone(s)
07:28:01  Outputting 'Zone1' zone data to 'Zones\Zone1.txt'
07:28:01  Outputting 'Zone2' zone data to 'Zones\Zone2.txt'
07:28:01  Displaying shutdown on 0 display(s)
07:28:01  Waiting till start time
09:30:00  Start time reached
09:30:00  Adding Level 1 Science Centre Entry 1 thread to Watchdog
09:30:00  Level 1 Science Centre Entry 1: InCountCorrection set in registry to: 0
09:30:00  Level 1 Science Centre Entry 1: OutCountCorrection set in registry to: 0
09:30:00  Adding Level 1 Science Centre Entry 2 thread to Watchdog
09:30:00  Level 1 Science Centre Entry 2: InCountCorrection set in registry to: 0
09:30:00  Level 1 Science Centre Entry 2: OutCountCorrection set in registry to: 0
09:30:00  Adding Level 1 Science Centre Lift thread to Watchdog
09:30:00  Level 1 Science Centre Lift: InCountCorrection set in registry to: 0
09:30:00  Level 1 Science Centre Lift: OutCountCorrection set in registry to: 0
09:30:00  Adding Level 2 Main Entry thread to Watchdog
09:30:00  Level 2 Main Entry: InCountCorrection set in registry to: 0
09:30:00  Level 2 Main Entry: OutCountCorrection set in registry to: 0
09:30:00  Adding Level 2 Lift thread to Watchdog
09:30:00  Level 2 Lift: InCountCorrection set in registry to: 0
09:30:00  Level 2 Lift: OutCountCorrection set in registry to: 0
09:30:00  Adding Shop A thread to Watchdog
09:30:00  Shop A: InCountCorrection set in registry to: 0
09:30:00  Shop A: OutCountCorrection set in registry to: 0
09:30:00  Adding Shop B thread to Watchdog
09:30:00  Shop B: InCountCorrection set in registry to: 0
09:30:00  Shop B: OutCountCorrection set in registry to: 0
09:30:00  Adding Shop Whale Mall thread to Watchdog
09:30:00  Shop Whale Mall: InCountCorrection set in registry to: 0
09:30:00  Shop Whale Mall: OutCountCorrection set in registry to: 0
09:30:00  Adding Level 2 Cafe thread to Watchdog
09:30:00  Level 2 Cafe: InCountCorrection set in registry to: 0
09:30:00  Level 2 Cafe: OutCountCorrection set in registry to: 0
09:30:01  New day, Reset counts and busiest times in registry
09:30:01  Camera Level 1 Science Centre Entry 1 Counts 	= In:0, Out:0
09:30:01  Camera Level 1 Science Centre Entry 2 Counts 	= In:0, Out:0
09:30:01  Camera Level 1 Science Centre Lift Counts 	= In:0, Out:0
09:30:01  Camera Level 2 Main Entry Counts 	= In:0, Out:0
09:30:01  Camera Level 2 Lift Counts 	= In:0, Out:0
09:30:01  Camera Shop A Counts 	= In:0, Out:0
09:30:01  Camera Shop B Counts 	= In:0, Out:0
09:30:01  Camera Shop Whale Mall Counts 	= In:0, Out:0
09:30:01  Camera Level 2 Cafe Counts 	= In:0, Out:0
09:30:02  Starting main data collection loop.
09:30:04  Shop A: Connect Success (6) (serial num:2158593779)
09:30:04  Shop A: MAC:00-21-AC-00-30-21 IP Firmware:4.0.2.30311 Monitor Firmware:42.4.0.404
09:30:05  Zone: Zone1                    	0	0	0
09:30:05  Zone: Zone2                    	0	0	0
09:30:05  Logging to daily summary: "09:30 0 0 0 0 0 0"
09:30:05  Service running OK
09:30:07  Shop A: Status msgs: 0,0
09:30:08  Shop A: Current DeviceID: DefaultID
09:30:29  Level 2 Main Entry: Connect Success (4) (serial num:2158593780)
09:30:30  Level 2 Main Entry: MAC:00-21-AC-00-30-D9 IP Firmware:4.0.2.30311 Monitor Firmware:42.4.0.404
09:30:33  Level 2 Main Entry: Status msgs: 0,0
09:30:34  Level 2 Main Entry: Current DeviceID: DefaultID
09:30:47  Level 2 Lift: Connect Success (5) (serial num:2158593872)
09:30:47  Level 2 Lift: MAC:00-21-AC-00-2F-8C IP Firmware:4.0.2.30311 Monitor Firmware:42.4.0.404
09:30:50  Level 2 Lift: Status msgs: 0,0
09:30:51  Level 2 Lift: Current DeviceID: DefaultID
09:32:11  Initial Camera Shop A Counts 	= In:380, Out:349
09:32:15  Shop A: Date last reset in registry is not today (reset required): 10/01/12
09:32:15  Attempting to reset counts for IrisysIP Camera Shop A
09:33:11  Shop A: InCountCorrection set in registry to: 0
09:33:11  Shop A: OutCountCorrection set in registry to: 0
09:33:12  Initial Camera Level 2 Main Entry Counts 	= In:108, Out:114
09:33:12  Shop A: has reset camera
09:33:12  Initial Camera Level 2 Lift Counts 	= In:0, Out:5
09:33:12  Camera: Shop A - Counts are now valid.
09:33:16  Level 2 Main Entry: Date last reset in registry is not today (reset required): 10/01/12
09:33:16  Level 2 Lift: Date last reset in registry is not today (reset required): 10/01/12
09:33:16  Attempting to reset counts for IrisysIP Camera Level 2 Main Entry
09:33:16  Attempting to reset counts for IrisysIP Camera Level 2 Lift
09:33:36  Level 2 Main Entry: InCountCorrection set in registry to: 0
09:33:36  Level 2 Main Entry: OutCountCorrection set in registry to: 0
09:33:38  Level 2 Main Entry: has reset camera
09:33:38  Camera: Level 2 Main Entry - Counts are now valid.
09:33:54  Level 2 Lift: InCountCorrection set in registry to: 0
09:33:54  Level 2 Lift: OutCountCorrection set in registry to: 0
09:33:55  Level 2 Lift: has reset camera
09:33:55  Camera: Level 2 Lift - Counts are now valid.
09:34:13  Camera: Shop A                                  	0	4
09:34:28  Zone: Zone1                    	4	0	4
09:34:28  Zone: Zone2                    	0	4	-4
09:34:39  Camera: Level 2 Main Entry                      	0	0
09:34:39  Level 2 Main Entry IrisysIP camera has reset
09:34:56  Camera: Level 2 Lift                            	0	0
09:34:56  Level 2 Lift IrisysIP camera has reset
09:36:41  Camera: Level 2 Main Entry                      	2	1
09:36:45  Zone: Zone1                    	6	1	5
09:37:16  Camera: Shop A                                  	0	5
09:37:19  Zone: Zone1                    	7	1	6
09:37:19  Zone: Zone2                    	0	5	-5
09:37:42  Camera: Level 2 Main Entry                      	2	2
09:37:53  Zone: Zone1                    	7	2	5
09:38:17  Camera: Shop A                                  	1	5
09:38:27  Zone: Zone1                    	7	3	4
09:38:27  Zone: Zone2                    	1	5	-4
09:40:19  Camera: Shop A                                  	5	9
09:40:31  Zone: Zone1                    	11	7	4
09:40:31  Zone: Zone2                    	5	9	-4
09:41:20  Camera: Shop A                                  	13	12
09:41:23  Zone: Zone1                    	14	15	-1
09:41:23  Zone: Zone2                    	13	12	1
09:44:24  Camera: Shop A                                  	13	14
09:44:24  Zone: Zone2                    	13	14	-1
09:44:39  Zone: Zone1                    	16	15	1
09:45:16  Service running OK
09:45:25  Camera: Shop A                                  	16	22
09:45:31  Zone: Zone1                    	24	18	6
09:45:31  Zone: Zone2                    	16	22	-6
09:46:26  Camera: Shop A                                  	19	22
09:46:41  Zone: Zone1                    	24	21	3
09:46:41  Zone: Zone2                    	19	22	-3
09:47:27  Camera: Shop A                                  	21	22
09:47:33  Zone: Zone1                    	24	23	1
09:47:33  Zone: Zone2                    	21	22	-1
09:49:29  Camera: Shop A                                  	25	24
09:49:37  Zone: Zone1                    	26	27	-1
09:49:37  Zone: Zone2                    	25	24	1
09:50:30  Camera: Shop A                                  	27	26
09:50:30  Zone: Zone1                    	28	29	-1
09:50:30  Zone: Zone2                    	27	26	1
09:51:31  Camera: Shop A                                  	27	28
09:51:40  Zone: Zone1                    	30	29	1
09:51:40  Zone: Zone2                    	27	28	-1
09:54:34  Camera: Shop A                                  	27	32
09:54:38  Zone: Zone1                    	34	29	5
09:54:38  Zone: Zone2                    	27	32	-5
09:55:35  Camera: Shop A                                  	31	34
09:55:48  Zone: Zone1                    	36	33	3
09:55:48  Zone: Zone2                    	31	34	-3
09:56:36  Camera: Shop A                                  	33	34
09:56:40  Zone: Zone1                    	36	35	1
09:56:40  Zone: Zone2                    	33	34	-1
09:58:39  Camera: Shop A                                  	36	43
09:58:44  Zone: Zone1                    	45	38	7
09:58:44  Zone: Zone2                    	36	43	-7
09:59:40  Camera: Shop A                                  	38	44
09:59:54  Zone: Zone1                    	46	40	6
09:59:54  Zone: Zone2                    	38	44	-6
10:00:13  Logging to daily summary: "10:00 46 40 2 38 44 -2"
10:00:13  Service running OK
10:00:41  Camera: Shop A                                  	44	44
10:00:46  Zone: Zone1                    	46	46	0
10:00:46  Zone: Zone2                    	44	44	0
10:01:42  Camera: Shop A                                  	44	45
10:01:56  Zone: Zone1                    	47	46	1
10:01:56  Zone: Zone2                    	44	45	-1
10:02:43  Camera: Shop A                                  	47	49
10:02:48  Zone: Zone1                    	51	49	2
10:02:48  Zone: Zone2                    	47	49	-2
10:03:44  Camera: Shop A                                  	51	49
10:03:58  Zone: Zone1                    	51	53	-2
10:03:58  Zone: Zone2                    	51	49	2
10:04:45  Camera: Shop A                                  	51	52
10:04:50  Zone: Zone1                    	54	53	1
10:04:50  Zone: Zone2                    	51	52	-1
10:05:46  Camera: Shop A                                  	51	56
10:06:00  Zone: Zone1                    	58	53	5
10:06:00  Zone: Zone2                    	51	56	-5
10:06:47  Camera: Shop A                                  	55	58
10:06:52  Zone: Zone1                    	60	57	3
10:06:52  Zone: Zone2                    	55	58	-3
10:07:48  Camera: Shop A                                  	56	60
10:08:02  Zone: Zone1                    	62	58	4
10:08:02  Zone: Zone2                    	56	60	-4
10:08:49  Camera: Shop A                                  	65	62
10:08:54  Zone: Zone1                    	64	67	-3
10:08:54  Zone: Zone2                    	65	62	3
10:09:51  Camera: Shop A                                  	65	66
10:10:04  Zone: Zone1                    	68	67	1
10:10:04  Zone: Zone2                    	65	66	-1
10:10:52  Camera: Shop A                                  	65	69
10:10:56  Zone: Zone1                    	71	67	4
10:10:56  Zone: Zone2                    	65	69	-4
10:11:53  Camera: Shop A                                  	68	69
10:12:06  Zone: Zone1                    	71	70	1
10:12:06  Zone: Zone2                    	68	69	-1
10:12:54  Camera: Shop A                                  	68	73
10:12:58  Zone: Zone1                    	75	70	5
10:12:58  Zone: Zone2                    	68	73	-5
10:13:55  Camera: Shop A                                  	68	77
10:14:08  Zone: Zone1                    	79	70	9
10:14:08  Zone: Zone2                    	68	77	-9
10:14:56  Camera: Shop A                                  	68	78
10:15:00  Zone: Zone1                    	80	70	10
10:15:00  Zone: Zone2                    	68	78	-10
10:15:00  Service running OK
10:15:57  Camera: Shop A                                  	70	81
10:16:10  Zone: Zone1                    	83	72	11
10:16:10  Zone: Zone2                    	70	81	-11
10:16:58  Camera: Shop A                                  	73	83
10:17:02  Zone: Zone1                    	85	75	10
10:17:02  Zone: Zone2                    	73	83	-10
10:17:59  Camera: Shop A                                  	73	84
10:18:12  Zone: Zone1                    	86	75	11
10:18:12  Zone: Zone2                    	73	84	-11
10:21:02  Camera: Shop A                                  	73	86
10:21:10  Zone: Zone1                    	88	75	13
10:21:10  Zone: Zone2                    	73	86	-13
10:22:03  Camera: Shop A                                  	73	88
10:22:04  Zone: Zone1                    	90	75	15
10:22:04  Zone: Zone2                    	73	88	-15
10:23:05  Camera: Shop A                                  	73	93
10:23:13  Zone: Zone1                    	95	75	20
10:23:13  Zone: Zone2                    	73	93	-20
10:24:06  Camera: Shop A                                  	80	99
10:24:06  Zone: Zone1                    	101	82	19
10:24:06  Zone: Zone2                    	80	99	-19
10:25:07  Camera: Shop A                                  	86	101
10:25:15  Zone: Zone1                    	103	88	15
10:25:15  Zone: Zone2                    	86	101	-15
10:26:08  Camera: Shop A                                  	88	105
10:26:08  Zone: Zone1                    	107	90	17
10:26:08  Zone: Zone2                    	88	105	-17
10:27:09  Camera: Shop A                                  	91	108
10:27:17  Zone: Zone1                    	110	93	17
10:27:17  Zone: Zone2                    	91	108	-17
10:29:30  Camera: Shop A                                  	97	110
10:29:39  Zone: Zone1                    	112	99	13
10:29:39  Zone: Zone2                    	97	110	-13
10:30:16  Logging to daily summary: "10:30 66 59 8 59 66 -8"
10:30:16  Service running OK
10:31:32  Camera: Shop A                                  	97	113
10:31:43  Zone: Zone1                    	115	99	16
10:31:43  Zone: Zone2                    	97	113	-16
10:35:36  Camera: Shop A                                  	97	115
10:35:36  Zone: Zone1                    	117	99	18
10:35:36  Zone: Zone2                    	97	115	-18
10:37:38  Camera: Shop A                                  	101	117
10:37:40  Zone: Zone1                    	119	103	16
10:37:40  Zone: Zone2                    	101	117	-16
10:39:41  Camera: Shop A                                  	103	122
10:39:44  Zone: Zone1                    	124	105	19
10:39:44  Zone: Zone2                    	103	122	-19
10:41:43  Camera: Shop A                                  	103	126
10:41:48  Zone: Zone1                    	128	105	23
10:41:48  Zone: Zone2                    	103	126	-23
10:42:44  Camera: Shop A                                  	106	126
10:42:58  Zone: Zone1                    	128	108	20
10:42:58  Zone: Zone2                    	106	126	-20
10:44:46  Camera: Shop A                                  	106	133
10:44:46  Zone: Zone1                    	135	108	27
10:44:46  Zone: Zone2                    	106	133	-27
10:45:05  Service running OK
10:45:47  Camera: Shop A                                  	111	133
10:45:56  Zone: Zone1                    	135	113	22
10:45:56  Zone: Zone2                    	111	133	-22
10:46:48  Camera: Shop A                                  	111	138
10:46:48  Zone: Zone1                    	140	113	27
10:46:48  Zone: Zone2                    	111	138	-27
10:47:49  Camera: Shop A                                  	114	148
10:47:58  Zone: Zone1                    	150	116	34
10:47:58  Zone: Zone2                    	114	148	-34
10:48:50  Camera: Shop A                                  	120	150
10:48:50  Zone: Zone1                    	152	122	30
10:48:50  Zone: Zone2                    	120	150	-30
10:49:51  Camera: Shop A                                  	120	153
10:50:00  Zone: Zone1                    	155	122	33
10:50:00  Zone: Zone2                    	120	153	-33
10:50:52  Camera: Shop A                                  	124	156
10:50:53  Zone: Zone1                    	158	126	32
10:50:53  Zone: Zone2                    	124	156	-32
10:51:54  Camera: Shop A                                  	128	158
10:52:02  Zone: Zone1                    	160	130	30
10:52:02  Zone: Zone2                    	128	158	-30
10:52:55  Camera: Shop A                                  	131	165
10:52:55  Zone: Zone1                    	167	133	34
10:52:55  Zone: Zone2                    	131	165	-34
10:53:56  Camera: Shop A                                  	135	165
10:54:04  Zone: Zone1                    	167	137	30
10:54:04  Zone: Zone2                    	135	165	-30
10:54:57  Camera: Shop A                                  	138	173
10:54:57  Zone: Zone1                    	175	140	35
10:54:57  Zone: Zone2                    	138	173	-35
10:55:58  Camera: Shop A                                  	142	174
10:56:06  Zone: Zone1                    	176	144	32
10:56:06  Zone: Zone2                    	142	174	-32
10:56:59  Camera: Shop A                                  	145	174
10:56:59  Zone: Zone1                    	176	147	29
10:56:59  Zone: Zone2                    	145	174	-29
10:58:00  Camera: Shop A                                  	145	177
10:58:09  Zone: Zone1                    	179	147	32
10:58:09  Zone: Zone2                    	145	177	-32
10:58:24  Camera: Level 2 Lift                            	0	1
10:58:25  Zone: Zone1                    	179	148	31
10:59:01  Camera: Shop A                                  	147	179
10:59:01  Zone: Zone1                    	181	150	31
10:59:01  Zone: Zone2                    	147	179	-32
11:00:02  Camera: Shop A                                  	152	182
11:00:11  Zone: Zone1                    	184	155	29
11:00:11  Zone: Zone2                    	152	182	-30
11:00:11  Logging to daily summary: "11:00 72 56 24 55 72 -24"
11:00:11  Service running OK
11:01:03  Camera: Shop A                                  	153	184
11:01:03  Zone: Zone1                    	186	156	30
11:01:03  Zone: Zone2                    	153	184	-31
11:02:04  Camera: Shop A                                  	161	189
11:02:13  Zone: Zone1                    	191	164	27
11:02:13  Zone: Zone2                    	161	189	-28
11:03:05  Camera: Shop A                                  	161	191
11:03:05  Zone: Zone1                    	193	164	29
11:03:05  Zone: Zone2                    	161	191	-30
11:04:06  Camera: Shop A                                  	163	194
11:04:15  Zone: Zone1                    	196	166	30
11:04:15  Zone: Zone2                    	163	194	-31
11:06:09  Camera: Shop A                                  	164	195
11:06:19  Zone: Zone1                    	197	167	30
11:06:19  Zone: Zone2                    	164	195	-31
11:07:10  Camera: Shop A                                  	164	197
11:07:11  Zone: Zone1                    	199	167	32
11:07:11  Zone: Zone2                    	164	197	-33
11:08:11  Camera: Shop A                                  	167	197
11:08:21  Zone: Zone1                    	199	170	29
11:08:21  Zone: Zone2                    	167	197	-30
11:09:12  Camera: Shop A                                  	172	201
11:09:13  Zone: Zone1                    	203	175	28
11:09:13  Zone: Zone2                    	172	201	-29
11:11:14  Camera: Shop A                                  	174	201
11:11:17  Zone: Zone1                    	203	177	26
11:11:17  Zone: Zone2                    	174	201	-27
11:12:15  Camera: Shop A                                  	174	203
11:12:27  Zone: Zone1                    	205	177	28
11:12:27  Zone: Zone2                    	174	203	-29
11:13:16  Camera: Shop A                                  	181	203
11:13:19  Zone: Zone1                    	205	184	21
11:13:19  Zone: Zone2                    	181	203	-22
11:15:08  Service running OK
11:16:19  Camera: Shop A                                  	185	203
11:16:19  Zone: Zone1                    	205	188	17
11:16:19  Zone: Zone2                    	185	203	-18
11:17:20  Camera: Shop A                                  	185	207
11:17:29  Zone: Zone1                    	209	188	21
11:17:29  Zone: Zone2                    	185	207	-22
11:17:45  Camera: Level 2 Lift                            	0	3
11:17:45  Zone: Zone1                    	209	190	19
11:18:22  Camera: Shop A                                  	186	207
11:18:37  Zone: Zone1                    	209	191	18
11:18:37  Zone: Zone2                    	186	207	-21
11:19:23  Camera: Shop A                                  	188	209
11:19:29  Zone: Zone1                    	211	193	18
11:19:29  Zone: Zone2                    	188	209	-21
11:20:24  Camera: Shop A                                  	188	211
11:20:39  Zone: Zone1                    	213	193	20
11:20:39  Zone: Zone2                    	188	211	-23
11:21:25  Camera: Shop A                                  	193	212
11:21:31  Zone: Zone1                    	214	198	16
11:21:31  Zone: Zone2                    	193	212	-19
11:23:27  Camera: Shop A                                  	193	214
11:23:35  Zone: Zone1                    	216	198	18
11:23:35  Zone: Zone2                    	193	214	-21
11:23:51  Camera: Level 2 Lift                            	0	4
11:23:51  Zone: Zone1                    	216	199	17
11:24:28  Camera: Shop A                                  	195	217
11:24:43  Zone: Zone1                    	219	201	18
11:24:43  Zone: Zone2                    	195	217	-22
11:25:29  Camera: Shop A                                  	196	218
11:25:35  Zone: Zone1                    	220	202	18
11:25:35  Zone: Zone2                    	196	218	-22
11:26:30  Camera: Shop A                                  	198	218
11:26:45  Zone: Zone1                    	220	204	16
11:26:45  Zone: Zone2                    	198	218	-20
11:27:31  Camera: Shop A                                  	202	218
11:27:37  Zone: Zone1                    	220	208	12
11:27:37  Zone: Zone2                    	202	218	-16
11:28:32  Camera: Shop A                                  	202	219
11:28:47  Zone: Zone1                    	221	208	13
11:28:47  Zone: Zone2                    	202	219	-17
11:28:57  Camera: Level 2 Lift                            	0	5
11:29:03  Zone: Zone1                    	221	209	12
11:29:33  Camera: Shop A                                  	202	220
11:29:37  Zone: Zone1                    	222	209	13
11:29:37  Zone: Zone2                    	202	220	-18
11:30:14  Logging to daily summary: "11:30 38 54 22 50 38 -24"
11:30:14  Service running OK
11:30:34  Camera: Shop A                                  	202	221
11:30:47  Zone: Zone1                    	223	209	14
11:30:47  Zone: Zone2                    	202	221	-19
11:31:36  Camera: Shop A                                  	209	221
11:31:39  Zone: Zone1                    	223	216	7
11:31:39  Zone: Zone2                    	209	221	-12
11:32:37  Camera: Shop A                                  	214	223
11:32:49  Zone: Zone1                    	225	221	4
11:32:49  Zone: Zone2                    	214	223	-9
11:34:39  Camera: Shop A                                  	218	223
11:34:53  Zone: Zone1                    	225	225	0
11:34:53  Zone: Zone2                    	218	223	-5
11:35:40  Camera: Shop A                                  	224	232
11:35:45  Zone: Zone1                    	234	231	3
11:35:45  Zone: Zone2                    	224	232	-8
11:36:41  Camera: Shop A                                  	231	233
11:36:55  Zone: Zone1                    	235	238	-3
11:36:55  Zone: Zone2                    	231	233	-2
11:37:05  Camera: Level 2 Lift                            	0	6
11:37:11  Zone: Zone1                    	235	239	-4
11:37:42  Camera: Shop A                                  	232	233
11:37:45  Zone: Zone1                    	235	240	-5
11:37:45  Zone: Zone2                    	232	233	-1
11:38:43  Camera: Shop A                                  	232	235
11:38:55  Zone: Zone1                    	237	240	-3
11:38:55  Zone: Zone2                    	232	235	-3
11:39:44  Camera: Shop A                                  	232	236
11:39:47  Zone: Zone1                    	238	240	-2
11:39:47  Zone: Zone2                    	232	236	-4
11:40:45  Camera: Shop A                                  	235	244
11:40:57  Zone: Zone1                    	246	243	3
11:40:57  Zone: Zone2                    	235	244	-9
11:41:46  Camera: Shop A                                  	237	244
11:41:49  Zone: Zone1                    	246	245	1
11:41:49  Zone: Zone2                    	237	244	-7
11:42:47  Camera: Shop A                                  	243	247
11:42:59  Zone: Zone1                    	249	251	-2
11:42:59  Zone: Zone2                    	243	247	-4
11:43:48  Camera: Shop A                                  	246	247
11:43:51  Zone: Zone1                    	249	254	-5
11:43:51  Zone: Zone2                    	246	247	-1
11:44:50  Camera: Shop A                                  	251	249
11:45:01  Zone: Zone1                    	251	259	-8
11:45:01  Zone: Zone2                    	251	249	2
11:45:01  Service running OK
11:45:51  Camera: Shop A                                  	259	252
11:45:53  Zone: Zone1                    	254	267	-13
11:45:53  Zone: Zone2                    	259	252	7
11:46:15  Camera: Level 2 Lift                            	0	7
11:46:27  Zone: Zone1                    	254	268	-14
11:46:52  Camera: Shop A                                  	263	252
11:47:01  Zone: Zone1                    	254	272	-18
11:47:01  Zone: Zone2                    	263	252	11
11:48:54  Camera: Shop A                                  	263	259
11:49:05  Zone: Zone1                    	261	272	-11
11:49:05  Zone: Zone2                    	263	259	4
11:49:55  Camera: Shop A                                  	268	259
11:49:57  Zone: Zone1                    	261	277	-16
11:49:57  Zone: Zone2                    	268	259	9
11:50:56  Camera: Shop A                                  	272	260
11:51:07  Zone: Zone1                    	262	281	-19
11:51:07  Zone: Zone2                    	272	260	12
11:51:57  Camera: Shop A                                  	275	263
11:51:59  Zone: Zone1                    	265	284	-19
11:51:59  Zone: Zone2                    	275	263	12
11:52:58  Camera: Shop A                                  	275	268
11:53:09  Zone: Zone1                    	270	284	-14
11:53:09  Zone: Zone2                    	275	268	7
11:53:59  Camera: Shop A                                  	275	269
11:54:01  Zone: Zone1                    	271	284	-13
11:54:01  Zone: Zone2                    	275	269	6
11:55:00  Camera: Shop A                                  	276	271
11:55:11  Zone: Zone1                    	273	285	-12
11:55:11  Zone: Zone2                    	276	271	5
11:55:25  Camera: Level 2 Lift                            	1	8
11:55:27  Zone: Zone1                    	274	286	-12
11:56:01  Camera: Shop A                                  	280	278
11:56:02  Zone: Zone1                    	281	290	-9
11:56:02  Zone: Zone2                    	280	278	2
11:57:03  Camera: Shop A                                  	286	280
11:57:12  Zone: Zone1                    	283	296	-13
11:57:12  Zone: Zone2                    	286	280	6
11:58:04  Camera: Shop A                                  	288	282
11:58:04  Zone: Zone1                    	285	298	-13
11:58:04  Zone: Zone2                    	288	282	6
11:59:05  Camera: Shop A                                  	290	282
11:59:14  Zone: Zone1                    	285	300	-15
11:59:14  Zone: Zone2                    	290	282	8
12:00:06  Camera: Shop A                                  	291	284
12:00:06  Zone: Zone1                    	287	301	-14
12:00:06  Zone: Zone2                    	291	284	7
12:00:06  Logging to daily summary: "12:00 65 92 -7 89 64 0"
12:00:06  Service running OK
12:01:07  Camera: Shop A                                  	291	288
12:01:16  Zone: Zone1                    	291	301	-10
12:01:16  Zone: Zone2                    	291	288	3
12:04:10  Camera: Shop A                                  	291	291
12:04:14  Zone: Zone1                    	294	301	-7
12:04:14  Zone: Zone2                    	291	291	0
12:05:11  Camera: Shop A                                  	295	293
12:05:24  Zone: Zone1                    	296	305	-9
12:05:24  Zone: Zone2                    	295	293	2
12:06:12  Camera: Shop A                                  	302	296
12:06:16  Zone: Zone1                    	299	312	-13
12:06:16  Zone: Zone2                    	302	296	6
12:07:13  Camera: Shop A                                  	302	298
12:07:26  Zone: Zone1                    	301	312	-11
12:07:26  Zone: Zone2                    	302	298	4
12:07:38  Camera: Level 2 Lift                            	1	9
12:07:42  Zone: Zone1                    	301	313	-12
12:08:39  Camera: Level 2 Lift                            	1	10
12:08:52  Zone: Zone1                    	301	314	-13
12:09:15  Camera: Shop A                                  	304	298
12:09:26  Zone: Zone1                    	301	316	-15
12:09:26  Zone: Zone2                    	304	298	6
12:09:40  Camera: Level 2 Lift                            	1	11
12:09:42  Zone: Zone1                    	301	317	-16
12:10:17  Camera: Shop A                                  	314	305
12:10:17  Zone: Zone1                    	308	327	-19
12:10:17  Zone: Zone2                    	314	305	9
12:10:41  Camera: Level 2 Lift                            	1	12
12:10:50  Zone: Zone1                    	308	328	-20
12:11:18  Camera: Shop A                                  	317	307
12:11:24  Zone: Zone1                    	310	331	-21
12:11:24  Zone: Zone2                    	317	307	10
12:11:42  Camera: Level 2 Lift                            	1	14
12:11:42  Zone: Zone1                    	310	333	-23
12:12:19  Camera: Shop A                                  	319	308
12:12:34  Zone: Zone1                    	311	335	-24
12:12:34  Zone: Zone2                    	319	308	11
12:13:20  Camera: Shop A                                  	319	309
12:13:26  Zone: Zone1                    	312	335	-23
12:13:26  Zone: Zone2                    	319	309	10
12:14:21  Camera: Shop A                                  	323	319
12:14:36  Zone: Zone1                    	322	339	-17
12:14:36  Zone: Zone2                    	323	319	4
12:15:13  Service running OK
12:15:22  Camera: Shop A                                  	330	320
12:15:28  Zone: Zone1                    	323	346	-23
12:15:28  Zone: Zone2                    	330	320	10
12:15:46  Camera: Level 2 Lift                            	2	15
12:15:46  Zone: Zone1                    	324	347	-23
12:16:23  Camera: Shop A                                  	330	324
12:16:38  Zone: Zone1                    	328	347	-19
12:16:38  Zone: Zone2                    	330	324	6
12:16:47  Camera: Level 2 Lift                            	2	17
12:16:54  Zone: Zone1                    	328	349	-21
12:17:24  Camera: Shop A                                  	333	325
12:17:28  Zone: Zone1                    	329	352	-23
12:17:28  Zone: Zone2                    	333	325	8
12:17:48  Camera: Level 2 Lift                            	2	18
12:18:02  Zone: Zone1                    	329	353	-24
12:18:25  Camera: Shop A                                  	336	327
12:18:36  Zone: Zone1                    	331	356	-25
12:18:36  Zone: Zone2                    	336	327	9
12:19:26  Camera: Shop A                                  	337	331
12:19:28  Zone: Zone1                    	335	357	-22
12:19:28  Zone: Zone2                    	337	331	6
12:19:50  Camera: Level 2 Lift                            	4	18
12:20:02  Zone: Zone1                    	337	357	-20
12:20:27  Camera: Shop A                                  	339	331
12:20:36  Zone: Zone1                    	337	359	-22
12:20:36  Zone: Zone2                    	339	331	8
12:21:28  Camera: Shop A                                  	344	335
12:21:29  Zone: Zone1                    	341	364	-23
12:21:29  Zone: Zone2                    	344	335	9
12:23:31  Camera: Shop A                                  	347	336
12:23:32  Zone: Zone1                    	342	367	-25
12:23:32  Zone: Zone2                    	347	336	11
12:26:34  Camera: Shop A                                  	347	339
12:26:48  Zone: Zone1                    	345	367	-22
12:26:48  Zone: Zone2                    	347	339	8
12:27:35  Camera: Shop A                                  	347	344
12:27:40  Zone: Zone1                    	350	367	-17
12:27:40  Zone: Zone2                    	347	344	3
12:28:36  Camera: Shop A                                  	350	346
12:28:50  Zone: Zone1                    	352	370	-18
12:28:50  Zone: Zone2                    	350	346	4
12:29:37  Camera: Shop A                                  	350	347
12:29:42  Zone: Zone1                    	353	370	-17
12:29:42  Zone: Zone2                    	350	347	3
12:30:01  Logging to daily summary: "12:30 66 69 -18 59 63 6"
12:30:01  Service running OK
12:30:38  Camera: Shop A                                  	359	347
12:30:52  Zone: Zone1                    	353	379	-26
12:30:52  Zone: Zone2                    	359	347	12
12:34:42  Camera: Shop A                                  	361	348
12:34:44  Zone: Zone1                    	354	381	-27
12:34:44  Zone: Zone2                    	361	348	13
12:35:44  Camera: Shop A                                  	361	349
12:35:54  Zone: Zone1                    	355	381	-26
12:35:54  Zone: Zone2                    	361	349	12
12:37:46  Camera: Shop A                                  	363	352
12:37:58  Zone: Zone1                    	358	383	-25
12:37:58  Zone: Zone2                    	363	352	11
12:39:48  Camera: Shop A                                  	363	353
12:40:02  Zone: Zone1                    	359	383	-24
12:40:02  Zone: Zone2                    	363	353	10
12:40:49  Camera: Shop A                                  	368	354
12:40:54  Zone: Zone1                    	360	388	-28
12:40:54  Zone: Zone2                    	368	354	14
12:41:50  Camera: Shop A                                  	370	354
12:42:04  Zone: Zone1                    	360	390	-30
12:42:04  Zone: Zone2                    	370	354	16
12:42:51  Camera: Shop A                                  	373	354
12:42:56  Zone: Zone1                    	360	393	-33
12:42:56  Zone: Zone2                    	373	354	19
12:43:52  Camera: Shop A                                  	377	363
12:44:06  Zone: Zone1                    	369	397	-28
12:44:06  Zone: Zone2                    	377	363	14
12:44:53  Camera: Shop A                                  	379	363
12:44:58  Zone: Zone1                    	369	399	-30
12:44:58  Zone: Zone2                    	379	363	16
12:45:17  Service running OK
12:45:54  Camera: Shop A                                  	383	368
12:46:08  Zone: Zone1                    	374	403	-29
12:46:08  Zone: Zone2                    	383	368	15
12:46:55  Camera: Shop A                                  	385	371
12:47:00  Zone: Zone1                    	377	405	-28
12:47:00  Zone: Zone2                    	385	371	14
12:47:56  Camera: Shop A                                  	387	371
12:48:10  Zone: Zone1                    	377	407	-30
12:48:10  Zone: Zone2                    	387	371	16
12:48:58  Camera: Shop A                                  	390	371
12:49:02  Zone: Zone1                    	377	410	-33
12:49:02  Zone: Zone2                    	390	371	19
12:49:59  Camera: Shop A                                  	392	373
12:50:12  Zone: Zone1                    	379	412	-33
12:50:12  Zone: Zone2                    	392	373	19
12:52:01  Camera: Shop A                                  	396	376
12:52:16  Zone: Zone1                    	382	416	-34
12:52:16  Zone: Zone2                    	396	376	20
12:54:03  Camera: Shop A                                  	396	379
12:54:03  Zone: Zone1                    	385	416	-31
12:54:03  Zone: Zone2                    	396	379	17
12:55:04  Camera: Shop A                                  	403	382
12:55:13  Zone: Zone1                    	388	423	-35
12:55:13  Zone: Zone2                    	403	382	21
12:57:06  Camera: Shop A                                  	403	384
12:57:17  Zone: Zone1                    	390	423	-33
12:57:17  Zone: Zone2                    	403	384	19
12:58:07  Camera: Shop A                                  	403	387
12:58:09  Zone: Zone1                    	393	423	-30
12:58:09  Zone: Zone2                    	403	387	16
12:59:08  Camera: Shop A                                  	403	390
12:59:19  Zone: Zone1                    	396	423	-27
12:59:19  Zone: Zone2                    	403	390	13
13:00:09  Camera: Shop A                                  	408	392
13:00:11  Zone: Zone1                    	398	428	-30
13:00:11  Zone: Zone2                    	408	392	16
13:00:11  Logging to daily summary: "13:00 45 58 -29 58 45 15"
13:00:11  Service running OK
13:01:10  Camera: Shop A                                  	410	392
13:01:21  Zone: Zone1                    	398	430	-32
13:01:21  Zone: Zone2                    	410	392	18
13:02:12  Camera: Shop A                                  	413	395
13:02:13  Zone: Zone1                    	401	433	-32
13:02:13  Zone: Zone2                    	413	395	18
13:03:13  Camera: Shop A                                  	416	395
13:03:23  Zone: Zone1                    	401	436	-35
13:03:23  Zone: Zone2                    	416	395	21
13:05:15  Camera: Shop A                                  	416	397
13:05:22  Camera: Level 2 Main Entry                      	3	3
13:05:27  Zone: Zone1                    	404	437	-33
13:05:27  Zone: Zone2                    	416	397	19
13:06:16  Camera: Shop A                                  	416	398
13:06:17  Zone: Zone1                    	405	437	-32
13:06:17  Zone: Zone2                    	416	398	18
13:07:17  Camera: Shop A                                  	419	398
13:07:27  Zone: Zone1                    	405	440	-35
13:07:27  Zone: Zone2                    	419	398	21
13:08:18  Camera: Shop A                                  	419	401
13:08:19  Zone: Zone1                    	408	440	-32
13:08:19  Zone: Zone2                    	419	401	18
13:09:19  Camera: Shop A                                  	422	401
13:09:29  Zone: Zone1                    	408	443	-35
13:09:29  Zone: Zone2                    	422	401	21
13:10:20  Camera: Shop A                                  	424	401
13:10:21  Zone: Zone1                    	408	445	-37
13:10:21  Zone: Zone2                    	424	401	23
13:13:23  Camera: Shop A                                  	428	404
13:13:37  Zone: Zone1                    	411	449	-38
13:13:37  Zone: Zone2                    	428	404	24
13:15:08  Service running OK
13:16:27  Camera: Shop A                                  	430	404
13:16:35  Zone: Zone1                    	411	451	-40
13:16:35  Zone: Zone2                    	430	404	26
13:17:28  Camera: Shop A                                  	433	404
13:17:28  Zone: Zone1                    	411	454	-43
13:17:28  Zone: Zone2                    	433	404	29
13:18:29  Camera: Shop A                                  	433	406
13:18:37  Zone: Zone1                    	413	454	-41
13:18:37  Zone: Zone2                    	433	406	27
13:20:31  Camera: Shop A                                  	433	407
13:20:41  Zone: Zone1                    	414	454	-40
13:20:41  Zone: Zone2                    	433	407	26
13:21:32  Camera: Shop A                                  	435	407
13:21:33  Zone: Zone1                    	414	456	-42
13:21:33  Zone: Zone2                    	435	407	28
13:22:33  Camera: Shop A                                  	435	410
13:22:43  Zone: Zone1                    	417	456	-39
13:22:43  Zone: Zone2                    	435	410	25
13:23:34  Camera: Shop A                                  	439	410
13:23:35  Zone: Zone1                    	417	460	-43
13:23:35  Zone: Zone2                    	439	410	29
13:24:35  Camera: Shop A                                  	439	414
13:24:45  Zone: Zone1                    	421	460	-39
13:24:45  Zone: Zone2                    	439	414	25
13:25:36  Camera: Shop A                                  	441	414
13:25:37  Zone: Zone1                    	421	462	-41
13:25:37  Zone: Zone2                    	441	414	27
13:26:37  Camera: Shop A                                  	441	417
13:26:47  Zone: Zone1                    	424	462	-38
13:26:47  Zone: Zone2                    	441	417	24
13:27:39  Camera: Shop A                                  	443	419
13:27:39  Zone: Zone1                    	426	464	-38
13:27:39  Zone: Zone2                    	443	419	24
13:28:40  Camera: Shop A                                  	450	422
13:28:49  Zone: Zone1                    	429	471	-42
13:28:49  Zone: Zone2                    	450	422	28
13:30:02  Logging to daily summary: "13:30 31 43 -37 42 30 23"
13:30:02  Service running OK
13:30:42  Camera: Shop A                                  	453	422
13:30:53  Zone: Zone1                    	429	474	-45
13:30:53  Zone: Zone2                    	453	422	31
13:31:43  Camera: Shop A                                  	453	424
13:31:45  Zone: Zone1                    	431	474	-43
13:31:45  Zone: Zone2                    	453	424	29
13:32:44  Camera: Shop A                                  	455	424
13:32:55  Zone: Zone1                    	431	476	-45
13:32:55  Zone: Zone2                    	455	424	31
13:33:45  Camera: Shop A                                  	455	430
13:33:47  Zone: Zone1                    	437	476	-39
13:33:47  Zone: Zone2                    	455	430	25
13:34:46  Camera: Shop A                                  	455	433
13:34:57  Zone: Zone1                    	440	476	-36
13:34:57  Zone: Zone2                    	455	433	22
13:35:47  Camera: Shop A                                  	459	434
13:35:49  Zone: Zone1                    	441	480	-39
13:35:49  Zone: Zone2                    	459	434	25
13:36:48  Camera: Shop A                                  	460	434
13:36:59  Zone: Zone1                    	441	481	-40
13:36:59  Zone: Zone2                    	460	434	26
13:37:49  Camera: Shop A                                  	460	435
13:37:51  Zone: Zone1                    	442	481	-39
13:37:51  Zone: Zone2                    	460	435	25
13:38:50  Camera: Shop A                                  	462	437
13:39:01  Zone: Zone1                    	444	483	-39
13:39:01  Zone: Zone2                    	462	437	25
13:39:51  Camera: Shop A                                  	464	437
13:39:53  Zone: Zone1                    	444	485	-41
13:39:53  Zone: Zone2                    	464	437	27
13:40:53  Camera: Shop A                                  	464	438
13:41:03  Zone: Zone1                    	445	485	-40
13:41:03  Zone: Zone2                    	464	438	26
13:41:54  Camera: Shop A                                  	468	438
13:41:55  Zone: Zone1                    	445	489	-44
13:41:55  Zone: Zone2                    	468	438	30
13:42:55  Camera: Shop A                                  	469	438
13:43:05  Zone: Zone1                    	445	490	-45
13:43:05  Zone: Zone2                    	469	438	31
13:43:56  Camera: Shop A                                  	469	442
13:43:57  Zone: Zone1                    	449	490	-41
13:43:57  Zone: Zone2                    	469	442	27
13:44:57  Camera: Shop A                                  	480	442
13:45:07  Zone: Zone1                    	449	501	-52
13:45:07  Zone: Zone2                    	480	442	38
13:45:07  Service running OK
13:46:59  Camera: Shop A                                  	480	444
13:47:11  Zone: Zone1                    	451	501	-50
13:47:11  Zone: Zone2                    	480	444	36
13:48:00  Camera: Shop A                                  	486	452
13:48:03  Zone: Zone1                    	459	507	-48
13:48:03  Zone: Zone2                    	486	452	34
13:49:01  Camera: Shop A                                  	488	455
13:49:13  Zone: Zone1                    	462	509	-47
13:49:13  Zone: Zone2                    	488	455	33
13:51:03  Camera: Shop A                                  	488	461
13:51:17  Zone: Zone1                    	468	509	-41
13:51:17  Zone: Zone2                    	488	461	27
13:53:06  Camera: Shop A                                  	490	463
13:53:21  Zone: Zone1                    	470	511	-41
13:53:21  Zone: Zone2                    	490	463	27
13:54:07  Camera: Shop A                                  	490	465
13:54:13  Zone: Zone1                    	472	511	-39
13:54:13  Zone: Zone2                    	490	465	25
13:55:08  Camera: Shop A                                  	491	467
13:55:23  Zone: Zone1                    	474	512	-38
13:55:23  Zone: Zone2                    	491	467	24
13:56:09  Camera: Shop A                                  	501	472
13:56:15  Zone: Zone1                    	479	522	-43
13:56:15  Zone: Zone2                    	501	472	29
13:58:11  Camera: Shop A                                  	502	473
13:58:19  Zone: Zone1                    	480	523	-43
13:58:19  Zone: Zone2                    	502	473	29
13:59:12  Camera: Shop A                                  	507	473
13:59:12  Zone: Zone1                    	480	528	-48
13:59:12  Zone: Zone2                    	507	473	34
14:00:07  Logging to daily summary: "14:00 51 57 -43 57 51 29"
14:00:07  Service running OK
14:01:14  Camera: Shop A                                  	507	477
14:01:16  Zone: Zone1                    	484	528	-44
14:01:16  Zone: Zone2                    	507	477	30
14:02:15  Camera: Shop A                                  	509	479
14:02:26  Zone: Zone1                    	486	530	-44
14:02:26  Zone: Zone2                    	509	479	30
14:03:16  Camera: Shop A                                  	512	481
14:03:18  Zone: Zone1                    	488	533	-45
14:03:18  Zone: Zone2                    	512	481	31
14:04:17  Camera: Shop A                                  	516	483
14:04:28  Zone: Zone1                    	490	537	-47
14:04:28  Zone: Zone2                    	516	483	33
14:05:18  Camera: Shop A                                  	516	485
14:05:20  Zone: Zone1                    	492	537	-45
14:05:20  Zone: Zone2                    	516	485	31
14:05:26  Camera: Level 2 Main Entry                      	3	4
14:05:36  Zone: Zone1                    	492	538	-46
14:06:20  Camera: Shop A                                  	520	485
14:06:28  Zone: Zone1                    	492	542	-50
14:06:28  Zone: Zone2                    	520	485	35
14:07:21  Camera: Shop A                                  	520	488
14:07:21  Zone: Zone1                    	495	542	-47
14:07:21  Zone: Zone2                    	520	488	32
14:08:22  Camera: Shop A                                  	520	490
14:08:30  Zone: Zone1                    	497	542	-45
14:08:30  Zone: Zone2                    	520	490	30
14:09:23  Camera: Shop A                                  	525	490
14:09:23  Zone: Zone1                    	497	547	-50
14:09:23  Zone: Zone2                    	525	490	35
14:12:26  Camera: Shop A                                  	527	492
14:12:38  Zone: Zone1                    	499	549	-50
14:12:38  Zone: Zone2                    	527	492	35
14:13:27  Camera: Shop A                                  	534	492
14:13:30  Zone: Zone1                    	499	556	-57
14:13:30  Zone: Zone2                    	534	492	42
14:15:01  Service running OK
14:15:29  Camera: Shop A                                  	534	495
14:15:34  Zone: Zone1                    	502	556	-54
14:15:34  Zone: Zone2                    	534	495	39
14:16:30  Camera: Shop A                                  	534	496
14:16:44  Zone: Zone1                    	503	556	-53
14:16:44  Zone: Zone2                    	534	496	38
14:17:31  Camera: Shop A                                  	534	498
14:17:36  Zone: Zone1                    	505	556	-51
14:17:36  Zone: Zone2                    	534	498	36
14:18:33  Camera: Shop A                                  	535	500
14:18:46  Zone: Zone1                    	507	557	-50
14:18:46  Zone: Zone2                    	535	500	35
14:19:34  Camera: Shop A                                  	540	502
14:19:38  Zone: Zone1                    	509	562	-53
14:19:38  Zone: Zone2                    	540	502	38
14:20:35  Camera: Shop A                                  	542	504
14:20:48  Zone: Zone1                    	511	564	-53
14:20:48  Zone: Zone2                    	542	504	38
14:21:36  Camera: Shop A                                  	547	504
14:21:40  Zone: Zone1                    	511	569	-58
14:21:40  Zone: Zone2                    	547	504	43
14:22:37  Camera: Shop A                                  	547	507
14:22:50  Zone: Zone1                    	514	569	-55
14:22:50  Zone: Zone2                    	547	507	40
14:23:38  Camera: Shop A                                  	551	510
14:23:42  Zone: Zone1                    	517	573	-56
14:23:42  Zone: Zone2                    	551	510	41
14:24:39  Camera: Shop A                                  	554	512
14:24:52  Zone: Zone1                    	519	576	-57
14:24:52  Zone: Zone2                    	554	512	42
14:25:40  Camera: Shop A                                  	556	512
14:25:44  Zone: Zone1                    	519	578	-59
14:25:44  Zone: Zone2                    	556	512	44
14:26:41  Camera: Shop A                                  	556	515
14:26:54  Zone: Zone1                    	522	578	-56
14:26:54  Zone: Zone2                    	556	515	41
14:27:42  Camera: Shop A                                  	559	519
14:27:46  Zone: Zone1                    	526	581	-55
14:27:46  Zone: Zone2                    	559	519	40
14:28:43  Camera: Shop A                                  	559	523
14:28:56  Zone: Zone1                    	530	581	-51
14:28:56  Zone: Zone2                    	559	523	36
14:29:44  Camera: Shop A                                  	563	525
14:29:48  Zone: Zone1                    	532	585	-53
14:29:48  Zone: Zone2                    	563	525	38
14:30:07  Logging to daily summary: "14:30 52 57 -51 56 52 36"
14:30:07  Service running OK
14:30:45  Camera: Shop A                                  	564	525
14:30:58  Zone: Zone1                    	532	586	-54
14:30:58  Zone: Zone2                    	564	525	39
14:32:48  Camera: Shop A                                  	566	531
14:32:55  Camera: Level 2 Main Entry                      	5	4
14:33:02  Zone: Zone1                    	540	588	-48
14:33:02  Zone: Zone2                    	566	531	35
14:33:49  Camera: Shop A                                  	569	531
14:33:52  Zone: Zone1                    	540	591	-51
14:33:52  Zone: Zone2                    	569	531	38
14:33:56  Camera: Level 2 Main Entry                      	6	6
14:34:08  Zone: Zone1                    	541	593	-52
14:34:50  Camera: Shop A                                  	572	531
14:34:57  Camera: Level 2 Main Entry                      	8	6
14:35:00  Zone: Zone1                    	543	596	-53
14:35:00  Zone: Zone2                    	572	531	41
14:35:51  Camera: Shop A                                  	572	533
14:35:51  Zone: Zone1                    	545	596	-51
14:35:51  Zone: Zone2                    	572	533	39
14:35:58  Camera: Level 2 Main Entry                      	11	6
14:36:07  Zone: Zone1                    	548	596	-48
14:36:52  Camera: Shop A                                  	575	539
14:36:58  Zone: Zone1                    	554	599	-45
14:36:58  Zone: Zone2                    	575	539	36
14:37:53  Camera: Shop A                                  	578	539
14:38:00  Camera: Level 2 Main Entry                      	12	6
14:38:08  Zone: Zone1                    	555	602	-47
14:38:08  Zone: Zone2                    	578	539	39
14:38:54  Camera: Shop A                                  	581	543
14:38:58  Zone: Zone1                    	559	605	-46
14:38:58  Zone: Zone2                    	581	543	38
14:39:55  Camera: Shop A                                  	583	543
14:40:08  Zone: Zone1                    	559	607	-48
14:40:08  Zone: Zone2                    	583	543	40
14:40:56  Camera: Shop A                                  	585	543
14:41:00  Zone: Zone1                    	559	609	-50
14:41:00  Zone: Zone2                    	585	543	42
14:41:57  Camera: Shop A                                  	588	546
14:42:10  Zone: Zone1                    	562	612	-50
14:42:10  Zone: Zone2                    	588	546	42
14:42:58  Camera: Shop A                                  	588	550
14:43:02  Zone: Zone1                    	566	612	-46
14:43:02  Zone: Zone2                    	588	550	38
14:43:59  Camera: Shop A                                  	588	552
14:44:12  Zone: Zone1                    	568	612	-44
14:44:12  Zone: Zone2                    	588	552	36
14:45:07  Service running OK
14:46:02  Camera: Shop A                                  	592	552
14:46:16  Zone: Zone1                    	568	616	-48
14:46:16  Zone: Zone2                    	592	552	40
14:49:05  Camera: Shop A                                  	592	555
14:49:14  Zone: Zone1                    	571	616	-45
14:49:14  Zone: Zone2                    	592	555	37
14:50:06  Camera: Shop A                                  	592	556
14:50:06  Zone: Zone1                    	572	616	-44
14:50:06  Zone: Zone2                    	592	556	36
14:52:08  Camera: Shop A                                  	592	559
14:52:10  Zone: Zone1                    	575	616	-41
14:52:10  Zone: Zone2                    	592	559	33
14:55:11  Camera: Shop A                                  	592	561
14:55:26  Zone: Zone1                    	577	616	-39
14:55:26  Zone: Zone2                    	592	561	31
14:56:12  Camera: Shop A                                  	600	561
14:56:18  Zone: Zone1                    	577	624	-47
14:56:18  Zone: Zone2                    	600	561	39
14:58:15  Camera: Shop A                                  	603	562
14:58:22  Zone: Zone1                    	578	627	-49
14:58:22  Zone: Zone2                    	603	562	41
14:59:16  Camera: Shop A                                  	603	565
14:59:16  Zone: Zone1                    	581	627	-46
14:59:16  Zone: Zone2                    	603	565	38
15:00:10  Logging to daily summary: "15:00 49 42 -46 40 40 37"
15:00:10  Service running OK
15:00:17  Camera: Shop A                                  	604	566
15:00:25  Zone: Zone1                    	582	628	-46
15:00:25  Zone: Zone2                    	604	566	38
15:01:18  Camera: Shop A                                  	608	566
15:01:18  Zone: Zone1                    	582	632	-50
15:01:18  Zone: Zone2                    	608	566	42
15:02:19  Camera: Shop A                                  	608	570
15:02:27  Zone: Zone1                    	586	632	-46
15:02:27  Zone: Zone2                    	608	570	38
15:03:20  Camera: Shop A                                  	608	571
15:03:20  Zone: Zone1                    	587	632	-45
15:03:20  Zone: Zone2                    	608	571	37
15:04:21  Camera: Shop A                                  	608	573
15:04:30  Zone: Zone1                    	589	632	-43
15:04:30  Zone: Zone2                    	608	573	35
15:06:23  Camera: Shop A                                  	610	573
15:06:34  Zone: Zone1                    	589	634	-45
15:06:34  Zone: Zone2                    	610	573	37
15:07:24  Camera: Shop A                                  	617	573
15:07:26  Zone: Zone1                    	589	641	-52
15:07:26  Zone: Zone2                    	617	573	44
15:08:25  Camera: Shop A                                  	618	573
15:08:36  Zone: Zone1                    	589	642	-53
15:08:36  Zone: Zone2                    	618	573	45
15:09:26  Camera: Shop A                                  	618	577
15:09:28  Zone: Zone1                    	593	642	-49
15:09:28  Zone: Zone2                    	618	577	41
15:13:31  Camera: Shop A                                  	621	577
15:13:38  Zone: Zone1                    	593	645	-52
15:13:38  Zone: Zone2                    	621	577	44
15:15:09  Service running OK
15:15:33  Camera: Shop A                                  	621	581
15:15:42  Zone: Zone1                    	597	645	-48
15:15:42  Zone: Zone2                    	621	581	40
15:16:34  Camera: Shop A                                  	625	583
15:16:34  Zone: Zone1                    	599	649	-50
15:16:34  Zone: Zone2                    	625	583	42
15:18:36  Camera: Shop A                                  	628	584
15:18:38  Zone: Zone1                    	600	652	-52
15:18:38  Zone: Zone2                    	628	584	44
15:20:38  Camera: Shop A                                  	630	584
15:20:42  Zone: Zone1                    	600	654	-54
15:20:42  Zone: Zone2                    	630	584	46
15:22:41  Camera: Shop A                                  	632	585
15:22:46  Zone: Zone1                    	601	656	-55
15:22:46  Zone: Zone2                    	632	585	47
15:23:42  Camera: Shop A                                  	637	587
15:23:56  Zone: Zone1                    	603	661	-58
15:23:56  Zone: Zone2                    	637	587	50
15:24:43  Camera: Shop A                                  	638	587
15:24:48  Zone: Zone1                    	603	662	-59
15:24:48  Zone: Zone2                    	638	587	51
15:25:44  Camera: Shop A                                  	638	592
15:25:58  Zone: Zone1                    	608	662	-54
15:25:58  Zone: Zone2                    	638	592	46
15:26:45  Camera: Shop A                                  	643	592
15:26:50  Zone: Zone1                    	608	667	-59
15:26:50  Zone: Zone2                    	643	592	51
15:28:47  Camera: Shop A                                  	645	595
15:28:54  Zone: Zone1                    	611	669	-58
15:28:54  Zone: Zone2                    	645	595	50
15:29:48  Camera: Shop A                                  	648	595
15:29:48  Zone: Zone1                    	611	672	-61
15:29:48  Zone: Zone2                    	648	595	53
15:30:07  Logging to daily summary: "15:30 30 45 -51 45 30 43"
15:30:07  Service running OK
15:30:49  Camera: Shop A                                  	648	598
15:30:58  Zone: Zone1                    	614	672	-58
15:30:58  Zone: Zone2                    	648	598	50
15:31:50  Camera: Shop A                                  	648	601
15:31:50  Zone: Zone1                    	617	672	-55
15:31:50  Zone: Zone2                    	648	601	47
15:32:51  Camera: Shop A                                  	650	603
15:33:00  Zone: Zone1                    	619	674	-55
15:33:00  Zone: Zone2                    	650	603	47
15:33:52  Camera: Shop A                                  	655	605
15:33:52  Zone: Zone1                    	621	679	-58
15:33:52  Zone: Zone2                    	655	605	50
15:34:53  Camera: Shop A                                  	656	605
15:35:02  Zone: Zone1                    	621	680	-59
15:35:02  Zone: Zone2                    	656	605	51
15:35:55  Camera: Shop A                                  	656	606
15:35:55  Zone: Zone1                    	622	680	-58
15:35:55  Zone: Zone2                    	656	606	50
15:36:56  Camera: Shop A                                  	656	608
15:37:04  Zone: Zone1                    	624	680	-56
15:37:04  Zone: Zone2                    	656	608	48
15:38:58  Camera: Shop A                                  	658	608
15:39:08  Zone: Zone1                    	624	682	-58
15:39:08  Zone: Zone2                    	658	608	50
15:39:59  Camera: Shop A                                  	658	611
15:40:00  Zone: Zone1                    	627	682	-55
15:40:00  Zone: Zone2                    	658	611	47
15:41:00  Camera: Shop A                                  	661	611
15:41:10  Zone: Zone1                    	627	685	-58
15:41:10  Zone: Zone2                    	661	611	50
15:45:04  Camera: Shop A                                  	661	612
15:45:04  Zone: Zone1                    	628	685	-57
15:45:04  Zone: Zone2                    	661	612	49
15:45:04  Service running OK
15:46:05  Camera: Shop A                                  	662	616
15:46:14  Zone: Zone1                    	632	686	-54
15:46:14  Zone: Zone2                    	662	616	46
15:49:09  Camera: Shop A                                  	662	618
15:49:12  Zone: Zone1                    	634	686	-52
15:49:12  Zone: Zone2                    	662	618	44
15:50:10  Camera: Shop A                                  	667	620
15:50:22  Zone: Zone1                    	636	691	-55
15:50:22  Zone: Zone2                    	667	620	47
15:51:11  Camera: Shop A                                  	669	620
15:51:14  Zone: Zone1                    	636	693	-57
15:51:14  Zone: Zone2                    	669	620	49
15:52:12  Camera: Shop A                                  	671	620
15:52:24  Zone: Zone1                    	636	695	-59
15:52:24  Zone: Zone2                    	671	620	51
15:53:13  Camera: Shop A                                  	671	621
15:53:16  Zone: Zone1                    	637	695	-58
15:53:16  Zone: Zone2                    	671	621	50
15:54:14  Camera: Shop A                                  	671	624
15:54:26  Zone: Zone1                    	640	695	-55
15:54:26  Zone: Zone2                    	671	624	47
15:55:15  Camera: Shop A                                  	671	627
15:55:18  Zone: Zone1                    	643	695	-52
15:55:18  Zone: Zone2                    	671	627	44
15:56:16  Camera: Shop A                                  	673	633
15:56:28  Zone: Zone1                    	649	697	-48
15:56:28  Zone: Zone2                    	673	633	40
15:57:17  Camera: Shop A                                  	682	634
15:57:22  Zone: Zone1                    	650	706	-56
15:57:22  Zone: Zone2                    	682	634	48
15:58:18  Camera: Shop A                                  	694	639
15:58:32  Zone: Zone1                    	655	718	-63
15:58:32  Zone: Zone2                    	694	639	55
15:59:19  Camera: Shop A                                  	695	640
15:59:24  Zone: Zone1                    	656	719	-63
15:59:24  Zone: Zone2                    	695	640	55
16:00:00  Logging to daily summary: "16:00 45 47 -56 47 45 48"
16:00:00  Service running OK
16:00:21  Camera: Shop A                                  	699	640
16:00:33  Zone: Zone1                    	656	723	-67
16:00:33  Zone: Zone2                    	699	640	59
16:01:22  Camera: Shop A                                  	701	650
16:01:25  Zone: Zone1                    	666	725	-59
16:01:25  Zone: Zone2                    	701	650	51
16:02:23  Camera: Shop A                                  	707	656
16:02:35  Zone: Zone1                    	672	731	-59
16:02:35  Zone: Zone2                    	707	656	51
16:03:24  Camera: Shop A                                  	711	662
16:03:27  Zone: Zone1                    	678	735	-57
16:03:27  Zone: Zone2                    	711	662	49
16:04:25  Camera: Shop A                                  	716	669
16:04:37  Zone: Zone1                    	685	740	-55
16:04:37  Zone: Zone2                    	716	669	47
16:05:26  Camera: Shop A                                  	719	671
16:05:29  Zone: Zone1                    	687	743	-56
16:05:29  Zone: Zone2                    	719	671	48
16:08:29  Camera: Shop A                                  	722	671
16:08:29  Zone: Zone1                    	687	746	-59
16:08:29  Zone: Zone2                    	722	671	51
16:09:30  Camera: Shop A                                  	724	673
16:09:39  Zone: Zone1                    	689	748	-59
16:09:39  Zone: Zone2                    	724	673	51
16:10:31  Camera: Shop A                                  	724	674
16:10:31  Zone: Zone1                    	690	748	-58
16:10:31  Zone: Zone2                    	724	674	50
16:11:32  Camera: Shop A                                  	726	674
16:11:41  Zone: Zone1                    	690	750	-60
16:11:41  Zone: Zone2                    	726	674	52
16:12:33  Camera: Shop A                                  	727	675
16:12:34  Zone: Zone1                    	691	751	-60
16:12:34  Zone: Zone2                    	727	675	52
16:13:35  Camera: Shop A                                  	731	676
16:13:43  Zone: Zone1                    	692	755	-63
16:13:43  Zone: Zone2                    	731	676	55
16:15:14  Service running OK
16:15:37  Camera: Shop A                                  	733	676
16:15:47  Zone: Zone1                    	692	757	-65
16:15:47  Zone: Zone2                    	733	676	57
16:16:38  Camera: Shop A                                  	733	679
16:16:39  Zone: Zone1                    	695	757	-62
16:16:39  Zone: Zone2                    	733	679	54
16:18:40  Camera: Shop A                                  	733	681
16:18:43  Zone: Zone1                    	697	757	-60
16:18:43  Zone: Zone2                    	733	681	52
16:19:41  Camera: Shop A                                  	733	683
16:19:53  Zone: Zone1                    	699	757	-58
16:19:53  Zone: Zone2                    	733	683	50
16:23:45  Camera: Shop A                                  	738	686
16:23:45  Zone: Zone1                    	702	762	-60
16:23:45  Zone: Zone2                    	738	686	52
16:27:50  Camera: Shop A                                  	741	686
16:27:55  Zone: Zone1                    	702	765	-63
16:27:55  Zone: Zone2                    	741	686	55
16:28:51  Camera: Shop A                                  	741	688
16:29:05  Zone: Zone1                    	704	765	-61
16:29:05  Zone: Zone2                    	741	688	53
16:29:52  Camera: Shop A                                  	744	688
16:29:57  Zone: Zone1                    	704	768	-64
16:29:57  Zone: Zone2                    	744	688	56
16:30:16  Logging to daily summary: "16:30 48 49 -59 49 48 51"
16:30:16  Service running OK
16:30:53  Camera: Shop A                                  	745	694
16:31:07  Zone: Zone1                    	710	769	-59
16:31:07  Zone: Zone2                    	745	694	51
16:31:54  Camera: Shop A                                  	749	695
16:31:59  Zone: Zone1                    	711	773	-62
16:31:59  Zone: Zone2                    	749	695	54
16:32:55  Camera: Shop A                                  	750	695
16:33:09  Zone: Zone1                    	711	774	-63
16:33:09  Zone: Zone2                    	750	695	55
16:41:04  Camera: Shop A                                  	752	697
16:41:13  Zone: Zone1                    	713	776	-63
16:41:13  Zone: Zone2                    	752	697	55
16:42:05  Camera: Shop A                                  	756	697
16:42:05  Zone: Zone1                    	713	780	-67
16:42:05  Zone: Zone2                    	756	697	59
16:45:06  Service running OK
16:47:10  Camera: Shop A                                  	757	697
16:47:10  Zone: Zone1                    	713	781	-68
16:47:10  Zone: Zone2                    	757	697	60
16:50:13  Camera: Shop A                                  	757	698
16:50:26  Zone: Zone1                    	714	781	-67
16:50:26  Zone: Zone2                    	757	698	59
16:51:14  Camera: Shop A                                  	758	698
16:51:18  Zone: Zone1                    	714	782	-68
16:51:18  Zone: Zone2                    	758	698	60
16:52:16  Camera: Shop A                                  	758	700
16:52:28  Zone: Zone1                    	716	782	-66
16:52:28  Zone: Zone2                    	758	700	58
16:56:20  Camera: Shop A                                  	759	700
16:56:20  Zone: Zone1                    	716	783	-67
16:56:20  Zone: Zone2                    	759	700	59
17:00:15  Logging to daily summary: "17:00 12 15 -65 15 12 57"
17:00:15  Service running OK
17:00:24  Camera: Shop A                                  	759	702
17:00:30  Zone: Zone1                    	718	783	-65
17:00:30  Zone: Zone2                    	759	702	57
17:04:29  Camera: Shop A                                  	762	705
17:04:43  Zone: Zone1                    	721	786	-65
17:04:43  Zone: Zone2                    	762	705	57
17:07:32  Camera: Shop A                                  	763	705
17:07:41  Zone: Zone1                    	721	787	-66
17:07:41  Zone: Zone2                    	763	705	58
17:10:35  Camera: Shop A                                  	763	711
17:10:39  Zone: Zone1                    	727	787	-60
17:10:39  Zone: Zone2                    	763	711	52
17:15:10  Service running OK
17:15:40  Camera: Shop A                                  	767	711
17:15:43  Zone: Zone1                    	727	791	-64
17:15:43  Zone: Zone2                    	767	711	56
17:30:08  Logging to daily summary: "17:30 11 8 -63 8 11 55"
17:30:08  Service running OK
17:45:08  Service running OK
18:00:08  Logging to daily summary: "18:00 0 0 -64 0 0 56"
18:00:08  Service running OK
18:15:08  Service running OK
18:30:08  Logging to daily summary: "18:30 0 0 -64 0 0 56"
18:30:08  Service running OK
18:45:08  Service running OK
19:00:08  Logging to daily summary: "19:00 0 0 -64 0 0 56"
19:00:08  Service running OK
19:15:08  Service running OK
19:30:08  Logging to daily summary: "19:30 0 0 -64 0 0 56"
19:30:08  Service running OK
19:45:08  Service running OK
20:00:08  Logging to daily summary: "20:00 0 0 -64 0 0 56"
20:00:08  Service running OK
20:15:08  Service running OK
20:30:08  Logging to daily summary: "20:30 0 0 -64 0 0 56"
20:30:08  Service running OK
20:45:08  Service running OK
21:00:08  Logging to daily summary: "21:00 0 0 -64 0 0 56"
21:00:08  Service running OK
21:15:08  Service running OK
21:30:08  Logging to daily summary: "21:30 0 0 -64 0 0 56"
21:30:08  Service running OK
21:45:08  Service running OK
22:00:08  Logging to daily summary: "22:00 0 0 -64 0 0 56"
22:00:08  Service running OK
22:00:41  Stop time reached.
22:00:41  Camera 'Level 1 Science Centre Entry 1' - final counts 0 0
22:00:41  Camera 'Level 1 Science Centre Entry 2' - final counts 0 0
22:00:41  Camera 'Level 1 Science Centre Lift' - final counts 0 0
22:00:41  Camera 'Level 2 Main Entry' - final counts 12 6
22:00:41  Camera 'Level 2 Lift' - final counts 4 18
22:00:41  Camera 'Shop A' - final counts 767 711
22:00:41  Camera 'Shop B' - final counts 0 0
22:00:41  Camera 'Shop Whale Mall' - final counts 0 0
22:00:41  Camera 'Level 2 Cafe' - final counts 0 0
22:00:41  Zone: Zone1                    	727	791	-64
22:00:41  Zone: Zone2                    	767	711	56
22:00:41  Level 1 Science Centre Entry 1: IrisysIP counts reset requested.
22:00:41  Level 1 Science Centre Entry 2: IrisysIP counts reset requested.
22:00:41  Level 1 Science Centre Lift: IrisysIP counts reset requested.
22:00:41  Level 2 Main Entry: IrisysIP counts reset requested.
22:00:41  Level 2 Lift: IrisysIP counts reset requested.
22:00:41  Shop A: IrisysIP counts reset requested.
22:00:41  Shop B: IrisysIP counts reset requested.
22:00:41  Shop Whale Mall: IrisysIP counts reset requested.
22:00:41  Level 2 Cafe: IrisysIP counts reset requested.
22:00:50  Attempting to reset counts for IrisysIP Camera Shop A
22:00:52  Failed to send email.
22:00:52  Displaying shutdown on 0 display(s)
22:00:52  End the manager threads.
22:00:52  Close all CAN threads.
22:00:52  All CAN threads, now flagged to be closed.
22:00:52  Close all IrisysIP threads.
22:00:52  Level 1 Science Centre Entry 1: The Irisys IP thread has been flagged to end.
22:00:58  Attempting to reset counts for IrisysIP Camera Level 2 Main Entry
22:01:41  Level 1 Science Centre Entry 1: Main Data Collection loop has finished (g_bStopFlag=0, m_bEndThread=1).
22:01:41  Level 1 Science Centre Entry 1: The Irisys IP thread has ended.
22:01:41  Level 1 Science Centre Entry 2: The Irisys IP thread has been flagged to end.
22:01:41  Level 1 Science Centre Entry 2: Main Data Collection loop has finished (g_bStopFlag=0, m_bEndThread=1).
22:01:41  Level 1 Science Centre Entry 2: The Irisys IP thread has ended.
22:01:41  Level 1 Science Centre Lift: The Irisys IP thread has been flagged to end.
22:01:41  Level 1 Science Centre Lift: Main Data Collection loop has finished (g_bStopFlag=0, m_bEndThread=1).
22:01:41  Level 1 Science Centre Lift: The Irisys IP thread has ended.
22:01:42  Shop A: InCountCorrection set in registry to: 0
22:01:42  Shop A: OutCountCorrection set in registry to: 0
22:01:43  Shop A: has reset camera
22:01:50  Level 2 Main Entry: InCountCorrection set in registry to: 0
22:01:50  Level 2 Main Entry: OutCountCorrection set in registry to: 0
22:01:51  Level 2 Main Entry: has reset camera
22:01:51  Level 2 Main Entry: The Irisys IP thread has been flagged to end.
22:01:59  Attempting to reset counts for IrisysIP Camera Level 2 Lift
22:02:06  Level 2 Lift: InCountCorrection set in registry to: 0
22:02:06  Level 2 Lift: OutCountCorrection set in registry to: 0
22:02:07  Level 2 Lift: has reset camera
22:02:44  Camera: Shop A                                  	0	0
22:02:44  Shop A IrisysIP camera has reset
22:02:50  Level 2 Main Entry: Main Data Collection loop has finished (g_bStopFlag=0, m_bEndThread=1).
22:02:50  Level 2 Main Entry: The Irisys IP thread has ended.
22:02:50  Level 2 Lift: The Irisys IP thread has been flagged to end.
22:03:06  Level 2 Lift: Main Data Collection loop has finished (g_bStopFlag=0, m_bEndThread=1).
22:03:06  Level 2 Lift: The Irisys IP thread has ended.
22:03:06  Shop A: The Irisys IP thread has been flagged to end.
22:03:43  Shop A: Main Data Collection loop has finished (g_bStopFlag=0, m_bEndThread=1).
22:03:43  Shop A: The Irisys IP thread has ended.
22:03:43  Shop B: The Irisys IP thread has been flagged to end.
22:04:07  Shop B: Main Data Collection loop has finished (g_bStopFlag=0, m_bEndThread=1).
22:04:07  Shop B: The Irisys IP thread has ended.
22:04:07  Shop Whale Mall: The Irisys IP thread has been flagged to end.
22:04:07  Shop Whale Mall: Main Data Collection loop has finished (g_bStopFlag=0, m_bEndThread=1).
22:04:07  Shop Whale Mall: The Irisys IP thread has ended.
22:04:07  Level 2 Cafe: The Irisys IP thread has been flagged to end.
22:04:07  Level 2 Cafe: Main Data Collection loop has finished (g_bStopFlag=0, m_bEndThread=1).
22:04:07  Level 2 Cafe: The Irisys IP thread has ended.
22:04:07  All IrisysIP threads, now flagged to be closed.
22:04:07  Close all iCount threads.
22:04:07  All iCount threads, now flagged to be closed.
22:04:07  Close all eDAM threads.
22:04:07  All eDAM threads, now flagged to be closed.
22:04:07  Camera 'Level 1 Science Centre Entry 1' - maximum flow 0 at 09:30:00
22:04:07  Camera 'Level 1 Science Centre Entry 2' - maximum flow 0 at 09:30:00
22:04:07  Camera 'Level 1 Science Centre Lift' - maximum flow 0 at 09:30:00
22:04:07  Camera 'Level 2 Main Entry' - maximum flow 3 at 09:37:04
22:04:07  Camera 'Level 2 Lift' - maximum flow 2 at 11:18:04
22:04:07  Camera 'Shop A' - maximum flow 17 at 12:11:09
22:04:07  Camera 'Shop B' - maximum flow 0 at 09:30:00
22:04:07  Camera 'Shop Whale Mall' - maximum flow 0 at 09:30:00
22:04:07  Camera 'Level 2 Cafe' - maximum flow 0 at 09:30:00
22:04:07  Camera 'Level 1 Science Centre Entry 1' refreshing registry counts
22:04:07  Camera 'Level 1 Science Centre Entry 2' refreshing registry counts
22:04:07  Camera 'Level 1 Science Centre Lift' refreshing registry counts
22:04:07  Camera 'Level 2 Main Entry' refreshing registry counts
22:04:07  Camera 'Level 2 Lift' refreshing registry counts
22:04:07  Camera 'Shop A' refreshing registry counts
22:04:07  Camera 'Shop B' refreshing registry counts
22:04:07  Camera 'Shop Whale Mall' refreshing registry counts
22:04:07  Camera 'Level 2 Cafe' refreshing registry counts
22:04:07  Zone 'Zone1' refreshing file counts
22:04:07  Zone 'Zone2' refreshing file counts
22:04:07  Processing application not specified
22:04:07  Logging Counting Stopped

