
07:28:01  RECAP $Revision: 3.13.2.13 $ ($State: Exp $) built 09:15:45, Aug  3 2010
07:28:01  Logging Counting Started
07:28:01  Start time: 09:30 (570 minutes past midnight)
07:28:01  Stop time: 22:00 (1320 minutes past midnight)
07:28:01  Log period: 30 minutes
07:28:01  Initialising 0 display(s)
07:28:01  Initialising 9 camera(s)
07:28:01  IrisysIP counter(s) in use, Starting BlackFin API
07:28:01  If RECAP crashes, check .NET framework and VCRedist are installed.
07:28:01  BlackFin API Started.
07:28:01  BlackFin API Started up OK. Version: 1.10.0.5
07:28:01  Initialising 2 zone(s)
07:28:01  Outputting 'Zone1' zone data to 'Zones\Zone1.txt'
07:28:01  Outputting 'Zone2' zone data to 'Zones\Zone2.txt'
07:28:01  Displaying shutdown on 0 display(s)
07:28:01  Waiting till start time
09:30:00  Start time reached
09:30:00  Adding Level 1 Science Centre Entry 1 thread to Watchdog
09:30:00  Level 1 Science Centre Entry 1: InCountCorrection set in registry to: 0
09:30:00  Level 1 Science Centre Entry 1: OutCountCorrection set in registry to: 0
09:30:00  Adding Level 1 Science Centre Entry 2 thread to Watchdog
09:30:00  Level 1 Science Centre Entry 2: InCountCorrection set in registry to: 0
09:30:00  Level 1 Science Centre Entry 2: OutCountCorrection set in registry to: 0
09:30:00  Adding Level 1 Science Centre Lift thread to Watchdog
09:30:00  Level 1 Science Centre Lift: InCountCorrection set in registry to: 0
09:30:00  Level 1 Science Centre Lift: OutCountCorrection set in registry to: 0
09:30:00  Adding Level 2 Main Entry thread to Watchdog
09:30:00  Level 2 Main Entry: InCountCorrection set in registry to: 0
09:30:00  Level 2 Main Entry: OutCountCorrection set in registry to: 0
09:30:00  Adding Level 2 Lift thread to Watchdog
09:30:00  Level 2 Lift: InCountCorrection set in registry to: 0
09:30:00  Level 2 Lift: OutCountCorrection set in registry to: 0
09:30:00  Adding Shop A thread to Watchdog
09:30:00  Shop A: InCountCorrection set in registry to: 0
09:30:00  Shop A: OutCountCorrection set in registry to: 0
09:30:00  Adding Shop B thread to Watchdog
09:30:00  Shop B: InCountCorrection set in registry to: 0
09:30:00  Shop B: OutCountCorrection set in registry to: 0
09:30:00  Adding Shop Whale Mall thread to Watchdog
09:30:00  Shop Whale Mall: InCountCorrection set in registry to: 0
09:30:00  Shop Whale Mall: OutCountCorrection set in registry to: 0
09:30:00  Adding Level 2 Cafe thread to Watchdog
09:30:00  Level 2 Cafe: InCountCorrection set in registry to: 0
09:30:00  Level 2 Cafe: OutCountCorrection set in registry to: 0
09:30:01  New day, Reset counts and busiest times in registry
09:30:01  Camera Level 1 Science Centre Entry 1 Counts 	= In:0, Out:0
09:30:01  Camera Level 1 Science Centre Entry 2 Counts 	= In:0, Out:0
09:30:01  Camera Level 1 Science Centre Lift Counts 	= In:0, Out:0
09:30:01  Camera Level 2 Main Entry Counts 	= In:0, Out:0
09:30:01  Camera Level 2 Lift Counts 	= In:0, Out:0
09:30:01  Camera Shop A Counts 	= In:0, Out:0
09:30:01  Camera Shop B Counts 	= In:0, Out:0
09:30:01  Camera Shop Whale Mall Counts 	= In:0, Out:0
09:30:01  Camera Level 2 Cafe Counts 	= In:0, Out:0
09:30:02  Starting main data collection loop.
09:30:05  Zone: Zone1                    	0	0	0
09:30:05  Zone: Zone2                    	0	0	0
09:30:05  Logging to daily summary: "09:30 0 0 0 0 0 0"
09:30:05  Service running OK
09:30:05  Shop Whale Mall: Connect Success (8) (serial num:2158593785)
09:30:05  Shop B: Connect Success (7) (serial num:2158593790)
09:30:06  Shop Whale Mall: MAC:00-21-AC-00-30-1F IP Firmware:4.0.2.30311 Monitor Firmware:42.4.0.404
09:30:06  Shop B: MAC:00-21-AC-00-30-38 IP Firmware:4.0.2.30311 Monitor Firmware:42.4.0.404
09:30:22  Level 1 Science Centre Entry 1: Connect Success (1) (serial num:2158593798)
09:30:23  Level 1 Science Centre Entry 1: MAC:00-21-AC-00-30-39 IP Firmware:4.0.2.30311 Monitor Firmware:42.4.0.404
09:30:26  Level 1 Science Centre Entry 1: Status msgs: 0,0
09:30:26  Level 1 Science Centre Entry 1: Current DeviceID: DefaultID
09:30:35  Level 1 Science Centre Lift: Connect Success (3) (serial num:2158593853)
09:30:36  Level 1 Science Centre Lift: MAC:00-21-AC-00-30-1A IP Firmware:4.0.2.30311 Monitor Firmware:42.4.0.404
09:30:38  Level 1 Science Centre Entry 2: Connect Success (2) (serial num:2158593777)
09:30:39  Level 1 Science Centre Entry 2: MAC:00-21-AC-00-30-3B IP Firmware:4.0.2.30311 Monitor Firmware:42.4.0.404
09:30:39  Level 1 Science Centre Lift: Status msgs: 0,0
09:30:39  Level 1 Science Centre Lift: Current DeviceID: DefaultID
09:30:42  Shop Whale Mall: Status msgs: 0,0
09:30:42  Shop Whale Mall: Current DeviceID: DefaultID
09:30:42  Level 1 Science Centre Entry 2: Status msgs: 0,0
09:30:42  Shop B: Status msgs: 0,0
09:30:42  Level 1 Science Centre Entry 2: Current DeviceID: DefaultID
09:30:43  Shop B: Current DeviceID: DefaultID
09:30:53  Level 2 Main Entry: Connect Success (4) (serial num:2158593780)
09:30:54  Level 2 Main Entry: MAC:00-21-AC-00-30-D9 IP Firmware:4.0.2.30311 Monitor Firmware:42.4.0.404
09:30:56  Level 2 Cafe: Connect Success (9) (serial num:2158593773)
09:30:57  Level 2 Cafe: MAC:00-21-AC-00-30-14 IP Firmware:4.0.2.30311 Monitor Firmware:42.4.0.404
09:30:59  Shop A: Connect Success (6) (serial num:2158593779)
09:30:59  Level 2 Lift: Connect Success (5) (serial num:2158593872)
09:31:00  Shop A: MAC:00-21-AC-00-30-21 IP Firmware:4.0.2.30311 Monitor Firmware:42.4.0.404
09:31:00  Level 2 Lift: MAC:00-21-AC-00-2F-8C IP Firmware:4.0.2.30311 Monitor Firmware:42.4.0.404
09:31:31  Level 2 Main Entry: Status msgs: 0,0
09:31:31  Level 2 Main Entry: Current DeviceID: DefaultID
09:31:34  Level 2 Cafe: Status msgs: 0,0
09:31:34  Level 2 Cafe: Current DeviceID: DefaultID
09:31:36  Shop A: Status msgs: 0,0
09:31:37  Level 2 Lift: Status msgs: 0,0
09:31:37  Shop A: Current DeviceID: DefaultID
09:31:37  Level 2 Lift: Current DeviceID: DefaultID
09:32:29  Initial Camera Level 1 Science Centre Entry 1 Counts 	= In:45, Out:29
09:32:33  Level 1 Science Centre Entry 1: Date last reset in registry is not today (reset required): 07/10/11
09:32:33  Attempting to reset counts for IrisysIP Camera Level 1 Science Centre Entry 1
09:33:29  Level 1 Science Centre Entry 1: InCountCorrection set in registry to: 0
09:33:29  Level 1 Science Centre Entry 1: OutCountCorrection set in registry to: 0
09:33:30  Level 1 Science Centre Entry 1: has reset camera
09:33:30  Initial Camera Level 1 Science Centre Lift Counts 	= In:0, Out:0
09:33:30  Camera: Level 1 Science Centre Entry 1 - Counts are now valid.
09:33:30  Initial Camera Shop Whale Mall Counts 	= In:0, Out:1
09:33:30  Initial Camera Level 1 Science Centre Entry 2 Counts 	= In:13, Out:14
09:33:30  Initial Camera Shop B Counts 	= In:7, Out:8
09:33:34  Shop B: Date last reset in registry is not today (reset required): 07/10/11
09:33:34  Level 1 Science Centre Entry 2: Date last reset in registry is not today (reset required): 07/10/11
09:33:34  Level 1 Science Centre Lift: Date last reset in registry is not today (reset required): 07/10/11
09:33:34  Shop Whale Mall: Date last reset in registry is not today (reset required): 07/10/11
09:33:34  Attempting to reset counts for IrisysIP Camera Shop B
09:33:34  Attempting to reset counts for IrisysIP Camera Level 1 Science Centre Entry 2
09:33:34  Attempting to reset counts for IrisysIP Camera Level 1 Science Centre Lift
09:33:34  Attempting to reset counts for IrisysIP Camera Shop Whale Mall
09:33:46  Shop B: InCountCorrection set in registry to: 0
09:33:46  Shop B: OutCountCorrection set in registry to: 0
09:33:47  Shop B: has reset camera
09:33:47  Camera: Shop B - Counts are now valid.
09:33:48  Level 1 Science Centre Entry 2: InCountCorrection set in registry to: 0
09:33:48  Level 1 Science Centre Entry 2: OutCountCorrection set in registry to: 0
09:33:49  Level 1 Science Centre Entry 2: has reset camera
09:33:49  Camera: Level 1 Science Centre Entry 2 - Counts are now valid.
09:33:50  Level 1 Science Centre Lift: InCountCorrection set in registry to: 0
09:33:50  Level 1 Science Centre Lift: OutCountCorrection set in registry to: 0
09:33:51  Level 1 Science Centre Lift: has reset camera
09:33:51  Camera: Level 1 Science Centre Lift - Counts are now valid.
09:33:52  Shop Whale Mall: InCountCorrection set in registry to: 0
09:33:52  Shop Whale Mall: OutCountCorrection set in registry to: 0
09:33:53  Initial Camera Level 2 Main Entry Counts 	= In:5, Out:9
09:33:53  Shop Whale Mall: has reset camera
09:33:53  Camera: Shop Whale Mall - Counts are now valid.
09:33:57  Level 2 Main Entry: Date last reset in registry is not today (reset required): 07/10/11
09:33:57  Attempting to reset counts for IrisysIP Camera Level 2 Main Entry
09:34:34  Level 2 Main Entry: InCountCorrection set in registry to: 0
09:34:34  Level 2 Main Entry: OutCountCorrection set in registry to: 0
09:34:35  Camera: Level 1 Science Centre Entry 1          	0	0
09:34:35  Level 2 Main Entry: has reset camera
09:34:35  Level 1 Science Centre Entry 1 IrisysIP camera has reset
09:34:35  Camera: Level 2 Main Entry - Counts are now valid.
09:34:37  Initial Camera Shop A Counts 	= In:0, Out:0
09:34:38  Initial Camera Level 2 Lift Counts 	= In:0, Out:0
09:34:38  Initial Camera Level 2 Cafe Counts 	= In:21, Out:32
09:34:41  Shop A: Date last reset in registry is not today (reset required): 07/10/11
09:34:41  Attempting to reset counts for IrisysIP Camera Shop A
09:34:42  Level 2 Lift: Date last reset in registry is not today (reset required): 07/10/11
09:34:42  Attempting to reset counts for IrisysIP Camera Level 2 Lift
09:34:42  Level 2 Cafe: Date last reset in registry is not today (reset required): 07/10/11
09:34:42  Attempting to reset counts for IrisysIP Camera Level 2 Cafe
09:35:37  Shop A: InCountCorrection set in registry to: 0
09:35:37  Shop A: OutCountCorrection set in registry to: 0
09:35:38  Shop A: has reset camera
09:35:38  Camera: Shop A - Counts are now valid.
09:35:39  Level 2 Lift: InCountCorrection set in registry to: 0
09:35:39  Level 2 Lift: OutCountCorrection set in registry to: 0
09:35:40  Level 2 Lift: has reset camera
09:35:40  Camera: Level 2 Lift - Counts are now valid.
09:35:40  Level 2 Cafe: InCountCorrection set in registry to: 0
09:35:40  Level 2 Cafe: OutCountCorrection set in registry to: 0
09:35:41  Camera: Shop B                                  	0	0
09:35:41  Level 2 Cafe: has reset camera
09:35:41  Shop B IrisysIP camera has reset
09:35:41  Camera: Level 2 Cafe - Counts are now valid.
09:35:41  Camera: Level 1 Science Centre Entry 2          	0	0
09:35:41  Level 1 Science Centre Entry 2 IrisysIP camera has reset
09:35:41  Zone: Zone1 - Counts are now valid.
09:35:41  Camera: Level 1 Science Centre Lift             	0	0
09:35:41  Level 1 Science Centre Lift IrisysIP camera has reset
09:35:41  Camera: Shop Whale Mall                         	0	0
09:35:41  Shop Whale Mall IrisysIP camera has reset
09:35:41  Camera: Level 2 Main Entry                      	0	0
09:35:41  Level 2 Main Entry IrisysIP camera has reset
09:35:42  Zone: Zone2 - Counts are now valid.
09:36:39  Camera: Shop A                                  	0	0
09:36:39  Shop A IrisysIP camera has reset
09:36:41  Camera: Level 2 Lift                            	0	0
09:36:41  Level 2 Lift IrisysIP camera has reset
09:36:43  Camera: Level 2 Cafe                            	0	0
09:36:43  Level 2 Cafe IrisysIP camera has reset
09:40:47  Camera: Level 2 Cafe                            	0	2
09:40:47  Zone: Zone1                    	0	0	0	Net-count has gone negative (-2).  Resetting to zero. (No Balancing Zone)
09:45:00  Service running OK
09:54:01  Camera: Level 2 Cafe                            	1	3
09:54:15  Zone: Zone1                    	1	1	0
09:55:02  Camera: Level 2 Cafe                            	1	5
09:55:07  Zone: Zone1                    	1	1	0	Net-count has gone negative (-2).  Resetting to zero. (No Balancing Zone)
10:00:14  Logging to daily summary: "10:00 1 1 0 0 0 0"
10:00:14  Service running OK
10:13:51  Camera: Shop Whale Mall                         	5	0
10:14:01  Zone: Zone2                    	5	0	5
10:14:33  Camera: Shop B                                  	0	4
10:14:35  Zone: Zone1                    	5	1	4
10:14:35  Zone: Zone2                    	5	4	1
10:15:12  Service running OK
10:17:36  Camera: Shop B                                  	7	4
10:17:51  Zone: Zone1                    	5	5	0	Net-count has gone negative (-3).  Resetting to zero. (No Balancing Zone)
10:17:51  Zone: Zone1                    	5	5	0
10:17:51  Zone: Zone2                    	12	4	8
10:17:57  Camera: Shop Whale Mall                         	5	6
10:18:07  Zone: Zone2                    	12	10	2
10:19:38  Camera: Shop B                                  	7	5
10:19:53  Zone: Zone1                    	6	5	1
10:19:53  Zone: Zone2                    	12	11	1
10:19:59  Camera: Shop Whale Mall                         	7	6
10:20:09  Zone: Zone2                    	14	11	3
10:21:41  Camera: Shop B                                  	8	5
10:21:55  Zone: Zone1                    	6	6	0
10:21:55  Zone: Zone2                    	15	11	4
10:22:02  Camera: Shop Whale Mall                         	13	6
10:22:11  Zone: Zone2                    	21	11	10
10:22:42  Camera: Shop B                                  	8	7
10:22:45  Zone: Zone1                    	8	6	2
10:22:45  Zone: Zone2                    	21	13	8
10:23:04  Camera: Shop Whale Mall                         	13	9
10:23:19  Zone: Zone2                    	21	16	5
10:24:06  Camera: Shop Whale Mall                         	15	9
10:24:11  Zone: Zone2                    	23	16	7
10:24:44  Camera: Shop B                                  	8	9
10:24:45  Zone: Zone1                    	10	6	4
10:24:45  Zone: Zone2                    	23	18	5
10:26:09  Camera: Shop Whale Mall                         	17	12
10:26:13  Zone: Zone2                    	25	21	4
10:26:46  Camera: Shop B                                  	10	9
10:26:47  Zone: Zone1                    	10	8	2
10:26:47  Zone: Zone2                    	27	21	6
10:27:10  Camera: Shop Whale Mall                         	17	15
10:27:21  Zone: Zone2                    	27	24	3
10:27:47  Camera: Shop B                                  	19	15
10:27:55  Zone: Zone1                    	16	16	0	Net-count has gone negative (-1).  Resetting to zero. (No Balancing Zone)
10:27:55  Zone: Zone1                    	16	16	0
10:27:55  Zone: Zone2                    	36	30	6
10:28:12  Camera: Shop Whale Mall                         	18	18
10:28:12  Zone: Zone2                    	37	33	4
10:28:48  Camera: Shop B                                  	22	18
10:29:03  Zone: Zone1                    	19	19	0
10:29:03  Zone: Zone2                    	40	36	4
10:30:15  Camera: Shop Whale Mall                         	20	18
10:30:15  Zone: Zone2                    	42	36	6
10:30:15  Logging to daily summary: "10:30 18 18 0 42 36 2"
10:30:15  Service running OK
10:30:50  Camera: Shop B                                  	22	20
10:30:50  Zone: Zone1                    	21	19	2
10:30:50  Zone: Zone2                    	42	38	4
10:31:17  Camera: Shop Whale Mall                         	25	18
10:31:24  Zone: Zone2                    	47	38	9
10:31:51  Camera: Shop B                                  	22	23
10:31:58  Zone: Zone1                    	24	19	5
10:31:58  Zone: Zone2                    	47	41	6
10:35:56  Camera: Shop B                                  	24	23
10:36:10  Zone: Zone1                    	24	21	3
10:36:10  Zone: Zone2                    	49	41	8
10:36:25  Camera: Shop Whale Mall                         	25	20
10:36:26  Zone: Zone2                    	49	43	6
10:36:57  Camera: Shop B                                  	31	24
10:37:00  Zone: Zone1                    	25	25	0	Net-count has gone negative (-3).  Resetting to zero. (No Balancing Zone)
10:37:00  Zone: Zone1                    	25	25	0
10:37:00  Zone: Zone2                    	56	44	12
10:37:26  Camera: Shop Whale Mall                         	36	26
10:37:34  Zone: Zone2                    	67	50	17
10:37:58  Camera: Shop B                                  	33	33
10:38:08  Zone: Zone1                    	34	27	7
10:38:08  Zone: Zone2                    	69	59	10
10:38:59  Camera: Shop B                                  	39	38
10:39:00  Zone: Zone1                    	39	33	6
10:39:00  Zone: Zone2                    	75	64	11
10:40:00  Camera: Shop B                                  	44	45
10:40:10  Zone: Zone1                    	46	38	8
10:40:10  Zone: Zone2                    	80	71	9
10:40:31  Camera: Shop Whale Mall                         	36	31
10:40:44  Zone: Zone2                    	80	76	4
10:41:01  Camera: Shop B                                  	46	47
10:41:01  Zone: Zone1                    	48	40	8
10:41:01  Zone: Zone2                    	82	78	4
10:45:14  Service running OK
10:52:50  Camera: Shop Whale Mall                         	38	31
10:52:59  Zone: Zone2                    	84	78	6
10:53:14  Camera: Shop B                                  	46	49
10:53:15  Zone: Zone1                    	50	40	10
10:53:15  Zone: Zone2                    	84	80	4
10:54:54  Camera: Shop Whale Mall                         	40	31
10:55:01  Zone: Zone2                    	86	80	6
10:55:16  Camera: Shop B                                  	46	51
10:55:17  Zone: Zone1                    	52	40	12
10:55:17  Zone: Zone2                    	86	82	4
10:55:55  Camera: Shop Whale Mall                         	40	32
10:56:09  Zone: Zone2                    	86	83	3
10:56:17  Camera: Shop B                                  	48	51
10:56:25  Zone: Zone1                    	52	42	10
10:56:25  Zone: Zone2                    	88	83	5
10:57:58  Camera: Shop Whale Mall                         	40	34
10:58:11  Zone: Zone2                    	88	85	3
10:58:19  Camera: Shop B                                  	51	51
10:58:27  Zone: Zone1                    	52	45	7
10:58:27  Zone: Zone2                    	91	85	6
10:58:59  Camera: Shop Whale Mall                         	42	36
10:59:01  Zone: Zone2                    	93	87	6
10:59:21  Camera: Shop B                                  	52	53
10:59:35  Zone: Zone1                    	54	46	8
10:59:35  Zone: Zone2                    	94	89	5
11:00:12  Logging to daily summary: "11:00 35 27 7 52 53 5"
11:00:12  Service running OK
11:15:12  Service running OK
11:18:41  Camera: Shop B                                  	54	55
11:18:45  Zone: Zone1                    	56	48	8
11:18:45  Zone: Zone2                    	96	91	5
11:19:42  Camera: Shop B                                  	55	55
11:19:55  Zone: Zone1                    	56	49	7
11:19:55  Zone: Zone2                    	97	91	6
11:20:24  Camera: Shop Whale Mall                         	42	38
11:20:29  Zone: Zone2                    	97	93	4
11:22:27  Camera: Shop Whale Mall                         	42	40
11:22:33  Zone: Zone2                    	97	95	2
11:22:45  Camera: Shop B                                  	58	55
11:22:49  Zone: Zone1                    	56	52	4
11:22:49  Zone: Zone2                    	100	95	5
11:23:28  Camera: Shop Whale Mall                         	44	42
11:23:41  Zone: Zone2                    	102	97	5
11:23:46  Camera: Shop B                                  	58	57
11:23:57  Zone: Zone1                    	58	52	6
11:23:57  Zone: Zone2                    	102	99	3
11:25:30  Camera: Shop Whale Mall                         	44	43
11:25:43  Zone: Zone2                    	102	100	2
11:25:49  Camera: Shop B                                  	59	57
11:25:59  Zone: Zone1                    	58	53	5
11:25:59  Zone: Zone2                    	103	100	3
11:26:31  Camera: Shop Whale Mall                         	45	43
11:26:33  Zone: Zone2                    	104	100	4
11:26:50  Camera: Shop B                                  	59	59
11:26:50  Zone: Zone1                    	60	53	7
11:26:50  Zone: Zone2                    	104	102	2
11:28:52  Camera: Shop B                                  	61	60
11:28:53  Zone: Zone1                    	61	55	6
11:28:53  Zone: Zone2                    	106	103	3
11:29:34  Camera: Shop Whale Mall                         	46	45
11:29:45  Zone: Zone2                    	107	105	2
11:29:53  Camera: Shop B                                  	62	60
11:30:01  Zone: Zone1                    	61	56	5
11:30:01  Zone: Zone2                    	108	105	3
11:30:01  Logging to daily summary: "11:30 7 10 7 14 16 4"
11:30:01  Service running OK
11:30:35  Camera: Shop Whale Mall                         	46	46
11:30:35  Zone: Zone2                    	108	106	2
11:32:37  Camera: Shop Whale Mall                         	49	46
11:32:39  Zone: Zone2                    	111	106	5
11:32:56  Camera: Shop B                                  	62	62
11:32:57  Zone: Zone1                    	63	56	7
11:32:57  Zone: Zone2                    	111	108	3
11:34:40  Camera: Shop Whale Mall                         	53	46
11:34:42  Zone: Zone2                    	115	108	7
11:35:00  Camera: Shop B                                  	63	66
11:35:00  Zone: Zone1                    	67	57	10
11:35:00  Zone: Zone2                    	116	112	4
11:42:11  Camera: Shop B                                  	65	66
11:42:11  Zone: Zone1                    	67	59	8
11:42:11  Zone: Zone2                    	118	112	6
11:42:48  Camera: Shop Whale Mall                         	53	48
11:43:02  Zone: Zone2                    	118	114	4
11:45:09  Service running OK
12:00:09  Logging to daily summary: "12:00 6 3 8 10 9 3"
12:00:09  Service running OK
12:15:10  Service running OK
12:19:07  Camera: Shop B                                  	65	71
12:19:19  Zone: Zone1                    	72	59	13
12:19:19  Zone: Zone2                    	118	118	0	Net-count has gone negative (-1).  Resetting to zero. (No Balancing Zone)
12:19:19  Zone: Zone2                    	118	118	0
12:19:27  Camera: Shop Whale Mall                         	59	48
12:19:35  Zone: Zone2                    	124	118	6
12:22:13  Camera: Shop B                                  	69	71
12:22:15  Zone: Zone1                    	72	63	9
12:22:15  Zone: Zone2                    	128	118	10
12:22:30  Camera: Shop Whale Mall                         	59	49
12:22:31  Zone: Zone2                    	128	119	9
12:23:31  Camera: Shop Whale Mall                         	59	53
12:23:41  Zone: Zone2                    	128	123	5
12:30:00  Logging to daily summary: "12:30 5 4 8 10 9 4"
12:30:00  Service running OK
12:30:39  Camera: Shop Whale Mall                         	62	53
12:30:51  Zone: Zone2                    	131	123	8
12:31:26  Camera: Shop B                                  	69	73
12:31:26  Zone: Zone1                    	74	63	11
12:31:26  Zone: Zone2                    	131	125	6
12:34:31  Camera: Shop B                                  	69	80
12:34:42  Zone: Zone1                    	81	63	18
12:34:42  Zone: Zone2                    	131	131	0	Net-count has gone negative (-1).  Resetting to zero. (No Balancing Zone)
12:34:42  Zone: Zone2                    	131	131	0
12:34:43  Camera: Shop Whale Mall                         	70	53
12:34:58  Zone: Zone2                    	139	131	8
12:45:11  Service running OK
12:47:51  Camera: Shop B                                  	71	80
12:47:52  Zone: Zone1                    	81	65	16
12:47:52  Zone: Zone2                    	141	131	10
12:47:57  Camera: Shop Whale Mall                         	70	55
12:48:07  Zone: Zone2                    	141	133	8
12:59:10  Camera: Shop Whale Mall                         	72	55
12:59:11  Camera: Shop B                                  	71	82
12:59:11  Zone: Zone1                    	83	65	18
12:59:11  Zone: Zone2                    	143	135	8
13:00:04  Logging to daily summary: "13:00 11 2 16 15 12 7"
13:00:04  Service running OK
13:15:04  Service running OK
13:17:29  Camera: Shop Whale Mall                         	72	58
13:17:31  Camera: Shop B                                  	73	82
13:17:43  Zone: Zone1                    	83	67	16
13:17:43  Zone: Zone2                    	145	138	7
13:18:31  Camera: Shop Whale Mall                         	72	68
13:18:32  Camera: Shop B                                  	83	82
13:18:33  Zone: Zone1                    	83	77	6
13:18:33  Zone: Zone2                    	155	148	7
13:30:14  Logging to daily summary: "13:30 0 12 13 12 13 7"
13:30:14  Service running OK
13:45:14  Service running OK
13:49:04  Camera: Shop B                                  	84	83
13:49:05  Zone: Zone1                    	84	78	6
13:49:05  Zone: Zone2                    	156	149	7
14:00:12  Logging to daily summary: "14:00 1 1 6 1 1 7"
14:00:12  Service running OK
14:07:22  Camera: Shop Whale Mall                         	74	68
14:07:22  Zone: Zone2                    	158	149	9
14:07:24  Camera: Shop B                                  	84	85
14:07:38  Zone: Zone1                    	86	78	8
14:07:38  Zone: Zone2                    	158	151	7
14:10:26  Camera: Shop Whale Mall                         	78	68
14:10:27  Camera: Shop B                                  	84	89
14:10:36  Zone: Zone1                    	90	78	12
14:10:36  Zone: Zone2                    	162	155	7
14:15:05  Service running OK
14:20:36  Camera: Shop Whale Mall                         	78	70
14:20:38  Camera: Shop B                                  	86	89
14:20:44  Zone: Zone1                    	90	80	10
14:20:44  Zone: Zone2                    	164	157	7
14:21:37  Camera: Shop Whale Mall                         	78	73
14:21:39  Camera: Shop B                                  	88	89
14:21:52  Zone: Zone1                    	90	82	8
14:21:52  Zone: Zone2                    	166	160	6
14:22:39  Camera: Shop Whale Mall                         	80	73
14:22:40  Camera: Shop B                                  	88	91
14:22:42  Zone: Zone1                    	92	82	10
14:22:42  Zone: Zone2                    	168	162	6
14:27:44  Camera: Shop Whale Mall                         	80	76
14:27:44  Zone: Zone2                    	168	165	3
14:27:45  Camera: Shop B                                  	90	91
14:28:00  Zone: Zone1                    	92	84	8
14:28:00  Zone: Zone2                    	170	165	5
14:30:07  Logging to daily summary: "14:30 8 6 9 14 16 6"
14:30:07  Service running OK
14:45:07  Service running OK
14:54:17  Camera: Shop B                                  	93	91
14:54:22  Zone: Zone1                    	92	87	5
14:54:22  Zone: Zone2                    	173	165	8
14:55:18  Camera: Shop B                                  	93	95
14:55:32  Zone: Zone1                    	96	87	9
14:55:32  Zone: Zone2                    	173	169	4
14:57:20  Camera: Shop B                                  	95	100
14:57:20  Zone: Zone1                    	101	89	12
14:57:20  Zone: Zone2                    	175	174	1
15:00:03  Logging to daily summary: "15:00 9 5 8 5 9 4"
15:00:03  Service running OK
15:15:06  Service running OK
15:30:06  Logging to daily summary: "15:30 0 0 12 0 0 1"
15:30:06  Service running OK
15:45:06  Service running OK
16:00:06  Logging to daily summary: "16:00 0 0 12 0 0 1"
16:00:06  Service running OK
16:15:06  Service running OK
16:19:39  Camera: Shop Whale Mall                         	82	76
16:19:51  Zone: Zone2                    	177	174	3
16:19:58  Camera: Shop B                                  	95	102
16:20:07  Zone: Zone1                    	103	89	14
16:20:07  Zone: Zone2                    	177	176	1
16:23:02  Camera: Shop B                                  	97	102
16:23:05  Zone: Zone1                    	103	91	12
16:23:05  Zone: Zone2                    	179	176	3
16:23:45  Camera: Shop Whale Mall                         	83	76
16:23:57  Zone: Zone2                    	180	176	4
16:24:04  Camera: Shop B                                  	97	104
16:24:13  Zone: Zone1                    	105	91	14
16:24:13  Zone: Zone2                    	180	178	2
16:28:10  Camera: Level 1 Science Centre Entry 2          	3	4
16:28:23  Zone: Zone1                    	108	95	13
16:29:13  Camera: Level 1 Science Centre Entry 2          	5	10
16:29:15  Zone: Zone1                    	110	101	9
16:30:10  Logging to daily summary: "16:30 9 12 12 5 4 1"
16:30:10  Service running OK
16:30:14  Camera: Level 1 Science Centre Entry 2          	8	12
16:30:25  Zone: Zone1                    	113	103	10
16:31:15  Camera: Level 1 Science Centre Entry 2          	8	13
16:31:17  Zone: Zone1                    	113	104	9
16:31:57  Camera: Level 2 Main Entry                      	2	2
16:32:09  Zone: Zone1                    	115	106	9
16:32:58  Camera: Level 2 Main Entry                      	5	3
16:33:01  Zone: Zone1                    	118	107	11
16:45:02  Service running OK
17:00:02  Logging to daily summary: "17:00 8 6 10 0 0 2"
17:00:02  Service running OK
17:02:05  Camera: Shop B                                  	99	104
17:02:05  Camera: Shop Whale Mall                         	83	79
17:02:05  Zone: Zone1                    	118	109	9
17:02:05  Zone: Zone2                    	182	181	1
17:03:06  Camera: Shop B                                  	99	106
17:03:13  Zone: Zone1                    	120	109	11
17:03:13  Zone: Zone2                    	182	182	0	Net-count has gone negative (-1).  Resetting to zero. (No Balancing Zone)
17:03:13  Zone: Zone2                    	182	182	0
17:15:14  Service running OK
17:30:17  Logging to daily summary: "17:30 2 2 10 2 4 0"
17:30:17  Service running OK
17:45:17  Service running OK
18:00:17  Logging to daily summary: "18:00 0 0 11 0 0 0"
18:00:17  Service running OK
18:15:00  Service running OK
18:30:00  Logging to daily summary: "18:30 0 0 11 0 0 0"
18:30:00  Service running OK
18:45:00  Service running OK
19:00:00  Logging to daily summary: "19:00 0 0 11 0 0 0"
19:00:00  Service running OK
19:15:00  Service running OK
19:30:00  Logging to daily summary: "19:30 0 0 11 0 0 0"
19:30:00  Service running OK
19:45:00  Service running OK
20:00:00  Logging to daily summary: "20:00 0 0 11 0 0 0"
20:00:00  Service running OK
20:15:00  Service running OK
20:30:00  Logging to daily summary: "20:30 0 0 11 0 0 0"
20:30:00  Service running OK
20:45:00  Service running OK
21:00:00  Logging to daily summary: "21:00 0 0 11 0 0 0"
21:00:00  Service running OK
21:15:00  Service running OK
21:30:00  Logging to daily summary: "21:30 0 0 11 0 0 0"
21:30:00  Service running OK
21:45:00  Service running OK
22:00:00  Logging to daily summary: "22:00 0 0 11 0 0 0"
22:00:00  Service running OK
22:00:33  Stop time reached.
22:00:33  Camera 'Level 1 Science Centre Entry 1' - final counts 0 0
22:00:33  Camera 'Level 1 Science Centre Entry 2' - final counts 8 13
22:00:33  Camera 'Level 1 Science Centre Lift' - final counts 0 0
22:00:33  Camera 'Level 2 Main Entry' - final counts 5 3
22:00:33  Camera 'Level 2 Lift' - final counts 0 0
22:00:33  Camera 'Shop A' - final counts 0 0
22:00:33  Camera 'Shop B' - final counts 99 106
22:00:33  Camera 'Shop Whale Mall' - final counts 83 79
22:00:33  Camera 'Level 2 Cafe' - final counts 1 5
22:00:33  Zone: Zone1                    	120	109	11
22:00:33  Zone: Zone2                    	182	182	0
22:00:33  Level 1 Science Centre Entry 1: IrisysIP counts reset requested.
22:00:33  Level 1 Science Centre Entry 2: IrisysIP counts reset requested.
22:00:33  Level 1 Science Centre Lift: IrisysIP counts reset requested.
22:00:33  Level 2 Main Entry: IrisysIP counts reset requested.
22:00:33  Level 2 Lift: IrisysIP counts reset requested.
22:00:33  Shop A: IrisysIP counts reset requested.
22:00:33  Shop B: IrisysIP counts reset requested.
22:00:33  Shop Whale Mall: IrisysIP counts reset requested.
22:00:33  Level 2 Cafe: IrisysIP counts reset requested.
22:00:36  Failed to send email.
22:00:36  Displaying shutdown on 0 display(s)
22:00:36  End the manager threads.
22:00:36  Close all CAN threads.
22:00:36  All CAN threads, now flagged to be closed.
22:00:36  Close all IrisysIP threads.
22:00:48  Attempting to reset counts for IrisysIP Camera Shop B
22:00:50  Attempting to reset counts for IrisysIP Camera Level 2 Cafe
22:01:23  Error! Level 1 Science Centre Entry 1: The IrisysIP thread needs to be terminated but has not reset.
22:01:23  Level 1 Science Centre Entry 1: The Irisys IP thread has been flagged to end.
22:01:40  Shop B: InCountCorrection set in registry to: 0
22:01:40  Shop B: OutCountCorrection set in registry to: 0
22:01:41  Shop B: has reset camera
22:02:51  Attempting to reset counts for IrisysIP Camera Level 2 Cafe
22:02:53  Error! Level 1 Science Centre Entry 1: The Irisys IP thread has not terminated.
22:02:53  Level 1 Science Centre Entry 1: The Irisys IP thread has ended.
22:03:40  Error! Level 1 Science Centre Entry 2: The IrisysIP thread needs to be terminated but has not reset.
22:03:40  Level 1 Science Centre Entry 2: The Irisys IP thread has been flagged to end.
22:04:01  Attempting to reset counts for IrisysIP Camera Level 2 Cafe
22:05:10  Error! Level 1 Science Centre Entry 2: The Irisys IP thread has not terminated.
22:05:10  Level 1 Science Centre Entry 2: The Irisys IP thread has ended.
22:05:11  Attempting to reset counts for IrisysIP Camera Level 2 Cafe
22:05:57  Error! Level 1 Science Centre Lift: The IrisysIP thread needs to be terminated but has not reset.
22:05:57  Level 1 Science Centre Lift: The Irisys IP thread has been flagged to end.
22:06:21  Attempting to reset counts for IrisysIP Camera Level 2 Cafe
22:07:27  Error! Level 1 Science Centre Lift: The Irisys IP thread has not terminated.
22:07:27  Level 1 Science Centre Lift: The Irisys IP thread has ended.
22:07:31  Attempting to reset counts for IrisysIP Camera Level 2 Cafe
22:08:14  Error! Level 2 Main Entry: The IrisysIP thread needs to be terminated but has not reset.
22:08:14  Level 2 Main Entry: The Irisys IP thread has been flagged to end.
22:08:41  Attempting to reset counts for IrisysIP Camera Level 2 Cafe
22:09:44  Error! Level 2 Main Entry: The Irisys IP thread has not terminated.
22:09:44  Level 2 Main Entry: The Irisys IP thread has ended.
22:09:51  Attempting to reset counts for IrisysIP Camera Level 2 Cafe
