
07:28:01  RECAP $Revision: 3.13.2.13 $ ($State: Exp $) built 09:15:45, Aug  3 2010
07:28:01  Logging Counting Started
07:28:01  Start time: 09:30 (570 minutes past midnight)
07:28:01  Stop time: 22:00 (1320 minutes past midnight)
07:28:01  Log period: 30 minutes
07:28:01  Initialising 0 display(s)
07:28:01  Initialising 9 camera(s)
07:28:01  IrisysIP counter(s) in use, Starting BlackFin API
07:28:01  If RECAP crashes, check .NET framework and VCRedist are installed.
07:28:01  BlackFin API Started.
07:28:01  BlackFin API Started up OK. Version: 1.10.0.5
07:28:01  Initialising 2 zone(s)
07:28:01  Outputting 'Zone1' zone data to 'Zones\Zone1.txt'
07:28:01  Outputting 'Zone2' zone data to 'Zones\Zone2.txt'
07:28:01  Displaying shutdown on 0 display(s)
07:28:01  Waiting till start time
09:30:00  Start time reached
09:30:00  Adding Level 1 Science Centre Entry 1 thread to Watchdog
09:30:00  Level 1 Science Centre Entry 1: InCountCorrection set in registry to: 0
09:30:00  Level 1 Science Centre Entry 1: OutCountCorrection set in registry to: 0
09:30:00  Adding Level 1 Science Centre Entry 2 thread to Watchdog
09:30:00  Level 1 Science Centre Entry 2: InCountCorrection set in registry to: 0
09:30:00  Level 1 Science Centre Entry 2: OutCountCorrection set in registry to: 0
09:30:00  Adding Level 1 Science Centre Lift thread to Watchdog
09:30:00  Level 1 Science Centre Lift: InCountCorrection set in registry to: 0
09:30:00  Level 1 Science Centre Lift: OutCountCorrection set in registry to: 0
09:30:00  Adding Level 2 Main Entry thread to Watchdog
09:30:00  Level 2 Main Entry: InCountCorrection set in registry to: 0
09:30:00  Level 2 Main Entry: OutCountCorrection set in registry to: 0
09:30:00  Adding Level 2 Lift thread to Watchdog
09:30:00  Level 2 Lift: InCountCorrection set in registry to: 0
09:30:00  Level 2 Lift: OutCountCorrection set in registry to: 0
09:30:00  Adding Shop A thread to Watchdog
09:30:00  Shop A: InCountCorrection set in registry to: 0
09:30:00  Shop A: OutCountCorrection set in registry to: 0
09:30:00  Adding Shop B thread to Watchdog
09:30:00  Shop B: InCountCorrection set in registry to: 0
09:30:00  Shop B: OutCountCorrection set in registry to: 0
09:30:00  Adding Shop Whale Mall thread to Watchdog
09:30:00  Shop Whale Mall: InCountCorrection set in registry to: 0
09:30:00  Shop Whale Mall: OutCountCorrection set in registry to: 0
09:30:00  Adding Level 2 Cafe thread to Watchdog
09:30:00  Level 2 Cafe: InCountCorrection set in registry to: 0
09:30:00  Level 2 Cafe: OutCountCorrection set in registry to: 0
09:30:02  New day, Reset counts and busiest times in registry
09:30:02  Camera Level 1 Science Centre Entry 1 Counts 	= In:0, Out:0
09:30:02  Camera Level 1 Science Centre Entry 2 Counts 	= In:0, Out:0
09:30:02  Camera Level 1 Science Centre Lift Counts 	= In:0, Out:0
09:30:02  Camera Level 2 Main Entry Counts 	= In:0, Out:0
09:30:02  Camera Level 2 Lift Counts 	= In:0, Out:0
09:30:02  Camera Shop A Counts 	= In:0, Out:0
09:30:02  Camera Shop B Counts 	= In:0, Out:0
09:30:02  Camera Shop Whale Mall Counts 	= In:0, Out:0
09:30:02  Camera Level 2 Cafe Counts 	= In:0, Out:0
09:30:02  Starting main data collection loop.
09:30:05  Zone: Zone1                    	0	0	0
09:30:05  Zone: Zone2                    	0	0	0
09:30:05  Logging to daily summary: "09:30 0 0 0 0 0 0"
09:30:05  Service running OK
09:30:27  Level 2 Lift: Connect Success (5) (serial num:2158593872)
09:30:28  Level 2 Main Entry: Connect Success (4) (serial num:2158593780)
09:30:29  Level 2 Lift: MAC:00-21-AC-00-2F-8C IP Firmware:4.0.2.30311 Monitor Firmware:42.4.0.404
09:30:29  Level 2 Main Entry: MAC:00-21-AC-00-30-D9 IP Firmware:4.0.2.30311 Monitor Firmware:42.4.0.404
09:30:50  Level 1 Science Centre Entry 2: Connect Success (2) (serial num:2158593777)
09:30:50  Level 1 Science Centre Lift: Connect Success (3) (serial num:2158593853)
09:30:50  Level 1 Science Centre Entry 1: Connect Success (1) (serial num:2158593798)
09:30:51  Level 1 Science Centre Entry 2: MAC:00-21-AC-00-30-3B IP Firmware:4.0.2.30311 Monitor Firmware:42.4.0.404
09:30:51  Level 1 Science Centre Lift: MAC:00-21-AC-00-30-1A IP Firmware:4.0.2.30311 Monitor Firmware:42.4.0.404
09:30:51  Level 1 Science Centre Entry 1: MAC:00-21-AC-00-30-39 IP Firmware:4.0.2.30311 Monitor Firmware:42.4.0.404
09:30:53  Level 1 Science Centre Entry 2: Status msgs: 0,0
09:30:53  Level 1 Science Centre Lift: Status msgs: 0,0
09:30:53  Level 1 Science Centre Entry 1: Status msgs: 0,0
09:30:53  Level 1 Science Centre Entry 2: Current DeviceID: DefaultID
09:30:53  Level 1 Science Centre Lift: Current DeviceID: DefaultID
09:30:53  Level 1 Science Centre Entry 1: Current DeviceID: DefaultID
09:30:57  Level 2 Lift: Status msgs: 0,0
09:30:58  Level 2 Lift: Current DeviceID: DefaultID
09:30:58  Level 2 Main Entry: Status msgs: 0,0
09:30:58  Level 2 Main Entry: Current DeviceID: DefaultID
09:32:57  Initial Camera Level 1 Science Centre Entry 1 Counts 	= In:0, Out:0
09:32:57  Initial Camera Level 1 Science Centre Entry 2 Counts 	= In:0, Out:0
09:32:58  Initial Camera Level 1 Science Centre Lift Counts 	= In:0, Out:0
09:33:01  Level 1 Science Centre Entry 1: Date last reset in registry is not today (reset required): 18/11/11
09:33:01  Attempting to reset counts for IrisysIP Camera Level 1 Science Centre Entry 1
09:33:01  Level 1 Science Centre Entry 2: Date last reset in registry is not today (reset required): 18/11/11
09:33:01  Attempting to reset counts for IrisysIP Camera Level 1 Science Centre Entry 2
09:33:02  Level 1 Science Centre Lift: Date last reset in registry is not today (reset required): 18/11/11
09:33:02  Attempting to reset counts for IrisysIP Camera Level 1 Science Centre Lift
09:33:57  Level 1 Science Centre Entry 1: InCountCorrection set in registry to: 0
09:33:57  Level 1 Science Centre Entry 1: OutCountCorrection set in registry to: 0
09:33:58  Level 1 Science Centre Entry 1: has reset camera
09:33:58  Camera: Level 1 Science Centre Entry 1 - Counts are now valid.
09:33:59  Level 1 Science Centre Entry 2: InCountCorrection set in registry to: 0
09:33:59  Level 1 Science Centre Entry 2: OutCountCorrection set in registry to: 0
09:34:00  Initial Camera Level 2 Lift Counts 	= In:0, Out:0
09:34:00  Level 1 Science Centre Entry 2: has reset camera
09:34:00  Camera: Level 1 Science Centre Entry 2 - Counts are now valid.
09:34:00  Level 1 Science Centre Lift: InCountCorrection set in registry to: 0
09:34:00  Level 1 Science Centre Lift: OutCountCorrection set in registry to: 0
09:34:01  Level 1 Science Centre Lift: has reset camera
09:34:01  Initial Camera Level 2 Main Entry Counts 	= In:0, Out:0
09:34:01  Camera: Level 1 Science Centre Lift - Counts are now valid.
09:34:04  Level 2 Lift: Date last reset in registry is not today (reset required): 18/11/11
09:34:04  Attempting to reset counts for IrisysIP Camera Level 2 Lift
09:34:04  Level 2 Lift: InCountCorrection set in registry to: 0
09:34:04  Level 2 Lift: OutCountCorrection set in registry to: 0
09:34:05  Level 2 Lift: has reset camera
09:34:05  Camera: Level 2 Lift - Counts are now valid.
09:34:05  Level 2 Main Entry: Date last reset in registry is not today (reset required): 18/11/11
09:34:05  Attempting to reset counts for IrisysIP Camera Level 2 Main Entry
09:34:06  Level 2 Main Entry: InCountCorrection set in registry to: 0
09:34:06  Level 2 Main Entry: OutCountCorrection set in registry to: 0
09:34:07  Level 2 Main Entry: has reset camera
09:34:07  Camera: Level 2 Main Entry - Counts are now valid.
