
05:08:46  RECAP $Revision: 3.13.2.13 $ ($State: Exp $) built 09:15:45, Aug  3 2010
05:08:46  Logging Counting Started
05:08:46  Start time: 09:30 (570 minutes past midnight)
05:08:46  Stop time: 22:00 (1320 minutes past midnight)
05:08:46  Log period: 30 minutes
05:08:46  Initialising 0 display(s)
05:08:46  Initialising 9 camera(s)
05:08:46  IrisysIP counter(s) in use, Starting BlackFin API
05:08:46  If RECAP crashes, check .NET framework and VCRedist are installed.
05:08:46  BlackFin API Started.
05:08:46  BlackFin API Started up OK. Version: 1.10.0.5
05:08:46  Initialising 2 zone(s)
05:08:46  Outputting 'Zone1' zone data to 'Zones\Zone1.txt'
05:08:46  Outputting 'Zone2' zone data to 'Zones\Zone2.txt'
05:08:46  Displaying shutdown on 0 display(s)
05:08:46  Waiting till start time
09:30:00  Start time reached
09:30:00  Adding Level 1 Science Centre Entry 1 thread to Watchdog
09:30:00  Level 1 Science Centre Entry 1: InCountCorrection set in registry to: 0
09:30:00  Level 1 Science Centre Entry 1: OutCountCorrection set in registry to: 0
09:30:00  Adding Level 1 Science Centre Entry 2 thread to Watchdog
09:30:00  Level 1 Science Centre Entry 2: InCountCorrection set in registry to: 0
09:30:00  Level 1 Science Centre Entry 2: OutCountCorrection set in registry to: 0
09:30:00  Adding Level 1 Science Centre Lift thread to Watchdog
09:30:00  Level 1 Science Centre Lift: InCountCorrection set in registry to: 0
09:30:00  Level 1 Science Centre Lift: OutCountCorrection set in registry to: 0
09:30:00  Adding Level 2 Main Entry thread to Watchdog
09:30:00  Level 2 Main Entry: InCountCorrection set in registry to: 0
09:30:00  Level 2 Main Entry: OutCountCorrection set in registry to: 0
09:30:00  Adding Level 2 Lift thread to Watchdog
09:30:00  Level 2 Lift: InCountCorrection set in registry to: 0
09:30:00  Level 2 Lift: OutCountCorrection set in registry to: 0
09:30:00  Adding Shop A thread to Watchdog
09:30:00  Shop A: InCountCorrection set in registry to: 0
09:30:00  Shop A: OutCountCorrection set in registry to: 0
09:30:00  Adding Shop B thread to Watchdog
09:30:00  Shop B: InCountCorrection set in registry to: 0
09:30:00  Shop B: OutCountCorrection set in registry to: 0
09:30:00  Adding Shop Whale Mall thread to Watchdog
09:30:00  Shop Whale Mall: InCountCorrection set in registry to: 0
09:30:00  Shop Whale Mall: OutCountCorrection set in registry to: 0
09:30:00  Adding Level 2 Cafe thread to Watchdog
09:30:00  Level 2 Cafe: InCountCorrection set in registry to: 0
09:30:00  Level 2 Cafe: OutCountCorrection set in registry to: 0
09:30:02  New day, Reset counts and busiest times in registry
09:30:02  Camera Level 1 Science Centre Entry 1 Counts 	= In:0, Out:0
09:30:02  Camera Level 1 Science Centre Entry 2 Counts 	= In:0, Out:0
09:30:02  Camera Level 1 Science Centre Lift Counts 	= In:0, Out:0
09:30:02  Camera Level 2 Main Entry Counts 	= In:0, Out:0
09:30:02  Camera Level 2 Lift Counts 	= In:0, Out:0
09:30:02  Camera Shop A Counts 	= In:0, Out:0
09:30:02  Camera Shop B Counts 	= In:0, Out:0
09:30:02  Camera Shop Whale Mall Counts 	= In:0, Out:0
09:30:02  Camera Level 2 Cafe Counts 	= In:0, Out:0
09:30:02  Starting main data collection loop.
09:30:05  Zone: Zone1                    	0	0	0
09:30:05  Zone: Zone2                    	0	0	0
09:30:05  Logging to daily summary: "09:30 0 0 0 0 0 0"
09:30:05  Service running OK
09:30:13  Level 1 Science Centre Entry 2: Connect Success (2) (serial num:2158593777)
09:30:13  Level 1 Science Centre Entry 2: MAC:00-21-AC-00-30-3B IP Firmware:4.0.2.30311 Monitor Firmware:42.4.0.404
09:30:17  Level 2 Lift: Connect Success (5) (serial num:2158593872)
09:30:18  Level 2 Lift: MAC:00-21-AC-00-2F-8C IP Firmware:4.0.2.30311 Monitor Firmware:42.4.0.404
09:30:21  Level 2 Main Entry: Connect Success (4) (serial num:2158593780)
09:30:21  Shop A: Connect Success (6) (serial num:2158593779)
09:30:21  Level 2 Main Entry: MAC:00-21-AC-00-30-D9 IP Firmware:4.0.2.30311 Monitor Firmware:42.4.0.404
09:30:22  Shop A: MAC:00-21-AC-00-30-21 IP Firmware:4.0.2.30311 Monitor Firmware:42.4.0.404
09:30:23  Level 1 Science Centre Entry 2: Status msgs: 0,0
09:30:23  Level 1 Science Centre Entry 2: Current DeviceID: DefaultID
09:30:25  Level 2 Lift: Status msgs: 0,0
09:30:26  Level 2 Lift: Current DeviceID: DefaultID
09:30:27  Shop A: Status msgs: 0,0
09:30:27  Shop A: Current DeviceID: DefaultID
09:30:29  Level 2 Main Entry: Status msgs: 0,0
09:30:29  Level 2 Main Entry: Current DeviceID: DefaultID
09:30:44  Level 1 Science Centre Lift: Connect Success (3) (serial num:2158593853)
09:30:45  Level 1 Science Centre Entry 1: Connect Success (1) (serial num:2158593798)
09:30:45  Level 1 Science Centre Lift: MAC:00-21-AC-00-30-1A IP Firmware:4.0.2.30311 Monitor Firmware:42.4.0.404
09:30:46  Level 1 Science Centre Entry 1: MAC:00-21-AC-00-30-39 IP Firmware:4.0.2.30311 Monitor Firmware:42.4.0.404
09:30:54  Level 1 Science Centre Lift: Status msgs: 0,0
09:30:55  Level 1 Science Centre Lift: Current DeviceID: DefaultID
09:30:55  Level 1 Science Centre Entry 1: Status msgs: 0,0
09:30:55  Level 1 Science Centre Entry 1: Current DeviceID: DefaultID
09:32:26  Initial Camera Level 1 Science Centre Entry 2 Counts 	= In:2, Out:4
09:32:29  Initial Camera Level 2 Lift Counts 	= In:3, Out:5
09:32:30  Level 1 Science Centre Entry 2: Date last reset in registry is not today (reset required): 04/01/12
09:32:30  Attempting to reset counts for IrisysIP Camera Level 1 Science Centre Entry 2
09:32:33  Level 2 Lift: Date last reset in registry is not today (reset required): 04/01/12
09:32:33  Attempting to reset counts for IrisysIP Camera Level 2 Lift
09:33:26  Level 1 Science Centre Entry 2: InCountCorrection set in registry to: 0
09:33:26  Level 1 Science Centre Entry 2: OutCountCorrection set in registry to: 0
09:33:27  Initial Camera Shop A Counts 	= In:1349, Out:1321
09:33:27  Level 1 Science Centre Entry 2: has reset camera
09:33:27  Initial Camera Level 2 Main Entry Counts 	= In:33, Out:26
09:33:27  Camera: Level 1 Science Centre Entry 2 - Counts are now valid.
09:33:29  Level 2 Lift: InCountCorrection set in registry to: 0
09:33:29  Level 2 Lift: OutCountCorrection set in registry to: 0
09:33:30  Level 2 Lift: has reset camera
09:33:30  Initial Camera Level 1 Science Centre Lift Counts 	= In:4, Out:3
09:33:30  Camera: Level 2 Lift - Counts are now valid.
09:33:30  Initial Camera Level 1 Science Centre Entry 1 Counts 	= In:0, Out:3
09:33:31  Level 2 Main Entry: Date last reset in registry is not today (reset required): 04/01/12
09:33:31  Shop A: Date last reset in registry is not today (reset required): 04/01/12
09:33:31  Attempting to reset counts for IrisysIP Camera Level 2 Main Entry
09:33:31  Attempting to reset counts for IrisysIP Camera Shop A
09:33:32  Level 2 Main Entry: InCountCorrection set in registry to: 0
09:33:32  Level 2 Main Entry: OutCountCorrection set in registry to: 0
09:33:33  Level 2 Main Entry: has reset camera
09:33:33  Camera: Level 2 Main Entry - Counts are now valid.
09:33:34  Level 1 Science Centre Lift: Date last reset in registry is not today (reset required): 04/01/12
09:33:34  Level 1 Science Centre Entry 1: Date last reset in registry is not today (reset required): 04/01/12
09:33:34  Attempting to reset counts for IrisysIP Camera Level 1 Science Centre Lift
09:33:34  Attempting to reset counts for IrisysIP Camera Level 1 Science Centre Entry 1
09:33:34  Shop A: InCountCorrection set in registry to: 0
09:33:34  Shop A: OutCountCorrection set in registry to: 0
09:33:35  Shop A: has reset camera
09:33:35  Camera: Shop A - Counts are now valid.
09:33:58  Level 1 Science Centre Lift: InCountCorrection set in registry to: 0
09:33:58  Level 1 Science Centre Lift: OutCountCorrection set in registry to: 0
09:33:59  Level 1 Science Centre Lift: has reset camera
09:33:59  Camera: Level 1 Science Centre Lift - Counts are now valid.
09:34:00  Level 1 Science Centre Entry 1: InCountCorrection set in registry to: 0
09:34:00  Level 1 Science Centre Entry 1: OutCountCorrection set in registry to: 0
09:34:01  Level 1 Science Centre Entry 1: has reset camera
09:34:01  Camera: Level 1 Science Centre Entry 1 - Counts are now valid.
09:34:28  Camera: Level 1 Science Centre Entry 2          	0	0
09:34:28  Level 1 Science Centre Entry 2 IrisysIP camera has reset
09:34:31  Camera: Level 2 Lift                            	0	0
09:34:31  Level 2 Lift IrisysIP camera has reset
09:34:34  Camera: Level 2 Main Entry                      	7	3
09:34:36  Camera: Shop A                                  	1	3
09:34:50  Zone: Zone1                    	10	4	6
09:34:50  Zone: Zone2                    	1	3	-2
09:35:00  Camera: Level 1 Science Centre Lift             	0	0
09:35:00  Level 1 Science Centre Lift IrisysIP camera has reset
09:35:02  Camera: Level 1 Science Centre Entry 1          	0	0
09:35:02  Level 1 Science Centre Entry 1 IrisysIP camera has reset
09:35:35  Camera: Level 2 Main Entry                      	10	5
09:35:37  Zone: Zone1                    	13	6	7
09:35:37  Camera: Shop A                                  	3	9
09:35:53  Zone: Zone1                    	19	8	11
09:35:53  Zone: Zone2                    	3	9	-6
09:36:36  Camera: Level 2 Main Entry                      	10	7
09:36:42  Zone: Zone1                    	19	10	9
09:37:39  Camera: Shop A                                  	3	12
09:37:52  Zone: Zone1                    	22	10	12
09:37:52  Zone: Zone2                    	3	12	-9
09:40:43  Camera: Shop A                                  	7	14
09:40:50  Zone: Zone1                    	24	14	10
09:40:50  Zone: Zone2                    	7	14	-7
09:41:44  Camera: Shop A                                  	10	14
09:41:44  Zone: Zone1                    	24	17	7
09:41:44  Zone: Zone2                    	10	14	-4
09:42:45  Camera: Shop A                                  	14	23
09:42:53  Zone: Zone1                    	33	21	12
09:42:53  Zone: Zone2                    	14	23	-9
09:43:46  Camera: Shop A                                  	21	29
09:43:46  Zone: Zone1                    	39	28	11
09:43:46  Zone: Zone2                    	21	29	-8
09:44:47  Camera: Shop A                                  	24	29
09:44:55  Zone: Zone1                    	39	31	8
09:44:55  Zone: Zone2                    	24	29	-5
09:45:14  Service running OK
09:45:46  Camera: Level 2 Main Entry                      	10	8
09:45:47  Zone: Zone1                    	39	32	7
09:45:48  Camera: Shop A                                  	25	29
09:46:03  Zone: Zone1                    	39	33	6
09:46:03  Zone: Zone2                    	25	29	-4
09:46:47  Camera: Level 2 Main Entry                      	11	8
09:46:49  Camera: Shop A                                  	26	29
09:46:55  Zone: Zone1                    	40	34	6
09:46:55  Zone: Zone2                    	26	29	-3
09:47:50  Camera: Shop A                                  	28	29
09:48:03  Zone: Zone1                    	40	36	4
09:48:03  Zone: Zone2                    	28	29	-1
09:48:51  Camera: Shop A                                  	29	29
09:48:55  Zone: Zone1                    	40	37	3
09:48:55  Zone: Zone2                    	29	29	0
09:49:52  Camera: Shop A                                  	31	29
09:50:05  Zone: Zone1                    	40	39	1
09:50:05  Zone: Zone2                    	31	29	2
09:51:54  Camera: Shop A                                  	32	31
09:52:09  Zone: Zone1                    	42	40	2
09:52:09  Zone: Zone2                    	32	31	1
09:53:57  Camera: Shop A                                  	32	36
09:53:57  Zone: Zone1                    	47	40	7
09:53:57  Zone: Zone2                    	32	36	-4
09:54:58  Camera: Shop A                                  	32	40
09:55:06  Zone: Zone1                    	51	40	11
09:55:06  Zone: Zone2                    	32	40	-8
09:55:59  Camera: Shop A                                  	34	40
09:55:59  Zone: Zone1                    	51	42	9
09:55:59  Zone: Zone2                    	34	40	-6
09:57:00  Camera: Shop A                                  	34	42
09:57:08  Zone: Zone1                    	53	42	11
09:57:08  Zone: Zone2                    	34	42	-8
09:58:01  Camera: Shop A                                  	35	43
09:58:01  Zone: Zone1                    	54	43	11
09:58:01  Zone: Zone2                    	35	43	-8
09:59:02  Camera: Shop A                                  	37	43
09:59:11  Zone: Zone1                    	54	45	9
09:59:11  Zone: Zone2                    	37	43	-6
10:00:03  Camera: Shop A                                  	37	47
10:00:03  Zone: Zone1                    	58	45	13
10:00:03  Zone: Zone2                    	37	47	-10
10:00:03  Logging to daily summary: "10:00 58 45 6 37 47 -4"
10:00:03  Service running OK
10:02:05  Camera: Shop A                                  	37	49
10:02:07  Zone: Zone1                    	60	45	15
10:02:07  Zone: Zone2                    	37	49	-12
10:04:07  Camera: Shop A                                  	45	52
10:04:11  Zone: Zone1                    	63	53	10
10:04:11  Zone: Zone2                    	45	52	-7
10:05:07  Camera: Level 2 Main Entry                      	12	8
10:05:08  Camera: Shop A                                  	46	56
10:05:21  Zone: Zone1                    	68	54	14
10:05:21  Zone: Zone2                    	46	56	-10
10:06:10  Camera: Shop A                                  	49	57
10:06:11  Zone: Zone1                    	69	57	12
10:06:11  Zone: Zone2                    	49	57	-8
10:07:09  Camera: Level 2 Main Entry                      	12	10
10:07:11  Camera: Shop A                                  	53	57
10:07:21  Zone: Zone1                    	69	63	6
10:07:21  Zone: Zone2                    	53	57	-4
10:08:10  Camera: Level 2 Main Entry                      	14	12
10:08:11  Zone: Zone1                    	71	65	6
10:08:12  Camera: Shop A                                  	53	59
10:08:27  Zone: Zone1                    	73	65	8
10:08:27  Zone: Zone2                    	53	59	-6
10:09:13  Camera: Shop A                                  	56	64
10:09:19  Zone: Zone1                    	78	68	10
10:09:19  Zone: Zone2                    	56	64	-8
10:10:12  Camera: Level 2 Main Entry                      	15	14
10:10:12  Zone: Zone1                    	79	70	9
10:10:14  Camera: Shop A                                  	59	68
10:10:29  Zone: Zone1                    	83	73	10
10:10:30  Zone: Zone2                    	59	68	-9
10:11:13  Camera: Level 2 Main Entry                      	16	17
10:11:15  Camera: Shop A                                  	62	68
10:11:24  Zone: Zone1                    	84	79	5
10:11:24  Zone: Zone2                    	62	68	-6
10:12:14  Camera: Level 2 Main Entry                      	17	17
10:12:16  Camera: Shop A                                  	66	72
10:12:18  Zone: Zone1                    	89	83	6
10:12:18  Zone: Zone2                    	66	72	-6
10:13:15  Camera: Level 2 Main Entry                      	17	19
10:13:17  Camera: Shop A                                  	73	75
10:13:27  Zone: Zone1                    	92	92	0
10:13:27  Zone: Zone2                    	73	75	-2
10:14:16  Camera: Level 2 Main Entry                      	18	19
10:14:18  Camera: Shop A                                  	73	77
10:14:19  Zone: Zone1                    	95	92	3
10:14:19  Zone: Zone2                    	73	77	-4
10:15:16  Service running OK
10:15:17  Camera: Level 2 Main Entry                      	19	21
10:15:19  Camera: Shop A                                  	76	79
10:15:32  Zone: Zone1                    	98	97	1
10:15:32  Zone: Zone2                    	76	79	-3
10:16:18  Camera: Level 2 Main Entry                      	20	21
10:16:20  Camera: Shop A                                  	79	85
10:16:21  Zone: Zone1                    	105	100	5
10:16:21  Zone: Zone2                    	79	85	-6
10:17:21  Camera: Shop A                                  	84	89
10:17:29  Zone: Zone1                    	109	105	4
10:17:29  Zone: Zone2                    	84	89	-5
10:18:23  Camera: Shop A                                  	89	90
10:18:23  Zone: Zone1                    	110	110	0
10:18:23  Zone: Zone2                    	89	90	-1
10:19:24  Camera: Shop A                                  	89	91
10:19:33  Zone: Zone1                    	111	110	1
10:19:33  Zone: Zone2                    	89	91	-2
10:20:23  Camera: Level 2 Main Entry                      	20	22
10:20:25  Camera: Shop A                                  	89	92
10:20:27  Zone: Zone1                    	112	111	1
10:20:27  Zone: Zone2                    	89	92	-3
10:21:24  Camera: Level 2 Main Entry                      	20	23
10:21:26  Camera: Shop A                                  	90	96
10:21:34  Zone: Zone1                    	116	113	3
10:21:34  Zone: Zone2                    	90	96	-6
10:23:28  Camera: Shop A                                  	96	99
10:23:36  Zone: Zone1                    	119	119	0
10:23:36  Zone: Zone2                    	96	99	-3
10:24:29  Camera: Shop A                                  	99	99
10:24:29  Zone: Zone1                    	119	122	-3
10:24:29  Zone: Zone2                    	99	99	0
10:25:30  Camera: Shop A                                  	103	100
10:25:39  Zone: Zone1                    	120	126	-6
10:25:39  Zone: Zone2                    	103	100	3
10:26:31  Camera: Shop A                                  	106	103
10:26:31  Zone: Zone1                    	123	129	-6
10:26:31  Zone: Zone2                    	106	103	3
10:27:32  Camera: Shop A                                  	106	106
10:27:41  Zone: Zone1                    	126	129	-3
10:27:41  Zone: Zone2                    	106	106	0
10:29:34  Camera: Shop A                                  	108	107
10:29:45  Zone: Zone1                    	127	131	-4
10:29:45  Zone: Zone2                    	108	107	1
10:30:04  Logging to daily summary: "10:30 69 86 4 71 60 -4"
10:30:04  Service running OK
10:30:36  Camera: Shop A                                  	112	108
10:30:37  Zone: Zone1                    	128	135	-7
10:30:37  Zone: Zone2                    	112	108	4
10:31:37  Camera: Shop A                                  	116	108
10:31:47  Zone: Zone1                    	128	139	-11
10:31:47  Zone: Zone2                    	116	108	8
10:32:38  Camera: Shop A                                  	118	109
10:32:39  Zone: Zone1                    	129	141	-12
10:32:39  Zone: Zone2                    	118	109	9
10:33:39  Camera: Shop A                                  	120	109
10:33:49  Zone: Zone1                    	129	143	-14
10:33:49  Zone: Zone2                    	120	109	11
10:35:41  Camera: Shop A                                  	122	110
10:35:53  Zone: Zone1                    	130	145	-15
10:35:53  Zone: Zone2                    	122	110	12
10:36:42  Camera: Shop A                                  	122	111
10:36:45  Zone: Zone1                    	131	145	-14
10:36:45  Zone: Zone2                    	122	111	11
10:37:43  Camera: Shop A                                  	126	112
10:37:55  Zone: Zone1                    	132	149	-17
10:37:55  Zone: Zone2                    	126	112	14
10:38:44  Camera: Shop A                                  	130	114
10:38:47  Zone: Zone1                    	134	153	-19
10:38:47  Zone: Zone2                    	130	114	16
10:39:45  Camera: Shop A                                  	130	115
10:39:57  Zone: Zone1                    	135	153	-18
10:39:57  Zone: Zone2                    	130	115	15
10:40:46  Camera: Shop A                                  	130	118
10:40:49  Zone: Zone1                    	138	153	-15
10:40:49  Zone: Zone2                    	130	118	12
10:41:47  Camera: Shop A                                  	131	118
10:41:59  Zone: Zone1                    	138	154	-16
10:41:59  Zone: Zone2                    	131	118	13
10:43:50  Camera: Shop A                                  	131	122
10:44:03  Zone: Zone1                    	142	154	-12
10:44:03  Zone: Zone2                    	131	122	9
10:44:51  Camera: Shop A                                  	133	122
10:44:55  Zone: Zone1                    	142	156	-14
10:44:55  Zone: Zone2                    	133	122	11
10:45:14  Service running OK
10:48:55  Camera: Shop A                                  	133	123
10:49:05  Zone: Zone1                    	143	156	-13
10:49:05  Zone: Zone2                    	133	123	10
10:49:56  Camera: Shop A                                  	137	123
10:49:57  Zone: Zone1                    	143	160	-17
10:49:57  Zone: Zone2                    	137	123	14
10:50:57  Camera: Shop A                                  	137	127
10:51:07  Zone: Zone1                    	147	160	-13
10:51:07  Zone: Zone2                    	137	127	10
10:52:59  Camera: Shop A                                  	137	129
10:53:12  Zone: Zone1                    	149	160	-11
10:53:12  Zone: Zone2                    	137	129	8
10:56:02  Camera: Shop A                                  	139	132
10:56:10  Zone: Zone1                    	152	162	-10
10:56:10  Zone: Zone2                    	139	132	7
10:59:06  Camera: Shop A                                  	141	132
10:59:08  Zone: Zone1                    	152	164	-12
10:59:08  Zone: Zone2                    	141	132	9
11:00:03  Logging to daily summary: "11:00 25 33 -13 33 25 10"
11:00:03  Service running OK
11:00:07  Camera: Shop A                                  	141	134
11:00:18  Zone: Zone1                    	154	164	-10
11:00:18  Zone: Zone2                    	141	134	7
11:01:08  Camera: Shop A                                  	145	134
11:01:10  Zone: Zone1                    	154	168	-14
11:01:10  Zone: Zone2                    	145	134	11
11:02:09  Camera: Shop A                                  	145	141
11:02:20  Zone: Zone1                    	161	168	-7
11:02:20  Zone: Zone2                    	145	141	4
11:03:10  Camera: Shop A                                  	148	150
11:03:12  Zone: Zone1                    	170	171	-1
11:03:12  Zone: Zone2                    	148	150	-2
11:04:11  Camera: Shop A                                  	149	156
11:04:22  Zone: Zone1                    	176	172	4
11:04:22  Zone: Zone2                    	149	156	-7
11:05:12  Camera: Shop A                                  	151	159
11:05:14  Zone: Zone1                    	179	174	5
11:05:14  Zone: Zone2                    	151	159	-8
11:08:15  Camera: Shop A                                  	151	161
11:08:30  Zone: Zone1                    	181	174	7
11:08:30  Zone: Zone2                    	151	161	-10
11:09:16  Camera: Shop A                                  	151	169
11:09:22  Zone: Zone1                    	189	174	15
11:09:22  Zone: Zone2                    	151	169	-18
11:10:18  Camera: Shop A                                  	153	169
11:10:32  Zone: Zone1                    	189	176	13
11:10:32  Zone: Zone2                    	153	169	-16
11:11:19  Camera: Shop A                                  	161	170
11:11:24  Zone: Zone1                    	190	184	6
11:11:24  Zone: Zone2                    	161	170	-9
11:11:42  Camera: Level 1 Science Centre Lift             	1	2
11:11:42  Zone: Zone1                    	191	186	5
11:12:20  Camera: Shop A                                  	165	170
11:12:34  Zone: Zone1                    	191	190	1
11:12:34  Zone: Zone2                    	165	170	-5
11:12:44  Camera: Level 1 Science Centre Lift             	5	5
11:12:50  Zone: Zone1                    	195	193	2
11:13:21  Camera: Shop A                                  	165	172
11:13:24  Zone: Zone1                    	197	193	4
11:13:24  Zone: Zone2                    	165	172	-7
11:15:13  Service running OK
11:15:23  Camera: Shop A                                  	165	174
11:15:28  Zone: Zone1                    	199	193	6
11:15:28  Zone: Zone2                    	165	174	-9
11:16:22  Camera: Level 2 Main Entry                      	20	25
11:16:22  Zone: Zone1                    	199	195	4
11:18:26  Camera: Shop A                                  	165	175
11:18:26  Zone: Zone1                    	200	195	5
11:18:26  Zone: Zone2                    	165	175	-10
11:19:25  Camera: Level 2 Main Entry                      	21	27
11:19:27  Camera: Shop A                                  	168	175
11:19:36  Zone: Zone1                    	201	200	1
11:19:36  Zone: Zone2                    	168	175	-7
11:20:26  Camera: Level 2 Main Entry                      	23	29
11:20:27  Zone: Zone1                    	203	202	1
11:20:28  Camera: Shop A                                  	169	176
11:20:42  Zone: Zone1                    	204	203	1
11:20:42  Zone: Zone2                    	169	176	-7
11:21:28  Camera: Level 2 Main Entry                      	24	29
11:21:29  Camera: Shop A                                  	170	176
11:21:34  Zone: Zone1                    	205	204	1
11:21:34  Zone: Zone2                    	170	176	-6
11:22:31  Camera: Shop A                                  	170	178
11:22:42  Zone: Zone1                    	207	204	3
11:22:42  Zone: Zone2                    	170	178	-8
11:23:30  Camera: Level 2 Main Entry                      	25	30
11:23:32  Camera: Shop A                                  	177	179
11:23:34  Zone: Zone1                    	209	212	-3
11:23:34  Zone: Zone2                    	177	179	-2
11:24:31  Camera: Level 2 Main Entry                      	26	31
11:24:42  Zone: Zone1                    	210	213	-3
11:25:32  Camera: Level 2 Main Entry                      	27	32
11:25:34  Camera: Shop A                                  	179	183
11:25:34  Zone: Zone1                    	215	216	-1
11:25:34  Zone: Zone2                    	179	183	-4
11:26:33  Camera: Level 2 Main Entry                      	27	33
11:26:35  Camera: Shop A                                  	181	183
11:26:41  Zone: Zone1                    	215	219	-4
11:26:41  Zone: Zone2                    	181	183	-2
11:29:36  Camera: Level 2 Main Entry                      	28	34
11:29:37  Zone: Zone1                    	216	220	-4
11:29:38  Camera: Shop A                                  	181	185
11:29:53  Zone: Zone1                    	218	220	-2
11:29:53  Zone: Zone2                    	181	185	-4
11:30:12  Logging to daily summary: "11:30 66 56 1 40 53 -5"
11:30:12  Service running OK
11:30:39  Camera: Shop A                                  	181	186
11:30:45  Zone: Zone1                    	219	220	-1
11:30:45  Zone: Zone2                    	181	186	-5
11:31:40  Camera: Shop A                                  	187	187
11:31:55  Zone: Zone1                    	220	226	-6
11:31:55  Zone: Zone2                    	187	187	0
11:32:39  Camera: Level 2 Main Entry                      	29	35
11:32:41  Camera: Shop A                                  	191	187
11:32:47  Zone: Zone1                    	221	231	-10
11:32:47  Zone: Zone2                    	191	187	4
11:33:42  Camera: Shop A                                  	194	191
11:33:55  Zone: Zone1                    	225	234	-9
11:33:55  Zone: Zone2                    	194	191	3
11:34:42  Camera: Level 2 Main Entry                      	30	35
11:34:43  Camera: Shop A                                  	196	195
11:34:47  Zone: Zone1                    	230	236	-6
11:34:47  Zone: Zone2                    	196	195	1
11:35:45  Camera: Shop A                                  	196	198
11:35:55  Zone: Zone1                    	233	236	-3
11:35:55  Zone: Zone2                    	196	198	-2
11:36:46  Camera: Shop A                                  	196	200
11:36:47  Zone: Zone1                    	235	236	-1
11:36:47  Zone: Zone2                    	196	200	-4
11:37:47  Camera: Shop A                                  	198	205
11:37:57  Zone: Zone1                    	240	238	2
11:37:57  Zone: Zone2                    	198	205	-7
11:39:49  Camera: Shop A                                  	202	207
11:40:02  Zone: Zone1                    	242	242	0
11:40:02  Zone: Zone2                    	202	207	-5
11:40:50  Camera: Shop A                                  	202	209
11:40:55  Zone: Zone1                    	244	242	2
11:40:55  Zone: Zone2                    	202	209	-7
11:41:51  Camera: Shop A                                  	204	209
11:42:05  Zone: Zone1                    	244	244	0
11:42:05  Zone: Zone2                    	204	209	-5
11:42:52  Camera: Shop A                                  	206	213
11:42:57  Zone: Zone1                    	248	246	2
11:42:57  Zone: Zone2                    	206	213	-7
11:43:53  Camera: Shop A                                  	208	216
11:44:07  Zone: Zone1                    	251	248	3
11:44:07  Zone: Zone2                    	208	216	-8
11:44:54  Camera: Shop A                                  	211	217
11:44:59  Zone: Zone1                    	252	251	1
11:44:59  Zone: Zone2                    	211	217	-6
11:45:18  Service running OK
11:45:55  Camera: Shop A                                  	213	218
11:46:09  Zone: Zone1                    	253	253	0
11:46:09  Zone: Zone2                    	213	218	-5
11:46:56  Camera: Shop A                                  	215	220
11:47:01  Zone: Zone1                    	255	255	0
11:47:01  Zone: Zone2                    	215	220	-5
11:47:20  Camera: Level 1 Science Centre Lift             	9	5
11:47:35  Zone: Zone1                    	259	255	4
11:47:56  Camera: Level 2 Main Entry                      	31	36
11:48:09  Zone: Zone1                    	260	256	4
11:48:59  Camera: Shop A                                  	217	223
11:49:01  Zone: Zone1                    	263	258	5
11:49:01  Zone: Zone2                    	217	223	-6
11:49:58  Camera: Level 2 Main Entry                      	31	37
11:50:00  Camera: Shop A                                  	217	224
11:50:11  Zone: Zone1                    	264	259	5
11:50:11  Zone: Zone2                    	217	224	-7
11:51:01  Camera: Shop A                                  	219	224
11:51:01  Zone: Zone1                    	264	261	3
11:51:01  Zone: Zone2                    	219	224	-5
11:52:00  Camera: Level 2 Main Entry                      	32	38
11:52:02  Camera: Shop A                                  	223	226
11:52:11  Zone: Zone1                    	267	266	1
11:52:11  Zone: Zone2                    	223	226	-3
11:53:01  Camera: Level 2 Main Entry                      	34	39
11:53:02  Zone: Zone1                    	269	267	2
11:53:03  Camera: Shop A                                  	225	227
11:53:18  Zone: Zone1                    	270	269	1
11:53:18  Zone: Zone2                    	225	227	-2
11:54:04  Camera: Shop A                                  	227	230
11:54:10  Zone: Zone1                    	273	271	2
11:54:10  Zone: Zone2                    	227	230	-3
11:55:03  Camera: Level 2 Main Entry                      	36	39
11:55:03  Zone: Zone1                    	275	271	4
11:55:05  Camera: Shop A                                  	230	230
11:55:19  Zone: Zone1                    	275	274	1
11:55:19  Zone: Zone2                    	230	230	0
11:56:06  Camera: Shop A                                  	231	233
11:56:11  Zone: Zone1                    	278	275	3
11:56:11  Zone: Zone2                    	231	233	-2
11:57:05  Camera: Level 2 Main Entry                      	37	39
11:57:05  Zone: Zone1                    	279	275	4
11:57:07  Camera: Shop A                                  	233	233
11:57:21  Zone: Zone1                    	279	277	2
11:57:21  Zone: Zone2                    	233	233	0
11:58:06  Camera: Level 2 Main Entry                      	39	39
11:58:13  Zone: Zone1                    	281	277	4
11:59:09  Camera: Shop A                                  	238	237
11:59:23  Zone: Zone1                    	285	282	3
11:59:23  Zone: Zone2                    	238	237	1
12:00:00  Logging to daily summary: "12:00 67 62 0 57 52 -3"
12:00:00  Service running OK
12:00:11  Camera: Shop A                                  	241	240
12:00:15  Zone: Zone1                    	288	285	3
12:00:15  Zone: Zone2                    	241	240	1
12:01:12  Camera: Shop A                                  	243	240
12:01:25  Zone: Zone1                    	288	287	1
12:01:25  Zone: Zone2                    	243	240	3
12:03:14  Camera: Shop A                                  	243	245
12:03:29  Zone: Zone1                    	293	287	6
12:03:29  Zone: Zone2                    	243	245	-2
12:04:15  Camera: Shop A                                  	246	248
12:04:21  Zone: Zone1                    	296	290	6
12:04:21  Zone: Zone2                    	246	248	-2
12:05:16  Camera: Shop A                                  	247	251
12:05:31  Zone: Zone1                    	299	291	8
12:05:31  Zone: Zone2                    	247	251	-4
12:06:17  Camera: Shop A                                  	247	254
12:06:23  Zone: Zone1                    	302	291	11
12:06:23  Zone: Zone2                    	247	254	-7
12:07:18  Camera: Shop A                                  	251	255
12:07:33  Zone: Zone1                    	303	295	8
12:07:33  Zone: Zone2                    	251	255	-4
12:08:17  Camera: Level 2 Main Entry                      	40	40
12:08:19  Camera: Shop A                                  	251	259
12:08:25  Zone: Zone1                    	308	296	12
12:08:25  Zone: Zone2                    	251	259	-8
12:09:20  Camera: Shop A                                  	252	259
12:09:33  Zone: Zone1                    	308	297	11
12:09:33  Zone: Zone2                    	252	259	-7
12:10:21  Camera: Shop A                                  	253	263
12:10:25  Zone: Zone1                    	312	298	14
12:10:25  Zone: Zone2                    	253	263	-10
12:12:23  Camera: Shop A                                  	255	263
12:12:29  Zone: Zone1                    	312	300	12
12:12:29  Zone: Zone2                    	255	263	-8
12:13:23  Camera: Level 2 Main Entry                      	40	41
12:13:23  Zone: Zone1                    	312	301	11
12:13:25  Camera: Shop A                                  	255	264
12:13:39  Zone: Zone1                    	313	301	12
12:13:39  Zone: Zone2                    	255	264	-9
12:14:24  Camera: Level 2 Main Entry                      	41	41
12:14:26  Camera: Shop A                                  	255	268
12:14:30  Zone: Zone1                    	318	301	17
12:14:30  Zone: Zone2                    	255	268	-13
12:15:05  Service running OK
12:15:25  Camera: Level 2 Main Entry                      	42	44
12:15:27  Camera: Shop A                                  	259	268
12:15:38  Zone: Zone1                    	319	308	11
12:15:38  Zone: Zone2                    	259	268	-9
12:16:26  Camera: Level 2 Main Entry                      	43	44
12:16:28  Zone: Zone1                    	320	308	12
12:17:29  Camera: Shop A                                  	259	272
12:17:38  Zone: Zone1                    	324	308	16
12:17:38  Zone: Zone2                    	259	272	-13
12:18:30  Camera: Shop A                                  	261	273
12:18:30  Zone: Zone1                    	325	310	15
12:18:30  Zone: Zone2                    	261	273	-12
12:19:31  Camera: Shop A                                  	264	273
12:19:40  Zone: Zone1                    	325	313	12
12:19:40  Zone: Zone2                    	264	273	-9
12:20:30  Camera: Level 2 Main Entry                      	43	45
12:20:32  Zone: Zone1                    	325	314	11
12:21:31  Camera: Level 2 Main Entry                      	44	46
12:21:33  Camera: Shop A                                  	268	273
12:21:42  Zone: Zone1                    	326	319	7
12:21:42  Zone: Zone2                    	268	273	-5
12:22:34  Camera: Shop A                                  	272	274
12:22:34  Zone: Zone1                    	327	323	4
12:22:34  Zone: Zone2                    	272	274	-2
12:23:35  Camera: Shop A                                  	274	277
12:23:44  Zone: Zone1                    	330	325	5
12:23:44  Zone: Zone2                    	274	277	-3
12:24:36  Camera: Shop A                                  	276	277
12:24:36  Zone: Zone1                    	330	327	3
12:24:36  Zone: Zone2                    	276	277	-1
12:25:37  Camera: Shop A                                  	279	277
12:25:46  Zone: Zone1                    	330	330	0
12:25:46  Zone: Zone2                    	279	277	2
12:26:39  Camera: Shop A                                  	281	277
12:26:39  Zone: Zone1                    	330	332	-2
12:26:39  Zone: Zone2                    	281	277	4
12:27:40  Camera: Shop A                                  	281	278
12:27:48  Zone: Zone1                    	331	332	-1
12:27:48  Zone: Zone2                    	281	278	3
12:28:39  Camera: Level 2 Main Entry                      	45	48
12:28:40  Zone: Zone1                    	332	334	-2
12:28:41  Camera: Shop A                                  	281	281
12:28:56  Zone: Zone1                    	335	334	1
12:28:56  Zone: Zone2                    	281	281	0
12:29:40  Camera: Level 2 Main Entry                      	46	50
12:29:48  Zone: Zone1                    	336	336	0
12:30:07  Logging to daily summary: "12:30 51 54 7 43 44 -4"
12:30:07  Service running OK
12:30:41  Camera: Level 2 Main Entry                      	46	52
12:30:41  Zone: Zone1                    	336	338	-2
12:31:42  Camera: Level 2 Main Entry                      	46	54
12:31:44  Camera: Shop A                                  	286	281
12:31:51  Zone: Zone1                    	336	345	-9
12:31:51  Zone: Zone2                    	286	281	5
12:32:43  Camera: Level 2 Main Entry                      	46	55
12:32:43  Zone: Zone1                    	336	346	-10
12:32:45  Camera: Shop A                                  	290	285
12:32:59  Zone: Zone1                    	340	350	-10
12:32:59  Zone: Zone2                    	290	285	5
12:33:44  Camera: Level 2 Main Entry                      	46	56
12:33:46  Camera: Shop A                                  	290	291
12:33:51  Zone: Zone1                    	346	351	-5
12:33:51  Zone: Zone2                    	290	291	-1
12:34:45  Camera: Level 2 Main Entry                      	47	56
12:34:47  Camera: Shop A                                  	293	293
12:34:59  Zone: Zone1                    	349	354	-5
12:34:59  Zone: Zone2                    	293	293	0
12:35:46  Camera: Level 2 Main Entry                      	49	56
12:35:48  Camera: Shop A                                  	298	295
12:35:49  Zone: Zone1                    	353	359	-6
12:35:49  Zone: Zone2                    	298	295	3
12:36:47  Camera: Level 2 Main Entry                      	50	60
12:36:49  Camera: Shop A                                  	298	297
12:36:57  Zone: Zone1                    	356	363	-7
12:36:57  Zone: Zone2                    	298	297	1
12:37:48  Camera: Level 2 Main Entry                      	51	61
12:37:49  Zone: Zone1                    	357	364	-7
12:38:50  Camera: Level 2 Main Entry                      	53	63
12:38:51  Camera: Shop A                                  	300	297
12:38:58  Zone: Zone1                    	359	368	-9
12:38:58  Zone: Zone2                    	300	297	3
12:39:51  Camera: Level 2 Main Entry                      	55	63
12:40:06  Zone: Zone1                    	361	368	-7
12:40:54  Camera: Shop A                                  	300	300
12:40:58  Zone: Zone1                    	364	368	-4
12:40:58  Zone: Zone2                    	300	300	0
12:42:56  Camera: Shop A                                  	301	300
12:43:02  Zone: Zone1                    	364	369	-5
12:43:02  Zone: Zone2                    	301	300	1
12:45:09  Service running OK
12:45:59  Camera: Shop A                                  	302	303
12:46:00  Zone: Zone1                    	367	370	-3
12:46:00  Zone: Zone2                    	302	303	-1
12:47:00  Camera: Shop A                                  	303	303
12:47:10  Zone: Zone1                    	367	371	-4
12:47:10  Zone: Zone2                    	303	303	0
12:47:59  Camera: Level 2 Main Entry                      	55	64
12:48:01  Camera: Shop A                                  	307	303
12:48:02  Zone: Zone1                    	367	376	-9
12:48:02  Zone: Zone2                    	307	303	4
12:49:00  Camera: Level 2 Main Entry                      	55	65
12:49:02  Camera: Shop A                                  	310	304
12:49:09  Zone: Zone1                    	368	380	-12
12:49:09  Zone: Zone2                    	310	304	6
12:50:01  Camera: Level 2 Main Entry                      	56	65
12:50:02  Zone: Zone1                    	369	380	-11
12:50:03  Camera: Shop A                                  	312	305
12:50:17  Zone: Zone1                    	370	382	-12
12:50:17  Zone: Zone2                    	312	305	7
12:51:03  Camera: Level 2 Main Entry                      	56	66
12:51:04  Camera: Shop A                                  	316	307
12:51:07  Zone: Zone1                    	372	387	-15
12:51:07  Zone: Zone2                    	316	307	9
12:52:06  Camera: Shop A                                  	316	309
12:52:15  Zone: Zone1                    	374	387	-13
12:52:15  Zone: Zone2                    	316	309	7
12:54:06  Camera: Level 2 Main Entry                      	57	67
12:54:08  Camera: Shop A                                  	316	312
12:54:19  Zone: Zone1                    	378	388	-10
12:54:19  Zone: Zone2                    	316	312	4
12:55:09  Camera: Shop A                                  	316	316
12:55:09  Zone: Zone1                    	382	388	-6
12:55:09  Zone: Zone2                    	316	316	0
12:56:10  Camera: Shop A                                  	320	316
12:56:19  Zone: Zone1                    	382	392	-10
12:56:19  Zone: Zone2                    	320	316	4
12:57:11  Camera: Shop A                                  	326	318
12:57:11  Zone: Zone1                    	384	398	-14
12:57:11  Zone: Zone2                    	326	318	8
12:58:12  Camera: Shop A                                  	328	320
12:58:21  Zone: Zone1                    	386	400	-14
12:58:21  Zone: Zone2                    	328	320	8
12:59:13  Camera: Shop A                                  	330	320
12:59:13  Zone: Zone1                    	386	402	-16
12:59:13  Zone: Zone2                    	330	320	10
13:00:08  Logging to daily summary: "13:00 50 66 -8 49 39 3"
13:00:08  Service running OK
13:00:12  Camera: Level 2 Main Entry                      	58	68
13:00:23  Zone: Zone1                    	387	403	-16
13:01:15  Camera: Shop A                                  	330	321
13:01:15  Zone: Zone1                    	388	403	-15
13:01:15  Zone: Zone2                    	330	321	9
13:02:11  Camera: Level 2 Lift                            	0	1
13:02:16  Camera: Shop A                                  	335	329
13:02:25  Zone: Zone1                    	396	409	-13
13:02:25  Zone: Zone2                    	335	329	6
13:04:17  Camera: Level 2 Main Entry                      	58	69
13:04:19  Camera: Shop A                                  	335	333
13:04:26  Zone: Zone1                    	400	410	-10
13:04:26  Zone: Zone2                    	335	333	2
13:05:18  Camera: Level 2 Main Entry                      	59	69
13:05:18  Zone: Zone1                    	401	410	-9
13:05:20  Camera: Shop A                                  	337	339
13:05:34  Zone: Zone1                    	407	412	-5
13:05:34  Zone: Zone2                    	337	339	-2
13:06:21  Camera: Shop A                                  	338	339
13:06:25  Zone: Zone1                    	407	413	-6
13:06:25  Zone: Zone2                    	338	339	-1
13:09:24  Camera: Shop A                                  	338	342
13:09:24  Zone: Zone1                    	410	413	-3
13:09:24  Zone: Zone2                    	338	342	-4
13:10:25  Camera: Shop A                                  	339	345
13:10:34  Zone: Zone1                    	413	414	-1
13:10:34  Zone: Zone2                    	339	345	-6
13:11:26  Camera: Shop A                                  	345	346
13:11:26  Zone: Zone1                    	414	420	-6
13:11:26  Zone: Zone2                    	345	346	-1
13:12:27  Camera: Shop A                                  	347	349
13:12:36  Zone: Zone1                    	417	422	-5
13:12:36  Zone: Zone2                    	347	349	-2
13:13:28  Camera: Shop A                                  	349	350
13:13:28  Zone: Zone1                    	418	424	-6
13:13:28  Zone: Zone2                    	349	350	-1
13:14:29  Camera: Shop A                                  	350	351
13:14:40  Zone: Zone1                    	419	425	-6
13:14:40  Zone: Zone2                    	350	351	-1
13:15:16  Service running OK
13:15:30  Camera: Shop A                                  	352	351
13:15:31  Zone: Zone1                    	419	427	-8
13:15:31  Zone: Zone2                    	352	351	1
13:16:31  Camera: Shop A                                  	357	358
13:16:41  Zone: Zone1                    	426	432	-6
13:16:41  Zone: Zone2                    	357	358	-1
13:18:34  Camera: Shop A                                  	359	362
13:18:45  Zone: Zone1                    	430	434	-4
13:18:45  Zone: Zone2                    	359	362	-3
13:19:35  Camera: Shop A                                  	360	364
13:19:37  Zone: Zone1                    	432	435	-3
13:19:37  Zone: Zone2                    	360	364	-4
13:20:36  Camera: Shop A                                  	363	366
13:20:48  Zone: Zone1                    	434	438	-4
13:20:48  Zone: Zone2                    	363	366	-3
13:21:37  Camera: Shop A                                  	367	366
13:21:40  Zone: Zone1                    	434	442	-8
13:21:40  Zone: Zone2                    	367	366	1
13:23:39  Camera: Shop A                                  	368	366
13:23:44  Zone: Zone1                    	434	443	-9
13:23:44  Zone: Zone2                    	368	366	2
13:24:40  Camera: Shop A                                  	369	367
13:24:54  Zone: Zone1                    	435	444	-9
13:24:54  Zone: Zone2                    	369	367	2
13:26:42  Camera: Shop A                                  	369	369
13:26:42  Zone: Zone1                    	437	444	-7
13:26:43  Zone: Zone2                    	369	369	0
13:27:38  Camera: Level 2 Lift                            	3	6
13:27:43  Camera: Shop A                                  	374	369
13:27:52  Zone: Zone1                    	440	454	-14
13:27:52  Zone: Zone2                    	374	369	5
13:28:39  Camera: Level 2 Lift                            	11	6
13:28:42  Zone: Zone1                    	448	454	-6
13:28:45  Camera: Shop A                                  	376	377
13:28:58  Zone: Zone1                    	456	456	0
13:28:58  Zone: Zone2                    	376	377	-1
13:30:11  Logging to daily summary: "13:30 70 54 -7 46 57 0"
13:30:11  Service running OK
13:30:47  Camera: Shop A                                  	378	387
13:30:47  Zone: Zone1                    	466	458	8
13:30:47  Zone: Zone2                    	378	387	-9
13:31:48  Camera: Shop A                                  	379	393
13:31:56  Zone: Zone1                    	472	459	13
13:31:56  Zone: Zone2                    	379	393	-14
13:32:49  Camera: Shop A                                  	383	393
13:32:49  Zone: Zone1                    	472	463	9
13:32:49  Zone: Zone2                    	383	393	-10
13:33:50  Camera: Shop A                                  	386	397
13:33:59  Zone: Zone1                    	476	466	10
13:33:59  Zone: Zone2                    	386	397	-11
13:34:51  Camera: Shop A                                  	388	402
13:34:51  Zone: Zone1                    	481	468	13
13:34:51  Zone: Zone2                    	388	402	-14
13:35:52  Camera: Shop A                                  	389	402
13:36:01  Zone: Zone1                    	481	469	12
13:36:01  Zone: Zone2                    	389	402	-13
13:37:54  Camera: Shop A                                  	390	402
13:38:05  Zone: Zone1                    	481	470	11
13:38:05  Zone: Zone2                    	390	402	-12
13:40:57  Camera: Shop A                                  	392	407
13:41:03  Zone: Zone1                    	486	472	14
13:41:03  Zone: Zone2                    	392	407	-15
13:41:59  Camera: Shop A                                  	393	413
13:42:13  Zone: Zone1                    	492	473	19
13:42:13  Zone: Zone2                    	393	413	-20
13:44:01  Camera: Shop A                                  	398	415
13:44:01  Zone: Zone1                    	494	478	16
13:44:01  Zone: Zone2                    	398	415	-17
13:45:00  Camera: Level 2 Main Entry                      	59	70
13:45:02  Camera: Shop A                                  	400	415
13:45:10  Zone: Zone1                    	494	481	13
13:45:10  Zone: Zone2                    	400	415	-15
13:45:10  Service running OK
13:47:04  Camera: Shop A                                  	400	419
13:47:12  Zone: Zone1                    	498	481	17
13:47:12  Zone: Zone2                    	400	419	-19
13:48:05  Camera: Shop A                                  	403	424
13:48:05  Zone: Zone1                    	503	484	19
13:48:05  Zone: Zone2                    	403	424	-21
13:49:06  Camera: Shop A                                  	403	430
13:49:15  Zone: Zone1                    	509	484	25
13:49:15  Zone: Zone2                    	403	430	-27
13:51:08  Camera: Shop A                                  	410	442
13:51:19  Zone: Zone1                    	521	491	30
13:51:19  Zone: Zone2                    	410	442	-32
13:52:09  Camera: Shop A                                  	421	447
13:52:11  Zone: Zone1                    	526	502	24
13:52:11  Zone: Zone2                    	421	447	-26
13:53:10  Camera: Shop A                                  	428	448
13:53:21  Zone: Zone1                    	527	509	18
13:53:21  Zone: Zone2                    	428	448	-20
13:53:34  Camera: Level 1 Science Centre Lift             	9	8
13:53:37  Zone: Zone1                    	527	512	15
13:54:12  Camera: Shop A                                  	431	451
13:54:12  Zone: Zone1                    	530	515	15
13:54:12  Zone: Zone2                    	431	451	-20
13:54:35  Camera: Level 1 Science Centre Lift             	10	8
13:54:45  Zone: Zone1                    	531	515	16
13:55:13  Camera: Shop A                                  	434	451
13:55:19  Zone: Zone1                    	531	518	13
13:55:19  Zone: Zone2                    	434	451	-17
13:56:14  Camera: Shop A                                  	434	453
13:56:29  Zone: Zone1                    	533	518	15
13:56:29  Zone: Zone2                    	434	453	-19
13:57:15  Camera: Shop A                                  	438	459
13:57:21  Zone: Zone1                    	539	522	17
13:57:21  Zone: Zone2                    	438	459	-21
13:58:16  Camera: Shop A                                  	444	461
13:58:31  Zone: Zone1                    	541	528	13
13:58:31  Zone: Zone2                    	444	461	-17
13:59:17  Camera: Shop A                                  	444	463
13:59:23  Zone: Zone1                    	543	528	15
13:59:23  Zone: Zone2                    	444	463	-19
14:00:00  Logging to daily summary: "14:00 87 72 15 68 86 -17"
14:00:00  Service running OK
14:00:18  Camera: Shop A                                  	444	464
14:00:33  Zone: Zone1                    	544	528	16
14:00:33  Zone: Zone2                    	444	464	-20
14:01:19  Camera: Shop A                                  	447	464
14:01:25  Zone: Zone1                    	544	531	13
14:01:25  Zone: Zone2                    	447	464	-17
14:07:26  Camera: Shop A                                  	447	468
14:07:41  Zone: Zone1                    	548	531	17
14:07:41  Zone: Zone2                    	447	468	-21
14:09:28  Camera: Shop A                                  	451	468
14:09:28  Zone: Zone1                    	548	535	13
14:09:28  Zone: Zone2                    	451	468	-17
14:10:29  Camera: Shop A                                  	453	470
14:10:37  Zone: Zone1                    	550	537	13
14:10:37  Zone: Zone2                    	453	470	-17
14:11:30  Camera: Shop A                                  	453	471
14:11:30  Zone: Zone1                    	551	537	14
14:11:30  Zone: Zone2                    	453	471	-18
14:12:29  Camera: Level 2 Main Entry                      	61	72
14:12:31  Camera: Shop A                                  	455	473
14:12:40  Zone: Zone1                    	555	541	14
14:12:40  Zone: Zone2                    	455	473	-18
14:14:31  Camera: Level 2 Main Entry                      	62	73
14:14:33  Camera: Shop A                                  	456	473
14:14:42  Zone: Zone1                    	556	543	13
14:14:42  Zone: Zone2                    	456	473	-17
14:15:17  Service running OK
14:15:34  Camera: Shop A                                  	461	477
14:15:34  Zone: Zone1                    	560	548	12
14:15:34  Zone: Zone2                    	461	477	-16
14:16:35  Camera: Shop A                                  	465	477
14:16:44  Zone: Zone1                    	560	552	8
14:16:44  Zone: Zone2                    	465	477	-12
14:17:36  Camera: Shop A                                  	465	479
14:17:36  Zone: Zone1                    	562	552	10
14:17:36  Zone: Zone2                    	465	479	-14
14:18:37  Camera: Shop A                                  	466	483
14:18:46  Zone: Zone1                    	566	553	13
14:18:46  Zone: Zone2                    	466	483	-17
14:19:39  Camera: Shop A                                  	468	485
14:19:39  Zone: Zone1                    	568	555	13
14:19:39  Zone: Zone2                    	468	485	-17
14:20:40  Camera: Shop A                                  	470	485
14:20:48  Zone: Zone1                    	568	557	11
14:20:48  Zone: Zone2                    	470	485	-15
14:21:41  Camera: Shop A                                  	472	487
14:21:41  Zone: Zone1                    	570	559	11
14:21:41  Zone: Zone2                    	472	487	-15
14:22:42  Camera: Shop A                                  	478	489
14:22:50  Zone: Zone1                    	572	565	7
14:22:50  Zone: Zone2                    	478	489	-11
14:23:43  Camera: Shop A                                  	478	493
14:23:43  Zone: Zone1                    	576	565	11
14:23:43  Zone: Zone2                    	478	493	-15
14:24:44  Camera: Shop A                                  	479	495
14:24:53  Zone: Zone1                    	578	566	12
14:24:53  Zone: Zone2                    	479	495	-16
14:25:08  Camera: Level 1 Science Centre Lift             	14	8
14:25:09  Zone: Zone1                    	582	566	16
14:25:45  Camera: Shop A                                  	485	498
14:25:45  Zone: Zone1                    	585	572	13
14:25:45  Zone: Zone2                    	485	498	-13
14:26:46  Camera: Shop A                                  	485	501
14:26:55  Zone: Zone1                    	588	572	16
14:26:55  Zone: Zone2                    	485	501	-16
14:27:47  Camera: Shop A                                  	487	503
14:27:47  Zone: Zone1                    	590	574	16
14:27:47  Zone: Zone2                    	487	503	-16
14:28:48  Camera: Shop A                                  	493	503
14:28:57  Zone: Zone1                    	590	580	10
14:28:57  Zone: Zone2                    	493	503	-10
14:29:49  Camera: Shop A                                  	500	504
14:29:49  Zone: Zone1                    	591	587	4
14:29:49  Zone: Zone2                    	500	504	-4
14:30:08  Logging to daily summary: "14:30 48 59 12 56 41 -15"
14:30:08  Service running OK
14:30:50  Camera: Shop A                                  	503	514
14:30:59  Zone: Zone1                    	601	590	11
14:30:59  Zone: Zone2                    	503	514	-11
14:31:51  Camera: Shop A                                  	506	518
14:31:52  Zone: Zone1                    	605	593	12
14:31:52  Zone: Zone2                    	506	518	-12
14:32:53  Camera: Shop A                                  	509	524
14:33:01  Zone: Zone1                    	611	596	15
14:33:01  Zone: Zone2                    	509	524	-15
14:33:54  Camera: Shop A                                  	509	527
14:33:54  Zone: Zone1                    	614	596	18
14:33:54  Zone: Zone2                    	509	527	-18
14:34:55  Camera: Shop A                                  	514	527
14:35:03  Zone: Zone1                    	614	601	13
14:35:03  Zone: Zone2                    	514	527	-13
14:35:18  Camera: Level 1 Science Centre Lift             	15	10
14:35:19  Zone: Zone1                    	615	603	12
14:35:56  Camera: Shop A                                  	516	529
14:36:11  Zone: Zone1                    	617	605	12
14:36:11  Zone: Zone2                    	516	529	-13
14:36:20  Camera: Level 1 Science Centre Lift             	15	12
14:36:27  Zone: Zone1                    	617	607	10
14:36:57  Camera: Shop A                                  	516	531
14:37:01  Zone: Zone1                    	619	607	12
14:37:01  Zone: Zone2                    	516	531	-15
14:37:21  Camera: Level 1 Science Centre Lift             	16	13
14:37:35  Zone: Zone1                    	620	608	12
14:37:58  Camera: Shop A                                  	518	532
14:38:09  Zone: Zone1                    	621	610	11
14:38:09  Zone: Zone2                    	518	532	-14
14:38:22  Camera: Level 1 Science Centre Lift             	16	15
14:38:25  Zone: Zone1                    	621	612	9
14:38:59  Camera: Shop A                                  	527	541
14:38:59  Zone: Zone1                    	630	621	9
14:38:59  Zone: Zone2                    	527	541	-14
14:40:24  Camera: Level 1 Science Centre Lift             	18	16
14:40:27  Zone: Zone1                    	632	622	10
14:41:01  Camera: Shop A                                  	532	543
14:41:01  Zone: Zone1                    	634	627	7
14:41:01  Zone: Zone2                    	532	543	-11
14:41:25  Camera: Level 1 Science Centre Lift             	18	18
14:41:35  Zone: Zone1                    	634	629	5
14:43:27  Camera: Level 1 Science Centre Lift             	19	21
14:43:39  Zone: Zone1                    	635	632	3
14:44:04  Camera: Shop A                                  	544	548
14:44:13  Zone: Zone1                    	640	644	-4
14:44:13  Zone: Zone2                    	544	548	-4
14:45:05  Camera: Shop A                                  	551	548
14:45:06  Zone: Zone1                    	640	651	-11
14:45:06  Zone: Zone2                    	551	548	3
14:45:06  Service running OK
14:48:09  Camera: Shop A                                  	551	550
14:48:21  Zone: Zone1                    	642	651	-9
14:48:21  Zone: Zone2                    	551	550	1
14:50:11  Camera: Shop A                                  	552	550
14:50:25  Zone: Zone1                    	642	652	-10
14:50:25  Zone: Zone2                    	552	550	2
14:51:12  Camera: Shop A                                  	555	550
14:51:17  Zone: Zone1                    	642	655	-13
14:51:17  Zone: Zone2                    	555	550	5
14:52:13  Camera: Shop A                                  	555	553
14:52:27  Zone: Zone1                    	645	655	-10
14:52:27  Zone: Zone2                    	555	553	2
14:54:15  Camera: Shop A                                  	557	553
14:54:15  Zone: Zone1                    	645	657	-12
14:54:15  Zone: Zone2                    	557	553	4
14:56:17  Camera: Shop A                                  	561	555
14:56:19  Zone: Zone1                    	647	661	-14
14:56:19  Zone: Zone2                    	561	555	6
14:57:18  Camera: Shop A                                  	562	555
14:57:29  Zone: Zone1                    	647	662	-15
14:57:29  Zone: Zone2                    	562	555	7
14:58:19  Camera: Shop A                                  	563	557
14:58:21  Zone: Zone1                    	649	663	-14
14:58:21  Zone: Zone2                    	563	557	6
15:00:10  Logging to daily summary: "15:00 58 76 -1 63 53 -3"
15:00:10  Service running OK
15:00:22  Camera: Shop A                                  	565	557
15:00:25  Zone: Zone1                    	649	665	-16
15:00:25  Zone: Zone2                    	565	557	8
15:01:23  Camera: Shop A                                  	569	561
15:01:35  Zone: Zone1                    	653	669	-16
15:01:35  Zone: Zone2                    	569	561	8
15:02:24  Camera: Shop A                                  	569	562
15:02:27  Zone: Zone1                    	654	669	-15
15:02:27  Zone: Zone2                    	569	562	7
15:02:48  Camera: Level 1 Science Centre Lift             	24	22
15:03:01  Zone: Zone1                    	659	670	-11
15:03:25  Camera: Shop A                                  	570	562
15:03:36  Zone: Zone1                    	659	671	-12
15:03:36  Zone: Zone2                    	570	562	8
15:04:26  Camera: Shop A                                  	570	563
15:04:28  Zone: Zone1                    	660	671	-11
15:04:28  Zone: Zone2                    	570	563	7
15:05:27  Camera: Shop A                                  	572	566
15:05:38  Zone: Zone1                    	663	673	-10
15:05:38  Zone: Zone2                    	572	566	6
15:05:51  Camera: Level 1 Science Centre Lift             	24	24
15:05:54  Zone: Zone1                    	663	675	-12
15:06:28  Camera: Shop A                                  	574	566
15:06:28  Zone: Zone1                    	663	677	-14
15:06:28  Zone: Zone2                    	574	566	8
15:08:30  Camera: Shop A                                  	574	571
15:08:32  Zone: Zone1                    	668	677	-9
15:08:32  Zone: Zone2                    	574	571	3
15:09:55  Camera: Level 1 Science Centre Lift             	24	27
15:10:00  Zone: Zone1                    	668	680	-12
15:10:32  Camera: Shop A                                  	574	575
15:10:34  Zone: Zone1                    	672	680	-8
15:10:34  Zone: Zone2                    	574	575	-1
15:10:56  Camera: Level 1 Science Centre Lift             	24	29
15:11:08  Zone: Zone1                    	672	682	-10
15:11:34  Camera: Shop A                                  	575	577
15:11:42  Zone: Zone1                    	674	683	-9
15:11:42  Zone: Zone2                    	575	577	-2
15:12:35  Camera: Shop A                                  	578	578
15:12:35  Zone: Zone1                    	675	686	-11
15:12:35  Zone: Zone2                    	578	578	0
15:13:36  Camera: Shop A                                  	582	579
15:13:44  Zone: Zone1                    	676	690	-14
15:13:44  Zone: Zone2                    	582	579	3
15:14:37  Camera: Shop A                                  	583	581
15:14:37  Zone: Zone1                    	678	691	-13
15:14:37  Zone: Zone2                    	583	581	2
15:15:13  Service running OK
15:16:39  Camera: Shop A                                  	583	583
15:16:40  Zone: Zone1                    	680	691	-11
15:16:40  Zone: Zone2                    	583	583	0
15:17:40  Camera: Shop A                                  	585	583
15:17:50  Zone: Zone1                    	680	693	-13
15:17:50  Zone: Zone2                    	585	583	2
15:19:42  Camera: Shop A                                  	589	584
15:19:54  Zone: Zone1                    	681	697	-16
15:19:54  Zone: Zone2                    	589	584	5
15:20:43  Camera: Shop A                                  	589	585
15:20:46  Zone: Zone1                    	682	697	-15
15:20:46  Zone: Zone2                    	589	585	4
15:23:46  Camera: Shop A                                  	589	587
15:23:46  Zone: Zone1                    	684	697	-13
15:23:47  Zone: Zone2                    	589	587	2
15:24:48  Camera: Shop A                                  	589	589
15:24:56  Zone: Zone1                    	686	697	-11
15:24:56  Zone: Zone2                    	589	589	0
15:25:49  Camera: Shop A                                  	589	593
15:25:49  Zone: Zone1                    	690	697	-7
15:25:49  Zone: Zone2                    	589	593	-4
15:28:52  Camera: Shop A                                  	592	593
15:29:04  Zone: Zone1                    	690	700	-10
15:29:04  Zone: Zone2                    	592	593	-1
15:30:17  Logging to daily summary: "15:30 41 37 -12 29 36 2"
15:30:17  Service running OK
15:31:55  Camera: Shop A                                  	592	595
15:32:02  Zone: Zone1                    	692	700	-8
15:32:02  Zone: Zone2                    	592	595	-3
15:32:56  Camera: Shop A                                  	594	595
15:32:56  Zone: Zone1                    	692	702	-10
15:32:56  Zone: Zone2                    	594	595	-1
15:35:59  Camera: Shop A                                  	597	595
15:36:12  Zone: Zone1                    	692	705	-13
15:36:12  Zone: Zone2                    	597	595	2
15:38:02  Camera: Shop A                                  	598	601
15:38:16  Zone: Zone1                    	698	706	-8
15:38:16  Zone: Zone2                    	598	601	-3
15:39:03  Camera: Shop A                                  	598	604
15:39:08  Zone: Zone1                    	701	706	-5
15:39:08  Zone: Zone2                    	598	604	-6
15:40:04  Camera: Shop A                                  	603	604
15:40:18  Zone: Zone1                    	701	711	-10
15:40:18  Zone: Zone2                    	603	604	-1
15:41:29  Camera: Level 1 Science Centre Lift             	30	29
15:41:29  Zone: Zone1                    	707	711	-4
15:42:06  Camera: Shop A                                  	605	604
15:42:20  Zone: Zone1                    	707	713	-6
15:42:20  Zone: Zone2                    	605	604	1
15:45:03  Service running OK
15:46:10  Camera: Shop A                                  	609	608
15:46:12  Zone: Zone1                    	711	717	-6
15:46:12  Zone: Zone2                    	609	608	1
15:48:12  Camera: Shop A                                  	611	608
15:48:16  Zone: Zone1                    	711	719	-8
15:48:16  Zone: Zone2                    	611	608	3
15:49:13  Camera: Shop A                                  	611	612
15:49:26  Zone: Zone1                    	715	719	-4
15:49:26  Zone: Zone2                    	611	612	-1
15:50:15  Camera: Shop A                                  	614	613
15:50:18  Zone: Zone1                    	716	722	-6
15:50:18  Zone: Zone2                    	614	613	1
15:51:16  Camera: Shop A                                  	614	615
15:51:28  Zone: Zone1                    	718	722	-4
15:51:28  Zone: Zone2                    	614	615	-1
15:53:18  Camera: Shop A                                  	614	617
15:53:32  Zone: Zone1                    	720	722	-2
15:53:32  Zone: Zone2                    	614	617	-3
15:54:19  Camera: Shop A                                  	618	617
15:54:24  Zone: Zone1                    	720	726	-6
15:54:24  Zone: Zone2                    	618	617	1
15:55:20  Camera: Shop A                                  	618	624
15:55:34  Zone: Zone1                    	727	726	1
15:55:34  Zone: Zone2                    	618	624	-6
15:56:21  Camera: Shop A                                  	618	627
15:56:26  Zone: Zone1                    	730	726	4
15:56:26  Zone: Zone2                    	618	627	-9
15:57:22  Camera: Shop A                                  	623	631
15:57:36  Zone: Zone1                    	734	731	3
15:57:36  Zone: Zone2                    	623	631	-8
16:00:01  Logging to daily summary: "16:00 44 31 -5 31 38 -1"
16:00:01  Service running OK
16:00:25  Camera: Shop A                                  	632	633
16:00:34  Zone: Zone1                    	736	740	-4
16:00:34  Zone: Zone2                    	632	633	-1
16:01:26  Camera: Shop A                                  	634	635
16:01:26  Zone: Zone1                    	738	742	-4
16:01:26  Zone: Zone2                    	634	635	-1
16:03:29  Camera: Shop A                                  	635	635
16:03:30  Zone: Zone1                    	738	743	-5
16:03:30  Zone: Zone2                    	635	635	0
16:05:31  Camera: Shop A                                  	635	637
16:05:34  Zone: Zone1                    	740	743	-3
16:05:34  Zone: Zone2                    	635	637	-2
16:06:32  Camera: Shop A                                  	635	639
16:06:44  Zone: Zone1                    	742	743	-1
16:06:44  Zone: Zone2                    	635	639	-4
16:07:33  Camera: Shop A                                  	635	641
16:07:36  Zone: Zone1                    	744	743	1
16:07:36  Zone: Zone2                    	635	641	-6
16:08:34  Camera: Shop A                                  	640	641
16:08:46  Zone: Zone1                    	744	748	-4
16:08:46  Zone: Zone2                    	640	641	-1
16:11:37  Camera: Shop A                                  	640	642
16:11:44  Zone: Zone1                    	745	748	-3
16:11:44  Zone: Zone2                    	640	642	-2
16:12:38  Camera: Shop A                                  	641	642
16:12:38  Zone: Zone1                    	745	749	-4
16:12:38  Zone: Zone2                    	641	642	-1
16:15:03  Service running OK
16:27:54  Camera: Shop A                                  	641	643
16:27:55  Zone: Zone1                    	746	749	-3
16:27:55  Zone: Zone2                    	641	643	-2
16:29:57  Camera: Shop A                                  	641	644
16:29:58  Zone: Zone1                    	747	749	-2
16:29:58  Zone: Zone2                    	641	644	-3
16:30:17  Logging to daily summary: "16:30 13 18 -3 18 13 -1"
16:30:17  Service running OK
16:31:59  Camera: Shop A                                  	643	644
16:32:02  Zone: Zone1                    	747	751	-4
16:32:02  Zone: Zone2                    	643	644	-1
16:36:03  Camera: Shop A                                  	645	644
16:36:12  Zone: Zone1                    	747	753	-6
16:36:12  Zone: Zone2                    	645	644	1
16:37:02  Camera: Level 2 Main Entry                      	65	74
16:37:04  Zone: Zone1                    	750	754	-4
16:38:03  Camera: Level 2 Main Entry                      	70	76
16:38:14  Zone: Zone1                    	755	756	-1
16:39:04  Camera: Level 2 Main Entry                      	71	77
16:39:06  Zone: Zone1                    	756	757	-1
16:39:06  Camera: Shop A                                  	645	647
16:39:22  Zone: Zone1                    	759	757	2
16:39:22  Zone: Zone2                    	645	647	-2
16:43:11  Camera: Shop A                                  	648	647
16:43:14  Zone: Zone1                    	759	760	-1
16:43:14  Zone: Zone2                    	648	647	1
16:45:03  Service running OK
16:54:22  Camera: Shop A                                  	648	649
16:54:36  Zone: Zone1                    	761	760	1
16:54:36  Zone: Zone2                    	648	649	-1
16:56:25  Camera: Shop A                                  	650	649
16:56:40  Zone: Zone1                    	761	762	-1
16:56:40  Zone: Zone2                    	650	649	1
17:00:17  Logging to daily summary: "17:00 14 13 -1 9 5 0"
17:00:17  Service running OK
17:05:34  Camera: Shop A                                  	650	650
17:05:38  Zone: Zone1                    	762	762	0
17:05:38  Zone: Zone2                    	650	650	0
17:15:17  Service running OK
17:23:54  Camera: Shop A                                  	653	650
17:23:56  Zone: Zone1                    	762	765	-3
17:23:56  Zone: Zone2                    	653	650	3
17:24:55  Camera: Shop A                                  	654	650
17:25:07  Zone: Zone1                    	762	766	-4
17:25:07  Zone: Zone2                    	654	650	4
17:30:14  Logging to daily summary: "17:30 1 4 -1 4 1 1"
17:30:14  Service running OK
17:41:12  Camera: Shop A                                  	654	652
17:41:18  Zone: Zone1                    	764	766	-2
17:41:18  Zone: Zone2                    	654	652	2
17:44:15  Camera: Shop A                                  	655	652
17:44:16  Zone: Zone1                    	764	767	-3
17:44:16  Zone: Zone2                    	655	652	3
17:45:11  Service running OK
17:59:32  Camera: Shop A                                  	659	654
17:59:32  Zone: Zone1                    	766	771	-5
17:59:32  Zone: Zone2                    	659	654	5
18:00:09  Logging to daily summary: "18:00 4 5 -3 5 4 3"
18:00:09  Service running OK
18:00:33  Camera: Shop A                                  	661	656
18:00:42  Zone: Zone1                    	768	773	-5
18:00:42  Zone: Zone2                    	661	656	5
18:15:07  Service running OK
18:21:28  Level 1 Science Centre Entry 1: The Irisys IP Manager destructor has flagged the thread to end.
18:21:45  Shop B: Main Data Collection loop has finished (g_bStopFlag=1, m_bEndThread=0).
18:21:45  Shop Whale Mall: Main Data Collection loop has finished (g_bStopFlag=1, m_bEndThread=0).
18:21:45  Level 2 Cafe: Main Data Collection loop has finished (g_bStopFlag=1, m_bEndThread=0).
18:21:45  Level 1 Science Centre Entry 2: Main Data Collection loop has finished (g_bStopFlag=1, m_bEndThread=0).
18:21:48  Level 2 Lift: Main Data Collection loop has finished (g_bStopFlag=1, m_bEndThread=0).
