
05:24:13  RECAP $Revision: 3.13.2.13 $ ($State: Exp $) built 09:15:45, Aug  3 2010
05:24:13  Logging Counting Started
05:24:13  Start time: 09:30 (570 minutes past midnight)
05:24:13  Stop time: 22:00 (1320 minutes past midnight)
05:24:13  Log period: 30 minutes
05:24:13  Initialising 0 display(s)
05:24:13  Initialising 9 camera(s)
05:24:13  IrisysIP counter(s) in use, Starting BlackFin API
05:24:13  If RECAP crashes, check .NET framework and VCRedist are installed.
05:24:14  BlackFin API Started.
05:24:14  BlackFin API Started up OK. Version: 1.10.0.5
05:24:14  Initialising 2 zone(s)
05:24:14  Outputting 'Zone1' zone data to 'Zones\Zone1.txt'
05:24:14  Outputting 'Zone2' zone data to 'Zones\Zone2.txt'
05:24:14  Displaying shutdown on 0 display(s)
05:24:14  Waiting till start time
09:30:00  Start time reached
09:30:00  Adding Level 1 Science Centre Entry 1 thread to Watchdog
09:30:00  Level 1 Science Centre Entry 1: InCountCorrection set in registry to: 0
09:30:00  Level 1 Science Centre Entry 1: OutCountCorrection set in registry to: 0
09:30:00  Adding Level 1 Science Centre Entry 2 thread to Watchdog
09:30:00  Level 1 Science Centre Entry 2: InCountCorrection set in registry to: 0
09:30:00  Level 1 Science Centre Entry 2: OutCountCorrection set in registry to: 0
09:30:00  Adding Level 1 Science Centre Lift thread to Watchdog
09:30:00  Level 1 Science Centre Lift: InCountCorrection set in registry to: 0
09:30:00  Level 1 Science Centre Lift: OutCountCorrection set in registry to: 0
09:30:00  Adding Level 2 Main Entry thread to Watchdog
09:30:00  Level 2 Main Entry: InCountCorrection set in registry to: 0
09:30:00  Level 2 Main Entry: OutCountCorrection set in registry to: 0
09:30:00  Adding Level 2 Lift thread to Watchdog
09:30:00  Level 2 Lift: InCountCorrection set in registry to: 0
09:30:00  Level 2 Lift: OutCountCorrection set in registry to: 0
09:30:00  Adding Shop A thread to Watchdog
09:30:00  Shop A: InCountCorrection set in registry to: 0
09:30:00  Shop A: OutCountCorrection set in registry to: 0
09:30:00  Adding Shop B thread to Watchdog
09:30:00  Shop B: InCountCorrection set in registry to: 0
09:30:00  Shop B: OutCountCorrection set in registry to: 0
09:30:00  Adding Shop Whale Mall thread to Watchdog
09:30:00  Shop Whale Mall: InCountCorrection set in registry to: 0
09:30:00  Shop Whale Mall: OutCountCorrection set in registry to: 0
09:30:00  Adding Level 2 Cafe thread to Watchdog
09:30:00  Level 2 Cafe: InCountCorrection set in registry to: 0
09:30:00  Level 2 Cafe: OutCountCorrection set in registry to: 0
09:30:02  New day, Reset counts and busiest times in registry
09:30:02  Camera Level 1 Science Centre Entry 1 Counts 	= In:0, Out:0
09:30:02  Camera Level 1 Science Centre Entry 2 Counts 	= In:0, Out:0
09:30:02  Camera Level 1 Science Centre Lift Counts 	= In:0, Out:0
09:30:02  Camera Level 2 Main Entry Counts 	= In:0, Out:0
09:30:02  Camera Level 2 Lift Counts 	= In:0, Out:0
09:30:02  Camera Shop A Counts 	= In:0, Out:0
09:30:02  Camera Shop B Counts 	= In:0, Out:0
09:30:02  Camera Shop Whale Mall Counts 	= In:0, Out:0
09:30:02  Camera Level 2 Cafe Counts 	= In:0, Out:0
09:30:02  Starting main data collection loop.
09:30:05  Zone: Zone1                    	0	0	0
09:30:05  Zone: Zone2                    	0	0	0
09:30:05  Logging to daily summary: "09:30 0 0 0 0 0 0"
09:30:05  Service running OK
09:30:29  Level 1 Science Centre Entry 1: Connect Success (1) (serial num:2158593798)
09:30:30  Level 1 Science Centre Entry 1: MAC:00-21-AC-00-30-39 IP Firmware:4.0.2.30311 Monitor Firmware:42.4.0.404
09:30:36  Level 1 Science Centre Lift: Connect Success (3) (serial num:2158593853)
09:30:36  Level 1 Science Centre Entry 1: Status msgs: 0,0
09:30:37  Level 1 Science Centre Entry 1: Current DeviceID: DefaultID
09:30:37  Level 1 Science Centre Lift: MAC:00-21-AC-00-30-1A IP Firmware:4.0.2.30311 Monitor Firmware:42.4.0.404
09:30:43  Shop A: Connect Success (6) (serial num:2158593779)
09:30:43  Level 1 Science Centre Lift: Status msgs: 0,0
09:30:44  Level 1 Science Centre Lift: Current DeviceID: DefaultID
09:30:44  Shop A: MAC:00-21-AC-00-30-21 IP Firmware:4.0.2.30311 Monitor Firmware:42.4.0.404
09:30:46  Level 1 Science Centre Entry 2: Connect Success (2) (serial num:2158593777)
09:30:47  Shop A: Status msgs: 0,0
09:30:47  Shop A: Current DeviceID: DefaultID
09:30:47  Level 1 Science Centre Entry 2: MAC:00-21-AC-00-30-3B IP Firmware:4.0.2.30311 Monitor Firmware:42.4.0.404
09:30:51  Level 2 Lift: Connect Success (5) (serial num:2158593872)
09:30:52  Level 2 Lift: MAC:00-21-AC-00-2F-8C IP Firmware:4.0.2.30311 Monitor Firmware:42.4.0.404
09:30:53  Level 2 Main Entry: Connect Success (4) (serial num:2158593780)
09:30:54  Level 1 Science Centre Entry 2: Status msgs: 0,0
09:30:54  Level 2 Main Entry: MAC:00-21-AC-00-30-D9 IP Firmware:4.0.2.30311 Monitor Firmware:42.4.0.404
09:30:54  Level 1 Science Centre Entry 2: Current DeviceID: DefaultID
09:30:57  Level 2 Lift: Status msgs: 0,0
09:30:58  Level 2 Lift: Current DeviceID: DefaultID
09:30:59  Level 2 Main Entry: Status msgs: 0,0
09:30:59  Level 2 Main Entry: Current DeviceID: DefaultID
09:32:40  Initial Camera Level 1 Science Centre Entry 1 Counts 	= In:31, Out:9
09:32:44  Level 1 Science Centre Entry 1: Date last reset in registry is not today (reset required): 22/12/11
09:32:44  Attempting to reset counts for IrisysIP Camera Level 1 Science Centre Entry 1
09:33:39  Level 1 Science Centre Entry 1: InCountCorrection set in registry to: 0
09:33:39  Level 1 Science Centre Entry 1: OutCountCorrection set in registry to: 0
09:33:41  Initial Camera Level 1 Science Centre Lift Counts 	= In:0, Out:0
09:33:41  Level 1 Science Centre Entry 1: has reset camera
09:33:41  Initial Camera Shop A Counts 	= In:2644, Out:2598
09:33:41  Camera: Level 1 Science Centre Entry 1 - Counts are now valid.
09:33:41  Initial Camera Level 1 Science Centre Entry 2 Counts 	= In:10, Out:13
09:33:41  Initial Camera Level 2 Lift Counts 	= In:1, Out:4
09:33:41  Initial Camera Level 2 Main Entry Counts 	= In:14, Out:6
09:33:45  Level 1 Science Centre Entry 2: Date last reset in registry is not today (reset required): 22/12/11
09:33:45  Level 1 Science Centre Lift: Date last reset in registry is not today (reset required): 22/12/11
09:33:45  Level 2 Main Entry: Date last reset in registry is not today (reset required): 22/12/11
09:33:45  Level 2 Lift: Date last reset in registry is not today (reset required): 22/12/11
09:33:45  Shop A: Date last reset in registry is not today (reset required): 22/12/11
09:33:45  Attempting to reset counts for IrisysIP Camera Level 1 Science Centre Entry 2
09:33:45  Attempting to reset counts for IrisysIP Camera Level 1 Science Centre Lift
09:33:45  Attempting to reset counts for IrisysIP Camera Level 2 Main Entry
09:33:45  Attempting to reset counts for IrisysIP Camera Level 2 Lift
09:33:45  Attempting to reset counts for IrisysIP Camera Shop A
09:33:57  Level 1 Science Centre Entry 2: InCountCorrection set in registry to: 0
09:33:57  Level 1 Science Centre Entry 2: OutCountCorrection set in registry to: 0
09:33:58  Level 1 Science Centre Entry 2: has reset camera
09:33:58  Camera: Level 1 Science Centre Entry 2 - Counts are now valid.
09:33:59  Level 1 Science Centre Lift: InCountCorrection set in registry to: 0
09:33:59  Level 1 Science Centre Lift: OutCountCorrection set in registry to: 0
09:34:00  Level 1 Science Centre Lift: has reset camera
09:34:00  Camera: Level 1 Science Centre Lift - Counts are now valid.
09:34:02  Level 2 Main Entry: InCountCorrection set in registry to: 0
09:34:02  Level 2 Main Entry: OutCountCorrection set in registry to: 0
09:34:03  Level 2 Main Entry: has reset camera
09:34:03  Camera: Level 2 Main Entry - Counts are now valid.
09:34:04  Level 2 Lift: InCountCorrection set in registry to: 0
09:34:04  Level 2 Lift: OutCountCorrection set in registry to: 0
09:34:05  Level 2 Lift: has reset camera
09:34:05  Camera: Level 2 Lift - Counts are now valid.
09:34:06  Shop A: InCountCorrection set in registry to: 0
09:34:06  Shop A: OutCountCorrection set in registry to: 0
09:34:07  Shop A: has reset camera
09:34:07  Camera: Shop A - Counts are now valid.
09:34:42  Camera: Level 1 Science Centre Entry 1          	0	0
09:34:42  Level 1 Science Centre Entry 1 IrisysIP camera has reset
09:34:59  Camera: Level 1 Science Centre Entry 2          	0	0
09:34:59  Level 1 Science Centre Entry 2 IrisysIP camera has reset
09:35:01  Camera: Level 1 Science Centre Lift             	0	0
09:35:01  Level 1 Science Centre Lift IrisysIP camera has reset
09:35:05  Camera: Level 2 Main Entry                      	2	1
09:35:06  Camera: Level 2 Lift                            	0	0
09:35:06  Level 2 Lift IrisysIP camera has reset
09:35:08  Camera: Shop A                                  	10	2
09:35:15  Zone: Zone1                    	4	11	-7
09:35:15  Zone: Zone2                    	10	2	8
09:36:06  Camera: Level 2 Main Entry                      	5	1
09:36:09  Camera: Shop A                                  	14	10
09:36:18  Zone: Zone1                    	15	15	0
09:36:18  Zone: Zone2                    	14	10	4
09:37:07  Camera: Level 2 Main Entry                      	7	1
09:37:07  Zone: Zone1                    	17	15	2
09:37:10  Camera: Shop A                                  	18	13
09:37:23  Zone: Zone1                    	20	19	1
09:37:23  Zone: Zone2                    	18	13	5
09:38:08  Camera: Level 2 Main Entry                      	8	3
09:38:11  Camera: Shop A                                  	20	13
09:38:15  Zone: Zone1                    	21	23	-2
09:38:15  Zone: Zone2                    	20	13	7
09:39:12  Camera: Level 2 Main Entry                      	9	4
09:39:12  Camera: Shop A                                  	20	20
09:39:23  Zone: Zone1                    	29	24	5
09:39:23  Zone: Zone2                    	20	20	0
09:40:14  Camera: Shop A                                  	34	26
09:40:14  Zone: Zone1                    	35	38	-3
09:40:14  Zone: Zone2                    	34	26	8
09:41:15  Camera: Shop A                                  	37	33
09:41:24  Zone: Zone1                    	42	41	1
09:41:24  Zone: Zone2                    	37	33	4
09:42:16  Camera: Shop A                                  	50	37
09:42:16  Zone: Zone1                    	46	54	-8
09:42:16  Zone: Zone2                    	50	37	13
09:43:18  Camera: Shop A                                  	54	39
09:43:26  Zone: Zone1                    	48	58	-10
09:43:26  Zone: Zone2                    	54	39	15
09:44:21  Camera: Shop A                                  	57	39
09:44:21  Zone: Zone2                    	57	39	18
09:44:36  Zone: Zone1                    	48	61	-13
09:45:13  Service running OK
09:45:22  Camera: Shop A                                  	57	41
09:45:28  Zone: Zone1                    	50	61	-11
09:45:28  Zone: Zone2                    	57	41	16
09:46:24  Camera: Shop A                                  	65	44
09:46:38  Zone: Zone1                    	53	69	-16
09:46:38  Zone: Zone2                    	65	44	21
09:47:25  Camera: Shop A                                  	69	47
09:47:30  Zone: Zone1                    	56	73	-17
09:47:30  Zone: Zone2                    	69	47	22
09:48:27  Camera: Shop A                                  	71	50
09:48:40  Zone: Zone1                    	59	75	-16
09:48:40  Zone: Zone2                    	71	50	21
09:49:28  Camera: Shop A                                  	71	51
09:49:32  Zone: Zone1                    	60	75	-15
09:49:32  Zone: Zone2                    	71	51	20
09:50:30  Camera: Shop A                                  	75	57
09:50:42  Zone: Zone1                    	66	79	-13
09:50:42  Zone: Zone2                    	75	57	18
09:51:32  Camera: Shop A                                  	75	59
09:51:34  Zone: Zone1                    	68	79	-11
09:51:34  Zone: Zone2                    	75	59	16
09:52:33  Camera: Shop A                                  	79	65
09:52:47  Zone: Zone1                    	74	83	-9
09:52:47  Zone: Zone2                    	79	65	14
09:53:35  Camera: Shop A                                  	86	67
09:53:39  Zone: Zone1                    	76	90	-14
09:53:39  Zone: Zone2                    	86	67	19
09:54:36  Camera: Shop A                                  	88	67
09:54:36  Zone: Zone1                    	76	92	-16
09:54:36  Zone: Zone2                    	88	67	21
09:55:37  Camera: Shop A                                  	92	67
09:55:47  Zone: Zone1                    	76	96	-20
09:55:47  Zone: Zone2                    	92	67	25
09:56:39  Camera: Shop A                                  	95	67
09:56:39  Zone: Zone1                    	76	99	-23
09:56:39  Zone: Zone2                    	95	67	28
09:57:41  Camera: Shop A                                  	95	69
09:58:02  Zone: Zone1                    	78	99	-21
09:58:02  Zone: Zone2                    	95	69	26
09:58:43  Camera: Shop A                                  	100	73
09:58:48  Zone: Zone1                    	82	104	-22
09:58:48  Zone: Zone2                    	100	73	27
09:59:44  Camera: Shop A                                  	106	77
09:59:51  Zone: Zone1                    	86	110	-24
09:59:51  Zone: Zone2                    	106	77	29
10:00:10  Logging to daily summary: "10:00 86 110 -9 106 77 14"
10:00:10  Service running OK
10:00:45  Camera: Shop A                                  	111	81
10:00:45  Zone: Zone1                    	90	115	-25
10:00:45  Zone: Zone2                    	111	81	30
10:01:47  Camera: Shop A                                  	115	81
10:01:59  Zone: Zone1                    	90	119	-29
10:01:59  Zone: Zone2                    	115	81	34
10:02:48  Camera: Shop A                                  	119	81
10:02:56  Zone: Zone1                    	90	123	-33
10:02:56  Zone: Zone2                    	119	81	38
10:05:53  Camera: Shop A                                  	119	83
10:05:54  Zone: Zone1                    	92	123	-31
10:05:54  Zone: Zone2                    	119	83	36
10:07:56  Camera: Shop A                                  	121	83
10:07:58  Zone: Zone1                    	92	125	-33
10:07:58  Zone: Zone2                    	121	83	38
10:08:57  Camera: Shop A                                  	121	86
10:09:08  Zone: Zone1                    	95	125	-30
10:09:08  Zone: Zone2                    	121	86	35
10:11:00  Camera: Shop A                                  	124	92
10:11:12  Zone: Zone1                    	101	128	-27
10:11:12  Zone: Zone2                    	124	92	32
10:14:05  Camera: Shop A                                  	128	93
10:14:10  Zone: Zone1                    	102	132	-30
10:14:10  Zone: Zone2                    	128	93	35
10:15:05  Service running OK
10:15:07  Camera: Shop A                                  	128	94
10:15:20  Zone: Zone1                    	103	132	-29
10:15:20  Zone: Zone2                    	128	94	34
10:16:08  Camera: Shop A                                  	129	99
10:16:12  Zone: Zone1                    	108	133	-25
10:16:12  Zone: Zone2                    	129	99	30
10:17:09  Camera: Shop A                                  	131	104
10:17:22  Zone: Zone1                    	113	135	-22
10:17:22  Zone: Zone2                    	131	104	27
10:18:11  Camera: Shop A                                  	131	107
10:18:14  Zone: Zone1                    	116	135	-19
10:18:14  Zone: Zone2                    	131	107	24
10:19:13  Camera: Shop A                                  	139	107
10:19:24  Zone: Zone1                    	116	143	-27
10:19:24  Zone: Zone2                    	139	107	32
10:20:15  Camera: Shop A                                  	140	107
10:20:16  Zone: Zone1                    	116	144	-28
10:20:16  Zone: Zone2                    	140	107	33
10:21:16  Camera: Shop A                                  	144	109
10:21:26  Zone: Zone1                    	118	148	-30
10:21:26  Zone: Zone2                    	144	109	35
10:22:18  Camera: Shop A                                  	144	110
10:22:18  Zone: Zone1                    	119	148	-29
10:22:18  Zone: Zone2                    	144	110	34
10:23:20  Camera: Shop A                                  	148	120
10:23:28  Zone: Zone1                    	129	152	-23
10:23:28  Zone: Zone2                    	148	120	28
10:24:21  Camera: Shop A                                  	148	124
10:24:21  Zone: Zone1                    	133	152	-19
10:24:21  Zone: Zone2                    	148	124	24
10:25:22  Camera: Shop A                                  	152	125
10:25:31  Zone: Zone1                    	134	156	-22
10:25:31  Zone: Zone2                    	152	125	27
10:26:24  Camera: Shop A                                  	156	126
10:26:24  Zone: Zone1                    	135	160	-25
10:26:24  Zone: Zone2                    	156	126	30
10:27:26  Camera: Shop A                                  	156	129
10:27:34  Zone: Zone1                    	138	160	-22
10:27:34  Zone: Zone2                    	156	129	27
10:29:29  Camera: Shop A                                  	156	132
10:29:38  Zone: Zone1                    	141	160	-19
10:29:38  Zone: Zone2                    	156	132	24
10:30:15  Logging to daily summary: "10:30 55 50 -26 50 55 31"
10:30:15  Service running OK
10:30:30  Camera: Shop A                                  	159	137
10:30:30  Zone: Zone1                    	146	163	-17
10:30:30  Zone: Zone2                    	159	137	22
10:32:33  Camera: Shop A                                  	160	139
10:32:34  Zone: Zone1                    	148	164	-16
10:32:34  Zone: Zone2                    	160	139	21
10:33:34  Camera: Shop A                                  	169	142
10:33:44  Zone: Zone1                    	151	173	-22
10:33:44  Zone: Zone2                    	169	142	27
10:34:37  Camera: Shop A                                  	170	144
10:34:37  Zone: Zone1                    	153	174	-21
10:34:37  Zone: Zone2                    	170	144	26
10:35:38  Camera: Shop A                                  	177	145
10:35:46  Zone: Zone1                    	154	181	-27
10:35:46  Zone: Zone2                    	177	145	32
10:36:39  Camera: Shop A                                  	181	148
10:36:40  Zone: Zone1                    	157	185	-28
10:36:40  Zone: Zone2                    	181	148	33
10:37:41  Camera: Shop A                                  	189	161
10:37:49  Zone: Zone1                    	170	193	-23
10:37:49  Zone: Zone2                    	189	161	28
10:38:42  Camera: Shop A                                  	197	178
10:38:42  Zone: Zone1                    	187	201	-14
10:38:42  Zone: Zone2                    	197	178	19
10:39:44  Camera: Shop A                                  	201	183
10:39:52  Zone: Zone1                    	192	205	-13
10:39:52  Zone: Zone2                    	201	183	18
10:40:46  Camera: Shop A                                  	214	185
10:40:46  Zone: Zone1                    	194	218	-24
10:40:46  Zone: Zone2                    	214	185	29
10:41:47  Camera: Shop A                                  	217	192
10:41:56  Zone: Zone1                    	201	221	-20
10:41:56  Zone: Zone2                    	217	192	25
10:42:49  Camera: Shop A                                  	218	193
10:42:49  Zone: Zone1                    	202	222	-20
10:42:49  Zone: Zone2                    	218	193	25
10:43:50  Camera: Shop A                                  	221	200
10:43:58  Zone: Zone1                    	209	225	-16
10:43:58  Zone: Zone2                    	221	200	21
10:44:52  Camera: Shop A                                  	226	203
10:44:52  Zone: Zone1                    	212	230	-18
10:44:52  Zone: Zone2                    	226	203	23
10:45:11  Service running OK
10:45:54  Camera: Shop A                                  	233	219
10:46:02  Zone: Zone1                    	228	237	-9
10:46:02  Zone: Zone2                    	233	219	14
10:46:55  Camera: Shop A                                  	241	222
10:46:56  Zone: Zone1                    	231	245	-14
10:46:56  Zone: Zone2                    	241	222	19
10:47:57  Camera: Shop A                                  	247	232
10:48:05  Zone: Zone1                    	241	251	-10
10:48:05  Zone: Zone2                    	247	232	15
10:48:58  Camera: Shop A                                  	252	241
10:48:58  Zone: Zone1                    	250	256	-6
10:48:58  Zone: Zone2                    	252	241	11
10:49:59  Camera: Shop A                                  	259	252
10:50:08  Zone: Zone1                    	261	263	-2
10:50:08  Zone: Zone2                    	259	252	7
10:51:01  Camera: Shop A                                  	262	252
10:51:01  Zone: Zone1                    	261	266	-5
10:51:01  Zone: Zone2                    	262	252	10
10:52:02  Camera: Shop A                                  	265	256
10:52:10  Zone: Zone1                    	265	269	-4
10:52:10  Zone: Zone2                    	265	256	9
10:53:03  Camera: Shop A                                  	271	258
10:53:03  Zone: Zone1                    	267	275	-8
10:53:03  Zone: Zone2                    	271	258	13
10:54:04  Camera: Shop A                                  	275	260
10:54:12  Zone: Zone1                    	269	279	-10
10:54:12  Zone: Zone2                    	275	260	15
10:55:05  Camera: Shop A                                  	281	264
10:55:05  Zone: Zone1                    	273	285	-12
10:55:05  Zone: Zone2                    	281	264	17
10:56:06  Camera: Shop A                                  	288	264
10:56:14  Zone: Zone1                    	273	292	-19
10:56:14  Zone: Zone2                    	288	264	24
10:57:07  Camera: Shop A                                  	290	274
10:57:07  Zone: Zone1                    	283	294	-11
10:57:07  Zone: Zone2                    	290	274	16
10:58:08  Camera: Shop A                                  	292	280
10:58:17  Zone: Zone1                    	289	296	-7
10:58:17  Zone: Zone2                    	292	280	12
10:59:09  Camera: Shop A                                  	292	281
10:59:09  Zone: Zone1                    	290	296	-6
10:59:09  Zone: Zone2                    	292	281	11
11:00:04  Logging to daily summary: "11:00 149 136 -14 136 149 19"
11:00:04  Service running OK
11:00:10  Camera: Shop A                                  	292	285
11:00:16  Camera: Level 2 Lift                            	0	2
11:00:19  Zone: Zone1                    	294	298	-4
11:00:19  Zone: Zone2                    	292	285	7
11:01:11  Camera: Shop A                                  	295	291
11:01:11  Zone: Zone1                    	300	301	-1
11:01:11  Zone: Zone2                    	295	291	4
11:01:18  Camera: Level 2 Lift                            	2	2
11:01:27  Zone: Zone1                    	302	301	1
11:01:30  Camera: Level 1 Science Centre Entry 2          	0	3
11:01:43  Zone: Zone1                    	302	304	-2
11:02:12  Camera: Shop A                                  	297	297
11:02:16  Zone: Zone1                    	308	306	2
11:02:16  Zone: Zone2                    	297	297	0
11:03:13  Camera: Shop A                                  	306	307
11:03:26  Zone: Zone1                    	318	315	3
11:03:26  Zone: Zone2                    	306	307	-1
11:04:14  Camera: Shop A                                  	311	311
11:04:18  Zone: Zone1                    	322	320	2
11:04:18  Zone: Zone2                    	311	311	0
11:05:16  Camera: Shop A                                  	314	313
11:05:28  Zone: Zone1                    	324	323	1
11:05:28  Zone: Zone2                    	314	313	1
11:06:17  Camera: Shop A                                  	321	319
11:06:25  Zone: Zone1                    	330	330	0
11:06:25  Zone: Zone2                    	321	319	2
11:07:18  Camera: Shop A                                  	323	322
11:07:18  Zone: Zone1                    	333	332	1
11:07:18  Zone: Zone2                    	323	322	1
11:08:19  Camera: Shop A                                  	324	325
11:08:27  Zone: Zone1                    	336	333	3
11:08:27  Zone: Zone2                    	324	325	-1
11:09:20  Camera: Shop A                                  	328	327
11:09:20  Zone: Zone1                    	338	337	1
11:09:20  Zone: Zone2                    	328	327	1
11:10:21  Camera: Shop A                                  	330	328
11:10:30  Zone: Zone1                    	339	339	0
11:10:30  Zone: Zone2                    	330	328	2
11:11:22  Camera: Shop A                                  	337	333
11:11:22  Zone: Zone1                    	344	346	-2
11:11:22  Zone: Zone2                    	337	333	4
11:12:23  Camera: Shop A                                  	340	345
11:12:32  Zone: Zone1                    	356	349	7
11:12:32  Zone: Zone2                    	340	345	-5
11:13:24  Camera: Shop A                                  	342	350
11:13:24  Zone: Zone1                    	361	351	10
11:13:24  Zone: Zone2                    	342	350	-8
11:14:25  Camera: Shop A                                  	349	352
11:14:34  Zone: Zone1                    	363	358	5
11:14:34  Zone: Zone2                    	349	352	-3
11:15:11  Service running OK
11:15:26  Camera: Shop A                                  	351	356
11:15:27  Zone: Zone1                    	367	360	7
11:15:28  Zone: Zone2                    	351	356	-5
11:16:27  Camera: Shop A                                  	359	360
11:16:37  Zone: Zone1                    	371	368	3
11:16:37  Zone: Zone2                    	359	360	-1
11:17:29  Camera: Shop A                                  	367	370
11:17:32  Zone: Zone1                    	381	376	5
11:17:32  Zone: Zone2                    	367	370	-3
11:18:30  Camera: Shop A                                  	373	378
11:18:44  Zone: Zone1                    	389	382	7
11:18:44  Zone: Zone2                    	373	378	-5
11:19:31  Camera: Shop A                                  	374	390
11:19:36  Zone: Zone1                    	401	383	18
11:19:36  Zone: Zone2                    	374	390	-16
11:20:32  Camera: Shop A                                  	379	391
11:20:46  Zone: Zone1                    	402	388	14
11:20:46  Zone: Zone2                    	379	391	-12
11:20:51  Camera: Level 1 Science Centre Entry 2          	0	7
11:21:02  Zone: Zone1                    	402	392	10
11:21:33  Camera: Shop A                                  	383	393
11:21:36  Zone: Zone1                    	404	396	8
11:21:36  Zone: Zone2                    	383	393	-10
11:22:34  Camera: Shop A                                  	388	405
11:22:46  Zone: Zone1                    	416	401	15
11:22:46  Zone: Zone2                    	388	405	-17
11:23:35  Camera: Shop A                                  	389	409
11:23:38  Zone: Zone1                    	420	402	18
11:23:38  Zone: Zone2                    	389	409	-20
11:24:36  Camera: Shop A                                  	389	411
11:24:50  Zone: Zone1                    	422	402	20
11:24:50  Zone: Zone2                    	389	411	-22
11:25:37  Camera: Shop A                                  	391	411
11:25:42  Zone: Zone1                    	422	404	18
11:25:42  Zone: Zone2                    	391	411	-20
11:26:38  Camera: Shop A                                  	398	411
11:26:52  Zone: Zone1                    	422	411	11
11:26:52  Zone: Zone2                    	398	411	-13
11:27:39  Camera: Shop A                                  	410	415
11:27:44  Zone: Zone1                    	426	423	3
11:27:44  Zone: Zone2                    	410	415	-5
11:28:40  Camera: Shop A                                  	417	418
11:28:54  Zone: Zone1                    	429	430	-1
11:28:54  Zone: Zone2                    	417	418	-1
11:29:42  Camera: Shop A                                  	419	427
11:29:46  Zone: Zone1                    	438	432	6
11:29:46  Zone: Zone2                    	419	427	-8
11:30:05  Logging to daily summary: "11:30 148 136 5 127 146 -5"
11:30:05  Service running OK
11:30:43  Camera: Shop A                                  	431	430
11:30:56  Zone: Zone1                    	441	444	-3
11:30:56  Zone: Zone2                    	431	430	1
11:31:44  Camera: Shop A                                  	438	434
11:31:48  Zone: Zone1                    	445	451	-6
11:31:48  Zone: Zone2                    	438	434	4
11:32:45  Camera: Shop A                                  	444	440
11:32:58  Zone: Zone1                    	451	457	-6
11:32:58  Zone: Zone2                    	444	440	4
11:33:46  Camera: Shop A                                  	445	455
11:33:50  Zone: Zone1                    	466	458	8
11:33:50  Zone: Zone2                    	445	455	-10
11:34:47  Camera: Shop A                                  	450	459
11:35:00  Zone: Zone1                    	470	463	7
11:35:00  Zone: Zone2                    	450	459	-9
11:35:48  Camera: Shop A                                  	457	464
11:35:52  Zone: Zone1                    	475	470	5
11:35:52  Zone: Zone2                    	457	464	-7
11:36:49  Camera: Shop A                                  	464	468
11:37:02  Zone: Zone1                    	479	477	2
11:37:02  Zone: Zone2                    	464	468	-4
11:37:50  Camera: Shop A                                  	467	471
11:37:54  Zone: Zone1                    	482	480	2
11:37:54  Zone: Zone2                    	467	471	-4
11:38:19  Camera: Level 2 Lift                            	2	4
11:38:28  Zone: Zone1                    	482	482	0
11:38:51  Camera: Shop A                                  	476	475
11:39:02  Zone: Zone1                    	486	491	-5
11:39:02  Zone: Zone2                    	476	475	1
11:39:52  Camera: Shop A                                  	478	475
11:39:54  Zone: Zone1                    	486	493	-7
11:39:54  Zone: Zone2                    	478	475	3
11:40:53  Camera: Shop A                                  	481	476
11:41:04  Zone: Zone1                    	487	496	-9
11:41:04  Zone: Zone2                    	481	476	5
11:41:54  Camera: Shop A                                  	484	479
11:41:56  Zone: Zone1                    	490	499	-9
11:41:56  Zone: Zone2                    	484	479	5
11:42:56  Camera: Shop A                                  	487	483
11:43:06  Zone: Zone1                    	494	502	-8
11:43:06  Zone: Zone2                    	487	483	4
11:43:57  Camera: Shop A                                  	491	494
11:43:58  Zone: Zone1                    	505	506	-1
11:43:58  Zone: Zone2                    	491	494	-3
11:44:58  Camera: Shop A                                  	501	502
11:45:08  Zone: Zone1                    	513	516	-3
11:45:08  Zone: Zone2                    	501	502	-1
11:45:08  Service running OK
11:45:59  Camera: Shop A                                  	507	511
11:46:01  Zone: Zone1                    	522	522	0
11:46:01  Zone: Zone2                    	507	511	-4
11:47:00  Camera: Shop A                                  	512	515
11:47:10  Zone: Zone1                    	526	527	-1
11:47:10  Zone: Zone2                    	512	515	-3
11:48:01  Camera: Shop A                                  	519	525
11:48:02  Zone: Zone1                    	536	534	2
11:48:02  Zone: Zone2                    	519	525	-6
11:49:02  Camera: Shop A                                  	522	526
11:49:12  Zone: Zone1                    	537	537	0
11:49:12  Zone: Zone2                    	522	526	-4
11:50:03  Camera: Shop A                                  	534	537
11:50:04  Zone: Zone1                    	548	549	-1
11:50:04  Zone: Zone2                    	534	537	-3
11:51:04  Camera: Shop A                                  	547	541
11:51:14  Zone: Zone1                    	552	562	-10
11:51:14  Zone: Zone2                    	547	541	6
11:52:05  Camera: Shop A                                  	552	548
11:52:06  Zone: Zone1                    	559	567	-8
11:52:06  Zone: Zone2                    	552	548	4
11:53:06  Camera: Shop A                                  	558	553
11:53:16  Zone: Zone1                    	564	573	-9
11:53:16  Zone: Zone2                    	558	553	5
11:54:07  Camera: Shop A                                  	574	556
11:54:08  Zone: Zone1                    	567	589	-22
11:54:08  Zone: Zone2                    	574	556	18
11:55:08  Camera: Shop A                                  	580	561
11:55:18  Zone: Zone1                    	572	595	-23
11:55:18  Zone: Zone2                    	580	561	19
11:56:10  Camera: Shop A                                  	587	572
11:56:10  Zone: Zone1                    	583	602	-19
11:56:10  Zone: Zone2                    	587	572	15
11:57:11  Camera: Shop A                                  	590	575
11:57:24  Zone: Zone1                    	586	605	-19
11:57:24  Zone: Zone2                    	590	575	15
11:58:12  Camera: Shop A                                  	590	578
11:58:19  Zone: Zone1                    	589	605	-16
11:58:19  Zone: Zone2                    	590	578	12
11:59:13  Camera: Shop A                                  	592	591
11:59:15  Zone: Zone1                    	602	607	-5
11:59:15  Zone: Zone2                    	592	591	1
12:00:10  Logging to daily summary: "12:00 164 175 -5 173 164 2"
12:00:10  Service running OK
12:00:14  Camera: Shop A                                  	594	600
12:00:25  Zone: Zone1                    	611	609	2
12:00:25  Zone: Zone2                    	594	600	-6
12:01:15  Camera: Shop A                                  	602	609
12:01:17  Zone: Zone1                    	620	617	3
12:01:17  Zone: Zone2                    	602	609	-7
12:02:16  Camera: Shop A                                  	606	611
12:02:31  Zone: Zone1                    	622	621	1
12:02:32  Zone: Zone2                    	606	611	-5
12:03:17  Camera: Shop A                                  	607	618
12:03:23  Zone: Zone1                    	629	622	7
12:03:23  Zone: Zone2                    	607	618	-11
12:04:18  Camera: Shop A                                  	618	623
12:04:18  Zone: Zone1                    	634	633	1
12:04:18  Zone: Zone2                    	618	623	-5
12:05:19  Camera: Shop A                                  	626	628
12:05:30  Zone: Zone1                    	639	641	-2
12:05:30  Zone: Zone2                    	626	628	-2
12:06:20  Camera: Shop A                                  	643	635
12:06:22  Zone: Zone1                    	646	658	-12
12:06:22  Zone: Zone2                    	643	635	8
12:07:21  Camera: Shop A                                  	652	637
12:07:32  Zone: Zone1                    	648	667	-19
12:07:32  Zone: Zone2                    	652	637	15
12:08:23  Camera: Shop A                                  	654	640
12:08:24  Zone: Zone1                    	651	669	-18
12:08:24  Zone: Zone2                    	654	640	14
12:09:24  Camera: Shop A                                  	654	641
12:09:34  Zone: Zone1                    	652	669	-17
12:09:34  Zone: Zone2                    	654	641	13
12:10:25  Camera: Shop A                                  	661	648
12:10:26  Zone: Zone1                    	659	676	-17
12:10:26  Zone: Zone2                    	661	648	13
12:11:26  Camera: Shop A                                  	662	650
12:11:36  Zone: Zone1                    	661	677	-16
12:11:36  Zone: Zone2                    	662	650	12
12:12:27  Camera: Shop A                                  	666	656
12:12:28  Zone: Zone1                    	667	681	-14
12:12:28  Zone: Zone2                    	666	656	10
12:13:28  Camera: Shop A                                  	668	658
12:13:38  Zone: Zone1                    	669	683	-14
12:13:38  Zone: Zone2                    	668	658	10
12:14:29  Camera: Shop A                                  	672	659
12:14:30  Zone: Zone1                    	670	687	-17
12:14:30  Zone: Zone2                    	672	659	13
12:15:07  Service running OK
12:15:30  Camera: Shop A                                  	672	663
12:15:40  Zone: Zone1                    	674	687	-13
12:15:40  Zone: Zone2                    	672	663	9
12:17:32  Camera: Shop A                                  	673	664
12:17:44  Zone: Zone1                    	675	688	-13
12:17:44  Zone: Zone2                    	673	664	9
12:21:37  Camera: Shop A                                  	677	664
12:21:37  Zone: Zone1                    	675	692	-17
12:21:37  Zone: Zone2                    	677	664	13
12:22:38  Camera: Shop A                                  	679	664
12:22:46  Zone: Zone1                    	675	694	-19
12:22:46  Zone: Zone2                    	679	664	15
12:25:41  Camera: Shop A                                  	682	667
12:25:44  Zone: Zone1                    	678	697	-19
12:25:44  Zone: Zone2                    	682	667	15
12:26:42  Camera: Shop A                                  	683	670
12:26:54  Zone: Zone1                    	681	698	-17
12:26:54  Zone: Zone2                    	683	670	13
12:27:43  Camera: Shop A                                  	684	670
12:27:46  Zone: Zone1                    	681	699	-18
12:27:46  Zone: Zone2                    	684	670	14
12:28:44  Camera: Shop A                                  	684	674
12:28:56  Zone: Zone1                    	685	699	-14
12:28:56  Zone: Zone2                    	684	674	10
12:29:45  Camera: Shop A                                  	687	675
12:29:48  Zone: Zone1                    	686	702	-16
12:29:48  Zone: Zone2                    	687	675	12
12:30:07  Logging to daily summary: "12:30 84 95 -12 95 84 8"
12:30:07  Service running OK
12:30:47  Camera: Shop A                                  	688	677
12:30:58  Zone: Zone1                    	688	703	-15
12:30:58  Zone: Zone2                    	688	677	11
12:31:48  Camera: Shop A                                  	689	679
12:31:50  Zone: Zone1                    	690	704	-14
12:31:50  Zone: Zone2                    	689	679	10
12:32:50  Camera: Shop A                                  	689	680
12:33:00  Zone: Zone1                    	691	704	-13
12:33:00  Zone: Zone2                    	689	680	9
12:33:52  Camera: Shop A                                  	692	682
12:33:52  Zone: Zone1                    	693	707	-14
12:33:52  Zone: Zone2                    	692	682	10
12:34:53  Camera: Shop A                                  	695	692
12:35:02  Zone: Zone1                    	703	710	-7
12:35:02  Zone: Zone2                    	695	692	3
12:36:56  Camera: Shop A                                  	696	694
12:37:06  Zone: Zone1                    	705	711	-6
12:37:06  Zone: Zone2                    	696	694	2
12:37:57  Camera: Shop A                                  	698	694
12:37:58  Zone: Zone1                    	705	713	-8
12:37:58  Zone: Zone2                    	698	694	4
12:38:59  Camera: Shop A                                  	698	695
12:39:08  Zone: Zone1                    	706	713	-7
12:39:08  Zone: Zone2                    	698	695	3
12:40:01  Camera: Shop A                                  	705	697
12:40:01  Zone: Zone1                    	708	720	-12
12:40:01  Zone: Zone2                    	705	697	8
12:41:03  Camera: Shop A                                  	706	697
12:41:11  Zone: Zone1                    	708	721	-13
12:41:11  Zone: Zone2                    	706	697	9
12:42:04  Camera: Shop A                                  	708	701
12:42:04  Zone: Zone1                    	712	723	-11
12:42:04  Zone: Zone2                    	708	701	7
12:43:05  Camera: Shop A                                  	708	708
12:43:14  Zone: Zone1                    	719	723	-4
12:43:14  Zone: Zone2                    	708	708	0
12:44:06  Camera: Shop A                                  	714	713
12:44:07  Zone: Zone1                    	724	729	-5
12:44:07  Zone: Zone2                    	714	713	1
12:45:01  Service running OK
12:45:08  Camera: Shop A                                  	718	715
12:45:16  Zone: Zone1                    	726	733	-7
12:45:16  Zone: Zone2                    	718	715	3
12:46:11  Camera: Shop A                                  	719	715
12:46:26  Zone: Zone1                    	726	734	-8
12:46:26  Zone: Zone2                    	719	715	4
12:48:13  Camera: Shop A                                  	721	719
12:48:13  Zone: Zone1                    	730	736	-6
12:48:13  Zone: Zone2                    	721	719	2
12:49:15  Camera: Shop A                                  	725	725
12:49:23  Zone: Zone1                    	736	740	-4
12:49:23  Zone: Zone2                    	725	725	0
12:50:17  Camera: Shop A                                  	726	726
12:50:17  Zone: Zone1                    	737	741	-4
12:50:17  Zone: Zone2                    	726	726	0
12:51:19  Camera: Shop A                                  	726	728
12:51:27  Zone: Zone1                    	739	741	-2
12:51:27  Zone: Zone2                    	726	728	-2
12:52:20  Camera: Shop A                                  	728	728
12:52:20  Zone: Zone1                    	739	743	-4
12:52:20  Zone: Zone2                    	728	728	0
12:53:21  Camera: Shop A                                  	732	732
12:53:30  Zone: Zone1                    	743	747	-4
12:53:30  Zone: Zone2                    	732	732	0
13:00:07  Logging to daily summary: "13:00 57 45 -7 45 57 3"
13:00:07  Service running OK
13:00:32  Camera: Shop A                                  	735	732
13:00:40  Zone: Zone1                    	743	750	-7
13:00:40  Zone: Zone2                    	735	732	3
13:04:39  Camera: Shop A                                  	735	733
13:04:50  Zone: Zone1                    	744	750	-6
13:04:50  Zone: Zone2                    	735	733	2
13:15:03  Service running OK
13:30:04  Logging to daily summary: "13:30 1 3 -6 3 1 2"
13:30:04  Service running OK
13:37:29  Camera: Shop A                                  	737	733
13:37:31  Zone: Zone1                    	744	752	-8
13:37:31  Zone: Zone2                    	737	733	4
13:45:02  Service running OK
14:00:02  Logging to daily summary: "14:00 0 2 -7 2 0 3"
14:00:02  Service running OK
14:01:07  Camera: Shop A                                  	737	735
14:01:11  Zone: Zone1                    	746	752	-6
14:01:11  Zone: Zone2                    	737	735	2
14:02:08  Camera: Shop A                                  	737	742
14:02:21  Zone: Zone1                    	753	752	1
14:02:21  Zone: Zone2                    	737	742	-5
14:03:10  Camera: Shop A                                  	739	743
14:03:13  Zone: Zone1                    	754	754	0
14:03:13  Zone: Zone2                    	739	743	-4
14:04:13  Camera: Shop A                                  	741	743
14:04:24  Zone: Zone1                    	754	756	-2
14:04:24  Zone: Zone2                    	741	743	-2
14:05:14  Camera: Shop A                                  	746	751
14:05:17  Zone: Zone1                    	762	761	1
14:05:17  Zone: Zone2                    	746	751	-5
14:07:17  Camera: Shop A                                  	748	753
14:07:25  Zone: Zone1                    	764	763	1
14:07:25  Zone: Zone2                    	748	753	-5
14:08:19  Camera: Shop A                                  	751	753
14:08:19  Zone: Zone1                    	764	766	-2
14:08:19  Zone: Zone2                    	751	753	-2
14:09:20  Camera: Shop A                                  	751	756
14:09:28  Zone: Zone1                    	767	766	1
14:09:28  Zone: Zone2                    	751	756	-5
14:10:22  Camera: Shop A                                  	751	757
14:10:22  Zone: Zone1                    	768	766	2
14:10:22  Zone: Zone2                    	751	757	-6
14:11:24  Camera: Shop A                                  	752	757
14:11:32  Zone: Zone1                    	768	767	1
14:11:32  Zone: Zone2                    	752	757	-5
14:12:25  Camera: Shop A                                  	755	757
14:12:25  Zone: Zone1                    	768	770	-2
14:12:25  Zone: Zone2                    	755	757	-2
14:13:27  Camera: Shop A                                  	758	764
14:13:35  Zone: Zone1                    	775	773	2
14:13:35  Zone: Zone2                    	758	764	-6
14:14:28  Camera: Shop A                                  	763	768
14:14:28  Zone: Zone1                    	779	778	1
14:14:28  Zone: Zone2                    	763	768	-5
14:15:06  Service running OK
14:15:29  Camera: Shop A                                  	765	770
14:15:39  Zone: Zone1                    	781	780	1
14:15:39  Zone: Zone2                    	765	770	-5
14:16:31  Camera: Shop A                                  	766	777
14:16:31  Zone: Zone1                    	788	781	7
14:16:31  Zone: Zone2                    	766	777	-11
14:17:33  Camera: Shop A                                  	766	778
14:17:41  Zone: Zone1                    	789	781	8
14:17:41  Zone: Zone2                    	766	778	-12
14:18:35  Camera: Shop A                                  	769	778
14:18:35  Zone: Zone1                    	789	784	5
14:18:35  Zone: Zone2                    	769	778	-9
14:20:38  Camera: Shop A                                  	776	778
14:20:38  Zone: Zone1                    	789	791	-2
14:20:38  Zone: Zone2                    	776	778	-2
14:21:39  Camera: Shop A                                  	782	784
14:21:48  Zone: Zone1                    	795	797	-2
14:21:48  Zone: Zone2                    	782	784	-2
14:22:41  Camera: Shop A                                  	789	784
14:22:41  Zone: Zone1                    	795	804	-9
14:22:41  Zone: Zone2                    	789	784	5
14:24:43  Camera: Shop A                                  	789	790
14:24:45  Zone: Zone1                    	801	804	-3
14:24:45  Zone: Zone2                    	789	790	-1
14:25:45  Camera: Shop A                                  	790	794
14:25:55  Zone: Zone1                    	805	805	0
14:25:55  Zone: Zone2                    	790	794	-4
14:26:46  Camera: Shop A                                  	796	794
14:26:47  Zone: Zone1                    	805	811	-6
14:26:47  Zone: Zone2                    	796	794	2
14:27:47  Camera: Shop A                                  	798	794
14:27:57  Zone: Zone1                    	805	813	-8
14:27:57  Zone: Zone2                    	798	794	4
14:28:48  Camera: Shop A                                  	801	796
14:28:49  Zone: Zone1                    	807	816	-9
14:28:49  Zone: Zone2                    	801	796	5
14:29:49  Camera: Shop A                                  	802	796
14:30:00  Zone: Zone1                    	807	817	-10
14:30:00  Zone: Zone2                    	802	796	6
14:30:00  Logging to daily summary: "14:30 63 65 -1 65 63 -2"
14:30:00  Service running OK
14:30:50  Camera: Shop A                                  	802	797
14:30:52  Zone: Zone1                    	808	817	-9
14:30:52  Zone: Zone2                    	802	797	5
14:31:51  Camera: Shop A                                  	804	800
14:32:02  Zone: Zone1                    	811	819	-8
14:32:02  Zone: Zone2                    	804	800	4
14:32:52  Camera: Shop A                                  	806	801
14:32:54  Zone: Zone1                    	812	821	-9
14:32:54  Zone: Zone2                    	806	801	5
14:33:53  Camera: Shop A                                  	808	801
14:34:04  Zone: Zone1                    	812	823	-11
14:34:04  Zone: Zone2                    	808	801	7
14:36:56  Camera: Shop A                                  	808	802
14:37:02  Zone: Zone1                    	813	823	-10
14:37:02  Zone: Zone2                    	808	802	6
14:45:05  Camera: Shop A                                  	809	804
14:45:06  Zone: Zone1                    	815	824	-9
14:45:06  Zone: Zone2                    	809	804	5
14:45:06  Service running OK
14:45:51  Camera: Level 1 Science Centre Entry 1          	2	1
14:45:58  Zone: Zone1                    	817	825	-8
14:46:18  Camera: Level 1 Science Centre Entry 2          	1	10
14:46:32  Zone: Zone1                    	818	828	-10
14:47:20  Camera: Level 2 Main Entry                      	9	5
14:47:24  Zone: Zone1                    	818	829	-11
14:48:08  Camera: Shop A                                  	809	806
14:48:16  Zone: Zone1                    	820	829	-9
14:48:16  Zone: Zone2                    	809	806	3
14:48:21  Camera: Level 2 Main Entry                      	10	5
14:48:32  Zone: Zone1                    	821	829	-8
14:49:09  Camera: Shop A                                  	809	807
14:49:24  Zone: Zone1                    	822	829	-7
14:49:24  Zone: Zone2                    	809	807	2
14:50:10  Camera: Shop A                                  	810	807
14:50:16  Zone: Zone1                    	822	830	-8
14:50:16  Zone: Zone2                    	810	807	3
14:52:13  Camera: Shop A                                  	810	808
14:52:20  Zone: Zone1                    	823	830	-7
14:52:20  Zone: Zone2                    	810	808	2
14:53:14  Camera: Shop A                                  	811	809
14:53:14  Zone: Zone1                    	824	831	-7
14:53:14  Zone: Zone2                    	811	809	2
14:54:15  Camera: Shop A                                  	820	809
14:54:23  Zone: Zone1                    	824	840	-16
14:54:23  Zone: Zone2                    	820	809	11
14:56:17  Camera: Shop A                                  	820	814
14:56:27  Zone: Zone1                    	829	840	-11
14:56:27  Zone: Zone2                    	820	814	6
14:57:18  Camera: Shop A                                  	822	815
14:57:19  Zone: Zone1                    	830	842	-12
14:57:19  Zone: Zone2                    	822	815	7
14:58:19  Camera: Shop A                                  	824	817
14:58:29  Zone: Zone1                    	832	844	-12
14:58:29  Zone: Zone2                    	824	817	7
15:00:00  Logging to daily summary: "15:00 25 27 -10 22 21 5"
15:00:00  Service running OK
15:00:21  Camera: Shop A                                  	826	819
15:00:33  Zone: Zone1                    	834	846	-12
15:00:33  Zone: Zone2                    	826	819	7
15:03:25  Camera: Shop A                                  	830	819
15:03:31  Zone: Zone1                    	834	850	-16
15:03:31  Zone: Zone2                    	830	819	11
15:07:29  Camera: Shop A                                  	833	822
15:07:41  Zone: Zone1                    	837	853	-16
15:07:41  Zone: Zone2                    	833	822	11
15:08:30  Camera: Shop A                                  	833	826
15:08:33  Zone: Zone1                    	841	853	-12
15:08:33  Zone: Zone2                    	833	826	7
15:09:31  Camera: Shop A                                  	836	826
15:09:43  Zone: Zone1                    	841	856	-15
15:09:43  Zone: Zone2                    	836	826	10
15:10:32  Camera: Shop A                                  	842	827
15:10:35  Zone: Zone1                    	842	862	-20
15:10:35  Zone: Zone2                    	842	827	15
15:12:34  Camera: Shop A                                  	842	833
15:12:39  Zone: Zone1                    	848	862	-14
15:12:39  Zone: Zone2                    	842	833	9
15:13:35  Camera: Shop A                                  	842	834
15:13:49  Zone: Zone1                    	849	862	-13
15:13:49  Zone: Zone2                    	842	834	8
15:15:02  Service running OK
15:15:37  Camera: Shop A                                  	843	834
15:15:37  Zone: Zone1                    	849	863	-14
15:15:38  Zone: Zone2                    	843	834	9
15:19:42  Camera: Shop A                                  	847	834
15:19:47  Zone: Zone1                    	849	867	-18
15:19:47  Zone: Zone2                    	847	834	13
15:21:44  Camera: Shop A                                  	847	835
15:21:51  Zone: Zone1                    	850	867	-17
15:21:51  Zone: Zone2                    	847	835	12
15:22:45  Camera: Shop A                                  	847	836
15:22:45  Zone: Zone1                    	851	867	-16
15:22:45  Zone: Zone2                    	847	836	11
15:23:46  Camera: Shop A                                  	849	842
15:23:55  Zone: Zone1                    	857	869	-12
15:23:55  Zone: Zone2                    	849	842	7
15:26:49  Camera: Shop A                                  	849	846
15:26:53  Zone: Zone1                    	861	869	-8
15:26:53  Zone: Zone2                    	849	846	3
15:29:52  Camera: Shop A                                  	855	846
15:29:53  Zone: Zone1                    	861	875	-14
15:29:53  Zone: Zone2                    	855	846	9
15:30:11  Logging to daily summary: "15:30 29 31 -14 31 29 9"
15:30:11  Service running OK
15:37:00  Camera: Shop A                                  	855	855
15:37:02  Zone: Zone1                    	870	875	-5
15:37:02  Zone: Zone2                    	855	855	0
15:38:01  Camera: Shop A                                  	855	856
15:38:12  Zone: Zone1                    	871	875	-4
15:38:12  Zone: Zone2                    	855	856	-1
15:45:07  Service running OK
15:45:09  Camera: Shop A                                  	859	856
15:45:22  Zone: Zone1                    	871	879	-8
15:45:22  Zone: Zone2                    	859	856	3
15:49:13  Camera: Shop A                                  	862	856
15:49:14  Zone: Zone1                    	871	882	-11
15:49:14  Zone: Zone2                    	862	856	6
15:50:14  Camera: Shop A                                  	862	859
15:50:24  Zone: Zone1                    	874	882	-8
15:50:24  Zone: Zone2                    	862	859	3
15:53:17  Camera: Shop A                                  	864	859
15:53:22  Zone: Zone1                    	874	884	-10
15:53:22  Zone: Zone2                    	864	859	5
15:55:19  Camera: Shop A                                  	864	866
15:55:26  Zone: Zone1                    	881	884	-3
15:55:26  Zone: Zone2                    	864	866	-2
15:56:20  Camera: Shop A                                  	866	868
15:56:21  Zone: Zone1                    	883	886	-3
15:56:21  Zone: Zone2                    	866	868	-2
15:57:22  Camera: Shop A                                  	868	868
15:57:28  Zone: Zone1                    	883	888	-5
15:57:28  Zone: Zone2                    	868	868	0
15:59:24  Camera: Shop A                                  	868	870
15:59:32  Zone: Zone1                    	885	888	-3
15:59:32  Zone: Zone2                    	868	870	-2
16:00:09  Logging to daily summary: "16:00 24 13 -7 13 24 2"
16:00:09  Service running OK
16:01:26  Camera: Shop A                                  	868	871
16:01:36  Zone: Zone1                    	886	888	-2
16:01:36  Zone: Zone2                    	868	871	-3
16:04:29  Camera: Shop A                                  	872	871
16:04:35  Zone: Zone1                    	886	892	-6
16:04:35  Zone: Zone2                    	872	871	1
16:11:37  Camera: Shop A                                  	877	871
16:11:44  Zone: Zone1                    	886	897	-11
16:11:44  Zone: Zone2                    	877	871	6
16:15:03  Service running OK
16:15:41  Camera: Shop A                                  	877	876
16:15:54  Zone: Zone1                    	891	897	-6
16:15:54  Zone: Zone2                    	877	876	1
16:20:47  Camera: Shop A                                  	879	876
16:20:59  Zone: Zone1                    	891	899	-8
16:20:59  Zone: Zone2                    	879	876	3
16:22:49  Camera: Shop A                                  	879	877
16:23:03  Zone: Zone1                    	892	899	-7
16:23:03  Zone: Zone2                    	879	877	2
16:25:53  Camera: Shop A                                  	879	882
16:26:01  Zone: Zone1                    	897	899	-2
16:26:01  Zone: Zone2                    	879	882	-3
16:26:54  Camera: Shop A                                  	882	884
16:26:54  Zone: Zone1                    	899	902	-3
16:26:54  Zone: Zone2                    	882	884	-2
16:27:56  Camera: Shop A                                  	886	884
16:28:04  Zone: Zone1                    	899	906	-7
16:28:04  Zone: Zone2                    	886	884	2
16:29:59  Camera: Shop A                                  	888	884
16:30:09  Zone: Zone1                    	899	908	-9
16:30:09  Zone: Zone2                    	888	884	4
16:30:09  Logging to daily summary: "16:30 14 20 -6 20 14 1"
16:30:09  Service running OK
16:35:00  Camera: Level 2 Main Entry                      	13	6
16:35:07  Camera: Shop A                                  	889	885
16:35:13  Zone: Zone1                    	903	910	-7
16:35:13  Zone: Zone2                    	889	885	4
16:36:01  Camera: Level 2 Main Entry                      	15	8
16:36:03  Zone: Zone1                    	905	912	-7
16:36:09  Camera: Shop A                                  	890	888
16:36:19  Zone: Zone1                    	908	913	-5
16:36:19  Zone: Zone2                    	890	888	2
16:37:02  Camera: Level 2 Main Entry                      	18	9
16:37:10  Camera: Shop A                                  	890	889
16:37:11  Zone: Zone1                    	912	914	-2
16:37:11  Zone: Zone2                    	890	889	1
16:38:12  Camera: Shop A                                  	895	891
16:38:19  Zone: Zone1                    	914	919	-5
16:38:19  Zone: Zone2                    	895	891	4
16:41:17  Camera: Shop A                                  	896	893
16:41:17  Zone: Zone1                    	916	920	-4
16:41:17  Zone: Zone2                    	896	893	3
16:42:18  Camera: Shop A                                  	898	895
16:42:27  Zone: Zone1                    	918	922	-4
16:42:27  Zone: Zone2                    	898	895	3
16:43:19  Camera: Shop A                                  	905	900
16:43:19  Zone: Zone1                    	923	929	-6
16:43:19  Zone: Zone2                    	905	900	5
16:44:21  Camera: Shop A                                  	905	901
16:44:29  Zone: Zone1                    	924	929	-5
16:44:29  Zone: Zone2                    	905	901	4
16:45:06  Service running OK
16:46:25  Camera: Shop A                                  	905	905
16:46:33  Zone: Zone1                    	928	929	-1
16:46:33  Zone: Zone2                    	905	905	0
16:47:26  Camera: Shop A                                  	905	907
16:47:26  Zone: Zone1                    	930	929	1
16:47:26  Zone: Zone2                    	905	907	-2
16:48:27  Camera: Shop A                                  	907	907
16:48:36  Zone: Zone1                    	930	931	-1
16:48:36  Zone: Zone2                    	907	907	0
16:50:30  Camera: Shop A                                  	907	910
16:50:40  Zone: Zone1                    	933	931	2
16:50:40  Zone: Zone2                    	907	910	-3
16:51:33  Camera: Shop A                                  	907	912
16:51:33  Zone: Zone1                    	935	931	4
16:51:33  Zone: Zone2                    	907	912	-5
16:55:38  Camera: Shop A                                  	907	916
16:55:43  Zone: Zone1                    	939	931	8
16:55:43  Zone: Zone2                    	907	916	-9
16:56:40  Camera: Shop A                                  	911	916
16:56:53  Zone: Zone1                    	939	935	4
16:56:53  Zone: Zone2                    	911	916	-5
16:59:45  Camera: Shop A                                  	917	917
16:59:48  Camera: Level 1 Science Centre Entry 2          	1	12
16:59:51  Zone: Zone1                    	940	943	-3
16:59:51  Zone: Zone2                    	917	917	0
17:00:07  Logging to daily summary: "17:00 41 35 -2 29 33 0"
17:00:07  Service running OK
17:00:49  Camera: Level 1 Science Centre Entry 2          	4	14
17:00:59  Zone: Zone1                    	943	945	-2
17:05:55  Camera: Shop A                                  	921	917
17:06:03  Zone: Zone1                    	943	949	-6
17:06:03  Zone: Zone2                    	921	917	4
17:07:58  Camera: Shop A                                  	921	919
17:08:07  Zone: Zone1                    	945	949	-4
17:08:07  Zone: Zone2                    	921	919	2
17:09:00  Camera: Shop A                                  	921	924
17:09:00  Zone: Zone1                    	950	949	1
17:09:00  Zone: Zone2                    	921	924	-3
17:12:05  Camera: Shop A                                  	922	926
17:12:15  Zone: Zone1                    	952	950	2
17:12:15  Zone: Zone2                    	922	926	-4
17:13:06  Camera: Shop A                                  	922	929
17:13:07  Zone: Zone1                    	955	950	5
17:13:07  Zone: Zone2                    	922	929	-7
17:14:08  Camera: Shop A                                  	928	929
17:14:17  Zone: Zone1                    	955	956	-1
17:14:17  Zone: Zone2                    	928	929	-1
17:15:12  Service running OK
17:18:14  Camera: Shop A                                  	933	929
17:18:27  Zone: Zone1                    	955	961	-6
17:18:27  Zone: Zone2                    	933	929	4
17:20:17  Camera: Shop A                                  	933	934
17:20:31  Zone: Zone1                    	960	961	-1
17:20:31  Zone: Zone2                    	933	934	-1
17:21:18  Camera: Shop A                                  	933	936
17:21:23  Zone: Zone1                    	962	961	1
17:21:23  Zone: Zone2                    	933	936	-3
17:22:19  Camera: Shop A                                  	933	938
17:22:33  Zone: Zone1                    	964	961	3
17:22:33  Zone: Zone2                    	933	938	-5
17:23:21  Camera: Shop A                                  	936	938
17:23:25  Zone: Zone1                    	964	964	0
17:23:25  Zone: Zone2                    	936	938	-2
17:25:25  Camera: Shop A                                  	936	939
17:25:29  Zone: Zone1                    	965	964	1
17:25:29  Zone: Zone2                    	936	939	-3
17:26:26  Camera: Shop A                                  	939	939
17:26:39  Zone: Zone1                    	965	967	-2
17:26:39  Zone: Zone2                    	939	939	0
17:27:27  Camera: Shop A                                  	941	941
17:27:31  Zone: Zone1                    	967	969	-2
17:27:31  Zone: Zone2                    	941	941	0
17:28:29  Camera: Shop A                                  	945	941
17:28:41  Zone: Zone1                    	967	973	-6
17:28:41  Zone: Zone2                    	945	941	4
17:30:12  Logging to daily summary: "17:30 27 30 -1 28 24 0"
17:30:12  Service running OK
17:34:38  Camera: Shop A                                  	948	941
17:34:39  Zone: Zone1                    	967	976	-9
17:34:39  Zone: Zone2                    	948	941	7
17:35:40  Camera: Shop A                                  	950	942
17:35:49  Zone: Zone1                    	968	978	-10
17:35:49  Zone: Zone2                    	950	942	8
17:36:42  Camera: Shop A                                  	950	943
17:36:42  Zone: Zone1                    	969	978	-9
17:36:42  Zone: Zone2                    	950	943	7
17:37:43  Camera: Shop A                                  	954	947
17:37:52  Zone: Zone1                    	973	982	-9
17:37:52  Zone: Zone2                    	954	947	7
17:39:46  Camera: Shop A                                  	954	951
17:39:56  Zone: Zone1                    	977	982	-5
17:39:56  Zone: Zone2                    	954	951	3
17:40:49  Camera: Shop A                                  	956	951
17:40:49  Zone: Zone1                    	977	984	-7
17:40:49  Zone: Zone2                    	956	951	5
17:42:51  Camera: Shop A                                  	957	951
17:42:52  Zone: Zone1                    	977	985	-8
17:42:52  Zone: Zone2                    	957	951	6
17:43:53  Camera: Shop A                                  	957	954
17:44:02  Zone: Zone1                    	980	985	-5
17:44:02  Zone: Zone2                    	957	954	3
17:45:15  Service running OK
17:45:56  Camera: Shop A                                  	961	954
17:46:06  Zone: Zone1                    	980	989	-9
17:46:06  Zone: Zone2                    	961	954	7
17:46:58  Camera: Shop A                                  	962	954
17:46:58  Zone: Zone1                    	980	990	-10
17:46:58  Zone: Zone2                    	962	954	8
18:00:11  Logging to daily summary: "18:00 13 17 -8 17 13 6"
18:00:11  Service running OK
18:01:21  Camera: Shop A                                  	962	955
18:01:21  Zone: Zone1                    	981	990	-9
18:01:21  Zone: Zone2                    	962	955	7
18:05:26  Camera: Shop A                                  	962	956
18:05:31  Zone: Zone1                    	982	990	-8
18:05:31  Zone: Zone2                    	962	956	6
18:12:43  Camera: Level 2 Main Entry                      	18	10
18:12:43  Zone: Zone1                    	982	991	-9
18:13:40  Camera: Shop A                                  	962	958
18:13:53  Zone: Zone1                    	984	991	-7
18:13:53  Zone: Zone2                    	962	958	4
18:14:41  Camera: Shop A                                  	964	958
18:14:45  Zone: Zone1                    	984	993	-9
18:14:45  Zone: Zone2                    	964	958	6
18:15:04  Service running OK
18:15:42  Camera: Shop A                                  	964	959
18:15:55  Zone: Zone1                    	985	993	-8
18:15:55  Zone: Zone2                    	964	959	5
18:16:44  Camera: Shop A                                  	964	962
18:16:47  Zone: Zone1                    	988	993	-5
18:16:47  Zone: Zone2                    	964	962	2
18:17:49  Camera: Level 2 Main Entry                      	18	12
18:17:57  Zone: Zone1                    	988	995	-7
18:18:50  Camera: Level 2 Main Entry                      	19	12
18:18:50  Zone: Zone1                    	989	995	-6
18:20:50  Camera: Shop A                                  	964	964
18:20:54  Zone: Zone1                    	991	995	-4
18:20:54  Zone: Zone2                    	964	964	0
18:21:52  Camera: Shop A                                  	970	966
18:22:04  Zone: Zone1                    	993	1001	-8
18:22:04  Zone: Zone2                    	970	966	4
18:22:53  Camera: Shop A                                  	970	968
18:22:56  Zone: Zone1                    	995	1001	-6
18:22:56  Zone: Zone2                    	970	968	2
18:23:54  Camera: Shop A                                  	972	968
18:24:06  Zone: Zone1                    	995	1003	-8
18:24:06  Zone: Zone2                    	972	968	4
18:24:55  Camera: Shop A                                  	973	973
18:24:58  Zone: Zone1                    	1000	1004	-4
18:24:58  Zone: Zone2                    	973	973	0
18:28:59  Camera: Shop A                                  	976	978
18:29:08  Zone: Zone1                    	1005	1007	-2
18:29:08  Zone: Zone2                    	976	978	-2
18:30:03  Logging to daily summary: "18:30 25 17 -6 14 24 3"
18:30:03  Service running OK
18:33:03  Camera: Shop A                                  	982	979
18:33:18  Zone: Zone1                    	1006	1013	-7
18:33:18  Zone: Zone2                    	982	979	3
18:34:04  Camera: Shop A                                  	985	979
18:34:10  Zone: Zone1                    	1006	1016	-10
18:34:10  Zone: Zone2                    	985	979	6
18:35:05  Camera: Shop A                                  	988	979
18:35:20  Zone: Zone1                    	1006	1019	-13
18:35:20  Zone: Zone2                    	988	979	9
18:37:08  Camera: Shop A                                  	990	979
18:37:08  Zone: Zone1                    	1006	1021	-15
18:37:08  Zone: Zone2                    	990	979	11
18:38:09  Camera: Shop A                                  	992	981
18:38:17  Zone: Zone1                    	1008	1023	-15
18:38:17  Zone: Zone2                    	992	981	11
18:40:11  Camera: Shop A                                  	993	983
18:40:21  Zone: Zone1                    	1010	1024	-14
18:40:21  Zone: Zone2                    	993	983	10
18:42:13  Camera: Shop A                                  	998	984
18:42:25  Zone: Zone1                    	1011	1029	-18
18:42:25  Zone: Zone2                    	998	984	14
18:44:15  Camera: Shop A                                  	998	986
18:44:29  Zone: Zone1                    	1013	1029	-16
18:44:29  Zone: Zone2                    	998	986	12
18:45:06  Service running OK
18:45:16  Camera: Shop A                                  	998	992
18:45:21  Zone: Zone1                    	1019	1029	-10
18:45:21  Zone: Zone2                    	998	992	6
18:46:17  Camera: Shop A                                  	998	993
18:46:31  Zone: Zone1                    	1020	1029	-9
18:46:31  Zone: Zone2                    	998	993	5
18:48:19  Camera: Shop A                                  	1002	993
18:48:20  Zone: Zone1                    	1020	1033	-13
18:48:20  Zone: Zone2                    	1002	993	9
18:49:21  Camera: Shop A                                  	1002	994
18:49:27  Zone: Zone1                    	1021	1033	-12
18:49:27  Zone: Zone2                    	1002	994	8
18:50:22  Camera: Shop A                                  	1003	994
18:50:37  Zone: Zone1                    	1021	1034	-13
18:50:37  Zone: Zone2                    	1003	994	9
18:52:24  Camera: Shop A                                  	1004	995
18:52:24  Zone: Zone1                    	1022	1035	-13
18:52:24  Zone: Zone2                    	1004	995	9
18:53:25  Camera: Shop A                                  	1008	995
18:53:33  Zone: Zone1                    	1022	1039	-17
18:53:33  Zone: Zone2                    	1008	995	13
18:54:26  Camera: Shop A                                  	1010	995
18:54:26  Zone: Zone1                    	1022	1041	-19
18:54:26  Zone: Zone2                    	1010	995	15
18:55:27  Camera: Shop A                                  	1010	999
18:55:36  Zone: Zone1                    	1026	1041	-15
18:55:36  Zone: Zone2                    	1010	999	11
18:57:29  Camera: Shop A                                  	1012	1001
18:57:40  Zone: Zone1                    	1028	1043	-15
18:57:40  Zone: Zone2                    	1012	1001	11
18:58:30  Camera: Shop A                                  	1013	1001
18:58:32  Zone: Zone1                    	1028	1044	-16
18:58:32  Zone: Zone2                    	1013	1001	12
19:00:03  Logging to daily summary: "19:00 23 37 -12 37 23 8"
19:00:03  Service running OK
19:01:33  Camera: Shop A                                  	1013	1002
19:01:48  Zone: Zone1                    	1029	1044	-15
19:01:48  Zone: Zone2                    	1013	1002	11
19:02:35  Camera: Shop A                                  	1014	1002
19:02:40  Zone: Zone1                    	1029	1045	-16
19:02:40  Zone: Zone2                    	1014	1002	12
19:03:36  Camera: Shop A                                  	1017	1002
19:03:50  Zone: Zone1                    	1029	1048	-19
19:03:50  Zone: Zone2                    	1017	1002	15
19:05:38  Camera: Shop A                                  	1017	1005
19:05:38  Zone: Zone1                    	1032	1048	-16
19:05:38  Zone: Zone2                    	1017	1005	12
19:11:44  Camera: Shop A                                  	1017	1010
19:11:57  Zone: Zone1                    	1037	1048	-11
19:11:57  Zone: Zone2                    	1017	1010	7
19:12:45  Camera: Shop A                                  	1019	1010
19:12:49  Zone: Zone1                    	1037	1050	-13
19:12:49  Zone: Zone2                    	1019	1010	9
19:13:46  Camera: Shop A                                  	1021	1010
19:13:59  Zone: Zone1                    	1037	1052	-15
19:13:59  Zone: Zone2                    	1021	1010	11
19:15:12  Service running OK
19:15:49  Camera: Shop A                                  	1021	1013
19:16:03  Zone: Zone1                    	1040	1052	-12
19:16:03  Zone: Zone2                    	1021	1013	8
19:18:52  Camera: Shop A                                  	1030	1013
19:19:01  Zone: Zone1                    	1040	1061	-21
19:19:01  Zone: Zone2                    	1030	1013	17
19:20:54  Camera: Shop A                                  	1031	1015
19:21:05  Zone: Zone1                    	1042	1062	-20
19:21:05  Zone: Zone2                    	1031	1015	16
19:25:59  Camera: Shop A                                  	1031	1017
19:26:09  Zone: Zone1                    	1044	1062	-18
19:26:09  Zone: Zone2                    	1031	1017	14
19:27:00  Camera: Shop A                                  	1031	1019
19:27:01  Zone: Zone1                    	1046	1062	-16
19:27:01  Zone: Zone2                    	1031	1019	12
19:29:03  Camera: Shop A                                  	1033	1019
19:29:05  Zone: Zone1                    	1046	1064	-18
19:29:05  Zone: Zone2                    	1033	1019	14
19:30:00  Logging to daily summary: "19:30 18 20 -16 20 18 12"
19:30:00  Service running OK
19:30:04  Camera: Shop A                                  	1035	1019
19:30:15  Zone: Zone1                    	1046	1066	-20
19:30:15  Zone: Zone2                    	1035	1019	16
19:33:07  Camera: Shop A                                  	1040	1020
19:33:13  Zone: Zone1                    	1047	1071	-24
19:33:13  Zone: Zone2                    	1040	1020	20
19:34:08  Camera: Shop A                                  	1041	1020
19:34:23  Zone: Zone1                    	1047	1072	-25
19:34:23  Zone: Zone2                    	1041	1020	21
19:35:09  Camera: Shop A                                  	1041	1021
19:35:15  Zone: Zone1                    	1048	1072	-24
19:35:15  Zone: Zone2                    	1041	1021	20
19:36:10  Camera: Shop A                                  	1043	1024
19:36:25  Zone: Zone1                    	1051	1074	-23
19:36:25  Zone: Zone2                    	1043	1024	19
19:37:11  Camera: Shop A                                  	1046	1024
19:37:17  Zone: Zone1                    	1051	1077	-26
19:37:17  Zone: Zone2                    	1046	1024	22
19:39:13  Camera: Shop A                                  	1046	1030
19:39:21  Zone: Zone1                    	1057	1077	-20
19:39:21  Zone: Zone2                    	1046	1030	16
19:41:16  Camera: Shop A                                  	1049	1032
19:41:25  Zone: Zone1                    	1059	1080	-21
19:41:25  Zone: Zone2                    	1049	1032	17
19:43:18  Camera: Shop A                                  	1052	1032
19:43:29  Zone: Zone1                    	1059	1083	-24
19:43:29  Zone: Zone2                    	1052	1032	20
19:44:19  Camera: Shop A                                  	1053	1036
19:44:21  Zone: Zone1                    	1063	1084	-21
19:44:21  Zone: Zone2                    	1053	1036	17
19:45:16  Service running OK
19:45:20  Camera: Shop A                                  	1053	1042
19:45:31  Zone: Zone1                    	1069	1084	-15
19:45:31  Zone: Zone2                    	1053	1042	11
19:50:25  Camera: Shop A                                  	1056	1042
19:50:35  Zone: Zone1                    	1069	1087	-18
19:50:35  Zone: Zone2                    	1056	1042	14
19:51:26  Camera: Shop A                                  	1056	1046
19:51:27  Zone: Zone1                    	1073	1087	-14
19:51:27  Zone: Zone2                    	1056	1046	10
19:52:28  Camera: Shop A                                  	1058	1046
19:52:37  Zone: Zone1                    	1073	1089	-16
19:52:37  Zone: Zone2                    	1058	1046	12
19:53:29  Camera: Shop A                                  	1058	1050
19:53:29  Zone: Zone1                    	1077	1089	-12
19:53:29  Zone: Zone2                    	1058	1050	8
19:54:30  Camera: Shop A                                  	1066	1050
19:54:39  Zone: Zone1                    	1077	1097	-20
19:54:39  Zone: Zone2                    	1066	1050	16
19:57:33  Camera: Shop A                                  	1069	1050
19:57:37  Zone: Zone1                    	1077	1100	-23
19:57:37  Zone: Zone2                    	1069	1050	19
20:00:02  Logging to daily summary: "20:00 31 36 -20 36 31 16"
20:00:02  Service running OK
20:15:02  Service running OK
20:19:02  Camera: Shop A                                  	1069	1052
20:19:11  Zone: Zone1                    	1079	1100	-21
20:19:11  Zone: Zone2                    	1069	1052	17
20:20:04  Camera: Shop A                                  	1069	1055
20:20:05  Zone: Zone1                    	1082	1100	-18
20:20:05  Zone: Zone2                    	1069	1055	14
20:21:06  Camera: Shop A                                  	1071	1055
20:21:14  Zone: Zone1                    	1082	1102	-20
20:21:14  Zone: Zone2                    	1071	1055	16
20:24:11  Camera: Shop A                                  	1071	1058
20:24:12  Zone: Zone1                    	1085	1102	-17
20:24:12  Zone: Zone2                    	1071	1058	13
20:28:19  Camera: Shop A                                  	1071	1062
20:28:22  Zone: Zone1                    	1089	1102	-13
20:28:22  Zone: Zone2                    	1071	1062	9
20:30:11  Logging to daily summary: "20:30 12 2 -20 2 12 16"
20:30:11  Service running OK
20:42:46  Camera: Shop A                                  	1071	1064
20:42:46  Zone: Zone1                    	1091	1102	-11
20:42:46  Zone: Zone2                    	1071	1064	7
20:44:49  Camera: Shop A                                  	1078	1064
20:44:49  Zone: Zone1                    	1091	1109	-18
20:44:49  Zone: Zone2                    	1078	1064	14
20:45:08  Service running OK
20:53:04  Camera: Shop A                                  	1078	1068
20:53:11  Zone: Zone1                    	1095	1109	-14
20:53:11  Zone: Zone2                    	1078	1068	10
20:54:06  Camera: Shop A                                  	1081	1070
20:54:06  Zone: Zone1                    	1097	1112	-15
20:54:06  Zone: Zone2                    	1081	1070	11
20:55:08  Camera: Shop A                                  	1084	1070
20:55:13  Zone: Zone1                    	1097	1115	-18
20:55:13  Zone: Zone2                    	1084	1070	14
20:57:11  Camera: Shop A                                  	1084	1072
20:57:17  Zone: Zone1                    	1099	1115	-16
20:57:17  Zone: Zone2                    	1084	1072	12
21:00:00  Logging to daily summary: "21:00 10 13 -15 13 10 11"
21:00:00  Service running OK
21:00:15  Camera: Shop A                                  	1086	1072
21:00:15  Zone: Zone1                    	1099	1117	-18
21:00:15  Zone: Zone2                    	1086	1072	14
21:01:18  Camera: Shop A                                  	1087	1072
21:01:25  Zone: Zone1                    	1099	1118	-19
21:01:25  Zone: Zone2                    	1087	1072	15
21:02:19  Camera: Shop A                                  	1087	1073
21:02:19  Zone: Zone1                    	1100	1118	-18
21:02:19  Zone: Zone2                    	1087	1073	14
21:04:21  Camera: Shop A                                  	1087	1074
21:04:23  Zone: Zone1                    	1101	1118	-17
21:04:23  Zone: Zone2                    	1087	1074	13
21:09:29  Camera: Shop A                                  	1087	1075
21:09:30  Zone: Zone1                    	1102	1118	-16
21:09:30  Zone: Zone2                    	1087	1075	12
21:10:31  Camera: Shop A                                  	1087	1077
21:10:37  Zone: Zone1                    	1104	1118	-14
21:10:37  Zone: Zone2                    	1087	1077	10
21:15:08  Service running OK
21:16:41  Camera: Shop A                                  	1091	1077
21:16:53  Zone: Zone1                    	1104	1122	-18
21:16:53  Zone: Zone2                    	1091	1077	14
21:17:43  Camera: Shop A                                  	1094	1080
21:17:45  Zone: Zone1                    	1107	1125	-18
21:17:45  Zone: Zone2                    	1094	1080	14
21:18:44  Camera: Shop A                                  	1095	1080
21:18:55  Zone: Zone1                    	1107	1126	-19
21:18:55  Zone: Zone2                    	1095	1080	15
21:19:46  Camera: Shop A                                  	1098	1082
21:19:47  Zone: Zone1                    	1109	1129	-20
21:19:47  Zone: Zone2                    	1098	1082	16
21:21:48  Camera: Shop A                                  	1100	1082
21:21:51  Zone: Zone1                    	1109	1131	-22
21:21:51  Zone: Zone2                    	1100	1082	18
21:23:52  Camera: Shop A                                  	1100	1087
21:23:55  Zone: Zone1                    	1114	1131	-17
21:23:55  Zone: Zone2                    	1100	1087	13
21:24:54  Camera: Shop A                                  	1100	1089
21:25:05  Zone: Zone1                    	1116	1131	-15
21:25:05  Zone: Zone2                    	1100	1089	11
21:25:55  Camera: Shop A                                  	1102	1089
21:25:57  Zone: Zone1                    	1116	1133	-17
21:25:57  Zone: Zone2                    	1102	1089	13
21:26:56  Camera: Shop A                                  	1102	1092
21:27:07  Zone: Zone1                    	1119	1133	-14
21:27:07  Zone: Zone2                    	1102	1092	10
21:27:58  Camera: Shop A                                  	1104	1096
21:27:59  Zone: Zone1                    	1123	1135	-12
21:27:59  Zone: Zone2                    	1104	1096	8
21:30:06  Logging to daily summary: "21:30 24 20 -16 20 24 12"
21:30:06  Service running OK
21:32:04  Camera: Shop A                                  	1107	1096
21:32:09  Zone: Zone1                    	1123	1138	-15
21:32:09  Zone: Zone2                    	1107	1096	11
21:33:06  Camera: Shop A                                  	1109	1096
21:33:19  Zone: Zone1                    	1123	1140	-17
21:33:19  Zone: Zone2                    	1109	1096	13
21:34:08  Camera: Shop A                                  	1113	1099
21:34:11  Zone: Zone1                    	1126	1144	-18
21:34:11  Zone: Zone2                    	1113	1099	14
21:36:11  Camera: Shop A                                  	1113	1106
21:36:15  Zone: Zone1                    	1133	1144	-11
21:36:15  Zone: Zone2                    	1113	1106	7
21:42:20  Camera: Shop A                                  	1123	1106
21:42:31  Zone: Zone1                    	1133	1154	-21
21:42:31  Zone: Zone2                    	1123	1106	17
21:45:14  Service running OK
22:00:14  Logging to daily summary: "22:00 10 19 -18 19 10 14"
22:00:14  Service running OK
22:00:30  Closing time reached
22:00:45  Stop time reached.
22:00:45  Camera 'Level 1 Science Centre Entry 1' - final counts 2 1
22:00:45  Camera 'Level 1 Science Centre Entry 2' - final counts 4 14
22:00:45  Camera 'Level 1 Science Centre Lift' - final counts 0 0
22:00:45  Camera 'Level 2 Main Entry' - final counts 19 12
22:00:45  Camera 'Level 2 Lift' - final counts 2 4
22:00:45  Camera 'Shop A' - final counts 1123 1106
22:00:45  Camera 'Shop B' - final counts 0 0
22:00:45  Camera 'Shop Whale Mall' - final counts 0 0
22:00:45  Camera 'Level 2 Cafe' - final counts 0 0
22:00:45  Zone: Zone1                    	1133	1154	-21
22:00:45  Zone: Zone2                    	1123	1106	17
22:00:45  Level 1 Science Centre Entry 1: IrisysIP counts reset requested.
22:00:45  Level 1 Science Centre Entry 2: IrisysIP counts reset requested.
22:00:45  Level 1 Science Centre Lift: IrisysIP counts reset requested.
22:00:45  Level 2 Main Entry: IrisysIP counts reset requested.
22:00:45  Level 2 Lift: IrisysIP counts reset requested.
22:00:45  Shop A: IrisysIP counts reset requested.
22:00:45  Shop B: IrisysIP counts reset requested.
22:00:45  Shop Whale Mall: IrisysIP counts reset requested.
22:00:45  Level 2 Cafe: IrisysIP counts reset requested.
22:00:45  Displaying shutdown on 0 display(s)
22:00:45  End the manager threads.
22:00:45  Close all CAN threads.
22:00:45  All CAN threads, now flagged to be closed.
22:00:45  Close all IrisysIP threads.
22:00:48  Attempting to reset counts for IrisysIP Camera Shop A
22:01:32  Error! Level 1 Science Centre Entry 1: The IrisysIP thread needs to be terminated but has not reset.
22:01:32  Level 1 Science Centre Entry 1: The Irisys IP thread has been flagged to end.
22:01:40  Shop A: InCountCorrection set in registry to: 0
22:01:40  Shop A: OutCountCorrection set in registry to: 0
22:01:41  Shop A: has reset camera
22:01:41  Level 1 Science Centre Entry 1: Main Data Collection loop has finished (g_bStopFlag=0, m_bEndThread=1).
22:01:41  Level 1 Science Centre Entry 1: The Irisys IP thread has ended.
22:01:49  Attempting to reset counts for IrisysIP Camera Level 1 Science Centre Entry 2
22:01:49  Attempting to reset counts for IrisysIP Camera Level 2 Lift
22:01:49  Attempting to reset counts for IrisysIP Camera Level 2 Main Entry
22:01:49  Attempting to reset counts for IrisysIP Camera Level 1 Science Centre Lift
22:01:50  Level 1 Science Centre Entry 2: InCountCorrection set in registry to: 0
22:01:50  Level 1 Science Centre Entry 2: OutCountCorrection set in registry to: 0
22:01:51  Level 1 Science Centre Entry 2: has reset camera
22:01:51  Level 1 Science Centre Entry 2: The Irisys IP thread has been flagged to end.
22:02:01  Level 1 Science Centre Entry 2: Main Data Collection loop has finished (g_bStopFlag=0, m_bEndThread=1).
22:02:01  Level 1 Science Centre Entry 2: The Irisys IP thread has ended.
22:02:02  Level 2 Lift: InCountCorrection set in registry to: 0
22:02:02  Level 2 Lift: OutCountCorrection set in registry to: 0
22:02:03  Level 2 Lift: has reset camera
22:02:17  Level 2 Main Entry: InCountCorrection set in registry to: 0
22:02:17  Level 2 Main Entry: OutCountCorrection set in registry to: 0
22:02:18  Level 2 Main Entry: has reset camera
22:02:19  Level 1 Science Centre Lift: InCountCorrection set in registry to: 0
22:02:19  Level 1 Science Centre Lift: OutCountCorrection set in registry to: 0
22:02:20  Level 1 Science Centre Lift: has reset camera
22:02:20  Level 1 Science Centre Lift: The Irisys IP thread has been flagged to end.
22:02:42  Camera: Shop A                                  	0	0
22:02:42  Shop A IrisysIP camera has reset
22:03:04  Camera: Level 2 Lift                            	0	0
22:03:04  Level 2 Lift IrisysIP camera has reset
22:03:19  Level 1 Science Centre Lift: Main Data Collection loop has finished (g_bStopFlag=0, m_bEndThread=1).
22:03:19  Level 1 Science Centre Lift: The Irisys IP thread has ended.
22:03:19  Level 2 Main Entry: The Irisys IP thread has been flagged to end.
22:03:19  Level 2 Main Entry: Main Data Collection loop has finished (g_bStopFlag=0, m_bEndThread=1).
22:03:19  Level 2 Main Entry: The Irisys IP thread has ended.
22:03:19  Level 2 Lift: The Irisys IP thread has been flagged to end.
22:04:03  Level 2 Lift: Main Data Collection loop has finished (g_bStopFlag=0, m_bEndThread=1).
22:04:03  Level 2 Lift: The Irisys IP thread has ended.
22:04:03  Shop A: The Irisys IP thread has been flagged to end.
22:04:42  Shop A: Main Data Collection loop has finished (g_bStopFlag=0, m_bEndThread=1).
22:04:42  Shop A: The Irisys IP thread has ended.
22:04:42  Shop B: The Irisys IP thread has been flagged to end.
22:05:09  Shop B: Main Data Collection loop has finished (g_bStopFlag=0, m_bEndThread=1).
22:05:09  Shop B: The Irisys IP thread has ended.
22:05:09  Shop Whale Mall: The Irisys IP thread has been flagged to end.
22:05:09  Shop Whale Mall: Main Data Collection loop has finished (g_bStopFlag=0, m_bEndThread=1).
22:05:09  Shop Whale Mall: The Irisys IP thread has ended.
22:05:09  Level 2 Cafe: The Irisys IP thread has been flagged to end.
22:05:09  Level 2 Cafe: Main Data Collection loop has finished (g_bStopFlag=0, m_bEndThread=1).
22:05:09  Level 2 Cafe: The Irisys IP thread has ended.
22:05:09  All IrisysIP threads, now flagged to be closed.
22:05:09  Close all iCount threads.
22:05:09  All iCount threads, now flagged to be closed.
22:05:09  Close all eDAM threads.
22:05:09  All eDAM threads, now flagged to be closed.
22:05:09  Camera 'Level 1 Science Centre Entry 1' - maximum flow 3 at 14:46:17
22:05:09  Camera 'Level 1 Science Centre Entry 2' - maximum flow 5 at 17:01:18
22:05:09  Camera 'Level 1 Science Centre Lift' - maximum flow 0 at 09:30:00
22:05:09  Camera 'Level 2 Main Entry' - maximum flow 5 at 09:37:07
22:05:09  Camera 'Level 2 Lift' - maximum flow 2 at 11:01:11
22:05:09  Camera 'Shop A' - maximum flow 30 at 11:54:08
22:05:09  Camera 'Shop B' - maximum flow 0 at 09:30:00
22:05:09  Camera 'Shop Whale Mall' - maximum flow 0 at 09:30:00
22:05:09  Camera 'Level 2 Cafe' - maximum flow 0 at 09:30:00
22:05:09  Camera 'Level 1 Science Centre Entry 1' refreshing registry counts
22:05:09  Camera 'Level 1 Science Centre Entry 2' refreshing registry counts
22:05:09  Camera 'Level 1 Science Centre Lift' refreshing registry counts
22:05:09  Camera 'Level 2 Main Entry' refreshing registry counts
22:05:09  Camera 'Level 2 Lift' refreshing registry counts
22:05:09  Camera 'Shop A' refreshing registry counts
22:05:09  Camera 'Shop B' refreshing registry counts
22:05:09  Camera 'Shop Whale Mall' refreshing registry counts
22:05:09  Camera 'Level 2 Cafe' refreshing registry counts
22:05:09  Zone 'Zone1' refreshing file counts
22:05:09  Zone 'Zone2' refreshing file counts
22:05:09  Processing application not specified
22:05:09  Logging Counting Stopped

