
07:28:01  RECAP $Revision: 3.13.2.13 $ ($State: Exp $) built 09:15:45, Aug  3 2010
07:28:01  Logging Counting Started
07:28:01  Start time: 09:30 (570 minutes past midnight)
07:28:01  Stop time: 22:00 (1320 minutes past midnight)
07:28:01  Log period: 30 minutes
07:28:01  Initialising 0 display(s)
07:28:01  Initialising 9 camera(s)
07:28:01  IrisysIP counter(s) in use, Starting BlackFin API
07:28:01  If RECAP crashes, check .NET framework and VCRedist are installed.
07:28:01  BlackFin API Started.
07:28:01  BlackFin API Started up OK. Version: 1.10.0.5
07:28:01  Initialising 2 zone(s)
07:28:01  Outputting 'Zone1' zone data to 'Zones\Zone1.txt'
07:28:01  Outputting 'Zone2' zone data to 'Zones\Zone2.txt'
07:28:01  Displaying shutdown on 0 display(s)
07:28:01  Waiting till start time
09:30:00  Start time reached
09:30:00  Adding Level 1 Science Centre Entry 1 thread to Watchdog
09:30:00  Level 1 Science Centre Entry 1: InCountCorrection set in registry to: 0
09:30:00  Level 1 Science Centre Entry 1: OutCountCorrection set in registry to: 0
09:30:00  Adding Level 1 Science Centre Entry 2 thread to Watchdog
09:30:00  Level 1 Science Centre Entry 2: InCountCorrection set in registry to: 0
09:30:00  Level 1 Science Centre Entry 2: OutCountCorrection set in registry to: 0
09:30:00  Adding Level 1 Science Centre Lift thread to Watchdog
09:30:00  Level 1 Science Centre Lift: InCountCorrection set in registry to: 0
09:30:00  Level 1 Science Centre Lift: OutCountCorrection set in registry to: 0
09:30:00  Adding Level 2 Main Entry thread to Watchdog
09:30:00  Level 2 Main Entry: InCountCorrection set in registry to: 0
09:30:00  Level 2 Main Entry: OutCountCorrection set in registry to: 0
09:30:00  Adding Level 2 Lift thread to Watchdog
09:30:00  Level 2 Lift: InCountCorrection set in registry to: 0
09:30:00  Level 2 Lift: OutCountCorrection set in registry to: 0
09:30:00  Adding Shop A thread to Watchdog
09:30:00  Shop A: InCountCorrection set in registry to: 0
09:30:00  Shop A: OutCountCorrection set in registry to: 0
09:30:00  Adding Shop B thread to Watchdog
09:30:00  Shop B: InCountCorrection set in registry to: 0
09:30:00  Shop B: OutCountCorrection set in registry to: 0
09:30:00  Adding Shop Whale Mall thread to Watchdog
09:30:00  Shop Whale Mall: InCountCorrection set in registry to: 0
09:30:00  Shop Whale Mall: OutCountCorrection set in registry to: 0
09:30:00  Adding Level 2 Cafe thread to Watchdog
09:30:00  Level 2 Cafe: InCountCorrection set in registry to: 0
09:30:00  Level 2 Cafe: OutCountCorrection set in registry to: 0
09:30:01  New day, Reset counts and busiest times in registry
09:30:01  Camera Level 1 Science Centre Entry 1 Counts 	= In:0, Out:0
09:30:01  Camera Level 1 Science Centre Entry 2 Counts 	= In:0, Out:0
09:30:01  Camera Level 1 Science Centre Lift Counts 	= In:0, Out:0
09:30:01  Camera Level 2 Main Entry Counts 	= In:0, Out:0
09:30:01  Camera Level 2 Lift Counts 	= In:0, Out:0
09:30:01  Camera Shop A Counts 	= In:0, Out:0
09:30:01  Camera Shop B Counts 	= In:0, Out:0
09:30:01  Camera Shop Whale Mall Counts 	= In:0, Out:0
09:30:01  Camera Level 2 Cafe Counts 	= In:0, Out:0
09:30:02  Starting main data collection loop.
09:30:05  Zone: Zone1                    	0	0	0
09:30:05  Zone: Zone2                    	0	0	0
09:30:05  Logging to daily summary: "09:30 0 0 0 0 0 0"
09:30:05  Service running OK
09:30:11  Level 2 Lift: Connect Success (5) (serial num:2158593872)
09:30:13  Level 1 Science Centre Entry 1: Connect Success (1) (serial num:2158593798)
09:30:13  Level 2 Main Entry: Connect Success (4) (serial num:2158593780)
09:30:13  Level 2 Lift: MAC:00-21-AC-00-2F-8C IP Firmware:4.0.2.30311 Monitor Firmware:42.4.0.404
09:30:13  Level 1 Science Centre Entry 1: MAC:00-21-AC-00-30-39 IP Firmware:4.0.2.30311 Monitor Firmware:42.4.0.404
09:30:14  Level 2 Main Entry: MAC:00-21-AC-00-30-D9 IP Firmware:4.0.2.30311 Monitor Firmware:42.4.0.404
09:30:16  Level 2 Lift: Status msgs: 0,0
09:30:17  Level 2 Lift: Current DeviceID: DefaultID
09:30:17  Level 1 Science Centre Entry 1: Status msgs: 0,0
09:30:17  Level 2 Main Entry: Status msgs: 0,0
09:30:17  Level 1 Science Centre Entry 1: Current DeviceID: DefaultID
09:30:17  Level 2 Main Entry: Current DeviceID: DefaultID
09:30:29  Level 1 Science Centre Entry 2: Connect Success (2) (serial num:2158593777)
09:30:30  Level 1 Science Centre Entry 2: MAC:00-21-AC-00-30-3B IP Firmware:4.0.2.30311 Monitor Firmware:42.4.0.404
09:30:31  Level 1 Science Centre Lift: Connect Success (3) (serial num:2158593853)
09:30:32  Level 1 Science Centre Lift: MAC:00-21-AC-00-30-1A IP Firmware:4.0.2.30311 Monitor Firmware:42.4.0.404
09:30:34  Level 1 Science Centre Entry 2: Status msgs: 0,0
09:30:34  Level 1 Science Centre Entry 2: Current DeviceID: DefaultID
09:30:36  Level 1 Science Centre Lift: Status msgs: 0,0
09:30:36  Level 1 Science Centre Lift: Current DeviceID: DefaultID
09:32:21  Initial Camera Level 1 Science Centre Entry 1 Counts 	= In:0, Out:0
09:32:21  Initial Camera Level 2 Main Entry Counts 	= In:0, Out:0
09:32:22  Initial Camera Level 2 Lift Counts 	= In:0, Out:0
09:32:25  Level 1 Science Centre Entry 1: Date last reset in registry is not today (reset required): 18/10/11
09:32:25  Attempting to reset counts for IrisysIP Camera Level 1 Science Centre Entry 1
09:32:25  Level 2 Main Entry: Date last reset in registry is not today (reset required): 18/10/11
09:32:25  Attempting to reset counts for IrisysIP Camera Level 2 Main Entry
09:32:26  Level 2 Lift: Date last reset in registry is not today (reset required): 18/10/11
09:32:26  Attempting to reset counts for IrisysIP Camera Level 2 Lift
09:33:21  Level 1 Science Centre Entry 1: InCountCorrection set in registry to: 0
09:33:21  Level 1 Science Centre Entry 1: OutCountCorrection set in registry to: 0
09:33:22  Level 1 Science Centre Entry 1: has reset camera
09:33:22  Camera: Level 1 Science Centre Entry 1 - Counts are now valid.
09:33:23  Level 2 Main Entry: InCountCorrection set in registry to: 0
09:33:23  Level 2 Main Entry: OutCountCorrection set in registry to: 0
09:33:24  Level 2 Main Entry: has reset camera
09:33:24  Camera: Level 2 Main Entry - Counts are now valid.
09:33:25  Level 2 Lift: InCountCorrection set in registry to: 0
09:33:25  Level 2 Lift: OutCountCorrection set in registry to: 0
09:33:26  Initial Camera Level 1 Science Centre Entry 2 Counts 	= In:6, Out:10
09:33:26  Level 2 Lift: has reset camera
09:33:26  Initial Camera Level 1 Science Centre Lift Counts 	= In:0, Out:0
09:33:26  Camera: Level 2 Lift - Counts are now valid.
09:33:30  Level 1 Science Centre Lift: Date last reset in registry is not today (reset required): 18/10/11
09:33:30  Level 1 Science Centre Entry 2: Date last reset in registry is not today (reset required): 18/10/11
09:33:30  Attempting to reset counts for IrisysIP Camera Level 1 Science Centre Lift
09:33:30  Attempting to reset counts for IrisysIP Camera Level 1 Science Centre Entry 2
09:33:39  Level 1 Science Centre Lift: InCountCorrection set in registry to: 0
09:33:39  Level 1 Science Centre Lift: OutCountCorrection set in registry to: 0
09:33:40  Level 1 Science Centre Lift: has reset camera
09:33:40  Camera: Level 1 Science Centre Lift - Counts are now valid.
09:33:41  Level 1 Science Centre Entry 2: InCountCorrection set in registry to: 0
09:33:41  Level 1 Science Centre Entry 2: OutCountCorrection set in registry to: 0
09:33:42  Level 1 Science Centre Entry 2: has reset camera
09:33:42  Camera: Level 1 Science Centre Entry 2 - Counts are now valid.
09:34:23  Camera: Level 1 Science Centre Entry 1          	0	0
09:34:23  Level 1 Science Centre Entry 1 IrisysIP camera has reset
09:34:25  Camera: Level 2 Main Entry                      	0	0
09:34:25  Level 2 Main Entry IrisysIP camera has reset
09:34:27  Camera: Level 2 Lift                            	0	0
09:34:27  Level 2 Lift IrisysIP camera has reset
09:34:41  Camera: Level 1 Science Centre Lift             	0	0
09:34:41  Level 1 Science Centre Lift IrisysIP camera has reset
09:34:43  Camera: Level 1 Science Centre Entry 2          	0	0
09:34:43  Level 1 Science Centre Entry 2 IrisysIP camera has reset
09:36:27  Camera: Level 2 Main Entry                      	3	2
09:36:31  Zone: Zone1                    	3	2	1
09:37:28  Camera: Level 2 Main Entry                      	5	3
09:37:41  Zone: Zone1                    	5	3	2
09:45:12  Service running OK
10:00:12  Logging to daily summary: "10:00 5 3 1 0 0 0"
10:00:12  Service running OK
10:15:12  Service running OK
10:20:12  Camera: Level 1 Science Centre Entry 1          	0	1
10:20:15  Zone: Zone1                    	5	4	1
10:30:10  Logging to daily summary: "10:30 0 1 1 0 0 0"
10:30:10  Service running OK
10:33:26  Camera: Level 1 Science Centre Entry 1          	0	2
10:33:26  Zone: Zone1                    	5	5	0
10:45:08  Service running OK
11:00:08  Logging to daily summary: "11:00 0 1 0 0 0 0"
11:00:08  Service running OK
11:15:08  Service running OK
11:30:08  Logging to daily summary: "11:30 0 0 0 0 0 0"
11:30:08  Service running OK
11:45:08  Service running OK
12:00:08  Logging to daily summary: "12:00 0 0 0 0 0 0"
12:00:08  Service running OK
12:15:10  Service running OK
12:30:10  Logging to daily summary: "12:30 0 0 0 0 0 0"
12:30:10  Service running OK
12:45:10  Service running OK
13:00:10  Logging to daily summary: "13:00 0 0 0 0 0 0"
13:00:10  Service running OK
13:15:10  Service running OK
13:28:35  Error! Level 1 Science Centre Entry 1: GetCurrentCount call failed
13:28:44  Email sent successfully.
13:28:44  Level 1 Science Centre Entry 1: Closing socket to 192.168.197.10:4001 on IrisysIP Manager
13:28:55  Level 1 Science Centre Entry 1: Connecting to IrisysIP at address 192.168.197.10:4001
13:29:44  Level 1 Science Centre Entry 1: Connect Success (1)
13:30:10  Logging to daily summary: "13:30 0 0 0 0 0 0"
13:30:10  Service running OK
13:45:10  Service running OK
14:00:10  Logging to daily summary: "14:00 0 0 0 0 0 0"
14:00:10  Service running OK
14:15:12  Service running OK
14:30:01  Logging to daily summary: "14:30 0 0 0 0 0 0"
14:30:01  Service running OK
14:45:01  Service running OK
14:56:22  Camera: Level 1 Science Centre Entry 1          	0	3
14:56:22  Zone: Zone1                    	5	6	-1
15:00:17  Logging to daily summary: "15:00 0 1 0 0 0 0"
15:00:17  Service running OK
15:15:17  Service running OK
15:30:17  Logging to daily summary: "15:30 0 0 -1 0 0 0"
15:30:17  Service running OK
15:45:17  Service running OK
15:53:21  Camera: Level 2 Lift                            	0	1
15:53:21  Zone: Zone1                    	5	7	-2
16:00:16  Logging to daily summary: "16:00 0 1 -1 0 0 0"
16:00:16  Service running OK
16:15:16  Service running OK
16:29:57  Camera: Level 1 Science Centre Entry 2          	7	4
16:29:57  Zone: Zone1                    	12	11	1
16:30:16  Logging to daily summary: "16:30 7 4 -1 0 0 0"
16:30:16  Service running OK
16:30:58  Camera: Level 1 Science Centre Entry 2          	7	5
16:31:07  Zone: Zone1                    	12	12	0
16:45:14  Service running OK
16:45:15  Camera: Level 2 Main Entry                      	10	4
16:45:29  Zone: Zone1                    	17	13	4
16:46:16  Camera: Level 2 Main Entry                      	11	9
16:46:21  Zone: Zone1                    	18	18	0
16:46:27  Camera: Level 2 Lift                            	0	2
16:46:37  Zone: Zone1                    	18	19	-1
17:00:08  Logging to daily summary: "17:00 6 8 0 0 0 0"
17:00:08  Service running OK
17:15:08  Service running OK
17:30:08  Logging to daily summary: "17:30 0 0 -1 0 0 0"
17:30:08  Service running OK
17:45:08  Service running OK
18:00:08  Logging to daily summary: "18:00 0 0 -1 0 0 0"
18:00:08  Service running OK
18:15:10  Service running OK
18:30:10  Logging to daily summary: "18:30 0 0 -1 0 0 0"
18:30:10  Service running OK
18:45:10  Service running OK
19:00:10  Logging to daily summary: "19:00 0 0 -1 0 0 0"
19:00:10  Service running OK
19:15:10  Service running OK
19:30:10  Logging to daily summary: "19:30 0 0 -1 0 0 0"
19:30:10  Service running OK
19:45:10  Service running OK
20:00:10  Logging to daily summary: "20:00 0 0 -1 0 0 0"
20:00:10  Service running OK
20:15:10  Service running OK
20:30:10  Logging to daily summary: "20:30 0 0 -1 0 0 0"
20:30:10  Service running OK
20:45:10  Service running OK
21:00:10  Logging to daily summary: "21:00 0 0 -1 0 0 0"
21:00:10  Service running OK
21:15:10  Service running OK
21:30:10  Logging to daily summary: "21:30 0 0 -1 0 0 0"
21:30:10  Service running OK
21:45:10  Service running OK
22:00:15  Logging to daily summary: "22:00 0 0 -1 0 0 0"
22:00:15  Service running OK
22:00:30  Stop time reached.
22:00:30  Camera 'Level 1 Science Centre Entry 1' - final counts 0 3
22:00:30  Camera 'Level 1 Science Centre Entry 2' - final counts 7 5
22:00:30  Camera 'Level 1 Science Centre Lift' - final counts 0 0
22:00:30  Camera 'Level 2 Main Entry' - final counts 11 9
22:00:30  Camera 'Level 2 Lift' - final counts 0 2
22:00:30  Camera 'Shop A' - final counts 0 0
22:00:30  Camera 'Shop B' - final counts 0 0
22:00:30  Camera 'Shop Whale Mall' - final counts 0 0
22:00:30  Camera 'Level 2 Cafe' - final counts 0 0
22:00:30  Zone: Zone1                    	18	19	-1
22:00:30  Zone: Zone2                    	0	0	0
22:00:30  Level 1 Science Centre Entry 1: IrisysIP counts reset requested.
22:00:30  Level 1 Science Centre Entry 2: IrisysIP counts reset requested.
22:00:30  Level 1 Science Centre Lift: IrisysIP counts reset requested.
22:00:30  Level 2 Main Entry: IrisysIP counts reset requested.
22:00:30  Level 2 Lift: IrisysIP counts reset requested.
22:00:30  Shop A: IrisysIP counts reset requested.
22:00:30  Shop B: IrisysIP counts reset requested.
22:00:30  Shop Whale Mall: IrisysIP counts reset requested.
22:00:30  Level 2 Cafe: IrisysIP counts reset requested.
22:00:33  Failed to send email.
22:00:33  Displaying shutdown on 0 display(s)
22:00:33  End the manager threads.
22:00:33  Close all CAN threads.
22:00:33  All CAN threads, now flagged to be closed.
22:00:33  Close all IrisysIP threads.
22:00:49  Attempting to reset counts for IrisysIP Camera Level 2 Main Entry
22:00:49  Attempting to reset counts for IrisysIP Camera Level 2 Lift
22:00:49  Attempting to reset counts for IrisysIP Camera Level 1 Science Centre Lift
22:00:54  Attempting to reset counts for IrisysIP Camera Level 1 Science Centre Entry 2
22:01:20  Error! Level 1 Science Centre Entry 1: The IrisysIP thread needs to be terminated but has not reset.
22:01:20  Level 1 Science Centre Entry 1: The Irisys IP thread has been flagged to end.
22:01:41  Level 2 Main Entry: InCountCorrection set in registry to: 0
22:01:41  Level 2 Main Entry: OutCountCorrection set in registry to: 0
22:01:42  Level 2 Main Entry: has reset camera
22:01:43  Level 2 Lift: InCountCorrection set in registry to: 0
22:01:43  Level 2 Lift: OutCountCorrection set in registry to: 0
22:01:44  Level 2 Lift: has reset camera
22:01:44  Level 1 Science Centre Lift: InCountCorrection set in registry to: 0
22:01:44  Level 1 Science Centre Lift: OutCountCorrection set in registry to: 0
22:01:45  Level 1 Science Centre Lift: has reset camera
22:01:46  Level 1 Science Centre Entry 2: InCountCorrection set in registry to: 0
22:01:46  Level 1 Science Centre Entry 2: OutCountCorrection set in registry to: 0
22:01:47  Level 1 Science Centre Entry 2: has reset camera
22:01:47  Level 1 Science Centre Entry 1: Main Data Collection loop has finished (g_bStopFlag=0, m_bEndThread=1).
22:01:47  Level 1 Science Centre Entry 1: The Irisys IP thread has ended.
22:01:47  Level 1 Science Centre Entry 2: The Irisys IP thread has been flagged to end.
22:02:43  Camera: Level 2 Main Entry                      	0	0
22:02:43  Level 2 Main Entry IrisysIP camera has reset
22:02:45  Camera: Level 2 Lift                            	0	0
22:02:45  Level 2 Lift IrisysIP camera has reset
22:02:46  Level 1 Science Centre Entry 2: Main Data Collection loop has finished (g_bStopFlag=0, m_bEndThread=1).
22:02:46  Level 1 Science Centre Entry 2: The Irisys IP thread has ended.
22:02:46  Level 1 Science Centre Lift: The Irisys IP thread has been flagged to end.
22:02:47  Level 1 Science Centre Lift: Main Data Collection loop has finished (g_bStopFlag=0, m_bEndThread=1).
22:02:47  Level 1 Science Centre Lift: The Irisys IP thread has ended.
22:02:47  Level 2 Main Entry: The Irisys IP thread has been flagged to end.
22:02:47  Level 2 Main Entry: Main Data Collection loop has finished (g_bStopFlag=0, m_bEndThread=1).
22:02:47  Level 2 Main Entry: The Irisys IP thread has ended.
22:02:47  Level 2 Lift: The Irisys IP thread has been flagged to end.
22:02:47  Level 2 Lift: Main Data Collection loop has finished (g_bStopFlag=0, m_bEndThread=1).
22:02:47  Level 2 Lift: The Irisys IP thread has ended.
22:02:47  Shop A: The Irisys IP thread has been flagged to end.
22:02:47  Shop A: Main Data Collection loop has finished (g_bStopFlag=0, m_bEndThread=1).
22:02:47  Shop A: The Irisys IP thread has ended.
22:02:47  Shop B: The Irisys IP thread has been flagged to end.
22:02:48  Shop B: Main Data Collection loop has finished (g_bStopFlag=0, m_bEndThread=1).
22:02:48  Shop B: The Irisys IP thread has ended.
22:02:48  Shop Whale Mall: The Irisys IP thread has been flagged to end.
22:02:48  Shop Whale Mall: Main Data Collection loop has finished (g_bStopFlag=0, m_bEndThread=1).
22:02:48  Shop Whale Mall: The Irisys IP thread has ended.
22:02:48  Level 2 Cafe: The Irisys IP thread has been flagged to end.
22:02:48  Level 2 Cafe: Main Data Collection loop has finished (g_bStopFlag=0, m_bEndThread=1).
22:02:48  Level 2 Cafe: The Irisys IP thread has ended.
22:02:48  All IrisysIP threads, now flagged to be closed.
22:02:48  Close all iCount threads.
22:02:48  All iCount threads, now flagged to be closed.
22:02:48  Close all eDAM threads.
22:02:48  All eDAM threads, now flagged to be closed.
22:02:48  Camera 'Level 1 Science Centre Entry 1' - maximum flow 1 at 10:21:10
22:02:48  Camera 'Level 1 Science Centre Entry 2' - maximum flow 11 at 16:30:16
22:02:48  Camera 'Level 1 Science Centre Lift' - maximum flow 0 at 09:30:00
22:02:48  Camera 'Level 2 Main Entry' - maximum flow 6 at 16:46:06
22:02:48  Camera 'Level 2 Lift' - maximum flow 1 at 15:54:16
22:02:48  Camera 'Shop A' - maximum flow 0 at 09:30:00
22:02:48  Camera 'Shop B' - maximum flow 0 at 09:30:00
22:02:48  Camera 'Shop Whale Mall' - maximum flow 0 at 09:30:00
22:02:48  Camera 'Level 2 Cafe' - maximum flow 0 at 09:30:00
22:02:48  Camera 'Level 1 Science Centre Entry 1' refreshing registry counts
22:02:48  Camera 'Level 1 Science Centre Entry 2' refreshing registry counts
22:02:48  Camera 'Level 1 Science Centre Lift' refreshing registry counts
22:02:48  Camera 'Level 2 Main Entry' refreshing registry counts
22:02:48  Camera 'Level 2 Lift' refreshing registry counts
22:02:48  Camera 'Shop A' refreshing registry counts
22:02:48  Camera 'Shop B' refreshing registry counts
22:02:48  Camera 'Shop Whale Mall' refreshing registry counts
22:02:48  Camera 'Level 2 Cafe' refreshing registry counts
22:02:48  Zone 'Zone1' refreshing file counts
22:02:48  Zone 'Zone2' refreshing file counts
22:02:48  Processing application not specified
22:02:48  Logging Counting Stopped

