
07:28:00  RECAP $Revision: 3.13.2.13 $ ($State: Exp $) built 09:15:45, Aug  3 2010
07:28:00  Logging Counting Started
07:28:00  Start time: 09:30 (570 minutes past midnight)
07:28:00  Stop time: 22:00 (1320 minutes past midnight)
07:28:00  Log period: 30 minutes
07:28:00  Initialising 0 display(s)
07:28:00  Initialising 9 camera(s)
07:28:00  IrisysIP counter(s) in use, Starting BlackFin API
07:28:00  If RECAP crashes, check .NET framework and VCRedist are installed.
07:28:00  BlackFin API Started.
07:28:00  BlackFin API Started up OK. Version: 1.10.0.5
07:28:00  Initialising 2 zone(s)
07:28:00  Outputting 'Zone1' zone data to 'Zones\Zone1.txt'
07:28:00  Outputting 'Zone2' zone data to 'Zones\Zone2.txt'
07:28:00  Displaying shutdown on 0 display(s)
07:28:00  Waiting till start time
09:30:00  Start time reached
09:30:00  Adding Level 1 Science Centre Entry 1 thread to Watchdog
09:30:00  Level 1 Science Centre Entry 1: InCountCorrection set in registry to: 0
09:30:00  Level 1 Science Centre Entry 1: OutCountCorrection set in registry to: 0
09:30:00  Adding Level 1 Science Centre Entry 2 thread to Watchdog
09:30:00  Level 1 Science Centre Entry 2: InCountCorrection set in registry to: 0
09:30:00  Level 1 Science Centre Entry 2: OutCountCorrection set in registry to: 0
09:30:00  Adding Level 1 Science Centre Lift thread to Watchdog
09:30:00  Level 1 Science Centre Lift: InCountCorrection set in registry to: 0
09:30:00  Level 1 Science Centre Lift: OutCountCorrection set in registry to: 0
09:30:00  Adding Level 2 Main Entry thread to Watchdog
09:30:00  Level 2 Main Entry: InCountCorrection set in registry to: 0
09:30:00  Level 2 Main Entry: OutCountCorrection set in registry to: 0
09:30:00  Adding Level 2 Lift thread to Watchdog
09:30:00  Level 2 Lift: InCountCorrection set in registry to: 0
09:30:00  Level 2 Lift: OutCountCorrection set in registry to: 0
09:30:00  Adding Shop A thread to Watchdog
09:30:00  Shop A: InCountCorrection set in registry to: 0
09:30:00  Shop A: OutCountCorrection set in registry to: 0
09:30:00  Adding Shop B thread to Watchdog
09:30:00  Shop B: InCountCorrection set in registry to: 0
09:30:00  Shop B: OutCountCorrection set in registry to: 0
09:30:00  Adding Shop Whale Mall thread to Watchdog
09:30:00  Shop Whale Mall: InCountCorrection set in registry to: 0
09:30:00  Shop Whale Mall: OutCountCorrection set in registry to: 0
09:30:00  Adding Level 2 Cafe thread to Watchdog
09:30:00  Level 2 Cafe: InCountCorrection set in registry to: 0
09:30:00  Level 2 Cafe: OutCountCorrection set in registry to: 0
09:30:01  New day, Reset counts and busiest times in registry
09:30:01  Camera Level 1 Science Centre Entry 1 Counts 	= In:0, Out:0
09:30:01  Camera Level 1 Science Centre Entry 2 Counts 	= In:0, Out:0
09:30:01  Camera Level 1 Science Centre Lift Counts 	= In:0, Out:0
09:30:01  Camera Level 2 Main Entry Counts 	= In:0, Out:0
09:30:01  Camera Level 2 Lift Counts 	= In:0, Out:0
09:30:01  Camera Shop A Counts 	= In:0, Out:0
09:30:01  Camera Shop B Counts 	= In:0, Out:0
09:30:01  Camera Shop Whale Mall Counts 	= In:0, Out:0
09:30:01  Camera Level 2 Cafe Counts 	= In:0, Out:0
09:30:02  Starting main data collection loop.
09:30:05  Zone: Zone1                    	0	0	0
09:30:05  Zone: Zone2                    	0	0	0
09:30:05  Logging to daily summary: "09:30 0 0 0 0 0 0"
09:30:05  Service running OK
09:30:10  Level 1 Science Centre Lift: Connect Success (3) (serial num:2158593853)
09:30:10  Level 1 Science Centre Lift: MAC:00-21-AC-00-30-1A IP Firmware:4.0.2.30311 Monitor Firmware:42.4.0.404
09:30:13  Level 1 Science Centre Lift: Status msgs: 0,0
09:30:13  Level 1 Science Centre Lift: Current DeviceID: DefaultID
09:30:19  Level 1 Science Centre Entry 2: Connect Success (2) (serial num:2158593777)
09:30:20  Level 1 Science Centre Entry 1: Connect Success (1) (serial num:2158593798)
09:30:20  Level 1 Science Centre Entry 2: MAC:00-21-AC-00-30-3B IP Firmware:4.0.2.30311 Monitor Firmware:42.4.0.404
09:30:21  Level 1 Science Centre Entry 1: MAC:00-21-AC-00-30-39 IP Firmware:4.0.2.30311 Monitor Firmware:42.4.0.404
09:30:22  Level 1 Science Centre Entry 2: Status msgs: 0,0
09:30:23  Level 1 Science Centre Entry 2: Current DeviceID: DefaultID
09:30:23  Level 1 Science Centre Entry 1: Status msgs: 0,0
09:30:23  Level 1 Science Centre Entry 1: Current DeviceID: DefaultID
09:30:52  Level 2 Main Entry: Connect Success (4) (serial num:2158593780)
09:30:53  Level 2 Main Entry: MAC:00-21-AC-00-30-D9 IP Firmware:4.0.2.30311 Monitor Firmware:42.4.0.404
09:30:56  Level 2 Main Entry: Status msgs: 0,0
09:30:56  Level 2 Main Entry: Current DeviceID: DefaultID
09:30:56  Level 2 Lift: Connect Success (5) (serial num:2158593872)
09:30:57  Level 2 Lift: MAC:00-21-AC-00-2F-8C IP Firmware:4.0.2.30311 Monitor Firmware:42.4.0.404
09:30:59  Level 2 Lift: Status msgs: 0,0
09:30:59  Level 2 Lift: Current DeviceID: DefaultID
09:32:16  Initial Camera Level 1 Science Centre Lift Counts 	= In:0, Out:0
09:32:20  Level 1 Science Centre Lift: Date last reset in registry is not today (reset required): 10/12/11
09:32:20  Attempting to reset counts for IrisysIP Camera Level 1 Science Centre Lift
09:33:16  Level 1 Science Centre Lift: InCountCorrection set in registry to: 0
09:33:16  Level 1 Science Centre Lift: OutCountCorrection set in registry to: 0
09:33:17  Initial Camera Level 1 Science Centre Entry 2 Counts 	= In:0, Out:0
09:33:17  Level 1 Science Centre Lift: has reset camera
09:33:17  Initial Camera Level 1 Science Centre Entry 1 Counts 	= In:0, Out:0
09:33:17  Camera: Level 1 Science Centre Lift - Counts are now valid.
09:33:17  Initial Camera Level 2 Main Entry Counts 	= In:0, Out:1
09:33:17  Initial Camera Level 2 Lift Counts 	= In:0, Out:0
09:33:21  Level 1 Science Centre Entry 1: Date last reset in registry is not today (reset required): 10/12/11
09:33:21  Level 1 Science Centre Entry 2: Date last reset in registry is not today (reset required): 10/12/11
09:33:21  Level 2 Main Entry: Date last reset in registry is not today (reset required): 10/12/11
09:33:21  Level 2 Lift: Date last reset in registry is not today (reset required): 10/12/11
09:33:21  Attempting to reset counts for IrisysIP Camera Level 1 Science Centre Entry 1
09:33:21  Attempting to reset counts for IrisysIP Camera Level 1 Science Centre Entry 2
09:33:21  Attempting to reset counts for IrisysIP Camera Level 2 Main Entry
09:33:21  Attempting to reset counts for IrisysIP Camera Level 2 Lift
09:33:26  Level 1 Science Centre Entry 1: InCountCorrection set in registry to: 0
09:33:26  Level 1 Science Centre Entry 1: OutCountCorrection set in registry to: 0
09:33:27  Level 1 Science Centre Entry 1: has reset camera
09:33:27  Camera: Level 1 Science Centre Entry 1 - Counts are now valid.
09:33:28  Level 1 Science Centre Entry 2: InCountCorrection set in registry to: 0
09:33:28  Level 1 Science Centre Entry 2: OutCountCorrection set in registry to: 0
09:33:29  Level 1 Science Centre Entry 2: has reset camera
09:33:29  Camera: Level 1 Science Centre Entry 2 - Counts are now valid.
09:33:59  Level 2 Main Entry: InCountCorrection set in registry to: 0
09:33:59  Level 2 Main Entry: OutCountCorrection set in registry to: 0
09:34:00  Level 2 Main Entry: has reset camera
09:34:00  Camera: Level 2 Main Entry - Counts are now valid.
09:34:02  Level 2 Lift: InCountCorrection set in registry to: 0
09:34:02  Level 2 Lift: OutCountCorrection set in registry to: 0
09:34:03  Level 2 Lift: has reset camera
09:34:03  Camera: Level 2 Lift - Counts are now valid.
09:34:18  Camera: Level 1 Science Centre Lift             	0	0
09:34:18  Level 1 Science Centre Lift IrisysIP camera has reset
09:34:29  Camera: Level 1 Science Centre Entry 1          	0	0
09:34:29  Level 1 Science Centre Entry 1 IrisysIP camera has reset
09:34:30  Camera: Level 1 Science Centre Entry 2          	0	0
09:34:30  Level 1 Science Centre Entry 2 IrisysIP camera has reset
09:35:01  Camera: Level 2 Main Entry                      	3	4
09:35:04  Camera: Level 2 Lift                            	0	0
09:35:04  Level 2 Lift IrisysIP camera has reset
09:35:06  Zone: Zone1                    	3	4	-1
09:36:02  Camera: Level 2 Main Entry                      	5	4
09:36:13  Zone: Zone1                    	5	4	1
09:37:03  Camera: Level 2 Main Entry                      	6	4
09:37:05  Zone: Zone1                    	6	4	2
09:38:04  Camera: Level 2 Main Entry                      	10	5
09:38:15  Zone: Zone1                    	10	5	5
09:39:05  Camera: Level 2 Main Entry                      	12	8
09:39:07  Zone: Zone1                    	12	8	4
09:40:06  Camera: Level 2 Main Entry                      	12	9
09:40:17  Zone: Zone1                    	12	9	3
09:41:07  Camera: Level 2 Main Entry                      	12	11
09:41:09  Zone: Zone1                    	12	11	1
09:45:04  Service running OK
10:00:04  Logging to daily summary: "10:00 12 11 1 0 0 0"
10:00:04  Service running OK
10:15:04  Service running OK
10:30:04  Logging to daily summary: "10:30 0 0 1 0 0 0"
10:30:04  Service running OK
10:45:04  Service running OK
11:00:04  Logging to daily summary: "11:00 0 0 1 0 0 0"
11:00:04  Service running OK
11:15:04  Service running OK
11:30:04  Logging to daily summary: "11:30 0 0 1 0 0 0"
11:30:04  Service running OK
11:45:04  Service running OK
12:00:04  Logging to daily summary: "12:00 0 0 1 0 0 0"
12:00:04  Service running OK
12:15:05  Service running OK
12:30:05  Logging to daily summary: "12:30 0 0 1 0 0 0"
12:30:05  Service running OK
12:45:05  Service running OK
13:00:05  Logging to daily summary: "13:00 0 0 1 0 0 0"
13:00:05  Service running OK
13:15:05  Service running OK
13:30:08  Logging to daily summary: "13:30 0 0 1 0 0 0"
13:30:08  Service running OK
13:45:08  Service running OK
14:00:09  Logging to daily summary: "14:00 0 0 1 0 0 0"
14:00:09  Service running OK
14:15:09  Service running OK
14:23:08  Camera: Level 2 Main Entry                      	14	11
14:23:12  Zone: Zone1                    	14	11	3
14:24:09  Camera: Level 2 Main Entry                      	14	13
14:24:22  Zone: Zone1                    	14	13	1
14:25:10  Camera: Level 2 Main Entry                      	15	14
14:25:14  Zone: Zone1                    	15	14	1
14:26:11  Camera: Level 2 Main Entry                      	16	14
14:26:24  Zone: Zone1                    	16	14	2
14:30:01  Logging to daily summary: "14:30 4 3 1 0 0 0"
14:30:01  Service running OK
14:45:01  Service running OK
15:00:01  Logging to daily summary: "15:00 0 0 2 0 0 0"
15:00:01  Service running OK
15:15:01  Service running OK
15:30:02  Logging to daily summary: "15:30 0 0 2 0 0 0"
15:30:02  Service running OK
15:45:03  Service running OK
16:00:15  Logging to daily summary: "16:00 0 0 2 0 0 0"
16:00:15  Service running OK
16:15:15  Service running OK
16:30:15  Logging to daily summary: "16:30 0 0 2 0 0 0"
16:30:15  Service running OK
16:36:30  Camera: Level 2 Main Entry                      	18	15
16:36:30  Zone: Zone1                    	18	15	3
16:45:13  Service running OK
16:53:41  Stopping during opening hours
16:53:41  Level 1 Science Centre Entry 1: The Irisys IP Manager destructor has flagged the thread to end.
16:53:46  Level 2 Main Entry: Main Data Collection loop has finished (g_bStopFlag=1, m_bEndThread=0).
16:53:50  Level 2 Lift: Main Data Collection loop has finished (g_bStopFlag=1, m_bEndThread=0).
