
07:28:00  RECAP $Revision: 3.13.2.13 $ ($State: Exp $) built 09:15:45, Aug  3 2010
07:28:00  Logging Counting Started
07:28:00  Start time: 09:30 (570 minutes past midnight)
07:28:00  Stop time: 22:00 (1320 minutes past midnight)
07:28:00  Log period: 30 minutes
07:28:00  Initialising 0 display(s)
07:28:00  Initialising 9 camera(s)
07:28:00  IrisysIP counter(s) in use, Starting BlackFin API
07:28:00  If RECAP crashes, check .NET framework and VCRedist are installed.
07:28:00  BlackFin API Started.
07:28:00  BlackFin API Started up OK. Version: 1.10.0.5
07:28:00  Initialising 2 zone(s)
07:28:00  Outputting 'Zone1' zone data to 'Zones\Zone1.txt'
07:28:00  Outputting 'Zone2' zone data to 'Zones\Zone2.txt'
07:28:00  Displaying shutdown on 0 display(s)
07:28:00  Waiting till start time
09:30:00  Start time reached
09:30:00  Adding Level 1 Science Centre Entry 1 thread to Watchdog
09:30:00  Level 1 Science Centre Entry 1: InCountCorrection set in registry to: 0
09:30:00  Level 1 Science Centre Entry 1: OutCountCorrection set in registry to: 0
09:30:00  Adding Level 1 Science Centre Entry 2 thread to Watchdog
09:30:00  Level 1 Science Centre Entry 2: InCountCorrection set in registry to: 0
09:30:00  Level 1 Science Centre Entry 2: OutCountCorrection set in registry to: 0
09:30:00  Adding Level 1 Science Centre Lift thread to Watchdog
09:30:00  Level 1 Science Centre Lift: InCountCorrection set in registry to: 0
09:30:00  Level 1 Science Centre Lift: OutCountCorrection set in registry to: 0
09:30:00  Adding Level 2 Main Entry thread to Watchdog
09:30:00  Level 2 Main Entry: InCountCorrection set in registry to: 0
09:30:00  Level 2 Main Entry: OutCountCorrection set in registry to: 0
09:30:00  Adding Level 2 Lift thread to Watchdog
09:30:00  Level 2 Lift: InCountCorrection set in registry to: 0
09:30:00  Level 2 Lift: OutCountCorrection set in registry to: 0
09:30:00  Adding Shop A thread to Watchdog
09:30:00  Shop A: InCountCorrection set in registry to: 0
09:30:00  Shop A: OutCountCorrection set in registry to: 0
09:30:00  Adding Shop B thread to Watchdog
09:30:00  Shop B: InCountCorrection set in registry to: 0
09:30:00  Shop B: OutCountCorrection set in registry to: 0
09:30:00  Adding Shop Whale Mall thread to Watchdog
09:30:00  Shop Whale Mall: InCountCorrection set in registry to: 0
09:30:00  Shop Whale Mall: OutCountCorrection set in registry to: 0
09:30:00  Adding Level 2 Cafe thread to Watchdog
09:30:00  Level 2 Cafe: InCountCorrection set in registry to: 0
09:30:00  Level 2 Cafe: OutCountCorrection set in registry to: 0
09:30:01  New day, Reset counts and busiest times in registry
09:30:01  Camera Level 1 Science Centre Entry 1 Counts 	= In:0, Out:0
09:30:01  Camera Level 1 Science Centre Entry 2 Counts 	= In:0, Out:0
09:30:01  Camera Level 1 Science Centre Lift Counts 	= In:0, Out:0
09:30:01  Camera Level 2 Main Entry Counts 	= In:0, Out:0
09:30:01  Camera Level 2 Lift Counts 	= In:0, Out:0
09:30:01  Camera Shop A Counts 	= In:0, Out:0
09:30:01  Camera Shop B Counts 	= In:0, Out:0
09:30:01  Camera Shop Whale Mall Counts 	= In:0, Out:0
09:30:01  Camera Level 2 Cafe Counts 	= In:0, Out:0
09:30:02  Starting main data collection loop.
09:30:05  Zone: Zone1                    	0	0	0
09:30:05  Zone: Zone2                    	0	0	0
09:30:05  Logging to daily summary: "09:30 0 0 0 0 0 0"
09:30:05  Service running OK
09:30:07  Shop A: Connect Success (6) (serial num:2158593779)
09:30:08  Shop A: MAC:00-21-AC-00-30-21 IP Firmware:4.0.2.30311 Monitor Firmware:42.4.0.404
09:30:09  Level 1 Science Centre Entry 1: Connect Success (1) (serial num:2158593798)
09:30:09  Level 1 Science Centre Lift: Connect Success (3) (serial num:2158593853)
09:30:10  Level 1 Science Centre Entry 1: MAC:00-21-AC-00-30-39 IP Firmware:4.0.2.30311 Monitor Firmware:42.4.0.404
09:30:10  Level 1 Science Centre Lift: MAC:00-21-AC-00-30-1A IP Firmware:4.0.2.30311 Monitor Firmware:42.4.0.404
09:30:15  Shop A: Status msgs: 0,0
09:30:15  Shop A: Current DeviceID: DefaultID
09:30:16  Level 2 Lift: Connect Success (5) (serial num:2158593872)
09:30:17  Level 1 Science Centre Entry 2: Connect Success (2) (serial num:2158593777)
09:30:18  Level 2 Lift: MAC:00-21-AC-00-2F-8C IP Firmware:4.0.2.30311 Monitor Firmware:42.4.0.404
09:30:18  Level 1 Science Centre Entry 2: MAC:00-21-AC-00-30-3B IP Firmware:4.0.2.30311 Monitor Firmware:42.4.0.404
09:30:19  Level 2 Main Entry: Connect Success (4) (serial num:2158593780)
09:30:20  Level 2 Main Entry: MAC:00-21-AC-00-30-D9 IP Firmware:4.0.2.30311 Monitor Firmware:42.4.0.404
09:30:21  Level 1 Science Centre Entry 1: Status msgs: 0,0
09:30:22  Level 1 Science Centre Lift: Status msgs: 0,0
09:30:22  Level 1 Science Centre Entry 1: Current DeviceID: DefaultID
09:30:22  Level 1 Science Centre Lift: Current DeviceID: DefaultID
09:30:28  Level 2 Lift: Status msgs: 0,0
09:30:28  Level 2 Lift: Current DeviceID: DefaultID
09:30:30  Level 2 Main Entry: Status msgs: 0,0
09:30:30  Level 1 Science Centre Entry 2: Status msgs: 0,0
09:30:30  Level 2 Main Entry: Current DeviceID: DefaultID
09:30:30  Level 1 Science Centre Entry 2: Current DeviceID: DefaultID
09:32:18  Initial Camera Shop A Counts 	= In:19, Out:19
09:32:22  Shop A: Date last reset in registry is not today (reset required): 07/01/12
09:32:22  Attempting to reset counts for IrisysIP Camera Shop A
09:33:18  Shop A: InCountCorrection set in registry to: 0
09:33:18  Shop A: OutCountCorrection set in registry to: 0
09:33:19  Initial Camera Level 1 Science Centre Entry 1 Counts 	= In:0, Out:0
09:33:19  Shop A: has reset camera
09:33:19  Initial Camera Level 1 Science Centre Lift Counts 	= In:0, Out:0
09:33:19  Camera: Shop A - Counts are now valid.
09:33:19  Initial Camera Level 2 Lift Counts 	= In:0, Out:0
09:33:19  Initial Camera Level 2 Main Entry Counts 	= In:10, Out:1
09:33:19  Initial Camera Level 1 Science Centre Entry 2 Counts 	= In:0, Out:0
09:33:23  Level 2 Main Entry: Date last reset in registry is not today (reset required): 07/01/12
09:33:23  Level 2 Lift: Date last reset in registry is not today (reset required): 07/01/12
09:33:23  Level 1 Science Centre Entry 1: Date last reset in registry is not today (reset required): 07/01/12
09:33:23  Level 1 Science Centre Lift: Date last reset in registry is not today (reset required): 07/01/12
09:33:23  Level 1 Science Centre Entry 2: Date last reset in registry is not today (reset required): 07/01/12
09:33:23  Attempting to reset counts for IrisysIP Camera Level 2 Main Entry
09:33:23  Attempting to reset counts for IrisysIP Camera Level 2 Lift
09:33:23  Attempting to reset counts for IrisysIP Camera Level 1 Science Centre Entry 1
09:33:23  Attempting to reset counts for IrisysIP Camera Level 1 Science Centre Lift
09:33:23  Attempting to reset counts for IrisysIP Camera Level 1 Science Centre Entry 2
09:33:34  Level 2 Main Entry: InCountCorrection set in registry to: 0
09:33:34  Level 2 Main Entry: OutCountCorrection set in registry to: 0
09:33:35  Level 2 Main Entry: has reset camera
09:33:35  Camera: Level 2 Main Entry - Counts are now valid.
09:33:35  Level 2 Lift: InCountCorrection set in registry to: 0
09:33:35  Level 2 Lift: OutCountCorrection set in registry to: 0
09:33:36  Level 2 Lift: has reset camera
09:33:36  Camera: Level 2 Lift - Counts are now valid.
09:33:37  Level 1 Science Centre Entry 1: InCountCorrection set in registry to: 0
09:33:37  Level 1 Science Centre Entry 1: OutCountCorrection set in registry to: 0
09:33:38  Level 1 Science Centre Entry 1: has reset camera
09:33:38  Camera: Level 1 Science Centre Entry 1 - Counts are now valid.
09:33:39  Level 1 Science Centre Lift: InCountCorrection set in registry to: 0
09:33:39  Level 1 Science Centre Lift: OutCountCorrection set in registry to: 0
09:33:40  Level 1 Science Centre Lift: has reset camera
09:33:40  Camera: Level 1 Science Centre Lift - Counts are now valid.
09:33:41  Level 1 Science Centre Entry 2: InCountCorrection set in registry to: 0
09:33:41  Level 1 Science Centre Entry 2: OutCountCorrection set in registry to: 0
09:33:42  Level 1 Science Centre Entry 2: has reset camera
09:33:42  Camera: Level 1 Science Centre Entry 2 - Counts are now valid.
09:34:20  Camera: Shop A                                  	0	0
09:34:20  Shop A IrisysIP camera has reset
09:34:36  Camera: Level 2 Main Entry                      	0	0
09:34:36  Level 2 Main Entry IrisysIP camera has reset
09:34:37  Camera: Level 2 Lift                            	0	0
09:34:37  Level 2 Lift IrisysIP camera has reset
09:34:39  Camera: Level 1 Science Centre Entry 1          	0	0
09:34:39  Level 1 Science Centre Entry 1 IrisysIP camera has reset
09:34:41  Camera: Level 1 Science Centre Lift             	0	0
09:34:41  Level 1 Science Centre Lift IrisysIP camera has reset
09:34:43  Camera: Level 1 Science Centre Entry 2          	0	0
09:34:43  Level 1 Science Centre Entry 2 IrisysIP camera has reset
09:44:31  Camera: Shop A                                  	0	2
09:44:33  Zone: Zone1                    	2	0	2
09:44:33  Zone: Zone2                    	0	2	-2
09:45:10  Service running OK
09:45:32  Camera: Shop A                                  	0	4
09:45:43  Zone: Zone1                    	4	0	4
09:45:43  Zone: Zone2                    	0	4	-4
09:46:33  Camera: Shop A                                  	4	6
09:46:35  Zone: Zone1                    	6	4	2
09:46:35  Zone: Zone2                    	4	6	-2
09:49:37  Camera: Shop A                                  	6	6
09:49:51  Zone: Zone1                    	6	6	0
09:49:51  Zone: Zone2                    	6	6	0
10:00:04  Logging to daily summary: "10:00 6 6 0 6 6 0"
10:00:04  Service running OK
10:15:04  Service running OK
10:30:04  Logging to daily summary: "10:30 0 0 0 0 0 0"
10:30:04  Service running OK
10:37:28  Camera: Shop A                                  	7	8
10:37:34  Zone: Zone1                    	8	7	1
10:37:34  Zone: Zone2                    	7	8	-1
10:45:05  Service running OK
11:00:12  Logging to daily summary: "11:00 2 1 0 1 2 0"
11:00:12  Service running OK
11:15:17  Service running OK
11:30:01  Logging to daily summary: "11:30 0 0 1 0 0 -1"
11:30:01  Service running OK
11:45:09  Service running OK
12:00:09  Logging to daily summary: "12:00 0 0 1 0 0 -1"
12:00:09  Service running OK
12:04:02  Camera: Shop A                                  	7	10
12:04:03  Zone: Zone1                    	10	7	3
12:04:03  Zone: Zone2                    	7	10	-3
12:15:10  Service running OK
12:30:11  Logging to daily summary: "12:30 2 0 2 0 2 -2"
12:30:11  Service running OK
12:45:11  Service running OK
13:00:11  Logging to daily summary: "13:00 0 0 3 0 0 -3"
13:00:11  Service running OK
13:15:11  Service running OK
13:30:11  Logging to daily summary: "13:30 0 0 3 0 0 -3"
13:30:11  Service running OK
13:45:11  Service running OK
14:00:11  Logging to daily summary: "14:00 0 0 3 0 0 -3"
14:00:11  Service running OK
14:15:14  Service running OK
14:30:14  Logging to daily summary: "14:30 0 0 3 0 0 -3"
14:30:14  Service running OK
14:45:14  Service running OK
15:00:14  Logging to daily summary: "15:00 0 0 3 0 0 -3"
15:00:14  Service running OK
15:14:24  Camera: Shop A                                  	7	11
15:14:35  Zone: Zone1                    	11	7	4
15:14:35  Zone: Zone2                    	7	11	-4
15:15:12  Service running OK
15:15:46  Camera: Level 1 Science Centre Lift             	3	0
15:15:46  Zone: Zone1                    	14	7	7
15:30:11  Logging to daily summary: "15:30 4 0 5 0 1 -3"
15:30:11  Service running OK
15:45:11  Service running OK
16:00:13  Logging to daily summary: "16:00 0 0 7 0 0 -4"
16:00:13  Service running OK
16:15:13  Service running OK
16:30:13  Logging to daily summary: "16:30 0 0 7 0 0 -4"
16:30:13  Service running OK
16:44:14  Camera: Level 2 Main Entry                      	1	0
16:44:16  Zone: Zone1                    	15	7	8
16:45:11  Service running OK
16:45:16  Camera: Level 2 Main Entry                      	6	2
16:45:26  Zone: Zone1                    	20	9	11
16:46:17  Camera: Level 2 Main Entry                      	8	4
16:46:18  Zone: Zone1                    	22	11	11
16:48:19  Camera: Level 2 Main Entry                      	9	6
16:48:22  Zone: Zone1                    	23	13	10
17:00:06  Logging to daily summary: "17:00 9 6 8 0 0 -4"
17:00:06  Service running OK
17:01:58  Level 1 Science Centre Entry 1: The Irisys IP Manager destructor has flagged the thread to end.
17:02:02  Shop Whale Mall: Main Data Collection loop has finished (g_bStopFlag=1, m_bEndThread=0).
17:02:02  Level 2 Cafe: Main Data Collection loop has finished (g_bStopFlag=1, m_bEndThread=0).
17:02:02  Shop B: Main Data Collection loop has finished (g_bStopFlag=1, m_bEndThread=0).
17:02:17  Shop A: Main Data Collection loop has finished (g_bStopFlag=1, m_bEndThread=0).
