
07:28:01  RECAP $Revision: 3.13.2.13 $ ($State: Exp $) built 09:15:45, Aug  3 2010
07:28:01  Logging Counting Started
07:28:01  Start time: 09:30 (570 minutes past midnight)
07:28:01  Stop time: 22:00 (1320 minutes past midnight)
07:28:01  Log period: 30 minutes
07:28:01  Initialising 0 display(s)
07:28:01  Initialising 9 camera(s)
07:28:01  IrisysIP counter(s) in use, Starting BlackFin API
07:28:01  If RECAP crashes, check .NET framework and VCRedist are installed.
07:28:01  BlackFin API Started.
07:28:01  BlackFin API Started up OK. Version: 1.10.0.5
07:28:01  Initialising 2 zone(s)
07:28:01  Outputting 'Zone1' zone data to 'Zones\Zone1.txt'
07:28:01  Outputting 'Zone2' zone data to 'Zones\Zone2.txt'
07:28:01  Displaying shutdown on 0 display(s)
07:28:01  Waiting till start time
09:30:00  Start time reached
09:30:00  Adding Level 1 Science Centre Entry 1 thread to Watchdog
09:30:00  Level 1 Science Centre Entry 1: InCountCorrection set in registry to: 0
09:30:00  Level 1 Science Centre Entry 1: OutCountCorrection set in registry to: 0
09:30:00  Adding Level 1 Science Centre Entry 2 thread to Watchdog
09:30:00  Level 1 Science Centre Entry 2: InCountCorrection set in registry to: 0
09:30:00  Level 1 Science Centre Entry 2: OutCountCorrection set in registry to: 0
09:30:00  Adding Level 1 Science Centre Lift thread to Watchdog
09:30:00  Level 1 Science Centre Lift: InCountCorrection set in registry to: 0
09:30:00  Level 1 Science Centre Lift: OutCountCorrection set in registry to: 0
09:30:00  Adding Level 2 Main Entry thread to Watchdog
09:30:00  Level 2 Main Entry: InCountCorrection set in registry to: 0
09:30:00  Level 2 Main Entry: OutCountCorrection set in registry to: 0
09:30:00  Adding Level 2 Lift thread to Watchdog
09:30:00  Level 2 Lift: InCountCorrection set in registry to: 0
09:30:00  Level 2 Lift: OutCountCorrection set in registry to: 0
09:30:00  Adding Shop A thread to Watchdog
09:30:00  Shop A: InCountCorrection set in registry to: 0
09:30:00  Shop A: OutCountCorrection set in registry to: 0
09:30:00  Adding Shop B thread to Watchdog
09:30:00  Shop B: InCountCorrection set in registry to: 0
09:30:00  Shop B: OutCountCorrection set in registry to: 0
09:30:00  Adding Shop Whale Mall thread to Watchdog
09:30:00  Shop Whale Mall: InCountCorrection set in registry to: 0
09:30:00  Shop Whale Mall: OutCountCorrection set in registry to: 0
09:30:00  Adding Level 2 Cafe thread to Watchdog
09:30:00  Level 2 Cafe: InCountCorrection set in registry to: 0
09:30:00  Level 2 Cafe: OutCountCorrection set in registry to: 0
09:30:01  New day, Reset counts and busiest times in registry
09:30:01  Camera Level 1 Science Centre Entry 1 Counts 	= In:0, Out:0
09:30:01  Camera Level 1 Science Centre Entry 2 Counts 	= In:0, Out:0
09:30:01  Camera Level 1 Science Centre Lift Counts 	= In:0, Out:0
09:30:01  Camera Level 2 Main Entry Counts 	= In:0, Out:0
09:30:01  Camera Level 2 Lift Counts 	= In:0, Out:0
09:30:01  Camera Shop A Counts 	= In:0, Out:0
09:30:01  Camera Shop B Counts 	= In:0, Out:0
09:30:01  Camera Shop Whale Mall Counts 	= In:0, Out:0
09:30:01  Camera Level 2 Cafe Counts 	= In:0, Out:0
09:30:02  Starting main data collection loop.
09:30:02  Level 2 Lift: Connect Success (5) (serial num:2158593872)
09:30:02  Level 1 Science Centre Lift: Connect Success (3) (serial num:2158593853)
09:30:03  Level 2 Lift: MAC:00-21-AC-00-2F-8C IP Firmware:4.0.2.30311 Monitor Firmware:42.4.0.404
09:30:03  Level 1 Science Centre Lift: MAC:00-21-AC-00-30-1A IP Firmware:4.0.2.30311 Monitor Firmware:42.4.0.404
09:30:05  Zone: Zone1                    	0	0	0
09:30:05  Zone: Zone2                    	0	0	0
09:30:05  Logging to daily summary: "09:30 0 0 0 0 0 0"
09:30:05  Service running OK
09:30:06  Level 1 Science Centre Lift: Status msgs: 0,0
09:30:07  Level 1 Science Centre Lift: Current DeviceID: DefaultID
09:30:08  Level 2 Lift: Status msgs: 0,0
09:30:09  Level 2 Lift: Current DeviceID: DefaultID
09:30:11  Level 2 Main Entry: Connect Success (4) (serial num:2158593780)
09:30:12  Level 2 Main Entry: MAC:00-21-AC-00-30-D9 IP Firmware:4.0.2.30311 Monitor Firmware:42.4.0.404
09:30:12  Shop A: Connect Success (6) (serial num:2158593779)
09:30:13  Shop A: MAC:00-21-AC-00-30-21 IP Firmware:4.0.2.30311 Monitor Firmware:42.4.0.404
09:30:15  Shop A: Status msgs: 0,0
09:30:15  Shop A: Current DeviceID: DefaultID
09:30:17  Level 2 Main Entry: Status msgs: 0,0
09:30:18  Level 2 Main Entry: Current DeviceID: DefaultID
09:30:31  Level 1 Science Centre Entry 2: Connect Success (2) (serial num:2158593777)
09:30:32  Level 1 Science Centre Entry 2: MAC:00-21-AC-00-30-3B IP Firmware:4.0.2.30311 Monitor Firmware:42.4.0.404
09:30:35  Level 1 Science Centre Entry 2: Status msgs: 0,0
09:30:35  Level 1 Science Centre Entry 2: Current DeviceID: DefaultID
09:30:48  Level 1 Science Centre Entry 1: Connect Success (1) (serial num:2158593798)
09:30:49  Level 1 Science Centre Entry 1: MAC:00-21-AC-00-30-39 IP Firmware:4.0.2.30311 Monitor Firmware:42.4.0.404
09:30:52  Level 1 Science Centre Entry 1: Status msgs: 0,0
09:30:52  Level 1 Science Centre Entry 1: Current DeviceID: DefaultID
09:32:10  Initial Camera Level 1 Science Centre Lift Counts 	= In:0, Out:0
09:32:12  Initial Camera Level 2 Lift Counts 	= In:1, Out:2
09:32:14  Level 1 Science Centre Lift: Date last reset in registry is not today (reset required): 13/01/12
09:32:14  Attempting to reset counts for IrisysIP Camera Level 1 Science Centre Lift
09:32:16  Level 2 Lift: Date last reset in registry is not today (reset required): 13/01/12
09:32:16  Attempting to reset counts for IrisysIP Camera Level 2 Lift
09:33:10  Level 1 Science Centre Lift: InCountCorrection set in registry to: 0
09:33:10  Level 1 Science Centre Lift: OutCountCorrection set in registry to: 0
09:33:11  Level 1 Science Centre Lift: has reset camera
09:33:11  Camera: Level 1 Science Centre Lift - Counts are now valid.
09:33:12  Level 2 Lift: InCountCorrection set in registry to: 0
09:33:12  Level 2 Lift: OutCountCorrection set in registry to: 0
09:33:13  Level 2 Lift: has reset camera
09:33:13  Initial Camera Shop A Counts 	= In:501, Out:519
09:33:13  Camera: Level 2 Lift - Counts are now valid.
09:33:13  Initial Camera Level 2 Main Entry Counts 	= In:28, Out:17
09:33:13  Initial Camera Level 1 Science Centre Entry 2 Counts 	= In:2, Out:2
09:33:13  Initial Camera Level 1 Science Centre Entry 1 Counts 	= In:0, Out:0
09:33:17  Level 2 Main Entry: Date last reset in registry is not today (reset required): 13/01/12
09:33:17  Shop A: Date last reset in registry is not today (reset required): 13/01/12
09:33:17  Level 1 Science Centre Entry 2: Date last reset in registry is not today (reset required): 13/01/12
09:33:17  Level 1 Science Centre Entry 1: Date last reset in registry is not today (reset required): 13/01/12
09:33:17  Attempting to reset counts for IrisysIP Camera Level 2 Main Entry
09:33:17  Attempting to reset counts for IrisysIP Camera Shop A
09:33:17  Attempting to reset counts for IrisysIP Camera Level 1 Science Centre Entry 2
09:33:17  Attempting to reset counts for IrisysIP Camera Level 1 Science Centre Entry 1
09:33:21  Level 2 Main Entry: InCountCorrection set in registry to: 0
09:33:21  Level 2 Main Entry: OutCountCorrection set in registry to: 0
09:33:22  Level 2 Main Entry: has reset camera
09:33:22  Camera: Level 2 Main Entry - Counts are now valid.
09:33:22  Shop A: InCountCorrection set in registry to: 0
09:33:22  Shop A: OutCountCorrection set in registry to: 0
09:33:24  Shop A: has reset camera
09:33:24  Camera: Shop A - Counts are now valid.
09:33:38  Level 1 Science Centre Entry 2: InCountCorrection set in registry to: 0
09:33:38  Level 1 Science Centre Entry 2: OutCountCorrection set in registry to: 0
09:33:39  Level 1 Science Centre Entry 2: has reset camera
09:33:39  Camera: Level 1 Science Centre Entry 2 - Counts are now valid.
09:33:55  Level 1 Science Centre Entry 1: InCountCorrection set in registry to: 0
09:33:55  Level 1 Science Centre Entry 1: OutCountCorrection set in registry to: 0
09:33:56  Level 1 Science Centre Entry 1: has reset camera
09:33:56  Camera: Level 1 Science Centre Entry 1 - Counts are now valid.
09:34:12  Camera: Level 1 Science Centre Lift             	0	0
09:34:12  Level 1 Science Centre Lift IrisysIP camera has reset
09:34:14  Camera: Level 2 Lift                            	0	0
09:34:14  Level 2 Lift IrisysIP camera has reset
09:34:23  Camera: Level 2 Main Entry                      	1	1
09:34:25  Camera: Shop A                                  	0	0
09:34:25  Shop A IrisysIP camera has reset
09:34:28  Zone: Zone1                    	1	1	0
09:34:40  Camera: Level 1 Science Centre Entry 2          	0	0
09:34:40  Level 1 Science Centre Entry 2 IrisysIP camera has reset
09:34:57  Camera: Level 1 Science Centre Entry 1          	0	0
09:34:57  Level 1 Science Centre Entry 1 IrisysIP camera has reset
09:35:24  Camera: Level 2 Main Entry                      	3	3
09:35:30  Zone: Zone1                    	3	3	0
09:36:25  Camera: Level 2 Main Entry                      	4	3
09:36:38  Zone: Zone1                    	4	3	1
09:44:35  Camera: Shop A                                  	1	1
09:44:42  Zone: Zone1                    	5	4	1
09:44:42  Zone: Zone2                    	1	1	0
09:45:01  Service running OK
09:47:39  Camera: Shop A                                  	1	2
09:47:40  Zone: Zone1                    	6	4	2
09:47:40  Zone: Zone2                    	1	2	-1
09:50:42  Camera: Shop A                                  	2	2
09:50:56  Zone: Zone1                    	6	5	1
09:50:56  Zone: Zone2                    	2	2	0
09:52:44  Camera: Shop A                                  	2	3
09:52:44  Zone: Zone1                    	7	5	2
09:52:44  Zone: Zone2                    	2	3	-1
09:53:45  Camera: Shop A                                  	3	3
09:53:54  Zone: Zone1                    	7	6	1
09:53:54  Zone: Zone2                    	3	3	0
09:54:46  Camera: Shop A                                  	4	6
09:54:46  Zone: Zone1                    	10	7	3
09:54:46  Zone: Zone2                    	4	6	-2
09:56:48  Camera: Shop A                                  	8	6
09:56:50  Zone: Zone1                    	10	11	-1
09:56:50  Zone: Zone2                    	8	6	2
09:57:49  Camera: Shop A                                  	8	8
09:58:00  Zone: Zone1                    	12	11	1
09:58:00  Zone: Zone2                    	8	8	0
09:58:50  Camera: Shop A                                  	10	8
09:58:52  Zone: Zone1                    	12	13	-1
09:58:52  Zone: Zone2                    	10	8	2
09:59:52  Camera: Shop A                                  	14	8
10:00:02  Zone: Zone1                    	12	17	-5
10:00:02  Zone: Zone2                    	14	8	6
10:00:02  Logging to daily summary: "10:00 12 17 0 14 8 0"
10:00:02  Service running OK
10:00:53  Camera: Shop A                                  	18	9
10:00:54  Zone: Zone1                    	13	21	-8
10:00:54  Zone: Zone2                    	18	9	9
10:01:54  Camera: Shop A                                  	19	10
10:02:04  Zone: Zone1                    	14	22	-8
10:02:04  Zone: Zone2                    	19	10	9
10:03:56  Camera: Shop A                                  	19	11
10:04:08  Zone: Zone1                    	15	22	-7
10:04:08  Zone: Zone2                    	19	11	8
10:04:57  Camera: Shop A                                  	20	11
10:05:00  Zone: Zone1                    	15	23	-8
10:05:00  Zone: Zone2                    	20	11	9
10:06:57  Camera: Level 2 Main Entry                      	5	3
10:06:59  Camera: Shop A                                  	20	14
10:07:04  Zone: Zone1                    	19	23	-4
10:07:04  Zone: Zone2                    	20	14	6
10:08:00  Camera: Shop A                                  	20	16
10:08:12  Zone: Zone1                    	21	23	-2
10:08:12  Zone: Zone2                    	20	16	4
10:10:02  Camera: Shop A                                  	20	17
10:10:16  Zone: Zone1                    	22	23	-1
10:10:16  Zone: Zone2                    	20	17	3
10:11:03  Camera: Shop A                                  	20	18
10:11:08  Zone: Zone1                    	23	23	0
10:11:08  Zone: Zone2                    	20	18	2
10:12:04  Camera: Shop A                                  	21	18
10:12:18  Zone: Zone1                    	23	24	-1
10:12:18  Zone: Zone2                    	21	18	3
10:13:05  Camera: Shop A                                  	23	18
10:13:10  Zone: Zone1                    	23	26	-3
10:13:10  Zone: Zone2                    	23	18	5
10:14:06  Camera: Shop A                                  	24	18
10:14:20  Zone: Zone1                    	23	27	-4
10:14:20  Zone: Zone2                    	24	18	6
10:15:07  Camera: Shop A                                  	25	19
10:15:12  Zone: Zone1                    	24	28	-4
10:15:12  Zone: Zone2                    	25	19	6
10:15:12  Service running OK
10:16:08  Camera: Shop A                                  	25	20
10:16:22  Zone: Zone1                    	25	28	-3
10:16:22  Zone: Zone2                    	25	20	5
10:18:11  Camera: Shop A                                  	27	20
10:18:26  Zone: Zone1                    	25	30	-5
10:18:26  Zone: Zone2                    	27	20	7
10:20:13  Camera: Shop A                                  	27	21
10:20:13  Zone: Zone1                    	26	30	-4
10:20:13  Zone: Zone2                    	27	21	6
10:24:17  Camera: Shop A                                  	30	25
10:24:22  Zone: Zone1                    	30	33	-3
10:24:22  Zone: Zone2                    	30	25	5
10:25:18  Camera: Shop A                                  	30	27
10:25:32  Zone: Zone1                    	32	33	-1
10:25:32  Zone: Zone2                    	30	27	3
10:26:19  Camera: Shop A                                  	32	27
10:26:24  Zone: Zone1                    	32	35	-3
10:26:24  Zone: Zone2                    	32	27	5
10:27:20  Camera: Shop A                                  	32	29
10:27:34  Zone: Zone1                    	34	35	-1
10:27:34  Zone: Zone2                    	32	29	3
10:28:10  Camera: Level 2 Lift                            	1	2
10:28:10  Zone: Zone1                    	35	37	-2
10:28:21  Camera: Shop A                                  	33	29
10:28:26  Zone: Zone1                    	35	38	-3
10:28:26  Zone: Zone2                    	33	29	4
10:30:15  Logging to daily summary: "10:30 23 21 -3 19 21 5"
10:30:15  Service running OK
10:31:24  Camera: Shop A                                  	33	30
10:31:24  Zone: Zone1                    	36	38	-2
10:31:24  Zone: Zone2                    	33	30	3
10:32:26  Camera: Shop A                                  	34	30
10:32:34  Zone: Zone1                    	36	39	-3
10:32:34  Zone: Zone2                    	34	30	4
10:33:27  Camera: Shop A                                  	35	30
10:33:27  Zone: Zone1                    	36	40	-4
10:33:27  Zone: Zone2                    	35	30	5
10:35:29  Camera: Shop A                                  	37	31
10:35:31  Zone: Zone1                    	37	42	-5
10:35:31  Zone: Zone2                    	37	31	6
10:39:34  Camera: Shop A                                  	41	32
10:39:41  Zone: Zone1                    	38	46	-8
10:39:41  Zone: Zone2                    	41	32	9
10:41:36  Camera: Shop A                                  	42	34
10:41:45  Zone: Zone1                    	40	47	-7
10:41:45  Zone: Zone2                    	42	34	8
10:45:04  Service running OK
10:45:40  Camera: Shop A                                  	44	36
10:45:55  Zone: Zone1                    	42	49	-7
10:45:55  Zone: Zone2                    	44	36	8
10:47:42  Camera: Shop A                                  	44	39
10:47:42  Zone: Zone1                    	45	49	-4
10:47:42  Zone: Zone2                    	44	39	5
10:48:43  Camera: Shop A                                  	46	39
10:48:52  Zone: Zone1                    	45	51	-6
10:48:52  Zone: Zone2                    	46	39	7
10:50:45  Camera: Shop A                                  	48	39
10:50:56  Zone: Zone1                    	45	53	-8
10:50:56  Zone: Zone2                    	48	39	9
10:51:47  Camera: Shop A                                  	48	41
10:51:48  Zone: Zone1                    	47	53	-6
10:51:48  Zone: Zone2                    	48	41	7
10:52:48  Camera: Shop A                                  	48	42
10:52:58  Zone: Zone1                    	48	53	-5
10:52:58  Zone: Zone2                    	48	42	6
10:53:49  Camera: Shop A                                  	49	43
10:53:50  Zone: Zone1                    	49	54	-5
10:53:50  Zone: Zone2                    	49	43	6
10:54:50  Camera: Shop A                                  	52	46
10:55:00  Zone: Zone1                    	52	57	-5
10:55:00  Zone: Zone2                    	52	46	6
10:55:51  Camera: Shop A                                  	53	46
10:55:52  Zone: Zone1                    	52	58	-6
10:55:52  Zone: Zone2                    	53	46	7
10:56:39  Camera: Level 1 Science Centre Lift             	1	2
10:56:44  Zone: Zone1                    	53	60	-7
10:56:52  Camera: Shop A                                  	59	52
10:57:00  Zone: Zone1                    	59	66	-7
10:57:00  Zone: Zone2                    	59	52	7
10:58:54  Camera: Shop A                                  	65	57
10:59:04  Zone: Zone1                    	64	72	-8
10:59:04  Zone: Zone2                    	65	57	8
10:59:55  Camera: Shop A                                  	69	59
10:59:56  Zone: Zone1                    	66	76	-10
10:59:56  Zone: Zone2                    	69	59	10
11:00:15  Logging to daily summary: "11:00 31 38 -5 36 30 6"
11:00:15  Service running OK
11:00:56  Camera: Shop A                                  	69	60
11:01:06  Zone: Zone1                    	67	76	-9
11:01:06  Zone: Zone2                    	69	60	9
11:01:57  Camera: Shop A                                  	71	60
11:01:58  Zone: Zone1                    	67	78	-11
11:01:58  Zone: Zone2                    	71	60	11
11:03:59  Camera: Shop A                                  	71	63
11:04:02  Zone: Zone1                    	70	78	-8
11:04:02  Zone: Zone2                    	71	63	8
11:07:03  Camera: Shop A                                  	72	63
11:07:18  Zone: Zone1                    	70	79	-9
11:07:18  Zone: Zone2                    	72	63	9
11:08:04  Camera: Shop A                                  	73	63
11:08:10  Zone: Zone1                    	70	80	-10
11:08:10  Zone: Zone2                    	73	63	10
11:12:08  Camera: Shop A                                  	73	65
11:12:20  Zone: Zone1                    	72	80	-8
11:12:20  Zone: Zone2                    	73	65	8
11:13:09  Camera: Shop A                                  	75	65
11:13:12  Zone: Zone1                    	72	82	-10
11:13:12  Zone: Zone2                    	75	65	10
11:14:10  Camera: Shop A                                  	76	65
11:14:22  Zone: Zone1                    	72	83	-11
11:14:22  Zone: Zone2                    	76	65	11
11:15:12  Camera: Shop A                                  	76	67
11:15:14  Zone: Zone1                    	74	83	-9
11:15:14  Zone: Zone2                    	76	67	9
11:15:14  Service running OK
11:16:13  Camera: Shop A                                  	76	68
11:16:24  Zone: Zone1                    	75	83	-8
11:16:24  Zone: Zone2                    	76	68	8
11:19:16  Camera: Shop A                                  	77	68
11:19:22  Zone: Zone1                    	75	84	-9
11:19:22  Zone: Zone2                    	77	68	9
11:22:19  Camera: Shop A                                  	77	70
11:22:20  Zone: Zone1                    	77	84	-7
11:22:20  Zone: Zone2                    	77	70	7
11:23:20  Camera: Shop A                                  	77	71
11:23:30  Zone: Zone1                    	78	84	-6
11:23:30  Zone: Zone2                    	77	71	6
11:24:21  Camera: Shop A                                  	80	72
11:24:22  Zone: Zone1                    	79	87	-8
11:24:22  Zone: Zone2                    	80	72	8
11:26:23  Camera: Shop A                                  	85	73
11:26:26  Zone: Zone1                    	80	92	-12
11:26:26  Zone: Zone2                    	85	73	12
11:29:27  Camera: Shop A                                  	85	75
11:29:27  Zone: Zone2                    	85	75	10
11:29:42  Zone: Zone1                    	82	92	-10
11:30:01  Logging to daily summary: "11:30 16 16 -9 16 16 9"
11:30:01  Service running OK
11:31:29  Camera: Shop A                                  	85	77
11:31:31  Zone: Zone1                    	84	92	-8
11:31:31  Zone: Zone2                    	85	77	8
11:33:31  Camera: Shop A                                  	85	82
11:33:35  Zone: Zone1                    	89	92	-3
11:33:35  Zone: Zone2                    	85	82	3
11:44:43  Camera: Shop A                                  	88	82
11:44:57  Zone: Zone1                    	89	95	-6
11:44:57  Zone: Zone2                    	88	82	6
11:45:16  Service running OK
11:46:45  Camera: Shop A                                  	89	82
11:46:45  Zone: Zone1                    	89	96	-7
11:46:45  Zone: Zone2                    	89	82	7
11:51:50  Camera: Shop A                                  	89	83
11:51:51  Zone: Zone1                    	90	96	-6
11:51:51  Zone: Zone2                    	89	83	6
11:53:53  Camera: Shop A                                  	89	84
11:53:54  Zone: Zone1                    	91	96	-5
11:53:54  Zone: Zone2                    	89	84	5
11:55:55  Camera: Shop A                                  	89	85
11:55:58  Zone: Zone1                    	92	96	-4
11:55:58  Zone: Zone2                    	89	85	4
11:56:56  Camera: Shop A                                  	89	89
11:57:08  Zone: Zone1                    	96	96	0
11:57:08  Zone: Zone2                    	89	89	0
11:57:57  Camera: Shop A                                  	89	92
11:58:00  Zone: Zone1                    	99	96	3
11:58:00  Zone: Zone2                    	89	92	-3
11:59:59  Camera: Shop A                                  	90	92
12:00:04  Zone: Zone1                    	99	97	2
12:00:04  Zone: Zone2                    	90	92	-2
12:00:04  Logging to daily summary: "12:00 17 5 -4 5 17 4"
12:00:04  Service running OK
12:02:01  Camera: Shop A                                  	91	92
12:02:08  Zone: Zone1                    	99	98	1
12:02:08  Zone: Zone2                    	91	92	-1
12:04:03  Camera: Shop A                                  	91	93
12:04:12  Zone: Zone1                    	100	98	2
12:04:12  Zone: Zone2                    	91	93	-2
12:05:04  Camera: Shop A                                  	93	97
12:05:04  Zone: Zone1                    	104	100	4
12:05:04  Zone: Zone2                    	93	97	-4
12:06:05  Camera: Shop A                                  	96	97
12:06:14  Zone: Zone1                    	104	103	1
12:06:14  Zone: Zone2                    	96	97	-1
12:13:13  Camera: Shop A                                  	96	98
12:13:24  Zone: Zone1                    	105	103	2
12:13:24  Zone: Zone2                    	96	98	-2
12:14:14  Camera: Shop A                                  	97	98
12:14:16  Zone: Zone1                    	105	104	1
12:14:16  Zone: Zone2                    	97	98	-1
12:15:11  Service running OK
12:23:22  Camera: Level 2 Main Entry                      	6	3
12:23:33  Zone: Zone1                    	106	104	2
12:29:30  Camera: Shop A                                  	98	99
12:29:31  Zone: Zone1                    	107	105	2
12:29:31  Zone: Zone2                    	98	99	-1
12:30:08  Logging to daily summary: "12:30 8 8 1 8 7 -1"
12:30:08  Service running OK
12:45:08  Service running OK
12:47:50  Camera: Shop A                                  	99	100
12:48:05  Zone: Zone1                    	108	106	2
12:48:05  Zone: Zone2                    	99	100	-1
12:54:56  Camera: Level 2 Main Entry                      	6	4
12:54:57  Zone: Zone1                    	108	107	1
13:00:04  Logging to daily summary: "13:00 1 2 1 1 1 -1"
13:00:04  Service running OK
13:04:07  Camera: Shop A                                  	99	101
13:04:13  Zone: Zone1                    	109	107	2
13:04:13  Zone: Zone2                    	99	101	-2
13:04:40  Camera: Level 1 Science Centre Entry 1          	0	2
13:04:47  Zone: Zone1                    	109	109	0
13:10:14  Camera: Shop A                                  	99	102
13:10:27  Zone: Zone1                    	110	109	1
13:10:27  Zone: Zone2                    	99	102	-3
13:10:46  Camera: Level 1 Science Centre Entry 1          	0	3
13:11:01  Zone: Zone1                    	110	110	0
13:15:14  Service running OK
13:22:26  Camera: Shop A                                  	99	103
13:22:41  Zone: Zone1                    	111	110	1
13:22:41  Zone: Zone2                    	99	103	-4
13:30:12  Logging to daily summary: "13:30 3 3 0 0 3 -2"
13:30:12  Service running OK
13:43:49  Camera: Shop A                                  	99	106
13:43:57  Zone: Zone1                    	114	110	4
13:43:57  Zone: Zone2                    	99	106	-7
13:44:50  Camera: Shop A                                  	101	106
13:44:50  Zone: Zone1                    	114	112	2
13:44:50  Zone: Zone2                    	101	106	-5
13:45:09  Service running OK
14:00:09  Logging to daily summary: "14:00 3 2 1 2 3 -4"
14:00:09  Service running OK
14:03:10  Camera: Shop A                                  	102	109
14:03:24  Zone: Zone1                    	117	113	4
14:03:24  Zone: Zone2                    	102	109	-7
14:08:15  Camera: Shop A                                  	102	110
14:08:28  Zone: Zone1                    	118	113	5
14:08:28  Zone: Zone2                    	102	110	-8
14:15:05  Service running OK
14:15:22  Camera: Shop A                                  	102	111
14:15:23  Zone: Zone1                    	119	113	6
14:15:23  Zone: Zone2                    	102	111	-9
14:30:03  Logging to daily summary: "14:30 5 1 5 1 5 -8"
14:30:03  Service running OK
14:45:03  Service running OK
15:00:03  Logging to daily summary: "15:00 0 0 6 0 0 -9"
15:00:03  Service running OK
15:03:17  Camera: Level 2 Main Entry                      	6	5
15:03:18  Zone: Zone1                    	119	114	5
15:04:19  Camera: Level 2 Main Entry                      	7	5
15:04:28  Zone: Zone1                    	120	114	6
15:15:17  Service running OK
15:26:46  Camera: Level 2 Main Entry                      	9	5
15:26:56  Zone: Zone1                    	122	114	8
15:30:15  Logging to daily summary: "15:30 3 1 6 0 0 -9"
15:30:15  Service running OK
15:45:15  Service running OK
15:47:10  Camera: Shop A                                  	103	111
15:47:18  Zone: Zone1                    	122	115	7
15:47:18  Zone: Zone2                    	103	111	-8
15:51:15  Camera: Level 2 Main Entry                      	11	6
15:51:28  Zone: Zone1                    	124	116	8
16:00:11  Logging to daily summary: "16:00 2 2 7 1 0 -8"
16:00:11  Service running OK
16:12:41  Camera: Level 2 Main Entry                      	11	7
16:12:44  Zone: Zone1                    	124	117	7
16:15:09  Service running OK
16:15:47  Camera: Level 2 Main Entry                      	13	7
16:16:00  Zone: Zone1                    	126	117	9
16:22:58  Camera: Level 2 Main Entry                      	13	8
16:23:10  Zone: Zone1                    	126	118	8
16:30:05  Logging to daily summary: "16:30 2 2 8 0 0 -8"
16:30:05  Service running OK
16:39:24  Camera: Level 2 Main Entry                      	16	9
16:39:38  Zone: Zone1                    	129	119	10
16:40:25  Camera: Level 2 Main Entry                      	17	9
16:40:30  Zone: Zone1                    	130	119	11
16:41:27  Camera: Level 2 Main Entry                      	18	9
16:41:40  Zone: Zone1                    	131	119	12
16:42:29  Camera: Level 2 Main Entry                      	20	10
16:42:32  Zone: Zone1                    	133	120	13
16:43:30  Camera: Level 2 Main Entry                      	22	11
16:43:42  Zone: Zone1                    	135	121	14
16:45:13  Service running OK
16:50:42  Camera: Level 2 Main Entry                      	22	12
16:50:52  Zone: Zone1                    	135	122	13
17:00:11  Logging to daily summary: "17:00 9 4 11 0 0 -8"
17:00:11  Service running OK
17:09:09  Camera: Level 2 Main Entry                      	23	12
17:09:09  Zone: Zone1                    	136	122	14
17:15:10  Service running OK
17:18:22  Camera: Level 2 Main Entry                      	24	14
17:18:26  Zone: Zone1                    	137	124	13
17:25:30  Camera: Level 2 Main Entry                      	24	16
17:25:36  Zone: Zone1                    	137	126	11
17:26:31  Camera: Level 2 Main Entry                      	26	16
17:26:46  Zone: Zone1                    	139	126	13
17:27:32  Camera: Level 2 Main Entry                      	26	17
17:27:38  Zone: Zone1                    	139	127	12
17:28:33  Camera: Level 2 Main Entry                      	27	17
17:28:48  Zone: Zone1                    	140	127	13
17:29:34  Camera: Level 2 Main Entry                      	27	18
17:29:40  Zone: Zone1                    	140	128	12
17:30:17  Logging to daily summary: "17:30 5 6 13 0 0 -8"
17:30:17  Service running OK
17:30:35  Camera: Level 2 Main Entry                      	30	19
17:30:50  Zone: Zone1                    	143	129	14
17:35:41  Camera: Level 2 Main Entry                      	30	20
17:35:54  Zone: Zone1                    	143	130	13
17:36:42  Camera: Level 2 Main Entry                      	30	21
17:36:46  Zone: Zone1                    	143	131	12
17:41:47  Camera: Level 2 Main Entry                      	31	21
17:41:50  Zone: Zone1                    	144	131	13
17:45:09  Service running OK
17:49:56  Camera: Level 2 Main Entry                      	31	22
17:49:56  Zone: Zone1                    	144	132	12
18:00:08  Logging to daily summary: "18:00 4 4 12 0 0 -8"
18:00:08  Service running OK
18:15:08  Service running OK
18:20:28  Camera: Level 2 Main Entry                      	32	22
18:20:29  Zone: Zone1                    	145	132	13
18:28:37  Camera: Level 2 Main Entry                      	32	23
18:28:51  Zone: Zone1                    	145	133	12
18:30:04  Logging to daily summary: "18:30 1 1 12 0 0 -8"
18:30:04  Service running OK
18:45:04  Service running OK
19:00:04  Logging to daily summary: "19:00 0 0 12 0 0 -8"
19:00:04  Service running OK
19:15:06  Service running OK
19:30:06  Logging to daily summary: "19:30 0 0 12 0 0 -8"
19:30:06  Service running OK
19:45:06  Service running OK
20:00:06  Logging to daily summary: "20:00 0 0 12 0 0 -8"
20:00:06  Service running OK
20:15:06  Service running OK
20:30:06  Logging to daily summary: "20:30 0 0 12 0 0 -8"
20:30:06  Service running OK
20:45:06  Service running OK
21:00:06  Logging to daily summary: "21:00 0 0 12 0 0 -8"
21:00:06  Service running OK
21:15:06  Service running OK
21:30:06  Logging to daily summary: "21:30 0 0 12 0 0 -8"
21:30:06  Service running OK
21:45:06  Service running OK
22:00:06  Logging to daily summary: "22:00 0 0 12 0 0 -8"
22:00:06  Service running OK
22:00:39  Stop time reached.
22:00:39  Camera 'Level 1 Science Centre Entry 1' - final counts 0 3
22:00:39  Camera 'Level 1 Science Centre Entry 2' - final counts 0 0
22:00:39  Camera 'Level 1 Science Centre Lift' - final counts 1 2
22:00:39  Camera 'Level 2 Main Entry' - final counts 32 23
22:00:39  Camera 'Level 2 Lift' - final counts 1 2
22:00:39  Camera 'Shop A' - final counts 103 111
22:00:39  Camera 'Shop B' - final counts 0 0
22:00:39  Camera 'Shop Whale Mall' - final counts 0 0
22:00:39  Camera 'Level 2 Cafe' - final counts 0 0
22:00:39  Zone: Zone1                    	145	133	12
22:00:39  Zone: Zone2                    	103	111	-8
22:00:39  Level 1 Science Centre Entry 1: IrisysIP counts reset requested.
22:00:39  Level 1 Science Centre Entry 2: IrisysIP counts reset requested.
22:00:39  Level 1 Science Centre Lift: IrisysIP counts reset requested.
22:00:39  Level 2 Main Entry: IrisysIP counts reset requested.
22:00:39  Level 2 Lift: IrisysIP counts reset requested.
22:00:39  Shop A: IrisysIP counts reset requested.
22:00:39  Shop B: IrisysIP counts reset requested.
22:00:39  Shop Whale Mall: IrisysIP counts reset requested.
22:00:39  Level 2 Cafe: IrisysIP counts reset requested.
22:00:50  Failed to send email.
22:00:50  Displaying shutdown on 0 display(s)
22:00:50  End the manager threads.
22:00:50  Close all CAN threads.
22:00:50  All CAN threads, now flagged to be closed.
22:00:50  Close all IrisysIP threads.
22:00:58  Attempting to reset counts for IrisysIP Camera Level 2 Lift
22:00:58  Attempting to reset counts for IrisysIP Camera Level 1 Science Centre Entry 2
22:00:58  Attempting to reset counts for IrisysIP Camera Level 1 Science Centre Entry 1
22:01:37  Error! Level 1 Science Centre Entry 1: The IrisysIP thread needs to be terminated but has not reset.
22:01:37  Level 1 Science Centre Entry 1: The Irisys IP thread has been flagged to end.
22:01:49  Level 2 Lift: InCountCorrection set in registry to: 0
22:01:49  Level 2 Lift: OutCountCorrection set in registry to: 0
22:01:51  Level 2 Lift: has reset camera
22:01:51  Level 1 Science Centre Entry 2: InCountCorrection set in registry to: 0
22:01:51  Level 1 Science Centre Entry 2: OutCountCorrection set in registry to: 0
22:01:52  Level 1 Science Centre Entry 2: has reset camera
22:01:52  Level 1 Science Centre Entry 1: Main Data Collection loop has finished (g_bStopFlag=0, m_bEndThread=1).
22:01:52  Level 1 Science Centre Entry 1: The Irisys IP thread has ended.
22:01:52  Level 1 Science Centre Entry 2: The Irisys IP thread has been flagged to end.
22:02:00  Attempting to reset counts for IrisysIP Camera Level 2 Main Entry
22:02:00  Attempting to reset counts for IrisysIP Camera Level 1 Science Centre Lift
22:02:00  Attempting to reset counts for IrisysIP Camera Shop A
22:02:04  Level 2 Main Entry: InCountCorrection set in registry to: 0
22:02:04  Level 2 Main Entry: OutCountCorrection set in registry to: 0
22:02:05  Level 2 Main Entry: has reset camera
22:02:19  Level 1 Science Centre Lift: InCountCorrection set in registry to: 0
22:02:19  Level 1 Science Centre Lift: OutCountCorrection set in registry to: 0
22:02:20  Level 1 Science Centre Lift: has reset camera
22:02:32  Shop A: InCountCorrection set in registry to: 0
22:02:32  Shop A: OutCountCorrection set in registry to: 0
22:02:33  Shop A: has reset camera
22:02:51  Level 1 Science Centre Entry 2: Main Data Collection loop has finished (g_bStopFlag=0, m_bEndThread=1).
22:02:51  Level 1 Science Centre Entry 2: The Irisys IP thread has ended.
22:02:51  Level 1 Science Centre Lift: The Irisys IP thread has been flagged to end.
22:02:52  Camera: Level 2 Lift                            	0	0
22:02:52  Level 2 Lift IrisysIP camera has reset
22:03:06  Camera: Level 2 Main Entry                      	0	0
22:03:06  Level 2 Main Entry IrisysIP camera has reset
22:03:19  Level 1 Science Centre Lift: Main Data Collection loop has finished (g_bStopFlag=0, m_bEndThread=1).
22:03:19  Level 1 Science Centre Lift: The Irisys IP thread has ended.
22:03:19  Level 2 Main Entry: The Irisys IP thread has been flagged to end.
22:03:34  Camera: Shop A                                  	0	0
22:03:34  Shop A IrisysIP camera has reset
22:04:05  Level 2 Main Entry: Main Data Collection loop has finished (g_bStopFlag=0, m_bEndThread=1).
22:04:05  Level 2 Main Entry: The Irisys IP thread has ended.
22:04:05  Level 2 Lift: The Irisys IP thread has been flagged to end.
22:04:52  Level 2 Lift: Main Data Collection loop has finished (g_bStopFlag=0, m_bEndThread=1).
22:04:52  Level 2 Lift: The Irisys IP thread has ended.
22:04:52  Shop A: The Irisys IP thread has been flagged to end.
22:05:34  Shop A: Main Data Collection loop has finished (g_bStopFlag=0, m_bEndThread=1).
22:05:34  Shop A: The Irisys IP thread has ended.
22:05:34  Shop B: The Irisys IP thread has been flagged to end.
22:06:01  Shop B: Main Data Collection loop has finished (g_bStopFlag=0, m_bEndThread=1).
22:06:01  Shop B: The Irisys IP thread has ended.
22:06:01  Shop Whale Mall: The Irisys IP thread has been flagged to end.
22:06:01  Shop Whale Mall: Main Data Collection loop has finished (g_bStopFlag=0, m_bEndThread=1).
22:06:01  Shop Whale Mall: The Irisys IP thread has ended.
22:06:01  Level 2 Cafe: The Irisys IP thread has been flagged to end.
22:06:01  Level 2 Cafe: Main Data Collection loop has finished (g_bStopFlag=0, m_bEndThread=1).
22:06:01  Level 2 Cafe: The Irisys IP thread has ended.
22:06:01  All IrisysIP threads, now flagged to be closed.
22:06:01  Close all iCount threads.
22:06:01  All iCount threads, now flagged to be closed.
22:06:01  Close all eDAM threads.
22:06:01  All eDAM threads, now flagged to be closed.
22:06:01  Camera 'Level 1 Science Centre Entry 1' - maximum flow 2 at 13:05:06
22:06:01  Camera 'Level 1 Science Centre Entry 2' - maximum flow 0 at 09:30:00
22:06:01  Camera 'Level 1 Science Centre Lift' - maximum flow 3 at 10:57:00
22:06:01  Camera 'Level 2 Main Entry' - maximum flow 4 at 09:36:05
22:06:01  Camera 'Level 2 Lift' - maximum flow 3 at 10:28:10
22:06:01  Camera 'Shop A' - maximum flow 12 at 10:57:00
22:06:01  Camera 'Shop B' - maximum flow 0 at 09:30:00
22:06:01  Camera 'Shop Whale Mall' - maximum flow 0 at 09:30:00
22:06:01  Camera 'Level 2 Cafe' - maximum flow 0 at 09:30:00
22:06:01  Camera 'Level 1 Science Centre Entry 1' refreshing registry counts
22:06:01  Camera 'Level 1 Science Centre Entry 2' refreshing registry counts
22:06:01  Camera 'Level 1 Science Centre Lift' refreshing registry counts
22:06:01  Camera 'Level 2 Main Entry' refreshing registry counts
22:06:01  Camera 'Level 2 Lift' refreshing registry counts
22:06:01  Camera 'Shop A' refreshing registry counts
22:06:01  Camera 'Shop B' refreshing registry counts
22:06:01  Camera 'Shop Whale Mall' refreshing registry counts
22:06:01  Camera 'Level 2 Cafe' refreshing registry counts
22:06:01  Zone 'Zone1' refreshing file counts
22:06:01  Zone 'Zone2' refreshing file counts
22:06:01  Processing application not specified
22:06:01  Logging Counting Stopped

