
04:24:43  RECAP $Revision: 3.13.2.13 $ ($State: Exp $) built 09:15:45, Aug  3 2010
04:24:43  Logging Counting Started
04:24:43  Start time: 09:30 (570 minutes past midnight)
04:24:43  Stop time: 22:00 (1320 minutes past midnight)
04:24:44  Log period: 30 minutes
04:24:44  Initialising 0 display(s)
04:24:44  Initialising 9 camera(s)
04:24:44  IrisysIP counter(s) in use, Starting BlackFin API
04:24:44  If RECAP crashes, check .NET framework and VCRedist are installed.
04:24:44  BlackFin API Started.
04:24:44  BlackFin API Started up OK. Version: 1.10.0.5
04:24:44  Initialising 2 zone(s)
04:24:44  Outputting 'Zone1' zone data to 'Zones\Zone1.txt'
04:24:44  Outputting 'Zone2' zone data to 'Zones\Zone2.txt'
04:24:44  Displaying shutdown on 0 display(s)
04:24:44  Waiting till start time
09:30:00  Start time reached
09:30:00  Adding Level 1 Science Centre Entry 1 thread to Watchdog
09:30:00  Level 1 Science Centre Entry 1: InCountCorrection set in registry to: 0
09:30:00  Level 1 Science Centre Entry 1: OutCountCorrection set in registry to: 0
09:30:00  Adding Level 1 Science Centre Entry 2 thread to Watchdog
09:30:00  Level 1 Science Centre Entry 2: InCountCorrection set in registry to: 0
09:30:00  Level 1 Science Centre Entry 2: OutCountCorrection set in registry to: 0
09:30:00  Adding Level 1 Science Centre Lift thread to Watchdog
09:30:00  Level 1 Science Centre Lift: InCountCorrection set in registry to: 0
09:30:00  Level 1 Science Centre Lift: OutCountCorrection set in registry to: 0
09:30:00  Adding Level 2 Main Entry thread to Watchdog
09:30:00  Level 2 Main Entry: InCountCorrection set in registry to: 0
09:30:00  Level 2 Main Entry: OutCountCorrection set in registry to: 0
09:30:00  Adding Level 2 Lift thread to Watchdog
09:30:00  Level 2 Lift: InCountCorrection set in registry to: 0
09:30:00  Level 2 Lift: OutCountCorrection set in registry to: 0
09:30:00  Adding Shop A thread to Watchdog
09:30:00  Shop A: InCountCorrection set in registry to: 0
09:30:00  Shop A: OutCountCorrection set in registry to: 0
09:30:00  Adding Shop B thread to Watchdog
09:30:00  Shop B: InCountCorrection set in registry to: 0
09:30:00  Shop B: OutCountCorrection set in registry to: 0
09:30:00  Adding Shop Whale Mall thread to Watchdog
09:30:00  Shop Whale Mall: InCountCorrection set in registry to: 0
09:30:00  Shop Whale Mall: OutCountCorrection set in registry to: 0
09:30:00  Adding Level 2 Cafe thread to Watchdog
09:30:00  Level 2 Cafe: InCountCorrection set in registry to: 0
09:30:00  Level 2 Cafe: OutCountCorrection set in registry to: 0
09:30:01  New day, Reset counts and busiest times in registry
09:30:01  Camera Level 1 Science Centre Entry 1 Counts 	= In:0, Out:0
09:30:01  Camera Level 1 Science Centre Entry 2 Counts 	= In:0, Out:0
09:30:01  Camera Level 1 Science Centre Lift Counts 	= In:0, Out:0
09:30:01  Camera Level 2 Main Entry Counts 	= In:0, Out:0
09:30:01  Camera Level 2 Lift Counts 	= In:0, Out:0
09:30:01  Camera Shop A Counts 	= In:0, Out:0
09:30:01  Camera Shop B Counts 	= In:0, Out:0
09:30:01  Camera Shop Whale Mall Counts 	= In:0, Out:0
09:30:01  Camera Level 2 Cafe Counts 	= In:0, Out:0
09:30:02  Starting main data collection loop.
09:30:05  Zone: Zone1                    	0	0	0
09:30:05  Zone: Zone2                    	0	0	0
09:30:05  Logging to daily summary: "09:30 0 0 0 0 0 0"
09:30:05  Service running OK
09:30:19  Level 2 Main Entry: Connect Success (4) (serial num:2158593780)
09:30:20  Level 2 Main Entry: MAC:00-21-AC-00-30-D9 IP Firmware:4.0.2.30311 Monitor Firmware:42.4.0.404
09:30:20  Shop A: Connect Success (6) (serial num:2158593779)
09:30:21  Shop A: MAC:00-21-AC-00-30-21 IP Firmware:4.0.2.30311 Monitor Firmware:42.4.0.404
09:30:26  Level 1 Science Centre Lift: Connect Success (3) (serial num:2158593853)
09:30:27  Shop A: Status msgs: 0,0
09:30:27  Shop A: Current DeviceID: DefaultID
09:30:27  Level 1 Science Centre Lift: MAC:00-21-AC-00-30-1A IP Firmware:4.0.2.30311 Monitor Firmware:42.4.0.404
09:30:28  Level 2 Main Entry: Status msgs: 0,0
09:30:29  Level 2 Main Entry: Current DeviceID: DefaultID
09:30:29  Level 1 Science Centre Entry 1: Connect Success (1) (serial num:2158593798)
09:30:30  Level 1 Science Centre Entry 1: MAC:00-21-AC-00-30-39 IP Firmware:4.0.2.30311 Monitor Firmware:42.4.0.404
09:30:37  Level 1 Science Centre Lift: Status msgs: 0,0
09:30:37  Level 1 Science Centre Lift: Current DeviceID: DefaultID
09:30:40  Level 1 Science Centre Entry 1: Status msgs: 0,0
09:30:40  Level 1 Science Centre Entry 1: Current DeviceID: DefaultID
09:30:43  Level 1 Science Centre Entry 2: Connect Success (2) (serial num:2158593777)
09:30:44  Level 1 Science Centre Entry 2: MAC:00-21-AC-00-30-3B IP Firmware:4.0.2.30311 Monitor Firmware:42.4.0.404
09:30:44  Level 2 Lift: Connect Success (5) (serial num:2158593872)
09:30:45  Level 2 Lift: MAC:00-21-AC-00-2F-8C IP Firmware:4.0.2.30311 Monitor Firmware:42.4.0.404
09:30:54  Level 2 Lift: Status msgs: 0,0
09:30:54  Level 1 Science Centre Entry 2: Status msgs: 0,0
09:30:54  Level 2 Lift: Current DeviceID: DefaultID
09:30:54  Level 1 Science Centre Entry 2: Current DeviceID: DefaultID
09:32:30  Initial Camera Shop A Counts 	= In:1162, Out:1183
09:32:32  Initial Camera Level 2 Main Entry Counts 	= In:81, Out:85
09:32:34  Shop A: Date last reset in registry is not today (reset required): 05/01/12
09:32:34  Attempting to reset counts for IrisysIP Camera Shop A
09:32:36  Level 2 Main Entry: Date last reset in registry is not today (reset required): 05/01/12
09:32:36  Attempting to reset counts for IrisysIP Camera Level 2 Main Entry
09:33:30  Shop A: InCountCorrection set in registry to: 0
09:33:30  Shop A: OutCountCorrection set in registry to: 0
09:33:31  Shop A: has reset camera
09:33:31  Camera: Shop A - Counts are now valid.
09:33:32  Level 2 Main Entry: InCountCorrection set in registry to: 0
09:33:32  Level 2 Main Entry: OutCountCorrection set in registry to: 0
09:33:33  Initial Camera Level 1 Science Centre Lift Counts 	= In:64, Out:99
09:33:33  Level 2 Main Entry: has reset camera
09:33:33  Initial Camera Level 1 Science Centre Entry 1 Counts 	= In:0, Out:0
09:33:33  Camera: Level 2 Main Entry - Counts are now valid.
09:33:33  Initial Camera Level 2 Lift Counts 	= In:46, Out:33
09:33:33  Initial Camera Level 1 Science Centre Entry 2 Counts 	= In:7, Out:6
09:33:37  Level 1 Science Centre Entry 1: Date last reset in registry is not today (reset required): 05/01/12
09:33:37  Level 1 Science Centre Lift: Date last reset in registry is not today (reset required): 05/01/12
09:33:37  Level 2 Lift: Date last reset in registry is not today (reset required): 05/01/12
09:33:37  Level 1 Science Centre Entry 2: Date last reset in registry is not today (reset required): 05/01/12
09:33:37  Attempting to reset counts for IrisysIP Camera Level 1 Science Centre Entry 1
09:33:37  Attempting to reset counts for IrisysIP Camera Level 1 Science Centre Lift
09:33:37  Attempting to reset counts for IrisysIP Camera Level 2 Lift
09:33:37  Attempting to reset counts for IrisysIP Camera Level 1 Science Centre Entry 2
09:33:43  Level 1 Science Centre Entry 1: InCountCorrection set in registry to: 0
09:33:43  Level 1 Science Centre Entry 1: OutCountCorrection set in registry to: 0
09:33:44  Level 1 Science Centre Entry 1: has reset camera
09:33:44  Camera: Level 1 Science Centre Entry 1 - Counts are now valid.
09:33:45  Level 1 Science Centre Lift: InCountCorrection set in registry to: 0
09:33:45  Level 1 Science Centre Lift: OutCountCorrection set in registry to: 0
09:33:46  Level 1 Science Centre Lift: has reset camera
09:33:46  Camera: Level 1 Science Centre Lift - Counts are now valid.
09:33:57  Level 2 Lift: InCountCorrection set in registry to: 0
09:33:57  Level 2 Lift: OutCountCorrection set in registry to: 0
09:33:58  Level 2 Lift: has reset camera
09:33:58  Camera: Level 2 Lift - Counts are now valid.
09:33:59  Level 1 Science Centre Entry 2: InCountCorrection set in registry to: 0
09:33:59  Level 1 Science Centre Entry 2: OutCountCorrection set in registry to: 0
09:34:00  Level 1 Science Centre Entry 2: has reset camera
09:34:00  Camera: Level 1 Science Centre Entry 2 - Counts are now valid.
09:34:32  Camera: Shop A                                  	5	3
09:34:34  Camera: Level 2 Main Entry                      	2	1
09:34:34  Zone: Zone1                    	5	6	-1
09:34:34  Zone: Zone2                    	5	3	2
09:34:45  Camera: Level 1 Science Centre Entry 1          	0	0
09:34:45  Level 1 Science Centre Entry 1 IrisysIP camera has reset
09:34:47  Camera: Level 1 Science Centre Lift             	0	0
09:34:47  Level 1 Science Centre Lift IrisysIP camera has reset
09:34:59  Camera: Level 2 Lift                            	0	0
09:34:59  Level 2 Lift IrisysIP camera has reset
09:35:01  Camera: Level 1 Science Centre Entry 2          	0	0
09:35:01  Level 1 Science Centre Entry 2 IrisysIP camera has reset
09:35:33  Camera: Shop A                                  	13	6
09:35:35  Camera: Level 2 Main Entry                      	4	3
09:35:37  Zone: Zone1                    	10	16	-6
09:35:37  Zone: Zone2                    	13	6	7
09:36:34  Camera: Shop A                                  	16	8
09:36:36  Camera: Level 2 Main Entry                      	7	4
09:36:42  Zone: Zone1                    	15	20	-5
09:36:42  Zone: Zone2                    	16	8	8
09:37:35  Camera: Shop A                                  	19	8
09:37:37  Camera: Level 2 Main Entry                      	11	8
09:37:50  Zone: Zone1                    	19	27	-8
09:37:50  Zone: Zone2                    	19	8	11
09:38:36  Camera: Shop A                                  	24	17
09:38:38  Camera: Level 2 Main Entry                      	13	10
09:38:40  Zone: Zone1                    	30	34	-4
09:38:40  Zone: Zone2                    	24	17	7
09:39:37  Camera: Shop A                                  	28	24
09:39:40  Camera: Level 2 Main Entry                      	14	11
09:39:48  Zone: Zone1                    	38	39	-1
09:39:48  Zone: Zone2                    	28	24	4
09:40:39  Camera: Shop A                                  	31	26
09:40:39  Zone: Zone1                    	40	42	-2
09:40:39  Zone: Zone2                    	31	26	5
09:40:41  Camera: Level 2 Main Entry                      	16	11
09:40:54  Zone: Zone1                    	42	42	0
09:41:40  Camera: Shop A                                  	33	26
09:41:42  Camera: Level 2 Main Entry                      	16	13
09:41:46  Zone: Zone1                    	42	46	-4
09:41:46  Zone: Zone2                    	33	26	7
09:42:41  Camera: Shop A                                  	33	27
09:42:54  Zone: Zone1                    	43	46	-3
09:42:54  Zone: Zone2                    	33	27	6
09:43:42  Camera: Shop A                                  	38	27
09:43:46  Zone: Zone1                    	43	51	-8
09:43:46  Zone: Zone2                    	38	27	11
09:44:43  Camera: Shop A                                  	39	27
09:44:56  Zone: Zone1                    	43	52	-9
09:44:56  Zone: Zone2                    	39	27	12
09:45:15  Service running OK
09:45:44  Camera: Shop A                                  	39	29
09:45:48  Zone: Zone1                    	45	52	-7
09:45:48  Zone: Zone2                    	39	29	10
09:46:45  Camera: Shop A                                  	43	32
09:46:58  Zone: Zone1                    	48	56	-8
09:46:58  Zone: Zone2                    	43	32	11
09:47:46  Camera: Shop A                                  	51	32
09:47:50  Zone: Zone1                    	48	64	-16
09:47:50  Zone: Zone2                    	51	32	19
09:48:47  Camera: Shop A                                  	55	37
09:49:00  Zone: Zone1                    	53	68	-15
09:49:00  Zone: Zone2                    	55	37	18
09:49:48  Camera: Shop A                                  	57	42
09:49:52  Zone: Zone1                    	58	70	-12
09:49:52  Zone: Zone2                    	57	42	15
09:50:49  Camera: Shop A                                  	59	42
09:51:02  Zone: Zone1                    	58	72	-14
09:51:02  Zone: Zone2                    	59	42	17
09:51:50  Camera: Shop A                                  	64	48
09:51:54  Zone: Zone1                    	64	77	-13
09:51:54  Zone: Zone2                    	64	48	16
09:52:52  Camera: Shop A                                  	66	53
09:53:04  Zone: Zone1                    	69	79	-10
09:53:04  Zone: Zone2                    	66	53	13
09:53:53  Camera: Shop A                                  	69	56
09:53:56  Zone: Zone1                    	72	82	-10
09:53:56  Zone: Zone2                    	69	56	13
09:54:54  Camera: Shop A                                  	72	60
09:55:06  Zone: Zone1                    	76	85	-9
09:55:06  Zone: Zone2                    	72	60	12
09:55:55  Camera: Shop A                                  	74	65
09:55:58  Zone: Zone1                    	81	87	-6
09:55:58  Zone: Zone2                    	74	65	9
09:56:56  Camera: Shop A                                  	76	67
09:57:08  Zone: Zone1                    	83	89	-6
09:57:08  Zone: Zone2                    	76	67	9
09:57:57  Camera: Shop A                                  	78	69
09:58:00  Zone: Zone1                    	85	91	-6
09:58:00  Zone: Zone2                    	78	69	9
09:58:58  Camera: Shop A                                  	85	71
09:59:10  Zone: Zone1                    	87	98	-11
09:59:10  Zone: Zone2                    	85	71	14
09:59:59  Camera: Shop A                                  	92	74
10:00:02  Zone: Zone1                    	90	105	-15
10:00:02  Zone: Zone2                    	92	74	18
10:00:02  Logging to daily summary: "10:00 90 105 -6 92 74 9"
10:00:02  Service running OK
10:01:00  Camera: Shop A                                  	94	76
10:01:12  Zone: Zone1                    	92	107	-15
10:01:12  Zone: Zone2                    	94	76	18
10:02:01  Camera: Shop A                                  	96	78
10:02:04  Zone: Zone1                    	94	109	-15
10:02:04  Zone: Zone2                    	96	78	18
10:03:02  Camera: Shop A                                  	97	78
10:03:14  Zone: Zone1                    	94	110	-16
10:03:14  Zone: Zone2                    	97	78	19
10:04:03  Camera: Shop A                                  	100	78
10:04:06  Zone: Zone1                    	94	113	-19
10:04:06  Zone: Zone2                    	100	78	22
10:05:04  Camera: Shop A                                  	103	80
10:05:16  Zone: Zone1                    	96	116	-20
10:05:16  Zone: Zone2                    	103	80	23
10:06:06  Camera: Shop A                                  	108	82
10:06:08  Zone: Zone1                    	98	121	-23
10:06:08  Zone: Zone2                    	108	82	26
10:07:07  Camera: Shop A                                  	109	83
10:07:18  Zone: Zone1                    	99	122	-23
10:07:18  Zone: Zone2                    	109	83	26
10:09:09  Camera: Shop A                                  	114	86
10:09:22  Zone: Zone1                    	102	127	-25
10:09:22  Zone: Zone2                    	114	86	28
10:10:10  Camera: Shop A                                  	116	92
10:10:14  Zone: Zone1                    	108	129	-21
10:10:14  Zone: Zone2                    	116	92	24
10:11:11  Camera: Shop A                                  	119	99
10:11:24  Zone: Zone1                    	115	132	-17
10:11:24  Zone: Zone2                    	119	99	20
10:12:12  Camera: Shop A                                  	124	105
10:12:16  Zone: Zone1                    	121	137	-16
10:12:16  Zone: Zone2                    	124	105	19
10:13:13  Camera: Shop A                                  	127	109
10:13:15  Camera: Level 2 Main Entry                      	16	14
10:13:26  Zone: Zone1                    	125	141	-16
10:13:26  Zone: Zone2                    	127	109	18
10:14:14  Camera: Shop A                                  	130	109
10:14:16  Zone: Zone1                    	125	144	-19
10:14:16  Zone: Zone2                    	130	109	21
10:15:11  Service running OK
10:15:15  Camera: Shop A                                  	130	112
10:15:26  Zone: Zone1                    	128	144	-16
10:15:26  Zone: Zone2                    	130	112	18
10:16:16  Camera: Shop A                                  	132	117
10:16:18  Zone: Zone1                    	133	146	-13
10:16:18  Zone: Zone2                    	132	117	15
10:17:17  Camera: Shop A                                  	132	122
10:17:28  Zone: Zone1                    	138	146	-8
10:17:28  Zone: Zone2                    	132	122	10
10:18:18  Camera: Shop A                                  	134	124
10:18:20  Zone: Zone1                    	140	148	-8
10:18:20  Zone: Zone2                    	134	124	10
10:19:20  Camera: Shop A                                  	136	124
10:19:30  Zone: Zone1                    	140	150	-10
10:19:30  Zone: Zone2                    	136	124	12
10:20:21  Camera: Shop A                                  	137	128
10:20:22  Zone: Zone1                    	144	151	-7
10:20:22  Zone: Zone2                    	137	128	9
10:21:22  Camera: Shop A                                  	139	128
10:21:32  Zone: Zone1                    	144	153	-9
10:21:32  Zone: Zone2                    	139	128	11
10:22:23  Camera: Shop A                                  	141	137
10:22:24  Zone: Zone1                    	153	155	-2
10:22:24  Zone: Zone2                    	141	137	4
10:23:24  Camera: Shop A                                  	149	138
10:23:34  Zone: Zone1                    	154	163	-9
10:23:34  Zone: Zone2                    	149	138	11
10:24:25  Camera: Shop A                                  	164	138
10:24:26  Zone: Zone1                    	154	178	-24
10:24:26  Zone: Zone2                    	164	138	26
10:25:26  Camera: Shop A                                  	164	140
10:25:36  Zone: Zone1                    	156	178	-22
10:25:36  Zone: Zone2                    	164	140	24
10:26:27  Camera: Shop A                                  	170	141
10:26:28  Zone: Zone1                    	157	184	-27
10:26:28  Zone: Zone2                    	170	141	29
10:27:28  Camera: Shop A                                  	175	151
10:27:38  Zone: Zone1                    	167	189	-22
10:27:38  Zone: Zone2                    	175	151	24
10:28:29  Camera: Shop A                                  	178	154
10:28:30  Zone: Zone1                    	170	192	-22
10:28:30  Zone: Zone2                    	178	154	24
10:29:30  Camera: Shop A                                  	185	154
10:29:40  Zone: Zone1                    	170	199	-29
10:29:40  Zone: Zone2                    	185	154	31
10:30:17  Logging to daily summary: "10:30 80 94 -17 93 80 19"
10:30:17  Service running OK
10:30:31  Camera: Shop A                                  	191	156
10:30:32  Zone: Zone1                    	172	205	-33
10:30:32  Zone: Zone2                    	191	156	35
10:31:32  Camera: Shop A                                  	193	161
10:31:42  Zone: Zone1                    	177	207	-30
10:31:42  Zone: Zone2                    	193	161	32
10:32:34  Camera: Shop A                                  	199	161
10:32:34  Zone: Zone1                    	177	213	-36
10:32:34  Zone: Zone2                    	199	161	38
10:34:36  Camera: Shop A                                  	199	162
10:34:38  Zone: Zone1                    	178	213	-35
10:34:38  Zone: Zone2                    	199	162	37
10:35:37  Camera: Shop A                                  	203	164
10:35:48  Zone: Zone1                    	180	217	-37
10:35:48  Zone: Zone2                    	203	164	39
10:36:38  Camera: Shop A                                  	203	167
10:36:40  Zone: Zone1                    	183	217	-34
10:36:40  Zone: Zone2                    	203	167	36
10:37:39  Camera: Shop A                                  	206	176
10:37:50  Zone: Zone1                    	192	220	-28
10:37:50  Zone: Zone2                    	206	176	30
10:38:40  Camera: Shop A                                  	209	176
10:38:42  Zone: Zone1                    	192	223	-31
10:38:42  Zone: Zone2                    	209	176	33
10:39:41  Camera: Shop A                                  	210	178
10:39:52  Zone: Zone1                    	194	224	-30
10:39:52  Zone: Zone2                    	210	178	32
10:40:42  Camera: Shop A                                  	214	182
10:40:44  Zone: Zone1                    	198	228	-30
10:40:44  Zone: Zone2                    	214	182	32
10:41:43  Camera: Shop A                                  	218	189
10:41:54  Zone: Zone1                    	205	232	-27
10:41:54  Zone: Zone2                    	218	189	29
10:42:44  Camera: Shop A                                  	225	190
10:42:46  Zone: Zone1                    	206	239	-33
10:42:46  Zone: Zone2                    	225	190	35
10:43:45  Camera: Shop A                                  	225	192
10:43:56  Zone: Zone1                    	208	239	-31
10:43:56  Zone: Zone2                    	225	192	33
10:44:46  Camera: Shop A                                  	227	192
10:44:48  Zone: Zone1                    	208	241	-33
10:44:48  Zone: Zone2                    	227	192	35
10:45:07  Service running OK
10:45:48  Camera: Shop A                                  	227	193
10:45:58  Zone: Zone1                    	209	241	-32
10:45:58  Zone: Zone2                    	227	193	34
10:46:49  Camera: Shop A                                  	227	199
10:46:50  Zone: Zone1                    	215	241	-26
10:46:50  Zone: Zone2                    	227	199	28
10:47:50  Camera: Shop A                                  	237	199
10:48:00  Zone: Zone1                    	215	251	-36
10:48:00  Zone: Zone2                    	237	199	38
10:51:54  Camera: Shop A                                  	239	200
10:51:54  Zone: Zone1                    	216	253	-37
10:51:54  Zone: Zone2                    	239	200	39
10:52:55  Camera: Shop A                                  	241	203
10:53:04  Zone: Zone1                    	219	255	-36
10:53:04  Zone: Zone2                    	241	203	38
10:53:56  Camera: Shop A                                  	241	205
10:53:56  Zone: Zone1                    	221	255	-34
10:53:56  Zone: Zone2                    	241	205	36
10:54:57  Camera: Shop A                                  	241	206
10:55:06  Zone: Zone1                    	222	255	-33
10:55:06  Zone: Zone2                    	241	206	35
10:55:58  Camera: Shop A                                  	241	207
10:55:58  Zone: Zone1                    	223	255	-32
10:55:58  Zone: Zone2                    	241	207	34
10:59:02  Camera: Shop A                                  	245	208
10:59:14  Zone: Zone1                    	224	259	-35
10:59:14  Zone: Zone2                    	245	208	37
11:00:03  Camera: Shop A                                  	247	208
11:00:06  Zone: Zone1                    	224	261	-37
11:00:06  Zone: Zone2                    	247	208	39
11:00:06  Logging to daily summary: "11:00 54 62 -33 62 54 35"
11:00:06  Service running OK
11:01:04  Camera: Shop A                                  	247	215
11:01:16  Zone: Zone1                    	231	261	-30
11:01:16  Zone: Zone2                    	247	215	32
11:02:05  Camera: Shop A                                  	254	218
11:02:08  Zone: Zone1                    	234	268	-34
11:02:08  Zone: Zone2                    	254	218	36
11:03:06  Camera: Shop A                                  	255	225
11:03:18  Zone: Zone1                    	241	269	-28
11:03:18  Zone: Zone2                    	255	225	30
11:04:07  Camera: Shop A                                  	256	228
11:04:10  Zone: Zone1                    	244	270	-26
11:04:10  Zone: Zone2                    	256	228	28
11:05:08  Camera: Shop A                                  	257	236
11:05:20  Zone: Zone1                    	252	271	-19
11:05:20  Zone: Zone2                    	257	236	21
11:06:09  Camera: Shop A                                  	258	237
11:06:12  Zone: Zone1                    	253	272	-19
11:06:12  Zone: Zone2                    	258	237	21
11:07:10  Camera: Shop A                                  	258	238
11:07:22  Zone: Zone1                    	254	272	-18
11:07:22  Zone: Zone2                    	258	238	20
11:08:11  Camera: Shop A                                  	260	240
11:08:14  Zone: Zone1                    	256	274	-18
11:08:14  Zone: Zone2                    	260	240	20
11:09:12  Camera: Shop A                                  	264	244
11:09:24  Zone: Zone1                    	260	278	-18
11:09:24  Zone: Zone2                    	264	244	20
11:10:13  Camera: Shop A                                  	269	247
11:10:16  Zone: Zone1                    	263	283	-20
11:10:16  Zone: Zone2                    	269	247	22
11:11:15  Camera: Shop A                                  	270	247
11:11:26  Zone: Zone1                    	263	284	-21
11:11:26  Zone: Zone2                    	270	247	23
11:13:17  Camera: Shop A                                  	272	248
11:13:30  Zone: Zone1                    	264	286	-22
11:13:30  Zone: Zone2                    	272	248	24
11:14:18  Camera: Shop A                                  	274	251
11:14:22  Zone: Zone1                    	267	288	-21
11:14:22  Zone: Zone2                    	274	251	23
11:15:17  Service running OK
11:15:19  Camera: Shop A                                  	277	253
11:15:32  Zone: Zone1                    	269	291	-22
11:15:32  Zone: Zone2                    	277	253	24
11:16:20  Camera: Shop A                                  	277	258
11:16:24  Zone: Zone1                    	274	291	-17
11:16:24  Zone: Zone2                    	277	258	19
11:17:21  Camera: Shop A                                  	287	260
11:17:34  Zone: Zone1                    	276	301	-25
11:17:34  Zone: Zone2                    	287	260	27
11:18:22  Camera: Shop A                                  	291	262
11:18:26  Zone: Zone1                    	278	305	-27
11:18:26  Zone: Zone2                    	291	262	29
11:19:23  Camera: Shop A                                  	293	264
11:19:36  Zone: Zone1                    	280	307	-27
11:19:36  Zone: Zone2                    	293	264	29
11:20:24  Camera: Shop A                                  	293	268
11:20:28  Zone: Zone1                    	284	307	-23
11:20:28  Zone: Zone2                    	293	268	25
11:21:25  Camera: Shop A                                  	294	268
11:21:38  Zone: Zone1                    	284	308	-24
11:21:38  Zone: Zone2                    	294	268	26
11:22:26  Camera: Shop A                                  	294	269
11:22:30  Zone: Zone1                    	285	308	-23
11:22:30  Zone: Zone2                    	294	269	25
11:23:27  Camera: Shop A                                  	302	273
11:23:40  Zone: Zone1                    	289	316	-27
11:23:40  Zone: Zone2                    	302	273	29
11:24:29  Camera: Shop A                                  	302	275
11:24:32  Zone: Zone1                    	291	316	-25
11:24:32  Zone: Zone2                    	302	275	27
11:25:30  Camera: Shop A                                  	303	281
11:25:42  Zone: Zone1                    	297	317	-20
11:25:42  Zone: Zone2                    	303	281	22
11:26:31  Camera: Shop A                                  	311	286
11:26:34  Zone: Zone1                    	302	325	-23
11:26:34  Zone: Zone2                    	311	286	25
11:27:32  Camera: Shop A                                  	316	291
11:27:44  Zone: Zone1                    	307	330	-23
11:27:44  Zone: Zone2                    	316	291	25
11:29:34  Camera: Shop A                                  	318	298
11:29:48  Zone: Zone1                    	314	332	-18
11:29:48  Zone: Zone2                    	318	298	20
11:30:07  Logging to daily summary: "11:30 90 71 -23 71 90 25"
11:30:07  Service running OK
11:30:35  Camera: Shop A                                  	322	298
11:30:42  Zone: Zone1                    	314	336	-22
11:30:42  Zone: Zone2                    	322	298	24
11:31:36  Camera: Shop A                                  	324	298
11:31:36  Zone: Zone1                    	314	338	-24
11:31:36  Zone: Zone2                    	324	298	26
11:32:37  Camera: Shop A                                  	324	305
11:32:46  Zone: Zone1                    	321	338	-17
11:32:46  Zone: Zone2                    	324	305	19
11:33:38  Camera: Shop A                                  	331	313
11:33:38  Zone: Zone1                    	329	345	-16
11:33:38  Zone: Zone2                    	331	313	18
11:34:39  Camera: Shop A                                  	340	314
11:34:48  Zone: Zone1                    	330	354	-24
11:34:48  Zone: Zone2                    	340	314	26
11:35:40  Camera: Shop A                                  	343	314
11:35:41  Zone: Zone1                    	330	357	-27
11:35:41  Zone: Zone2                    	343	314	29
11:36:41  Camera: Shop A                                  	344	318
11:36:50  Zone: Zone1                    	334	358	-24
11:36:50  Zone: Zone2                    	344	318	26
11:37:43  Camera: Shop A                                  	344	323
11:37:43  Zone: Zone1                    	339	358	-19
11:37:43  Zone: Zone2                    	344	323	21
11:38:44  Camera: Shop A                                  	344	325
11:38:52  Zone: Zone1                    	341	358	-17
11:38:52  Zone: Zone2                    	344	325	19
11:39:45  Camera: Shop A                                  	346	327
11:39:45  Zone: Zone1                    	343	360	-17
11:39:45  Zone: Zone2                    	346	327	19
11:40:46  Camera: Shop A                                  	351	330
11:40:54  Zone: Zone1                    	346	365	-19
11:40:54  Zone: Zone2                    	351	330	21
11:41:47  Camera: Shop A                                  	354	332
11:41:47  Zone: Zone1                    	348	368	-20
11:41:47  Zone: Zone2                    	354	332	22
11:42:48  Camera: Shop A                                  	355	332
11:42:57  Zone: Zone1                    	348	369	-21
11:42:57  Zone: Zone2                    	355	332	23
11:43:49  Camera: Shop A                                  	355	334
11:43:49  Zone: Zone1                    	350	369	-19
11:43:49  Zone: Zone2                    	355	334	21
11:44:50  Camera: Shop A                                  	356	338
11:44:59  Zone: Zone1                    	354	370	-16
11:44:59  Zone: Zone2                    	356	338	18
11:45:18  Service running OK
11:45:51  Camera: Shop A                                  	365	345
11:45:51  Zone: Zone1                    	361	379	-18
11:45:51  Zone: Zone2                    	365	345	20
11:46:52  Camera: Shop A                                  	367	345
11:47:01  Zone: Zone1                    	361	381	-20
11:47:01  Zone: Zone2                    	367	345	22
11:47:53  Camera: Shop A                                  	370	347
11:47:53  Zone: Zone1                    	363	384	-21
11:47:53  Zone: Zone2                    	370	347	23
11:48:54  Camera: Shop A                                  	372	347
11:49:03  Zone: Zone1                    	363	386	-23
11:49:03  Zone: Zone2                    	372	347	25
11:49:56  Camera: Shop A                                  	372	348
11:49:56  Zone: Zone1                    	364	386	-22
11:49:56  Zone: Zone2                    	372	348	24
11:50:57  Camera: Shop A                                  	374	353
11:51:05  Zone: Zone1                    	369	388	-19
11:51:05  Zone: Zone2                    	374	353	21
11:51:58  Camera: Shop A                                  	379	353
11:51:58  Zone: Zone1                    	369	393	-24
11:51:58  Zone: Zone2                    	379	353	26
11:52:59  Camera: Shop A                                  	380	356
11:53:09  Zone: Zone1                    	372	394	-22
11:53:09  Zone: Zone2                    	380	356	24
11:54:00  Camera: Shop A                                  	381	358
11:54:01  Zone: Zone1                    	374	395	-21
11:54:01  Zone: Zone2                    	381	358	23
11:55:01  Camera: Shop A                                  	383	362
11:55:11  Zone: Zone1                    	378	397	-19
11:55:11  Zone: Zone2                    	383	362	21
11:56:02  Camera: Shop A                                  	387	364
11:56:03  Zone: Zone1                    	380	401	-21
11:56:03  Zone: Zone2                    	387	364	23
11:57:03  Camera: Shop A                                  	389	365
11:57:13  Zone: Zone1                    	381	403	-22
11:57:13  Zone: Zone2                    	389	365	24
11:58:04  Camera: Shop A                                  	389	368
11:58:05  Zone: Zone1                    	384	403	-19
11:58:05  Zone: Zone2                    	389	368	21
11:59:05  Camera: Shop A                                  	393	373
11:59:15  Zone: Zone1                    	389	407	-18
11:59:15  Zone: Zone2                    	393	373	20
12:00:06  Camera: Shop A                                  	406	379
12:00:07  Zone: Zone1                    	395	420	-25
12:00:07  Zone: Zone2                    	406	379	27
12:00:07  Logging to daily summary: "12:00 81 88 -20 88 81 22"
12:00:07  Service running OK
12:01:07  Camera: Shop A                                  	411	380
12:01:17  Zone: Zone1                    	396	425	-29
12:01:17  Zone: Zone2                    	411	380	31
12:02:08  Camera: Shop A                                  	416	380
12:02:09  Zone: Zone1                    	396	430	-34
12:02:09  Zone: Zone2                    	416	380	36
12:03:10  Camera: Shop A                                  	421	387
12:03:19  Zone: Zone1                    	403	435	-32
12:03:19  Zone: Zone2                    	421	387	34
12:04:11  Camera: Shop A                                  	421	389
12:04:11  Zone: Zone1                    	405	435	-30
12:04:11  Zone: Zone2                    	421	389	32
12:05:12  Camera: Shop A                                  	427	391
12:05:21  Zone: Zone1                    	407	441	-34
12:05:21  Zone: Zone2                    	427	391	36
12:06:13  Camera: Shop A                                  	427	394
12:06:13  Zone: Zone1                    	410	441	-31
12:06:13  Zone: Zone2                    	427	394	33
12:07:14  Camera: Shop A                                  	427	397
12:07:23  Zone: Zone1                    	413	441	-28
12:07:23  Zone: Zone2                    	427	397	30
12:08:15  Camera: Shop A                                  	428	406
12:08:15  Zone: Zone1                    	422	442	-20
12:08:15  Zone: Zone2                    	428	406	22
12:09:16  Camera: Shop A                                  	437	407
12:09:25  Zone: Zone1                    	423	451	-28
12:09:25  Zone: Zone2                    	437	407	30
12:10:17  Camera: Shop A                                  	437	408
12:10:17  Zone: Zone1                    	424	451	-27
12:10:17  Zone: Zone2                    	437	408	29
12:11:18  Camera: Shop A                                  	438	408
12:11:27  Zone: Zone1                    	424	452	-28
12:11:27  Zone: Zone2                    	438	408	30
12:14:21  Camera: Shop A                                  	446	414
12:14:25  Zone: Zone1                    	430	460	-30
12:14:25  Zone: Zone2                    	446	414	32
12:15:02  Service running OK
12:15:23  Camera: Shop A                                  	456	414
12:15:35  Zone: Zone1                    	430	470	-40
12:15:35  Zone: Zone2                    	456	414	42
12:16:24  Camera: Shop A                                  	456	415
12:16:27  Zone: Zone1                    	431	470	-39
12:16:27  Zone: Zone2                    	456	415	41
12:17:25  Camera: Shop A                                  	458	418
12:17:37  Zone: Zone1                    	434	472	-38
12:17:37  Zone: Zone2                    	458	418	40
12:18:26  Camera: Shop A                                  	461	419
12:18:29  Zone: Zone1                    	435	475	-40
12:18:29  Zone: Zone2                    	461	419	42
12:19:27  Camera: Shop A                                  	466	421
12:19:39  Zone: Zone1                    	437	480	-43
12:19:39  Zone: Zone2                    	466	421	45
12:20:28  Camera: Shop A                                  	466	422
12:20:31  Zone: Zone1                    	438	480	-42
12:20:31  Zone: Zone2                    	466	422	44
12:21:29  Camera: Shop A                                  	471	424
12:21:41  Zone: Zone1                    	440	485	-45
12:21:41  Zone: Zone2                    	471	424	47
12:21:58  Camera: Level 1 Science Centre Entry 2          	0	7
12:21:58  Zone: Zone1                    	440	492	-52
12:22:30  Camera: Shop A                                  	471	430
12:22:32  Zone: Zone1                    	446	492	-46
12:22:32  Zone: Zone2                    	471	430	41
12:23:31  Camera: Shop A                                  	471	432
12:23:42  Zone: Zone1                    	448	492	-44
12:23:42  Zone: Zone2                    	471	432	39
12:24:32  Camera: Shop A                                  	473	432
12:24:34  Zone: Zone1                    	448	494	-46
12:24:34  Zone: Zone2                    	473	432	41
12:25:33  Camera: Shop A                                  	473	433
12:25:44  Zone: Zone1                    	449	494	-45
12:25:44  Zone: Zone2                    	473	433	40
12:26:34  Camera: Shop A                                  	479	443
12:26:36  Zone: Zone1                    	459	500	-41
12:26:36  Zone: Zone2                    	479	443	36
12:27:35  Camera: Shop A                                  	486	443
12:27:46  Zone: Zone1                    	459	507	-48
12:27:46  Zone: Zone2                    	486	443	43
12:28:37  Camera: Shop A                                  	488	444
12:28:38  Zone: Zone1                    	460	509	-49
12:28:38  Zone: Zone2                    	488	444	44
12:29:38  Camera: Shop A                                  	488	445
12:29:48  Zone: Zone1                    	461	509	-48
12:29:48  Zone: Zone2                    	488	445	43
12:30:07  Logging to daily summary: "12:30 66 89 -36 82 66 36"
12:30:07  Service running OK
12:30:39  Camera: Shop A                                  	488	448
12:30:40  Zone: Zone1                    	464	509	-45
12:30:40  Zone: Zone2                    	488	448	40
12:32:41  Camera: Shop A                                  	491	453
12:32:44  Zone: Zone1                    	469	512	-43
12:32:44  Zone: Zone2                    	491	453	38
12:33:42  Camera: Shop A                                  	497	454
12:33:54  Zone: Zone1                    	470	518	-48
12:33:54  Zone: Zone2                    	497	454	43
12:34:43  Camera: Shop A                                  	497	458
12:34:46  Zone: Zone1                    	474	518	-44
12:34:46  Zone: Zone2                    	497	458	39
12:35:44  Camera: Shop A                                  	499	458
12:35:56  Zone: Zone1                    	474	520	-46
12:35:56  Zone: Zone2                    	499	458	41
12:37:46  Camera: Shop A                                  	500	460
12:38:00  Zone: Zone1                    	476	521	-45
12:38:00  Zone: Zone2                    	500	460	40
12:39:48  Camera: Shop A                                  	502	465
12:39:48  Zone: Zone1                    	481	523	-42
12:39:49  Zone: Zone2                    	502	465	37
12:40:49  Camera: Shop A                                  	509	467
12:40:58  Zone: Zone1                    	483	530	-47
12:40:58  Zone: Zone2                    	509	467	42
12:41:51  Camera: Shop A                                  	510	469
12:41:51  Zone: Zone1                    	485	531	-46
12:41:51  Zone: Zone2                    	510	469	41
12:42:52  Camera: Shop A                                  	510	470
12:43:00  Zone: Zone1                    	486	531	-45
12:43:00  Zone: Zone2                    	510	470	40
12:44:54  Camera: Shop A                                  	512	472
12:45:04  Zone: Zone1                    	488	533	-45
12:45:04  Zone: Zone2                    	512	472	40
12:45:04  Service running OK
12:45:55  Camera: Shop A                                  	515	476
12:45:56  Zone: Zone1                    	492	536	-44
12:45:56  Zone: Zone2                    	515	476	39
12:47:57  Camera: Shop A                                  	515	478
12:48:00  Zone: Zone1                    	494	536	-42
12:48:00  Zone: Zone2                    	515	478	37
12:48:58  Camera: Shop A                                  	519	479
12:49:10  Zone: Zone1                    	495	540	-45
12:49:10  Zone: Zone2                    	519	479	40
12:49:59  Camera: Shop A                                  	521	484
12:50:02  Zone: Zone1                    	500	542	-42
12:50:02  Zone: Zone2                    	521	484	37
12:51:00  Camera: Shop A                                  	524	484
12:51:12  Zone: Zone1                    	500	545	-45
12:51:12  Zone: Zone2                    	524	484	40
12:52:01  Camera: Shop A                                  	527	485
12:52:04  Zone: Zone1                    	501	548	-47
12:52:04  Zone: Zone2                    	527	485	42
12:53:02  Camera: Shop A                                  	529	488
12:53:14  Zone: Zone1                    	504	550	-46
12:53:14  Zone: Zone2                    	529	488	41
12:54:03  Camera: Shop A                                  	529	490
12:54:06  Zone: Zone1                    	506	550	-44
12:54:06  Zone: Zone2                    	529	490	39
12:55:05  Camera: Shop A                                  	530	491
12:55:16  Zone: Zone1                    	507	551	-44
12:55:16  Zone: Zone2                    	530	491	39
12:56:06  Camera: Shop A                                  	535	491
12:56:08  Zone: Zone1                    	507	556	-49
12:56:08  Zone: Zone2                    	535	491	44
12:57:07  Camera: Shop A                                  	536	492
12:57:18  Zone: Zone1                    	508	557	-49
12:57:18  Zone: Zone2                    	536	492	44
12:59:09  Camera: Shop A                                  	536	493
12:59:22  Zone: Zone1                    	509	557	-48
12:59:22  Zone: Zone2                    	536	493	43
13:00:10  Camera: Shop A                                  	537	493
13:00:14  Zone: Zone1                    	509	558	-49
13:00:14  Zone: Zone2                    	537	493	44
13:00:14  Logging to daily summary: "13:00 48 49 -45 49 48 40"
13:00:14  Service running OK
13:01:11  Camera: Shop A                                  	539	495
13:01:24  Zone: Zone1                    	511	560	-49
13:01:24  Zone: Zone2                    	539	495	44
13:02:12  Camera: Shop A                                  	540	500
13:02:16  Zone: Zone1                    	516	561	-45
13:02:16  Zone: Zone2                    	540	500	40
13:03:13  Camera: Shop A                                  	540	503
13:03:26  Zone: Zone1                    	519	561	-42
13:03:26  Zone: Zone2                    	540	503	37
13:04:14  Camera: Shop A                                  	542	504
13:04:18  Zone: Zone1                    	520	563	-43
13:04:18  Zone: Zone2                    	542	504	38
13:05:15  Camera: Shop A                                  	543	504
13:05:28  Zone: Zone1                    	520	564	-44
13:05:28  Zone: Zone2                    	543	504	39
13:06:17  Camera: Shop A                                  	544	507
13:06:20  Zone: Zone1                    	523	565	-42
13:06:20  Zone: Zone2                    	544	507	37
13:07:18  Camera: Shop A                                  	546	508
13:07:30  Zone: Zone1                    	524	567	-43
13:07:30  Zone: Zone2                    	546	508	38
13:09:20  Camera: Shop A                                  	546	512
13:09:34  Zone: Zone1                    	528	567	-39
13:09:34  Zone: Zone2                    	546	512	34
13:10:21  Camera: Shop A                                  	551	518
13:10:26  Zone: Zone1                    	534	572	-38
13:10:26  Zone: Zone2                    	551	518	33
13:11:22  Camera: Shop A                                  	554	518
13:11:36  Zone: Zone1                    	534	575	-41
13:11:36  Zone: Zone2                    	554	518	36
13:12:23  Camera: Shop A                                  	556	519
13:12:28  Zone: Zone1                    	535	577	-42
13:12:28  Zone: Zone2                    	556	519	37
13:13:24  Camera: Shop A                                  	556	520
13:13:38  Zone: Zone1                    	536	577	-41
13:13:38  Zone: Zone2                    	556	520	36
13:14:25  Camera: Shop A                                  	556	527
13:14:30  Zone: Zone1                    	543	577	-34
13:14:30  Zone: Zone2                    	556	527	29
13:15:07  Service running OK
13:15:26  Camera: Shop A                                  	561	528
13:15:40  Zone: Zone1                    	544	582	-38
13:15:40  Zone: Zone2                    	561	528	33
13:16:27  Camera: Shop A                                  	564	528
13:16:32  Zone: Zone1                    	544	585	-41
13:16:32  Zone: Zone2                    	564	528	36
13:17:28  Camera: Shop A                                  	565	532
13:17:42  Zone: Zone1                    	548	586	-38
13:17:42  Zone: Zone2                    	565	532	33
13:19:31  Camera: Shop A                                  	568	533
13:19:46  Zone: Zone1                    	549	589	-40
13:19:46  Zone: Zone2                    	568	533	35
13:20:32  Camera: Shop A                                  	570	534
13:20:38  Zone: Zone1                    	550	591	-41
13:20:38  Zone: Zone2                    	570	534	36
13:20:59  Camera: Level 2 Lift                            	1	1
13:21:12  Zone: Zone1                    	551	592	-41
13:22:34  Camera: Shop A                                  	574	534
13:22:40  Zone: Zone1                    	551	596	-45
13:22:40  Zone: Zone2                    	574	534	40
13:23:35  Camera: Shop A                                  	574	536
13:23:50  Zone: Zone1                    	553	596	-43
13:23:50  Zone: Zone2                    	574	536	38
13:24:36  Camera: Shop A                                  	576	541
13:24:42  Zone: Zone1                    	558	598	-40
13:24:42  Zone: Zone2                    	576	541	35
13:25:37  Camera: Shop A                                  	578	544
13:25:52  Zone: Zone1                    	561	600	-39
13:25:52  Zone: Zone2                    	578	544	34
13:26:38  Camera: Shop A                                  	579	545
13:26:44  Zone: Zone1                    	562	601	-39
13:26:44  Zone: Zone2                    	579	545	34
13:27:39  Camera: Shop A                                  	584	551
13:27:54  Zone: Zone1                    	568	606	-38
13:27:54  Zone: Zone2                    	584	551	33
13:28:40  Camera: Shop A                                  	585	553
13:28:46  Zone: Zone1                    	570	607	-37
13:28:46  Zone: Zone2                    	585	553	32
13:29:41  Camera: Shop A                                  	589	556
13:29:56  Zone: Zone1                    	573	611	-38
13:29:56  Zone: Zone2                    	589	556	33
13:30:16  Logging to daily summary: "13:30 64 53 -41 52 63 36"
13:30:16  Service running OK
13:30:42  Camera: Shop A                                  	592	558
13:30:51  Zone: Zone1                    	575	614	-39
13:30:51  Zone: Zone2                    	592	558	34
13:31:43  Camera: Shop A                                  	592	559
13:31:44  Zone: Zone1                    	576	614	-38
13:31:44  Zone: Zone2                    	592	559	33
13:32:45  Camera: Shop A                                  	595	559
13:32:53  Zone: Zone1                    	576	617	-41
13:32:53  Zone: Zone2                    	595	559	36
13:33:46  Camera: Shop A                                  	600	562
13:33:46  Zone: Zone1                    	579	622	-43
13:33:46  Zone: Zone2                    	600	562	38
13:34:47  Camera: Shop A                                  	600	565
13:34:55  Zone: Zone1                    	582	622	-40
13:34:55  Zone: Zone2                    	600	565	35
13:35:48  Camera: Shop A                                  	602	571
13:35:48  Zone: Zone1                    	588	624	-36
13:35:48  Zone: Zone2                    	602	571	31
13:36:49  Camera: Shop A                                  	605	575
13:36:57  Zone: Zone1                    	592	627	-35
13:36:57  Zone: Zone2                    	605	575	30
13:37:50  Camera: Shop A                                  	608	578
13:37:50  Zone: Zone1                    	595	630	-35
13:37:50  Zone: Zone2                    	608	578	30
13:38:51  Camera: Shop A                                  	611	579
13:39:01  Zone: Zone1                    	596	633	-37
13:39:01  Zone: Zone2                    	611	579	32
13:39:52  Camera: Shop A                                  	614	581
13:39:53  Zone: Zone1                    	598	636	-38
13:39:53  Zone: Zone2                    	614	581	33
13:40:53  Camera: Shop A                                  	615	582
13:41:03  Zone: Zone1                    	599	637	-38
13:41:03  Zone: Zone2                    	615	582	33
13:41:54  Camera: Shop A                                  	619	584
13:41:55  Zone: Zone1                    	601	641	-40
13:41:55  Zone: Zone2                    	619	584	35
13:42:55  Camera: Shop A                                  	624	587
13:43:05  Zone: Zone1                    	604	646	-42
13:43:05  Zone: Zone2                    	624	587	37
13:43:57  Camera: Shop A                                  	630	587
13:43:57  Zone: Zone1                    	604	652	-48
13:43:57  Zone: Zone2                    	630	587	43
13:44:58  Camera: Shop A                                  	634	588
13:45:07  Zone: Zone1                    	605	656	-51
13:45:07  Zone: Zone2                    	634	588	46
13:45:07  Service running OK
13:45:59  Camera: Shop A                                  	636	589
13:45:59  Zone: Zone1                    	606	658	-52
13:45:59  Zone: Zone2                    	636	589	47
13:47:00  Camera: Shop A                                  	636	591
13:47:09  Zone: Zone1                    	608	658	-50
13:47:09  Zone: Zone2                    	636	591	45
13:48:01  Camera: Shop A                                  	636	594
13:48:01  Zone: Zone1                    	611	658	-47
13:48:01  Zone: Zone2                    	636	594	42
13:49:02  Camera: Shop A                                  	637	597
13:49:11  Zone: Zone1                    	614	659	-45
13:49:11  Zone: Zone2                    	637	597	40
13:50:03  Camera: Shop A                                  	651	598
13:50:03  Zone: Zone1                    	615	673	-58
13:50:03  Zone: Zone2                    	651	598	53
13:51:04  Camera: Shop A                                  	655	600
13:51:13  Zone: Zone1                    	617	677	-60
13:51:13  Zone: Zone2                    	655	600	55
13:52:05  Camera: Shop A                                  	655	601
13:52:05  Zone: Zone1                    	618	677	-59
13:52:05  Zone: Zone2                    	655	601	54
13:53:06  Camera: Shop A                                  	662	601
13:53:15  Zone: Zone1                    	618	684	-66
13:53:15  Zone: Zone2                    	662	601	61
13:54:07  Camera: Shop A                                  	662	606
13:54:07  Zone: Zone1                    	623	684	-61
13:54:07  Zone: Zone2                    	662	606	56
13:55:08  Camera: Shop A                                  	664	606
13:55:17  Zone: Zone1                    	623	686	-63
13:55:17  Zone: Zone2                    	664	606	58
13:56:09  Camera: Shop A                                  	664	607
13:56:10  Zone: Zone1                    	624	686	-62
13:56:10  Zone: Zone2                    	664	607	57
13:57:11  Camera: Shop A                                  	664	608
13:57:19  Zone: Zone1                    	625	686	-61
13:57:19  Zone: Zone2                    	664	608	56
13:58:12  Camera: Shop A                                  	668	611
13:58:12  Zone: Zone1                    	628	690	-62
13:58:12  Zone: Zone2                    	668	611	57
13:59:13  Camera: Shop A                                  	670	621
13:59:21  Zone: Zone1                    	638	692	-54
13:59:21  Zone: Zone2                    	670	621	49
14:00:14  Camera: Shop A                                  	670	626
14:00:14  Zone: Zone1                    	643	692	-49
14:00:14  Zone: Zone2                    	670	626	44
14:00:14  Logging to daily summary: "14:00 70 81 -48 81 70 43"
14:00:14  Service running OK
14:01:15  Camera: Shop A                                  	672	628
14:01:24  Zone: Zone1                    	645	694	-49
14:01:24  Zone: Zone2                    	672	628	44
14:02:16  Camera: Shop A                                  	687	634
14:02:16  Zone: Zone1                    	651	709	-58
14:02:16  Zone: Zone2                    	687	634	53
14:03:17  Camera: Shop A                                  	690	636
14:03:26  Zone: Zone1                    	653	712	-59
14:03:26  Zone: Zone2                    	690	636	54
14:05:19  Camera: Shop A                                  	691	638
14:05:30  Zone: Zone1                    	655	713	-58
14:05:30  Zone: Zone2                    	691	638	53
14:06:20  Camera: Shop A                                  	691	643
14:06:22  Zone: Zone1                    	660	713	-53
14:06:22  Zone: Zone2                    	691	643	48
14:08:22  Camera: Shop A                                  	695	644
14:08:26  Zone: Zone1                    	661	717	-56
14:08:26  Zone: Zone2                    	695	644	51
14:09:23  Camera: Shop A                                  	697	650
14:09:36  Zone: Zone1                    	667	719	-52
14:09:36  Zone: Zone2                    	697	650	47
14:10:25  Camera: Shop A                                  	697	652
14:10:28  Zone: Zone1                    	669	719	-50
14:10:28  Zone: Zone2                    	697	652	45
14:11:26  Camera: Shop A                                  	699	652
14:11:38  Zone: Zone1                    	669	721	-52
14:11:38  Zone: Zone2                    	699	652	47
14:12:27  Camera: Shop A                                  	699	656
14:12:30  Zone: Zone1                    	673	721	-48
14:12:30  Zone: Zone2                    	699	656	43
14:13:28  Camera: Shop A                                  	702	657
14:13:40  Zone: Zone1                    	674	724	-50
14:13:40  Zone: Zone2                    	702	657	45
14:14:29  Camera: Shop A                                  	703	660
14:14:32  Zone: Zone1                    	677	725	-48
14:14:32  Zone: Zone2                    	703	660	43
14:15:09  Service running OK
14:15:30  Camera: Shop A                                  	711	660
14:15:42  Zone: Zone1                    	677	733	-56
14:15:42  Zone: Zone2                    	711	660	51
14:16:31  Camera: Shop A                                  	716	662
14:16:34  Zone: Zone1                    	679	738	-59
14:16:34  Zone: Zone2                    	716	662	54
14:20:35  Camera: Shop A                                  	716	664
14:20:44  Zone: Zone1                    	681	738	-57
14:20:44  Zone: Zone2                    	716	664	52
14:21:36  Camera: Shop A                                  	721	664
14:21:37  Zone: Zone1                    	681	743	-62
14:21:37  Zone: Zone2                    	721	664	57
14:22:37  Camera: Shop A                                  	723	664
14:22:46  Zone: Zone1                    	681	745	-64
14:22:46  Zone: Zone2                    	723	664	59
14:23:39  Camera: Shop A                                  	723	667
14:23:39  Zone: Zone1                    	684	745	-61
14:23:39  Zone: Zone2                    	723	667	56
14:24:40  Camera: Shop A                                  	723	669
14:24:48  Zone: Zone1                    	686	745	-59
14:24:48  Zone: Zone2                    	723	669	54
14:25:41  Camera: Shop A                                  	727	669
14:25:41  Zone: Zone1                    	686	749	-63
14:25:41  Zone: Zone2                    	727	669	58
14:29:45  Camera: Shop A                                  	727	674
14:29:50  Zone: Zone1                    	691	749	-58
14:29:50  Zone: Zone2                    	727	674	53
14:30:09  Logging to daily summary: "14:30 48 57 -56 57 48 51"
14:30:09  Service running OK
14:30:46  Camera: Shop A                                  	727	675
14:31:00  Zone: Zone1                    	692	749	-57
14:31:00  Zone: Zone2                    	727	675	52
14:31:47  Camera: Shop A                                  	728	675
14:31:52  Zone: Zone1                    	692	750	-58
14:31:52  Zone: Zone2                    	728	675	53
14:33:49  Camera: Shop A                                  	728	678
14:33:56  Zone: Zone1                    	695	750	-55
14:33:56  Zone: Zone2                    	728	678	50
14:34:50  Camera: Shop A                                  	728	680
14:34:50  Zone: Zone1                    	697	750	-53
14:34:51  Zone: Zone2                    	728	680	48
14:35:51  Camera: Shop A                                  	735	680
14:36:00  Zone: Zone1                    	697	757	-60
14:36:00  Zone: Zone2                    	735	680	55
14:38:55  Camera: Shop A                                  	737	680
14:38:58  Zone: Zone1                    	697	759	-62
14:38:58  Zone: Zone2                    	737	680	57
14:40:57  Camera: Shop A                                  	737	682
14:41:02  Zone: Zone1                    	699	759	-60
14:41:02  Zone: Zone2                    	737	682	55
14:41:58  Camera: Shop A                                  	737	684
14:42:12  Zone: Zone1                    	701	759	-58
14:42:12  Zone: Zone2                    	737	684	53
14:42:59  Camera: Shop A                                  	738	684
14:43:04  Zone: Zone1                    	701	760	-59
14:43:04  Zone: Zone2                    	738	684	54
14:44:00  Camera: Shop A                                  	738	686
14:44:14  Zone: Zone1                    	703	760	-57
14:44:14  Zone: Zone2                    	738	686	52
14:45:09  Service running OK
14:46:02  Camera: Shop A                                  	739	686
14:46:02  Zone: Zone1                    	703	761	-58
14:46:02  Zone: Zone2                    	739	686	53
14:47:03  Camera: Shop A                                  	743	692
14:47:12  Zone: Zone1                    	709	765	-56
14:47:12  Zone: Zone2                    	743	692	51
14:48:04  Camera: Shop A                                  	743	694
14:48:05  Zone: Zone1                    	711	765	-54
14:48:05  Zone: Zone2                    	743	694	49
14:49:01  Level 1 Science Centre Entry 1: The Irisys IP Manager destructor has flagged the thread to end.
14:49:03  Shop A: Main Data Collection loop has finished (g_bStopFlag=1, m_bEndThread=0).
14:49:06  Level 2 Main Entry: Main Data Collection loop has finished (g_bStopFlag=1, m_bEndThread=0).
14:49:17  Level 1 Science Centre Entry 1: Main Data Collection loop has finished (g_bStopFlag=1, m_bEndThread=1).
14:49:17  Level 1 Science Centre Entry 2: The Irisys IP Manager destructor has flagged the thread to end.
14:49:18  Level 1 Science Centre Lift: Main Data Collection loop has finished (g_bStopFlag=1, m_bEndThread=0).

14:49:41  RECAP $Revision: 3.13.2.13 $ ($State: Exp $) built 09:15:45, Aug  3 2010
14:49:41  Logging Counting Started
14:49:41  Start time: 09:30 (570 minutes past midnight)
14:49:41  Stop time: 22:00 (1320 minutes past midnight)
14:49:41  Log period: 30 minutes
14:49:41  Initialising 0 display(s)
14:49:42  Initialising 9 camera(s)
14:49:42  IrisysIP counter(s) in use, Starting BlackFin API
14:49:42  If RECAP crashes, check .NET framework and VCRedist are installed.
14:49:42  BlackFin API Started.
14:49:42  BlackFin API Started up OK. Version: 1.10.0.5
14:49:42  Initialising 2 zone(s)
14:49:42  Outputting 'Zone1' zone data to 'Zones\Zone1.txt'
14:49:42  Outputting 'Zone2' zone data to 'Zones\Zone2.txt'
14:49:42  Displaying shutdown on 0 display(s)
14:49:42  Waiting till start time
14:49:42  Start time reached
14:49:42  Adding Level 1 Science Centre Entry 1 thread to Watchdog
14:49:42  Level 1 Science Centre Entry 1: InCountCorrection read from registry: 0
14:49:42  Level 1 Science Centre Entry 1: OutCountCorrection read from registry: 0
14:49:42  Adding Level 1 Science Centre Entry 2 thread to Watchdog
14:49:42  Level 1 Science Centre Entry 2: InCountCorrection read from registry: 0
14:49:42  Level 1 Science Centre Entry 2: OutCountCorrection read from registry: 0
14:49:42  Adding Level 1 Science Centre Lift thread to Watchdog
14:49:42  Level 1 Science Centre Lift: InCountCorrection read from registry: 0
14:49:42  Level 1 Science Centre Lift: OutCountCorrection read from registry: 0
14:49:43  Adding Level 2 Main Entry thread to Watchdog
14:49:43  Level 2 Main Entry: InCountCorrection read from registry: 0
14:49:43  Level 2 Main Entry: OutCountCorrection read from registry: 0
14:49:43  Adding Level 2 Lift thread to Watchdog
14:49:43  Level 2 Lift: InCountCorrection read from registry: 0
14:49:43  Level 2 Lift: OutCountCorrection read from registry: 0
14:49:43  Adding Shop A thread to Watchdog
14:49:43  Shop A: InCountCorrection read from registry: 0
14:49:43  Shop A: OutCountCorrection read from registry: 0
14:49:43  Adding Shop B thread to Watchdog
14:49:43  Shop B: InCountCorrection read from registry: 0
14:49:43  Shop B: OutCountCorrection read from registry: 0
14:49:43  Adding Shop Whale Mall thread to Watchdog
14:49:43  Shop Whale Mall: InCountCorrection read from registry: 0
14:49:43  Shop Whale Mall: OutCountCorrection read from registry: 0
14:49:43  Adding Level 2 Cafe thread to Watchdog
14:49:43  Level 2 Cafe: InCountCorrection read from registry: 0
14:49:43  Level 2 Cafe: OutCountCorrection read from registry: 0
14:49:44  Already started today, update counts and busiest times from registry
14:49:45  Starting main data collection loop.
14:49:54  Level 2 Lift: Connect Success (5) (serial num:2158593872)
14:49:54  Level 2 Lift: MAC:00-21-AC-00-2F-8C IP Firmware:4.0.2.30311 Monitor Firmware:42.4.0.404
14:49:56  Level 1 Science Centre Entry 2: Connect Success (2) (serial num:2158593777)
14:49:56  Level 1 Science Centre Entry 2: MAC:00-21-AC-00-30-3B IP Firmware:4.0.2.30311 Monitor Firmware:42.4.0.404
14:49:58  Level 1 Science Centre Entry 1: Connect Success (1) (serial num:2158593798)
14:49:59  Level 1 Science Centre Entry 1: MAC:00-21-AC-00-30-39 IP Firmware:4.0.2.30311 Monitor Firmware:42.4.0.404
14:50:03  Level 2 Lift: Status msgs: 0,0
14:50:04  Level 2 Lift: Current DeviceID: DefaultID
14:50:07  Level 1 Science Centre Entry 2: Status msgs: 0,0
14:50:07  Level 1 Science Centre Entry 2: Current DeviceID: DefaultID
14:50:09  Level 1 Science Centre Entry 1: Status msgs: 0,0
14:50:10  Level 1 Science Centre Entry 1: Current DeviceID: DefaultID
14:51:00  Level 1 Science Centre Lift: Connect Success (3) (serial num:2158593853)
14:51:00  Level 2 Main Entry: Connect Success (4) (serial num:2158593780)
14:51:01  Level 1 Science Centre Lift: MAC:00-21-AC-00-30-1A IP Firmware:4.0.2.30311 Monitor Firmware:42.4.0.404
14:51:01  Level 2 Main Entry: MAC:00-21-AC-00-30-D9 IP Firmware:4.0.2.30311 Monitor Firmware:42.4.0.404
14:51:07  Shop A: Connect Success (6) (serial num:2158593779)
14:51:08  Shop A: MAC:00-21-AC-00-30-21 IP Firmware:4.0.2.30311 Monitor Firmware:42.4.0.404
14:52:07  Initial Camera Level 1 Science Centre Lift Counts 	= In:0, Out:0
14:52:07  Initial Camera Level 2 Main Entry Counts 	= In:16, Out:14
14:52:11  Level 1 Science Centre Lift: Date last reset in registry is today: 06/01/12
14:52:11  Camera: Level 1 Science Centre Lift - Counts are now valid.
14:52:11  Level 2 Main Entry: Date last reset in registry is today: 06/01/12
14:52:11  Camera: Level 2 Main Entry - Counts are now valid.
14:52:12  Initial Camera Level 2 Lift Counts 	= In:1, Out:1
14:52:15  Initial Camera Shop A Counts 	= In:744, Out:695
14:52:15  Initial Camera Level 1 Science Centre Entry 2 Counts 	= In:0, Out:7
14:52:16  Level 2 Lift: Date last reset in registry is today: 06/01/12
14:52:16  Camera: Level 2 Lift - Counts are now valid.
14:52:18  Initial Camera Level 1 Science Centre Entry 1 Counts 	= In:0, Out:0
14:52:19  Shop A: Date last reset in registry is today: 06/01/12
14:52:19  Camera: Shop A - Counts are now valid.
14:52:19  Level 1 Science Centre Entry 2: Date last reset in registry is today: 06/01/12
14:52:19  Camera: Level 1 Science Centre Entry 2 - Counts are now valid.
14:52:22  Level 1 Science Centre Entry 1: Date last reset in registry is today: 06/01/12
14:52:22  Camera: Level 1 Science Centre Entry 1 - Counts are now valid.
14:53:11  Camera: Level 1 Science Centre Lift             	0	0
14:53:11  Level 1 Science Centre Lift IrisysIP camera has reset
14:53:11  Camera: Level 2 Main Entry                      	16	14
14:53:16  Camera: Level 2 Lift                            	1	1
14:53:19  Camera: Shop A                                  	748	695
14:53:19  Camera: Level 1 Science Centre Entry 2          	0	7
14:53:21  Camera: Level 1 Science Centre Entry 1          	0	0
14:53:21  Level 1 Science Centre Entry 1 IrisysIP camera has reset
14:53:32  Zone: Zone1                    	712	770	-58
14:53:32  Zone: Zone2                    	748	695	53
14:54:23  Camera: Shop A                                  	750	695
14:54:38  Zone: Zone1                    	712	772	-60
14:54:38  Zone: Zone2                    	750	695	55
14:57:30  Camera: Shop A                                  	752	695
14:57:37  Zone: Zone1                    	712	774	-62
14:57:38  Zone: Zone2                    	752	695	57
14:58:32  Camera: Shop A                                  	752	700
14:58:47  Zone: Zone1                    	717	774	-57
14:58:47  Zone: Zone2                    	752	700	52
15:00:00  Logging to daily summary: "15:00 26 25 -15 25 26 46"
15:00:10  Failed to send email.
15:00:10  Service running OK
15:00:37  Camera: Shop A                                  	752	705
15:00:44  Zone: Zone1                    	722	774	-52
15:00:44  Zone: Zone2                    	752	705	47
15:04:45  Camera: Shop A                                  	755	707
15:04:54  Zone: Zone1                    	724	777	-53
15:04:54  Zone: Zone2                    	755	707	48
15:08:52  Camera: Shop A                                  	755	708
15:09:04  Zone: Zone1                    	725	777	-52
15:09:04  Zone: Zone2                    	755	708	47
15:09:54  Camera: Shop A                                  	757	709
15:09:56  Zone: Zone1                    	726	779	-53
15:09:56  Zone: Zone2                    	757	709	48
15:11:56  Camera: Shop A                                  	757	710
15:12:00  Zone: Zone1                    	727	779	-52
15:12:00  Zone: Zone2                    	757	710	47
15:12:58  Camera: Shop A                                  	759	713
15:13:10  Zone: Zone1                    	730	781	-51
15:13:10  Zone: Zone2                    	759	713	46
15:14:01  Camera: Shop A                                  	762	713
15:14:02  Zone: Zone1                    	730	784	-54
15:14:02  Zone: Zone2                    	762	713	49
15:15:02  Camera: Shop A                                  	764	713
15:15:12  Zone: Zone1                    	730	786	-56
15:15:12  Zone: Zone2                    	764	713	51
15:15:12  Service running OK
15:16:03  Camera: Shop A                                  	768	716
15:16:04  Zone: Zone1                    	733	790	-57
15:16:04  Zone: Zone2                    	768	716	52
15:17:04  Camera: Shop A                                  	769	723
15:17:14  Zone: Zone1                    	740	791	-51
15:17:14  Zone: Zone2                    	769	723	46
15:18:06  Camera: Shop A                                  	774	723
15:18:06  Zone: Zone1                    	740	796	-56
15:18:06  Zone: Zone2                    	774	723	51
15:20:10  Camera: Shop A                                  	774	724
15:20:10  Zone: Zone1                    	741	796	-55
15:20:10  Zone: Zone2                    	774	724	50
15:21:11  Camera: Shop A                                  	782	726
15:21:20  Zone: Zone1                    	743	804	-61
15:21:20  Zone: Zone2                    	782	726	56
15:22:13  Camera: Shop A                                  	784	726
15:22:13  Zone: Zone1                    	743	806	-63
15:22:13  Zone: Zone2                    	784	726	58
15:23:14  Camera: Shop A                                  	784	728
15:23:22  Zone: Zone1                    	745	806	-61
15:23:22  Zone: Zone2                    	784	728	56
15:25:18  Camera: Shop A                                  	784	734
15:25:26  Zone: Zone1                    	751	806	-55
15:25:26  Zone: Zone2                    	784	734	50
15:26:19  Camera: Shop A                                  	789	735
15:26:20  Zone: Zone1                    	752	811	-59
15:26:20  Zone: Zone2                    	789	735	54
15:27:21  Camera: Shop A                                  	792	739
15:27:29  Zone: Zone1                    	756	814	-58
15:27:29  Zone: Zone2                    	792	739	53
15:29:25  Camera: Shop A                                  	794	739
15:29:33  Zone: Zone1                    	756	816	-60
15:29:33  Zone: Zone2                    	794	739	55
15:30:10  Logging to daily summary: "15:30 39 42 -55 42 39 50"
15:30:10  Service running OK
15:32:29  Camera: Shop A                                  	794	742
15:32:31  Zone: Zone1                    	759	816	-57
15:32:31  Zone: Zone2                    	794	742	52
15:33:30  Camera: Shop A                                  	794	744
15:33:41  Zone: Zone1                    	761	816	-55
15:33:41  Zone: Zone2                    	794	744	50
15:34:32  Camera: Shop A                                  	804	746
15:34:33  Zone: Zone1                    	763	826	-63
15:34:33  Zone: Zone2                    	804	746	58
15:35:34  Camera: Shop A                                  	809	747
15:35:43  Zone: Zone1                    	764	831	-67
15:35:43  Zone: Zone2                    	809	747	62
15:36:36  Camera: Shop A                                  	810	747
15:36:36  Zone: Zone1                    	764	832	-68
15:36:36  Zone: Zone2                    	810	747	63
15:37:37  Camera: Shop A                                  	810	749
15:37:45  Zone: Zone1                    	766	832	-66
15:37:45  Zone: Zone2                    	810	749	61
15:38:38  Camera: Shop A                                  	810	751
15:38:38  Zone: Zone1                    	768	832	-64
15:38:38  Zone: Zone2                    	810	751	59
15:39:39  Camera: Shop A                                  	812	751
15:39:48  Zone: Zone1                    	768	834	-66
15:39:48  Zone: Zone2                    	812	751	61
15:40:41  Camera: Shop A                                  	812	753
15:40:41  Zone: Zone1                    	770	834	-64
15:40:41  Zone: Zone2                    	812	753	59
15:41:44  Camera: Shop A                                  	812	755
15:41:51  Zone: Zone1                    	772	834	-62
15:41:51  Zone: Zone2                    	812	755	57
15:42:45  Camera: Shop A                                  	815	755
15:42:45  Zone: Zone1                    	772	837	-65
15:42:45  Zone: Zone2                    	815	755	60
15:44:49  Camera: Shop A                                  	815	757
15:44:49  Zone: Zone1                    	774	837	-63
15:44:49  Zone: Zone2                    	815	757	58
15:45:08  Service running OK
15:45:50  Camera: Shop A                                  	817	757
15:45:59  Zone: Zone1                    	774	839	-65
15:45:59  Zone: Zone2                    	817	757	60
15:47:53  Camera: Shop A                                  	818	760
15:48:03  Zone: Zone1                    	777	840	-63
15:48:03  Zone: Zone2                    	818	760	58
15:48:54  Camera: Shop A                                  	819	761
15:48:55  Zone: Zone1                    	778	841	-63
15:48:55  Zone: Zone2                    	819	761	58
15:49:56  Camera: Shop A                                  	822	766
15:50:05  Zone: Zone1                    	783	844	-61
15:50:05  Zone: Zone2                    	822	766	56
15:54:02  Camera: Shop A                                  	827	768
15:54:15  Zone: Zone1                    	785	849	-64
15:54:15  Zone: Zone2                    	827	768	59
15:55:04  Camera: Shop A                                  	830	768
15:55:07  Zone: Zone1                    	785	852	-67
15:55:07  Zone: Zone2                    	830	768	62
15:56:05  Camera: Shop A                                  	830	773
15:56:19  Zone: Zone1                    	790	852	-62
15:56:19  Zone: Zone2                    	830	773	57
15:58:09  Camera: Shop A                                  	833	773
15:58:23  Zone: Zone1                    	790	855	-65
15:58:23  Zone: Zone2                    	833	773	60
15:59:10  Camera: Shop A                                  	833	776
15:59:15  Zone: Zone1                    	793	855	-62
15:59:15  Zone: Zone2                    	833	776	57
16:00:10  Logging to daily summary: "16:00 37 39 -63 39 37 58"
16:00:10  Service running OK
16:00:12  Camera: Shop A                                  	836	776
16:00:25  Zone: Zone1                    	793	858	-65
16:00:25  Zone: Zone2                    	836	776	60
16:01:13  Camera: Shop A                                  	838	778
16:01:17  Zone: Zone1                    	795	860	-65
16:01:17  Zone: Zone2                    	838	778	60
16:02:16  Camera: Shop A                                  	838	783
16:02:27  Zone: Zone1                    	800	860	-60
16:02:27  Zone: Zone2                    	838	783	55
16:15:04  Service running OK
16:24:50  Camera: Shop A                                  	838	784
16:24:55  Zone: Zone1                    	801	860	-59
16:24:55  Zone: Zone2                    	838	784	54
16:30:02  Logging to daily summary: "16:30 8 5 -60 5 8 55"
16:30:02  Service running OK
16:32:49  Camera: Level 2 Main Entry                      	17	14
16:32:59  Zone: Zone1                    	802	860	-58
16:33:51  Camera: Level 2 Main Entry                      	21	15
16:33:51  Zone: Zone1                    	806	861	-55
16:34:54  Camera: Level 2 Main Entry                      	25	17
16:35:01  Zone: Zone1                    	810	863	-53
16:45:14  Service running OK
17:00:15  Logging to daily summary: "17:00 9 3 -53 0 0 54"
17:00:15  Service running OK
17:15:15  Service running OK
17:30:15  Logging to daily summary: "17:30 0 0 -53 0 0 54"
17:30:15  Service running OK
17:45:15  Service running OK
17:55:08  Camera: Shop A                                  	838	785
17:55:08  Zone: Zone1                    	811	863	-52
17:55:08  Zone: Zone2                    	838	785	53
18:00:15  Logging to daily summary: "18:00 1 0 -52 0 1 53"
18:00:15  Service running OK
18:15:15  Service running OK
18:30:15  Logging to daily summary: "18:30 0 0 -52 0 0 53"
18:30:15  Service running OK
18:45:15  Service running OK
19:00:15  Logging to daily summary: "19:00 0 0 -52 0 0 53"
19:00:15  Service running OK
19:15:15  Service running OK
19:30:01  Logging to daily summary: "19:30 0 0 -52 0 0 53"
19:30:01  Service running OK
19:45:01  Service running OK
20:00:01  Logging to daily summary: "20:00 0 0 -52 0 0 53"
20:00:01  Service running OK
20:15:01  Service running OK
20:30:01  Logging to daily summary: "20:30 0 0 -52 0 0 53"
20:30:01  Service running OK
20:45:01  Service running OK
21:00:01  Logging to daily summary: "21:00 0 0 -52 0 0 53"
21:00:01  Service running OK
21:15:01  Service running OK
21:30:01  Logging to daily summary: "21:30 0 0 -52 0 0 53"
21:30:01  Service running OK
21:45:01  Service running OK
22:00:02  Logging to daily summary: "22:00 0 0 -52 0 0 53"
22:00:02  Service running OK
22:00:35  Stop time reached.
22:00:35  Camera 'Level 1 Science Centre Entry 1' - final counts 0 0
22:00:35  Camera 'Level 1 Science Centre Entry 2' - final counts 0 7
22:00:35  Camera 'Level 1 Science Centre Lift' - final counts 0 0
22:00:35  Camera 'Level 2 Main Entry' - final counts 25 17
22:00:35  Camera 'Level 2 Lift' - final counts 1 1
22:00:35  Camera 'Shop A' - final counts 838 785
22:00:35  Camera 'Shop B' - final counts 0 0
22:00:35  Camera 'Shop Whale Mall' - final counts 0 0
22:00:35  Camera 'Level 2 Cafe' - final counts 0 0
22:00:35  Zone: Zone1                    	811	863	-52
22:00:35  Zone: Zone2                    	838	785	53
22:00:35  Level 1 Science Centre Entry 1: IrisysIP counts reset requested.
22:00:35  Level 1 Science Centre Entry 2: IrisysIP counts reset requested.
22:00:35  Level 1 Science Centre Lift: IrisysIP counts reset requested.
22:00:35  Level 2 Main Entry: IrisysIP counts reset requested.
22:00:35  Level 2 Lift: IrisysIP counts reset requested.
22:00:35  Shop A: IrisysIP counts reset requested.
22:00:35  Shop B: IrisysIP counts reset requested.
22:00:35  Shop Whale Mall: IrisysIP counts reset requested.
22:00:35  Level 2 Cafe: IrisysIP counts reset requested.
22:00:43  Failed to send email.
22:00:43  Displaying shutdown on 0 display(s)
22:00:43  End the manager threads.
22:00:43  Close all CAN threads.
22:00:43  All CAN threads, now flagged to be closed.
22:00:43  Close all IrisysIP threads.
22:01:26  Attempting to reset counts for IrisysIP Camera Level 1 Science Centre Lift
22:01:26  Attempting to reset counts for IrisysIP Camera Level 2 Lift
22:01:27  Attempting to reset counts for IrisysIP Camera Level 2 Main Entry
22:01:30  Error! Level 1 Science Centre Entry 1: The IrisysIP thread needs to be terminated but has not reset.
22:01:30  Level 1 Science Centre Entry 1: The Irisys IP thread has been flagged to end.
22:01:34  Attempting to reset counts for IrisysIP Camera Shop A
22:02:18  Level 1 Science Centre Lift: InCountCorrection set in registry to: 0
22:02:18  Level 1 Science Centre Lift: OutCountCorrection set in registry to: 0
22:02:19  Level 1 Science Centre Lift: has reset camera
22:02:20  Level 2 Lift: InCountCorrection set in registry to: 0
22:02:20  Level 2 Lift: OutCountCorrection set in registry to: 0
22:02:21  Level 2 Lift: has reset camera
22:02:22  Level 2 Main Entry: InCountCorrection set in registry to: 0
22:02:22  Level 2 Main Entry: OutCountCorrection set in registry to: 0
22:02:23  Level 2 Main Entry: has reset camera
22:02:23  Level 1 Science Centre Entry 1: Main Data Collection loop has finished (g_bStopFlag=0, m_bEndThread=1).
22:02:23  Level 1 Science Centre Entry 1: The Irisys IP thread has ended.
22:02:26  Shop A: InCountCorrection set in registry to: 0
22:02:26  Shop A: OutCountCorrection set in registry to: 0
22:02:27  Shop A: has reset camera
22:02:29  Attempting to reset counts for IrisysIP Camera Level 1 Science Centre Entry 2
22:02:30  Level 1 Science Centre Entry 2: InCountCorrection set in registry to: 0
22:02:30  Level 1 Science Centre Entry 2: OutCountCorrection set in registry to: 0
22:02:31  Level 1 Science Centre Entry 2: has reset camera
22:02:31  Level 1 Science Centre Entry 2: The Irisys IP thread has been flagged to end.
22:03:20  Camera: Level 1 Science Centre Lift             	0	0
22:03:22  Camera: Level 2 Lift                            	0	0
22:03:22  Level 2 Lift IrisysIP camera has reset
22:03:24  Camera: Level 2 Main Entry                      	0	0
22:03:24  Level 2 Main Entry IrisysIP camera has reset
22:03:28  Camera: Shop A                                  	0	0
22:03:28  Shop A IrisysIP camera has reset
22:03:30  Level 1 Science Centre Entry 2: Main Data Collection loop has finished (g_bStopFlag=0, m_bEndThread=1).
22:03:30  Level 1 Science Centre Entry 2: The Irisys IP thread has ended.
22:03:30  Level 1 Science Centre Lift: The Irisys IP thread has been flagged to end.
22:04:19  Level 1 Science Centre Lift: Main Data Collection loop has finished (g_bStopFlag=0, m_bEndThread=1).
22:04:19  Level 1 Science Centre Lift: The Irisys IP thread has ended.
22:04:19  Level 2 Main Entry: The Irisys IP thread has been flagged to end.
22:04:23  Level 2 Main Entry: Main Data Collection loop has finished (g_bStopFlag=0, m_bEndThread=1).
22:04:23  Level 2 Main Entry: The Irisys IP thread has ended.
22:04:23  Level 2 Lift: The Irisys IP thread has been flagged to end.
22:04:23  Level 2 Lift: Main Data Collection loop has finished (g_bStopFlag=0, m_bEndThread=1).
22:04:23  Level 2 Lift: The Irisys IP thread has ended.
22:04:23  Shop A: The Irisys IP thread has been flagged to end.
22:04:27  Shop A: Main Data Collection loop has finished (g_bStopFlag=0, m_bEndThread=1).
22:04:27  Shop A: The Irisys IP thread has ended.
22:04:27  Shop B: The Irisys IP thread has been flagged to end.
22:04:42  Shop B: Main Data Collection loop has finished (g_bStopFlag=0, m_bEndThread=1).
22:04:42  Shop B: The Irisys IP thread has ended.
22:04:42  Shop Whale Mall: The Irisys IP thread has been flagged to end.
22:04:42  Shop Whale Mall: Main Data Collection loop has finished (g_bStopFlag=0, m_bEndThread=1).
22:04:42  Shop Whale Mall: The Irisys IP thread has ended.
22:04:42  Level 2 Cafe: The Irisys IP thread has been flagged to end.
22:04:42  Level 2 Cafe: Main Data Collection loop has finished (g_bStopFlag=0, m_bEndThread=1).
22:04:42  Level 2 Cafe: The Irisys IP thread has ended.
22:04:42  All IrisysIP threads, now flagged to be closed.
22:04:42  Close all iCount threads.
22:04:42  All iCount threads, now flagged to be closed.
22:04:42  Close all eDAM threads.
22:04:42  All eDAM threads, now flagged to be closed.
22:04:42  Camera 'Level 1 Science Centre Entry 1' - maximum flow 0 at 14:49:42
22:04:42  Camera 'Level 1 Science Centre Entry 2' - maximum flow 0 at 14:49:42
22:04:42  Camera 'Level 1 Science Centre Lift' - maximum flow 0 at 14:49:42
22:04:42  Camera 'Level 2 Main Entry' - maximum flow 6 at 16:35:01
22:04:42  Camera 'Level 2 Lift' - maximum flow 0 at 14:49:42
22:04:42  Camera 'Shop A' - maximum flow 12 at 15:22:13
22:04:42  Camera 'Shop B' - maximum flow 0 at 14:49:42
22:04:42  Camera 'Shop Whale Mall' - maximum flow 0 at 14:49:42
22:04:42  Camera 'Level 2 Cafe' - maximum flow 0 at 14:49:42
22:04:42  Camera 'Level 1 Science Centre Entry 1' refreshing registry counts
22:04:42  Camera 'Level 1 Science Centre Entry 2' refreshing registry counts
22:04:42  Camera 'Level 1 Science Centre Lift' refreshing registry counts
22:04:42  Camera 'Level 2 Main Entry' refreshing registry counts
22:04:42  Camera 'Level 2 Lift' refreshing registry counts
22:04:42  Camera 'Shop A' refreshing registry counts
22:04:42  Camera 'Shop B' refreshing registry counts
22:04:42  Camera 'Shop Whale Mall' refreshing registry counts
22:04:42  Camera 'Level 2 Cafe' refreshing registry counts
22:04:42  Zone 'Zone1' refreshing file counts
22:04:42  Zone 'Zone2' refreshing file counts
22:04:42  Processing application not specified
22:04:42  Logging Counting Stopped

