
05:09:08  RECAP $Revision: 3.13.2.13 $ ($State: Exp $) built 09:15:45, Aug  3 2010
05:09:08  Logging Counting Started
05:09:08  Start time: 09:30 (570 minutes past midnight)
05:09:08  Stop time: 22:00 (1320 minutes past midnight)
05:09:08  Log period: 30 minutes
05:09:08  Initialising 0 display(s)
05:09:08  Initialising 9 camera(s)
05:09:08  IrisysIP counter(s) in use, Starting BlackFin API
05:09:08  If RECAP crashes, check .NET framework and VCRedist are installed.
05:09:09  BlackFin API Started.
05:09:09  BlackFin API Started up OK. Version: 1.10.0.5
05:09:09  Initialising 2 zone(s)
05:09:09  Outputting 'Zone1' zone data to 'Zones\Zone1.txt'
05:09:09  Outputting 'Zone2' zone data to 'Zones\Zone2.txt'
05:09:09  Displaying shutdown on 0 display(s)
05:09:09  Waiting till start time
09:30:00  Start time reached
09:30:00  Adding Level 1 Science Centre Entry 1 thread to Watchdog
09:30:00  Level 1 Science Centre Entry 1: InCountCorrection set in registry to: 0
09:30:00  Level 1 Science Centre Entry 1: OutCountCorrection set in registry to: 0
09:30:00  Adding Level 1 Science Centre Entry 2 thread to Watchdog
09:30:00  Level 1 Science Centre Entry 2: InCountCorrection set in registry to: 0
09:30:00  Level 1 Science Centre Entry 2: OutCountCorrection set in registry to: 0
09:30:00  Adding Level 1 Science Centre Lift thread to Watchdog
09:30:00  Level 1 Science Centre Lift: InCountCorrection set in registry to: 0
09:30:00  Level 1 Science Centre Lift: OutCountCorrection set in registry to: 0
09:30:00  Adding Level 2 Main Entry thread to Watchdog
09:30:00  Level 2 Main Entry: InCountCorrection set in registry to: 0
09:30:00  Level 2 Main Entry: OutCountCorrection set in registry to: 0
09:30:00  Adding Level 2 Lift thread to Watchdog
09:30:00  Level 2 Lift: InCountCorrection set in registry to: 0
09:30:00  Level 2 Lift: OutCountCorrection set in registry to: 0
09:30:00  Adding Shop A thread to Watchdog
09:30:00  Shop A: InCountCorrection set in registry to: 0
09:30:00  Shop A: OutCountCorrection set in registry to: 0
09:30:00  Adding Shop B thread to Watchdog
09:30:00  Shop B: InCountCorrection set in registry to: 0
09:30:00  Shop B: OutCountCorrection set in registry to: 0
09:30:00  Adding Shop Whale Mall thread to Watchdog
09:30:00  Shop Whale Mall: InCountCorrection set in registry to: 0
09:30:00  Shop Whale Mall: OutCountCorrection set in registry to: 0
09:30:00  Adding Level 2 Cafe thread to Watchdog
09:30:00  Level 2 Cafe: InCountCorrection set in registry to: 0
09:30:00  Level 2 Cafe: OutCountCorrection set in registry to: 0
09:30:01  New day, Reset counts and busiest times in registry
09:30:01  Camera Level 1 Science Centre Entry 1 Counts 	= In:0, Out:0
09:30:01  Camera Level 1 Science Centre Entry 2 Counts 	= In:0, Out:0
09:30:01  Camera Level 1 Science Centre Lift Counts 	= In:0, Out:0
09:30:01  Camera Level 2 Main Entry Counts 	= In:0, Out:0
09:30:01  Camera Level 2 Lift Counts 	= In:0, Out:0
09:30:01  Camera Shop A Counts 	= In:0, Out:0
09:30:01  Camera Shop B Counts 	= In:0, Out:0
09:30:01  Camera Shop Whale Mall Counts 	= In:0, Out:0
09:30:01  Camera Level 2 Cafe Counts 	= In:0, Out:0
09:30:02  Starting main data collection loop.
09:30:05  Zone: Zone1                    	0	0	0
09:30:05  Zone: Zone2                    	0	0	0
09:30:05  Logging to daily summary: "09:30 0 0 0 0 0 0"
09:30:05  Service running OK
09:30:30  Level 1 Science Centre Lift: Connect Success (3) (serial num:2158593853)
09:30:30  Level 2 Lift: Connect Success (5) (serial num:2158593872)
09:30:30  Level 2 Main Entry: Connect Success (4) (serial num:2158593780)
09:30:31  Level 1 Science Centre Entry 1: Connect Success (1) (serial num:2158593798)
09:30:31  Level 1 Science Centre Entry 2: Connect Success (2) (serial num:2158593777)
09:30:31  Level 2 Lift: MAC:00-21-AC-00-2F-8C IP Firmware:4.0.2.30311 Monitor Firmware:42.4.0.404
09:30:31  Level 1 Science Centre Lift: MAC:00-21-AC-00-30-1A IP Firmware:4.0.2.30311 Monitor Firmware:42.4.0.404
09:30:32  Level 2 Main Entry: MAC:00-21-AC-00-30-D9 IP Firmware:4.0.2.30311 Monitor Firmware:42.4.0.404
09:30:32  Level 1 Science Centre Entry 1: MAC:00-21-AC-00-30-39 IP Firmware:4.0.2.30311 Monitor Firmware:42.4.0.404
09:30:32  Level 1 Science Centre Entry 2: MAC:00-21-AC-00-30-3B IP Firmware:4.0.2.30311 Monitor Firmware:42.4.0.404
09:30:36  Level 2 Lift: Status msgs: 0,0
09:30:36  Level 1 Science Centre Lift: Status msgs: 0,0
09:30:36  Level 2 Lift: Current DeviceID: DefaultID
09:30:36  Level 1 Science Centre Lift: Current DeviceID: DefaultID
09:30:36  Level 2 Main Entry: Status msgs: 0,0
09:30:37  Level 2 Main Entry: Current DeviceID: DefaultID
09:30:37  Level 1 Science Centre Entry 1: Status msgs: 0,0
09:30:37  Level 1 Science Centre Entry 2: Status msgs: 0,0
09:30:37  Level 1 Science Centre Entry 1: Current DeviceID: DefaultID
09:30:37  Level 1 Science Centre Entry 2: Current DeviceID: DefaultID
09:32:40  Initial Camera Level 2 Lift Counts 	= In:1, Out:0
09:32:40  Initial Camera Level 1 Science Centre Entry 1 Counts 	= In:1, Out:3
09:32:42  Initial Camera Level 2 Main Entry Counts 	= In:33, Out:26
09:32:42  Initial Camera Level 1 Science Centre Entry 2 Counts 	= In:34, Out:42
09:32:42  Initial Camera Level 1 Science Centre Lift Counts 	= In:1, Out:1
09:32:44  Level 2 Lift: Date last reset in registry is not today (reset required): 14/12/11
09:32:44  Attempting to reset counts for IrisysIP Camera Level 2 Lift
09:32:44  Level 1 Science Centre Entry 1: Date last reset in registry is not today (reset required): 14/12/11
09:32:44  Attempting to reset counts for IrisysIP Camera Level 1 Science Centre Entry 1
09:32:46  Level 2 Main Entry: Date last reset in registry is not today (reset required): 14/12/11
09:32:46  Attempting to reset counts for IrisysIP Camera Level 2 Main Entry
09:32:46  Level 1 Science Centre Entry 2: Date last reset in registry is not today (reset required): 14/12/11
09:32:46  Attempting to reset counts for IrisysIP Camera Level 1 Science Centre Entry 2
09:32:46  Level 1 Science Centre Lift: Date last reset in registry is not today (reset required): 14/12/11
09:32:46  Attempting to reset counts for IrisysIP Camera Level 1 Science Centre Lift
09:33:40  Level 2 Lift: InCountCorrection set in registry to: 0
09:33:40  Level 2 Lift: OutCountCorrection set in registry to: 0
09:33:41  Level 2 Lift: has reset camera
09:33:41  Camera: Level 2 Lift - Counts are now valid.
09:33:41  Level 1 Science Centre Entry 1: InCountCorrection set in registry to: 0
09:33:41  Level 1 Science Centre Entry 1: OutCountCorrection set in registry to: 0
09:33:43  Level 1 Science Centre Entry 1: has reset camera
09:33:43  Camera: Level 1 Science Centre Entry 1 - Counts are now valid.
09:33:43  Level 2 Main Entry: InCountCorrection set in registry to: 0
09:33:43  Level 2 Main Entry: OutCountCorrection set in registry to: 0
09:33:44  Level 2 Main Entry: has reset camera
09:33:44  Camera: Level 2 Main Entry - Counts are now valid.
09:33:45  Level 1 Science Centre Entry 2: InCountCorrection set in registry to: 0
09:33:45  Level 1 Science Centre Entry 2: OutCountCorrection set in registry to: 0
09:33:46  Level 1 Science Centre Entry 2: has reset camera
09:33:46  Camera: Level 1 Science Centre Entry 2 - Counts are now valid.
09:33:47  Level 1 Science Centre Lift: InCountCorrection set in registry to: 0
09:33:47  Level 1 Science Centre Lift: OutCountCorrection set in registry to: 0
09:33:48  Level 1 Science Centre Lift: has reset camera
09:33:48  Camera: Level 1 Science Centre Lift - Counts are now valid.
09:34:42  Camera: Level 2 Lift                            	0	0
09:34:42  Level 2 Lift IrisysIP camera has reset
09:34:44  Camera: Level 1 Science Centre Entry 1          	0	0
09:34:44  Level 1 Science Centre Entry 1 IrisysIP camera has reset
09:34:45  Camera: Level 2 Main Entry                      	0	0
09:34:45  Level 2 Main Entry IrisysIP camera has reset
09:34:47  Camera: Level 1 Science Centre Entry 2          	0	0
09:34:47  Level 1 Science Centre Entry 2 IrisysIP camera has reset
09:34:49  Camera: Level 1 Science Centre Lift             	0	0
09:34:49  Level 1 Science Centre Lift IrisysIP camera has reset
09:45:03  Service running OK
10:00:03  Logging to daily summary: "10:00 0 0 0 0 0 0"
10:00:03  Service running OK
10:15:08  Service running OK
10:30:10  Logging to daily summary: "10:30 0 0 0 0 0 0"
10:30:10  Service running OK
10:45:10  Service running OK
11:00:10  Logging to daily summary: "11:00 0 0 0 0 0 0"
11:00:10  Service running OK
11:15:10  Service running OK
11:30:10  Logging to daily summary: "11:30 0 0 0 0 0 0"
11:30:10  Service running OK
11:45:10  Service running OK
12:00:10  Logging to daily summary: "12:00 0 0 0 0 0 0"
12:00:10  Service running OK
12:15:11  Service running OK
12:30:11  Logging to daily summary: "12:30 0 0 0 0 0 0"
12:30:11  Service running OK
12:45:11  Service running OK
13:00:13  Logging to daily summary: "13:00 0 0 0 0 0 0"
13:00:13  Service running OK
13:15:15  Service running OK
13:30:16  Logging to daily summary: "13:30 0 0 0 0 0 0"
13:30:16  Service running OK
13:45:16  Service running OK
13:52:22  Camera: Level 2 Main Entry                      	1	1
13:52:25  Zone: Zone1                    	1	1	0
14:00:14  Logging to daily summary: "14:00 1 1 0 0 0 0"
14:00:14  Service running OK
14:15:14  Service running OK
14:30:14  Logging to daily summary: "14:30 0 0 0 0 0 0"
14:30:14  Service running OK
14:45:17  Service running OK
15:00:17  Logging to daily summary: "15:00 0 0 0 0 0 0"
15:00:17  Service running OK
15:15:01  Service running OK
15:30:01  Logging to daily summary: "15:30 0 0 0 0 0 0"
15:30:01  Service running OK
15:45:01  Service running OK
16:00:01  Logging to daily summary: "16:00 0 0 0 0 0 0"
16:00:01  Service running OK
16:15:01  Service running OK
16:30:01  Logging to daily summary: "16:30 0 0 0 0 0 0"
16:30:01  Service running OK
16:42:46  Camera: Level 2 Main Entry                      	3	1
16:42:52  Zone: Zone1                    	3	1	2
16:43:47  Camera: Level 2 Main Entry                      	7	4
16:44:02  Zone: Zone1                    	7	4	3
16:44:48  Camera: Level 2 Main Entry                      	9	5
16:44:54  Zone: Zone1                    	9	5	4
16:45:13  Service running OK
16:45:50  Camera: Level 2 Main Entry                      	11	9
16:46:04  Zone: Zone1                    	11	9	2
17:00:11  Logging to daily summary: "17:00 10 8 1 0 0 0"
17:00:11  Service running OK
17:15:11  Service running OK
17:30:11  Logging to daily summary: "17:30 0 0 2 0 0 0"
17:30:11  Service running OK
17:45:11  Service running OK
18:00:11  Logging to daily summary: "18:00 0 0 2 0 0 0"
18:00:11  Service running OK
18:04:46  Level 1 Science Centre Entry 1: The Irisys IP Manager destructor has flagged the thread to end.
18:04:54  Level 1 Science Centre Lift: Main Data Collection loop has finished (g_bStopFlag=1, m_bEndThread=0).
18:04:54  Level 1 Science Centre Entry 1: Main Data Collection loop has finished (g_bStopFlag=1, m_bEndThread=1).
18:04:54  Level 1 Science Centre Entry 2: The Irisys IP Manager destructor has flagged the thread to end.
18:04:55  Level 2 Lift: Main Data Collection loop has finished (g_bStopFlag=1, m_bEndThread=0).
18:04:55  Level 2 Main Entry: Main Data Collection loop has finished (g_bStopFlag=1, m_bEndThread=0).
