
07:28:00  RECAP $Revision: 3.13.2.13 $ ($State: Exp $) built 09:15:45, Aug  3 2010
07:28:00  Logging Counting Started
07:28:00  Start time: 09:30 (570 minutes past midnight)
07:28:00  Stop time: 22:00 (1320 minutes past midnight)
07:28:00  Log period: 30 minutes
07:28:00  Initialising 0 display(s)
07:28:00  Initialising 9 camera(s)
07:28:00  IrisysIP counter(s) in use, Starting BlackFin API
07:28:00  If RECAP crashes, check .NET framework and VCRedist are installed.
07:28:00  BlackFin API Started.
07:28:00  BlackFin API Started up OK. Version: 1.10.0.5
07:28:00  Initialising 2 zone(s)
07:28:00  Outputting 'Zone1' zone data to 'Zones\Zone1.txt'
07:28:00  Outputting 'Zone2' zone data to 'Zones\Zone2.txt'
07:28:00  Displaying shutdown on 0 display(s)
07:28:00  Waiting till start time
09:30:00  Start time reached
09:30:00  Adding Level 1 Science Centre Entry 1 thread to Watchdog
09:30:00  Level 1 Science Centre Entry 1: InCountCorrection set in registry to: 0
09:30:00  Level 1 Science Centre Entry 1: OutCountCorrection set in registry to: 0
09:30:00  Adding Level 1 Science Centre Entry 2 thread to Watchdog
09:30:00  Level 1 Science Centre Entry 2: InCountCorrection set in registry to: 0
09:30:00  Level 1 Science Centre Entry 2: OutCountCorrection set in registry to: 0
09:30:00  Adding Level 1 Science Centre Lift thread to Watchdog
09:30:00  Level 1 Science Centre Lift: InCountCorrection set in registry to: 0
09:30:00  Level 1 Science Centre Lift: OutCountCorrection set in registry to: 0
09:30:00  Adding Level 2 Main Entry thread to Watchdog
09:30:00  Level 2 Main Entry: InCountCorrection set in registry to: 0
09:30:00  Level 2 Main Entry: OutCountCorrection set in registry to: 0
09:30:00  Adding Level 2 Lift thread to Watchdog
09:30:00  Level 2 Lift: InCountCorrection set in registry to: 0
09:30:00  Level 2 Lift: OutCountCorrection set in registry to: 0
09:30:00  Adding Shop A thread to Watchdog
09:30:00  Shop A: InCountCorrection set in registry to: 0
09:30:00  Shop A: OutCountCorrection set in registry to: 0
09:30:00  Adding Shop B thread to Watchdog
09:30:00  Shop B: InCountCorrection set in registry to: 0
09:30:00  Shop B: OutCountCorrection set in registry to: 0
09:30:00  Adding Shop Whale Mall thread to Watchdog
09:30:00  Shop Whale Mall: InCountCorrection set in registry to: 0
09:30:00  Shop Whale Mall: OutCountCorrection set in registry to: 0
09:30:00  Adding Level 2 Cafe thread to Watchdog
09:30:00  Level 2 Cafe: InCountCorrection set in registry to: 0
09:30:00  Level 2 Cafe: OutCountCorrection set in registry to: 0
09:30:01  New day, Reset counts and busiest times in registry
09:30:01  Camera Level 1 Science Centre Entry 1 Counts 	= In:0, Out:0
09:30:01  Camera Level 1 Science Centre Entry 2 Counts 	= In:0, Out:0
09:30:01  Camera Level 1 Science Centre Lift Counts 	= In:0, Out:0
09:30:01  Camera Level 2 Main Entry Counts 	= In:0, Out:0
09:30:01  Camera Level 2 Lift Counts 	= In:0, Out:0
09:30:01  Camera Shop A Counts 	= In:0, Out:0
09:30:01  Camera Shop B Counts 	= In:0, Out:0
09:30:01  Camera Shop Whale Mall Counts 	= In:0, Out:0
09:30:01  Camera Level 2 Cafe Counts 	= In:0, Out:0
09:30:02  Starting main data collection loop.
09:30:05  Zone: Zone1                    	0	0	0
09:30:05  Zone: Zone2                    	0	0	0
09:30:05  Logging to daily summary: "09:30 0 0 0 0 0 0"
09:30:05  Service running OK
09:30:29  Level 1 Science Centre Entry 1: Connect Success (1) (serial num:2158593798)
09:30:29  Level 1 Science Centre Entry 1: MAC:00-21-AC-00-30-39 IP Firmware:4.0.2.30311 Monitor Firmware:42.4.0.404
09:30:31  Level 1 Science Centre Entry 2: Connect Success (2) (serial num:2158593777)
09:30:32  Level 1 Science Centre Entry 1: Status msgs: 0,0
09:30:32  Level 1 Science Centre Entry 2: MAC:00-21-AC-00-30-3B IP Firmware:4.0.2.30311 Monitor Firmware:42.4.0.404
09:30:32  Level 1 Science Centre Entry 1: Current DeviceID: DefaultID
09:30:34  Level 1 Science Centre Entry 2: Status msgs: 0,0
09:30:35  Level 1 Science Centre Entry 2: Current DeviceID: DefaultID
09:30:47  Level 2 Main Entry: Connect Success (4) (serial num:2158593780)
09:30:48  Level 1 Science Centre Lift: Connect Success (3) (serial num:2158593853)
09:30:48  Level 2 Main Entry: MAC:00-21-AC-00-30-D9 IP Firmware:4.0.2.30311 Monitor Firmware:42.4.0.404
09:30:49  Level 1 Science Centre Lift: MAC:00-21-AC-00-30-1A IP Firmware:4.0.2.30311 Monitor Firmware:42.4.0.404
09:30:51  Shop A: Connect Success (6) (serial num:2158593779)
09:30:51  Level 1 Science Centre Lift: Status msgs: 0,0
09:30:51  Shop A: MAC:00-21-AC-00-30-21 IP Firmware:4.0.2.30311 Monitor Firmware:42.4.0.404
09:30:52  Level 1 Science Centre Lift: Current DeviceID: DefaultID
09:30:53  Level 2 Main Entry: Status msgs: 0,0
09:30:53  Level 2 Main Entry: Current DeviceID: DefaultID
09:30:56  Shop A: Status msgs: 0,0
09:30:56  Shop A: Current DeviceID: DefaultID
09:30:56  Level 2 Lift: Connect Success (5) (serial num:2158593872)
09:30:57  Level 2 Lift: MAC:00-21-AC-00-2F-8C IP Firmware:4.0.2.30311 Monitor Firmware:42.4.0.404
09:31:02  Level 2 Lift: Status msgs: 0,0
09:31:02  Level 2 Lift: Current DeviceID: DefaultID
09:32:35  Initial Camera Level 1 Science Centre Entry 1 Counts 	= In:6, Out:1
09:32:38  Initial Camera Level 1 Science Centre Entry 2 Counts 	= In:0, Out:0
09:32:39  Level 1 Science Centre Entry 1: Date last reset in registry is not today (reset required): 12/01/12
09:32:39  Attempting to reset counts for IrisysIP Camera Level 1 Science Centre Entry 1
09:32:42  Level 1 Science Centre Entry 2: Date last reset in registry is not today (reset required): 12/01/12
09:32:42  Attempting to reset counts for IrisysIP Camera Level 1 Science Centre Entry 2
09:33:35  Level 1 Science Centre Entry 1: InCountCorrection set in registry to: 0
09:33:35  Level 1 Science Centre Entry 1: OutCountCorrection set in registry to: 0
09:33:36  Level 1 Science Centre Entry 1: has reset camera
09:33:36  Camera: Level 1 Science Centre Entry 1 - Counts are now valid.
09:33:38  Level 1 Science Centre Entry 2: InCountCorrection set in registry to: 0
09:33:38  Level 1 Science Centre Entry 2: OutCountCorrection set in registry to: 0
09:33:39  Initial Camera Level 1 Science Centre Lift Counts 	= In:0, Out:1
09:33:39  Level 1 Science Centre Entry 2: has reset camera
09:33:39  Initial Camera Level 2 Main Entry Counts 	= In:12, Out:9
09:33:39  Camera: Level 1 Science Centre Entry 2 - Counts are now valid.
09:33:39  Initial Camera Shop A Counts 	= In:450, Out:438
09:33:39  Initial Camera Level 2 Lift Counts 	= In:0, Out:0
09:33:43  Level 1 Science Centre Lift: Date last reset in registry is not today (reset required): 12/01/12
09:33:43  Level 2 Main Entry: Date last reset in registry is not today (reset required): 12/01/12
09:33:43  Shop A: Date last reset in registry is not today (reset required): 12/01/12
09:33:43  Level 2 Lift: Date last reset in registry is not today (reset required): 12/01/12
09:33:43  Attempting to reset counts for IrisysIP Camera Level 1 Science Centre Lift
09:33:43  Attempting to reset counts for IrisysIP Camera Level 2 Main Entry
09:33:43  Attempting to reset counts for IrisysIP Camera Shop A
09:33:43  Attempting to reset counts for IrisysIP Camera Level 2 Lift
09:33:55  Level 1 Science Centre Lift: InCountCorrection set in registry to: 0
09:33:55  Level 1 Science Centre Lift: OutCountCorrection set in registry to: 0
09:33:56  Level 1 Science Centre Lift: has reset camera
09:33:56  Camera: Level 1 Science Centre Lift - Counts are now valid.
09:33:56  Level 2 Main Entry: InCountCorrection set in registry to: 0
09:33:56  Level 2 Main Entry: OutCountCorrection set in registry to: 0
09:33:57  Level 2 Main Entry: has reset camera
09:33:57  Camera: Level 2 Main Entry - Counts are now valid.
09:33:59  Shop A: InCountCorrection set in registry to: 0
09:33:59  Shop A: OutCountCorrection set in registry to: 0
09:34:00  Shop A: has reset camera
09:34:00  Camera: Shop A - Counts are now valid.
09:34:05  Level 2 Lift: InCountCorrection set in registry to: 0
09:34:05  Level 2 Lift: OutCountCorrection set in registry to: 0
09:34:06  Level 2 Lift: has reset camera
09:34:06  Camera: Level 2 Lift - Counts are now valid.
09:34:37  Camera: Level 1 Science Centre Entry 1          	0	0
09:34:37  Level 1 Science Centre Entry 1 IrisysIP camera has reset
09:34:40  Camera: Level 1 Science Centre Entry 2          	0	0
09:34:40  Level 1 Science Centre Entry 2 IrisysIP camera has reset
09:34:57  Camera: Level 1 Science Centre Lift             	0	0
09:34:57  Level 1 Science Centre Lift IrisysIP camera has reset
09:34:59  Camera: Level 2 Main Entry                      	0	0
09:34:59  Level 2 Main Entry IrisysIP camera has reset
09:35:01  Camera: Shop A                                  	0	0
09:35:01  Shop A IrisysIP camera has reset
09:35:07  Camera: Level 2 Lift                            	0	0
09:35:07  Level 2 Lift IrisysIP camera has reset
09:36:03  Camera: Shop A                                  	1	0
09:36:14  Zone: Zone1                    	0	1	-1
09:36:14  Zone: Zone2                    	1	0	1
09:37:04  Camera: Shop A                                  	1	2
09:37:06  Zone: Zone1                    	2	1	1
09:37:06  Zone: Zone2                    	1	2	-1
09:39:06  Camera: Shop A                                  	7	4
09:39:10  Zone: Zone1                    	4	7	-3
09:39:10  Zone: Zone2                    	7	4	3
09:40:07  Camera: Shop A                                  	11	9
09:40:20  Zone: Zone1                    	9	11	-2
09:40:20  Zone: Zone2                    	11	9	2
09:41:08  Camera: Shop A                                  	13	15
09:41:12  Zone: Zone1                    	15	13	2
09:41:12  Zone: Zone2                    	13	15	-2
09:42:09  Camera: Shop A                                  	14	17
09:42:22  Zone: Zone1                    	17	14	3
09:42:22  Zone: Zone2                    	14	17	-3
09:43:10  Camera: Shop A                                  	18	19
09:43:14  Zone: Zone1                    	19	18	1
09:43:14  Zone: Zone2                    	18	19	-1
09:44:11  Camera: Shop A                                  	18	26
09:44:24  Zone: Zone1                    	26	18	8
09:44:24  Zone: Zone2                    	18	26	-8
09:45:01  Service running OK
09:45:12  Camera: Shop A                                  	25	26
09:45:16  Zone: Zone1                    	26	25	1
09:45:16  Zone: Zone2                    	25	26	-1
09:46:13  Camera: Shop A                                  	26	27
09:46:26  Zone: Zone1                    	27	26	1
09:46:26  Zone: Zone2                    	26	27	-1
09:47:14  Camera: Shop A                                  	26	28
09:47:18  Zone: Zone1                    	28	26	2
09:47:18  Zone: Zone2                    	26	28	-2
09:48:13  Camera: Level 2 Main Entry                      	2	0
09:48:15  Camera: Shop A                                  	28	28
09:48:28  Zone: Zone1                    	30	28	2
09:48:28  Zone: Zone2                    	28	28	0
09:49:14  Camera: Level 2 Main Entry                      	6	1
09:49:17  Camera: Shop A                                  	28	30
09:49:18  Zone: Zone1                    	36	29	7
09:49:18  Zone: Zone2                    	28	30	-2
09:53:21  Camera: Shop A                                  	31	34
09:53:26  Zone: Zone1                    	40	32	8
09:53:26  Zone: Zone2                    	31	34	-3
09:54:22  Camera: Shop A                                  	34	34
09:54:36  Zone: Zone1                    	40	35	5
09:54:36  Zone: Zone2                    	34	34	0
09:55:23  Camera: Shop A                                  	39	40
09:55:28  Zone: Zone1                    	46	40	6
09:55:28  Zone: Zone2                    	39	40	-1
09:56:24  Camera: Shop A                                  	40	40
09:56:38  Zone: Zone1                    	46	41	5
09:56:38  Zone: Zone2                    	40	40	0
09:57:25  Camera: Shop A                                  	40	44
09:57:30  Zone: Zone1                    	50	41	9
09:57:30  Zone: Zone2                    	40	44	-4
09:58:26  Camera: Shop A                                  	40	46
09:58:40  Zone: Zone1                    	52	41	11
09:58:40  Zone: Zone2                    	40	46	-6
09:59:27  Camera: Shop A                                  	43	48
09:59:32  Zone: Zone1                    	54	44	10
09:59:32  Zone: Zone2                    	43	48	-5
10:00:09  Logging to daily summary: "10:00 54 44 3 43 48 -1"
10:00:09  Service running OK
10:00:28  Camera: Shop A                                  	47	51
10:00:42  Zone: Zone1                    	57	48	9
10:00:42  Zone: Zone2                    	47	51	-4
10:02:31  Camera: Shop A                                  	52	52
10:02:46  Zone: Zone1                    	58	53	5
10:02:46  Zone: Zone2                    	52	52	0
10:03:32  Camera: Shop A                                  	54	54
10:03:38  Zone: Zone1                    	60	55	5
10:03:38  Zone: Zone2                    	54	54	0
10:04:33  Camera: Shop A                                  	58	54
10:04:48  Zone: Zone1                    	60	59	1
10:04:48  Zone: Zone2                    	58	54	4
10:05:34  Camera: Shop A                                  	59	54
10:05:40  Zone: Zone1                    	60	60	0
10:05:40  Zone: Zone2                    	59	54	5
10:07:36  Camera: Shop A                                  	59	58
10:07:44  Zone: Zone1                    	64	60	4
10:07:44  Zone: Zone2                    	59	58	1
10:08:37  Camera: Shop A                                  	59	61
10:08:37  Zone: Zone1                    	67	60	7
10:08:37  Zone: Zone2                    	59	61	-2
10:09:38  Camera: Shop A                                  	60	61
10:09:47  Zone: Zone1                    	67	61	6
10:09:47  Zone: Zone2                    	60	61	-1
10:10:39  Camera: Shop A                                  	63	61
10:10:39  Zone: Zone1                    	67	64	3
10:10:39  Zone: Zone2                    	63	61	2
10:11:40  Camera: Shop A                                  	67	63
10:11:49  Zone: Zone1                    	69	68	1
10:11:49  Zone: Zone2                    	67	63	4
10:12:41  Camera: Shop A                                  	71	67
10:12:41  Zone: Zone1                    	73	72	1
10:12:41  Zone: Zone2                    	71	67	4
10:13:42  Camera: Shop A                                  	77	72
10:13:51  Zone: Zone1                    	78	78	0
10:13:51  Zone: Zone2                    	77	72	5
10:14:44  Camera: Shop A                                  	80	72
10:14:44  Zone: Zone1                    	78	81	-3
10:14:44  Zone: Zone2                    	80	72	8
10:15:02  Service running OK
10:15:45  Camera: Shop A                                  	82	77
10:15:53  Zone: Zone1                    	83	83	0
10:15:53  Zone: Zone2                    	82	77	5
10:16:46  Camera: Shop A                                  	84	78
10:16:46  Zone: Zone1                    	84	85	-1
10:16:46  Zone: Zone2                    	84	78	6
10:17:47  Camera: Shop A                                  	86	78
10:17:55  Zone: Zone1                    	84	87	-3
10:17:55  Zone: Zone2                    	86	78	8
10:18:48  Camera: Shop A                                  	87	81
10:18:48  Zone: Zone1                    	87	88	-1
10:18:48  Zone: Zone2                    	87	81	6
10:19:49  Camera: Shop A                                  	90	83
10:19:58  Zone: Zone1                    	89	91	-2
10:19:58  Zone: Zone2                    	90	83	7
10:21:51  Camera: Shop A                                  	90	86
10:22:02  Zone: Zone1                    	92	91	1
10:22:02  Zone: Zone2                    	90	86	4
10:22:52  Camera: Shop A                                  	92	86
10:22:54  Zone: Zone1                    	92	93	-1
10:22:54  Zone: Zone2                    	92	86	6
10:24:54  Camera: Shop A                                  	92	89
10:24:58  Zone: Zone1                    	95	93	2
10:24:58  Zone: Zone2                    	92	89	3
10:25:55  Camera: Shop A                                  	99	95
10:26:08  Zone: Zone1                    	101	100	1
10:26:08  Zone: Zone2                    	99	95	4
10:26:56  Camera: Shop A                                  	99	96
10:27:00  Zone: Zone1                    	102	100	2
10:27:00  Zone: Zone2                    	99	96	3
10:27:58  Camera: Shop A                                  	102	99
10:28:10  Zone: Zone1                    	105	103	2
10:28:10  Zone: Zone2                    	102	99	3
10:28:59  Camera: Shop A                                  	106	104
10:29:02  Zone: Zone1                    	110	107	3
10:29:02  Zone: Zone2                    	106	104	2
10:30:00  Camera: Shop A                                  	106	107
10:30:12  Zone: Zone1                    	113	107	6
10:30:12  Zone: Zone2                    	106	107	-1
10:30:12  Logging to daily summary: "10:30 59 63 1 63 59 3"
10:30:12  Service running OK
10:31:01  Camera: Shop A                                  	108	108
10:31:04  Zone: Zone1                    	114	109	5
10:31:04  Zone: Zone2                    	108	108	0
10:32:02  Camera: Shop A                                  	109	108
10:32:14  Zone: Zone1                    	114	110	4
10:32:14  Zone: Zone2                    	109	108	1
10:37:07  Camera: Shop A                                  	110	111
10:37:18  Zone: Zone1                    	117	111	6
10:37:18  Zone: Zone2                    	110	111	-1
10:38:08  Camera: Shop A                                  	112	111
10:38:10  Zone: Zone1                    	117	113	4
10:38:10  Zone: Zone2                    	112	111	1
10:39:09  Camera: Shop A                                  	114	112
10:39:20  Zone: Zone1                    	118	115	3
10:39:20  Zone: Zone2                    	114	112	2
10:40:11  Camera: Shop A                                  	114	113
10:40:12  Zone: Zone1                    	119	115	4
10:40:12  Zone: Zone2                    	114	113	1
10:41:12  Camera: Shop A                                  	119	113
10:41:22  Zone: Zone1                    	119	120	-1
10:41:22  Zone: Zone2                    	119	113	6
10:42:13  Camera: Shop A                                  	124	113
10:42:14  Zone: Zone1                    	119	125	-6
10:42:14  Zone: Zone2                    	124	113	11
10:43:14  Camera: Shop A                                  	124	114
10:43:24  Zone: Zone1                    	120	125	-5
10:43:24  Zone: Zone2                    	124	114	10
10:44:15  Camera: Shop A                                  	125	116
10:44:16  Zone: Zone1                    	122	126	-4
10:44:16  Zone: Zone2                    	125	116	9
10:45:11  Service running OK
10:45:16  Camera: Shop A                                  	127	120
10:45:26  Zone: Zone1                    	126	128	-2
10:45:26  Zone: Zone2                    	127	120	7
10:46:17  Camera: Shop A                                  	131	120
10:46:18  Zone: Zone1                    	126	132	-6
10:46:18  Zone: Zone2                    	131	120	11
10:47:18  Camera: Shop A                                  	136	122
10:47:28  Zone: Zone1                    	128	137	-9
10:47:28  Zone: Zone2                    	136	122	14
10:48:19  Camera: Shop A                                  	142	122
10:48:20  Zone: Zone1                    	128	143	-15
10:48:20  Zone: Zone2                    	142	122	20
10:50:21  Camera: Shop A                                  	142	128
10:50:24  Zone: Zone1                    	134	143	-9
10:50:24  Zone: Zone2                    	142	128	14
10:51:22  Camera: Shop A                                  	144	129
10:51:34  Zone: Zone1                    	135	145	-10
10:51:34  Zone: Zone2                    	144	129	15
10:52:23  Camera: Shop A                                  	144	130
10:52:26  Zone: Zone1                    	136	145	-9
10:52:26  Zone: Zone2                    	144	130	14
10:53:24  Camera: Shop A                                  	146	131
10:53:36  Zone: Zone1                    	137	147	-10
10:53:36  Zone: Zone2                    	146	131	15
10:54:26  Camera: Shop A                                  	147	131
10:54:28  Zone: Zone1                    	137	148	-11
10:54:28  Zone: Zone2                    	147	131	16
10:55:27  Camera: Shop A                                  	151	131
10:55:38  Zone: Zone1                    	137	152	-15
10:55:38  Zone: Zone2                    	151	131	20
10:58:30  Camera: Shop A                                  	153	132
10:58:37  Zone: Zone1                    	138	154	-16
10:58:37  Zone: Zone2                    	153	132	21
10:59:31  Camera: Shop A                                  	157	132
10:59:31  Zone: Zone1                    	138	158	-20
10:59:31  Zone: Zone2                    	157	132	25
11:00:08  Logging to daily summary: "11:00 25 51 -5 51 25 10"
11:00:08  Service running OK
11:00:32  Camera: Shop A                                  	159	135
11:00:41  Zone: Zone1                    	141	160	-19
11:00:41  Zone: Zone2                    	159	135	24
11:01:33  Camera: Shop A                                  	161	137
11:01:33  Zone: Zone1                    	143	162	-19
11:01:33  Zone: Zone2                    	161	137	24
11:02:34  Camera: Shop A                                  	161	138
11:02:43  Zone: Zone1                    	144	162	-18
11:02:43  Zone: Zone2                    	161	138	23
11:03:35  Camera: Shop A                                  	161	139
11:03:35  Zone: Zone1                    	145	162	-17
11:03:35  Zone: Zone2                    	161	139	22
11:04:36  Camera: Shop A                                  	163	140
11:04:45  Zone: Zone1                    	146	164	-18
11:04:45  Zone: Zone2                    	163	140	23
11:05:37  Camera: Shop A                                  	163	141
11:05:38  Zone: Zone1                    	147	164	-17
11:05:38  Zone: Zone2                    	163	141	22
11:06:39  Camera: Shop A                                  	165	141
11:06:47  Zone: Zone1                    	147	166	-19
11:06:47  Zone: Zone2                    	165	141	24
11:07:40  Camera: Shop A                                  	167	142
11:07:40  Zone: Zone1                    	148	168	-20
11:07:40  Zone: Zone2                    	167	142	25
11:08:41  Camera: Shop A                                  	172	142
11:08:49  Zone: Zone1                    	148	173	-25
11:08:49  Zone: Zone2                    	172	142	30
11:09:42  Camera: Shop A                                  	174	142
11:09:42  Zone: Zone1                    	148	175	-27
11:09:42  Zone: Zone2                    	174	142	32
11:10:43  Camera: Shop A                                  	176	146
11:10:51  Zone: Zone1                    	152	177	-25
11:10:51  Zone: Zone2                    	176	146	30
11:14:47  Camera: Shop A                                  	176	150
11:15:01  Zone: Zone1                    	156	177	-21
11:15:01  Zone: Zone2                    	176	150	26
11:15:01  Service running OK
11:15:48  Camera: Shop A                                  	176	154
11:15:53  Zone: Zone1                    	160	177	-17
11:15:53  Zone: Zone2                    	176	154	22
11:16:49  Camera: Shop A                                  	176	156
11:17:03  Zone: Zone1                    	162	177	-15
11:17:03  Zone: Zone2                    	176	156	20
11:17:50  Camera: Shop A                                  	176	158
11:17:55  Zone: Zone1                    	164	177	-13
11:17:55  Zone: Zone2                    	176	158	18
11:18:51  Camera: Shop A                                  	178	160
11:19:05  Zone: Zone1                    	166	179	-13
11:19:05  Zone: Zone2                    	178	160	18
11:19:53  Camera: Shop A                                  	181	162
11:19:57  Zone: Zone1                    	168	182	-14
11:19:57  Zone: Zone2                    	181	162	19
11:20:54  Camera: Shop A                                  	186	162
11:21:07  Zone: Zone1                    	168	187	-19
11:21:07  Zone: Zone2                    	186	162	24
11:21:55  Camera: Shop A                                  	189	162
11:21:59  Zone: Zone1                    	168	190	-22
11:21:59  Zone: Zone2                    	189	162	27
11:22:56  Camera: Shop A                                  	189	163
11:23:09  Zone: Zone1                    	169	190	-21
11:23:09  Zone: Zone2                    	189	163	26
11:23:57  Camera: Shop A                                  	191	163
11:24:01  Zone: Zone1                    	169	192	-23
11:24:01  Zone: Zone2                    	191	163	28
11:24:58  Camera: Shop A                                  	192	163
11:25:11  Zone: Zone1                    	169	193	-24
11:25:11  Zone: Zone2                    	192	163	29
11:27:00  Camera: Shop A                                  	192	168
11:27:15  Zone: Zone1                    	174	193	-19
11:27:15  Zone: Zone2                    	192	168	24
11:28:01  Camera: Shop A                                  	193	168
11:28:07  Zone: Zone1                    	174	194	-20
11:28:07  Zone: Zone2                    	193	168	25
11:29:02  Camera: Shop A                                  	198	170
11:29:17  Zone: Zone1                    	176	199	-23
11:29:17  Zone: Zone2                    	198	170	28
11:30:03  Camera: Shop A                                  	200	170
11:30:09  Zone: Zone1                    	176	201	-25
11:30:09  Zone: Zone2                    	200	170	30
11:30:09  Logging to daily summary: "11:30 38 43 -20 43 38 25"
11:30:09  Service running OK
11:31:04  Camera: Shop A                                  	201	171
11:31:19  Zone: Zone1                    	177	202	-25
11:31:19  Zone: Zone2                    	201	171	30
11:32:06  Camera: Shop A                                  	201	174
11:32:11  Zone: Zone1                    	180	202	-22
11:32:11  Zone: Zone2                    	201	174	27
11:33:07  Camera: Shop A                                  	201	177
11:33:21  Zone: Zone1                    	183	202	-19
11:33:21  Zone: Zone2                    	201	177	24
11:34:08  Camera: Shop A                                  	202	177
11:34:13  Zone: Zone1                    	183	203	-20
11:34:13  Zone: Zone2                    	202	177	25
11:35:09  Camera: Shop A                                  	207	177
11:35:23  Zone: Zone1                    	183	208	-25
11:35:23  Zone: Zone2                    	207	177	30
11:36:10  Camera: Shop A                                  	209	186
11:36:15  Zone: Zone1                    	192	210	-18
11:36:15  Zone: Zone2                    	209	186	23
11:37:11  Camera: Shop A                                  	215	186
11:37:25  Zone: Zone1                    	192	216	-24
11:37:25  Zone: Zone2                    	215	186	29
11:38:12  Camera: Shop A                                  	216	189
11:38:17  Zone: Zone1                    	195	217	-22
11:38:17  Zone: Zone2                    	216	189	27
11:39:13  Camera: Shop A                                  	225	197
11:39:27  Zone: Zone1                    	203	226	-23
11:39:27  Zone: Zone2                    	225	197	28
11:45:10  Service running OK
11:50:03  Camera: Level 1 Science Centre Entry 2          	0	1
11:50:13  Zone: Zone1                    	203	227	-24
12:00:08  Logging to daily summary: "12:00 27 26 -23 25 27 27"
12:00:08  Service running OK
12:14:57  Camera: Level 2 Lift                            	0	1
12:15:05  Zone: Zone1                    	203	228	-25
12:15:05  Service running OK
12:30:06  Logging to daily summary: "12:30 0 1 -24 0 0 28"
12:30:06  Service running OK
12:31:14  Camera: Level 2 Lift                            	0	2
12:31:15  Zone: Zone1                    	203	229	-26
12:43:33  Shop A: Counts less than previous. (In:0, Out:0, OldRawIn:0, OldRawOut:0, OldIn:225, OldOut:197, CorrIn:0, CorrOut:0)
12:43:33  Shop A: InCountCorrection set in registry to: 225
12:43:33  Shop A: OutCountCorrection set in registry to: 197
12:44:34  Camera: Shop A                                  	225	199
12:44:43  Zone: Zone1                    	205	229	-24
12:44:43  Zone: Zone2                    	225	199	26
12:45:02  Service running OK
12:45:35  Camera: Shop A                                  	228	204
12:45:35  Zone: Zone1                    	210	232	-22
12:45:35  Zone: Zone2                    	228	204	24
12:46:36  Camera: Shop A                                  	233	204
12:46:45  Zone: Zone1                    	210	237	-27
12:46:45  Zone: Zone2                    	233	204	29
12:48:38  Camera: Shop A                                  	233	214
12:48:49  Zone: Zone1                    	220	237	-17
12:48:49  Zone: Zone2                    	233	214	19
12:49:39  Camera: Shop A                                  	236	215
12:49:41  Zone: Zone1                    	221	240	-19
12:49:41  Zone: Zone2                    	236	215	21
12:50:41  Camera: Shop A                                  	238	215
12:50:51  Zone: Zone1                    	221	242	-21
12:50:51  Zone: Zone2                    	238	215	23
12:51:42  Camera: Shop A                                  	238	216
12:51:43  Zone: Zone1                    	222	242	-20
12:51:43  Zone: Zone2                    	238	216	22
12:52:43  Camera: Shop A                                  	238	217
12:52:56  Zone: Zone1                    	223	242	-19
12:52:56  Zone: Zone2                    	238	217	21
12:53:44  Camera: Shop A                                  	238	218
12:53:48  Zone: Zone1                    	224	242	-18
12:53:48  Zone: Zone2                    	238	218	20
12:54:45  Camera: Shop A                                  	239	219
12:54:58  Zone: Zone1                    	225	243	-18
12:54:58  Zone: Zone2                    	239	219	20
12:56:47  Camera: Shop A                                  	239	222
12:57:02  Zone: Zone1                    	228	243	-15
12:57:02  Zone: Zone2                    	239	222	17
12:57:48  Camera: Shop A                                  	244	224
12:57:54  Zone: Zone1                    	230	248	-18
12:57:54  Zone: Zone2                    	244	224	20
12:58:49  Camera: Shop A                                  	245	224
12:59:04  Zone: Zone1                    	230	249	-19
12:59:04  Zone: Zone2                    	245	224	21
12:59:51  Camera: Shop A                                  	249	225
12:59:56  Zone: Zone1                    	231	253	-22
12:59:56  Zone: Zone2                    	249	225	24
13:00:15  Logging to daily summary: "13:00 28 25 -22 24 28 24"
13:00:15  Service running OK
13:00:52  Camera: Shop A                                  	250	225
13:01:06  Zone: Zone1                    	231	254	-23
13:01:06  Zone: Zone2                    	250	225	25
13:01:53  Camera: Shop A                                  	250	226
13:01:58  Zone: Zone1                    	232	254	-22
13:01:58  Zone: Zone2                    	250	226	24
13:02:54  Camera: Shop A                                  	250	227
13:03:08  Zone: Zone1                    	233	254	-21
13:03:08  Zone: Zone2                    	250	227	23
13:03:55  Camera: Shop A                                  	252	227
13:04:00  Zone: Zone1                    	233	256	-23
13:04:00  Zone: Zone2                    	252	227	25
13:07:59  Camera: Shop A                                  	254	228
13:08:10  Zone: Zone1                    	234	258	-24
13:08:10  Zone: Zone2                    	254	228	26
13:09:00  Camera: Shop A                                  	256	228
13:09:02  Zone: Zone1                    	234	260	-26
13:09:02  Zone: Zone2                    	256	228	28
13:10:01  Camera: Shop A                                  	256	231
13:10:12  Zone: Zone1                    	237	260	-23
13:10:12  Zone: Zone2                    	256	231	25
13:11:02  Camera: Shop A                                  	260	232
13:11:04  Zone: Zone1                    	238	264	-26
13:11:04  Zone: Zone2                    	260	232	28
13:12:03  Camera: Shop A                                  	261	234
13:12:14  Zone: Zone1                    	240	265	-25
13:12:14  Zone: Zone2                    	261	234	27
13:13:05  Camera: Shop A                                  	264	234
13:13:06  Zone: Zone1                    	240	268	-28
13:13:06  Zone: Zone2                    	264	234	30
13:14:06  Camera: Shop A                                  	265	235
13:14:16  Zone: Zone1                    	241	269	-28
13:14:16  Zone: Zone2                    	265	235	30
13:15:07  Camera: Shop A                                  	266	236
13:15:08  Zone: Zone1                    	242	270	-28
13:15:08  Zone: Zone2                    	266	236	30
13:15:08  Service running OK
13:16:08  Camera: Shop A                                  	267	236
13:16:18  Zone: Zone1                    	242	271	-29
13:16:18  Zone: Zone2                    	267	236	31
13:17:09  Camera: Shop A                                  	267	239
13:17:10  Zone: Zone1                    	245	271	-26
13:17:10  Zone: Zone2                    	267	239	28
13:18:10  Camera: Shop A                                  	267	244
13:18:20  Zone: Zone1                    	250	271	-21
13:18:20  Zone: Zone2                    	267	244	23
13:19:11  Camera: Shop A                                  	283	265
13:19:12  Zone: Zone1                    	271	287	-16
13:19:12  Zone: Zone2                    	283	265	18
13:20:12  Camera: Shop A                                  	290	277
13:20:22  Zone: Zone1                    	283	294	-11
13:20:22  Zone: Zone2                    	290	277	13
13:21:13  Camera: Shop A                                  	297	284
13:21:14  Zone: Zone1                    	290	301	-11
13:21:14  Zone: Zone2                    	297	284	13
13:22:14  Camera: Shop A                                  	298	291
13:22:24  Zone: Zone1                    	297	302	-5
13:22:24  Zone: Zone2                    	298	291	7
13:23:15  Camera: Shop A                                  	304	302
13:23:16  Zone: Zone1                    	308	308	0
13:23:16  Zone: Zone2                    	304	302	2
13:24:16  Camera: Shop A                                  	313	308
13:24:26  Zone: Zone1                    	314	317	-3
13:24:26  Zone: Zone2                    	313	308	5
13:25:17  Camera: Shop A                                  	321	318
13:25:18  Zone: Zone1                    	324	325	-1
13:25:18  Zone: Zone2                    	321	318	3
13:26:19  Camera: Shop A                                  	330	324
13:26:28  Zone: Zone1                    	330	334	-4
13:26:28  Zone: Zone2                    	330	324	6
13:27:20  Camera: Shop A                                  	337	324
13:27:20  Zone: Zone1                    	330	341	-11
13:27:20  Zone: Zone2                    	337	324	13
13:28:21  Camera: Shop A                                  	349	329
13:28:30  Zone: Zone1                    	335	353	-18
13:28:30  Zone: Zone2                    	349	329	20
13:29:22  Camera: Shop A                                  	353	334
13:29:22  Zone: Zone1                    	340	357	-17
13:29:22  Zone: Zone2                    	353	334	19
13:30:17  Logging to daily summary: "13:30 109 104 -18 104 109 20"
13:30:17  Service running OK
13:30:23  Camera: Shop A                                  	357	349
13:30:32  Zone: Zone1                    	355	361	-6
13:30:32  Zone: Zone2                    	357	349	8
13:31:24  Camera: Shop A                                  	372	363
13:31:24  Zone: Zone1                    	369	376	-7
13:31:24  Zone: Zone2                    	372	363	9
13:32:25  Camera: Shop A                                  	378	375
13:32:34  Zone: Zone1                    	381	382	-1
13:32:34  Zone: Zone2                    	378	375	3
13:33:26  Camera: Shop A                                  	389	388
13:33:26  Zone: Zone1                    	394	393	1
13:33:26  Zone: Zone2                    	389	388	1
13:34:27  Camera: Shop A                                  	394	394
13:34:36  Zone: Zone1                    	400	398	2
13:34:36  Zone: Zone2                    	394	394	0
13:35:28  Camera: Shop A                                  	398	395
13:35:28  Zone: Zone1                    	401	402	-1
13:35:28  Zone: Zone2                    	398	395	3
13:36:29  Camera: Shop A                                  	404	396
13:36:38  Zone: Zone1                    	402	408	-6
13:36:38  Zone: Zone2                    	404	396	8
13:37:30  Camera: Shop A                                  	406	399
13:37:31  Zone: Zone1                    	405	410	-5
13:37:31  Zone: Zone2                    	406	399	7
13:38:32  Camera: Shop A                                  	406	400
13:38:40  Zone: Zone1                    	406	410	-4
13:38:40  Zone: Zone2                    	406	400	6
13:39:33  Camera: Shop A                                  	409	401
13:39:33  Zone: Zone1                    	407	413	-6
13:39:33  Zone: Zone2                    	409	401	8
13:40:34  Camera: Shop A                                  	412	407
13:40:42  Zone: Zone1                    	413	416	-3
13:40:42  Zone: Zone2                    	412	407	5
13:42:36  Camera: Shop A                                  	416	409
13:42:46  Zone: Zone1                    	415	420	-5
13:42:46  Zone: Zone2                    	416	409	7
13:43:37  Camera: Shop A                                  	420	412
13:43:38  Zone: Zone1                    	418	424	-6
13:43:38  Zone: Zone2                    	420	412	8
13:44:38  Camera: Shop A                                  	426	414
13:44:48  Zone: Zone1                    	420	430	-10
13:44:48  Zone: Zone2                    	426	414	12
13:45:07  Service running OK
13:45:39  Camera: Shop A                                  	426	417
13:45:40  Zone: Zone1                    	423	430	-7
13:45:40  Zone: Zone2                    	426	417	9
13:46:40  Camera: Shop A                                  	426	418
13:46:50  Zone: Zone1                    	424	430	-6
13:46:50  Zone: Zone2                    	426	418	8
13:47:41  Camera: Shop A                                  	432	420
13:47:42  Zone: Zone1                    	426	436	-10
13:47:42  Zone: Zone2                    	432	420	12
13:49:43  Camera: Shop A                                  	438	422
13:49:46  Zone: Zone1                    	428	442	-14
13:49:46  Zone: Zone2                    	438	422	16
13:50:44  Camera: Shop A                                  	440	423
13:50:56  Zone: Zone1                    	429	444	-15
13:50:56  Zone: Zone2                    	440	423	17
13:51:46  Camera: Shop A                                  	443	425
13:51:48  Zone: Zone1                    	431	447	-16
13:51:48  Zone: Zone2                    	443	425	18
13:52:47  Camera: Shop A                                  	443	427
13:52:58  Zone: Zone1                    	433	447	-14
13:52:58  Zone: Zone2                    	443	427	16
13:54:49  Camera: Shop A                                  	444	427
13:55:02  Zone: Zone1                    	433	448	-15
13:55:02  Zone: Zone2                    	444	427	17
13:55:50  Camera: Shop A                                  	444	429
13:55:54  Zone: Zone1                    	435	448	-13
13:55:54  Zone: Zone2                    	444	429	15
13:56:51  Camera: Shop A                                  	449	432
13:57:04  Zone: Zone1                    	438	453	-15
13:57:04  Zone: Zone2                    	449	432	17
13:57:52  Camera: Shop A                                  	449	433
13:57:56  Zone: Zone1                    	439	453	-14
13:57:56  Zone: Zone2                    	449	433	16
13:58:53  Camera: Shop A                                  	451	435
13:59:06  Zone: Zone1                    	441	455	-14
13:59:06  Zone: Zone2                    	451	435	16
13:59:54  Camera: Shop A                                  	453	438
13:59:58  Zone: Zone1                    	444	457	-13
13:59:58  Zone: Zone2                    	453	438	15
14:00:17  Logging to daily summary: "14:00 104 100 -8 100 104 10"
14:00:17  Service running OK
14:00:55  Camera: Shop A                                  	453	440
14:01:08  Zone: Zone1                    	446	457	-11
14:01:08  Zone: Zone2                    	453	440	13
14:03:59  Camera: Shop A                                  	455	443
14:04:06  Zone: Zone1                    	449	459	-10
14:04:06  Zone: Zone2                    	455	443	12
14:05:00  Camera: Shop A                                  	455	445
14:05:00  Zone: Zone1                    	451	459	-8
14:05:00  Zone: Zone2                    	455	445	10
14:06:01  Camera: Shop A                                  	455	446
14:06:09  Zone: Zone1                    	452	459	-7
14:06:09  Zone: Zone2                    	455	446	9
14:07:02  Camera: Shop A                                  	457	449
14:07:02  Zone: Zone1                    	455	461	-6
14:07:02  Zone: Zone2                    	457	449	8
14:08:03  Camera: Shop A                                  	460	453
14:08:11  Zone: Zone1                    	459	464	-5
14:08:11  Zone: Zone2                    	460	453	7
14:09:04  Camera: Shop A                                  	464	453
14:09:04  Zone: Zone1                    	459	468	-9
14:09:04  Zone: Zone2                    	464	453	11
14:10:05  Camera: Shop A                                  	466	454
14:10:14  Zone: Zone1                    	460	470	-10
14:10:14  Zone: Zone2                    	466	454	12
14:11:06  Camera: Shop A                                  	466	456
14:11:06  Zone: Zone1                    	462	470	-8
14:11:06  Zone: Zone2                    	466	456	10
14:13:08  Camera: Shop A                                  	468	456
14:13:10  Zone: Zone1                    	462	472	-10
14:13:10  Zone: Zone2                    	468	456	12
14:15:17  Service running OK
14:18:14  Camera: Shop A                                  	470	456
14:18:14  Zone: Zone1                    	462	474	-12
14:18:14  Zone: Zone2                    	470	456	14
14:19:15  Camera: Shop A                                  	470	457
14:19:24  Zone: Zone1                    	463	474	-11
14:19:24  Zone: Zone2                    	470	457	13
14:22:18  Camera: Shop A                                  	470	459
14:22:22  Zone: Zone1                    	465	474	-9
14:22:22  Zone: Zone2                    	470	459	11
14:23:19  Camera: Shop A                                  	471	459
14:23:32  Zone: Zone1                    	465	475	-10
14:23:32  Zone: Zone2                    	471	459	12
14:24:20  Camera: Shop A                                  	473	461
14:24:24  Zone: Zone1                    	467	477	-10
14:24:24  Zone: Zone2                    	473	461	12
14:29:26  Camera: Shop A                                  	474	463
14:29:28  Zone: Zone1                    	469	478	-9
14:29:28  Zone: Zone2                    	474	463	11
14:30:05  Logging to daily summary: "14:30 25 21 -9 21 25 11"
14:30:05  Service running OK
14:31:28  Camera: Shop A                                  	475	463
14:31:32  Zone: Zone1                    	469	479	-10
14:31:32  Zone: Zone2                    	475	463	12
14:32:29  Camera: Shop A                                  	477	463
14:32:42  Zone: Zone1                    	469	481	-12
14:32:42  Zone: Zone2                    	477	463	14
14:34:31  Camera: Shop A                                  	481	466
14:34:46  Zone: Zone1                    	472	485	-13
14:34:46  Zone: Zone2                    	481	466	15
14:35:32  Camera: Shop A                                  	487	471
14:35:38  Zone: Zone1                    	477	491	-14
14:35:38  Zone: Zone2                    	487	471	16
14:36:33  Camera: Shop A                                  	490	476
14:36:48  Zone: Zone1                    	482	494	-12
14:36:48  Zone: Zone2                    	490	476	14
14:37:34  Camera: Shop A                                  	491	479
14:37:40  Zone: Zone1                    	485	495	-10
14:37:40  Zone: Zone2                    	491	479	12
14:38:35  Camera: Shop A                                  	491	482
14:38:50  Zone: Zone1                    	488	495	-7
14:38:50  Zone: Zone2                    	491	482	9
14:39:36  Camera: Shop A                                  	495	482
14:39:42  Zone: Zone1                    	488	499	-11
14:39:42  Zone: Zone2                    	495	482	13
14:40:37  Camera: Shop A                                  	497	482
14:40:52  Zone: Zone1                    	488	501	-13
14:40:52  Zone: Zone2                    	497	482	15
14:41:38  Camera: Shop A                                  	499	484
14:41:44  Zone: Zone1                    	490	503	-13
14:41:44  Zone: Zone2                    	499	484	15
14:42:40  Camera: Shop A                                  	501	485
14:42:54  Zone: Zone1                    	491	505	-14
14:42:54  Zone: Zone2                    	501	485	16
14:44:42  Camera: Shop A                                  	501	486
14:44:42  Zone: Zone1                    	492	505	-13
14:44:42  Zone: Zone2                    	501	486	15
14:45:00  Service running OK
14:45:43  Camera: Shop A                                  	505	486
14:45:51  Zone: Zone1                    	492	509	-17
14:45:51  Zone: Zone2                    	505	486	19
14:46:44  Camera: Shop A                                  	505	488
14:46:44  Zone: Zone1                    	494	509	-15
14:46:44  Zone: Zone2                    	505	488	17
14:47:45  Camera: Shop A                                  	506	488
14:47:54  Zone: Zone1                    	494	510	-16
14:47:54  Zone: Zone2                    	506	488	18
14:50:48  Camera: Shop A                                  	508	490
14:50:52  Zone: Zone1                    	496	512	-16
14:50:52  Zone: Zone2                    	508	490	18
14:52:50  Camera: Shop A                                  	509	490
14:52:56  Zone: Zone1                    	496	513	-17
14:52:56  Zone: Zone2                    	509	490	19
14:54:52  Camera: Shop A                                  	509	491
14:55:00  Zone: Zone1                    	497	513	-16
14:55:00  Zone: Zone2                    	509	491	18
14:57:56  Camera: Shop A                                  	511	491
14:57:58  Zone: Zone1                    	497	515	-18
14:57:58  Zone: Zone2                    	511	491	20
14:58:57  Camera: Shop A                                  	511	492
14:59:08  Zone: Zone1                    	498	515	-17
14:59:08  Zone: Zone2                    	511	492	19
14:59:58  Camera: Shop A                                  	511	493
15:00:00  Zone: Zone1                    	499	515	-16
15:00:00  Zone: Zone2                    	511	493	18
15:00:00  Logging to daily summary: "15:00 30 37 -14 37 30 16"
15:00:00  Service running OK
15:00:59  Camera: Shop A                                  	511	497
15:01:10  Zone: Zone1                    	503	515	-12
15:01:10  Zone: Zone2                    	511	497	14
15:03:01  Camera: Shop A                                  	513	498
15:03:14  Zone: Zone1                    	504	517	-13
15:03:14  Zone: Zone2                    	513	498	15
15:04:02  Camera: Shop A                                  	514	498
15:04:06  Zone: Zone1                    	504	518	-14
15:04:06  Zone: Zone2                    	514	498	16
15:06:04  Camera: Shop A                                  	516	498
15:06:10  Zone: Zone1                    	504	520	-16
15:06:10  Zone: Zone2                    	516	498	18
15:07:05  Camera: Shop A                                  	520	498
15:07:20  Zone: Zone1                    	504	524	-20
15:07:20  Zone: Zone2                    	520	498	22
15:08:07  Camera: Shop A                                  	520	499
15:08:12  Zone: Zone1                    	505	524	-19
15:08:12  Zone: Zone2                    	520	499	21
15:11:10  Camera: Shop A                                  	520	500
15:11:10  Zone: Zone1                    	506	524	-18
15:11:10  Zone: Zone2                    	520	500	20
15:12:11  Camera: Shop A                                  	522	502
15:12:20  Zone: Zone1                    	508	526	-18
15:12:20  Zone: Zone2                    	522	502	20
15:14:13  Camera: Shop A                                  	524	503
15:14:24  Zone: Zone1                    	509	528	-19
15:14:24  Zone: Zone2                    	524	503	21
15:15:01  Service running OK
15:17:16  Camera: Shop A                                  	524	506
15:17:22  Zone: Zone1                    	512	528	-16
15:17:22  Zone: Zone2                    	524	506	18
15:18:17  Camera: Shop A                                  	525	506
15:18:32  Zone: Zone1                    	512	529	-17
15:18:32  Zone: Zone2                    	525	506	19
15:19:18  Camera: Shop A                                  	526	507
15:19:24  Zone: Zone1                    	513	530	-17
15:19:24  Zone: Zone2                    	526	507	19
15:21:21  Camera: Shop A                                  	527	510
15:21:28  Zone: Zone1                    	516	531	-15
15:21:28  Zone: Zone2                    	527	510	17
15:22:22  Camera: Shop A                                  	528	513
15:22:22  Zone: Zone1                    	519	532	-13
15:22:22  Zone: Zone2                    	528	513	15
15:23:23  Camera: Shop A                                  	531	515
15:23:31  Zone: Zone1                    	521	535	-14
15:23:31  Zone: Zone2                    	531	515	16
15:24:24  Camera: Shop A                                  	531	516
15:24:24  Zone: Zone1                    	522	535	-13
15:24:24  Zone: Zone2                    	531	516	15
15:25:25  Camera: Shop A                                  	533	516
15:25:33  Zone: Zone1                    	522	537	-15
15:25:33  Zone: Zone2                    	533	516	17
15:27:27  Camera: Shop A                                  	533	520
15:27:37  Zone: Zone1                    	526	537	-11
15:27:37  Zone: Zone2                    	533	520	13
15:29:29  Camera: Shop A                                  	535	522
15:29:41  Zone: Zone1                    	528	539	-11
15:29:41  Zone: Zone2                    	535	522	13
15:30:00  Logging to daily summary: "15:30 29 24 -15 24 29 17"
15:30:00  Service running OK
15:30:30  Camera: Shop A                                  	535	526
15:30:33  Zone: Zone1                    	532	539	-7
15:30:33  Zone: Zone2                    	535	526	9
15:31:31  Camera: Shop A                                  	536	526
15:31:43  Zone: Zone1                    	532	540	-8
15:31:43  Zone: Zone2                    	536	526	10
15:32:32  Camera: Shop A                                  	537	526
15:32:35  Zone: Zone1                    	532	541	-9
15:32:35  Zone: Zone2                    	537	526	11
15:33:33  Camera: Shop A                                  	537	527
15:33:45  Zone: Zone1                    	533	541	-8
15:33:45  Zone: Zone2                    	537	527	10
15:34:34  Camera: Shop A                                  	539	531
15:34:37  Zone: Zone1                    	537	543	-6
15:34:37  Zone: Zone2                    	539	531	8
15:35:36  Camera: Shop A                                  	540	531
15:35:47  Zone: Zone1                    	537	544	-7
15:35:47  Zone: Zone2                    	540	531	9
15:36:37  Camera: Shop A                                  	540	532
15:36:39  Zone: Zone1                    	538	544	-6
15:36:39  Zone: Zone2                    	540	532	8
15:37:38  Camera: Shop A                                  	542	532
15:37:49  Zone: Zone1                    	538	546	-8
15:37:49  Zone: Zone2                    	542	532	10
15:38:39  Camera: Shop A                                  	542	535
15:38:41  Zone: Zone1                    	541	546	-5
15:38:41  Zone: Zone2                    	542	535	7
15:40:41  Camera: Shop A                                  	543	535
15:40:45  Zone: Zone1                    	541	547	-6
15:40:45  Zone: Zone2                    	543	535	8
15:41:42  Camera: Shop A                                  	544	537
15:41:55  Zone: Zone1                    	543	548	-5
15:41:55  Zone: Zone2                    	544	537	7
15:42:43  Camera: Shop A                                  	544	539
15:42:47  Zone: Zone1                    	545	548	-3
15:42:47  Zone: Zone2                    	544	539	5
15:43:44  Camera: Shop A                                  	544	540
15:43:57  Zone: Zone1                    	546	548	-2
15:43:57  Zone: Zone2                    	544	540	4
15:45:10  Service running OK
15:45:46  Camera: Shop A                                  	546	540
15:46:01  Zone: Zone1                    	546	550	-4
15:46:01  Zone: Zone2                    	546	540	6
15:47:48  Camera: Shop A                                  	548	540
15:47:49  Zone: Zone1                    	546	552	-6
15:47:49  Zone: Zone2                    	548	540	8
15:49:51  Camera: Shop A                                  	549	540
15:49:52  Zone: Zone1                    	546	553	-7
15:49:52  Zone: Zone2                    	549	540	9
15:52:54  Camera: Shop A                                  	553	541
15:53:08  Zone: Zone1                    	547	557	-10
15:53:08  Zone: Zone2                    	553	541	12
15:53:55  Camera: Shop A                                  	555	541
15:54:00  Zone: Zone1                    	547	559	-12
15:54:00  Zone: Zone2                    	555	541	14
15:54:56  Camera: Shop A                                  	556	543
15:55:10  Zone: Zone1                    	549	560	-11
15:55:10  Zone: Zone2                    	556	543	13
15:55:57  Camera: Shop A                                  	556	545
15:56:02  Zone: Zone1                    	551	560	-9
15:56:02  Zone: Zone2                    	556	545	11
15:56:58  Camera: Shop A                                  	558	545
15:57:12  Zone: Zone1                    	551	562	-11
15:57:12  Zone: Zone2                    	558	545	13
15:59:00  Camera: Shop A                                  	560	550
15:59:00  Zone: Zone1                    	556	564	-8
15:59:01  Zone: Zone2                    	560	550	10
16:00:01  Camera: Shop A                                  	563	553
16:00:10  Zone: Zone1                    	559	567	-8
16:00:10  Zone: Zone2                    	563	553	10
16:00:10  Logging to daily summary: "16:00 31 28 -6 28 31 8"
16:00:10  Service running OK
16:01:03  Camera: Shop A                                  	565	557
16:01:03  Zone: Zone1                    	563	569	-6
16:01:03  Zone: Zone2                    	565	557	8
16:02:04  Camera: Shop A                                  	568	559
16:02:12  Zone: Zone1                    	565	572	-7
16:02:12  Zone: Zone2                    	568	559	9
16:03:05  Camera: Shop A                                  	570	559
16:03:05  Zone: Zone1                    	565	574	-9
16:03:05  Zone: Zone2                    	570	559	11
16:05:07  Camera: Shop A                                  	570	561
16:05:08  Zone: Zone1                    	567	574	-7
16:05:08  Zone: Zone2                    	570	561	9
16:06:08  Camera: Shop A                                  	573	561
16:06:18  Zone: Zone1                    	567	577	-10
16:06:18  Zone: Zone2                    	573	561	12
16:07:03  Camera: Level 2 Lift                            	1	2
16:07:09  Camera: Shop A                                  	573	562
16:07:10  Zone: Zone1                    	569	577	-8
16:07:10  Zone: Zone2                    	573	562	11
16:08:10  Camera: Shop A                                  	574	564
16:08:18  Zone: Zone1                    	571	578	-7
16:08:18  Zone: Zone2                    	574	564	10
16:09:11  Camera: Shop A                                  	577	566
16:09:11  Zone: Zone1                    	573	581	-8
16:09:11  Zone: Zone2                    	577	566	11
16:11:13  Camera: Shop A                                  	577	568
16:11:15  Zone: Zone1                    	575	581	-6
16:11:15  Zone: Zone2                    	577	568	9
16:13:15  Camera: Shop A                                  	582	568
16:13:19  Zone: Zone1                    	575	586	-11
16:13:19  Zone: Zone2                    	582	568	14
16:15:08  Service running OK
16:15:18  Camera: Shop A                                  	582	569
16:15:23  Zone: Zone1                    	576	586	-10
16:15:23  Zone: Zone2                    	582	569	13
16:17:20  Camera: Shop A                                  	584	569
16:17:27  Zone: Zone1                    	576	588	-12
16:17:27  Zone: Zone2                    	584	569	15
16:24:12  Camera: Level 2 Main Entry                      	6	2
16:24:19  Zone: Zone1                    	576	589	-13
16:25:13  Camera: Level 2 Main Entry                      	7	2
16:25:13  Zone: Zone1                    	577	589	-12
16:30:02  Logging to daily summary: "16:30 18 22 -9 21 16 12"
16:30:02  Service running OK
16:34:23  Camera: Level 2 Main Entry                      	7	3
16:34:29  Zone: Zone1                    	577	590	-13
16:45:08  Service running OK
16:45:45  Camera: Level 2 Main Entry                      	10	5
16:45:45  Zone: Zone1                    	580	592	-12
16:46:50  Camera: Level 2 Main Entry                      	15	6
16:47:00  Zone: Zone1                    	585	593	-8
16:47:06  Camera: Shop A                                  	584	570
16:47:17  Zone: Zone1                    	586	593	-7
16:47:17  Zone: Zone2                    	584	570	14
16:48:11  Camera: Shop A                                  	585	575
16:48:12  Zone: Zone1                    	591	594	-3
16:48:12  Zone: Zone2                    	585	575	10
16:51:26  Camera: Shop A                                  	587	575
16:51:41  Zone: Zone1                    	591	596	-5
16:51:41  Zone: Zone2                    	587	575	12
17:00:09  Logging to daily summary: "17:00 14 7 -8 3 6 13"
17:00:09  Service running OK
17:13:22  Camera: Shop A                                  	587	577
17:13:28  Zone: Zone1                    	593	596	-3
17:13:28  Zone: Zone2                    	587	577	10
17:14:27  Camera: Shop A                                  	588	578
17:14:42  Zone: Zone1                    	594	597	-3
17:14:42  Zone: Zone2                    	588	578	10
17:15:02  Service running OK
17:15:32  Camera: Shop A                                  	588	579
17:15:37  Zone: Zone1                    	595	597	-2
17:15:37  Zone: Zone2                    	588	579	9
17:16:37  Camera: Shop A                                  	589	579
17:16:50  Zone: Zone1                    	595	598	-3
17:16:50  Zone: Zone2                    	589	579	10
17:30:08  Logging to daily summary: "17:30 4 2 -3 2 4 10"
17:30:08  Service running OK
17:38:21  Camera: Shop A                                  	590	580
17:38:29  Zone: Zone1                    	596	599	-3
17:38:29  Zone: Zone2                    	590	580	10
17:39:22  Camera: Shop A                                  	591	580
17:39:22  Zone: Zone1                    	596	600	-4
17:39:22  Zone: Zone2                    	591	580	11
17:45:05  Service running OK
18:00:05  Logging to daily summary: "18:00 1 2 -3 2 1 10"
18:00:05  Service running OK
18:10:56  Camera: Shop A                                  	593	580
18:11:08  Zone: Zone1                    	596	602	-6
18:11:08  Zone: Zone2                    	593	580	13
18:15:03  Service running OK
18:30:03  Logging to daily summary: "18:30 0 2 -5 2 0 12"
18:30:03  Service running OK
18:45:01  Service running OK
19:00:02  Logging to daily summary: "19:00 0 0 -6 0 0 13"
19:00:02  Service running OK
19:15:02  Service running OK
19:30:02  Logging to daily summary: "19:30 0 0 -6 0 0 13"
19:30:02  Service running OK
19:45:02  Service running OK
20:00:02  Logging to daily summary: "20:00 0 0 -6 0 0 13"
20:00:02  Service running OK
20:15:18  Service running OK
20:30:03  Logging to daily summary: "20:30 0 0 -6 0 0 13"
20:30:03  Service running OK
20:45:04  Service running OK
21:00:09  Logging to daily summary: "21:00 0 0 -7 0 0 15"
21:00:09  Service running OK
21:15:13  Service running OK
21:30:04  Logging to daily summary: "21:30 0 0 -6 0 0 13"
21:30:04  Service running OK
21:45:01  Service running OK
21:55:57  Camera: Shop A                                  	593	581
21:56:01  Zone: Zone1                    	597	602	-5
21:56:01  Zone: Zone2                    	593	581	12
22:00:04  Logging to daily summary: "22:00 1 0 -5 0 1 12"
22:00:04  Service running OK
22:00:35  Stop time reached.
22:00:35  Camera 'Level 1 Science Centre Entry 1' - final counts 0 0
22:00:35  Camera 'Level 1 Science Centre Entry 2' - final counts 0 1
22:00:35  Camera 'Level 1 Science Centre Lift' - final counts 0 0
22:00:35  Camera 'Level 2 Main Entry' - final counts 15 6
22:00:35  Camera 'Level 2 Lift' - final counts 1 2
22:00:35  Camera 'Shop A' - final counts 593 581
22:00:35  Camera 'Shop B' - final counts 0 0
22:00:35  Camera 'Shop Whale Mall' - final counts 0 0
22:00:35  Camera 'Level 2 Cafe' - final counts 0 0
22:00:35  Zone: Zone1                    	597	602	-5
22:00:35  Zone: Zone2                    	593	581	12
22:00:35  Level 1 Science Centre Entry 1: IrisysIP counts reset requested.
22:00:35  Level 1 Science Centre Entry 2: IrisysIP counts reset requested.
22:00:35  Level 1 Science Centre Lift: IrisysIP counts reset requested.
22:00:35  Level 2 Main Entry: IrisysIP counts reset requested.
22:00:35  Level 2 Lift: IrisysIP counts reset requested.
22:00:35  Shop A: IrisysIP counts reset requested.
22:00:35  Shop B: IrisysIP counts reset requested.
22:00:35  Shop Whale Mall: IrisysIP counts reset requested.
22:00:35  Level 2 Cafe: IrisysIP counts reset requested.
22:00:35  Displaying shutdown on 0 display(s)
22:00:35  End the manager threads.
22:00:35  Close all CAN threads.
22:00:35  All CAN threads, now flagged to be closed.
22:00:35  Close all IrisysIP threads.
22:00:46  Attempting to reset counts for IrisysIP Camera Level 1 Science Centre Entry 1
