
07:28:01  RECAP $Revision: 3.13.2.13 $ ($State: Exp $) built 09:15:45, Aug  3 2010
07:28:01  Logging Counting Started
07:28:01  Start time: 09:30 (570 minutes past midnight)
07:28:01  Stop time: 22:00 (1320 minutes past midnight)
07:28:01  Log period: 30 minutes
07:28:01  Initialising 0 display(s)
07:28:01  Initialising 9 camera(s)
07:28:01  IrisysIP counter(s) in use, Starting BlackFin API
07:28:01  If RECAP crashes, check .NET framework and VCRedist are installed.
07:28:01  BlackFin API Started.
07:28:01  BlackFin API Started up OK. Version: 1.10.0.5
07:28:01  Initialising 2 zone(s)
07:28:01  Outputting 'Zone1' zone data to 'Zones\Zone1.txt'
07:28:01  Outputting 'Zone2' zone data to 'Zones\Zone2.txt'
07:28:01  Displaying shutdown on 0 display(s)
07:28:01  Waiting till start time
09:30:00  Start time reached
09:30:00  Adding Level 1 Science Centre Entry 1 thread to Watchdog
09:30:00  Level 1 Science Centre Entry 1: InCountCorrection set in registry to: 0
09:30:00  Level 1 Science Centre Entry 1: OutCountCorrection set in registry to: 0
09:30:00  Adding Level 1 Science Centre Entry 2 thread to Watchdog
09:30:00  Level 1 Science Centre Entry 2: InCountCorrection set in registry to: 0
09:30:00  Level 1 Science Centre Entry 2: OutCountCorrection set in registry to: 0
09:30:00  Adding Level 1 Science Centre Lift thread to Watchdog
09:30:00  Level 1 Science Centre Lift: InCountCorrection set in registry to: 0
09:30:00  Level 1 Science Centre Lift: OutCountCorrection set in registry to: 0
09:30:00  Adding Level 2 Main Entry thread to Watchdog
09:30:00  Level 2 Main Entry: InCountCorrection set in registry to: 0
09:30:00  Level 2 Main Entry: OutCountCorrection set in registry to: 0
09:30:00  Adding Level 2 Lift thread to Watchdog
09:30:00  Level 2 Lift: InCountCorrection set in registry to: 0
09:30:00  Level 2 Lift: OutCountCorrection set in registry to: 0
09:30:00  Adding Shop A thread to Watchdog
09:30:00  Shop A: InCountCorrection set in registry to: 0
09:30:00  Shop A: OutCountCorrection set in registry to: 0
09:30:00  Adding Shop B thread to Watchdog
09:30:00  Shop B: InCountCorrection set in registry to: 0
09:30:00  Shop B: OutCountCorrection set in registry to: 0
09:30:00  Adding Shop Whale Mall thread to Watchdog
09:30:00  Shop Whale Mall: InCountCorrection set in registry to: 0
09:30:00  Shop Whale Mall: OutCountCorrection set in registry to: 0
09:30:00  Adding Level 2 Cafe thread to Watchdog
09:30:00  Level 2 Cafe: InCountCorrection set in registry to: 0
09:30:00  Level 2 Cafe: OutCountCorrection set in registry to: 0
09:30:01  New day, Reset counts and busiest times in registry
09:30:01  Camera Level 1 Science Centre Entry 1 Counts 	= In:0, Out:0
09:30:01  Camera Level 1 Science Centre Entry 2 Counts 	= In:0, Out:0
09:30:01  Camera Level 1 Science Centre Lift Counts 	= In:0, Out:0
09:30:01  Camera Level 2 Main Entry Counts 	= In:0, Out:0
09:30:01  Camera Level 2 Lift Counts 	= In:0, Out:0
09:30:01  Camera Shop A Counts 	= In:0, Out:0
09:30:01  Camera Shop B Counts 	= In:0, Out:0
09:30:01  Camera Shop Whale Mall Counts 	= In:0, Out:0
09:30:01  Camera Level 2 Cafe Counts 	= In:0, Out:0
09:30:02  Starting main data collection loop.
09:30:05  Zone: Zone1                    	0	0	0
09:30:05  Zone: Zone2                    	0	0	0
09:30:05  Logging to daily summary: "09:30 0 0 0 0 0 0"
09:30:05  Service running OK
09:30:20  Level 1 Science Centre Entry 2: Connect Success (2) (serial num:2158593777)
09:30:21  Level 1 Science Centre Entry 2: MAC:00-21-AC-00-30-3B IP Firmware:4.0.2.30311 Monitor Firmware:42.4.0.404
09:30:22  Level 1 Science Centre Lift: Connect Success (3) (serial num:2158593853)
09:30:23  Level 1 Science Centre Lift: MAC:00-21-AC-00-30-1A IP Firmware:4.0.2.30311 Monitor Firmware:42.4.0.404
09:30:24  Level 2 Main Entry: Connect Success (4) (serial num:2158593780)
09:30:25  Level 2 Main Entry: MAC:00-21-AC-00-30-D9 IP Firmware:4.0.2.30311 Monitor Firmware:42.4.0.404
09:30:25  Level 2 Lift: Connect Success (5) (serial num:2158593872)
09:30:26  Level 2 Lift: MAC:00-21-AC-00-2F-8C IP Firmware:4.0.2.30311 Monitor Firmware:42.4.0.404
09:30:30  Level 1 Science Centre Entry 2: Status msgs: 0,0
09:30:30  Level 1 Science Centre Entry 2: Current DeviceID: DefaultID
09:30:32  Level 1 Science Centre Lift: Status msgs: 0,0
09:30:32  Level 1 Science Centre Lift: Current DeviceID: DefaultID
09:30:34  Level 2 Main Entry: Status msgs: 0,0
09:30:34  Level 2 Main Entry: Current DeviceID: DefaultID
09:30:34  Level 2 Lift: Status msgs: 0,0
09:30:35  Level 2 Lift: Current DeviceID: DefaultID
09:30:44  Level 1 Science Centre Entry 1: Connect Success (1) (serial num:2158593798)
09:30:45  Level 1 Science Centre Entry 1: MAC:00-21-AC-00-30-39 IP Firmware:4.0.2.30311 Monitor Firmware:42.4.0.404
09:30:54  Level 1 Science Centre Entry 1: Status msgs: 0,0
09:30:54  Level 1 Science Centre Entry 1: Current DeviceID: DefaultID
09:32:33  Initial Camera Level 1 Science Centre Entry 2 Counts 	= In:0, Out:0
09:32:35  Initial Camera Level 1 Science Centre Lift Counts 	= In:0, Out:0
09:32:37  Level 1 Science Centre Entry 2: Date last reset in registry is not today (reset required): 24/10/11
09:32:37  Attempting to reset counts for IrisysIP Camera Level 1 Science Centre Entry 2
09:32:39  Level 1 Science Centre Lift: Date last reset in registry is not today (reset required): 24/10/11
09:32:39  Attempting to reset counts for IrisysIP Camera Level 1 Science Centre Lift
09:33:33  Level 1 Science Centre Entry 2: InCountCorrection set in registry to: 0
09:33:33  Level 1 Science Centre Entry 2: OutCountCorrection set in registry to: 0
09:33:34  Initial Camera Level 2 Main Entry Counts 	= In:0, Out:0
09:33:34  Level 1 Science Centre Entry 2: has reset camera
09:33:34  Initial Camera Level 2 Lift Counts 	= In:0, Out:0
09:33:34  Camera: Level 1 Science Centre Entry 2 - Counts are now valid.
09:33:35  Level 1 Science Centre Lift: InCountCorrection set in registry to: 0
09:33:35  Level 1 Science Centre Lift: OutCountCorrection set in registry to: 0
09:33:36  Initial Camera Level 1 Science Centre Entry 1 Counts 	= In:0, Out:0
09:33:36  Level 1 Science Centre Lift: has reset camera
09:33:36  Camera: Level 1 Science Centre Lift - Counts are now valid.
09:33:38  Level 2 Main Entry: Date last reset in registry is not today (reset required): 24/10/11
09:33:38  Level 2 Lift: Date last reset in registry is not today (reset required): 24/10/11
09:33:38  Attempting to reset counts for IrisysIP Camera Level 2 Main Entry
09:33:38  Attempting to reset counts for IrisysIP Camera Level 2 Lift
09:33:39  Level 2 Main Entry: InCountCorrection set in registry to: 0
09:33:39  Level 2 Main Entry: OutCountCorrection set in registry to: 0
09:33:40  Level 2 Main Entry: has reset camera
09:33:40  Camera: Level 2 Main Entry - Counts are now valid.
09:33:40  Level 1 Science Centre Entry 1: Date last reset in registry is not today (reset required): 24/10/11
09:33:40  Attempting to reset counts for IrisysIP Camera Level 1 Science Centre Entry 1
09:33:40  Level 2 Lift: InCountCorrection set in registry to: 0
09:33:40  Level 2 Lift: OutCountCorrection set in registry to: 0
09:33:41  Level 2 Lift: has reset camera
09:33:41  Camera: Level 2 Lift - Counts are now valid.
09:33:57  Level 1 Science Centre Entry 1: InCountCorrection set in registry to: 0
09:33:57  Level 1 Science Centre Entry 1: OutCountCorrection set in registry to: 0
09:33:58  Level 1 Science Centre Entry 1: has reset camera
09:33:58  Camera: Level 1 Science Centre Entry 1 - Counts are now valid.
09:34:35  Camera: Level 1 Science Centre Entry 2          	0	0
09:34:35  Level 1 Science Centre Entry 2 IrisysIP camera has reset
09:34:37  Camera: Level 1 Science Centre Lift             	0	0
09:34:37  Level 1 Science Centre Lift IrisysIP camera has reset
09:34:41  Camera: Level 2 Main Entry                      	0	2
09:34:43  Camera: Level 2 Lift                            	0	0
09:34:43  Level 2 Lift IrisysIP camera has reset
09:34:50  Zone: Zone1                    	0	2	-2
09:34:59  Camera: Level 1 Science Centre Entry 1          	0	0
09:34:59  Level 1 Science Centre Entry 1 IrisysIP camera has reset
09:45:12  Service running OK
09:58:07  Camera: Level 2 Lift                            	0	1
09:58:21  Zone: Zone1                    	0	3	-3
09:59:08  Camera: Level 2 Lift                            	1	1
09:59:13  Zone: Zone1                    	1	3	-2
10:00:08  Logging to daily summary: "10:00 1 3 -1 0 0 0"
10:00:08  Service running OK
10:15:12  Service running OK
10:30:12  Logging to daily summary: "10:30 0 0 -2 0 0 0"
10:30:12  Service running OK
10:45:12  Service running OK
11:00:12  Logging to daily summary: "11:00 0 0 -2 0 0 0"
11:00:12  Service running OK
11:15:12  Service running OK
11:30:12  Logging to daily summary: "11:30 0 0 -2 0 0 0"
11:30:12  Service running OK
11:45:12  Service running OK
12:00:12  Logging to daily summary: "12:00 0 0 -2 0 0 0"
12:00:12  Service running OK
12:15:12  Service running OK
12:30:00  Logging to daily summary: "12:30 0 0 -2 0 0 0"
12:30:00  Service running OK
12:45:00  Service running OK
13:00:00  Logging to daily summary: "13:00 0 0 -2 0 0 0"
13:00:00  Service running OK
13:15:02  Service running OK
13:30:02  Logging to daily summary: "13:30 0 0 -2 0 0 0"
13:30:02  Service running OK
13:45:02  Service running OK
14:00:02  Logging to daily summary: "14:00 0 0 -2 0 0 0"
14:00:02  Service running OK
14:15:02  Service running OK
14:17:35  Camera: Level 1 Science Centre Entry 2          	2	0
14:17:41  Zone: Zone1                    	3	3	0
14:18:36  Camera: Level 1 Science Centre Entry 2          	7	11
14:18:51  Zone: Zone1                    	8	14	-6
14:19:37  Camera: Level 1 Science Centre Entry 2          	11	11
14:19:43  Zone: Zone1                    	12	14	-2
14:20:38  Camera: Level 1 Science Centre Entry 2          	14	19
14:20:53  Zone: Zone1                    	15	22	-7
14:30:12  Logging to daily summary: "14:30 14 19 -3 0 0 0"
14:30:12  Service running OK
14:45:12  Service running OK
15:00:12  Logging to daily summary: "15:00 0 0 -7 0 0 0"
15:00:12  Service running OK
15:15:12  Service running OK
15:30:12  Logging to daily summary: "15:30 0 0 -7 0 0 0"
15:30:12  Service running OK
15:45:12  Service running OK
16:00:12  Logging to daily summary: "16:00 0 0 -7 0 0 0"
16:00:12  Service running OK
16:15:14  Service running OK
16:30:14  Logging to daily summary: "16:30 0 0 -7 0 0 0"
16:30:14  Service running OK
16:44:11  Camera: Level 1 Science Centre Entry 2          	20	26
16:44:17  Zone: Zone1                    	21	29	-8
16:45:12  Service running OK
16:45:12  Camera: Level 1 Science Centre Entry 2          	22	27
16:45:27  Zone: Zone1                    	23	30	-7
16:47:19  Camera: Level 2 Main Entry                      	3	4
16:47:31  Zone: Zone1                    	26	32	-6
16:48:20  Camera: Level 2 Main Entry                      	5	4
16:48:23  Zone: Zone1                    	28	32	-4
17:00:06  Logging to daily summary: "17:00 13 10 -5 0 0 0"
17:00:06  Service running OK
17:14:46  Error! Level 1 Science Centre Lift: Blackfin failed to connect on 192.168.197.10:4003
 With error:Blackfin failed discovery communication sequence
17:14:46  Level 1 Science Centre Lift: Closing socket to 192.168.197.10:4003 on IrisysIP Manager
17:14:56  Email sent successfully.
17:15:06  Level 1 Science Centre Lift: Connecting to IrisysIP at address 192.168.197.10:4003
17:15:07  Service running OK
17:15:47  Level 1 Science Centre Lift: Connect Success (3)
17:30:07  Logging to daily summary: "17:30 0 0 -4 0 0 0"
17:30:07  Service running OK
17:45:07  Service running OK
18:00:07  Logging to daily summary: "18:00 0 0 -4 0 0 0"
18:00:07  Service running OK
18:15:07  Service running OK
18:30:07  Logging to daily summary: "18:30 0 0 -4 0 0 0"
18:30:07  Service running OK
18:45:08  Service running OK
19:00:08  Logging to daily summary: "19:00 0 0 -4 0 0 0"
19:00:08  Service running OK
19:15:08  Service running OK
19:30:08  Logging to daily summary: "19:30 0 0 -4 0 0 0"
19:30:08  Service running OK
19:45:08  Service running OK
20:00:12  Logging to daily summary: "20:00 0 0 -4 0 0 0"
20:00:12  Service running OK
20:15:12  Service running OK
20:30:12  Logging to daily summary: "20:30 0 0 -4 0 0 0"
20:30:12  Service running OK
20:45:12  Service running OK
21:00:12  Logging to daily summary: "21:00 0 0 -4 0 0 0"
21:00:12  Service running OK
21:15:12  Service running OK
21:30:12  Logging to daily summary: "21:30 0 0 -4 0 0 0"
21:30:12  Service running OK
21:45:12  Service running OK
22:00:12  Logging to daily summary: "22:00 0 0 -4 0 0 0"
22:00:12  Service running OK
22:00:30  Closing time reached
22:00:45  Stop time reached.
22:00:45  Camera 'Level 1 Science Centre Entry 1' - final counts 0 0
22:00:45  Camera 'Level 1 Science Centre Entry 2' - final counts 22 27
22:00:45  Camera 'Level 1 Science Centre Lift' - final counts 0 0
22:00:45  Camera 'Level 2 Main Entry' - final counts 5 4
22:00:45  Camera 'Level 2 Lift' - final counts 1 1
22:00:45  Camera 'Shop A' - final counts 0 0
22:00:45  Camera 'Shop B' - final counts 0 0
22:00:45  Camera 'Shop Whale Mall' - final counts 0 0
22:00:45  Camera 'Level 2 Cafe' - final counts 0 0
22:00:45  Zone: Zone1                    	28	32	-4
22:00:45  Zone: Zone2                    	0	0	0
22:00:45  Level 1 Science Centre Entry 1: IrisysIP counts reset requested.
22:00:45  Level 1 Science Centre Entry 2: IrisysIP counts reset requested.
22:00:45  Level 1 Science Centre Lift: IrisysIP counts reset requested.
22:00:45  Level 2 Main Entry: IrisysIP counts reset requested.
22:00:45  Level 2 Lift: IrisysIP counts reset requested.
22:00:45  Shop A: IrisysIP counts reset requested.
22:00:45  Shop B: IrisysIP counts reset requested.
22:00:45  Shop Whale Mall: IrisysIP counts reset requested.
22:00:45  Level 2 Cafe: IrisysIP counts reset requested.
22:00:53  Email sent successfully.
22:00:53  Displaying shutdown on 0 display(s)
22:00:53  End the manager threads.
22:00:53  Close all CAN threads.
22:00:53  All CAN threads, now flagged to be closed.
22:00:53  Close all IrisysIP threads.
22:00:54  Attempting to reset counts for IrisysIP Camera Level 1 Science Centre Entry 2
22:00:58  Attempting to reset counts for IrisysIP Camera Level 1 Science Centre Lift
22:01:00  Attempting to reset counts for IrisysIP Camera Level 2 Main Entry
22:01:02  Attempting to reset counts for IrisysIP Camera Level 2 Lift
22:01:40  Error! Level 1 Science Centre Entry 1: The IrisysIP thread needs to be terminated but has not reset.
22:01:40  Level 1 Science Centre Entry 1: The Irisys IP thread has been flagged to end.
22:01:46  Level 1 Science Centre Entry 2: InCountCorrection set in registry to: 0
22:01:46  Level 1 Science Centre Entry 2: OutCountCorrection set in registry to: 0
22:01:47  Level 1 Science Centre Entry 2: has reset camera
22:01:50  Level 1 Science Centre Lift: InCountCorrection set in registry to: 0
22:01:50  Level 1 Science Centre Lift: OutCountCorrection set in registry to: 0
22:01:51  Level 1 Science Centre Lift: has reset camera
22:01:52  Level 2 Main Entry: InCountCorrection set in registry to: 0
22:01:52  Level 2 Main Entry: OutCountCorrection set in registry to: 0
22:01:53  Level 2 Main Entry: has reset camera
22:01:54  Level 2 Lift: InCountCorrection set in registry to: 0
22:01:54  Level 2 Lift: OutCountCorrection set in registry to: 0
22:01:55  Level 2 Lift: has reset camera
22:01:55  Level 1 Science Centre Entry 1: Main Data Collection loop has finished (g_bStopFlag=0, m_bEndThread=1).
22:01:55  Level 1 Science Centre Entry 1: The Irisys IP thread has ended.
22:01:55  Level 1 Science Centre Entry 2: The Irisys IP thread has been flagged to end.
22:02:46  Level 1 Science Centre Entry 2: Main Data Collection loop has finished (g_bStopFlag=0, m_bEndThread=1).
22:02:46  Level 1 Science Centre Entry 2: The Irisys IP thread has ended.
22:02:46  Level 1 Science Centre Lift: The Irisys IP thread has been flagged to end.
22:02:50  Level 1 Science Centre Lift: Main Data Collection loop has finished (g_bStopFlag=0, m_bEndThread=1).
22:02:50  Level 1 Science Centre Lift: The Irisys IP thread has ended.
22:02:50  Level 2 Main Entry: The Irisys IP thread has been flagged to end.
22:02:52  Level 2 Main Entry: Main Data Collection loop has finished (g_bStopFlag=0, m_bEndThread=1).
22:02:52  Level 2 Main Entry: The Irisys IP thread has ended.
22:02:52  Level 2 Lift: The Irisys IP thread has been flagged to end.
22:02:54  Level 2 Lift: Main Data Collection loop has finished (g_bStopFlag=0, m_bEndThread=1).
22:02:54  Level 2 Lift: The Irisys IP thread has ended.
22:02:54  Shop A: The Irisys IP thread has been flagged to end.
22:02:55  Shop A: Main Data Collection loop has finished (g_bStopFlag=0, m_bEndThread=1).
22:02:55  Shop A: The Irisys IP thread has ended.
22:02:55  Shop B: The Irisys IP thread has been flagged to end.
22:02:55  Shop B: Main Data Collection loop has finished (g_bStopFlag=0, m_bEndThread=1).
22:02:55  Shop B: The Irisys IP thread has ended.
22:02:55  Shop Whale Mall: The Irisys IP thread has been flagged to end.
22:02:56  Shop Whale Mall: Main Data Collection loop has finished (g_bStopFlag=0, m_bEndThread=1).
22:02:56  Shop Whale Mall: The Irisys IP thread has ended.
22:02:56  Level 2 Cafe: The Irisys IP thread has been flagged to end.
22:02:56  Level 2 Cafe: Main Data Collection loop has finished (g_bStopFlag=0, m_bEndThread=1).
22:02:56  Level 2 Cafe: The Irisys IP thread has ended.
22:02:56  All IrisysIP threads, now flagged to be closed.
22:02:56  Close all iCount threads.
22:02:56  All iCount threads, now flagged to be closed.
22:02:56  Close all eDAM threads.
22:02:56  All eDAM threads, now flagged to be closed.
22:02:56  Camera 'Level 1 Science Centre Entry 1' - maximum flow 0 at 09:30:00
22:02:56  Camera 'Level 1 Science Centre Entry 2' - maximum flow 16 at 14:19:10
22:02:56  Camera 'Level 1 Science Centre Lift' - maximum flow 0 at 09:30:00
22:02:56  Camera 'Level 2 Main Entry' - maximum flow 5 at 16:48:08
22:02:56  Camera 'Level 2 Lift' - maximum flow 2 at 09:59:13
22:02:56  Camera 'Shop A' - maximum flow 0 at 09:30:00
22:02:56  Camera 'Shop B' - maximum flow 0 at 09:30:00
22:02:56  Camera 'Shop Whale Mall' - maximum flow 0 at 09:30:00
22:02:56  Camera 'Level 2 Cafe' - maximum flow 0 at 09:30:00
22:02:56  Camera 'Level 1 Science Centre Entry 1' refreshing registry counts
22:02:56  Camera 'Level 1 Science Centre Entry 2' refreshing registry counts
22:02:56  Camera 'Level 1 Science Centre Lift' refreshing registry counts
22:02:56  Camera 'Level 2 Main Entry' refreshing registry counts
22:02:56  Camera 'Level 2 Lift' refreshing registry counts
22:02:56  Camera 'Shop A' refreshing registry counts
22:02:56  Camera 'Shop B' refreshing registry counts
22:02:56  Camera 'Shop Whale Mall' refreshing registry counts
22:02:56  Camera 'Level 2 Cafe' refreshing registry counts
22:02:56  Zone 'Zone1' refreshing file counts
22:02:56  Zone 'Zone2' refreshing file counts
22:02:56  Processing application not specified
22:02:56  Logging Counting Stopped

