
07:28:01  RECAP $Revision: 3.13.2.13 $ ($State: Exp $) built 09:15:45, Aug  3 2010
07:28:01  Logging Counting Started
07:28:01  Start time: 09:30 (570 minutes past midnight)
07:28:01  Stop time: 22:00 (1320 minutes past midnight)
07:28:01  Log period: 30 minutes
07:28:01  Initialising 0 display(s)
07:28:01  Initialising 9 camera(s)
07:28:01  IrisysIP counter(s) in use, Starting BlackFin API
07:28:01  If RECAP crashes, check .NET framework and VCRedist are installed.
07:28:01  BlackFin API Started.
07:28:01  BlackFin API Started up OK. Version: 1.10.0.5
07:28:01  Initialising 2 zone(s)
07:28:01  Outputting 'Zone1' zone data to 'Zones\Zone1.txt'
07:28:01  Outputting 'Zone2' zone data to 'Zones\Zone2.txt'
07:28:01  Displaying shutdown on 0 display(s)
07:28:01  Waiting till start time
09:30:00  Start time reached
09:30:00  Adding Level 1 Science Centre Entry 1 thread to Watchdog
09:30:00  Level 1 Science Centre Entry 1: InCountCorrection set in registry to: 0
09:30:00  Level 1 Science Centre Entry 1: OutCountCorrection set in registry to: 0
09:30:00  Adding Level 1 Science Centre Entry 2 thread to Watchdog
09:30:00  Level 1 Science Centre Entry 2: InCountCorrection set in registry to: 0
09:30:00  Level 1 Science Centre Entry 2: OutCountCorrection set in registry to: 0
09:30:00  Adding Level 1 Science Centre Lift thread to Watchdog
09:30:00  Level 1 Science Centre Lift: InCountCorrection set in registry to: 0
09:30:00  Level 1 Science Centre Lift: OutCountCorrection set in registry to: 0
09:30:00  Adding Level 2 Main Entry thread to Watchdog
09:30:00  Level 2 Main Entry: InCountCorrection set in registry to: 0
09:30:00  Level 2 Main Entry: OutCountCorrection set in registry to: 0
09:30:00  Adding Level 2 Lift thread to Watchdog
09:30:00  Level 2 Lift: InCountCorrection set in registry to: 0
09:30:00  Level 2 Lift: OutCountCorrection set in registry to: 0
09:30:00  Adding Shop A thread to Watchdog
09:30:00  Shop A: InCountCorrection set in registry to: 0
09:30:00  Shop A: OutCountCorrection set in registry to: 0
09:30:00  Adding Shop B thread to Watchdog
09:30:00  Shop B: InCountCorrection set in registry to: 0
09:30:00  Shop B: OutCountCorrection set in registry to: 0
09:30:00  Adding Shop Whale Mall thread to Watchdog
09:30:00  Shop Whale Mall: InCountCorrection set in registry to: 0
09:30:00  Shop Whale Mall: OutCountCorrection set in registry to: 0
09:30:00  Adding Level 2 Cafe thread to Watchdog
09:30:00  Level 2 Cafe: InCountCorrection set in registry to: 0
09:30:00  Level 2 Cafe: OutCountCorrection set in registry to: 0
09:30:01  New day, Reset counts and busiest times in registry
09:30:01  Camera Level 1 Science Centre Entry 1 Counts 	= In:0, Out:0
09:30:01  Camera Level 1 Science Centre Entry 2 Counts 	= In:0, Out:0
09:30:01  Camera Level 1 Science Centre Lift Counts 	= In:0, Out:0
09:30:01  Camera Level 2 Main Entry Counts 	= In:0, Out:0
09:30:01  Camera Level 2 Lift Counts 	= In:0, Out:0
09:30:01  Camera Shop A Counts 	= In:0, Out:0
09:30:01  Camera Shop B Counts 	= In:0, Out:0
09:30:01  Camera Shop Whale Mall Counts 	= In:0, Out:0
09:30:01  Camera Level 2 Cafe Counts 	= In:0, Out:0
09:30:02  Starting main data collection loop.
09:30:03  Level 2 Main Entry: Connect Success (4) (serial num:2158593780)
09:30:04  Level 2 Main Entry: MAC:00-21-AC-00-30-D9 IP Firmware:4.0.2.30311 Monitor Firmware:42.4.0.404
09:30:05  Zone: Zone1                    	0	0	0
09:30:05  Zone: Zone2                    	0	0	0
09:30:05  Logging to daily summary: "09:30 0 0 0 0 0 0"
09:30:05  Service running OK
09:30:08  Level 2 Main Entry: Status msgs: 0,0
09:30:09  Level 2 Main Entry: Current DeviceID: DefaultID
09:30:12  Level 1 Science Centre Lift: Connect Success (3) (serial num:2158593853)
09:30:12  Level 1 Science Centre Lift: MAC:00-21-AC-00-30-1A IP Firmware:4.0.2.30311 Monitor Firmware:42.4.0.404
09:30:18  Level 1 Science Centre Lift: Status msgs: 0,0
09:30:19  Level 1 Science Centre Lift: Current DeviceID: DefaultID
09:30:25  Level 1 Science Centre Entry 1: Connect Success (1) (serial num:2158593798)
09:30:26  Level 1 Science Centre Entry 1: MAC:00-21-AC-00-30-39 IP Firmware:4.0.2.30311 Monitor Firmware:42.4.0.404
09:30:32  Level 1 Science Centre Entry 1: Status msgs: 0,0
09:30:32  Level 1 Science Centre Entry 1: Current DeviceID: DefaultID
09:30:42  Level 1 Science Centre Entry 2: Connect Success (2) (serial num:2158593777)
09:30:43  Shop A: Connect Success (6) (serial num:2158593779)
09:30:43  Level 1 Science Centre Entry 2: MAC:00-21-AC-00-30-3B IP Firmware:4.0.2.30311 Monitor Firmware:42.4.0.404
09:30:43  Shop A: MAC:00-21-AC-00-30-21 IP Firmware:4.0.2.30311 Monitor Firmware:42.4.0.404
09:30:46  Shop A: Status msgs: 0,0
09:30:46  Shop A: Current DeviceID: DefaultID
09:30:49  Level 1 Science Centre Entry 2: Status msgs: 0,0
09:30:50  Level 1 Science Centre Entry 2: Current DeviceID: DefaultID
09:31:01  Level 2 Lift: Connect Success (5) (serial num:2158593872)
09:31:01  Level 2 Lift: MAC:00-21-AC-00-2F-8C IP Firmware:4.0.2.30311 Monitor Firmware:42.4.0.404
09:31:06  Level 2 Lift: Status msgs: 0,0
09:31:06  Level 2 Lift: Current DeviceID: DefaultID
09:32:12  Initial Camera Level 2 Main Entry Counts 	= In:7, Out:4
09:32:16  Level 2 Main Entry: Date last reset in registry is not today (reset required): 21/12/11
09:32:16  Attempting to reset counts for IrisysIP Camera Level 2 Main Entry
09:33:11  Level 2 Main Entry: InCountCorrection set in registry to: 0
09:33:11  Level 2 Main Entry: OutCountCorrection set in registry to: 0
09:33:12  Initial Camera Level 1 Science Centre Lift Counts 	= In:0, Out:0
09:33:12  Level 2 Main Entry: has reset camera
09:33:12  Initial Camera Level 1 Science Centre Entry 1 Counts 	= In:21, Out:15
09:33:12  Camera: Level 2 Main Entry - Counts are now valid.
09:33:12  Initial Camera Shop A Counts 	= In:307, Out:330
09:33:12  Initial Camera Level 1 Science Centre Entry 2 Counts 	= In:3, Out:1
09:33:15  Initial Camera Level 2 Lift Counts 	= In:0, Out:0
09:33:16  Level 1 Science Centre Lift: Date last reset in registry is not today (reset required): 21/12/11
09:33:16  Level 1 Science Centre Entry 1: Date last reset in registry is not today (reset required): 21/12/11
09:33:16  Shop A: Date last reset in registry is not today (reset required): 21/12/11
09:33:16  Level 1 Science Centre Entry 2: Date last reset in registry is not today (reset required): 21/12/11
09:33:16  Attempting to reset counts for IrisysIP Camera Level 1 Science Centre Lift
09:33:16  Attempting to reset counts for IrisysIP Camera Level 1 Science Centre Entry 1
09:33:16  Attempting to reset counts for IrisysIP Camera Shop A
09:33:16  Attempting to reset counts for IrisysIP Camera Level 1 Science Centre Entry 2
09:33:19  Level 2 Lift: Date last reset in registry is not today (reset required): 21/12/11
09:33:19  Attempting to reset counts for IrisysIP Camera Level 2 Lift
09:33:22  Level 1 Science Centre Lift: InCountCorrection set in registry to: 0
09:33:22  Level 1 Science Centre Lift: OutCountCorrection set in registry to: 0
09:33:23  Level 1 Science Centre Lift: has reset camera
09:33:23  Camera: Level 1 Science Centre Lift - Counts are now valid.
09:33:35  Level 1 Science Centre Entry 1: InCountCorrection set in registry to: 0
09:33:35  Level 1 Science Centre Entry 1: OutCountCorrection set in registry to: 0
09:33:36  Level 1 Science Centre Entry 1: has reset camera
09:33:36  Camera: Level 1 Science Centre Entry 1 - Counts are now valid.
09:33:49  Shop A: InCountCorrection set in registry to: 0
09:33:49  Shop A: OutCountCorrection set in registry to: 0
09:33:50  Shop A: has reset camera
09:33:50  Camera: Shop A - Counts are now valid.
09:33:53  Level 1 Science Centre Entry 2: InCountCorrection set in registry to: 0
09:33:53  Level 1 Science Centre Entry 2: OutCountCorrection set in registry to: 0
09:33:54  Level 1 Science Centre Entry 2: has reset camera
09:33:54  Camera: Level 1 Science Centre Entry 2 - Counts are now valid.
09:34:14  Level 2 Lift: InCountCorrection set in registry to: 0
09:34:14  Level 2 Lift: OutCountCorrection set in registry to: 0
09:34:15  Camera: Level 2 Main Entry                      	0	0
09:34:15  Level 2 Lift: has reset camera
09:34:15  Level 2 Main Entry IrisysIP camera has reset
09:34:15  Camera: Level 2 Lift - Counts are now valid.
09:34:24  Camera: Level 1 Science Centre Lift             	0	0
09:34:24  Level 1 Science Centre Lift IrisysIP camera has reset
09:34:37  Camera: Level 1 Science Centre Entry 1          	0	0
09:34:37  Level 1 Science Centre Entry 1 IrisysIP camera has reset
09:34:51  Camera: Shop A                                  	4	0
09:34:55  Camera: Level 1 Science Centre Entry 2          	0	0
09:34:55  Level 1 Science Centre Entry 2 IrisysIP camera has reset
09:35:02  Zone: Zone1                    	0	4	-4
09:35:02  Zone: Zone2                    	4	0	4
09:35:16  Camera: Level 2 Lift                            	0	0
09:35:16  Level 2 Lift IrisysIP camera has reset
09:36:53  Camera: Shop A                                  	4	6
09:36:59  Zone: Zone1                    	6	4	2
09:36:59  Zone: Zone2                    	4	6	-2
09:40:57  Camera: Shop A                                  	6	6
09:41:09  Zone: Zone1                    	6	6	0
09:41:09  Zone: Zone2                    	6	6	0
09:45:02  Camera: Shop A                                  	6	9
09:45:02  Zone: Zone1                    	9	6	3
09:45:02  Zone: Zone2                    	6	9	-3
09:45:02  Service running OK
09:48:05  Camera: Shop A                                  	8	15
09:48:17  Zone: Zone1                    	15	8	7
09:48:17  Zone: Zone2                    	8	15	-7
09:49:06  Camera: Shop A                                  	8	17
09:49:09  Zone: Zone1                    	17	8	9
09:49:09  Zone: Zone2                    	8	17	-9
09:50:07  Camera: Shop A                                  	10	18
09:50:19  Zone: Zone1                    	18	10	8
09:50:19  Zone: Zone2                    	10	18	-8
09:51:08  Camera: Shop A                                  	14	21
09:51:11  Zone: Zone1                    	21	14	7
09:51:11  Zone: Zone2                    	14	21	-7
09:52:09  Camera: Shop A                                  	15	21
09:52:21  Zone: Zone1                    	21	15	6
09:52:21  Zone: Zone2                    	15	21	-6
09:55:13  Camera: Shop A                                  	15	23
09:55:19  Zone: Zone1                    	23	15	8
09:55:19  Zone: Zone2                    	15	23	-8
09:56:14  Camera: Shop A                                  	17	25
09:56:29  Zone: Zone1                    	25	17	8
09:56:29  Zone: Zone2                    	17	25	-8
09:57:15  Camera: Shop A                                  	17	27
09:57:21  Zone: Zone1                    	27	17	10
09:57:21  Zone: Zone2                    	17	27	-10
09:58:16  Camera: Shop A                                  	17	29
09:58:31  Zone: Zone1                    	29	17	12
09:58:31  Zone: Zone2                    	17	29	-12
09:59:17  Camera: Shop A                                  	18	29
09:59:23  Zone: Zone1                    	29	18	11
09:59:23  Zone: Zone2                    	18	29	-11
10:00:00  Logging to daily summary: "10:00 29 18 3 18 29 -3"
10:00:00  Service running OK
10:00:18  Camera: Shop A                                  	18	33
10:00:33  Zone: Zone1                    	33	18	15
10:00:33  Zone: Zone2                    	18	33	-15
10:01:19  Camera: Shop A                                  	18	36
10:01:25  Zone: Zone1                    	36	18	18
10:01:25  Zone: Zone2                    	18	36	-18
10:04:22  Camera: Shop A                                  	20	37
10:04:23  Zone: Zone1                    	37	20	17
10:04:23  Zone: Zone2                    	20	37	-17
10:06:24  Camera: Shop A                                  	21	37
10:06:27  Zone: Zone1                    	37	21	16
10:06:27  Zone: Zone2                    	21	37	-16
10:09:28  Camera: Shop A                                  	23	37
10:09:44  Zone: Zone1                    	37	23	14
10:09:44  Zone: Zone2                    	23	37	-14
10:14:37  Camera: Level 1 Science Centre Entry 2          	0	2
10:14:52  Zone: Zone1                    	37	25	12
10:15:11  Service running OK
10:15:20  Camera: Level 1 Science Centre Entry 1          	0	1
10:15:26  Zone: Zone1                    	37	26	11
10:15:38  Camera: Level 1 Science Centre Entry 2          	5	5
10:15:42  Zone: Zone1                    	42	29	13
10:16:21  Camera: Level 1 Science Centre Entry 1          	1	1
10:16:34  Zone: Zone1                    	43	29	14
10:16:39  Camera: Level 1 Science Centre Entry 2          	7	7
10:16:50  Zone: Zone1                    	45	31	14
10:17:36  Camera: Shop A                                  	23	39
10:17:42  Zone: Zone1                    	47	31	16
10:17:42  Zone: Zone2                    	23	39	-16
10:18:23  Camera: Level 1 Science Centre Entry 1          	3	1
10:18:34  Zone: Zone1                    	49	31	18
10:18:37  Camera: Shop A                                  	24	45
10:18:41  Camera: Level 1 Science Centre Entry 2          	10	9
10:18:50  Zone: Zone1                    	58	34	24
10:18:50  Zone: Zone2                    	24	45	-21
10:19:39  Camera: Shop A                                  	28	48
10:19:39  Zone: Zone1                    	61	38	23
10:19:39  Zone: Zone2                    	28	48	-20
10:20:26  Camera: Level 1 Science Centre Entry 1          	10	3
10:20:31  Zone: Zone1                    	68	40	28
10:20:40  Camera: Shop A                                  	28	50
10:20:47  Zone: Zone1                    	70	40	30
10:20:47  Zone: Zone2                    	28	50	-22
10:21:27  Camera: Level 1 Science Centre Entry 1          	11	6
10:21:39  Zone: Zone1                    	71	43	28
10:21:41  Camera: Shop A                                  	29	50
10:21:55  Zone: Zone1                    	71	44	27
10:21:55  Zone: Zone2                    	29	50	-21
10:22:42  Camera: Shop A                                  	29	55
10:22:45  Camera: Level 1 Science Centre Entry 2          	10	10
10:22:47  Zone: Zone1                    	76	45	31
10:22:47  Zone: Zone2                    	29	55	-26
10:23:43  Camera: Shop A                                  	30	55
10:23:55  Zone: Zone1                    	76	46	30
10:23:55  Zone: Zone2                    	30	55	-25
10:24:44  Camera: Shop A                                  	32	58
10:24:47  Zone: Zone1                    	79	48	31
10:24:47  Zone: Zone2                    	32	58	-26
10:25:45  Camera: Shop A                                  	39	59
10:25:57  Zone: Zone1                    	80	55	25
10:25:57  Zone: Zone2                    	39	59	-20
10:26:46  Camera: Shop A                                  	41	66
10:26:49  Zone: Zone1                    	87	57	30
10:26:49  Zone: Zone2                    	41	66	-25
10:27:47  Camera: Shop A                                  	44	70
10:27:59  Zone: Zone1                    	91	60	31
10:27:59  Zone: Zone2                    	44	70	-26
10:29:49  Camera: Shop A                                  	45	70
10:30:03  Zone: Zone1                    	91	61	30
10:30:03  Zone: Zone2                    	45	70	-25
10:30:03  Logging to daily summary: "10:30 62 43 20 27 41 -18"
10:30:03  Service running OK
10:30:50  Camera: Shop A                                  	45	75
10:30:55  Zone: Zone1                    	96	61	35
10:30:55  Zone: Zone2                    	45	75	-30
10:31:51  Camera: Shop A                                  	47	75
10:32:05  Zone: Zone1                    	96	63	33
10:32:05  Zone: Zone2                    	47	75	-28
10:33:54  Camera: Shop A                                  	47	76
10:34:09  Zone: Zone1                    	97	63	34
10:34:09  Zone: Zone2                    	47	76	-29
10:34:55  Camera: Shop A                                  	48	76
10:35:01  Zone: Zone1                    	97	64	33
10:35:01  Zone: Zone2                    	48	76	-28
10:36:21  Camera: Level 2 Lift                            	1	2
10:36:29  Zone: Zone1                    	98	66	32
10:37:58  Camera: Shop A                                  	53	80
10:37:58  Zone: Zone1                    	102	71	31
10:37:58  Zone: Zone2                    	53	80	-27
10:41:01  Camera: Shop A                                  	57	82
10:41:14  Zone: Zone1                    	104	75	29
10:41:14  Zone: Zone2                    	57	82	-25
10:42:02  Camera: Shop A                                  	60	87
10:42:06  Zone: Zone1                    	109	78	31
10:42:06  Zone: Zone2                    	60	87	-27
10:43:03  Camera: Shop A                                  	65	95
10:43:16  Zone: Zone1                    	117	83	34
10:43:16  Zone: Zone2                    	65	95	-30
10:44:04  Camera: Shop A                                  	65	99
10:44:08  Zone: Zone1                    	121	83	38
10:44:08  Zone: Zone2                    	65	99	-34
10:45:03  Service running OK
10:45:05  Camera: Shop A                                  	67	108
10:45:18  Zone: Zone1                    	130	85	45
10:45:18  Zone: Zone2                    	67	108	-41
10:46:07  Camera: Shop A                                  	67	111
10:46:10  Zone: Zone1                    	133	85	48
10:46:10  Zone: Zone2                    	67	111	-44
10:47:08  Camera: Shop A                                  	75	114
10:47:20  Zone: Zone1                    	136	93	43
10:47:20  Zone: Zone2                    	75	114	-39
10:48:09  Camera: Shop A                                  	81	117
10:48:12  Zone: Zone1                    	139	99	40
10:48:12  Zone: Zone2                    	81	117	-36
10:49:10  Camera: Shop A                                  	81	119
10:49:22  Zone: Zone1                    	141	99	42
10:49:22  Zone: Zone2                    	81	119	-38
10:50:11  Camera: Shop A                                  	90	128
10:50:14  Zone: Zone1                    	150	108	42
10:50:14  Zone: Zone2                    	90	128	-38
10:51:12  Camera: Shop A                                  	97	137
10:51:24  Zone: Zone1                    	159	115	44
10:51:24  Zone: Zone2                    	97	137	-40
10:52:13  Camera: Shop A                                  	108	143
10:52:16  Zone: Zone1                    	165	126	39
10:52:16  Zone: Zone2                    	108	143	-35
10:53:14  Camera: Shop A                                  	111	153
10:53:26  Zone: Zone1                    	175	129	46
10:53:26  Zone: Zone2                    	111	153	-42
10:54:15  Camera: Shop A                                  	117	155
10:54:18  Zone: Zone1                    	177	135	42
10:54:18  Zone: Zone2                    	117	155	-38
10:55:16  Camera: Shop A                                  	120	160
10:55:28  Zone: Zone1                    	182	138	44
10:55:28  Zone: Zone2                    	120	160	-40
10:56:17  Camera: Shop A                                  	128	167
10:56:20  Zone: Zone1                    	189	146	43
10:56:20  Zone: Zone2                    	128	167	-39
10:57:18  Camera: Shop A                                  	135	174
10:57:30  Zone: Zone1                    	196	153	43
10:57:30  Zone: Zone2                    	135	174	-39
10:58:19  Camera: Shop A                                  	141	174
10:58:22  Zone: Zone1                    	196	159	37
10:58:22  Zone: Zone2                    	141	174	-33
10:59:21  Camera: Shop A                                  	141	175
10:59:32  Zone: Zone1                    	197	159	38
10:59:32  Zone: Zone2                    	141	175	-34
11:00:09  Logging to daily summary: "11:00 106 98 37 96 105 -33"
11:00:09  Service running OK
11:00:22  Camera: Shop A                                  	142	175
11:00:24  Zone: Zone1                    	197	160	37
11:00:24  Zone: Zone2                    	142	175	-33
11:01:23  Camera: Shop A                                  	144	193
11:01:34  Zone: Zone1                    	215	162	53
11:01:34  Zone: Zone2                    	144	193	-49
11:02:24  Camera: Shop A                                  	149	193
11:02:26  Zone: Zone1                    	215	167	48
11:02:26  Zone: Zone2                    	149	193	-44
11:03:25  Camera: Shop A                                  	155	199
11:03:36  Zone: Zone1                    	221	173	48
11:03:36  Zone: Zone2                    	155	199	-44
11:04:26  Camera: Shop A                                  	157	203
11:04:28  Zone: Zone1                    	225	175	50
11:04:28  Zone: Zone2                    	157	203	-46
11:05:27  Camera: Shop A                                  	162	205
11:05:38  Zone: Zone1                    	227	180	47
11:05:38  Zone: Zone2                    	162	205	-43
11:06:28  Camera: Shop A                                  	167	207
11:06:31  Zone: Zone1                    	229	185	44
11:06:31  Zone: Zone2                    	167	207	-40
11:07:29  Camera: Shop A                                  	168	212
11:07:41  Zone: Zone1                    	234	186	48
11:07:41  Zone: Zone2                    	168	212	-44
11:08:30  Camera: Shop A                                  	173	214
11:08:33  Zone: Zone1                    	236	191	45
11:08:33  Zone: Zone2                    	173	214	-41
11:09:31  Camera: Shop A                                  	177	217
11:09:43  Zone: Zone1                    	239	195	44
11:09:43  Zone: Zone2                    	177	217	-40
11:10:32  Camera: Shop A                                  	178	221
11:10:35  Zone: Zone1                    	243	196	47
11:10:35  Zone: Zone2                    	178	221	-43
11:11:34  Camera: Shop A                                  	183	223
11:11:45  Zone: Zone1                    	245	201	44
11:11:45  Zone: Zone2                    	183	223	-40
11:12:35  Camera: Shop A                                  	186	230
11:12:37  Zone: Zone1                    	252	204	48
11:12:37  Zone: Zone2                    	186	230	-44
11:13:36  Camera: Shop A                                  	191	233
11:13:47  Zone: Zone1                    	255	209	46
11:13:47  Zone: Zone2                    	191	233	-42
11:14:37  Camera: Shop A                                  	196	244
11:14:39  Zone: Zone1                    	266	214	52
11:14:39  Zone: Zone2                    	196	244	-48
11:15:16  Service running OK
11:15:38  Camera: Shop A                                  	200	250
11:15:49  Zone: Zone1                    	272	218	54
11:15:49  Zone: Zone2                    	200	250	-50
11:16:39  Camera: Shop A                                  	208	253
11:16:41  Zone: Zone1                    	275	226	49
11:16:41  Zone: Zone2                    	208	253	-45
11:18:41  Camera: Shop A                                  	208	255
11:18:45  Zone: Zone1                    	277	226	51
11:18:45  Zone: Zone2                    	208	255	-47
11:19:42  Camera: Shop A                                  	210	257
11:19:55  Zone: Zone1                    	279	228	51
11:19:55  Zone: Zone2                    	210	257	-47
11:20:43  Camera: Shop A                                  	211	257
11:20:47  Zone: Zone1                    	279	229	50
11:20:47  Zone: Zone2                    	211	257	-46
11:21:44  Camera: Shop A                                  	218	269
11:21:57  Zone: Zone1                    	291	236	55
11:21:57  Zone: Zone2                    	218	269	-51
11:22:45  Camera: Shop A                                  	225	272
11:22:49  Zone: Zone1                    	294	243	51
11:22:49  Zone: Zone2                    	225	272	-47
11:24:48  Camera: Shop A                                  	225	274
11:24:53  Zone: Zone1                    	296	243	53
11:24:53  Zone: Zone2                    	225	274	-49
11:25:49  Camera: Shop A                                  	233	282
11:26:03  Zone: Zone1                    	304	251	53
11:26:03  Zone: Zone2                    	233	282	-49
11:26:50  Camera: Shop A                                  	234	282
11:26:55  Zone: Zone1                    	304	252	52
11:26:55  Zone: Zone2                    	234	282	-48
11:27:51  Camera: Shop A                                  	237	289
11:28:05  Zone: Zone1                    	311	255	56
11:28:05  Zone: Zone2                    	237	289	-52
11:28:52  Camera: Shop A                                  	246	293
11:28:57  Zone: Zone1                    	315	264	51
11:28:57  Zone: Zone2                    	246	293	-47
11:29:53  Camera: Shop A                                  	248	293
11:30:07  Zone: Zone1                    	315	266	49
11:30:07  Zone: Zone2                    	248	293	-45
11:30:07  Logging to daily summary: "11:30 118 107 49 107 118 -45"
11:30:07  Service running OK
11:30:17  Camera: Level 2 Main Entry                      	0	1
11:30:23  Zone: Zone1                    	315	267	48
11:30:54  Camera: Shop A                                  	252	302
11:30:57  Zone: Zone1                    	324	271	53
11:30:57  Zone: Zone2                    	252	302	-50
11:31:18  Camera: Level 2 Main Entry                      	1	1
11:31:31  Zone: Zone1                    	325	271	54
11:31:55  Camera: Shop A                                  	254	307
11:32:05  Zone: Zone1                    	330	273	57
11:32:05  Zone: Zone2                    	254	307	-53
11:32:56  Camera: Shop A                                  	265	308
11:32:57  Zone: Zone1                    	331	284	47
11:32:57  Zone: Zone2                    	265	308	-43
11:33:57  Camera: Shop A                                  	266	308
11:34:07  Zone: Zone1                    	331	285	46
11:34:07  Zone: Zone2                    	266	308	-42
11:34:58  Camera: Shop A                                  	270	311
11:34:59  Zone: Zone1                    	334	289	45
11:34:59  Zone: Zone2                    	270	311	-41
11:35:59  Camera: Shop A                                  	275	315
11:36:09  Zone: Zone1                    	338	294	44
11:36:09  Zone: Zone2                    	275	315	-40
11:37:00  Camera: Shop A                                  	277	319
11:37:01  Zone: Zone1                    	342	296	46
11:37:01  Zone: Zone2                    	277	319	-42
11:38:02  Camera: Shop A                                  	279	324
11:38:11  Zone: Zone1                    	347	298	49
11:38:11  Zone: Zone2                    	279	324	-45
11:40:04  Camera: Shop A                                  	280	326
11:40:15  Zone: Zone1                    	349	299	50
11:40:15  Zone: Zone2                    	280	326	-46
11:41:05  Camera: Shop A                                  	281	328
11:41:07  Zone: Zone1                    	351	300	51
11:41:07  Zone: Zone2                    	281	328	-47
11:42:06  Camera: Shop A                                  	283	334
11:42:17  Zone: Zone1                    	357	302	55
11:42:17  Zone: Zone2                    	283	334	-51
11:43:07  Camera: Shop A                                  	283	336
11:43:09  Zone: Zone1                    	359	302	57
11:43:09  Zone: Zone2                    	283	336	-53
11:44:08  Camera: Shop A                                  	286	337
11:44:19  Zone: Zone1                    	360	305	55
11:44:19  Zone: Zone2                    	286	337	-51
11:45:14  Service running OK
11:46:10  Camera: Shop A                                  	290	337
11:46:23  Zone: Zone1                    	360	309	51
11:46:23  Zone: Zone2                    	290	337	-47
11:47:11  Camera: Shop A                                  	296	337
11:47:15  Zone: Zone1                    	360	315	45
11:47:15  Zone: Zone2                    	296	337	-41
11:48:12  Camera: Shop A                                  	296	351
11:48:25  Zone: Zone1                    	374	315	59
11:48:25  Zone: Zone2                    	296	351	-55
11:49:13  Camera: Shop A                                  	303	355
11:49:17  Zone: Zone1                    	378	322	56
11:49:17  Zone: Zone2                    	303	355	-52
11:50:15  Camera: Shop A                                  	305	359
11:50:27  Zone: Zone1                    	382	324	58
11:50:27  Zone: Zone2                    	305	359	-54
11:51:16  Camera: Shop A                                  	311	366
11:51:19  Zone: Zone1                    	389	330	59
11:51:19  Zone: Zone2                    	311	366	-55
11:52:17  Camera: Shop A                                  	315	373
11:52:29  Zone: Zone1                    	396	334	62
11:52:29  Zone: Zone2                    	315	373	-58
11:53:18  Camera: Shop A                                  	325	374
11:53:21  Zone: Zone1                    	397	344	53
11:53:21  Zone: Zone2                    	325	374	-49
11:54:19  Camera: Shop A                                  	331	383
11:54:31  Zone: Zone1                    	406	350	56
11:54:31  Zone: Zone2                    	331	383	-52
11:55:20  Camera: Shop A                                  	335	392
11:55:23  Zone: Zone1                    	415	354	61
11:55:23  Zone: Zone2                    	335	392	-57
11:56:21  Camera: Shop A                                  	352	393
11:56:33  Zone: Zone1                    	416	371	45
11:56:33  Zone: Zone2                    	352	393	-41
11:57:22  Camera: Shop A                                  	356	396
11:57:25  Zone: Zone1                    	419	375	44
11:57:25  Zone: Zone2                    	356	396	-40
11:58:23  Camera: Shop A                                  	359	399
11:58:35  Zone: Zone1                    	422	378	44
11:58:35  Zone: Zone2                    	359	399	-40
11:59:24  Camera: Shop A                                  	364	401
11:59:27  Zone: Zone1                    	424	383	41
11:59:27  Zone: Zone2                    	364	401	-37
12:00:04  Logging to daily summary: "12:00 109 117 51 116 108 -47"
12:00:04  Service running OK
12:00:25  Camera: Shop A                                  	364	402
12:00:37  Zone: Zone1                    	425	383	42
12:00:37  Zone: Zone2                    	364	402	-38
12:01:26  Camera: Shop A                                  	365	409
12:01:29  Zone: Zone1                    	432	384	48
12:01:29  Zone: Zone2                    	365	409	-44
12:02:27  Camera: Shop A                                  	370	411
12:02:39  Zone: Zone1                    	434	389	45
12:02:39  Zone: Zone2                    	370	411	-41
12:03:29  Camera: Shop A                                  	380	414
12:03:31  Zone: Zone1                    	437	399	38
12:03:31  Zone: Zone2                    	380	414	-34
12:04:30  Camera: Shop A                                  	389	424
12:04:41  Zone: Zone1                    	447	408	39
12:04:41  Zone: Zone2                    	389	424	-35
12:05:31  Camera: Shop A                                  	393	433
12:05:33  Zone: Zone1                    	456	412	44
12:05:33  Zone: Zone2                    	393	433	-40
12:06:32  Camera: Shop A                                  	402	433
12:06:43  Zone: Zone1                    	456	421	35
12:06:43  Zone: Zone2                    	402	433	-31
12:07:33  Camera: Shop A                                  	407	438
12:07:35  Zone: Zone1                    	461	426	35
12:07:35  Zone: Zone2                    	407	438	-31
12:08:34  Camera: Shop A                                  	412	444
12:08:45  Zone: Zone1                    	467	431	36
12:08:45  Zone: Zone2                    	412	444	-32
12:09:35  Camera: Shop A                                  	430	449
12:09:37  Zone: Zone1                    	472	449	23
12:09:37  Zone: Zone2                    	430	449	-19
12:10:36  Camera: Shop A                                  	437	459
12:10:47  Zone: Zone1                    	482	456	26
12:10:47  Zone: Zone2                    	437	459	-22
12:11:37  Camera: Shop A                                  	441	462
12:11:39  Zone: Zone1                    	485	460	25
12:11:39  Zone: Zone2                    	441	462	-21
12:12:38  Camera: Shop A                                  	451	467
12:12:49  Zone: Zone1                    	490	470	20
12:12:49  Zone: Zone2                    	451	467	-16
12:13:39  Camera: Shop A                                  	456	469
12:13:41  Zone: Zone1                    	492	475	17
12:13:41  Zone: Zone2                    	456	469	-13
12:14:40  Camera: Shop A                                  	458	482
12:14:51  Zone: Zone1                    	505	477	28
12:14:51  Zone: Zone2                    	458	482	-24
12:15:10  Service running OK
12:15:41  Camera: Shop A                                  	463	482
12:15:43  Zone: Zone1                    	505	482	23
12:15:43  Zone: Zone2                    	463	482	-19
12:16:43  Camera: Shop A                                  	467	486
12:16:53  Zone: Zone1                    	509	486	23
12:16:53  Zone: Zone2                    	467	486	-19
12:17:44  Camera: Shop A                                  	476	487
12:17:45  Zone: Zone1                    	510	495	15
12:17:45  Zone: Zone2                    	476	487	-11
12:18:45  Camera: Shop A                                  	477	489
12:18:55  Zone: Zone1                    	512	496	16
12:18:55  Zone: Zone2                    	477	489	-12
12:19:46  Camera: Shop A                                  	479	492
12:19:47  Zone: Zone1                    	515	498	17
12:19:47  Zone: Zone2                    	479	492	-13
12:20:47  Camera: Shop A                                  	481	498
12:20:57  Zone: Zone1                    	521	500	21
12:20:57  Zone: Zone2                    	481	498	-17
12:21:48  Camera: Shop A                                  	486	500
12:21:49  Zone: Zone1                    	523	505	18
12:21:49  Zone: Zone2                    	486	500	-14
12:22:49  Camera: Shop A                                  	486	501
12:22:59  Zone: Zone1                    	524	505	19
12:22:59  Zone: Zone2                    	486	501	-15
12:23:50  Camera: Shop A                                  	489	502
12:23:51  Zone: Zone1                    	525	508	17
12:23:51  Zone: Zone2                    	489	502	-13
12:24:51  Camera: Shop A                                  	493	509
12:25:01  Zone: Zone1                    	532	512	20
12:25:01  Zone: Zone2                    	493	509	-16
12:25:52  Camera: Shop A                                  	496	509
12:25:53  Zone: Zone1                    	532	515	17
12:25:53  Zone: Zone2                    	496	509	-13
12:26:53  Camera: Shop A                                  	498	513
12:27:03  Zone: Zone1                    	536	517	19
12:27:03  Zone: Zone2                    	498	513	-15
12:27:54  Camera: Shop A                                  	501	517
12:27:55  Zone: Zone1                    	540	520	20
12:27:55  Zone: Zone2                    	501	517	-16
12:28:55  Camera: Shop A                                  	505	517
12:29:05  Zone: Zone1                    	540	524	16
12:29:05  Zone: Zone2                    	505	517	-12
12:29:57  Camera: Shop A                                  	510	520
12:29:57  Zone: Zone1                    	543	529	14
12:29:57  Zone: Zone2                    	510	520	-10
12:30:16  Logging to daily summary: "12:30 119 146 25 146 119 -21"
12:30:16  Service running OK
12:30:58  Camera: Shop A                                  	510	522
12:31:07  Zone: Zone1                    	545	529	16
12:31:07  Zone: Zone2                    	510	522	-12
12:31:59  Camera: Shop A                                  	511	532
12:31:59  Zone: Zone1                    	555	530	25
12:31:59  Zone: Zone2                    	511	532	-21
12:33:00  Camera: Shop A                                  	514	534
12:33:09  Zone: Zone1                    	557	533	24
12:33:09  Zone: Zone2                    	514	534	-20
12:34:01  Camera: Shop A                                  	523	537
12:34:01  Zone: Zone1                    	560	542	18
12:34:01  Zone: Zone2                    	523	537	-14
12:35:02  Camera: Shop A                                  	531	537
12:35:11  Zone: Zone1                    	560	550	10
12:35:11  Zone: Zone2                    	531	537	-6
12:36:03  Camera: Shop A                                  	533	547
12:36:03  Zone: Zone1                    	570	552	18
12:36:03  Zone: Zone2                    	533	547	-14
12:37:04  Camera: Shop A                                  	541	549
12:37:13  Zone: Zone1                    	572	560	12
12:37:13  Zone: Zone2                    	541	549	-8
12:38:05  Camera: Shop A                                  	541	553
12:38:05  Zone: Zone1                    	576	560	16
12:38:05  Zone: Zone2                    	541	553	-12
12:39:06  Camera: Shop A                                  	545	556
12:39:15  Zone: Zone1                    	579	564	15
12:39:15  Zone: Zone2                    	545	556	-11
12:40:07  Camera: Shop A                                  	545	560
12:40:07  Zone: Zone1                    	583	564	19
12:40:07  Zone: Zone2                    	545	560	-15
12:41:08  Camera: Shop A                                  	549	560
12:41:17  Zone: Zone1                    	583	568	15
12:41:17  Zone: Zone2                    	549	560	-11
12:42:10  Camera: Shop A                                  	549	564
12:42:10  Zone: Zone1                    	587	568	19
12:42:10  Zone: Zone2                    	549	564	-15
12:43:11  Camera: Shop A                                  	554	567
12:43:19  Zone: Zone1                    	590	573	17
12:43:19  Zone: Zone2                    	554	567	-13
12:44:12  Camera: Shop A                                  	556	569
12:44:12  Zone: Zone1                    	592	575	17
12:44:12  Zone: Zone2                    	556	569	-13
12:45:06  Service running OK
12:45:13  Camera: Shop A                                  	556	571
12:45:21  Zone: Zone1                    	594	575	19
12:45:21  Zone: Zone2                    	556	571	-15
12:46:14  Camera: Shop A                                  	561	577
12:46:14  Zone: Zone1                    	600	580	20
12:46:14  Zone: Zone2                    	561	577	-16
12:47:15  Camera: Shop A                                  	562	578
12:47:24  Zone: Zone1                    	601	581	20
12:47:24  Zone: Zone2                    	562	578	-16
12:48:16  Camera: Shop A                                  	562	582
12:48:16  Zone: Zone1                    	605	581	24
12:48:16  Zone: Zone2                    	562	582	-20
12:49:17  Camera: Shop A                                  	568	582
12:49:26  Zone: Zone1                    	605	587	18
12:49:26  Zone: Zone2                    	568	582	-14
12:50:18  Camera: Shop A                                  	571	582
12:50:18  Zone: Zone1                    	605	590	15
12:50:18  Zone: Zone2                    	571	582	-11
12:51:19  Camera: Shop A                                  	572	584
12:51:28  Zone: Zone1                    	607	591	16
12:51:28  Zone: Zone2                    	572	584	-12
12:52:20  Camera: Shop A                                  	573	587
12:52:20  Zone: Zone1                    	610	592	18
12:52:20  Zone: Zone2                    	573	587	-14
12:53:21  Camera: Shop A                                  	578	591
12:53:30  Zone: Zone1                    	614	597	17
12:53:30  Zone: Zone2                    	578	591	-13
12:54:22  Camera: Shop A                                  	581	591
12:54:23  Zone: Zone1                    	614	600	14
12:54:23  Zone: Zone2                    	581	591	-10
12:55:24  Camera: Shop A                                  	584	593
12:55:32  Zone: Zone1                    	616	603	13
12:55:32  Zone: Zone2                    	584	593	-9
12:56:25  Camera: Shop A                                  	590	601
12:56:25  Zone: Zone1                    	624	609	15
12:56:25  Zone: Zone2                    	590	601	-11
12:57:26  Camera: Shop A                                  	595	607
12:57:34  Zone: Zone1                    	630	614	16
12:57:34  Zone: Zone2                    	595	607	-12
12:58:27  Camera: Shop A                                  	599	615
12:58:27  Zone: Zone1                    	638	618	20
12:58:27  Zone: Zone2                    	599	615	-16
12:59:28  Camera: Shop A                                  	604	617
12:59:36  Zone: Zone1                    	640	623	17
12:59:36  Zone: Zone2                    	604	617	-13
13:00:13  Logging to daily summary: "13:00 97 94 17 94 97 -13"
13:00:13  Service running OK
13:00:29  Camera: Shop A                                  	605	617
13:00:29  Zone: Zone1                    	640	624	16
13:00:29  Zone: Zone2                    	605	617	-12
13:01:30  Camera: Shop A                                  	608	620
13:01:39  Zone: Zone1                    	643	627	16
13:01:39  Zone: Zone2                    	608	620	-12
13:02:31  Camera: Shop A                                  	613	622
13:02:31  Zone: Zone1                    	645	632	13
13:02:31  Zone: Zone2                    	613	622	-9
13:03:32  Camera: Shop A                                  	615	623
13:03:41  Zone: Zone1                    	646	634	12
13:03:41  Zone: Zone2                    	615	623	-8
13:04:33  Camera: Shop A                                  	617	623
13:04:33  Zone: Zone1                    	646	636	10
13:04:33  Zone: Zone2                    	617	623	-6
13:05:34  Camera: Shop A                                  	619	623
13:05:43  Zone: Zone1                    	646	638	8
13:05:43  Zone: Zone2                    	619	623	-4
13:06:35  Camera: Shop A                                  	619	625
13:06:36  Zone: Zone1                    	648	638	10
13:06:36  Zone: Zone2                    	619	625	-6
13:07:36  Camera: Shop A                                  	621	625
13:07:45  Zone: Zone1                    	648	640	8
13:07:45  Zone: Zone2                    	621	625	-4
13:09:39  Camera: Shop A                                  	621	627
13:09:49  Zone: Zone1                    	650	640	10
13:09:49  Zone: Zone2                    	621	627	-6
13:10:40  Camera: Shop A                                  	622	637
13:10:41  Zone: Zone1                    	660	641	19
13:10:41  Zone: Zone2                    	622	637	-15
13:11:41  Camera: Shop A                                  	627	641
13:11:51  Zone: Zone1                    	664	646	18
13:11:51  Zone: Zone2                    	627	641	-14
13:12:42  Camera: Shop A                                  	635	641
13:12:43  Zone: Zone1                    	664	654	10
13:12:43  Zone: Zone2                    	635	641	-6
13:13:43  Camera: Shop A                                  	635	643
13:13:53  Zone: Zone1                    	666	654	12
13:13:53  Zone: Zone2                    	635	643	-8
13:14:44  Camera: Shop A                                  	638	643
13:14:45  Zone: Zone1                    	666	657	9
13:14:45  Zone: Zone2                    	638	643	-5
13:15:04  Service running OK
13:15:45  Camera: Shop A                                  	640	649
13:15:55  Zone: Zone1                    	672	659	13
13:15:55  Zone: Zone2                    	640	649	-9
13:16:46  Camera: Shop A                                  	646	650
13:16:47  Zone: Zone1                    	673	665	8
13:16:47  Zone: Zone2                    	646	650	-4
13:17:47  Camera: Shop A                                  	651	653
13:17:57  Zone: Zone1                    	676	670	6
13:17:57  Zone: Zone2                    	651	653	-2
13:18:48  Camera: Shop A                                  	656	658
13:18:49  Zone: Zone1                    	681	675	6
13:18:49  Zone: Zone2                    	656	658	-2
13:19:49  Camera: Shop A                                  	659	663
13:19:59  Zone: Zone1                    	686	678	8
13:19:59  Zone: Zone2                    	659	663	-4
13:20:50  Camera: Shop A                                  	667	671
13:20:51  Zone: Zone1                    	694	686	8
13:20:51  Zone: Zone2                    	667	671	-4
13:21:52  Camera: Shop A                                  	670	675
13:22:01  Zone: Zone1                    	698	689	9
13:22:01  Zone: Zone2                    	670	675	-5
13:22:53  Camera: Shop A                                  	679	679
13:22:53  Zone: Zone1                    	702	698	4
13:22:53  Zone: Zone2                    	679	679	0
13:23:54  Camera: Shop A                                  	679	681
13:24:03  Zone: Zone1                    	704	698	6
13:24:03  Zone: Zone2                    	679	681	-2
13:24:55  Camera: Shop A                                  	682	682
13:24:55  Zone: Zone1                    	705	701	4
13:24:55  Zone: Zone2                    	682	682	0
13:25:56  Camera: Shop A                                  	684	683
13:26:05  Zone: Zone1                    	706	703	3
13:26:05  Zone: Zone2                    	684	683	1
13:27:58  Camera: Shop A                                  	692	687
13:28:09  Zone: Zone1                    	710	711	-1
13:28:09  Zone: Zone2                    	692	687	5
13:28:59  Camera: Shop A                                  	696	687
13:29:01  Zone: Zone1                    	710	715	-5
13:29:01  Zone: Zone2                    	696	687	9
13:30:00  Camera: Shop A                                  	696	692
13:30:11  Zone: Zone1                    	715	715	0
13:30:11  Zone: Zone2                    	696	692	4
13:30:11  Logging to daily summary: "13:30 75 92 8 92 75 -4"
13:30:11  Service running OK
13:31:01  Camera: Shop A                                  	699	698
13:31:03  Zone: Zone1                    	721	718	3
13:31:03  Zone: Zone2                    	699	698	1
13:32:02  Camera: Shop A                                  	701	703
13:32:13  Zone: Zone1                    	726	720	6
13:32:13  Zone: Zone2                    	701	703	-2
13:33:03  Camera: Shop A                                  	708	704
13:33:05  Zone: Zone1                    	727	727	0
13:33:05  Zone: Zone2                    	708	704	4
13:34:04  Camera: Shop A                                  	711	711
13:34:15  Zone: Zone1                    	734	730	4
13:34:15  Zone: Zone2                    	711	711	0
13:35:06  Camera: Shop A                                  	711	712
13:35:07  Zone: Zone1                    	735	730	5
13:35:07  Zone: Zone2                    	711	712	-1
13:36:07  Camera: Shop A                                  	716	715
13:36:17  Zone: Zone1                    	738	735	3
13:36:17  Zone: Zone2                    	716	715	1
13:37:08  Camera: Shop A                                  	717	721
13:37:09  Zone: Zone1                    	744	736	8
13:37:09  Zone: Zone2                    	717	721	-4
13:38:09  Camera: Shop A                                  	723	728
13:38:19  Zone: Zone1                    	751	742	9
13:38:19  Zone: Zone2                    	723	728	-5
13:39:10  Camera: Shop A                                  	725	728
13:39:11  Zone: Zone1                    	751	744	7
13:39:11  Zone: Zone2                    	725	728	-3
13:40:11  Camera: Shop A                                  	727	730
13:40:21  Zone: Zone1                    	753	746	7
13:40:21  Zone: Zone2                    	727	730	-3
13:41:12  Camera: Shop A                                  	728	732
13:41:13  Zone: Zone1                    	755	747	8
13:41:13  Zone: Zone2                    	728	732	-4
13:42:13  Camera: Shop A                                  	729	734
13:42:23  Zone: Zone1                    	757	748	9
13:42:23  Zone: Zone2                    	729	734	-5
13:43:14  Camera: Shop A                                  	731	746
13:43:15  Zone: Zone1                    	769	750	19
13:43:15  Zone: Zone2                    	731	746	-15
13:44:15  Camera: Shop A                                  	740	748
13:44:19  Camera: Level 1 Science Centre Entry 2          	10	11
13:44:25  Zone: Zone1                    	771	760	11
13:44:25  Zone: Zone2                    	740	748	-8
13:45:00  Service running OK
13:45:16  Camera: Shop A                                  	743	759
13:45:16  Zone: Zone1                    	782	763	19
13:45:16  Zone: Zone2                    	743	759	-16
13:46:17  Camera: Shop A                                  	745	761
13:46:26  Zone: Zone1                    	784	765	19
13:46:26  Zone: Zone2                    	745	761	-16
13:47:19  Camera: Shop A                                  	750	770
13:47:19  Zone: Zone1                    	793	770	23
13:47:19  Zone: Zone2                    	750	770	-20
13:48:20  Camera: Shop A                                  	755	774
13:48:28  Zone: Zone1                    	797	775	22
13:48:28  Zone: Zone2                    	755	774	-19
13:49:21  Camera: Shop A                                  	759	774
13:49:21  Zone: Zone1                    	797	779	18
13:49:21  Zone: Zone2                    	759	774	-15
13:50:22  Camera: Shop A                                  	760	774
13:50:30  Zone: Zone1                    	797	780	17
13:50:30  Zone: Zone2                    	760	774	-14
13:51:23  Camera: Shop A                                  	760	777
13:51:23  Zone: Zone1                    	800	780	20
13:51:23  Zone: Zone2                    	760	777	-17
13:52:24  Camera: Shop A                                  	766	778
13:52:32  Zone: Zone1                    	801	786	15
13:52:32  Zone: Zone2                    	766	778	-12
13:53:25  Camera: Shop A                                  	767	782
13:53:25  Zone: Zone1                    	805	787	18
13:53:25  Zone: Zone2                    	767	782	-15
13:54:26  Camera: Shop A                                  	777	786
13:54:35  Zone: Zone1                    	809	797	12
13:54:35  Zone: Zone2                    	777	786	-9
13:55:27  Camera: Shop A                                  	783	792
13:55:27  Zone: Zone1                    	815	803	12
13:55:27  Zone: Zone2                    	783	792	-9
13:56:28  Camera: Shop A                                  	788	793
13:56:39  Zone: Zone1                    	816	808	8
13:56:39  Zone: Zone2                    	788	793	-5
13:57:29  Camera: Shop A                                  	795	808
13:57:31  Zone: Zone1                    	831	815	16
13:57:31  Zone: Zone2                    	795	808	-13
13:58:30  Camera: Shop A                                  	798	815
13:58:41  Zone: Zone1                    	838	818	20
13:58:41  Zone: Zone2                    	798	815	-17
13:59:31  Camera: Shop A                                  	809	818
13:59:33  Zone: Zone1                    	841	829	12
13:59:33  Zone: Zone2                    	809	818	-9
14:00:10  Logging to daily summary: "14:00 126 114 11 113 126 -8"
14:00:10  Service running OK
14:00:33  Camera: Shop A                                  	812	822
14:00:43  Zone: Zone1                    	845	832	13
14:00:43  Zone: Zone2                    	812	822	-10
14:01:34  Camera: Shop A                                  	812	823
14:01:35  Zone: Zone1                    	846	832	14
14:01:35  Zone: Zone2                    	812	823	-11
14:02:35  Camera: Shop A                                  	815	827
14:02:45  Zone: Zone1                    	850	835	15
14:02:45  Zone: Zone2                    	815	827	-12
14:03:36  Camera: Shop A                                  	822	834
14:03:37  Zone: Zone1                    	857	842	15
14:03:37  Zone: Zone2                    	822	834	-12
14:04:23  Camera: Level 1 Science Centre Entry 1          	30	7
14:04:29  Zone: Zone1                    	876	843	33
14:04:37  Camera: Shop A                                  	825	837
14:04:45  Zone: Zone1                    	879	846	33
14:04:45  Zone: Zone2                    	825	837	-12
14:05:38  Camera: Shop A                                  	828	838
14:05:38  Zone: Zone1                    	880	849	31
14:05:38  Zone: Zone2                    	828	838	-10
14:06:39  Camera: Shop A                                  	830	844
14:06:48  Zone: Zone1                    	886	851	35
14:06:48  Zone: Zone2                    	830	844	-14
14:07:26  Camera: Level 1 Science Centre Entry 1          	31	9
14:07:40  Camera: Shop A                                  	842	852
14:07:40  Zone: Zone1                    	895	865	30
14:07:40  Zone: Zone2                    	842	852	-10
14:08:06  Camera: Level 2 Lift                            	1	4
14:08:12  Zone: Zone1                    	895	867	28
14:08:41  Camera: Shop A                                  	846	852
14:08:45  Zone: Zone1                    	895	871	24
14:08:45  Zone: Zone2                    	846	852	-6
14:09:42  Camera: Shop A                                  	848	858
14:09:55  Zone: Zone1                    	901	873	28
14:09:55  Zone: Zone2                    	848	858	-10
14:10:43  Camera: Shop A                                  	850	862
14:10:47  Zone: Zone1                    	905	875	30
14:10:47  Zone: Zone2                    	850	862	-12
14:11:44  Camera: Shop A                                  	856	864
14:11:57  Zone: Zone1                    	907	881	26
14:11:57  Zone: Zone2                    	856	864	-8
14:12:46  Camera: Shop A                                  	856	866
14:12:49  Zone: Zone1                    	909	881	28
14:12:49  Zone: Zone2                    	856	866	-10
14:13:47  Camera: Shop A                                  	858	867
14:13:59  Zone: Zone1                    	910	883	27
14:13:59  Zone: Zone2                    	858	867	-9
14:14:48  Camera: Shop A                                  	859	869
14:14:51  Zone: Zone1                    	912	884	28
14:14:51  Zone: Zone2                    	859	869	-10
14:15:10  Service running OK
14:15:49  Camera: Shop A                                  	865	874
14:16:01  Zone: Zone1                    	917	890	27
14:16:01  Zone: Zone2                    	865	874	-9
14:16:50  Camera: Shop A                                  	867	876
14:16:53  Zone: Zone1                    	919	892	27
14:16:53  Zone: Zone2                    	867	876	-9
14:16:54  Camera: Level 1 Science Centre Entry 2          	10	13
14:17:09  Zone: Zone1                    	919	894	25
14:17:51  Camera: Shop A                                  	870	879
14:18:01  Zone: Zone1                    	922	897	25
14:18:01  Zone: Zone2                    	870	879	-9
14:18:52  Camera: Shop A                                  	875	883
14:18:53  Zone: Zone1                    	926	902	24
14:18:53  Zone: Zone2                    	875	883	-8
14:19:53  Camera: Shop A                                  	876	883
14:20:03  Zone: Zone1                    	926	903	23
14:20:03  Zone: Zone2                    	876	883	-7
14:20:54  Camera: Shop A                                  	880	885
14:20:55  Zone: Zone1                    	928	907	21
14:20:55  Zone: Zone2                    	880	885	-5
14:21:55  Camera: Shop A                                  	880	894
14:22:06  Zone: Zone1                    	937	907	30
14:22:06  Zone: Zone2                    	880	894	-14
14:22:19  Camera: Level 2 Main Entry                      	1	2
14:22:21  Zone: Zone1                    	937	908	29
14:22:57  Camera: Shop A                                  	883	894
14:22:57  Zone: Zone1                    	937	911	26
14:22:57  Zone: Zone2                    	883	894	-11
14:23:20  Camera: Level 2 Main Entry                      	2	2
14:23:30  Zone: Zone1                    	938	911	27
14:23:58  Camera: Shop A                                  	885	903
14:24:04  Zone: Zone1                    	947	913	34
14:24:04  Zone: Zone2                    	885	903	-18
14:24:21  Camera: Level 2 Main Entry                      	3	2
14:24:21  Zone: Zone1                    	948	913	35
14:24:59  Camera: Shop A                                  	889	910
14:25:13  Zone: Zone1                    	955	917	38
14:25:13  Zone: Zone2                    	889	910	-21
14:26:00  Camera: Shop A                                  	891	910
14:26:05  Zone: Zone1                    	955	919	36
14:26:05  Zone: Zone2                    	891	910	-19
14:27:01  Camera: Shop A                                  	896	914
14:27:15  Zone: Zone1                    	959	924	35
14:27:15  Zone: Zone2                    	896	914	-18
14:28:02  Camera: Shop A                                  	897	918
14:28:07  Zone: Zone1                    	963	925	38
14:28:07  Zone: Zone2                    	897	918	-21
14:29:03  Camera: Shop A                                  	898	921
14:29:17  Zone: Zone1                    	966	926	40
14:29:17  Zone: Zone2                    	898	921	-23
14:30:04  Camera: Shop A                                  	905	925
14:30:09  Zone: Zone1                    	970	933	37
14:30:09  Zone: Zone2                    	905	925	-20
14:30:09  Logging to daily summary: "14:30 129 104 27 96 107 -12"
14:30:09  Service running OK
14:31:05  Camera: Shop A                                  	905	926
14:31:19  Zone: Zone1                    	971	933	38
14:31:19  Zone: Zone2                    	905	926	-21
14:32:06  Camera: Shop A                                  	911	929
14:32:11  Zone: Zone1                    	974	939	35
14:32:11  Zone: Zone2                    	911	929	-18
14:33:07  Camera: Shop A                                  	918	932
14:33:21  Zone: Zone1                    	977	946	31
14:33:21  Zone: Zone2                    	918	932	-14
14:34:08  Camera: Shop A                                  	920	934
14:34:13  Zone: Zone1                    	979	948	31
14:34:13  Zone: Zone2                    	920	934	-14
14:35:10  Camera: Shop A                                  	924	934
14:35:23  Zone: Zone1                    	979	952	27
14:35:23  Zone: Zone2                    	924	934	-10
14:36:11  Camera: Shop A                                  	926	934
14:36:15  Zone: Zone1                    	979	954	25
14:36:15  Zone: Zone2                    	926	934	-8
14:37:12  Camera: Shop A                                  	926	937
14:37:25  Zone: Zone1                    	982	954	28
14:37:25  Zone: Zone2                    	926	937	-11
14:38:13  Camera: Shop A                                  	928	937
14:38:17  Zone: Zone1                    	982	956	26
14:38:17  Zone: Zone2                    	928	937	-9
14:39:14  Camera: Shop A                                  	928	939
14:39:27  Zone: Zone1                    	984	956	28
14:39:27  Zone: Zone2                    	928	939	-11
14:40:15  Camera: Shop A                                  	931	942
14:40:19  Zone: Zone1                    	987	959	28
14:40:19  Zone: Zone2                    	931	942	-11
14:41:16  Camera: Shop A                                  	931	944
14:41:29  Zone: Zone1                    	989	959	30
14:41:29  Zone: Zone2                    	931	944	-13
14:42:17  Camera: Shop A                                  	935	951
14:42:21  Zone: Zone1                    	996	963	33
14:42:21  Zone: Zone2                    	935	951	-16
14:43:18  Camera: Shop A                                  	937	956
14:43:31  Zone: Zone1                    	1001	965	36
14:43:31  Zone: Zone2                    	937	956	-19
14:44:19  Camera: Shop A                                  	941	961
14:44:23  Zone: Zone1                    	1006	969	37
14:44:23  Zone: Zone2                    	941	961	-20
14:45:00  Service running OK
14:46:21  Camera: Shop A                                  	944	961
14:46:27  Zone: Zone1                    	1006	972	34
14:46:27  Zone: Zone2                    	944	961	-17
14:47:23  Camera: Shop A                                  	952	964
14:47:37  Zone: Zone1                    	1009	980	29
14:47:37  Zone: Zone2                    	952	964	-12
14:48:24  Camera: Shop A                                  	955	969
14:48:29  Zone: Zone1                    	1014	983	31
14:48:29  Zone: Zone2                    	955	969	-14
14:49:25  Camera: Shop A                                  	958	973
14:49:39  Zone: Zone1                    	1018	986	32
14:49:39  Zone: Zone2                    	958	973	-15
14:50:26  Camera: Shop A                                  	960	975
14:50:31  Zone: Zone1                    	1020	988	32
14:50:31  Zone: Zone2                    	960	975	-15
14:51:27  Camera: Shop A                                  	962	984
14:51:41  Zone: Zone1                    	1029	990	39
14:51:41  Zone: Zone2                    	962	984	-22
14:53:29  Camera: Shop A                                  	962	985
14:53:29  Zone: Zone1                    	1030	990	40
14:53:29  Zone: Zone2                    	962	985	-23
14:54:30  Camera: Shop A                                  	970	990
14:54:39  Zone: Zone1                    	1035	998	37
14:54:39  Zone: Zone2                    	970	990	-20
14:55:31  Camera: Shop A                                  	970	996
14:55:31  Zone: Zone1                    	1041	998	43
14:55:31  Zone: Zone2                    	970	996	-26
14:56:32  Camera: Shop A                                  	974	999
14:56:41  Zone: Zone1                    	1044	1002	42
14:56:41  Zone: Zone2                    	974	999	-25
14:57:33  Camera: Shop A                                  	978	999
14:57:33  Zone: Zone1                    	1044	1006	38
14:57:33  Zone: Zone2                    	978	999	-21
14:58:34  Camera: Shop A                                  	982	1002
14:58:43  Zone: Zone1                    	1047	1010	37
14:58:43  Zone: Zone2                    	982	1002	-20
14:59:35  Camera: Shop A                                  	983	1005
14:59:36  Zone: Zone1                    	1050	1011	39
14:59:36  Zone: Zone2                    	983	1005	-22
15:00:13  Logging to daily summary: "15:00 80 78 33 78 80 -16"
15:00:13  Service running OK
15:00:37  Camera: Shop A                                  	987	1007
15:00:46  Zone: Zone1                    	1052	1015	37
15:00:46  Zone: Zone2                    	987	1007	-20
15:01:38  Camera: Shop A                                  	987	1013
15:01:38  Zone: Zone1                    	1058	1015	43
15:01:38  Zone: Zone2                    	987	1013	-26
15:02:39  Camera: Shop A                                  	994	1018
15:02:48  Zone: Zone1                    	1063	1022	41
15:02:48  Zone: Zone2                    	994	1018	-24
15:03:40  Camera: Shop A                                  	999	1026
15:03:40  Zone: Zone1                    	1071	1027	44
15:03:40  Zone: Zone2                    	999	1026	-27
15:04:41  Camera: Shop A                                  	1005	1033
15:04:50  Zone: Zone1                    	1078	1033	45
15:04:50  Zone: Zone2                    	1005	1033	-28
15:05:42  Camera: Shop A                                  	1013	1041
15:05:42  Zone: Zone1                    	1086	1041	45
15:05:42  Zone: Zone2                    	1013	1041	-28
15:06:43  Camera: Shop A                                  	1021	1042
15:06:52  Zone: Zone1                    	1087	1049	38
15:06:52  Zone: Zone2                    	1021	1042	-21
15:07:44  Camera: Shop A                                  	1022	1051
15:07:44  Zone: Zone1                    	1096	1050	46
15:07:44  Zone: Zone2                    	1022	1051	-29
15:08:45  Camera: Shop A                                  	1024	1053
15:08:54  Zone: Zone1                    	1098	1052	46
15:08:54  Zone: Zone2                    	1024	1053	-29
15:09:46  Camera: Shop A                                  	1025	1059
15:09:46  Zone: Zone1                    	1104	1053	51
15:09:46  Zone: Zone2                    	1025	1059	-34
15:10:47  Camera: Shop A                                  	1028	1059
15:10:56  Zone: Zone1                    	1104	1056	48
15:10:56  Zone: Zone2                    	1028	1059	-31
15:11:48  Camera: Shop A                                  	1030	1061
15:11:49  Zone: Zone1                    	1106	1058	48
15:11:49  Zone: Zone2                    	1030	1061	-31
15:12:50  Camera: Shop A                                  	1033	1068
15:12:58  Zone: Zone1                    	1113	1061	52
15:12:58  Zone: Zone2                    	1033	1068	-35
15:13:51  Camera: Shop A                                  	1042	1068
15:13:51  Zone: Zone1                    	1113	1070	43
15:13:51  Zone: Zone2                    	1042	1068	-26
15:14:52  Camera: Shop A                                  	1044	1068
15:15:00  Zone: Zone1                    	1113	1072	41
15:15:00  Zone: Zone2                    	1044	1068	-24
15:15:00  Service running OK
15:15:53  Camera: Shop A                                  	1047	1070
15:15:53  Zone: Zone1                    	1115	1075	40
15:15:53  Zone: Zone2                    	1047	1070	-23
15:16:54  Camera: Shop A                                  	1052	1071
15:17:02  Zone: Zone1                    	1116	1080	36
15:17:02  Zone: Zone2                    	1052	1071	-19
15:17:55  Camera: Shop A                                  	1058	1077
15:17:55  Zone: Zone1                    	1122	1086	36
15:17:55  Zone: Zone2                    	1058	1077	-19
15:19:57  Camera: Shop A                                  	1067	1083
15:19:59  Zone: Zone1                    	1128	1095	33
15:19:59  Zone: Zone2                    	1067	1083	-16
15:20:58  Camera: Shop A                                  	1069	1084
15:21:09  Zone: Zone1                    	1129	1097	32
15:21:09  Zone: Zone2                    	1069	1084	-15
15:21:59  Camera: Shop A                                  	1073	1085
15:22:01  Zone: Zone1                    	1130	1101	29
15:22:01  Zone: Zone2                    	1073	1085	-12
15:23:00  Camera: Shop A                                  	1075	1098
15:23:11  Zone: Zone1                    	1143	1103	40
15:23:11  Zone: Zone2                    	1075	1098	-23
15:24:02  Camera: Shop A                                  	1080	1102
15:24:02  Zone: Zone1                    	1147	1108	39
15:24:02  Zone: Zone2                    	1080	1102	-22
15:25:03  Camera: Shop A                                  	1086	1103
15:25:12  Zone: Zone1                    	1148	1114	34
15:25:12  Zone: Zone2                    	1086	1103	-17
15:26:04  Camera: Shop A                                  	1087	1108
15:26:04  Zone: Zone1                    	1153	1115	38
15:26:04  Zone: Zone2                    	1087	1108	-21
15:27:05  Camera: Shop A                                  	1096	1116
15:27:14  Zone: Zone1                    	1161	1124	37
15:27:14  Zone: Zone2                    	1096	1116	-20
15:28:06  Camera: Shop A                                  	1099	1118
15:28:06  Zone: Zone1                    	1163	1127	36
15:28:06  Zone: Zone2                    	1099	1118	-19
15:29:07  Camera: Shop A                                  	1101	1129
15:29:16  Zone: Zone1                    	1174	1129	45
15:29:16  Zone: Zone2                    	1101	1129	-28
15:30:08  Camera: Shop A                                  	1114	1133
15:30:08  Zone: Zone1                    	1178	1142	36
15:30:08  Zone: Zone2                    	1114	1133	-19
15:30:08  Logging to daily summary: "15:30 128 131 40 131 128 -23"
15:30:08  Service running OK
15:31:09  Camera: Shop A                                  	1116	1136
15:31:18  Zone: Zone1                    	1181	1144	37
15:31:18  Zone: Zone2                    	1116	1136	-20
15:32:10  Camera: Shop A                                  	1119	1140
15:32:10  Zone: Zone1                    	1185	1147	38
15:32:10  Zone: Zone2                    	1119	1140	-21
15:33:11  Camera: Shop A                                  	1120	1146
15:33:20  Zone: Zone1                    	1191	1148	43
15:33:20  Zone: Zone2                    	1120	1146	-26
15:34:12  Camera: Shop A                                  	1126	1148
15:34:13  Zone: Zone1                    	1193	1154	39
15:34:13  Zone: Zone2                    	1126	1148	-22
15:35:14  Camera: Shop A                                  	1129	1148
15:35:22  Zone: Zone1                    	1193	1157	36
15:35:22  Zone: Zone2                    	1129	1148	-19
15:36:15  Camera: Shop A                                  	1133	1154
15:36:15  Zone: Zone1                    	1199	1161	38
15:36:15  Zone: Zone2                    	1133	1154	-21
15:37:16  Camera: Shop A                                  	1137	1155
15:37:24  Zone: Zone1                    	1200	1165	35
15:37:24  Zone: Zone2                    	1137	1155	-18
15:39:18  Camera: Shop A                                  	1140	1165
15:39:28  Zone: Zone1                    	1210	1168	42
15:39:28  Zone: Zone2                    	1140	1165	-25
15:40:19  Camera: Shop A                                  	1146	1165
15:40:20  Zone: Zone1                    	1210	1174	36
15:40:20  Zone: Zone2                    	1146	1165	-19
15:41:20  Camera: Shop A                                  	1148	1165
15:41:30  Zone: Zone1                    	1210	1176	34
15:41:30  Zone: Zone2                    	1148	1165	-17
15:42:21  Camera: Shop A                                  	1148	1171
15:42:22  Zone: Zone1                    	1216	1176	40
15:42:22  Zone: Zone2                    	1148	1171	-23
15:43:22  Camera: Shop A                                  	1152	1177
15:43:32  Zone: Zone1                    	1222	1180	42
15:43:32  Zone: Zone2                    	1152	1177	-25
15:45:03  Service running OK
15:45:24  Camera: Shop A                                  	1153	1181
15:45:36  Zone: Zone1                    	1226	1181	45
15:45:36  Zone: Zone2                    	1153	1181	-28
15:46:26  Camera: Shop A                                  	1153	1183
15:46:28  Zone: Zone1                    	1228	1181	47
15:46:28  Zone: Zone2                    	1153	1183	-30
15:47:27  Camera: Shop A                                  	1158	1183
15:47:38  Zone: Zone1                    	1228	1186	42
15:47:38  Zone: Zone2                    	1158	1183	-25
15:48:28  Camera: Shop A                                  	1162	1188
15:48:30  Zone: Zone1                    	1233	1190	43
15:48:30  Zone: Zone2                    	1162	1188	-26
15:49:29  Camera: Shop A                                  	1166	1193
15:49:40  Zone: Zone1                    	1238	1194	44
15:49:40  Zone: Zone2                    	1166	1193	-27
15:50:30  Camera: Shop A                                  	1168	1196
15:50:32  Zone: Zone1                    	1241	1196	45
15:50:32  Zone: Zone2                    	1168	1196	-28
15:51:31  Camera: Shop A                                  	1178	1198
15:51:42  Zone: Zone1                    	1243	1206	37
15:51:42  Zone: Zone2                    	1178	1198	-20
15:52:32  Camera: Shop A                                  	1180	1198
15:52:34  Zone: Zone1                    	1243	1208	35
15:52:34  Zone: Zone2                    	1180	1198	-18
15:53:33  Camera: Shop A                                  	1180	1206
15:53:44  Zone: Zone1                    	1251	1208	43
15:53:44  Zone: Zone2                    	1180	1206	-26
15:54:34  Camera: Shop A                                  	1180	1207
15:54:36  Zone: Zone1                    	1252	1208	44
15:54:36  Zone: Zone2                    	1180	1207	-27
15:55:35  Camera: Shop A                                  	1182	1209
15:55:46  Zone: Zone1                    	1254	1210	44
15:55:46  Zone: Zone2                    	1182	1209	-27
15:56:36  Camera: Shop A                                  	1188	1218
15:56:38  Zone: Zone1                    	1263	1216	47
15:56:38  Zone: Zone2                    	1188	1218	-30
15:57:38  Camera: Shop A                                  	1192	1224
15:57:48  Zone: Zone1                    	1269	1220	49
15:57:48  Zone: Zone2                    	1192	1224	-32
15:58:39  Camera: Shop A                                  	1201	1227
15:58:40  Zone: Zone1                    	1272	1229	43
15:58:40  Zone: Zone2                    	1201	1227	-26
15:59:02  Camera: Level 2 Main Entry                      	3	3
15:59:14  Zone: Zone1                    	1272	1230	42
15:59:40  Camera: Shop A                                  	1207	1227
15:59:48  Zone: Zone1                    	1272	1236	36
15:59:48  Zone: Zone2                    	1207	1227	-20
16:00:07  Logging to daily summary: "16:00 94 94 40 93 94 -23"
16:00:07  Service running OK
16:00:41  Camera: Shop A                                  	1209	1229
16:00:41  Zone: Zone1                    	1274	1238	36
16:00:41  Zone: Zone2                    	1209	1229	-20
16:01:42  Camera: Shop A                                  	1209	1234
16:01:51  Zone: Zone1                    	1279	1238	41
16:01:51  Zone: Zone2                    	1209	1234	-25
16:02:43  Camera: Shop A                                  	1209	1240
16:02:43  Zone: Zone1                    	1285	1238	47
16:02:43  Zone: Zone2                    	1209	1240	-31
16:03:44  Camera: Shop A                                  	1215	1247
16:03:53  Zone: Zone1                    	1292	1244	48
16:03:53  Zone: Zone2                    	1215	1247	-32
16:04:08  Camera: Level 2 Main Entry                      	4	3
16:04:09  Zone: Zone1                    	1293	1244	49
16:04:45  Camera: Shop A                                  	1218	1249
16:04:45  Zone: Zone1                    	1295	1247	48
16:04:45  Zone: Zone2                    	1218	1249	-31
16:05:46  Camera: Shop A                                  	1218	1253
16:05:55  Zone: Zone1                    	1299	1247	52
16:05:55  Zone: Zone2                    	1218	1253	-35
16:06:47  Camera: Shop A                                  	1229	1253
16:06:47  Zone: Zone1                    	1299	1258	41
16:06:47  Zone: Zone2                    	1229	1253	-24
16:07:48  Camera: Shop A                                  	1230	1257
16:07:57  Zone: Zone1                    	1303	1259	44
16:07:57  Zone: Zone2                    	1230	1257	-27
16:08:49  Camera: Shop A                                  	1235	1264
16:08:50  Zone: Zone1                    	1310	1264	46
16:08:50  Zone: Zone2                    	1235	1264	-29
16:14:56  Camera: Shop A                                  	1240	1278
16:15:05  Zone: Zone1                    	1324	1269	55
16:15:05  Zone: Zone2                    	1240	1278	-38
16:15:05  Service running OK
16:15:57  Camera: Shop A                                  	1241	1281
16:15:57  Zone: Zone1                    	1327	1270	57
16:15:57  Zone: Zone2                    	1241	1281	-40
16:16:58  Camera: Shop A                                  	1243	1286
16:17:07  Zone: Zone1                    	1332	1272	60
16:17:07  Zone: Zone2                    	1243	1286	-43
16:19:00  Camera: Shop A                                  	1248	1288
16:19:11  Zone: Zone1                    	1334	1277	57
16:19:11  Zone: Zone2                    	1248	1288	-40
16:20:01  Camera: Shop A                                  	1250	1292
16:20:03  Zone: Zone1                    	1338	1279	59
16:20:03  Zone: Zone2                    	1250	1292	-42
16:21:02  Camera: Shop A                                  	1254	1297
16:21:13  Zone: Zone1                    	1343	1283	60
16:21:13  Zone: Zone2                    	1254	1297	-43
16:23:05  Camera: Shop A                                  	1257	1299
16:23:17  Zone: Zone1                    	1345	1286	59
16:23:17  Zone: Zone2                    	1257	1299	-42
16:24:06  Camera: Shop A                                  	1263	1301
16:24:09  Zone: Zone1                    	1347	1292	55
16:24:09  Zone: Zone2                    	1263	1301	-38
16:25:07  Camera: Shop A                                  	1269	1306
16:25:19  Zone: Zone1                    	1352	1298	54
16:25:19  Zone: Zone2                    	1269	1306	-37
16:26:08  Camera: Shop A                                  	1273	1311
16:26:11  Zone: Zone1                    	1357	1302	55
16:26:11  Zone: Zone2                    	1273	1311	-38
16:27:09  Camera: Shop A                                  	1277	1319
16:27:21  Zone: Zone1                    	1365	1306	59
16:27:21  Zone: Zone2                    	1277	1319	-42
16:28:10  Camera: Shop A                                  	1281	1320
16:28:13  Zone: Zone1                    	1366	1310	56
16:28:13  Zone: Zone2                    	1281	1320	-39
16:29:11  Camera: Shop A                                  	1283	1326
16:29:23  Zone: Zone1                    	1372	1312	60
16:29:23  Zone: Zone2                    	1283	1326	-43
16:30:00  Logging to daily summary: "16:30 100 76 51 76 99 -34"
16:30:00  Service running OK
16:30:12  Camera: Shop A                                  	1287	1329
16:30:15  Zone: Zone1                    	1375	1316	59
16:30:15  Zone: Zone2                    	1287	1329	-42
16:31:13  Camera: Shop A                                  	1289	1332
16:31:25  Zone: Zone1                    	1378	1318	60
16:31:25  Zone: Zone2                    	1289	1332	-43
16:32:14  Camera: Shop A                                  	1298	1336
16:32:17  Zone: Zone1                    	1382	1327	55
16:32:17  Zone: Zone2                    	1298	1336	-38
16:33:15  Camera: Shop A                                  	1298	1337
16:33:27  Zone: Zone1                    	1383	1327	56
16:33:27  Zone: Zone2                    	1298	1337	-39
16:34:17  Camera: Shop A                                  	1299	1339
16:34:19  Zone: Zone1                    	1385	1328	57
16:34:19  Zone: Zone2                    	1299	1339	-40
16:35:18  Camera: Shop A                                  	1305	1339
16:35:29  Zone: Zone1                    	1385	1334	51
16:35:29  Zone: Zone2                    	1305	1339	-34
16:36:19  Camera: Shop A                                  	1305	1341
16:36:21  Zone: Zone1                    	1387	1334	53
16:36:21  Zone: Zone2                    	1305	1341	-36
16:37:20  Camera: Shop A                                  	1305	1347
16:37:31  Zone: Zone1                    	1393	1334	59
16:37:31  Zone: Zone2                    	1305	1347	-42
16:38:21  Camera: Shop A                                  	1308	1349
16:38:23  Zone: Zone1                    	1395	1337	58
16:38:23  Zone: Zone2                    	1308	1349	-41
16:39:22  Camera: Shop A                                  	1309	1349
16:39:33  Zone: Zone1                    	1395	1338	57
16:39:33  Zone: Zone2                    	1309	1349	-40
16:40:23  Camera: Shop A                                  	1309	1350
16:40:25  Zone: Zone1                    	1396	1338	58
16:40:25  Zone: Zone2                    	1309	1350	-41
16:41:24  Camera: Shop A                                  	1312	1351
16:41:35  Zone: Zone1                    	1397	1341	56
16:41:35  Zone: Zone2                    	1312	1351	-39
16:44:27  Camera: Shop A                                  	1312	1353
16:44:33  Zone: Zone1                    	1399	1341	58
16:44:33  Zone: Zone2                    	1312	1353	-41
16:44:51  Camera: Level 2 Main Entry                      	5	3
16:44:51  Zone: Zone1                    	1400	1341	59
16:45:10  Service running OK
16:45:29  Camera: Shop A                                  	1314	1356
16:45:43  Zone: Zone1                    	1403	1343	60
16:45:43  Zone: Zone2                    	1314	1356	-42
16:45:52  Camera: Level 2 Main Entry                      	6	3
16:45:59  Zone: Zone1                    	1404	1343	61
16:46:53  Camera: Level 2 Main Entry                      	9	4
16:46:53  Zone: Zone1                    	1407	1344	63
16:47:31  Camera: Shop A                                  	1316	1358
16:47:45  Zone: Zone1                    	1409	1346	63
16:47:45  Zone: Zone2                    	1316	1358	-42
16:49:33  Camera: Shop A                                  	1316	1363
16:49:33  Zone: Zone1                    	1414	1346	68
16:49:33  Zone: Zone2                    	1316	1363	-47
16:50:34  Camera: Shop A                                  	1329	1363
16:50:43  Zone: Zone1                    	1414	1359	55
16:50:43  Zone: Zone2                    	1329	1363	-34
16:52:36  Camera: Shop A                                  	1333	1363
16:52:36  Zone: Zone1                    	1414	1363	51
16:52:36  Zone: Zone2                    	1333	1363	-30
16:53:37  Camera: Shop A                                  	1337	1366
16:53:46  Zone: Zone1                    	1417	1367	50
16:53:46  Zone: Zone2                    	1337	1366	-29
16:54:38  Camera: Shop A                                  	1340	1369
16:54:38  Zone: Zone1                    	1420	1370	50
16:54:38  Zone: Zone2                    	1340	1369	-29
16:55:39  Camera: Shop A                                  	1340	1371
16:55:48  Zone: Zone1                    	1422	1370	52
16:55:48  Zone: Zone2                    	1340	1371	-31
16:56:40  Camera: Shop A                                  	1340	1372
16:56:41  Zone: Zone1                    	1423	1370	53
16:56:41  Zone: Zone2                    	1340	1372	-32
16:58:43  Camera: Shop A                                  	1345	1374
16:58:44  Zone: Zone1                    	1425	1375	50
16:58:44  Zone: Zone2                    	1345	1374	-29
17:00:15  Logging to daily summary: "17:00 53 63 56 62 48 -37"
17:00:15  Service running OK
17:00:45  Camera: Shop A                                  	1345	1376
17:00:48  Zone: Zone1                    	1427	1375	52
17:00:48  Zone: Zone2                    	1345	1376	-31
17:02:47  Camera: Shop A                                  	1347	1379
17:02:52  Zone: Zone1                    	1430	1377	53
17:02:52  Zone: Zone2                    	1347	1379	-32
17:03:48  Camera: Shop A                                  	1349	1379
17:04:02  Zone: Zone1                    	1430	1379	51
17:04:02  Zone: Zone2                    	1349	1379	-30
17:04:49  Camera: Shop A                                  	1350	1383
17:04:54  Zone: Zone1                    	1434	1380	54
17:04:54  Zone: Zone2                    	1350	1383	-33
17:05:50  Camera: Shop A                                  	1351	1384
17:06:04  Zone: Zone1                    	1435	1381	54
17:06:04  Zone: Zone2                    	1351	1384	-33
17:06:51  Camera: Shop A                                  	1351	1386
17:06:56  Zone: Zone1                    	1437	1381	56
17:06:56  Zone: Zone2                    	1351	1386	-35
17:08:54  Camera: Shop A                                  	1351	1387
17:09:00  Zone: Zone1                    	1438	1381	57
17:09:00  Zone: Zone2                    	1351	1387	-36
17:10:56  Camera: Shop A                                  	1354	1387
17:11:04  Zone: Zone1                    	1438	1384	54
17:11:04  Zone: Zone2                    	1354	1387	-33
17:11:57  Camera: Shop A                                  	1356	1387
17:11:57  Zone: Zone1                    	1438	1386	52
17:11:57  Zone: Zone2                    	1356	1387	-31
17:12:58  Camera: Shop A                                  	1356	1388
17:13:07  Zone: Zone1                    	1439	1386	53
17:13:07  Zone: Zone2                    	1356	1388	-32
17:13:59  Camera: Shop A                                  	1358	1388
17:13:59  Zone: Zone1                    	1439	1388	51
17:13:59  Zone: Zone2                    	1358	1388	-30
17:15:12  Service running OK
17:16:01  Camera: Shop A                                  	1358	1389
17:16:07  Zone: Zone1                    	1440	1388	52
17:16:07  Zone: Zone2                    	1358	1389	-31
17:18:03  Camera: Shop A                                  	1360	1389
17:18:12  Zone: Zone1                    	1440	1390	50
17:18:12  Zone: Zone2                    	1360	1389	-29
17:19:04  Camera: Shop A                                  	1362	1391
17:19:05  Zone: Zone1                    	1442	1392	50
17:19:05  Zone: Zone2                    	1362	1391	-29
17:20:06  Camera: Shop A                                  	1363	1391
17:20:18  Zone: Zone1                    	1442	1393	49
17:20:18  Zone: Zone2                    	1363	1391	-28
17:22:08  Camera: Shop A                                  	1363	1392
17:22:08  Zone: Zone1                    	1443	1393	50
17:22:08  Zone: Zone2                    	1363	1392	-29
17:25:11  Camera: Shop A                                  	1363	1393
17:25:11  Zone: Zone1                    	1444	1393	51
17:25:11  Zone: Zone2                    	1363	1393	-30
17:26:12  Camera: Shop A                                  	1365	1394
17:26:21  Zone: Zone1                    	1445	1395	50
17:26:21  Zone: Zone2                    	1365	1394	-29
17:29:15  Camera: Shop A                                  	1367	1395
17:29:19  Zone: Zone1                    	1446	1397	49
17:29:19  Zone: Zone2                    	1367	1395	-28
17:30:14  Logging to daily summary: "17:30 21 22 51 22 21 -30"
17:30:14  Service running OK
17:30:16  Camera: Shop A                                  	1368	1396
17:30:29  Zone: Zone1                    	1447	1398	49
17:30:29  Zone: Zone2                    	1368	1396	-28
17:31:18  Camera: Shop A                                  	1368	1398
17:31:21  Zone: Zone1                    	1449	1398	51
17:31:21  Zone: Zone2                    	1368	1398	-30
17:34:21  Camera: Shop A                                  	1368	1399
17:34:21  Zone: Zone1                    	1450	1398	52
17:34:21  Zone: Zone2                    	1368	1399	-31
17:35:22  Camera: Shop A                                  	1373	1399
17:35:31  Zone: Zone1                    	1450	1403	47
17:35:31  Zone: Zone2                    	1373	1399	-26
17:42:29  Camera: Shop A                                  	1373	1401
17:42:30  Zone: Zone1                    	1452	1403	49
17:42:30  Zone: Zone2                    	1373	1401	-28
17:43:31  Camera: Shop A                                  	1375	1401
17:43:31  Zone: Zone1                    	1452	1405	47
17:43:31  Zone: Zone2                    	1375	1401	-26
17:44:32  Camera: Shop A                                  	1379	1403
17:44:41  Zone: Zone1                    	1454	1409	45
17:44:41  Zone: Zone2                    	1379	1403	-24
17:45:00  Service running OK
17:45:33  Camera: Shop A                                  	1379	1404
17:45:33  Zone: Zone1                    	1455	1409	46
17:45:33  Zone: Zone2                    	1379	1404	-25
17:46:34  Camera: Shop A                                  	1380	1404
17:46:43  Zone: Zone1                    	1455	1410	45
17:46:43  Zone: Zone2                    	1380	1404	-24
17:48:36  Camera: Shop A                                  	1382	1407
17:48:47  Zone: Zone1                    	1458	1412	46
17:48:47  Zone: Zone2                    	1382	1407	-25
17:49:37  Camera: Shop A                                  	1383	1409
17:49:39  Zone: Zone1                    	1460	1413	47
17:49:39  Zone: Zone2                    	1383	1409	-26
17:50:38  Camera: Shop A                                  	1387	1409
17:50:49  Zone: Zone1                    	1460	1417	43
17:50:49  Zone: Zone2                    	1387	1409	-22
17:51:39  Camera: Shop A                                  	1387	1410
17:51:41  Zone: Zone1                    	1461	1417	44
17:51:41  Zone: Zone2                    	1387	1410	-23
17:54:43  Camera: Shop A                                  	1389	1410
17:54:57  Zone: Zone1                    	1461	1419	42
17:54:57  Zone: Zone2                    	1389	1410	-21
17:56:45  Camera: Shop A                                  	1389	1411
17:56:45  Zone: Zone1                    	1462	1419	43
17:56:45  Zone: Zone2                    	1389	1411	-22
17:58:47  Camera: Shop A                                  	1390	1412
17:58:48  Zone: Zone1                    	1463	1420	43
17:58:48  Zone: Zone2                    	1390	1412	-22
18:00:01  Logging to daily summary: "18:00 17 23 46 23 17 -25"
18:00:01  Service running OK
18:02:51  Camera: Shop A                                  	1390	1414
18:02:58  Zone: Zone1                    	1465	1420	45
18:02:58  Zone: Zone2                    	1390	1414	-24
18:03:02  Level 1 Science Centre Entry 2: Main Data Collection loop has finished (g_bStopFlag=1, m_bEndThread=0).
18:03:02  Level 1 Science Centre Entry 1: The Irisys IP Manager destructor has flagged the thread to end.
18:03:13  Level 2 Main Entry: Main Data Collection loop has finished (g_bStopFlag=1, m_bEndThread=0).
18:03:14  Level 2 Lift: Main Data Collection loop has finished (g_bStopFlag=1, m_bEndThread=0).
18:03:23  Level 1 Science Centre Lift: Main Data Collection loop has finished (g_bStopFlag=1, m_bEndThread=0).
