
07:28:01  RECAP $Revision: 3.13.2.13 $ ($State: Exp $) built 09:15:45, Aug  3 2010
07:28:01  Logging Counting Started
07:28:01  Start time: 09:30 (570 minutes past midnight)
07:28:01  Stop time: 22:00 (1320 minutes past midnight)
07:28:01  Log period: 30 minutes
07:28:01  Initialising 0 display(s)
07:28:01  Initialising 9 camera(s)
07:28:01  IrisysIP counter(s) in use, Starting BlackFin API
07:28:01  If RECAP crashes, check .NET framework and VCRedist are installed.
07:28:01  BlackFin API Started.
07:28:01  BlackFin API Started up OK. Version: 1.10.0.5
07:28:01  Initialising 2 zone(s)
07:28:01  Outputting 'Zone1' zone data to 'Zones\Zone1.txt'
07:28:01  Outputting 'Zone2' zone data to 'Zones\Zone2.txt'
07:28:01  Displaying shutdown on 0 display(s)
07:28:01  Waiting till start time
09:30:00  Start time reached
09:30:00  Adding Level 1 Science Centre Entry 1 thread to Watchdog
09:30:00  Level 1 Science Centre Entry 1: InCountCorrection set in registry to: 0
09:30:00  Level 1 Science Centre Entry 1: OutCountCorrection set in registry to: 0
09:30:00  Adding Level 1 Science Centre Entry 2 thread to Watchdog
09:30:00  Level 1 Science Centre Entry 2: InCountCorrection set in registry to: 0
09:30:00  Level 1 Science Centre Entry 2: OutCountCorrection set in registry to: 0
09:30:00  Adding Level 1 Science Centre Lift thread to Watchdog
09:30:00  Level 1 Science Centre Lift: InCountCorrection set in registry to: 0
09:30:00  Level 1 Science Centre Lift: OutCountCorrection set in registry to: 0
09:30:00  Adding Level 2 Main Entry thread to Watchdog
09:30:00  Level 2 Main Entry: InCountCorrection set in registry to: 0
09:30:00  Level 2 Main Entry: OutCountCorrection set in registry to: 0
09:30:00  Adding Level 2 Lift thread to Watchdog
09:30:00  Level 2 Lift: InCountCorrection set in registry to: 0
09:30:00  Level 2 Lift: OutCountCorrection set in registry to: 0
09:30:00  Adding Shop A thread to Watchdog
09:30:00  Shop A: InCountCorrection set in registry to: 0
09:30:00  Shop A: OutCountCorrection set in registry to: 0
09:30:00  Adding Shop B thread to Watchdog
09:30:00  Shop B: InCountCorrection set in registry to: 0
09:30:00  Shop B: OutCountCorrection set in registry to: 0
09:30:00  Adding Shop Whale Mall thread to Watchdog
09:30:00  Shop Whale Mall: InCountCorrection set in registry to: 0
09:30:00  Shop Whale Mall: OutCountCorrection set in registry to: 0
09:30:00  Adding Level 2 Cafe thread to Watchdog
09:30:00  Level 2 Cafe: InCountCorrection set in registry to: 0
09:30:00  Level 2 Cafe: OutCountCorrection set in registry to: 0
09:30:01  New day, Reset counts and busiest times in registry
09:30:01  Camera Level 1 Science Centre Entry 1 Counts 	= In:0, Out:0
09:30:01  Camera Level 1 Science Centre Entry 2 Counts 	= In:0, Out:0
09:30:01  Camera Level 1 Science Centre Lift Counts 	= In:0, Out:0
09:30:01  Camera Level 2 Main Entry Counts 	= In:0, Out:0
09:30:01  Camera Level 2 Lift Counts 	= In:0, Out:0
09:30:01  Camera Shop A Counts 	= In:0, Out:0
09:30:01  Camera Shop B Counts 	= In:0, Out:0
09:30:01  Camera Shop Whale Mall Counts 	= In:0, Out:0
09:30:01  Camera Level 2 Cafe Counts 	= In:0, Out:0
09:30:02  Starting main data collection loop.
09:30:05  Zone: Zone1                    	0	0	0
09:30:05  Zone: Zone2                    	0	0	0
09:30:05  Logging to daily summary: "09:30 0 0 0 0 0 0"
09:30:05  Service running OK
09:30:23  Shop A: Connect Success (6) (serial num:2158593779)
09:30:24  Shop A: MAC:00-21-AC-00-30-21 IP Firmware:4.0.2.30311 Monitor Firmware:42.4.0.404
09:30:25  Level 2 Main Entry: Connect Success (4) (serial num:2158593780)
09:30:26  Level 2 Main Entry: MAC:00-21-AC-00-30-D9 IP Firmware:4.0.2.30311 Monitor Firmware:42.4.0.404
09:30:30  Level 1 Science Centre Lift: Connect Success (3) (serial num:2158593853)
09:30:30  Shop A: Status msgs: 0,0
09:30:30  Level 1 Science Centre Entry 1: Connect Success (1) (serial num:2158593798)
09:30:30  Shop A: Current DeviceID: DefaultID
09:30:31  Level 1 Science Centre Lift: MAC:00-21-AC-00-30-1A IP Firmware:4.0.2.30311 Monitor Firmware:42.4.0.404
09:30:31  Level 1 Science Centre Entry 1: MAC:00-21-AC-00-30-39 IP Firmware:4.0.2.30311 Monitor Firmware:42.4.0.404
09:30:34  Level 2 Main Entry: Status msgs: 0,0
09:30:34  Level 1 Science Centre Entry 2: Connect Success (2) (serial num:2158593777)
09:30:34  Level 2 Main Entry: Current DeviceID: DefaultID
09:30:35  Level 1 Science Centre Entry 2: MAC:00-21-AC-00-30-3B IP Firmware:4.0.2.30311 Monitor Firmware:42.4.0.404
09:30:39  Level 1 Science Centre Lift: Status msgs: 0,0
09:30:39  Level 2 Lift: Connect Success (5) (serial num:2158593872)
09:30:40  Level 1 Science Centre Entry 1: Status msgs: 0,0
09:30:40  Level 1 Science Centre Lift: Current DeviceID: DefaultID
09:30:40  Level 1 Science Centre Entry 1: Current DeviceID: DefaultID
09:30:40  Level 2 Lift: MAC:00-21-AC-00-2F-8C IP Firmware:4.0.2.30311 Monitor Firmware:42.4.0.404
09:30:43  Level 1 Science Centre Entry 2: Status msgs: 0,0
09:30:44  Level 1 Science Centre Entry 2: Current DeviceID: DefaultID
09:30:47  Level 2 Lift: Status msgs: 0,0
09:30:47  Level 2 Lift: Current DeviceID: DefaultID
09:32:33  Initial Camera Shop A Counts 	= In:401, Out:389
09:32:37  Initial Camera Level 2 Main Entry Counts 	= In:0, Out:1
09:32:37  Shop A: Date last reset in registry is not today (reset required): 03/01/12
09:32:37  Attempting to reset counts for IrisysIP Camera Shop A
09:32:41  Level 2 Main Entry: Date last reset in registry is not today (reset required): 03/01/12
09:32:41  Attempting to reset counts for IrisysIP Camera Level 2 Main Entry
09:33:33  Shop A: InCountCorrection set in registry to: 0
09:33:33  Shop A: OutCountCorrection set in registry to: 0
09:33:34  Shop A: has reset camera
09:33:34  Camera: Shop A - Counts are now valid.
09:33:37  Level 2 Main Entry: InCountCorrection set in registry to: 0
09:33:37  Level 2 Main Entry: OutCountCorrection set in registry to: 0
09:33:38  Initial Camera Level 1 Science Centre Lift Counts 	= In:0, Out:0
09:33:38  Level 2 Main Entry: has reset camera
09:33:38  Initial Camera Level 1 Science Centre Entry 1 Counts 	= In:3, Out:3
09:33:38  Camera: Level 2 Main Entry - Counts are now valid.
09:33:38  Initial Camera Level 1 Science Centre Entry 2 Counts 	= In:0, Out:0
09:33:38  Initial Camera Level 2 Lift Counts 	= In:6, Out:12
09:33:42  Level 1 Science Centre Lift: Date last reset in registry is not today (reset required): 03/01/12
09:33:42  Attempting to reset counts for IrisysIP Camera Level 1 Science Centre Lift
09:33:42  Level 1 Science Centre Entry 1: Date last reset in registry is not today (reset required): 03/01/12
09:33:42  Level 1 Science Centre Entry 2: Date last reset in registry is not today (reset required): 03/01/12
09:33:42  Level 2 Lift: Date last reset in registry is not today (reset required): 03/01/12
09:33:42  Attempting to reset counts for IrisysIP Camera Level 1 Science Centre Entry 1
09:33:42  Attempting to reset counts for IrisysIP Camera Level 1 Science Centre Entry 2
09:33:42  Attempting to reset counts for IrisysIP Camera Level 2 Lift
09:33:43  Level 1 Science Centre Lift: InCountCorrection set in registry to: 0
09:33:43  Level 1 Science Centre Lift: OutCountCorrection set in registry to: 0
09:33:44  Level 1 Science Centre Lift: has reset camera
09:33:44  Camera: Level 1 Science Centre Lift - Counts are now valid.
09:33:45  Level 1 Science Centre Entry 1: InCountCorrection set in registry to: 0
09:33:45  Level 1 Science Centre Entry 1: OutCountCorrection set in registry to: 0
09:33:46  Level 1 Science Centre Entry 1: has reset camera
09:33:46  Camera: Level 1 Science Centre Entry 1 - Counts are now valid.
09:33:47  Level 1 Science Centre Entry 2: InCountCorrection set in registry to: 0
09:33:47  Level 1 Science Centre Entry 2: OutCountCorrection set in registry to: 0
09:33:48  Level 1 Science Centre Entry 2: has reset camera
09:33:48  Camera: Level 1 Science Centre Entry 2 - Counts are now valid.
09:33:50  Level 2 Lift: InCountCorrection set in registry to: 0
09:33:50  Level 2 Lift: OutCountCorrection set in registry to: 0
09:33:51  Level 2 Lift: has reset camera
09:33:51  Camera: Level 2 Lift - Counts are now valid.
09:34:35  Camera: Shop A                                  	0	2
09:34:39  Camera: Level 2 Main Entry                      	1	0
09:34:45  Camera: Level 1 Science Centre Lift             	0	0
09:34:45  Level 1 Science Centre Lift IrisysIP camera has reset
09:34:47  Camera: Level 1 Science Centre Entry 1          	0	0
09:34:47  Level 1 Science Centre Entry 1 IrisysIP camera has reset
09:34:48  Zone: Zone1                    	3	0	3
09:34:48  Zone: Zone2                    	0	2	-2
09:34:49  Camera: Level 1 Science Centre Entry 2          	0	0
09:34:49  Level 1 Science Centre Entry 2 IrisysIP camera has reset
09:34:52  Camera: Level 2 Lift                            	0	0
09:34:52  Level 2 Lift IrisysIP camera has reset
09:36:37  Camera: Shop A                                  	2	2
09:36:40  Zone: Zone1                    	3	2	1
09:36:40  Zone: Zone2                    	2	2	0
09:37:38  Camera: Shop A                                  	2	5
09:37:50  Zone: Zone1                    	6	2	4
09:37:50  Zone: Zone2                    	2	5	-3
09:38:43  Camera: Level 2 Main Entry                      	1	1
09:38:43  Zone: Zone1                    	6	3	3
09:39:44  Camera: Level 2 Main Entry                      	1	2
09:39:53  Zone: Zone1                    	6	4	2
09:40:45  Camera: Level 2 Main Entry                      	3	2
09:40:45  Zone: Zone1                    	8	4	4
09:41:43  Camera: Shop A                                  	5	8
09:41:47  Camera: Level 2 Main Entry                      	5	5
09:41:55  Zone: Zone1                    	13	10	3
09:41:55  Zone: Zone2                    	5	8	-3
09:42:48  Camera: Level 2 Main Entry                      	8	8
09:43:01  Camera: Level 2 Lift                            	0	2
09:43:03  Zone: Zone1                    	16	15	1
09:43:45  Camera: Shop A                                  	6	9
09:43:49  Camera: Level 2 Main Entry                      	9	9
09:43:53  Zone: Zone1                    	18	17	1
09:43:53  Zone: Zone2                    	6	9	-3
09:44:46  Camera: Shop A                                  	6	10
09:44:50  Camera: Level 2 Main Entry                      	9	10
09:45:01  Zone: Zone1                    	19	18	1
09:45:01  Zone: Zone2                    	6	10	-4
09:45:01  Service running OK
09:45:47  Camera: Shop A                                  	10	12
09:45:51  Camera: Level 2 Main Entry                      	10	10
09:45:51  Zone: Zone1                    	22	22	0
09:45:51  Zone: Zone2                    	10	12	-2
09:46:48  Camera: Shop A                                  	13	14
09:46:59  Zone: Zone1                    	24	25	-1
09:46:59  Zone: Zone2                    	13	14	-1
09:47:49  Camera: Shop A                                  	15	14
09:47:51  Zone: Zone1                    	24	27	-3
09:47:51  Zone: Zone2                    	15	14	1
09:47:53  Camera: Level 2 Main Entry                      	11	11
09:48:07  Zone: Zone1                    	25	28	-3
09:48:50  Camera: Shop A                                  	17	15
09:48:54  Camera: Level 2 Main Entry                      	11	12
09:48:59  Zone: Zone1                    	26	31	-5
09:48:59  Zone: Zone2                    	17	15	2
09:49:51  Camera: Shop A                                  	17	20
09:49:51  Zone: Zone1                    	31	31	0
09:49:51  Zone: Zone2                    	17	20	-3
09:50:52  Camera: Shop A                                  	19	20
09:50:56  Camera: Level 2 Main Entry                      	12	13
09:51:01  Zone: Zone1                    	32	34	-2
09:51:01  Zone: Zone2                    	19	20	-1
09:52:54  Camera: Shop A                                  	20	23
09:53:02  Zone: Zone1                    	35	35	0
09:53:02  Zone: Zone2                    	20	23	-3
09:53:55  Camera: Shop A                                  	22	27
09:53:55  Zone: Zone1                    	39	37	2
09:53:55  Zone: Zone2                    	22	27	-5
09:54:56  Camera: Shop A                                  	26	29
09:55:05  Zone: Zone1                    	41	41	0
09:55:05  Zone: Zone2                    	26	29	-3
09:55:58  Camera: Shop A                                  	27	31
09:55:58  Zone: Zone1                    	43	42	1
09:55:58  Zone: Zone2                    	27	31	-4
09:56:59  Camera: Shop A                                  	29	32
09:57:07  Zone: Zone1                    	44	44	0
09:57:07  Zone: Zone2                    	29	32	-3
09:58:00  Camera: Shop A                                  	33	38
09:58:00  Zone: Zone1                    	50	48	2
09:58:00  Zone: Zone2                    	33	38	-5
09:59:01  Camera: Shop A                                  	34	46
09:59:09  Zone: Zone1                    	58	49	9
09:59:09  Zone: Zone2                    	34	46	-12
10:00:02  Camera: Shop A                                  	41	46
10:00:02  Zone: Zone1                    	58	56	2
10:00:02  Zone: Zone2                    	41	46	-5
10:00:02  Logging to daily summary: "10:00 58 56 0 41 46 -2"
10:00:02  Service running OK
10:01:03  Camera: Shop A                                  	42	49
10:01:07  Camera: Level 2 Main Entry                      	12	14
10:01:12  Zone: Zone1                    	61	58	3
10:01:12  Zone: Zone2                    	42	49	-7
10:01:20  Camera: Level 2 Lift                            	1	4
10:01:28  Zone: Zone1                    	62	60	2
10:02:04  Camera: Shop A                                  	50	54
10:02:17  Zone: Zone1                    	67	68	-1
10:02:17  Zone: Zone2                    	50	54	-4
10:03:05  Camera: Shop A                                  	52	54
10:03:09  Zone: Zone1                    	67	70	-3
10:03:09  Zone: Zone2                    	52	54	-2
10:04:06  Camera: Shop A                                  	58	56
10:04:19  Zone: Zone1                    	69	76	-7
10:04:19  Zone: Zone2                    	58	56	2
10:05:07  Camera: Shop A                                  	62	58
10:05:11  Zone: Zone1                    	71	80	-9
10:05:11  Zone: Zone2                    	62	58	4
10:06:08  Camera: Shop A                                  	62	61
10:06:21  Zone: Zone1                    	74	80	-6
10:06:21  Zone: Zone2                    	62	61	1
10:08:10  Camera: Shop A                                  	64	63
10:08:25  Zone: Zone1                    	76	82	-6
10:08:25  Zone: Zone2                    	64	63	1
10:09:11  Camera: Shop A                                  	65	64
10:09:17  Zone: Zone1                    	77	83	-6
10:09:17  Zone: Zone2                    	65	64	1
10:10:12  Camera: Shop A                                  	70	65
10:10:16  Camera: Level 2 Main Entry                      	12	15
10:10:27  Zone: Zone1                    	78	89	-11
10:10:27  Zone: Zone2                    	70	65	5
10:12:18  Camera: Level 2 Main Entry                      	13	15
10:12:29  Zone: Zone1                    	79	89	-10
10:13:16  Camera: Shop A                                  	70	67
10:13:20  Camera: Level 2 Main Entry                      	13	16
10:13:21  Zone: Zone1                    	81	90	-9
10:13:21  Zone: Zone2                    	70	67	3
10:14:21  Camera: Level 2 Main Entry                      	15	16
10:14:29  Zone: Zone1                    	83	90	-7
10:15:06  Service running OK
10:15:18  Camera: Shop A                                  	72	67
10:15:21  Zone: Zone1                    	83	92	-9
10:15:21  Zone: Zone2                    	72	67	5
10:16:19  Camera: Shop A                                  	75	69
10:16:31  Zone: Zone1                    	85	95	-10
10:16:31  Zone: Zone2                    	75	69	6
10:19:22  Camera: Shop A                                  	75	73
10:19:29  Zone: Zone1                    	89	95	-6
10:19:29  Zone: Zone2                    	75	73	2
10:20:23  Camera: Shop A                                  	76	81
10:20:23  Zone: Zone1                    	97	96	1
10:20:23  Zone: Zone2                    	76	81	-5
10:21:24  Camera: Shop A                                  	77	87
10:21:35  Zone: Zone1                    	103	97	6
10:21:35  Zone: Zone2                    	77	87	-10
10:22:25  Camera: Shop A                                  	87	90
10:22:27  Zone: Zone1                    	106	107	-1
10:22:27  Zone: Zone2                    	87	90	-3
10:23:26  Camera: Shop A                                  	97	93
10:23:37  Zone: Zone1                    	109	117	-8
10:23:37  Zone: Zone2                    	97	93	4
10:25:28  Camera: Shop A                                  	97	102
10:25:42  Zone: Zone1                    	118	117	1
10:25:42  Zone: Zone2                    	97	102	-5
10:26:29  Camera: Shop A                                  	108	104
10:26:34  Zone: Zone1                    	120	128	-8
10:26:34  Zone: Zone2                    	108	104	4
10:27:31  Camera: Shop A                                  	117	106
10:27:44  Zone: Zone1                    	122	137	-15
10:27:44  Zone: Zone2                    	117	106	11
10:28:32  Camera: Shop A                                  	120	110
10:28:36  Zone: Zone1                    	126	140	-14
10:28:36  Zone: Zone2                    	120	110	10
10:29:33  Camera: Shop A                                  	120	119
10:29:46  Zone: Zone1                    	135	140	-5
10:29:46  Zone: Zone2                    	120	119	1
10:30:05  Logging to daily summary: "10:30 77 84 -6 79 73 1"
10:30:05  Service running OK
10:30:34  Camera: Shop A                                  	124	119
10:30:38  Zone: Zone1                    	135	144	-9
10:30:38  Zone: Zone2                    	124	119	5
10:32:36  Camera: Shop A                                  	126	119
10:32:42  Zone: Zone1                    	135	146	-11
10:32:42  Zone: Zone2                    	126	119	7
10:33:37  Camera: Shop A                                  	133	125
10:33:52  Zone: Zone1                    	141	153	-12
10:33:52  Zone: Zone2                    	133	125	8
10:34:38  Camera: Shop A                                  	138	129
10:34:44  Zone: Zone1                    	145	158	-13
10:34:44  Zone: Zone2                    	138	129	9
10:35:39  Camera: Shop A                                  	139	129
10:35:54  Zone: Zone1                    	145	159	-14
10:35:54  Zone: Zone2                    	139	129	10
10:36:40  Camera: Shop A                                  	142	134
10:36:46  Zone: Zone1                    	150	162	-12
10:36:46  Zone: Zone2                    	142	134	8
10:37:41  Camera: Shop A                                  	143	134
10:37:56  Zone: Zone1                    	150	163	-13
10:37:56  Zone: Zone2                    	143	134	9
10:38:42  Camera: Shop A                                  	143	138
10:38:48  Zone: Zone1                    	154	163	-9
10:38:48  Zone: Zone2                    	143	138	5
10:39:43  Camera: Shop A                                  	143	139
10:39:43  Zone: Zone1                    	155	163	-8
10:39:43  Zone: Zone2                    	143	139	4
10:40:44  Camera: Shop A                                  	148	141
10:40:53  Zone: Zone1                    	157	168	-11
10:40:53  Zone: Zone2                    	148	141	7
10:41:45  Camera: Shop A                                  	150	143
10:41:46  Zone: Zone1                    	159	170	-11
10:41:46  Zone: Zone2                    	150	143	7
10:42:46  Camera: Shop A                                  	150	144
10:42:55  Zone: Zone1                    	160	170	-10
10:42:55  Zone: Zone2                    	150	144	6
10:42:58  Camera: Level 1 Science Centre Entry 1          	0	1
10:43:11  Zone: Zone1                    	160	171	-11
10:43:48  Camera: Shop A                                  	154	144
10:44:02  Zone: Zone1                    	160	175	-15
10:44:02  Zone: Zone2                    	154	144	10
10:44:49  Camera: Shop A                                  	154	148
10:44:54  Zone: Zone1                    	164	175	-11
10:44:54  Zone: Zone2                    	154	148	6
10:45:13  Service running OK
10:45:50  Camera: Shop A                                  	162	156
10:46:04  Zone: Zone1                    	172	183	-11
10:46:04  Zone: Zone2                    	162	156	6
10:46:51  Camera: Shop A                                  	165	156
10:46:56  Zone: Zone1                    	172	186	-14
10:46:56  Zone: Zone2                    	165	156	9
10:48:53  Camera: Shop A                                  	168	156
10:49:00  Zone: Zone1                    	172	189	-17
10:49:00  Zone: Zone2                    	168	156	12
10:49:54  Camera: Shop A                                  	168	157
10:49:54  Zone: Zone1                    	173	189	-16
10:49:54  Zone: Zone2                    	168	157	11
10:51:56  Camera: Shop A                                  	172	159
10:51:58  Zone: Zone1                    	175	193	-18
10:51:58  Zone: Zone2                    	172	159	13
10:52:57  Camera: Shop A                                  	177	162
10:53:08  Zone: Zone1                    	178	198	-20
10:53:08  Zone: Zone2                    	177	162	15
10:53:58  Camera: Shop A                                  	177	165
10:54:00  Zone: Zone1                    	181	198	-17
10:54:00  Zone: Zone2                    	177	165	12
10:54:59  Camera: Shop A                                  	181	168
10:55:10  Zone: Zone1                    	184	202	-18
10:55:10  Zone: Zone2                    	181	168	13
10:55:11  Camera: Level 1 Science Centre Entry 1          	0	3
10:55:26  Zone: Zone1                    	184	204	-20
10:56:00  Camera: Shop A                                  	183	176
10:56:00  Zone: Zone1                    	192	206	-14
10:56:00  Zone: Zone2                    	183	176	7
10:57:01  Camera: Shop A                                  	187	179
10:57:10  Zone: Zone1                    	195	210	-15
10:57:10  Zone: Zone2                    	187	179	8
10:58:02  Camera: Shop A                                  	189	182
10:58:03  Zone: Zone1                    	198	212	-14
10:58:03  Zone: Zone2                    	189	182	7
10:59:03  Camera: Shop A                                  	189	184
10:59:07  Camera: Level 2 Main Entry                      	16	16
10:59:12  Zone: Zone1                    	201	212	-11
10:59:12  Zone: Zone2                    	189	184	5
11:00:05  Camera: Shop A                                  	195	184
11:00:05  Logging to daily summary: "11:00 66 72 -13 69 65 8"
11:00:05  Service running OK
11:00:20  Zone: Zone1                    	201	218	-17
11:00:20  Zone: Zone2                    	195	184	11
11:01:06  Camera: Shop A                                  	196	193
11:01:12  Zone: Zone1                    	210	219	-9
11:01:12  Zone: Zone2                    	196	193	3
11:02:07  Camera: Shop A                                  	198	193
11:02:22  Zone: Zone1                    	210	221	-11
11:02:22  Zone: Zone2                    	198	193	5
11:04:09  Camera: Shop A                                  	200	193
11:04:09  Zone: Zone1                    	210	223	-13
11:04:09  Zone: Zone2                    	200	193	7
11:05:10  Camera: Shop A                                  	202	196
11:05:18  Zone: Zone1                    	213	225	-12
11:05:18  Zone: Zone2                    	202	196	6
11:06:11  Camera: Shop A                                  	207	196
11:06:11  Zone: Zone1                    	213	230	-17
11:06:11  Zone: Zone2                    	207	196	11
11:07:12  Camera: Shop A                                  	209	199
11:07:21  Zone: Zone1                    	216	232	-16
11:07:21  Zone: Zone2                    	209	199	10
11:08:13  Camera: Shop A                                  	209	200
11:08:13  Zone: Zone1                    	217	232	-15
11:08:13  Zone: Zone2                    	209	200	9
11:09:14  Camera: Shop A                                  	213	201
11:09:23  Zone: Zone1                    	218	236	-18
11:09:23  Zone: Zone2                    	213	201	12
11:10:15  Camera: Shop A                                  	215	201
11:10:15  Zone: Zone1                    	218	238	-20
11:10:15  Zone: Zone2                    	215	201	14
11:11:16  Camera: Shop A                                  	215	205
11:11:25  Zone: Zone1                    	222	238	-16
11:11:25  Zone: Zone2                    	215	205	10
11:12:17  Camera: Shop A                                  	219	207
11:12:17  Zone: Zone1                    	224	242	-18
11:12:17  Zone: Zone2                    	219	207	12
11:13:18  Camera: Shop A                                  	223	216
11:13:27  Zone: Zone1                    	233	246	-13
11:13:27  Zone: Zone2                    	223	216	7
11:15:16  Service running OK
11:15:21  Camera: Shop A                                  	225	216
11:15:31  Zone: Zone1                    	233	248	-15
11:15:31  Zone: Zone2                    	225	216	9
11:16:22  Camera: Shop A                                  	225	218
11:16:23  Zone: Zone1                    	235	248	-13
11:16:23  Zone: Zone2                    	225	218	7
11:17:23  Camera: Shop A                                  	228	218
11:17:33  Zone: Zone1                    	235	251	-16
11:17:33  Zone: Zone2                    	228	218	10
11:18:24  Camera: Shop A                                  	236	218
11:18:25  Zone: Zone1                    	235	259	-24
11:18:25  Zone: Zone2                    	236	218	18
11:19:25  Camera: Shop A                                  	236	222
11:19:35  Zone: Zone1                    	239	259	-20
11:19:35  Zone: Zone2                    	236	222	14
11:20:26  Camera: Shop A                                  	236	224
11:20:27  Zone: Zone1                    	241	259	-18
11:20:27  Zone: Zone2                    	236	224	12
11:21:27  Camera: Shop A                                  	237	233
11:21:37  Zone: Zone1                    	250	260	-10
11:21:37  Zone: Zone2                    	237	233	4
11:22:28  Camera: Shop A                                  	247	234
11:22:29  Zone: Zone1                    	251	270	-19
11:22:29  Zone: Zone2                    	247	234	13
11:23:29  Camera: Shop A                                  	250	234
11:23:39  Zone: Zone1                    	251	273	-22
11:23:39  Zone: Zone2                    	250	234	16
11:24:30  Camera: Shop A                                  	252	239
11:24:31  Zone: Zone1                    	256	275	-19
11:24:31  Zone: Zone2                    	252	239	13
11:25:32  Camera: Shop A                                  	253	242
11:25:41  Zone: Zone1                    	259	276	-17
11:25:41  Zone: Zone2                    	253	242	11
11:26:33  Camera: Shop A                                  	257	243
11:26:33  Zone: Zone1                    	260	280	-20
11:26:33  Zone: Zone2                    	257	243	14
11:27:35  Camera: Shop A                                  	260	246
11:27:43  Zone: Zone1                    	263	283	-20
11:27:43  Zone: Zone2                    	260	246	14
11:29:38  Camera: Shop A                                  	261	246
11:29:47  Zone: Zone1                    	263	284	-21
11:29:47  Zone: Zone2                    	261	246	15
11:30:06  Logging to daily summary: "11:30 62 72 -16 72 62 10"
11:30:06  Service running OK
11:30:39  Camera: Shop A                                  	263	251
11:30:39  Zone: Zone1                    	268	286	-18
11:30:39  Zone: Zone2                    	263	251	12
11:31:41  Camera: Shop A                                  	264	251
11:31:49  Zone: Zone1                    	268	287	-19
11:31:49  Zone: Zone2                    	264	251	13
11:33:43  Camera: Shop A                                  	264	254
11:33:53  Zone: Zone1                    	271	287	-16
11:33:53  Zone: Zone2                    	264	254	10
11:34:44  Camera: Shop A                                  	266	254
11:34:45  Zone: Zone1                    	271	289	-18
11:34:45  Zone: Zone2                    	266	254	12
11:35:45  Camera: Shop A                                  	269	254
11:35:55  Zone: Zone1                    	271	292	-21
11:35:55  Zone: Zone2                    	269	254	15
11:37:48  Camera: Shop A                                  	269	261
11:37:59  Zone: Zone1                    	278	292	-14
11:37:59  Zone: Zone2                    	269	261	8
11:38:49  Camera: Shop A                                  	270	261
11:38:51  Zone: Zone1                    	278	293	-15
11:38:51  Zone: Zone2                    	270	261	9
11:39:50  Camera: Shop A                                  	277	263
11:40:01  Zone: Zone1                    	280	300	-20
11:40:01  Zone: Zone2                    	277	263	14
11:40:51  Camera: Shop A                                  	277	265
11:40:53  Zone: Zone1                    	282	300	-18
11:40:53  Zone: Zone2                    	277	265	12
11:41:52  Camera: Shop A                                  	279	274
11:42:03  Zone: Zone1                    	291	302	-11
11:42:03  Zone: Zone2                    	279	274	5
11:42:53  Camera: Shop A                                  	282	278
11:42:55  Zone: Zone1                    	295	305	-10
11:42:55  Zone: Zone2                    	282	278	4
11:43:54  Camera: Shop A                                  	290	281
11:44:05  Zone: Zone1                    	298	313	-15
11:44:05  Zone: Zone2                    	290	281	9
11:44:55  Camera: Shop A                                  	291	291
11:44:57  Zone: Zone1                    	308	314	-6
11:44:57  Zone: Zone2                    	291	291	0
11:45:16  Service running OK
11:45:57  Camera: Shop A                                  	298	294
11:46:07  Zone: Zone1                    	311	321	-10
11:46:07  Zone: Zone2                    	298	294	4
11:46:58  Camera: Shop A                                  	301	294
11:46:59  Zone: Zone1                    	311	324	-13
11:46:59  Zone: Zone2                    	301	294	7
11:47:59  Camera: Shop A                                  	302	299
11:48:09  Zone: Zone1                    	316	325	-9
11:48:09  Zone: Zone2                    	302	299	3
11:49:00  Camera: Shop A                                  	302	300
11:49:01  Zone: Zone1                    	317	325	-8
11:49:01  Zone: Zone2                    	302	300	2
11:51:02  Camera: Shop A                                  	302	303
11:51:05  Zone: Zone1                    	320	325	-5
11:51:05  Zone: Zone2                    	302	303	-1
11:52:03  Camera: Shop A                                  	303	303
11:52:15  Zone: Zone1                    	320	326	-6
11:52:15  Zone: Zone2                    	303	303	0
11:53:04  Camera: Shop A                                  	306	305
11:53:07  Zone: Zone1                    	322	329	-7
11:53:07  Zone: Zone2                    	306	305	1
11:54:05  Camera: Shop A                                  	308	308
11:54:17  Zone: Zone1                    	325	331	-6
11:54:17  Zone: Zone2                    	308	308	0
11:55:06  Camera: Shop A                                  	312	308
11:55:09  Zone: Zone1                    	325	335	-10
11:55:09  Zone: Zone2                    	312	308	4
11:56:07  Camera: Shop A                                  	316	308
11:56:19  Zone: Zone1                    	325	339	-14
11:56:19  Zone: Zone2                    	316	308	8
11:57:08  Camera: Shop A                                  	322	315
11:57:11  Zone: Zone1                    	332	345	-13
11:57:11  Zone: Zone2                    	322	315	7
11:58:09  Camera: Shop A                                  	327	317
11:58:21  Zone: Zone1                    	334	350	-16
11:58:21  Zone: Zone2                    	327	317	10
11:59:10  Camera: Shop A                                  	327	318
11:59:13  Zone: Zone1                    	335	350	-15
11:59:13  Zone: Zone2                    	327	318	9
12:00:08  Logging to daily summary: "12:00 72 66 -12 66 72 6"
12:00:08  Service running OK
12:00:12  Camera: Shop A                                  	327	320
12:00:23  Zone: Zone1                    	337	350	-13
12:00:23  Zone: Zone2                    	327	320	7
12:01:13  Camera: Shop A                                  	328	325
12:01:15  Zone: Zone1                    	342	351	-9
12:01:15  Zone: Zone2                    	328	325	3
12:02:14  Camera: Shop A                                  	334	326
12:02:25  Zone: Zone1                    	343	357	-14
12:02:25  Zone: Zone2                    	334	326	8
12:03:15  Camera: Shop A                                  	335	328
12:03:17  Zone: Zone1                    	345	358	-13
12:03:17  Zone: Zone2                    	335	328	7
12:04:16  Camera: Shop A                                  	337	328
12:04:27  Zone: Zone1                    	345	360	-15
12:04:27  Zone: Zone2                    	337	328	9
12:05:17  Camera: Shop A                                  	339	334
12:05:19  Zone: Zone1                    	351	362	-11
12:05:19  Zone: Zone2                    	339	334	5
12:06:18  Camera: Shop A                                  	341	334
12:06:29  Zone: Zone1                    	351	364	-13
12:06:29  Zone: Zone2                    	341	334	7
12:07:19  Camera: Shop A                                  	345	334
12:07:21  Zone: Zone1                    	351	368	-17
12:07:21  Zone: Zone2                    	345	334	11
12:10:22  Camera: Shop A                                  	346	334
12:10:37  Zone: Zone1                    	351	369	-18
12:10:37  Zone: Zone2                    	346	334	12
12:11:23  Camera: Shop A                                  	356	336
12:11:29  Zone: Zone1                    	353	379	-26
12:11:29  Zone: Zone2                    	356	336	20
12:14:27  Camera: Shop A                                  	356	339
12:14:27  Zone: Zone1                    	356	379	-23
12:14:27  Zone: Zone2                    	356	339	17
12:15:04  Service running OK
12:15:28  Camera: Shop A                                  	358	342
12:15:37  Zone: Zone1                    	359	381	-22
12:15:37  Zone: Zone2                    	358	342	16
12:16:29  Camera: Shop A                                  	358	344
12:16:29  Zone: Zone1                    	361	381	-20
12:16:29  Zone: Zone2                    	358	344	14
12:17:30  Camera: Shop A                                  	358	345
12:17:39  Zone: Zone1                    	362	381	-19
12:17:39  Zone: Zone2                    	358	345	13
12:18:31  Camera: Shop A                                  	360	345
12:18:32  Zone: Zone1                    	362	383	-21
12:18:32  Zone: Zone2                    	360	345	15
12:19:42  Camera: Level 1 Science Centre Lift             	0	1
12:19:42  Zone: Zone1                    	362	384	-22
12:20:33  Camera: Shop A                                  	364	345
12:20:34  Zone: Zone1                    	362	388	-26
12:20:34  Zone: Zone2                    	364	345	19
12:20:43  Camera: Level 1 Science Centre Lift             	4	3
12:20:50  Zone: Zone1                    	366	390	-24
12:21:34  Camera: Shop A                                  	366	347
12:21:41  Zone: Zone1                    	368	392	-24
12:21:42  Zone: Zone2                    	366	347	19
12:22:35  Camera: Shop A                                  	367	349
12:22:35  Zone: Zone1                    	370	393	-23
12:22:35  Zone: Zone2                    	367	349	18
12:24:37  Camera: Shop A                                  	367	356
12:24:39  Zone: Zone1                    	377	393	-16
12:24:39  Zone: Zone2                    	367	356	11
12:25:38  Camera: Shop A                                  	372	358
12:25:49  Zone: Zone1                    	379	398	-19
12:25:49  Zone: Zone2                    	372	358	14
12:26:39  Camera: Shop A                                  	374	366
12:26:41  Zone: Zone1                    	387	400	-13
12:26:41  Zone: Zone2                    	374	366	8
12:27:41  Camera: Shop A                                  	374	369
12:27:51  Zone: Zone1                    	390	400	-10
12:27:51  Zone: Zone2                    	374	369	5
12:28:42  Camera: Shop A                                  	374	373
12:28:43  Zone: Zone1                    	394	400	-6
12:28:43  Zone: Zone2                    	374	373	1
12:29:43  Camera: Shop A                                  	377	373
12:29:53  Zone: Zone1                    	394	403	-9
12:29:53  Zone: Zone2                    	377	373	4
12:30:12  Logging to daily summary: "12:30 59 53 -17 50 55 11"
12:30:12  Service running OK
12:30:44  Camera: Shop A                                  	377	374
12:30:45  Zone: Zone1                    	395	403	-8
12:30:45  Zone: Zone2                    	377	374	3
12:31:45  Camera: Shop A                                  	379	374
12:31:55  Zone: Zone1                    	395	405	-10
12:31:55  Zone: Zone2                    	379	374	5
12:32:46  Camera: Shop A                                  	381	374
12:32:47  Zone: Zone1                    	395	407	-12
12:32:47  Zone: Zone2                    	381	374	7
12:33:47  Camera: Shop A                                  	383	374
12:33:57  Zone: Zone1                    	395	409	-14
12:33:57  Zone: Zone2                    	383	374	9
12:34:48  Camera: Shop A                                  	385	376
12:34:49  Zone: Zone1                    	397	411	-14
12:34:49  Zone: Zone2                    	385	376	9
12:36:50  Camera: Shop A                                  	386	376
12:36:54  Zone: Zone1                    	397	412	-15
12:36:54  Zone: Zone2                    	386	376	10
12:39:53  Camera: Shop A                                  	387	376
12:39:53  Zone: Zone1                    	397	413	-16
12:39:53  Zone: Zone2                    	387	376	11
12:40:54  Camera: Shop A                                  	395	378
12:41:03  Zone: Zone1                    	399	421	-22
12:41:03  Zone: Zone2                    	395	378	17
12:41:55  Camera: Shop A                                  	395	379
12:41:56  Zone: Zone1                    	400	421	-21
12:41:56  Zone: Zone2                    	395	379	16
12:42:57  Camera: Shop A                                  	397	383
12:43:05  Zone: Zone1                    	404	423	-19
12:43:05  Zone: Zone2                    	397	383	14
12:43:58  Camera: Shop A                                  	398	385
12:43:58  Zone: Zone1                    	406	424	-18
12:43:58  Zone: Zone2                    	398	385	13
12:44:59  Camera: Shop A                                  	399	387
12:45:07  Zone: Zone1                    	408	425	-17
12:45:07  Zone: Zone2                    	399	387	12
12:45:07  Service running OK
12:46:00  Camera: Shop A                                  	402	389
12:46:00  Zone: Zone1                    	410	428	-18
12:46:00  Zone: Zone2                    	402	389	13
12:47:01  Camera: Shop A                                  	402	393
12:47:09  Zone: Zone1                    	414	428	-14
12:47:09  Zone: Zone2                    	402	393	9
12:48:02  Camera: Shop A                                  	405	395
12:48:02  Zone: Zone1                    	416	431	-15
12:48:02  Zone: Zone2                    	405	395	10
12:49:03  Camera: Shop A                                  	405	397
12:49:12  Zone: Zone1                    	418	431	-13
12:49:12  Zone: Zone2                    	405	397	8
12:49:17  Camera: Level 1 Science Centre Entry 2          	2	2
12:49:28  Zone: Zone1                    	420	433	-13
12:50:04  Camera: Shop A                                  	406	399
12:50:04  Zone: Zone1                    	422	434	-12
12:50:04  Zone: Zone2                    	406	399	7
12:50:18  Camera: Level 1 Science Centre Entry 2          	2	4
12:50:20  Zone: Zone1                    	422	436	-14
12:52:06  Camera: Shop A                                  	408	404
12:52:06  Zone: Zone1                    	427	438	-11
12:52:06  Zone: Zone2                    	408	404	4
12:53:07  Camera: Shop A                                  	412	409
12:53:16  Zone: Zone1                    	432	442	-10
12:53:16  Zone: Zone2                    	412	409	3
12:55:09  Camera: Shop A                                  	414	410
12:55:20  Zone: Zone1                    	433	444	-11
12:55:20  Zone: Zone2                    	414	410	4
12:57:12  Camera: Shop A                                  	419	411
12:57:24  Zone: Zone1                    	434	449	-15
12:57:24  Zone: Zone2                    	419	411	8
12:58:13  Camera: Shop A                                  	422	414
12:58:16  Zone: Zone1                    	437	452	-15
12:58:16  Zone: Zone2                    	422	414	8
12:59:14  Camera: Shop A                                  	424	421
12:59:26  Zone: Zone1                    	444	454	-10
12:59:26  Zone: Zone2                    	424	421	3
13:00:03  Logging to daily summary: "13:00 50 51 -14 47 48 8"
13:00:03  Service running OK
13:00:15  Camera: Shop A                                  	432	421
13:00:18  Zone: Zone1                    	444	462	-18
13:00:18  Zone: Zone2                    	432	421	11
13:01:16  Camera: Shop A                                  	435	421
13:01:28  Zone: Zone1                    	444	465	-21
13:01:28  Zone: Zone2                    	435	421	14
13:02:17  Camera: Shop A                                  	437	429
13:02:20  Zone: Zone1                    	452	467	-15
13:02:20  Zone: Zone2                    	437	429	8
13:03:18  Camera: Shop A                                  	441	429
13:03:30  Zone: Zone1                    	452	471	-19
13:03:30  Zone: Zone2                    	441	429	12
13:04:19  Camera: Shop A                                  	443	430
13:04:22  Zone: Zone1                    	453	473	-20
13:04:22  Zone: Zone2                    	443	430	13
13:06:21  Camera: Shop A                                  	443	432
13:06:26  Zone: Zone1                    	455	473	-18
13:06:26  Zone: Zone2                    	443	432	11
13:07:22  Camera: Shop A                                  	443	437
13:07:36  Zone: Zone1                    	460	473	-13
13:07:36  Zone: Zone2                    	443	437	6
13:08:23  Camera: Shop A                                  	454	442
13:08:28  Zone: Zone1                    	465	484	-19
13:08:28  Zone: Zone2                    	454	442	12
13:12:28  Camera: Shop A                                  	455	442
13:12:38  Zone: Zone1                    	465	485	-20
13:12:38  Zone: Zone2                    	455	442	13
13:13:29  Camera: Shop A                                  	460	443
13:13:30  Zone: Zone1                    	466	490	-24
13:13:30  Zone: Zone2                    	460	443	17
13:14:30  Camera: Shop A                                  	462	443
13:14:40  Zone: Zone1                    	466	492	-26
13:14:40  Zone: Zone2                    	462	443	19
13:15:17  Service running OK
13:15:31  Camera: Shop A                                  	464	446
13:15:32  Zone: Zone1                    	469	494	-25
13:15:32  Zone: Zone2                    	464	446	18
13:16:32  Camera: Shop A                                  	464	450
13:16:46  Zone: Zone1                    	473	494	-21
13:16:46  Zone: Zone2                    	464	450	14
13:17:33  Camera: Shop A                                  	470	451
13:17:38  Zone: Zone1                    	474	500	-26
13:17:38  Zone: Zone2                    	470	451	19
13:18:34  Camera: Shop A                                  	471	453
13:18:48  Zone: Zone1                    	476	501	-25
13:18:48  Zone: Zone2                    	471	453	18
13:19:35  Camera: Shop A                                  	472	453
13:19:40  Zone: Zone1                    	476	502	-26
13:19:40  Zone: Zone2                    	472	453	19
13:20:36  Camera: Shop A                                  	472	457
13:20:51  Zone: Zone1                    	480	502	-22
13:20:51  Zone: Zone2                    	472	457	15
13:21:37  Camera: Shop A                                  	474	461
13:21:43  Zone: Zone1                    	484	504	-20
13:21:43  Zone: Zone2                    	474	461	13
13:22:38  Camera: Shop A                                  	476	463
13:22:53  Zone: Zone1                    	486	506	-20
13:22:53  Zone: Zone2                    	476	463	13
13:23:39  Camera: Shop A                                  	476	468
13:23:45  Zone: Zone1                    	491	506	-15
13:23:45  Zone: Zone2                    	476	468	8
13:24:40  Camera: Shop A                                  	477	469
13:24:55  Zone: Zone1                    	492	507	-15
13:24:55  Zone: Zone2                    	477	469	8
13:25:41  Camera: Shop A                                  	483	470
13:25:47  Zone: Zone1                    	493	513	-20
13:25:47  Zone: Zone2                    	483	470	13
13:26:43  Camera: Shop A                                  	483	472
13:26:57  Zone: Zone1                    	495	513	-18
13:26:57  Zone: Zone2                    	483	472	11
13:27:44  Camera: Shop A                                  	485	472
13:27:49  Zone: Zone1                    	495	515	-20
13:27:49  Zone: Zone2                    	485	472	13
13:28:45  Camera: Shop A                                  	487	477
13:28:59  Zone: Zone1                    	500	517	-17
13:28:59  Zone: Zone2                    	487	477	10
13:29:46  Camera: Shop A                                  	494	478
13:29:52  Zone: Zone1                    	501	524	-23
13:29:52  Zone: Zone2                    	494	478	16
13:30:11  Logging to daily summary: "13:30 57 70 -20 70 57 13"
13:30:11  Service running OK
13:31:48  Camera: Shop A                                  	498	483
13:31:56  Zone: Zone1                    	506	528	-22
13:31:56  Zone: Zone2                    	498	483	15
13:32:49  Camera: Shop A                                  	500	490
13:32:49  Zone: Zone1                    	513	530	-17
13:32:49  Zone: Zone2                    	500	490	10
13:35:52  Camera: Shop A                                  	503	492
13:36:05  Zone: Zone1                    	515	533	-18
13:36:05  Zone: Zone2                    	503	492	11
13:37:54  Camera: Shop A                                  	505	492
13:38:09  Zone: Zone1                    	515	535	-20
13:38:09  Zone: Zone2                    	505	492	13
13:38:55  Camera: Shop A                                  	505	498
13:39:01  Zone: Zone1                    	521	535	-14
13:39:01  Zone: Zone2                    	505	498	7
13:39:56  Camera: Shop A                                  	510	499
13:40:11  Zone: Zone1                    	522	540	-18
13:40:11  Zone: Zone2                    	510	499	11
13:40:57  Camera: Shop A                                  	511	502
13:41:03  Zone: Zone1                    	525	541	-16
13:41:03  Zone: Zone2                    	511	502	9
13:41:59  Camera: Shop A                                  	512	502
13:42:13  Zone: Zone1                    	525	542	-17
13:42:13  Zone: Zone2                    	512	502	10
13:43:00  Camera: Shop A                                  	514	506
13:43:05  Zone: Zone1                    	529	544	-15
13:43:05  Zone: Zone2                    	514	506	8
13:44:01  Camera: Shop A                                  	515	508
13:44:15  Zone: Zone1                    	531	545	-14
13:44:15  Zone: Zone2                    	515	508	7
13:45:02  Camera: Shop A                                  	516	510
13:45:07  Zone: Zone1                    	533	546	-13
13:45:07  Zone: Zone2                    	516	510	6
13:45:07  Service running OK
13:46:03  Camera: Shop A                                  	519	510
13:46:16  Zone: Zone1                    	533	549	-16
13:46:16  Zone: Zone2                    	519	510	9
13:48:05  Camera: Shop A                                  	521	512
13:48:20  Zone: Zone1                    	535	551	-16
13:48:20  Zone: Zone2                    	521	512	9
13:51:08  Camera: Shop A                                  	523	516
13:51:18  Zone: Zone1                    	539	553	-14
13:51:18  Zone: Zone2                    	523	516	7
13:52:09  Camera: Shop A                                  	527	518
13:52:10  Zone: Zone1                    	541	557	-16
13:52:10  Zone: Zone2                    	527	518	9
13:53:10  Camera: Shop A                                  	528	520
13:53:20  Zone: Zone1                    	543	558	-15
13:53:20  Zone: Zone2                    	528	520	8
13:54:11  Camera: Shop A                                  	528	524
13:54:12  Zone: Zone1                    	547	558	-11
13:54:12  Zone: Zone2                    	528	524	4
13:55:12  Camera: Shop A                                  	529	528
13:55:22  Zone: Zone1                    	551	559	-8
13:55:22  Zone: Zone2                    	529	528	1
13:56:13  Camera: Shop A                                  	535	528
13:56:14  Zone: Zone1                    	551	565	-14
13:56:14  Zone: Zone2                    	535	528	7
13:57:15  Camera: Shop A                                  	540	531
13:57:24  Zone: Zone1                    	554	570	-16
13:57:24  Zone: Zone2                    	540	531	9
13:58:16  Camera: Shop A                                  	544	532
13:58:16  Zone: Zone1                    	555	574	-19
13:58:16  Zone: Zone2                    	544	532	12
13:59:17  Camera: Shop A                                  	546	534
13:59:26  Zone: Zone1                    	557	576	-19
13:59:26  Zone: Zone2                    	546	534	12
13:59:34  Camera: Level 2 Lift                            	2	4
13:59:42  Zone: Zone1                    	558	576	-18
14:00:01  Logging to daily summary: "14:00 57 52 -16 52 56 9"
14:00:01  Service running OK
14:00:18  Camera: Shop A                                  	548	535
14:00:18  Zone: Zone1                    	559	578	-19
14:00:18  Zone: Zone2                    	548	535	13
14:01:19  Camera: Shop A                                  	548	541
14:01:27  Zone: Zone1                    	565	578	-13
14:01:27  Zone: Zone2                    	548	541	7
14:02:20  Camera: Shop A                                  	549	546
14:02:20  Zone: Zone1                    	570	579	-9
14:02:20  Zone: Zone2                    	549	546	3
14:03:21  Camera: Shop A                                  	555	549
14:03:30  Zone: Zone1                    	573	585	-12
14:03:30  Zone: Zone2                    	555	549	6
14:04:22  Camera: Shop A                                  	560	549
14:04:22  Zone: Zone1                    	573	590	-17
14:04:22  Zone: Zone2                    	560	549	11
14:05:23  Camera: Shop A                                  	560	556
14:05:32  Zone: Zone1                    	580	590	-10
14:05:32  Zone: Zone2                    	560	556	4
14:06:24  Camera: Shop A                                  	560	562
14:06:24  Zone: Zone1                    	586	590	-4
14:06:24  Zone: Zone2                    	560	562	-2
14:07:25  Camera: Shop A                                  	567	565
14:07:34  Zone: Zone1                    	589	597	-8
14:07:34  Zone: Zone2                    	567	565	2
14:08:26  Camera: Shop A                                  	567	566
14:08:26  Zone: Zone1                    	590	597	-7
14:08:26  Zone: Zone2                    	567	566	1
14:09:27  Camera: Shop A                                  	568	569
14:09:36  Zone: Zone1                    	593	598	-5
14:09:36  Zone: Zone2                    	568	569	-1
14:10:28  Camera: Shop A                                  	573	570
14:10:28  Zone: Zone1                    	594	603	-9
14:10:28  Zone: Zone2                    	573	570	3
14:11:29  Camera: Shop A                                  	575	575
14:11:38  Zone: Zone1                    	599	605	-6
14:11:38  Zone: Zone2                    	575	575	0
14:12:31  Camera: Shop A                                  	578	575
14:12:31  Zone: Zone1                    	599	608	-9
14:12:31  Zone: Zone2                    	578	575	3
14:13:32  Camera: Shop A                                  	578	578
14:13:40  Zone: Zone1                    	602	608	-6
14:13:40  Zone: Zone2                    	578	578	0
14:14:33  Camera: Shop A                                  	579	580
14:14:33  Zone: Zone1                    	604	609	-5
14:14:33  Zone: Zone2                    	579	580	-1
14:15:09  Service running OK
14:15:34  Camera: Shop A                                  	581	580
14:15:42  Zone: Zone1                    	604	611	-7
14:15:42  Zone: Zone2                    	581	580	1
14:16:35  Camera: Shop A                                  	584	583
14:16:35  Zone: Zone1                    	607	614	-7
14:16:35  Zone: Zone2                    	584	583	1
14:17:36  Camera: Shop A                                  	584	585
14:17:44  Zone: Zone1                    	609	614	-5
14:17:44  Zone: Zone2                    	584	585	-1
14:18:37  Camera: Shop A                                  	586	585
14:18:37  Zone: Zone1                    	609	616	-7
14:18:37  Zone: Zone2                    	586	585	1
14:19:38  Camera: Shop A                                  	586	588
14:19:47  Zone: Zone1                    	612	616	-4
14:19:47  Zone: Zone2                    	586	588	-2
14:20:39  Camera: Shop A                                  	594	590
14:20:39  Zone: Zone1                    	614	624	-10
14:20:39  Zone: Zone2                    	594	590	4
14:21:40  Camera: Shop A                                  	596	590
14:21:49  Zone: Zone1                    	614	626	-12
14:21:49  Zone: Zone2                    	596	590	6
14:22:41  Camera: Shop A                                  	599	590
14:22:41  Zone: Zone1                    	614	629	-15
14:22:41  Zone: Zone2                    	599	590	9
14:23:42  Camera: Shop A                                  	599	597
14:23:51  Zone: Zone1                    	621	629	-8
14:23:51  Zone: Zone2                    	599	597	2
14:24:43  Camera: Shop A                                  	599	598
14:24:43  Zone: Zone1                    	622	629	-7
14:24:43  Zone: Zone2                    	599	598	1
14:25:44  Camera: Shop A                                  	599	599
14:25:53  Zone: Zone1                    	623	629	-6
14:25:53  Zone: Zone2                    	599	599	0
14:26:45  Camera: Shop A                                  	600	599
14:26:46  Zone: Zone1                    	623	630	-7
14:26:46  Zone: Zone2                    	600	599	1
14:27:47  Camera: Shop A                                  	603	600
14:27:55  Zone: Zone1                    	624	633	-9
14:27:55  Zone: Zone2                    	603	600	3
14:28:48  Camera: Shop A                                  	606	604
14:28:48  Zone: Zone1                    	628	636	-8
14:28:48  Zone: Zone2                    	606	604	2
14:29:49  Camera: Shop A                                  	609	607
14:29:57  Zone: Zone1                    	631	639	-8
14:29:57  Zone: Zone2                    	609	607	2
14:30:16  Logging to daily summary: "14:30 73 63 -8 63 73 2"
14:30:16  Service running OK
14:31:51  Camera: Shop A                                  	610	609
14:32:01  Zone: Zone1                    	633	640	-7
14:32:01  Zone: Zone2                    	610	609	1
14:32:52  Camera: Shop A                                  	613	611
14:32:53  Zone: Zone1                    	635	643	-8
14:32:53  Zone: Zone2                    	613	611	2
14:33:53  Camera: Shop A                                  	614	614
14:34:03  Zone: Zone1                    	638	644	-6
14:34:03  Zone: Zone2                    	614	614	0
14:34:54  Camera: Shop A                                  	616	617
14:34:55  Zone: Zone1                    	641	646	-5
14:34:55  Zone: Zone2                    	616	617	-1
14:35:55  Camera: Shop A                                  	616	619
14:36:05  Zone: Zone1                    	643	646	-3
14:36:05  Zone: Zone2                    	616	619	-3
14:36:56  Camera: Shop A                                  	620	621
14:36:57  Zone: Zone1                    	645	650	-5
14:36:57  Zone: Zone2                    	620	621	-1
14:37:57  Camera: Shop A                                  	634	621
14:38:07  Zone: Zone1                    	645	664	-19
14:38:07  Zone: Zone2                    	634	621	13
14:39:59  Camera: Shop A                                  	634	623
14:40:11  Zone: Zone1                    	647	664	-17
14:40:11  Zone: Zone2                    	634	623	11
14:41:00  Camera: Shop A                                  	634	627
14:41:03  Zone: Zone1                    	651	664	-13
14:41:03  Zone: Zone2                    	634	627	7
14:42:01  Camera: Shop A                                  	636	630
14:42:13  Zone: Zone1                    	654	666	-12
14:42:13  Zone: Zone2                    	636	630	6
14:44:04  Camera: Shop A                                  	639	631
14:44:17  Zone: Zone1                    	655	669	-14
14:44:17  Zone: Zone2                    	639	631	8
14:45:05  Camera: Shop A                                  	641	634
14:45:09  Zone: Zone1                    	658	671	-13
14:45:09  Zone: Zone2                    	641	634	7
14:45:09  Service running OK
14:46:06  Camera: Shop A                                  	646	636
14:46:19  Zone: Zone1                    	660	676	-16
14:46:19  Zone: Zone2                    	646	636	10
14:47:07  Camera: Shop A                                  	646	640
14:47:11  Zone: Zone1                    	664	676	-12
14:47:11  Zone: Zone2                    	646	640	6
14:49:09  Camera: Shop A                                  	654	642
14:49:15  Zone: Zone1                    	666	684	-18
14:49:15  Zone: Zone2                    	654	642	12
14:50:10  Camera: Shop A                                  	662	642
14:50:25  Zone: Zone1                    	666	692	-26
14:50:25  Zone: Zone2                    	662	642	20
14:51:11  Camera: Shop A                                  	664	642
14:51:17  Zone: Zone1                    	666	694	-28
14:51:17  Zone: Zone2                    	664	642	22
14:52:12  Camera: Shop A                                  	665	642
14:52:27  Zone: Zone1                    	666	695	-29
14:52:27  Zone: Zone2                    	665	642	23
14:53:13  Camera: Shop A                                  	667	650
14:53:19  Zone: Zone1                    	674	697	-23
14:53:19  Zone: Zone2                    	667	650	17
14:54:14  Camera: Shop A                                  	670	651
14:54:29  Zone: Zone1                    	675	700	-25
14:54:29  Zone: Zone2                    	670	651	19
14:55:15  Camera: Shop A                                  	670	655
14:55:21  Zone: Zone1                    	679	700	-21
14:55:21  Zone: Zone2                    	670	655	15
14:56:16  Camera: Shop A                                  	672	656
14:56:31  Zone: Zone1                    	680	702	-22
14:56:31  Zone: Zone2                    	672	656	16
14:57:17  Camera: Shop A                                  	677	657
14:57:23  Zone: Zone1                    	681	707	-26
14:57:23  Zone: Zone2                    	677	657	20
14:58:19  Camera: Shop A                                  	680	662
14:58:33  Zone: Zone1                    	686	710	-24
14:58:33  Zone: Zone2                    	680	662	18
14:59:20  Camera: Shop A                                  	683	664
14:59:25  Zone: Zone1                    	688	713	-25
14:59:25  Zone: Zone2                    	683	664	19
15:00:02  Logging to daily summary: "15:00 57 74 -15 74 57 9"
15:00:02  Service running OK
15:00:21  Camera: Shop A                                  	685	668
15:00:35  Zone: Zone1                    	692	715	-23
15:00:35  Zone: Zone2                    	685	668	17
15:01:22  Camera: Shop A                                  	685	670
15:01:27  Zone: Zone1                    	694	715	-21
15:01:27  Zone: Zone2                    	685	670	15
15:02:23  Camera: Shop A                                  	685	671
15:02:37  Zone: Zone1                    	695	715	-20
15:02:37  Zone: Zone2                    	685	671	14
15:03:24  Camera: Shop A                                  	686	676
15:03:29  Zone: Zone1                    	700	716	-16
15:03:29  Zone: Zone2                    	686	676	10
15:04:25  Camera: Shop A                                  	696	680
15:04:39  Zone: Zone1                    	704	726	-22
15:04:39  Zone: Zone2                    	696	680	16
15:05:26  Camera: Shop A                                  	702	683
15:05:31  Zone: Zone1                    	707	732	-25
15:05:31  Zone: Zone2                    	702	683	19
15:06:27  Camera: Shop A                                  	708	686
15:06:41  Zone: Zone1                    	710	738	-28
15:06:41  Zone: Zone2                    	708	686	22
15:07:28  Camera: Shop A                                  	709	690
15:07:33  Zone: Zone1                    	714	739	-25
15:07:33  Zone: Zone2                    	709	690	19
15:08:29  Camera: Shop A                                  	712	690
15:08:43  Zone: Zone1                    	714	742	-28
15:08:43  Zone: Zone2                    	712	690	22
15:09:30  Camera: Shop A                                  	712	692
15:09:35  Zone: Zone1                    	716	742	-26
15:09:35  Zone: Zone2                    	712	692	20
15:10:31  Camera: Shop A                                  	716	695
15:10:45  Zone: Zone1                    	719	746	-27
15:10:45  Zone: Zone2                    	716	695	21
15:11:32  Camera: Shop A                                  	717	696
15:11:37  Zone: Zone1                    	720	747	-27
15:11:37  Zone: Zone2                    	717	696	21
15:13:35  Camera: Shop A                                  	719	697
15:13:41  Zone: Zone1                    	721	749	-28
15:13:41  Zone: Zone2                    	719	697	22
15:14:36  Camera: Shop A                                  	721	698
15:14:51  Zone: Zone1                    	722	751	-29
15:14:51  Zone: Zone2                    	721	698	23
15:15:10  Service running OK
15:15:37  Camera: Shop A                                  	723	701
15:15:43  Zone: Zone1                    	725	753	-28
15:15:43  Zone: Zone2                    	723	701	22
15:16:38  Camera: Shop A                                  	723	702
15:16:53  Zone: Zone1                    	726	753	-27
15:16:53  Zone: Zone2                    	723	702	21
15:19:41  Camera: Shop A                                  	727	703
15:19:51  Zone: Zone1                    	727	757	-30
15:19:51  Zone: Zone2                    	727	703	24
15:20:42  Camera: Shop A                                  	730	710
15:20:43  Zone: Zone1                    	734	760	-26
15:20:43  Zone: Zone2                    	730	710	20
15:21:43  Camera: Shop A                                  	732	717
15:21:53  Zone: Zone1                    	741	762	-21
15:21:53  Zone: Zone2                    	732	717	15
15:22:44  Camera: Shop A                                  	740	723
15:22:45  Zone: Zone1                    	747	770	-23
15:22:45  Zone: Zone2                    	740	723	17
15:23:45  Camera: Shop A                                  	741	732
15:23:55  Zone: Zone1                    	756	771	-15
15:23:55  Zone: Zone2                    	741	732	9
15:24:46  Camera: Shop A                                  	748	732
15:24:47  Zone: Zone1                    	756	778	-22
15:24:47  Zone: Zone2                    	748	732	16
15:25:47  Camera: Shop A                                  	751	734
15:25:57  Zone: Zone1                    	758	781	-23
15:25:57  Zone: Zone2                    	751	734	17
15:26:48  Camera: Shop A                                  	752	747
15:26:49  Zone: Zone1                    	771	782	-11
15:26:49  Zone: Zone2                    	752	747	5
15:27:49  Camera: Shop A                                  	757	752
15:27:59  Zone: Zone1                    	776	787	-11
15:27:59  Zone: Zone2                    	757	752	5
15:28:51  Camera: Shop A                                  	770	754
15:28:51  Zone: Zone1                    	778	800	-22
15:28:51  Zone: Zone2                    	770	754	16
15:29:52  Camera: Shop A                                  	772	754
15:30:01  Zone: Zone1                    	778	802	-24
15:30:01  Zone: Zone2                    	772	754	18
15:30:01  Logging to daily summary: "15:30 90 89 -23 89 90 17"
15:30:01  Service running OK
15:30:53  Camera: Shop A                                  	773	758
15:30:53  Zone: Zone1                    	782	803	-21
15:30:53  Zone: Zone2                    	773	758	15
15:31:54  Camera: Shop A                                  	776	761
15:32:03  Zone: Zone1                    	785	806	-21
15:32:03  Zone: Zone2                    	776	761	15
15:32:55  Camera: Shop A                                  	778	762
15:32:55  Zone: Zone1                    	786	808	-22
15:32:55  Zone: Zone2                    	778	762	16
15:33:56  Camera: Shop A                                  	783	762
15:34:05  Zone: Zone1                    	786	813	-27
15:34:05  Zone: Zone2                    	783	762	21
15:34:57  Camera: Shop A                                  	789	762
15:34:57  Zone: Zone1                    	786	819	-33
15:34:57  Zone: Zone2                    	789	762	27
15:35:58  Camera: Shop A                                  	789	764
15:36:07  Zone: Zone1                    	788	819	-31
15:36:07  Zone: Zone2                    	789	764	25
15:36:59  Camera: Shop A                                  	795	765
15:36:59  Zone: Zone1                    	789	825	-36
15:36:59  Zone: Zone2                    	795	765	30
15:38:00  Camera: Shop A                                  	798	768
15:38:09  Zone: Zone1                    	792	828	-36
15:38:09  Zone: Zone2                    	798	768	30
15:39:01  Camera: Shop A                                  	800	770
15:39:01  Zone: Zone1                    	794	830	-36
15:39:01  Zone: Zone2                    	800	770	30
15:40:02  Camera: Shop A                                  	800	775
15:40:11  Zone: Zone1                    	799	830	-31
15:40:11  Zone: Zone2                    	800	775	25
15:41:03  Camera: Shop A                                  	801	775
15:41:03  Zone: Zone1                    	799	831	-32
15:41:03  Zone: Zone2                    	801	775	26
15:42:04  Camera: Shop A                                  	804	778
15:42:13  Zone: Zone1                    	802	834	-32
15:42:13  Zone: Zone2                    	804	778	26
15:43:05  Camera: Shop A                                  	807	782
15:43:06  Zone: Zone1                    	806	837	-31
15:43:06  Zone: Zone2                    	807	782	25
15:45:08  Camera: Shop A                                  	807	786
15:45:09  Zone: Zone1                    	810	837	-27
15:45:09  Zone: Zone2                    	807	786	21
15:45:09  Service running OK
15:46:09  Camera: Shop A                                  	810	787
15:46:19  Zone: Zone1                    	811	840	-29
15:46:19  Zone: Zone2                    	810	787	23
15:47:10  Camera: Shop A                                  	812	787
15:47:11  Zone: Zone1                    	811	842	-31
15:47:11  Zone: Zone2                    	812	787	25
15:48:11  Camera: Shop A                                  	815	787
15:48:21  Zone: Zone1                    	811	845	-34
15:48:21  Zone: Zone2                    	815	787	28
15:52:15  Camera: Shop A                                  	815	789
15:52:15  Zone: Zone1                    	813	845	-32
15:52:15  Zone: Zone2                    	815	789	26
15:53:16  Camera: Shop A                                  	817	789
15:53:25  Zone: Zone1                    	813	847	-34
15:53:25  Zone: Zone2                    	817	789	28
15:54:17  Camera: Shop A                                  	817	794
15:54:17  Zone: Zone1                    	818	847	-29
15:54:17  Zone: Zone2                    	817	794	23
15:55:18  Camera: Shop A                                  	829	794
15:55:27  Zone: Zone1                    	818	859	-41
15:55:27  Zone: Zone2                    	829	794	35
15:56:19  Camera: Shop A                                  	831	796
15:56:19  Zone: Zone1                    	820	861	-41
15:56:19  Zone: Zone2                    	831	796	35
15:57:20  Camera: Shop A                                  	833	796
15:57:29  Zone: Zone1                    	820	863	-43
15:57:29  Zone: Zone2                    	833	796	37
16:00:12  Logging to daily summary: "16:00 42 61 -32 61 42 26"
16:00:12  Service running OK
16:00:24  Camera: Shop A                                  	835	802
16:00:27  Zone: Zone1                    	826	865	-39
16:00:27  Zone: Zone2                    	835	802	33
16:02:27  Camera: Shop A                                  	837	804
16:02:31  Zone: Zone1                    	828	867	-39
16:02:31  Zone: Zone2                    	837	804	33
16:03:29  Camera: Shop A                                  	837	808
16:03:41  Zone: Zone1                    	832	867	-35
16:03:41  Zone: Zone2                    	837	808	29
16:04:30  Camera: Shop A                                  	839	808
16:04:33  Zone: Zone1                    	832	869	-37
16:04:33  Zone: Zone2                    	839	808	31
16:05:31  Camera: Shop A                                  	841	808
16:05:43  Zone: Zone1                    	832	871	-39
16:05:43  Zone: Zone2                    	841	808	33
16:06:32  Camera: Shop A                                  	841	809
16:06:35  Zone: Zone1                    	833	871	-38
16:06:35  Zone: Zone2                    	841	809	32
16:07:34  Camera: Shop A                                  	842	809
16:07:45  Zone: Zone1                    	833	872	-39
16:07:45  Zone: Zone2                    	842	809	33
16:15:16  Service running OK
16:15:43  Camera: Shop A                                  	842	811
16:15:49  Zone: Zone1                    	835	872	-37
16:15:49  Zone: Zone2                    	842	811	31
16:17:45  Camera: Shop A                                  	844	826
16:17:53  Zone: Zone1                    	850	874	-24
16:17:53  Zone: Zone2                    	844	826	18
16:18:46  Camera: Shop A                                  	851	832
16:18:46  Zone: Zone1                    	856	881	-25
16:18:46  Zone: Zone2                    	851	832	19
16:19:47  Camera: Shop A                                  	853	832
16:19:56  Zone: Zone1                    	856	883	-27
16:19:56  Zone: Zone2                    	853	832	21
16:20:48  Camera: Shop A                                  	856	834
16:20:50  Zone: Zone1                    	858	886	-28
16:20:50  Zone: Zone2                    	856	834	22
16:22:50  Camera: Shop A                                  	856	836
16:22:53  Zone: Zone1                    	860	886	-26
16:22:53  Zone: Zone2                    	856	836	20
16:23:51  Camera: Shop A                                  	858	837
16:24:03  Zone: Zone1                    	861	888	-27
16:24:03  Zone: Zone2                    	858	837	21
16:24:52  Camera: Shop A                                  	862	840
16:24:55  Zone: Zone1                    	864	892	-28
16:24:55  Zone: Zone2                    	862	840	22
16:25:53  Camera: Shop A                                  	865	841
16:26:05  Zone: Zone1                    	865	895	-30
16:26:05  Zone: Zone2                    	865	841	24
16:26:54  Camera: Shop A                                  	869	845
16:26:57  Zone: Zone1                    	869	899	-30
16:26:57  Zone: Zone2                    	869	845	24
16:27:56  Camera: Shop A                                  	871	845
16:28:07  Zone: Zone1                    	869	901	-32
16:28:07  Zone: Zone2                    	871	845	26
16:30:14  Logging to daily summary: "16:30 49 38 -34 38 49 28"
16:30:14  Service running OK
16:30:59  Camera: Shop A                                  	873	845
16:31:05  Zone: Zone1                    	869	903	-34
16:31:05  Zone: Zone2                    	873	845	28
16:33:01  Camera: Shop A                                  	873	847
16:33:09  Zone: Zone1                    	871	903	-32
16:33:09  Zone: Zone2                    	873	847	26
16:34:02  Camera: Shop A                                  	876	848
16:34:02  Zone: Zone1                    	872	906	-34
16:34:02  Zone: Zone2                    	876	848	28
16:36:04  Camera: Shop A                                  	876	856
16:36:05  Zone: Zone1                    	880	906	-26
16:36:05  Zone: Zone2                    	876	856	20
16:37:05  Camera: Shop A                                  	876	857
16:37:19  Zone: Zone1                    	881	906	-25
16:37:19  Zone: Zone2                    	876	857	19
16:38:06  Camera: Shop A                                  	876	858
16:38:20  Zone: Zone1                    	882	906	-24
16:38:20  Zone: Zone2                    	876	858	18
16:40:09  Camera: Shop A                                  	877	858
16:40:24  Zone: Zone1                    	882	907	-25
16:40:24  Zone: Zone2                    	877	858	19
16:43:16  Camera: Level 2 Main Entry                      	18	18
16:43:31  Zone: Zone1                    	884	909	-25
16:44:13  Camera: Shop A                                  	877	859
16:44:17  Camera: Level 2 Main Entry                      	24	22
16:44:23  Zone: Zone1                    	891	913	-22
16:44:23  Zone: Zone2                    	877	859	18
16:45:16  Service running OK
16:45:18  Camera: Level 2 Main Entry                      	29	24
16:45:31  Zone: Zone1                    	896	915	-19
16:46:15  Camera: Shop A                                  	877	862
16:46:19  Camera: Level 2 Main Entry                      	29	26
16:46:23  Zone: Zone1                    	899	917	-18
16:46:23  Zone: Zone2                    	877	862	15
16:47:16  Camera: Shop A                                  	881	862
16:47:32  Zone: Zone1                    	899	921	-22
16:47:32  Zone: Zone2                    	881	862	19
16:49:18  Camera: Shop A                                  	882	862
16:49:18  Zone: Zone1                    	899	922	-23
16:49:18  Zone: Zone2                    	882	862	20
16:50:19  Camera: Shop A                                  	885	864
16:50:28  Zone: Zone1                    	901	925	-24
16:50:28  Zone: Zone2                    	885	864	21
16:55:25  Camera: Shop A                                  	885	866
16:55:36  Zone: Zone1                    	903	925	-22
16:55:36  Zone: Zone2                    	885	866	19
16:56:26  Camera: Shop A                                  	886	867
16:56:28  Zone: Zone1                    	904	926	-22
16:56:28  Zone: Zone2                    	886	867	19
16:57:27  Camera: Shop A                                  	887	867
16:57:38  Zone: Zone1                    	904	927	-23
16:57:38  Zone: Zone2                    	887	867	20
16:58:29  Camera: Shop A                                  	889	872
16:58:35  Zone: Zone1                    	909	929	-20
16:58:35  Zone: Zone2                    	889	872	17
16:59:30  Camera: Shop A                                  	891	873
16:59:45  Zone: Zone1                    	910	931	-21
16:59:45  Zone: Zone2                    	891	873	18
17:00:04  Logging to daily summary: "17:00 41 30 -24 20 28 20"
17:00:04  Service running OK
17:00:31  Camera: Shop A                                  	891	875
17:00:37  Zone: Zone1                    	912	931	-19
17:00:37  Zone: Zone2                    	891	875	16
17:01:32  Camera: Shop A                                  	892	875
17:01:47  Zone: Zone1                    	912	932	-20
17:01:47  Zone: Zone2                    	892	875	17
17:07:38  Camera: Shop A                                  	892	876
17:07:38  Zone: Zone1                    	913	932	-19
17:07:38  Zone: Zone2                    	892	876	16
17:14:46  Camera: Shop A                                  	894	877
17:14:54  Zone: Zone1                    	914	934	-20
17:14:54  Zone: Zone2                    	894	877	17
17:15:13  Service running OK
17:15:47  Camera: Shop A                                  	896	877
17:15:47  Zone: Zone1                    	914	936	-22
17:15:47  Zone: Zone2                    	896	877	19
17:16:48  Camera: Shop A                                  	896	881
17:16:58  Zone: Zone1                    	918	936	-18
17:16:58  Zone: Zone2                    	896	881	15
17:17:49  Camera: Shop A                                  	896	883
17:17:50  Zone: Zone1                    	920	936	-16
17:17:50  Zone: Zone2                    	896	883	13
17:19:51  Camera: Shop A                                  	899	888
17:19:55  Zone: Zone1                    	925	939	-14
17:19:55  Zone: Zone2                    	899	888	11
17:20:52  Camera: Shop A                                  	901	888
17:21:05  Zone: Zone1                    	925	941	-16
17:21:05  Zone: Zone2                    	901	888	13
17:21:53  Camera: Shop A                                  	904	888
17:21:57  Zone: Zone1                    	925	944	-19
17:21:57  Zone: Zone2                    	904	888	16
17:30:10  Logging to daily summary: "17:30 15 13 -18 13 15 15"
17:30:10  Service running OK
17:31:03  Camera: Shop A                                  	904	892
17:31:03  Zone: Zone1                    	929	944	-15
17:31:03  Zone: Zone2                    	904	892	12
17:40:13  Camera: Shop A                                  	904	895
17:40:27  Zone: Zone1                    	932	944	-12
17:40:27  Zone: Zone2                    	904	895	9
17:45:16  Service running OK
17:50:23  Camera: Shop A                                  	908	895
17:50:37  Zone: Zone1                    	932	948	-16
17:50:37  Zone: Zone2                    	908	895	13
17:51:24  Camera: Shop A                                  	911	895
17:51:29  Zone: Zone1                    	932	951	-19
17:51:29  Zone: Zone2                    	911	895	16
18:00:14  Logging to daily summary: "18:00 7 7 -15 7 7 12"
18:00:14  Service running OK
18:06:22  Level 1 Science Centre Entry 1: The Irisys IP Manager destructor has flagged the thread to end.
18:06:38  Shop A: Main Data Collection loop has finished (g_bStopFlag=1, m_bEndThread=0).
18:06:42  Level 2 Main Entry: Main Data Collection loop has finished (g_bStopFlag=1, m_bEndThread=0).
