
07:28:01  RECAP $Revision: 3.13.2.13 $ ($State: Exp $) built 09:15:45, Aug  3 2010
07:28:01  Logging Counting Started
07:28:01  Start time: 09:30 (570 minutes past midnight)
07:28:01  Stop time: 22:00 (1320 minutes past midnight)
07:28:01  Log period: 30 minutes
07:28:01  Initialising 0 display(s)
07:28:01  Initialising 9 camera(s)
07:28:01  IrisysIP counter(s) in use, Starting BlackFin API
07:28:01  If RECAP crashes, check .NET framework and VCRedist are installed.
07:28:01  BlackFin API Started.
07:28:01  BlackFin API Started up OK. Version: 1.10.0.5
07:28:01  Initialising 2 zone(s)
07:28:01  Outputting 'Zone1' zone data to 'Zones\Zone1.txt'
07:28:01  Outputting 'Zone2' zone data to 'Zones\Zone2.txt'
07:28:01  Displaying shutdown on 0 display(s)
07:28:01  Waiting till start time
09:30:00  Start time reached
09:30:00  Adding Level 1 Science Centre Entry 1 thread to Watchdog
09:30:00  Level 1 Science Centre Entry 1: InCountCorrection set in registry to: 0
09:30:00  Level 1 Science Centre Entry 1: OutCountCorrection set in registry to: 0
09:30:00  Adding Level 1 Science Centre Entry 2 thread to Watchdog
09:30:00  Level 1 Science Centre Entry 2: InCountCorrection set in registry to: 0
09:30:00  Level 1 Science Centre Entry 2: OutCountCorrection set in registry to: 0
09:30:00  Adding Level 1 Science Centre Lift thread to Watchdog
09:30:00  Level 1 Science Centre Lift: InCountCorrection set in registry to: 0
09:30:00  Level 1 Science Centre Lift: OutCountCorrection set in registry to: 0
09:30:00  Adding Level 2 Main Entry thread to Watchdog
09:30:00  Level 2 Main Entry: InCountCorrection set in registry to: 0
09:30:00  Level 2 Main Entry: OutCountCorrection set in registry to: 0
09:30:00  Adding Level 2 Lift thread to Watchdog
09:30:00  Level 2 Lift: InCountCorrection set in registry to: 0
09:30:00  Level 2 Lift: OutCountCorrection set in registry to: 0
09:30:00  Adding Shop A thread to Watchdog
09:30:00  Shop A: InCountCorrection set in registry to: 0
09:30:00  Shop A: OutCountCorrection set in registry to: 0
09:30:00  Adding Shop B thread to Watchdog
09:30:00  Shop B: InCountCorrection set in registry to: 0
09:30:00  Shop B: OutCountCorrection set in registry to: 0
09:30:00  Adding Shop Whale Mall thread to Watchdog
09:30:00  Shop Whale Mall: InCountCorrection set in registry to: 0
09:30:00  Shop Whale Mall: OutCountCorrection set in registry to: 0
09:30:00  Adding Level 2 Cafe thread to Watchdog
09:30:00  Level 2 Cafe: InCountCorrection set in registry to: 0
09:30:00  Level 2 Cafe: OutCountCorrection set in registry to: 0
09:30:01  New day, Reset counts and busiest times in registry
09:30:01  Camera Level 1 Science Centre Entry 1 Counts 	= In:0, Out:0
09:30:01  Camera Level 1 Science Centre Entry 2 Counts 	= In:0, Out:0
09:30:01  Camera Level 1 Science Centre Lift Counts 	= In:0, Out:0
09:30:01  Camera Level 2 Main Entry Counts 	= In:0, Out:0
09:30:01  Camera Level 2 Lift Counts 	= In:0, Out:0
09:30:01  Camera Shop A Counts 	= In:0, Out:0
09:30:01  Camera Shop B Counts 	= In:0, Out:0
09:30:01  Camera Shop Whale Mall Counts 	= In:0, Out:0
09:30:01  Camera Level 2 Cafe Counts 	= In:0, Out:0
09:30:02  Starting main data collection loop.
09:30:05  Zone: Zone1                    	0	0	0
09:30:05  Zone: Zone2                    	0	0	0
09:30:05  Logging to daily summary: "09:30 0 0 0 0 0 0"
09:30:05  Service running OK
09:30:13  Level 2 Lift: Connect Success (5) (serial num:2158593872)
09:30:14  Level 2 Lift: MAC:00-21-AC-00-2F-8C IP Firmware:4.0.2.30311 Monitor Firmware:42.4.0.404
09:30:16  Level 2 Lift: Status msgs: 0,0
09:30:17  Level 2 Lift: Current DeviceID: DefaultID
09:30:30  Shop A: Connect Success (6) (serial num:2158593779)
09:30:31  Shop A: MAC:00-21-AC-00-30-21 IP Firmware:4.0.2.30311 Monitor Firmware:42.4.0.404
09:30:33  Shop A: Status msgs: 0,0
09:30:33  Shop A: Current DeviceID: DefaultID
09:30:57  Level 2 Main Entry: Connect Success (4) (serial num:2158593780)
09:30:58  Level 2 Main Entry: MAC:00-21-AC-00-30-D9 IP Firmware:4.0.2.30311 Monitor Firmware:42.4.0.404
09:31:00  Level 2 Main Entry: Status msgs: 0,0
09:31:00  Level 2 Main Entry: Current DeviceID: DefaultID
09:32:20  Initial Camera Level 2 Lift Counts 	= In:0, Out:0
09:32:24  Level 2 Lift: Date last reset in registry is not today (reset required): 09/01/12
09:32:24  Attempting to reset counts for IrisysIP Camera Level 2 Lift
09:33:20  Level 2 Lift: InCountCorrection set in registry to: 0
09:33:20  Level 2 Lift: OutCountCorrection set in registry to: 0
09:33:21  Level 2 Lift: has reset camera
09:33:21  Initial Camera Shop A Counts 	= In:540, Out:511
09:33:21  Camera: Level 2 Lift - Counts are now valid.
09:33:21  Initial Camera Level 2 Main Entry Counts 	= In:12, Out:6
09:33:25  Shop A: Date last reset in registry is not today (reset required): 09/01/12
09:33:25  Level 2 Main Entry: Date last reset in registry is not today (reset required): 09/01/12
09:33:25  Attempting to reset counts for IrisysIP Camera Shop A
09:33:25  Attempting to reset counts for IrisysIP Camera Level 2 Main Entry
09:33:36  Shop A: InCountCorrection set in registry to: 0
09:33:36  Shop A: OutCountCorrection set in registry to: 0
09:33:37  Shop A: has reset camera
09:33:37  Camera: Shop A - Counts are now valid.
09:34:03  Level 2 Main Entry: InCountCorrection set in registry to: 0
09:34:03  Level 2 Main Entry: OutCountCorrection set in registry to: 0
09:34:04  Level 2 Main Entry: has reset camera
09:34:04  Camera: Level 2 Main Entry - Counts are now valid.
09:34:22  Camera: Level 2 Lift                            	0	0
09:34:22  Level 2 Lift IrisysIP camera has reset
09:34:39  Camera: Shop A                                  	3	3
09:34:39  Zone: Zone1                    	3	3	0
09:34:39  Zone: Zone2                    	3	3	0
09:35:05  Camera: Level 2 Main Entry                      	0	0
09:35:05  Level 2 Main Entry IrisysIP camera has reset
09:35:40  Camera: Shop A                                  	4	7
09:35:46  Zone: Zone1                    	7	4	3
09:35:46  Zone: Zone2                    	4	7	-3
09:37:07  Camera: Level 2 Main Entry                      	3	0
09:37:14  Zone: Zone1                    	10	4	6
09:38:08  Camera: Level 2 Main Entry                      	7	0
09:38:08  Zone: Zone1                    	14	4	10
09:38:43  Camera: Shop A                                  	4	8
09:38:43  Zone: Zone1                    	15	4	11
09:38:43  Zone: Zone2                    	4	8	-4
09:39:09  Camera: Level 2 Main Entry                      	9	0
09:39:17  Zone: Zone1                    	17	4	13
09:39:44  Camera: Shop A                                  	5	13
09:39:51  Zone: Zone1                    	22	5	17
09:39:51  Zone: Zone2                    	5	13	-8
09:40:10  Camera: Level 2 Main Entry                      	9	2
09:40:25  Zone: Zone1                    	22	7	15
09:41:12  Camera: Level 2 Main Entry                      	11	3
09:41:17  Zone: Zone1                    	24	8	16
09:42:13  Camera: Level 2 Main Entry                      	12	5
09:42:27  Zone: Zone1                    	25	10	15
09:42:47  Camera: Shop A                                  	5	18
09:43:01  Zone: Zone1                    	30	10	20
09:43:01  Zone: Zone2                    	5	18	-13
09:45:08  Service running OK
09:45:50  Camera: Shop A                                  	10	18
09:45:59  Zone: Zone1                    	30	15	15
09:45:59  Zone: Zone2                    	10	18	-8
09:46:51  Camera: Shop A                                  	13	18
09:46:52  Zone: Zone1                    	30	18	12
09:46:52  Zone: Zone2                    	13	18	-5
09:47:53  Camera: Shop A                                  	17	20
09:48:01  Zone: Zone1                    	32	22	10
09:48:01  Zone: Zone2                    	17	20	-3
09:48:54  Camera: Shop A                                  	19	20
09:48:54  Zone: Zone1                    	32	24	8
09:48:54  Zone: Zone2                    	19	20	-1
09:49:55  Camera: Shop A                                  	23	24
09:50:03  Zone: Zone1                    	36	28	8
09:50:03  Zone: Zone2                    	23	24	-1
09:51:57  Camera: Shop A                                  	23	30
09:52:07  Zone: Zone1                    	42	28	14
09:52:07  Zone: Zone2                    	23	30	-7
09:52:58  Camera: Shop A                                  	27	32
09:52:59  Zone: Zone1                    	44	32	12
09:52:59  Zone: Zone2                    	27	32	-5
09:53:59  Camera: Shop A                                  	31	34
09:54:09  Zone: Zone1                    	46	36	10
09:54:09  Zone: Zone2                    	31	34	-3
09:55:00  Camera: Shop A                                  	34	34
09:55:01  Zone: Zone1                    	46	39	7
09:55:01  Zone: Zone2                    	34	34	0
09:56:01  Camera: Shop A                                  	37	38
09:56:11  Zone: Zone1                    	50	42	8
09:56:11  Zone: Zone2                    	37	38	-1
09:57:02  Camera: Shop A                                  	40	38
09:57:03  Zone: Zone1                    	50	45	5
09:57:03  Zone: Zone2                    	40	38	2
09:59:04  Camera: Shop A                                  	40	45
09:59:07  Zone: Zone1                    	57	45	12
09:59:07  Zone: Zone2                    	40	45	-5
10:00:02  Logging to daily summary: "10:00 57 45 9 40 45 -3"
10:00:02  Service running OK
10:00:06  Camera: Shop A                                  	47	47
10:00:17  Zone: Zone1                    	59	52	7
10:00:17  Zone: Zone2                    	47	47	0
10:01:07  Camera: Shop A                                  	47	50
10:01:09  Zone: Zone1                    	62	52	10
10:01:09  Zone: Zone2                    	47	50	-3
10:02:08  Camera: Shop A                                  	47	53
10:02:19  Zone: Zone1                    	65	52	13
10:02:19  Zone: Zone2                    	47	53	-6
10:03:09  Camera: Shop A                                  	52	59
10:03:11  Zone: Zone1                    	71	57	14
10:03:11  Zone: Zone2                    	52	59	-7
10:04:10  Camera: Shop A                                  	54	59
10:04:21  Zone: Zone1                    	71	59	12
10:04:21  Zone: Zone2                    	54	59	-5
10:05:11  Camera: Shop A                                  	54	63
10:05:13  Zone: Zone1                    	75	59	16
10:05:13  Zone: Zone2                    	54	63	-9
10:06:12  Camera: Shop A                                  	60	64
10:06:23  Zone: Zone1                    	76	65	11
10:06:23  Zone: Zone2                    	60	64	-4
10:08:14  Camera: Shop A                                  	64	64
10:08:27  Zone: Zone1                    	76	69	7
10:08:27  Zone: Zone2                    	64	64	0
10:09:15  Camera: Shop A                                  	69	67
10:09:19  Zone: Zone1                    	79	74	5
10:09:19  Zone: Zone2                    	69	67	2
10:10:16  Camera: Shop A                                  	69	69
10:10:29  Zone: Zone1                    	81	74	7
10:10:29  Zone: Zone2                    	69	69	0
10:12:18  Camera: Shop A                                  	78	71
10:12:33  Zone: Zone1                    	83	83	0
10:12:33  Zone: Zone2                    	78	71	7
10:13:20  Camera: Shop A                                  	82	72
10:13:25  Zone: Zone1                    	84	87	-3
10:13:25  Zone: Zone2                    	82	72	10
10:14:21  Camera: Shop A                                  	87	74
10:14:35  Zone: Zone1                    	86	92	-6
10:14:35  Zone: Zone2                    	87	74	13
10:15:12  Service running OK
10:15:22  Camera: Shop A                                  	91	76
10:15:27  Zone: Zone1                    	88	96	-8
10:15:27  Zone: Zone2                    	91	76	15
10:16:23  Camera: Shop A                                  	94	78
10:16:37  Zone: Zone1                    	90	99	-9
10:16:37  Zone: Zone2                    	94	78	16
10:17:24  Camera: Shop A                                  	98	79
10:17:29  Zone: Zone1                    	91	103	-12
10:17:29  Zone: Zone2                    	98	79	19
10:19:26  Camera: Shop A                                  	98	82
10:19:33  Zone: Zone1                    	94	103	-9
10:19:33  Zone: Zone2                    	98	82	16
10:20:27  Camera: Shop A                                  	98	85
10:20:27  Zone: Zone1                    	97	103	-6
10:20:27  Zone: Zone2                    	98	85	13
10:21:28  Camera: Shop A                                  	102	85
10:21:37  Zone: Zone1                    	97	107	-10
10:21:37  Zone: Zone2                    	102	85	17
10:23:30  Camera: Shop A                                  	102	87
10:23:41  Zone: Zone1                    	99	107	-8
10:23:41  Zone: Zone2                    	102	87	15
10:24:31  Camera: Shop A                                  	105	89
10:24:33  Zone: Zone1                    	101	110	-9
10:24:33  Zone: Zone2                    	105	89	16
10:24:58  Camera: Level 2 Main Entry                      	13	6
10:25:07  Zone: Zone1                    	102	111	-9
10:25:32  Camera: Shop A                                  	107	91
10:25:41  Zone: Zone1                    	104	113	-9
10:25:41  Zone: Zone2                    	107	91	16
10:26:34  Camera: Shop A                                  	116	94
10:26:34  Zone: Zone1                    	107	122	-15
10:26:34  Zone: Zone2                    	116	94	22
10:27:35  Camera: Shop A                                  	116	95
10:27:43  Zone: Zone1                    	108	122	-14
10:27:43  Zone: Zone2                    	116	95	21
10:28:36  Camera: Shop A                                  	117	95
10:28:36  Zone: Zone1                    	108	123	-15
10:28:36  Zone: Zone2                    	117	95	22
10:29:37  Camera: Shop A                                  	118	97
10:29:45  Zone: Zone1                    	110	124	-14
10:29:45  Zone: Zone2                    	118	97	21
10:30:04  Logging to daily summary: "10:30 53 79 -1 78 52 8"
10:30:04  Service running OK
10:30:38  Camera: Shop A                                  	120	97
10:30:38  Zone: Zone1                    	110	126	-16
10:30:38  Zone: Zone2                    	120	97	23
10:31:39  Camera: Shop A                                  	126	100
10:31:48  Zone: Zone1                    	113	132	-19
10:31:48  Zone: Zone2                    	126	100	26
10:32:40  Camera: Shop A                                  	127	102
10:32:40  Zone: Zone1                    	115	133	-18
10:32:40  Zone: Zone2                    	127	102	25
10:33:41  Camera: Shop A                                  	129	102
10:33:50  Zone: Zone1                    	115	135	-20
10:33:50  Zone: Zone2                    	129	102	27
10:35:43  Camera: Shop A                                  	134	104
10:35:54  Zone: Zone1                    	117	140	-23
10:35:54  Zone: Zone2                    	134	104	30
10:36:44  Camera: Shop A                                  	137	107
10:36:46  Zone: Zone1                    	120	143	-23
10:36:46  Zone: Zone2                    	137	107	30
10:37:45  Camera: Shop A                                  	137	110
10:37:56  Zone: Zone1                    	123	143	-20
10:37:56  Zone: Zone2                    	137	110	27
10:38:47  Camera: Shop A                                  	140	111
10:38:48  Zone: Zone1                    	124	146	-22
10:38:48  Zone: Zone2                    	140	111	29
10:39:48  Camera: Shop A                                  	142	119
10:39:58  Zone: Zone1                    	132	148	-16
10:39:58  Zone: Zone2                    	142	119	23
10:40:49  Camera: Shop A                                  	145	123
10:40:50  Zone: Zone1                    	136	151	-15
10:40:50  Zone: Zone2                    	145	123	22
10:41:50  Camera: Shop A                                  	145	127
10:42:00  Zone: Zone1                    	140	151	-11
10:42:00  Zone: Zone2                    	145	127	18
10:42:51  Camera: Shop A                                  	145	132
10:42:52  Zone: Zone1                    	145	151	-6
10:42:52  Zone: Zone2                    	145	132	13
10:43:52  Camera: Shop A                                  	146	143
10:44:02  Zone: Zone1                    	156	152	4
10:44:02  Zone: Zone2                    	146	143	3
10:44:53  Camera: Shop A                                  	149	145
10:44:54  Zone: Zone1                    	158	155	3
10:44:54  Zone: Zone2                    	149	145	4
10:45:13  Service running OK
10:45:54  Camera: Shop A                                  	150	149
10:46:04  Zone: Zone1                    	162	156	6
10:46:04  Zone: Zone2                    	150	149	1
10:46:55  Camera: Shop A                                  	158	149
10:46:56  Zone: Zone1                    	162	164	-2
10:46:56  Zone: Zone2                    	158	149	9
10:47:56  Camera: Shop A                                  	158	153
10:48:06  Zone: Zone1                    	166	164	2
10:48:06  Zone: Zone2                    	158	153	5
10:48:57  Camera: Shop A                                  	159	159
10:48:58  Zone: Zone1                    	172	165	7
10:48:58  Zone: Zone2                    	159	159	0
10:49:58  Camera: Shop A                                  	159	164
10:50:08  Zone: Zone1                    	177	165	12
10:50:08  Zone: Zone2                    	159	164	-5
10:50:59  Camera: Shop A                                  	165	167
10:51:00  Zone: Zone1                    	180	171	9
10:51:00  Zone: Zone2                    	165	167	-2
10:52:01  Camera: Shop A                                  	170	167
10:52:10  Zone: Zone1                    	180	176	4
10:52:10  Zone: Zone2                    	170	167	3
10:53:02  Camera: Shop A                                  	170	170
10:53:02  Zone: Zone1                    	183	176	7
10:53:02  Zone: Zone2                    	170	170	0
10:54:03  Camera: Shop A                                  	174	171
10:54:12  Zone: Zone1                    	184	180	4
10:54:12  Zone: Zone2                    	174	171	3
10:55:04  Camera: Shop A                                  	176	171
10:55:04  Zone: Zone1                    	184	182	2
10:55:04  Zone: Zone2                    	176	171	5
10:56:05  Camera: Shop A                                  	178	172
10:56:14  Zone: Zone1                    	185	184	1
10:56:14  Zone: Zone2                    	178	172	6
10:57:06  Camera: Shop A                                  	179	172
10:57:07  Zone: Zone1                    	185	185	0
10:57:07  Zone: Zone2                    	179	172	7
10:58:07  Camera: Shop A                                  	179	175
10:58:17  Zone: Zone1                    	188	185	3
10:58:17  Zone: Zone2                    	179	175	4
10:59:08  Camera: Shop A                                  	184	182
10:59:09  Zone: Zone1                    	195	190	5
10:59:09  Zone: Zone2                    	184	182	2
11:00:04  Logging to daily summary: "11:00 85 66 -5 66 85 12"
11:00:04  Service running OK
11:01:10  Camera: Shop A                                  	186	187
11:01:13  Zone: Zone1                    	200	192	8
11:01:13  Zone: Zone2                    	186	187	-1
11:03:12  Camera: Shop A                                  	188	187
11:03:17  Zone: Zone1                    	200	194	6
11:03:17  Zone: Zone2                    	188	187	1
11:05:15  Camera: Shop A                                  	190	190
11:05:21  Zone: Zone1                    	203	196	7
11:05:21  Zone: Zone2                    	190	190	0
11:06:16  Camera: Shop A                                  	194	190
11:06:31  Zone: Zone1                    	203	200	3
11:06:31  Zone: Zone2                    	194	190	4
11:08:18  Camera: Shop A                                  	194	192
11:08:18  Zone: Zone1                    	205	200	5
11:08:18  Zone: Zone2                    	194	192	2
11:10:20  Camera: Shop A                                  	194	197
11:10:21  Zone: Zone1                    	210	200	10
11:10:21  Zone: Zone2                    	194	197	-3
11:11:21  Camera: Shop A                                  	194	200
11:11:31  Zone: Zone1                    	213	200	13
11:11:31  Zone: Zone2                    	194	200	-6
11:12:22  Camera: Shop A                                  	195	200
11:12:23  Zone: Zone1                    	213	201	12
11:12:23  Zone: Zone2                    	195	200	-5
11:14:24  Camera: Shop A                                  	199	203
11:14:27  Zone: Zone1                    	216	205	11
11:14:27  Zone: Zone2                    	199	203	-4
11:15:04  Service running OK
11:16:26  Camera: Shop A                                  	203	203
11:16:31  Zone: Zone1                    	216	209	7
11:16:31  Zone: Zone2                    	203	203	0
11:18:29  Camera: Shop A                                  	206	206
11:18:35  Zone: Zone1                    	219	212	7
11:18:35  Zone: Zone2                    	206	206	0
11:19:30  Camera: Shop A                                  	211	208
11:19:45  Zone: Zone1                    	221	217	4
11:19:45  Zone: Zone2                    	211	208	3
11:21:32  Camera: Shop A                                  	211	210
11:21:32  Zone: Zone1                    	223	217	6
11:21:32  Zone: Zone2                    	211	210	1
11:22:33  Camera: Shop A                                  	213	211
11:22:42  Zone: Zone1                    	224	219	5
11:22:42  Zone: Zone2                    	213	211	2
11:23:34  Camera: Shop A                                  	214	212
11:23:34  Zone: Zone1                    	225	220	5
11:23:34  Zone: Zone2                    	214	212	2
11:26:37  Camera: Shop A                                  	214	215
11:26:50  Zone: Zone1                    	228	220	8
11:26:50  Zone: Zone2                    	214	215	-1
11:27:38  Camera: Shop A                                  	216	218
11:27:42  Zone: Zone1                    	231	222	9
11:27:42  Zone: Zone2                    	216	218	-2
11:28:39  Camera: Shop A                                  	218	218
11:28:52  Zone: Zone1                    	231	224	7
11:28:52  Zone: Zone2                    	218	218	0
11:29:40  Camera: Shop A                                  	221	218
11:29:44  Zone: Zone1                    	231	227	4
11:29:44  Zone: Zone2                    	221	218	3
11:30:03  Logging to daily summary: "11:30 36 37 7 37 36 0"
11:30:03  Service running OK
11:30:42  Camera: Shop A                                  	222	224
11:30:54  Zone: Zone1                    	237	228	9
11:30:54  Zone: Zone2                    	222	224	-2
11:31:43  Camera: Shop A                                  	225	224
11:31:46  Zone: Zone1                    	237	231	6
11:31:46  Zone: Zone2                    	225	224	1
11:32:44  Camera: Shop A                                  	225	228
11:32:56  Zone: Zone1                    	241	231	10
11:32:56  Zone: Zone2                    	225	228	-3
11:33:45  Camera: Shop A                                  	225	231
11:33:48  Zone: Zone1                    	244	231	13
11:33:48  Zone: Zone2                    	225	231	-6
11:34:46  Camera: Shop A                                  	228	233
11:34:58  Zone: Zone1                    	246	234	12
11:34:58  Zone: Zone2                    	228	233	-5
11:35:47  Camera: Shop A                                  	229	233
11:35:50  Zone: Zone1                    	246	235	11
11:35:50  Zone: Zone2                    	229	233	-4
11:36:48  Camera: Shop A                                  	231	233
11:37:00  Zone: Zone1                    	246	237	9
11:37:00  Zone: Zone2                    	231	233	-2
11:37:49  Camera: Shop A                                  	231	234
11:37:52  Zone: Zone1                    	247	237	10
11:37:52  Zone: Zone2                    	231	234	-3
11:38:50  Camera: Shop A                                  	237	240
11:39:02  Zone: Zone1                    	253	243	10
11:39:02  Zone: Zone2                    	237	240	-3
11:40:18  Camera: Level 2 Main Entry                      	13	7
11:40:30  Zone: Zone1                    	253	244	9
11:42:55  Camera: Shop A                                  	239	240
11:43:10  Zone: Zone1                    	253	246	7
11:43:10  Zone: Zone2                    	239	240	-1
11:43:21  Camera: Level 2 Main Entry                      	14	9
11:43:26  Zone: Zone1                    	254	248	6
11:43:56  Camera: Shop A                                  	240	242
11:44:00  Zone: Zone1                    	256	249	7
11:44:00  Zone: Zone2                    	240	242	-2
11:44:57  Camera: Shop A                                  	240	244
11:45:10  Zone: Zone1                    	258	249	9
11:45:10  Zone: Zone2                    	240	244	-4
11:45:10  Service running OK
11:45:58  Camera: Shop A                                  	241	246
11:46:02  Zone: Zone1                    	260	250	10
11:46:02  Zone: Zone2                    	241	246	-5
11:46:59  Camera: Shop A                                  	245	248
11:47:12  Zone: Zone1                    	262	254	8
11:47:12  Zone: Zone2                    	245	248	-3
11:47:25  Camera: Level 2 Main Entry                      	15	11
11:47:28  Zone: Zone1                    	263	256	7
11:48:26  Camera: Level 2 Main Entry                      	18	11
11:48:38  Zone: Zone1                    	266	256	10
11:50:02  Camera: Shop A                                  	245	250
11:50:06  Zone: Zone1                    	268	256	12
11:50:06  Zone: Zone2                    	245	250	-5
11:52:04  Camera: Shop A                                  	247	250
11:52:10  Zone: Zone1                    	268	258	10
11:52:10  Zone: Zone2                    	247	250	-3
11:54:06  Camera: Shop A                                  	251	252
11:54:14  Zone: Zone1                    	270	262	8
11:54:14  Zone: Zone2                    	251	252	-1
11:55:07  Camera: Shop A                                  	252	252
11:55:08  Zone: Zone1                    	270	263	7
11:55:08  Zone: Zone2                    	252	252	0
11:59:12  Camera: Shop A                                  	255	255
11:59:18  Zone: Zone1                    	273	266	7
11:59:18  Zone: Zone2                    	255	255	0
12:00:13  Logging to daily summary: "12:00 42 39 9 34 37 -2"
12:00:13  Service running OK
12:00:13  Camera: Shop A                                  	255	257
12:00:28  Zone: Zone1                    	275	266	9
12:00:28  Zone: Zone2                    	255	257	-2
12:01:14  Camera: Shop A                                  	258	257
12:01:20  Zone: Zone1                    	275	269	6
12:01:20  Zone: Zone2                    	258	257	1
12:02:15  Camera: Shop A                                  	263	260
12:02:30  Zone: Zone1                    	278	274	4
12:02:30  Zone: Zone2                    	263	260	3
12:03:16  Camera: Shop A                                  	268	262
12:03:22  Zone: Zone1                    	280	279	1
12:03:22  Zone: Zone2                    	268	262	6
12:05:18  Camera: Shop A                                  	268	264
12:05:26  Zone: Zone1                    	282	279	3
12:05:26  Zone: Zone2                    	268	264	4
12:07:20  Camera: Shop A                                  	270	267
12:07:30  Zone: Zone1                    	285	281	4
12:07:30  Zone: Zone2                    	270	267	3
12:08:21  Camera: Shop A                                  	275	269
12:08:22  Zone: Zone1                    	287	286	1
12:08:22  Zone: Zone2                    	275	269	6
12:09:23  Camera: Shop A                                  	278	274
12:09:32  Zone: Zone1                    	292	289	3
12:09:32  Zone: Zone2                    	278	274	4
12:10:24  Camera: Shop A                                  	281	274
12:10:24  Zone: Zone1                    	292	292	0
12:10:24  Zone: Zone2                    	281	274	7
12:11:25  Camera: Shop A                                  	285	275
12:11:34  Zone: Zone1                    	293	296	-3
12:11:34  Zone: Zone2                    	285	275	10
12:12:26  Camera: Shop A                                  	286	279
12:12:26  Zone: Zone1                    	297	297	0
12:12:26  Zone: Zone2                    	286	279	7
12:13:27  Camera: Shop A                                  	291	279
12:13:36  Zone: Zone1                    	297	302	-5
12:13:36  Zone: Zone2                    	291	279	12
12:14:28  Camera: Shop A                                  	291	281
12:14:31  Zone: Zone1                    	299	302	-3
12:14:31  Zone: Zone2                    	291	281	10
12:15:07  Service running OK
12:15:29  Camera: Shop A                                  	293	283
12:15:40  Zone: Zone1                    	301	304	-3
12:15:40  Zone: Zone2                    	293	283	10
12:15:56  Camera: Level 2 Main Entry                      	18	12
12:15:56  Zone: Zone1                    	301	305	-4
12:16:30  Camera: Shop A                                  	294	285
12:16:30  Zone: Zone1                    	303	306	-3
12:16:30  Zone: Zone2                    	294	285	9
12:16:57  Camera: Level 2 Main Entry                      	19	12
12:17:04  Zone: Zone1                    	304	306	-2
12:17:31  Camera: Shop A                                  	296	285
12:17:38  Zone: Zone1                    	304	308	-4
12:17:38  Zone: Zone2                    	296	285	11
12:18:32  Camera: Shop A                                  	296	287
12:18:32  Zone: Zone1                    	306	308	-2
12:18:32  Zone: Zone2                    	296	287	9
12:19:33  Camera: Shop A                                  	296	288
12:19:42  Zone: Zone1                    	307	308	-1
12:19:42  Zone: Zone2                    	296	288	8
12:20:34  Camera: Shop A                                  	298	288
12:20:35  Zone: Zone1                    	307	310	-3
12:20:35  Zone: Zone2                    	298	288	10
12:21:36  Camera: Shop A                                  	301	288
12:21:44  Zone: Zone1                    	307	313	-6
12:21:44  Zone: Zone2                    	301	288	13
12:22:37  Camera: Shop A                                  	301	289
12:22:37  Zone: Zone1                    	308	313	-5
12:22:37  Zone: Zone2                    	301	289	12
12:24:39  Camera: Shop A                                  	304	289
12:24:40  Zone: Zone1                    	308	316	-8
12:24:40  Zone: Zone2                    	304	289	15
12:27:42  Camera: Shop A                                  	306	289
12:27:56  Zone: Zone1                    	308	318	-10
12:27:56  Zone: Zone2                    	306	289	17
12:28:43  Camera: Shop A                                  	307	291
12:28:48  Zone: Zone1                    	310	319	-9
12:28:48  Zone: Zone2                    	307	291	16
12:29:44  Camera: Shop A                                  	310	293
12:29:58  Zone: Zone1                    	312	322	-10
12:29:58  Zone: Zone2                    	310	293	17
12:30:17  Logging to daily summary: "12:30 39 56 -2 55 38 9"
12:30:17  Service running OK
12:30:45  Camera: Shop A                                  	311	295
12:30:50  Zone: Zone1                    	314	323	-9
12:30:50  Zone: Zone2                    	311	295	16
12:31:46  Camera: Shop A                                  	311	296
12:32:00  Zone: Zone1                    	315	323	-8
12:32:00  Zone: Zone2                    	311	296	15
12:32:47  Camera: Shop A                                  	311	301
12:32:52  Zone: Zone1                    	320	323	-3
12:32:52  Zone: Zone2                    	311	301	10
12:33:48  Camera: Shop A                                  	311	308
12:34:02  Zone: Zone1                    	327	323	4
12:34:02  Zone: Zone2                    	311	308	3
12:34:50  Camera: Shop A                                  	315	309
12:34:54  Zone: Zone1                    	328	327	1
12:34:54  Zone: Zone2                    	315	309	6
12:36:52  Camera: Shop A                                  	322	312
12:36:58  Zone: Zone1                    	331	334	-3
12:36:58  Zone: Zone2                    	322	312	10
12:37:53  Camera: Shop A                                  	326	315
12:38:08  Zone: Zone1                    	334	338	-4
12:38:08  Zone: Zone2                    	326	315	11
12:38:54  Camera: Shop A                                  	326	317
12:39:00  Zone: Zone1                    	336	338	-2
12:39:00  Zone: Zone2                    	326	317	9
12:39:55  Camera: Shop A                                  	327	317
12:40:10  Zone: Zone1                    	336	339	-3
12:40:10  Zone: Zone2                    	327	317	10
12:40:56  Camera: Shop A                                  	332	325
12:41:02  Zone: Zone1                    	344	344	0
12:41:02  Zone: Zone2                    	332	325	7
12:41:57  Camera: Shop A                                  	340	327
12:42:12  Zone: Zone1                    	346	352	-6
12:42:12  Zone: Zone2                    	340	327	13
12:45:13  Service running OK
12:46:01  Camera: Shop A                                  	340	331
12:46:04  Zone: Zone1                    	350	352	-2
12:46:04  Zone: Zone2                    	340	331	9
12:47:02  Camera: Shop A                                  	348	331
12:47:14  Zone: Zone1                    	350	360	-10
12:47:14  Zone: Zone2                    	348	331	17
12:50:06  Camera: Shop A                                  	348	332
12:50:12  Zone: Zone1                    	351	360	-9
12:50:12  Zone: Zone2                    	348	332	16
12:51:07  Camera: Shop A                                  	348	337
12:51:22  Zone: Zone1                    	356	360	-4
12:51:22  Zone: Zone2                    	348	337	11
12:52:08  Camera: Shop A                                  	354	339
12:52:14  Zone: Zone1                    	358	366	-8
12:52:14  Zone: Zone2                    	354	339	15
12:53:09  Camera: Shop A                                  	357	347
12:53:24  Zone: Zone1                    	366	369	-3
12:53:24  Zone: Zone2                    	357	347	10
12:54:10  Camera: Shop A                                  	360	350
12:54:16  Zone: Zone1                    	369	372	-3
12:54:16  Zone: Zone2                    	360	350	10
12:55:11  Camera: Shop A                                  	364	350
12:55:26  Zone: Zone1                    	369	376	-7
12:55:26  Zone: Zone2                    	364	350	14
12:56:12  Camera: Shop A                                  	366	350
12:56:18  Zone: Zone1                    	369	378	-9
12:56:18  Zone: Zone2                    	366	350	16
12:56:39  Camera: Level 2 Main Entry                      	19	14
12:56:52  Zone: Zone1                    	369	380	-11
12:57:13  Camera: Shop A                                  	366	351
12:57:26  Zone: Zone1                    	370	380	-10
12:57:26  Zone: Zone2                    	366	351	15
12:57:40  Camera: Level 2 Main Entry                      	20	15
12:57:42  Zone: Zone1                    	371	381	-10
12:59:15  Camera: Shop A                                  	369	351
12:59:28  Zone: Zone1                    	371	384	-13
12:59:28  Zone: Zone2                    	369	351	18
13:00:05  Logging to daily summary: "13:00 59 62 -5 59 58 12"
13:00:05  Service running OK
13:00:17  Camera: Shop A                                  	369	352
13:00:20  Zone: Zone1                    	372	384	-12
13:00:20  Zone: Zone2                    	369	352	17
13:02:19  Camera: Shop A                                  	369	358
13:02:24  Zone: Zone1                    	378	384	-6
13:02:24  Zone: Zone2                    	369	358	11
13:04:21  Camera: Shop A                                  	372	359
13:04:28  Zone: Zone1                    	379	387	-8
13:04:28  Zone: Zone2                    	372	359	13
13:05:22  Camera: Shop A                                  	376	361
13:05:22  Zone: Zone1                    	381	391	-10
13:05:22  Zone: Zone2                    	376	361	15
13:06:23  Camera: Shop A                                  	383	361
13:06:32  Zone: Zone1                    	381	398	-17
13:06:32  Zone: Zone2                    	383	361	22
13:07:24  Camera: Shop A                                  	385	361
13:07:24  Zone: Zone1                    	381	400	-19
13:07:24  Zone: Zone2                    	385	361	24
13:09:26  Camera: Shop A                                  	386	361
13:09:28  Zone: Zone1                    	381	401	-20
13:09:28  Zone: Zone2                    	386	361	25
13:11:28  Camera: Shop A                                  	386	363
13:11:32  Zone: Zone1                    	383	401	-18
13:11:32  Zone: Zone2                    	386	363	23
13:12:29  Camera: Shop A                                  	389	364
13:12:42  Zone: Zone1                    	384	404	-20
13:12:42  Zone: Zone2                    	389	364	25
13:13:31  Camera: Shop A                                  	393	364
13:13:34  Zone: Zone1                    	384	408	-24
13:13:34  Zone: Zone2                    	393	364	29
13:15:05  Service running OK
13:15:33  Camera: Shop A                                  	396	366
13:15:38  Zone: Zone1                    	386	411	-25
13:15:38  Zone: Zone2                    	396	366	30
13:16:34  Camera: Shop A                                  	399	366
13:16:48  Zone: Zone1                    	386	414	-28
13:16:48  Zone: Zone2                    	399	366	33
13:18:36  Camera: Shop A                                  	399	369
13:18:36  Zone: Zone1                    	389	414	-25
13:18:36  Zone: Zone2                    	399	369	30
13:20:38  Camera: Shop A                                  	399	372
13:20:40  Zone: Zone1                    	392	414	-22
13:20:40  Zone: Zone2                    	399	372	27
13:21:39  Camera: Shop A                                  	399	374
13:21:50  Zone: Zone1                    	394	414	-20
13:21:50  Zone: Zone2                    	399	374	25
13:23:41  Camera: Shop A                                  	399	376
13:23:54  Zone: Zone1                    	396	414	-18
13:23:54  Zone: Zone2                    	399	376	23
13:25:44  Camera: Shop A                                  	400	377
13:25:58  Zone: Zone1                    	397	415	-18
13:25:58  Zone: Zone2                    	400	377	23
13:26:45  Camera: Shop A                                  	401	384
13:26:50  Zone: Zone1                    	404	416	-12
13:26:50  Zone: Zone2                    	401	384	17
13:27:46  Camera: Shop A                                  	409	385
13:28:00  Zone: Zone1                    	405	424	-19
13:28:00  Zone: Zone2                    	409	385	24
13:29:48  Camera: Shop A                                  	409	386
13:29:48  Zone: Zone1                    	406	424	-18
13:29:48  Zone: Zone2                    	409	386	23
13:30:07  Logging to daily summary: "13:30 35 40 -18 40 35 23"
13:30:07  Service running OK
13:30:49  Camera: Shop A                                  	411	386
13:30:58  Zone: Zone1                    	406	426	-20
13:30:58  Zone: Zone2                    	411	386	25
13:32:51  Camera: Shop A                                  	413	389
13:33:02  Zone: Zone1                    	409	428	-19
13:33:02  Zone: Zone2                    	413	389	24
13:33:52  Camera: Shop A                                  	414	389
13:33:54  Zone: Zone1                    	409	429	-20
13:33:54  Zone: Zone2                    	414	389	25
13:34:53  Camera: Shop A                                  	417	389
13:35:04  Zone: Zone1                    	409	432	-23
13:35:04  Zone: Zone2                    	417	389	28
13:35:54  Camera: Shop A                                  	420	395
13:35:56  Zone: Zone1                    	415	435	-20
13:35:56  Zone: Zone2                    	420	395	25
13:36:55  Camera: Shop A                                  	423	397
13:37:06  Zone: Zone1                    	417	438	-21
13:37:06  Zone: Zone2                    	423	397	26
13:38:58  Camera: Shop A                                  	429	399
13:39:10  Zone: Zone1                    	419	444	-25
13:39:10  Zone: Zone2                    	429	399	30
13:41:00  Camera: Shop A                                  	435	402
13:41:14  Zone: Zone1                    	422	450	-28
13:41:14  Zone: Zone2                    	435	402	33
13:42:01  Camera: Shop A                                  	443	402
13:42:06  Zone: Zone1                    	422	458	-36
13:42:06  Zone: Zone2                    	443	402	41
13:44:03  Camera: Shop A                                  	443	403
13:44:10  Zone: Zone1                    	423	458	-35
13:44:10  Zone: Zone2                    	443	403	40
13:45:04  Camera: Shop A                                  	444	403
13:45:04  Zone: Zone1                    	423	459	-36
13:45:04  Zone: Zone2                    	444	403	41
13:45:04  Service running OK
13:46:05  Camera: Shop A                                  	448	403
13:46:14  Zone: Zone1                    	423	463	-40
13:46:14  Zone: Zone2                    	448	403	45
13:47:06  Camera: Shop A                                  	448	410
13:47:06  Zone: Zone1                    	430	463	-33
13:47:06  Zone: Zone2                    	448	410	38
13:48:07  Camera: Shop A                                  	452	412
13:48:16  Zone: Zone1                    	432	467	-35
13:48:16  Zone: Zone2                    	452	412	40
13:49:08  Camera: Shop A                                  	453	413
13:49:08  Zone: Zone1                    	433	468	-35
13:49:08  Zone: Zone2                    	453	413	40
13:50:09  Camera: Shop A                                  	456	414
13:50:18  Zone: Zone1                    	434	471	-37
13:50:18  Zone: Zone2                    	456	414	42
13:51:10  Camera: Shop A                                  	460	415
13:51:11  Zone: Zone1                    	435	475	-40
13:51:11  Zone: Zone2                    	460	415	45
13:53:13  Camera: Shop A                                  	462	417
13:53:14  Zone: Zone1                    	437	477	-40
13:53:14  Zone: Zone2                    	462	417	45
13:54:14  Camera: Shop A                                  	462	419
13:54:24  Zone: Zone1                    	439	477	-38
13:54:24  Zone: Zone2                    	462	419	43
13:55:15  Camera: Shop A                                  	464	420
13:55:16  Zone: Zone1                    	440	479	-39
13:55:16  Zone: Zone2                    	464	420	44
13:56:16  Camera: Shop A                                  	467	424
13:56:26  Zone: Zone1                    	444	482	-38
13:56:26  Zone: Zone2                    	467	424	43
13:58:18  Camera: Shop A                                  	467	427
13:58:30  Zone: Zone1                    	447	482	-35
13:58:30  Zone: Zone2                    	467	427	40
14:00:01  Logging to daily summary: "14:00 41 58 -31 58 41 36"
14:00:01  Service running OK
14:02:22  Camera: Shop A                                  	467	432
14:02:22  Zone: Zone1                    	452	482	-30
14:02:22  Zone: Zone2                    	467	432	35
14:03:23  Camera: Shop A                                  	471	435
14:03:32  Zone: Zone1                    	455	486	-31
14:03:32  Zone: Zone2                    	471	435	36
14:05:26  Camera: Shop A                                  	474	438
14:05:36  Zone: Zone1                    	458	489	-31
14:05:36  Zone: Zone2                    	474	438	36
14:07:28  Camera: Shop A                                  	474	440
14:07:40  Zone: Zone1                    	460	489	-29
14:07:40  Zone: Zone2                    	474	440	34
14:08:29  Camera: Shop A                                  	474	443
14:08:32  Zone: Zone1                    	463	489	-26
14:08:32  Zone: Zone2                    	474	443	31
14:10:31  Camera: Shop A                                  	478	443
14:10:36  Zone: Zone1                    	463	493	-30
14:10:36  Zone: Zone2                    	478	443	35
14:11:32  Camera: Shop A                                  	478	444
14:11:46  Zone: Zone1                    	464	493	-29
14:11:46  Zone: Zone2                    	478	444	34
14:12:33  Camera: Shop A                                  	479	444
14:12:38  Zone: Zone1                    	464	494	-30
14:12:38  Zone: Zone2                    	479	444	35
14:13:34  Camera: Shop A                                  	483	449
14:13:48  Zone: Zone1                    	469	498	-29
14:13:48  Zone: Zone2                    	483	449	34
14:14:35  Camera: Shop A                                  	486	449
14:14:40  Zone: Zone1                    	469	501	-32
14:14:40  Zone: Zone2                    	486	449	37
14:15:17  Service running OK
14:15:36  Camera: Shop A                                  	487	450
14:15:50  Zone: Zone1                    	470	502	-32
14:15:50  Zone: Zone2                    	487	450	37
14:16:37  Camera: Shop A                                  	487	455
14:16:42  Zone: Zone1                    	475	502	-27
14:16:42  Zone: Zone2                    	487	455	32
14:17:39  Camera: Shop A                                  	493	460
14:17:52  Zone: Zone1                    	480	508	-28
14:17:52  Zone: Zone2                    	493	460	33
14:18:40  Camera: Shop A                                  	496	461
14:18:44  Zone: Zone1                    	481	511	-30
14:18:44  Zone: Zone2                    	496	461	35
14:19:41  Camera: Shop A                                  	501	461
14:19:54  Zone: Zone1                    	481	516	-35
14:19:54  Zone: Zone2                    	501	461	40
14:20:42  Camera: Shop A                                  	502	465
14:20:46  Zone: Zone1                    	485	517	-32
14:20:46  Zone: Zone2                    	502	465	37
14:21:43  Camera: Shop A                                  	504	465
14:21:56  Zone: Zone1                    	485	519	-34
14:21:56  Zone: Zone2                    	504	465	39
14:22:44  Camera: Shop A                                  	505	466
14:22:48  Zone: Zone1                    	486	520	-34
14:22:48  Zone: Zone2                    	505	466	39
14:23:28  Camera: Level 2 Lift                            	1	0
14:23:40  Zone: Zone1                    	487	520	-33
14:23:45  Camera: Shop A                                  	505	468
14:23:56  Zone: Zone1                    	489	520	-31
14:23:56  Zone: Zone2                    	505	468	37
14:24:46  Camera: Shop A                                  	506	469
14:24:48  Zone: Zone1                    	490	521	-31
14:24:48  Zone: Zone2                    	506	469	37
14:25:47  Camera: Shop A                                  	506	470
14:25:58  Zone: Zone1                    	491	521	-30
14:25:58  Zone: Zone2                    	506	470	36
14:26:48  Camera: Shop A                                  	509	470
14:26:50  Zone: Zone1                    	491	524	-33
14:26:50  Zone: Zone2                    	509	470	39
14:27:33  Camera: Level 2 Lift                            	1	1
14:27:42  Zone: Zone1                    	491	525	-34
14:27:49  Camera: Shop A                                  	511	471
14:27:58  Zone: Zone1                    	492	527	-35
14:27:58  Zone: Zone2                    	511	471	40
14:30:05  Logging to daily summary: "14:30 45 45 -31 44 44 36"
14:30:05  Service running OK
14:30:53  Camera: Shop A                                  	512	471
14:30:56  Zone: Zone1                    	492	528	-36
14:30:56  Zone: Zone2                    	512	471	41
14:31:54  Camera: Shop A                                  	513	474
14:32:06  Zone: Zone1                    	495	529	-34
14:32:06  Zone: Zone2                    	513	474	39
14:32:55  Camera: Shop A                                  	517	477
14:32:58  Zone: Zone1                    	498	533	-35
14:32:58  Zone: Zone2                    	517	477	40
14:33:56  Camera: Shop A                                  	517	478
14:34:08  Zone: Zone1                    	499	533	-34
14:34:08  Zone: Zone2                    	517	478	39
14:34:57  Camera: Shop A                                  	522	478
14:35:00  Zone: Zone1                    	499	538	-39
14:35:00  Zone: Zone2                    	522	478	44
14:35:58  Camera: Shop A                                  	522	483
14:36:10  Zone: Zone1                    	504	538	-34
14:36:10  Zone: Zone2                    	522	483	39
14:36:59  Camera: Shop A                                  	523	486
14:37:02  Zone: Zone1                    	507	539	-32
14:37:02  Zone: Zone2                    	523	486	37
14:37:26  Camera: Level 2 Main Entry                      	21	16
14:37:36  Zone: Zone1                    	508	540	-32
14:38:00  Camera: Shop A                                  	523	488
14:38:10  Zone: Zone1                    	510	540	-30
14:38:10  Zone: Zone2                    	523	488	35
14:38:27  Camera: Level 2 Main Entry                      	21	17
14:38:27  Zone: Zone1                    	510	541	-31
14:39:01  Camera: Shop A                                  	524	488
14:39:01  Zone: Zone1                    	510	542	-32
14:39:01  Zone: Zone2                    	524	488	36
14:40:02  Camera: Shop A                                  	526	488
14:40:11  Zone: Zone1                    	510	544	-34
14:40:11  Zone: Zone2                    	526	488	38
14:41:03  Camera: Shop A                                  	527	494
14:41:03  Zone: Zone1                    	516	545	-29
14:41:03  Zone: Zone2                    	527	494	33
14:42:04  Camera: Shop A                                  	529	494
14:42:13  Zone: Zone1                    	516	547	-31
14:42:13  Zone: Zone2                    	529	494	35
14:44:07  Camera: Shop A                                  	529	496
14:44:17  Zone: Zone1                    	518	547	-29
14:44:17  Zone: Zone2                    	529	496	33
14:45:08  Camera: Shop A                                  	534	500
14:45:09  Zone: Zone1                    	522	552	-30
14:45:09  Zone: Zone2                    	534	500	34
14:45:09  Service running OK
14:45:34  Camera: Level 2 Main Entry                      	21	18
14:45:43  Zone: Zone1                    	522	553	-31
14:45:52  Camera: Level 2 Lift                            	2	2
14:45:59  Zone: Zone1                    	523	554	-31
14:46:09  Camera: Shop A                                  	536	502
14:46:15  Zone: Zone1                    	525	556	-31
14:46:15  Zone: Zone2                    	536	502	34
14:46:53  Camera: Level 2 Lift                            	2	3
14:47:06  Zone: Zone1                    	525	557	-32
14:47:10  Camera: Shop A                                  	538	504
14:47:22  Zone: Zone1                    	527	559	-32
14:47:22  Zone: Zone2                    	538	504	34
14:48:11  Camera: Shop A                                  	538	506
14:48:14  Zone: Zone1                    	529	559	-30
14:48:14  Zone: Zone2                    	538	506	32
14:49:12  Camera: Shop A                                  	539	511
14:49:24  Zone: Zone1                    	534	560	-26
14:49:24  Zone: Zone2                    	539	511	28
14:50:40  Camera: Level 2 Main Entry                      	21	19
14:50:52  Zone: Zone1                    	534	561	-27
14:51:14  Camera: Shop A                                  	551	514
14:51:26  Zone: Zone1                    	537	573	-36
14:51:26  Zone: Zone2                    	551	514	37
14:51:41  Camera: Level 2 Main Entry                      	24	20
14:51:42  Zone: Zone1                    	540	574	-34
14:52:15  Camera: Shop A                                  	553	514
14:52:16  Zone: Zone1                    	540	576	-36
14:52:16  Zone: Zone2                    	553	514	39
14:52:42  Camera: Level 2 Main Entry                      	24	21
14:52:50  Zone: Zone1                    	540	577	-37
14:53:16  Camera: Shop A                                  	555	514
14:53:24  Zone: Zone1                    	540	579	-39
14:53:24  Zone: Zone2                    	555	514	41
14:54:17  Camera: Shop A                                  	555	516
14:54:17  Zone: Zone1                    	542	579	-37
14:54:17  Zone: Zone2                    	555	516	39
14:54:44  Camera: Level 2 Main Entry                      	24	22
14:54:51  Zone: Zone1                    	542	580	-38
14:55:18  Camera: Shop A                                  	555	518
14:55:25  Zone: Zone1                    	544	580	-36
14:55:25  Zone: Zone2                    	555	518	37
14:57:21  Camera: Shop A                                  	555	523
14:57:30  Zone: Zone1                    	549	580	-31
14:57:30  Zone: Zone2                    	555	523	32
14:58:22  Camera: Shop A                                  	557	526
14:58:22  Zone: Zone1                    	552	582	-30
14:58:22  Zone: Zone2                    	557	526	31
14:59:23  Camera: Shop A                                  	560	530
14:59:32  Zone: Zone1                    	556	585	-29
14:59:32  Zone: Zone2                    	560	530	30
15:00:09  Logging to daily summary: "15:00 64 58 -32 49 59 35"
15:00:09  Service running OK
15:00:24  Camera: Shop A                                  	560	531
15:00:24  Zone: Zone1                    	557	585	-28
15:00:24  Zone: Zone2                    	560	531	29
15:00:50  Camera: Level 2 Main Entry                      	24	24
15:00:58  Zone: Zone1                    	557	587	-30
15:01:25  Camera: Shop A                                  	564	531
15:01:32  Zone: Zone1                    	557	591	-34
15:01:32  Zone: Zone2                    	564	531	33
15:02:26  Camera: Shop A                                  	566	532
15:02:26  Zone: Zone1                    	558	593	-35
15:02:26  Zone: Zone2                    	566	532	34
15:02:53  Camera: Level 2 Main Entry                      	29	27
15:03:00  Zone: Zone1                    	563	596	-33
15:03:27  Camera: Shop A                                  	575	532
15:03:34  Zone: Zone1                    	563	605	-42
15:03:34  Zone: Zone2                    	575	532	43
15:05:29  Camera: Shop A                                  	581	534
15:05:38  Zone: Zone1                    	565	611	-46
15:05:38  Zone: Zone2                    	581	534	47
15:06:30  Camera: Shop A                                  	582	537
15:06:30  Zone: Zone1                    	568	612	-44
15:06:30  Zone: Zone2                    	582	537	45
15:07:31  Camera: Shop A                                  	588	537
15:07:40  Zone: Zone1                    	568	618	-50
15:07:40  Zone: Zone2                    	588	537	51
15:09:34  Camera: Shop A                                  	588	541
15:09:44  Zone: Zone1                    	572	618	-46
15:09:44  Zone: Zone2                    	588	541	47
15:11:36  Camera: Shop A                                  	591	541
15:11:48  Zone: Zone1                    	572	621	-49
15:11:48  Zone: Zone2                    	591	541	50
15:12:37  Camera: Shop A                                  	591	544
15:12:40  Zone: Zone1                    	575	621	-46
15:12:40  Zone: Zone2                    	591	544	47
15:14:39  Camera: Shop A                                  	593	544
15:14:44  Zone: Zone1                    	575	623	-48
15:14:44  Zone: Zone2                    	593	544	49
15:15:03  Service running OK
15:15:40  Camera: Shop A                                  	595	544
15:15:54  Zone: Zone1                    	575	625	-50
15:15:54  Zone: Zone2                    	595	544	51
15:16:41  Camera: Shop A                                  	598	546
15:16:46  Zone: Zone1                    	577	628	-51
15:16:46  Zone: Zone2                    	598	546	52
15:17:42  Camera: Shop A                                  	598	548
15:17:56  Zone: Zone1                    	579	628	-49
15:17:56  Zone: Zone2                    	598	548	50
15:19:44  Camera: Shop A                                  	602	552
15:19:44  Zone: Zone1                    	583	632	-49
15:19:45  Zone: Zone2                    	602	552	50
15:20:45  Camera: Shop A                                  	608	558
15:20:54  Zone: Zone1                    	589	638	-49
15:20:54  Zone: Zone2                    	608	558	50
15:23:49  Camera: Shop A                                  	608	560
15:23:52  Zone: Zone1                    	591	638	-47
15:23:52  Zone: Zone2                    	608	560	48
15:24:50  Camera: Shop A                                  	610	561
15:25:02  Zone: Zone1                    	592	640	-48
15:25:02  Zone: Zone2                    	610	561	49
15:25:51  Camera: Shop A                                  	611	563
15:25:54  Zone: Zone1                    	594	641	-47
15:25:54  Zone: Zone2                    	611	563	48
15:26:52  Camera: Shop A                                  	613	567
15:27:04  Zone: Zone1                    	598	643	-45
15:27:04  Zone: Zone2                    	613	567	46
15:27:53  Camera: Shop A                                  	617	567
15:27:56  Zone: Zone1                    	598	647	-49
15:27:56  Zone: Zone2                    	617	567	50
15:28:54  Camera: Shop A                                  	617	572
15:29:06  Zone: Zone1                    	603	647	-44
15:29:06  Zone: Zone2                    	617	572	45
15:29:55  Camera: Shop A                                  	621	575
15:29:58  Zone: Zone1                    	606	651	-45
15:29:58  Zone: Zone2                    	621	575	46
15:30:17  Logging to daily summary: "15:30 50 66 -45 61 45 46"
15:30:17  Service running OK
15:30:56  Camera: Shop A                                  	623	578
15:31:08  Zone: Zone1                    	609	653	-44
15:31:08  Zone: Zone2                    	623	578	45
15:31:57  Camera: Shop A                                  	623	582
15:32:00  Zone: Zone1                    	613	653	-40
15:32:00  Zone: Zone2                    	623	582	41
15:32:58  Camera: Shop A                                  	625	584
15:33:10  Zone: Zone1                    	615	655	-40
15:33:10  Zone: Zone2                    	625	584	41
15:33:59  Camera: Shop A                                  	629	584
15:34:02  Zone: Zone1                    	615	659	-44
15:34:02  Zone: Zone2                    	629	584	45
15:35:01  Camera: Shop A                                  	631	586
15:35:12  Zone: Zone1                    	617	661	-44
15:35:12  Zone: Zone2                    	631	586	45
15:36:02  Camera: Shop A                                  	633	586
15:36:04  Zone: Zone1                    	617	663	-46
15:36:04  Zone: Zone2                    	633	586	47
15:37:03  Camera: Shop A                                  	639	586
15:37:14  Zone: Zone1                    	617	669	-52
15:37:14  Zone: Zone2                    	639	586	53
15:38:04  Camera: Shop A                                  	639	587
15:38:06  Zone: Zone1                    	618	669	-51
15:38:06  Zone: Zone2                    	639	587	52
15:39:05  Camera: Shop A                                  	639	592
15:39:16  Zone: Zone1                    	623	669	-46
15:39:16  Zone: Zone2                    	639	592	47
15:40:06  Camera: Shop A                                  	642	594
15:40:08  Zone: Zone1                    	625	672	-47
15:40:08  Zone: Zone2                    	642	594	48
15:41:07  Camera: Shop A                                  	643	595
15:41:18  Zone: Zone1                    	626	673	-47
15:41:18  Zone: Zone2                    	643	595	48
15:42:08  Camera: Shop A                                  	643	598
15:42:10  Zone: Zone1                    	629	673	-44
15:42:10  Zone: Zone2                    	643	598	45
15:43:09  Camera: Shop A                                  	643	600
15:43:20  Zone: Zone1                    	631	673	-42
15:43:20  Zone: Zone2                    	643	600	43
15:44:10  Camera: Shop A                                  	644	602
15:44:12  Zone: Zone1                    	633	674	-41
15:44:12  Zone: Zone2                    	644	602	42
15:45:07  Service running OK
15:45:11  Camera: Shop A                                  	646	602
15:45:22  Zone: Zone1                    	633	676	-43
15:45:22  Zone: Zone2                    	646	602	44
15:47:14  Camera: Shop A                                  	649	608
15:47:26  Zone: Zone1                    	639	679	-40
15:47:26  Zone: Zone2                    	649	608	41
15:49:16  Camera: Shop A                                  	649	610
15:49:30  Zone: Zone1                    	641	679	-38
15:49:30  Zone: Zone2                    	649	610	39
15:50:17  Camera: Shop A                                  	653	611
15:50:22  Zone: Zone1                    	642	683	-41
15:50:22  Zone: Zone2                    	653	611	42
15:54:21  Camera: Shop A                                  	656	611
15:54:32  Zone: Zone1                    	642	686	-44
15:54:32  Zone: Zone2                    	656	611	45
15:55:22  Camera: Shop A                                  	656	612
15:55:24  Zone: Zone1                    	643	686	-43
15:55:24  Zone: Zone2                    	656	612	44
15:57:24  Camera: Shop A                                  	658	618
15:57:28  Zone: Zone1                    	649	688	-39
15:57:28  Zone: Zone2                    	658	618	40
15:58:25  Camera: Shop A                                  	665	619
15:58:38  Zone: Zone1                    	650	695	-45
15:58:38  Zone: Zone2                    	665	619	46
15:59:26  Camera: Shop A                                  	671	619
15:59:30  Zone: Zone1                    	650	701	-51
15:59:30  Zone: Zone2                    	671	619	52
16:00:07  Logging to daily summary: "16:00 44 50 -43 50 44 44"
16:00:07  Service running OK
16:00:28  Camera: Shop A                                  	671	621
16:00:40  Zone: Zone1                    	652	701	-49
16:00:40  Zone: Zone2                    	671	621	50
16:01:29  Camera: Shop A                                  	675	626
16:01:32  Zone: Zone1                    	657	705	-48
16:01:32  Zone: Zone2                    	675	626	49
16:02:30  Camera: Shop A                                  	676	627
16:02:42  Zone: Zone1                    	658	706	-48
16:02:42  Zone: Zone2                    	676	627	49
16:05:33  Camera: Shop A                                  	676	631
16:05:40  Zone: Zone1                    	662	706	-44
16:05:40  Zone: Zone2                    	676	631	45
16:06:34  Camera: Shop A                                  	676	634
16:06:34  Zone: Zone1                    	665	706	-41
16:06:34  Zone: Zone2                    	676	634	42
16:08:36  Camera: Shop A                                  	681	634
16:08:38  Zone: Zone1                    	665	711	-46
16:08:38  Zone: Zone2                    	681	634	47
16:12:41  Camera: Shop A                                  	681	636
16:12:48  Zone: Zone1                    	667	711	-44
16:12:48  Zone: Zone2                    	681	636	45
16:13:42  Camera: Shop A                                  	683	636
16:13:42  Zone: Zone1                    	667	713	-46
16:13:42  Zone: Zone2                    	683	636	47
16:15:12  Service running OK
16:15:44  Camera: Shop A                                  	683	638
16:15:45  Zone: Zone1                    	669	713	-44
16:15:45  Zone: Zone2                    	683	638	45
16:16:45  Camera: Shop A                                  	683	639
16:16:55  Zone: Zone1                    	670	713	-43
16:16:55  Zone: Zone2                    	683	639	44
16:18:47  Camera: Shop A                                  	688	639
16:18:59  Zone: Zone1                    	670	718	-48
16:18:59  Zone: Zone2                    	688	639	49
16:24:53  Camera: Shop A                                  	689	641
16:24:57  Zone: Zone1                    	672	719	-47
16:24:57  Zone: Zone2                    	689	641	48
16:25:54  Camera: Shop A                                  	689	643
16:26:07  Zone: Zone1                    	674	719	-45
16:26:07  Zone: Zone2                    	689	643	46
16:28:58  Camera: Shop A                                  	694	643
16:29:05  Zone: Zone1                    	674	724	-50
16:29:05  Zone: Zone2                    	694	643	51
16:30:00  Logging to daily summary: "16:30 24 23 -46 23 24 47"
16:30:00  Service running OK
16:34:03  Camera: Shop A                                  	694	645
16:34:09  Zone: Zone1                    	676	724	-48
16:34:09  Zone: Zone2                    	694	645	49
16:35:04  Camera: Shop A                                  	696	645
16:35:19  Zone: Zone1                    	676	726	-50
16:35:19  Zone: Zone2                    	696	645	51
16:36:05  Camera: Shop A                                  	696	648
16:36:11  Zone: Zone1                    	679	726	-47
16:36:11  Zone: Zone2                    	696	648	48
16:36:32  Camera: Level 2 Main Entry                      	29	29
16:36:45  Zone: Zone1                    	679	728	-49
16:37:33  Camera: Level 2 Main Entry                      	35	32
16:37:37  Zone: Zone1                    	685	731	-46
16:38:07  Camera: Shop A                                  	696	649
16:38:11  Zone: Zone1                    	686	731	-45
16:38:11  Zone: Zone2                    	696	649	47
16:38:34  Camera: Level 2 Main Entry                      	39	36
16:38:45  Zone: Zone1                    	690	735	-45
16:39:35  Camera: Level 2 Main Entry                      	44	37
16:39:37  Zone: Zone1                    	695	736	-41
16:40:36  Camera: Level 2 Main Entry                      	44	38
16:40:47  Zone: Zone1                    	695	737	-42
16:41:37  Camera: Level 2 Main Entry                      	44	39
16:41:39  Zone: Zone1                    	695	738	-43
16:43:13  Camera: Shop A                                  	698	649
16:43:25  Zone: Zone1                    	695	740	-45
16:43:25  Zone: Zone2                    	698	649	49
16:44:14  Camera: Shop A                                  	699	649
16:44:17  Zone: Zone1                    	695	741	-46
16:44:17  Zone: Zone2                    	699	649	50
16:45:12  Service running OK
16:45:15  Camera: Shop A                                  	700	650
16:45:27  Zone: Zone1                    	696	742	-46
16:45:27  Zone: Zone2                    	700	650	50
16:47:17  Camera: Shop A                                  	700	651
16:47:31  Zone: Zone1                    	697	742	-45
16:47:31  Zone: Zone2                    	700	651	49
16:48:18  Camera: Shop A                                  	701	651
16:48:23  Zone: Zone1                    	697	743	-46
16:48:23  Zone: Zone2                    	701	651	50
16:52:23  Camera: Shop A                                  	703	652
16:52:33  Zone: Zone1                    	698	745	-47
16:52:33  Zone: Zone2                    	703	652	51
16:58:56  Camera: Level 2 Main Entry                      	44	40
16:59:07  Zone: Zone1                    	698	746	-48
17:00:02  Logging to daily summary: "17:00 24 22 -46 9 9 49"
17:00:02  Service running OK
17:00:31  Camera: Shop A                                  	703	655
17:00:35  Zone: Zone1                    	701	746	-45
17:00:35  Zone: Zone2                    	703	655	48
17:03:34  Camera: Shop A                                  	706	655
17:03:35  Zone: Zone1                    	701	749	-48
17:03:35  Zone: Zone2                    	706	655	51
17:05:37  Camera: Shop A                                  	706	656
17:05:38  Zone: Zone1                    	702	749	-47
17:05:38  Zone: Zone2                    	706	656	50
17:06:38  Camera: Shop A                                  	707	656
17:06:48  Zone: Zone1                    	702	750	-48
17:06:48  Zone: Zone2                    	707	656	51
17:07:39  Camera: Shop A                                  	707	657
17:07:40  Zone: Zone1                    	703	750	-47
17:07:40  Zone: Zone2                    	707	657	50
17:10:42  Camera: Shop A                                  	709	657
17:10:56  Zone: Zone1                    	703	752	-49
17:10:56  Zone: Zone2                    	709	657	52
17:12:44  Camera: Shop A                                  	709	659
17:12:44  Zone: Zone1                    	705	752	-47
17:12:44  Zone: Zone2                    	709	659	50
17:15:09  Service running OK
17:17:50  Camera: Shop A                                  	712	659
17:17:50  Zone: Zone1                    	705	755	-50
17:17:50  Zone: Zone2                    	712	659	53
17:21:54  Camera: Shop A                                  	712	660
17:21:59  Zone: Zone1                    	706	755	-49
17:21:59  Zone: Zone2                    	712	660	52
17:22:55  Camera: Shop A                                  	713	660
17:23:09  Zone: Zone1                    	706	756	-50
17:23:09  Zone: Zone2                    	713	660	53
17:28:00  Camera: Shop A                                  	713	663
17:28:13  Zone: Zone1                    	709	756	-47
17:28:13  Zone: Zone2                    	713	663	50
17:30:02  Logging to daily summary: "17:30 11 10 -48 10 11 51"
17:30:02  Service running OK
17:30:03  Camera: Shop A                                  	713	664
17:30:17  Zone: Zone1                    	710	756	-46
17:30:17  Zone: Zone2                    	713	664	49
17:31:04  Camera: Shop A                                  	722	665
17:31:09  Zone: Zone1                    	711	765	-54
17:31:09  Zone: Zone2                    	722	665	57
17:31:48  Camera: Level 2 Lift                            	2	4
17:32:01  Zone: Zone1                    	711	766	-55
17:33:32  Camera: Level 2 Main Entry                      	44	41
17:33:47  Zone: Zone1                    	711	767	-56
17:34:33  Camera: Level 2 Main Entry                      	45	41
17:34:39  Zone: Zone1                    	712	767	-55
17:34:51  Camera: Level 2 Lift                            	3	7
17:34:55  Zone: Zone1                    	713	770	-57
17:35:52  Camera: Level 2 Lift                            	4	9
17:36:05  Zone: Zone1                    	714	772	-58
17:36:36  Camera: Level 2 Main Entry                      	45	42
17:36:39  Zone: Zone1                    	714	773	-59
17:36:53  Camera: Level 2 Lift                            	5	9
17:36:55  Zone: Zone1                    	715	773	-58
17:37:37  Camera: Level 2 Main Entry                      	46	42
17:37:47  Zone: Zone1                    	716	773	-57
17:37:54  Camera: Level 2 Lift                            	5	12
17:38:03  Zone: Zone1                    	716	776	-60
17:38:55  Camera: Level 2 Lift                            	9	12
17:38:55  Zone: Zone1                    	720	776	-56
17:40:58  Camera: Level 2 Lift                            	9	13
17:40:59  Zone: Zone1                    	720	777	-57
17:41:59  Camera: Level 2 Lift                            	10	15
17:42:09  Zone: Zone1                    	721	779	-58
17:43:00  Camera: Level 2 Lift                            	13	16
17:43:01  Zone: Zone1                    	724	780	-56
17:44:44  Camera: Level 2 Main Entry                      	46	43
17:44:47  Zone: Zone1                    	724	781	-57
17:45:06  Service running OK
17:45:45  Camera: Level 2 Main Entry                      	46	44
17:45:57  Zone: Zone1                    	724	782	-58
17:46:46  Camera: Level 2 Main Entry                      	47	44
17:46:49  Zone: Zone1                    	725	782	-57
17:47:47  Camera: Level 2 Main Entry                      	49	44
17:47:59  Zone: Zone1                    	727	782	-55
17:48:49  Camera: Level 2 Main Entry                      	50	45
17:48:51  Zone: Zone1                    	728	783	-55
17:49:23  Camera: Shop A                                  	722	667
17:49:25  Zone: Zone1                    	730	783	-53
17:49:25  Zone: Zone2                    	722	667	55
17:49:50  Camera: Level 2 Main Entry                      	52	47
17:49:59  Zone: Zone1                    	732	785	-53
17:50:24  Camera: Shop A                                  	723	670
17:50:33  Zone: Zone1                    	735	786	-51
17:50:33  Zone: Zone2                    	723	670	53
17:50:51  Camera: Level 2 Main Entry                      	55	47
17:50:51  Zone: Zone1                    	738	786	-48
17:51:25  Camera: Shop A                                  	725	670
17:51:25  Zone: Zone1                    	738	788	-50
17:51:25  Zone: Zone2                    	725	670	55
17:51:52  Camera: Level 2 Main Entry                      	56	49
17:51:59  Zone: Zone1                    	739	790	-51
17:53:54  Camera: Level 2 Main Entry                      	57	49
17:54:03  Zone: Zone1                    	740	790	-50
17:54:55  Camera: Level 2 Main Entry                      	60	52
17:54:55  Zone: Zone1                    	743	793	-50
17:55:56  Camera: Level 2 Main Entry                      	60	53
17:56:05  Zone: Zone1                    	743	794	-51
18:00:02  Logging to daily summary: "18:00 34 38 -54 12 7 56"
18:00:02  Service running OK
18:02:20  Camera: Level 2 Lift                            	13	17
18:02:23  Zone: Zone1                    	743	795	-52
18:06:07  Camera: Level 2 Main Entry                      	60	54
18:06:15  Zone: Zone1                    	743	796	-53
18:09:28  Camera: Level 2 Lift                            	14	17
18:09:31  Zone: Zone1                    	744	796	-52
18:10:29  Camera: Level 2 Lift                            	15	17
18:10:41  Zone: Zone1                    	745	796	-51
18:11:30  Camera: Level 2 Lift                            	15	18
18:11:33  Zone: Zone1                    	745	797	-52
18:12:13  Camera: Level 2 Main Entry                      	61	55
18:12:25  Zone: Zone1                    	746	798	-52
18:13:14  Camera: Level 2 Main Entry                      	63	58
18:13:17  Zone: Zone1                    	748	801	-53
18:13:49  Camera: Shop A                                  	725	672
18:13:51  Zone: Zone1                    	750	801	-51
18:13:51  Zone: Zone2                    	725	672	53
18:14:15  Camera: Level 2 Main Entry                      	64	62
18:14:25  Zone: Zone1                    	751	805	-54
18:14:50  Camera: Shop A                                  	726	672
18:14:59  Zone: Zone1                    	751	806	-55
18:14:59  Zone: Zone2                    	726	672	54
18:15:17  Camera: Level 2 Main Entry                      	66	63
18:15:17  Zone: Zone1                    	753	807	-54
18:15:17  Service running OK
18:16:18  Camera: Level 2 Main Entry                      	67	63
18:16:26  Zone: Zone1                    	754	807	-53
18:17:19  Camera: Level 2 Main Entry                      	70	65
18:17:19  Zone: Zone1                    	757	809	-52
18:18:20  Camera: Level 2 Main Entry                      	72	69
18:18:28  Zone: Zone1                    	759	813	-54
18:19:21  Camera: Level 2 Main Entry                      	75	71
18:19:21  Zone: Zone1                    	762	815	-53
18:20:22  Camera: Level 2 Main Entry                      	75	76
18:20:31  Zone: Zone1                    	762	820	-58
18:21:23  Camera: Level 2 Main Entry                      	76	76
18:21:23  Zone: Zone1                    	763	820	-57
18:22:24  Camera: Level 2 Main Entry                      	77	76
18:22:33  Zone: Zone1                    	764	820	-56
18:23:25  Camera: Level 2 Main Entry                      	78	78
18:23:25  Zone: Zone1                    	765	822	-57
18:24:26  Camera: Level 2 Main Entry                      	78	79
18:24:35  Zone: Zone1                    	765	823	-58
18:28:31  Camera: Level 2 Main Entry                      	79	81
18:28:45  Zone: Zone1                    	766	825	-59
18:29:32  Camera: Level 2 Main Entry                      	84	83
18:29:37  Zone: Zone1                    	771	827	-56
18:30:14  Logging to daily summary: "18:30 28 33 -54 1 2 54"
18:30:14  Service running OK
18:30:33  Camera: Level 2 Main Entry                      	84	85
18:30:47  Zone: Zone1                    	771	829	-58
18:31:34  Camera: Level 2 Main Entry                      	86	85
18:31:39  Zone: Zone1                    	773	829	-56
18:32:35  Camera: Level 2 Main Entry                      	86	86
18:32:49  Zone: Zone1                    	773	830	-57
18:39:42  Camera: Level 2 Main Entry                      	86	88
18:39:42  Zone: Zone1                    	773	832	-59
18:44:04  Camera: Level 2 Lift                            	15	19
18:44:10  Zone: Zone1                    	773	833	-60
18:45:05  Service running OK
18:45:06  Camera: Level 2 Lift                            	15	20
18:45:20  Zone: Zone1                    	773	834	-61
18:46:07  Camera: Level 2 Lift                            	16	21
18:46:12  Zone: Zone1                    	774	835	-61
18:55:33  Camera: Shop A                                  	726	674
18:55:50  Zone: Zone1                    	776	835	-59
18:55:50  Zone: Zone2                    	726	674	52
18:56:34  Camera: Shop A                                  	727	674
18:56:41  Zone: Zone1                    	776	836	-60
18:56:41  Zone: Zone2                    	727	674	53
19:00:00  Logging to daily summary: "19:00 5 9 -59 1 2 53"
19:00:00  Service running OK
19:03:25  Camera: Level 2 Lift                            	19	22
19:03:33  Zone: Zone1                    	779	837	-58
19:04:26  Camera: Level 2 Lift                            	20	23
19:04:26  Zone: Zone1                    	780	838	-58
19:05:27  Camera: Level 2 Lift                            	21	24
19:05:36  Zone: Zone1                    	781	839	-58
19:05:44  Camera: Shop A                                  	727	675
19:05:52  Zone: Zone1                    	782	839	-57
19:05:52  Zone: Zone2                    	727	675	52
19:06:28  Camera: Level 2 Lift                            	21	25
19:06:28  Zone: Zone1                    	782	840	-58
19:08:30  Camera: Level 2 Lift                            	22	25
19:08:32  Zone: Zone1                    	783	840	-57
19:10:32  Camera: Level 2 Lift                            	22	26
19:10:36  Zone: Zone1                    	783	841	-58
19:15:07  Service running OK
19:30:07  Logging to daily summary: "19:30 7 5 -58 0 1 52"
19:30:07  Service running OK
19:37:01  Camera: Level 2 Lift                            	22	27
19:37:16  Zone: Zone1                    	783	842	-59
19:45:05  Service running OK
20:00:05  Logging to daily summary: "20:00 0 1 -58 0 0 52"
20:00:05  Service running OK
20:01:43  Camera: Shop A                                  	727	677
20:01:50  Zone: Zone1                    	785	842	-57
20:01:50  Zone: Zone2                    	727	677	50
20:15:03  Service running OK
20:28:56  Camera: Level 2 Lift                            	24	28
20:29:06  Zone: Zone1                    	787	843	-56
20:30:01  Logging to daily summary: "20:30 4 1 -57 0 2 50"
20:30:01  Service running OK
20:30:40  Camera: Level 2 Main Entry                      	87	89
20:30:52  Zone: Zone1                    	788	844	-56
20:31:41  Camera: Level 2 Main Entry                      	89	89
20:31:44  Zone: Zone1                    	790	844	-54
20:45:15  Service running OK
21:00:15  Logging to daily summary: "21:00 3 1 -54 0 0 50"
21:00:15  Service running OK
21:15:15  Service running OK
21:30:15  Logging to daily summary: "21:30 0 0 -54 0 0 50"
21:30:15  Service running OK
21:45:15  Service running OK
22:00:15  Logging to daily summary: "22:00 0 0 -54 0 0 50"
22:00:15  Service running OK
22:00:30  Stop time reached.
22:00:30  Camera 'Level 1 Science Centre Entry 1' - final counts 0 0
22:00:30  Camera 'Level 1 Science Centre Entry 2' - final counts 0 0
22:00:30  Camera 'Level 1 Science Centre Lift' - final counts 0 0
22:00:30  Camera 'Level 2 Main Entry' - final counts 89 89
22:00:30  Camera 'Level 2 Lift' - final counts 24 28
22:00:30  Camera 'Shop A' - final counts 727 677
22:00:30  Camera 'Shop B' - final counts 0 0
22:00:30  Camera 'Shop Whale Mall' - final counts 0 0
22:00:30  Camera 'Level 2 Cafe' - final counts 0 0
22:00:30  Zone: Zone1                    	790	844	-54
22:00:30  Zone: Zone2                    	727	677	50
22:00:30  Level 1 Science Centre Entry 1: IrisysIP counts reset requested.
22:00:30  Level 1 Science Centre Entry 2: IrisysIP counts reset requested.
22:00:30  Level 1 Science Centre Lift: IrisysIP counts reset requested.
22:00:30  Level 2 Main Entry: IrisysIP counts reset requested.
22:00:30  Level 2 Lift: IrisysIP counts reset requested.
22:00:30  Shop A: IrisysIP counts reset requested.
22:00:30  Shop B: IrisysIP counts reset requested.
22:00:30  Shop Whale Mall: IrisysIP counts reset requested.
22:00:30  Level 2 Cafe: IrisysIP counts reset requested.
22:00:40  Attempting to reset counts for IrisysIP Camera Level 2 Lift
22:00:41  Failed to send email.
22:00:41  Displaying shutdown on 0 display(s)
22:00:41  End the manager threads.
22:00:41  Close all CAN threads.
22:00:41  All CAN threads, now flagged to be closed.
22:00:41  Close all IrisysIP threads.
22:00:41  Level 1 Science Centre Entry 1: The Irisys IP thread has been flagged to end.
22:00:41  Level 1 Science Centre Entry 1: Main Data Collection loop has finished (g_bStopFlag=0, m_bEndThread=1).
22:00:41  Level 1 Science Centre Entry 1: The Irisys IP thread has ended.
22:00:41  Level 1 Science Centre Entry 2: The Irisys IP thread has been flagged to end.
22:00:41  Level 1 Science Centre Entry 2: Main Data Collection loop has finished (g_bStopFlag=0, m_bEndThread=1).
22:00:41  Level 1 Science Centre Entry 2: The Irisys IP thread has ended.
22:00:41  Level 1 Science Centre Lift: The Irisys IP thread has been flagged to end.
22:00:41  Level 1 Science Centre Lift: Main Data Collection loop has finished (g_bStopFlag=0, m_bEndThread=1).
22:00:41  Level 1 Science Centre Lift: The Irisys IP thread has ended.
22:01:28  Error! Level 2 Main Entry: The IrisysIP thread needs to be terminated but has not reset.
22:01:28  Level 2 Main Entry: The Irisys IP thread has been flagged to end.
22:01:32  Level 2 Lift: InCountCorrection set in registry to: 0
22:01:32  Level 2 Lift: OutCountCorrection set in registry to: 0
22:01:33  Level 2 Lift: has reset camera
22:01:33  Level 2 Main Entry: Main Data Collection loop has finished (g_bStopFlag=0, m_bEndThread=1).
22:01:33  Level 2 Main Entry: The Irisys IP thread has ended.
22:01:33  Level 2 Lift: The Irisys IP thread has been flagged to end.
22:01:41  Attempting to reset counts for IrisysIP Camera Shop A
22:01:49  Shop A: InCountCorrection set in registry to: 0
22:01:49  Shop A: OutCountCorrection set in registry to: 0
22:01:50  Shop A: has reset camera
22:02:32  Level 2 Lift: Main Data Collection loop has finished (g_bStopFlag=0, m_bEndThread=1).
22:02:32  Level 2 Lift: The Irisys IP thread has ended.
22:02:32  Shop A: The Irisys IP thread has been flagged to end.
22:02:49  Shop A: Main Data Collection loop has finished (g_bStopFlag=0, m_bEndThread=1).
22:02:49  Shop A: The Irisys IP thread has ended.
22:02:49  Shop B: The Irisys IP thread has been flagged to end.
22:03:48  Shop B: Main Data Collection loop has finished (g_bStopFlag=0, m_bEndThread=1).
22:03:48  Shop B: The Irisys IP thread has ended.
22:03:48  Shop Whale Mall: The Irisys IP thread has been flagged to end.
22:03:48  Shop Whale Mall: Main Data Collection loop has finished (g_bStopFlag=0, m_bEndThread=1).
22:03:48  Shop Whale Mall: The Irisys IP thread has ended.
22:03:48  Level 2 Cafe: The Irisys IP thread has been flagged to end.
22:03:48  Level 2 Cafe: Main Data Collection loop has finished (g_bStopFlag=0, m_bEndThread=1).
22:03:48  Level 2 Cafe: The Irisys IP thread has ended.
22:03:48  All IrisysIP threads, now flagged to be closed.
22:03:48  Close all iCount threads.
22:03:48  All iCount threads, now flagged to be closed.
22:03:48  Close all eDAM threads.
22:03:48  All eDAM threads, now flagged to be closed.
22:03:48  Camera 'Level 1 Science Centre Entry 1' - maximum flow 0 at 09:30:00
22:03:48  Camera 'Level 1 Science Centre Entry 2' - maximum flow 0 at 09:30:00
22:03:48  Camera 'Level 1 Science Centre Lift' - maximum flow 0 at 09:30:00
22:03:48  Camera 'Level 2 Main Entry' - maximum flow 9 at 16:38:11
22:03:48  Camera 'Level 2 Lift' - maximum flow 4 at 17:35:14
22:03:48  Camera 'Shop A' - maximum flow 15 at 10:59:09
22:03:48  Camera 'Shop B' - maximum flow 0 at 09:30:00
22:03:48  Camera 'Shop Whale Mall' - maximum flow 0 at 09:30:00
22:03:48  Camera 'Level 2 Cafe' - maximum flow 0 at 09:30:00
22:03:48  Camera 'Level 1 Science Centre Entry 1' refreshing registry counts
22:03:48  Camera 'Level 1 Science Centre Entry 2' refreshing registry counts
22:03:48  Camera 'Level 1 Science Centre Lift' refreshing registry counts
22:03:48  Camera 'Level 2 Main Entry' refreshing registry counts
22:03:48  Camera 'Level 2 Lift' refreshing registry counts
22:03:48  Camera 'Shop A' refreshing registry counts
22:03:48  Camera 'Shop B' refreshing registry counts
22:03:48  Camera 'Shop Whale Mall' refreshing registry counts
22:03:48  Camera 'Level 2 Cafe' refreshing registry counts
22:03:48  Zone 'Zone1' refreshing file counts
22:03:48  Zone 'Zone2' refreshing file counts
22:03:48  Processing application not specified
22:03:48  Logging Counting Stopped

