
07:28:01  RECAP $Revision: 3.13.2.13 $ ($State: Exp $) built 09:15:45, Aug  3 2010
07:28:01  Logging Counting Started
07:28:01  Start time: 09:30 (570 minutes past midnight)
07:28:01  Stop time: 22:00 (1320 minutes past midnight)
07:28:01  Log period: 30 minutes
07:28:01  Initialising 0 display(s)
07:28:01  Initialising 9 camera(s)
07:28:01  IrisysIP counter(s) in use, Starting BlackFin API
07:28:01  If RECAP crashes, check .NET framework and VCRedist are installed.
07:28:01  BlackFin API Started.
07:28:01  BlackFin API Started up OK. Version: 1.10.0.5
07:28:01  Initialising 2 zone(s)
07:28:01  Outputting 'Zone1' zone data to 'Zones\Zone1.txt'
07:28:01  Outputting 'Zone2' zone data to 'Zones\Zone2.txt'
07:28:01  Displaying shutdown on 0 display(s)
07:28:01  Waiting till start time
09:30:00  Start time reached
09:30:00  Adding Level 1 Science Centre Entry 1 thread to Watchdog
09:30:00  Level 1 Science Centre Entry 1: InCountCorrection set in registry to: 0
09:30:00  Level 1 Science Centre Entry 1: OutCountCorrection set in registry to: 0
09:30:00  Adding Level 1 Science Centre Entry 2 thread to Watchdog
09:30:00  Level 1 Science Centre Entry 2: InCountCorrection set in registry to: 0
09:30:00  Level 1 Science Centre Entry 2: OutCountCorrection set in registry to: 0
09:30:00  Adding Level 1 Science Centre Lift thread to Watchdog
09:30:00  Level 1 Science Centre Lift: InCountCorrection set in registry to: 0
09:30:00  Level 1 Science Centre Lift: OutCountCorrection set in registry to: 0
09:30:00  Adding Level 2 Main Entry thread to Watchdog
09:30:00  Level 2 Main Entry: InCountCorrection set in registry to: 0
09:30:00  Level 2 Main Entry: OutCountCorrection set in registry to: 0
09:30:00  Adding Level 2 Lift thread to Watchdog
09:30:00  Level 2 Lift: InCountCorrection set in registry to: 0
09:30:00  Level 2 Lift: OutCountCorrection set in registry to: 0
09:30:00  Adding Shop A thread to Watchdog
09:30:00  Shop A: InCountCorrection set in registry to: 0
09:30:00  Shop A: OutCountCorrection set in registry to: 0
09:30:00  Adding Shop B thread to Watchdog
09:30:00  Shop B: InCountCorrection set in registry to: 0
09:30:00  Shop B: OutCountCorrection set in registry to: 0
09:30:00  Adding Shop Whale Mall thread to Watchdog
09:30:00  Shop Whale Mall: InCountCorrection set in registry to: 0
09:30:00  Shop Whale Mall: OutCountCorrection set in registry to: 0
09:30:00  Adding Level 2 Cafe thread to Watchdog
09:30:00  Level 2 Cafe: InCountCorrection set in registry to: 0
09:30:00  Level 2 Cafe: OutCountCorrection set in registry to: 0
09:30:01  New day, Reset counts and busiest times in registry
09:30:01  Camera Level 1 Science Centre Entry 1 Counts 	= In:0, Out:0
09:30:01  Camera Level 1 Science Centre Entry 2 Counts 	= In:0, Out:0
09:30:01  Camera Level 1 Science Centre Lift Counts 	= In:0, Out:0
09:30:01  Camera Level 2 Main Entry Counts 	= In:0, Out:0
09:30:01  Camera Level 2 Lift Counts 	= In:0, Out:0
09:30:01  Camera Shop A Counts 	= In:0, Out:0
09:30:01  Camera Shop B Counts 	= In:0, Out:0
09:30:01  Camera Shop Whale Mall Counts 	= In:0, Out:0
09:30:01  Camera Level 2 Cafe Counts 	= In:0, Out:0
09:30:02  Starting main data collection loop.
09:30:05  Zone: Zone1                    	0	0	0
09:30:05  Zone: Zone2                    	0	0	0
09:30:05  Logging to daily summary: "09:30 0 0 0 0 0 0"
09:30:05  Service running OK
09:30:08  Level 2 Lift: Connect Success (5) (serial num:2158593872)
09:30:09  Level 2 Lift: MAC:00-21-AC-00-2F-8C IP Firmware:4.0.2.30311 Monitor Firmware:42.4.0.404
09:30:10  Shop A: Connect Success (6) (serial num:2158593779)
09:30:11  Level 1 Science Centre Lift: Connect Success (3) (serial num:2158593853)
09:30:12  Shop A: MAC:00-21-AC-00-30-21 IP Firmware:4.0.2.30311 Monitor Firmware:42.4.0.404
09:30:12  Level 1 Science Centre Lift: MAC:00-21-AC-00-30-1A IP Firmware:4.0.2.30311 Monitor Firmware:42.4.0.404
09:30:14  Level 1 Science Centre Entry 2: Connect Success (2) (serial num:2158593777)
09:30:14  Shop B: Connect Success (7) (serial num:2158593790)
09:30:15  Level 1 Science Centre Entry 2: MAC:00-21-AC-00-30-3B IP Firmware:4.0.2.30311 Monitor Firmware:42.4.0.404
09:30:15  Shop B: MAC:00-21-AC-00-30-38 IP Firmware:4.0.2.30311 Monitor Firmware:42.4.0.404
09:30:22  Level 2 Main Entry: Connect Success (4) (serial num:2158593780)
09:30:23  Level 1 Science Centre Lift: Status msgs: 0,0
09:30:23  Level 2 Main Entry: MAC:00-21-AC-00-30-D9 IP Firmware:4.0.2.30311 Monitor Firmware:42.4.0.404
09:30:23  Level 1 Science Centre Lift: Current DeviceID: DefaultID
09:30:26  Shop Whale Mall: Connect Success (8) (serial num:2158593785)
09:30:26  Level 1 Science Centre Entry 2: Status msgs: 0,0
09:30:27  Level 1 Science Centre Entry 2: Current DeviceID: DefaultID
09:30:27  Shop Whale Mall: MAC:00-21-AC-00-30-1F IP Firmware:4.0.2.30311 Monitor Firmware:42.4.0.404
09:30:27  Level 2 Cafe: Connect Success (9) (serial num:2158593773)
09:30:28  Level 2 Cafe: MAC:00-21-AC-00-30-14 IP Firmware:4.0.2.30311 Monitor Firmware:42.4.0.404
09:30:41  Level 2 Lift: Status msgs: 0,0
09:30:42  Level 2 Lift: Current DeviceID: DefaultID
09:30:44  Shop A: Status msgs: 0,0
09:30:44  Shop A: Current DeviceID: DefaultID
09:30:48  Shop B: Status msgs: 0,0
09:30:48  Shop B: Current DeviceID: DefaultID
09:30:55  Level 2 Main Entry: Status msgs: 0,0
09:30:56  Level 2 Main Entry: Current DeviceID: DefaultID
09:30:59  Level 1 Science Centre Entry 1: Connect Success (1) (serial num:2158593798)
09:30:59  Shop Whale Mall: Status msgs: 0,0
09:30:59  Shop Whale Mall: Current DeviceID: DefaultID
09:30:59  Level 1 Science Centre Entry 1: MAC:00-21-AC-00-30-39 IP Firmware:4.0.2.30311 Monitor Firmware:42.4.0.404
09:31:00  Level 2 Cafe: Status msgs: 0,0
09:31:00  Level 2 Cafe: Current DeviceID: DefaultID
09:31:11  Level 1 Science Centre Entry 1: Status msgs: 0,0
09:31:11  Level 1 Science Centre Entry 1: Current DeviceID: DefaultID
09:32:27  Initial Camera Level 1 Science Centre Lift Counts 	= In:0, Out:0
09:32:30  Initial Camera Level 1 Science Centre Entry 2 Counts 	= In:512, Out:684
09:32:31  Level 1 Science Centre Lift: Date last reset in registry is not today (reset required): 02/10/11
09:32:31  Attempting to reset counts for IrisysIP Camera Level 1 Science Centre Lift
09:32:34  Level 1 Science Centre Entry 2: Date last reset in registry is not today (reset required): 02/10/11
09:32:34  Attempting to reset counts for IrisysIP Camera Level 1 Science Centre Entry 2
09:33:26  Level 1 Science Centre Lift: InCountCorrection set in registry to: 0
09:33:26  Level 1 Science Centre Lift: OutCountCorrection set in registry to: 0
09:33:27  Level 1 Science Centre Lift: has reset camera
09:33:27  Camera: Level 1 Science Centre Lift - Counts are now valid.
09:33:30  Level 1 Science Centre Entry 2: InCountCorrection set in registry to: 0
09:33:30  Level 1 Science Centre Entry 2: OutCountCorrection set in registry to: 0
09:33:31  Level 1 Science Centre Entry 2: has reset camera
09:33:31  Initial Camera Level 2 Lift Counts 	= In:0, Out:0
09:33:31  Camera: Level 1 Science Centre Entry 2 - Counts are now valid.
09:33:31  Initial Camera Shop A Counts 	= In:20, Out:13
09:33:31  Initial Camera Shop B Counts 	= In:0, Out:1
09:33:31  Initial Camera Level 2 Main Entry Counts 	= In:11, Out:10
09:33:31  Initial Camera Shop Whale Mall Counts 	= In:8, Out:4
09:33:31  Initial Camera Level 2 Cafe Counts 	= In:101, Out:133
09:33:31  Initial Camera Level 1 Science Centre Entry 1 Counts 	= In:361, Out:413
09:33:35  Level 2 Lift: Date last reset in registry is not today (reset required): 02/10/11
09:33:35  Shop B: Date last reset in registry is not today (reset required): 02/10/11
09:33:35  Shop A: Date last reset in registry is not today (reset required): 02/10/11
09:33:35  Level 2 Main Entry: Date last reset in registry is not today (reset required): 02/10/11
09:33:35  Shop Whale Mall: Date last reset in registry is not today (reset required): 02/10/11
09:33:35  Level 2 Cafe: Date last reset in registry is not today (reset required): 02/10/11
09:33:35  Level 1 Science Centre Entry 1: Date last reset in registry is not today (reset required): 02/10/11
09:33:35  Attempting to reset counts for IrisysIP Camera Level 2 Lift
09:33:35  Attempting to reset counts for IrisysIP Camera Shop B
09:33:35  Attempting to reset counts for IrisysIP Camera Shop A
09:33:35  Attempting to reset counts for IrisysIP Camera Level 2 Main Entry
09:33:35  Attempting to reset counts for IrisysIP Camera Shop Whale Mall
09:33:35  Attempting to reset counts for IrisysIP Camera Level 2 Cafe
09:33:35  Attempting to reset counts for IrisysIP Camera Level 1 Science Centre Entry 1
09:33:45  Level 2 Lift: InCountCorrection set in registry to: 0
09:33:45  Level 2 Lift: OutCountCorrection set in registry to: 0
09:33:46  Level 2 Lift: has reset camera
09:33:46  Camera: Level 2 Lift - Counts are now valid.
09:33:51  Shop B: InCountCorrection set in registry to: 0
09:33:51  Shop B: OutCountCorrection set in registry to: 0
09:33:52  Shop B: has reset camera
09:33:52  Camera: Shop B - Counts are now valid.
09:33:53  Shop A: InCountCorrection set in registry to: 0
09:33:53  Shop A: OutCountCorrection set in registry to: 0
09:33:54  Shop A: has reset camera
09:33:54  Camera: Shop A - Counts are now valid.
09:33:58  Level 2 Main Entry: InCountCorrection set in registry to: 0
09:33:58  Level 2 Main Entry: OutCountCorrection set in registry to: 0
09:33:59  Level 2 Main Entry: has reset camera
09:33:59  Camera: Level 2 Main Entry - Counts are now valid.
09:34:02  Shop Whale Mall: InCountCorrection set in registry to: 0
09:34:02  Shop Whale Mall: OutCountCorrection set in registry to: 0
09:34:03  Shop Whale Mall: has reset camera
09:34:03  Camera: Shop Whale Mall - Counts are now valid.
09:34:04  Level 2 Cafe: InCountCorrection set in registry to: 0
09:34:04  Level 2 Cafe: OutCountCorrection set in registry to: 0
09:34:05  Level 2 Cafe: has reset camera
09:34:05  Camera: Level 2 Cafe - Counts are now valid.
09:34:14  Level 1 Science Centre Entry 1: InCountCorrection set in registry to: 0
09:34:14  Level 1 Science Centre Entry 1: OutCountCorrection set in registry to: 0
09:34:15  Level 1 Science Centre Entry 1: has reset camera
09:34:15  Camera: Level 1 Science Centre Entry 1 - Counts are now valid.
09:34:15  Zone: Zone2 - Counts are now valid.
09:34:29  Camera: Level 1 Science Centre Lift             	0	0
09:34:29  Level 1 Science Centre Lift IrisysIP camera has reset
09:34:31  Zone: Zone1 - Counts are now valid.
09:34:32  Camera: Level 1 Science Centre Entry 2          	0	0
09:34:32  Level 1 Science Centre Entry 2 IrisysIP camera has reset
09:34:47  Camera: Level 2 Lift                            	0	0
09:34:47  Level 2 Lift IrisysIP camera has reset
09:34:53  Camera: Shop B                                  	0	0
09:34:53  Shop B IrisysIP camera has reset
09:34:55  Camera: Shop A                                  	0	0
09:34:55  Shop A IrisysIP camera has reset
09:35:01  Camera: Level 2 Main Entry                      	0	0
09:35:01  Level 2 Main Entry IrisysIP camera has reset
09:35:04  Camera: Shop Whale Mall                         	0	0
09:35:04  Shop Whale Mall IrisysIP camera has reset
09:35:06  Camera: Level 2 Cafe                            	0	4
09:35:16  Camera: Level 1 Science Centre Entry 1          	3	1
09:35:18  Zone: Zone1                    	3	3	0	Net-count has gone negative (-2).  Resetting to zero. (No Balancing Zone)
09:35:18  Zone: Zone1                    	3	3	0
09:36:07  Camera: Level 2 Cafe                            	0	8
09:36:17  Camera: Level 1 Science Centre Entry 1          	3	3
09:36:21  Zone: Zone1                    	3	3	0	Net-count has gone negative (-6).  Resetting to zero. (No Balancing Zone)
09:37:08  Camera: Level 2 Cafe                            	0	12
09:37:08  Zone: Zone1                    	3	3	0	Net-count has gone negative (-4).  Resetting to zero. (No Balancing Zone)
09:38:04  Camera: Level 2 Main Entry                      	0	1
09:38:18  Zone: Zone1                    	3	3	0	Net-count has gone negative (-1).  Resetting to zero. (No Balancing Zone)
09:38:51  Camera: Level 2 Lift                            	1	1
09:38:52  Zone: Zone1                    	4	4	0
09:39:10  Camera: Level 2 Cafe                            	5	12
09:39:10  Zone: Zone1                    	9	4	5
09:39:52  Camera: Level 2 Lift                            	2	2
09:40:02  Zone: Zone1                    	10	5	5
09:40:11  Camera: Level 2 Cafe                            	7	12
09:40:18  Zone: Zone1                    	12	5	7
09:43:14  Camera: Level 2 Cafe                            	11	17
09:43:16  Zone: Zone1                    	16	10	6
09:44:16  Camera: Level 2 Cafe                            	11	19
09:44:26  Zone: Zone1                    	16	12	4
09:45:03  Service running OK
09:45:17  Camera: Level 2 Cafe                            	13	19
09:45:18  Zone: Zone1                    	18	12	6
09:48:15  Camera: Level 2 Main Entry                      	2	1
09:48:16  Zone: Zone1                    	20	12	8
09:48:20  Camera: Level 2 Cafe                            	21	19
09:48:32  Zone: Zone1                    	28	12	16
09:49:10  Camera: Shop A                                  	3	0
09:49:16  Camera: Level 2 Main Entry                      	2	2
09:49:24  Zone: Zone1                    	28	16	12
09:49:24  Zone: Zone2                    	3	0	3
09:50:11  Camera: Shop A                                  	4	1
09:50:14  Zone: Zone1                    	29	17	12
09:50:14  Zone: Zone2                    	4	1	3
09:50:22  Camera: Level 2 Cafe                            	23	21
09:50:30  Zone: Zone1                    	31	19	12
09:51:12  Camera: Shop A                                  	5	4
09:51:18  Camera: Level 2 Main Entry                      	3	3
09:51:22  Zone: Zone1                    	35	21	14
09:51:22  Zone: Zone2                    	5	4	1
09:52:13  Camera: Shop A                                  	7	7
09:52:13  Zone: Zone1                    	38	23	15
09:52:13  Zone: Zone2                    	7	7	0
09:53:14  Camera: Shop A                                  	7	8
09:53:23  Zone: Zone1                    	39	23	16
09:53:23  Zone: Zone2                    	7	7	0	Net-count has gone negative (-1).  Resetting to zero. (No Balancing Zone)
09:53:25  Camera: Level 2 Cafe                            	23	23
09:53:39  Zone: Zone1                    	39	25	14
09:54:15  Camera: Shop A                                  	7	9
09:54:15  Zone: Zone1                    	40	25	15
09:54:15  Zone: Zone2                    	7	7	0	Net-count has gone negative (-1).  Resetting to zero. (No Balancing Zone)
09:54:21  Camera: Level 2 Main Entry                      	3	4
09:54:31  Zone: Zone1                    	40	26	14
09:55:16  Camera: Shop A                                  	8	9
09:55:22  Camera: Level 2 Main Entry                      	4	4
09:55:23  Zone: Zone1                    	41	27	14
09:55:23  Zone: Zone2                    	8	7	1
09:55:27  Camera: Level 2 Cafe                            	24	24
09:55:39  Zone: Zone1                    	42	28	14
09:58:31  Camera: Level 2 Cafe                            	24	27
09:58:34  Zone: Zone1                    	42	31	11
09:59:21  Camera: Shop A                                  	10	9
09:59:26  Zone: Zone1                    	42	33	9
09:59:26  Zone: Zone2                    	10	7	3
09:59:32  Camera: Level 2 Cafe                            	24	31
09:59:42  Zone: Zone1                    	42	37	5
10:00:01  Logging to daily summary: "10:00 42 37 7 10 7 0"
10:00:01  Service running OK
10:00:22  Camera: Shop A                                  	11	9
10:00:33  Camera: Level 2 Cafe                            	28	31
10:00:34  Zone: Zone1                    	46	38	8
10:00:34  Zone: Zone2                    	11	7	4
10:01:00  Camera: Level 1 Science Centre Entry 2          	0	1
10:01:06  Zone: Zone1                    	46	39	7
10:01:23  Camera: Shop A                                  	12	11
10:01:23  Zone: Zone1                    	48	40	8
10:01:23  Zone: Zone2                    	12	9	3
10:02:01  Camera: Level 1 Science Centre Entry 2          	6	3
10:02:15  Zone: Zone1                    	54	42	12
10:02:30  Camera: Level 2 Main Entry                      	5	6
10:02:31  Zone: Zone1                    	55	44	11
10:03:02  Camera: Level 1 Science Centre Entry 2          	8	3
10:03:05  Zone: Zone1                    	57	44	13
10:04:32  Camera: Level 2 Main Entry                      	6	6
10:04:33  Zone: Zone1                    	58	44	14
10:05:33  Camera: Level 2 Main Entry                      	7	11
10:05:43  Zone: Zone1                    	59	49	10
10:06:28  Camera: Shop A                                  	13	11
10:06:36  Zone: Zone1                    	59	50	9
10:06:36  Zone: Zone2                    	13	9	4
10:07:29  Camera: Shop A                                  	13	12
10:07:29  Zone: Zone1                    	60	50	10
10:07:29  Zone: Zone2                    	13	10	3
10:07:35  Camera: Level 2 Main Entry                      	7	13
10:07:46  Zone: Zone1                    	60	52	8
10:08:36  Camera: Level 2 Main Entry                      	7	14
10:08:38  Zone: Zone1                    	60	53	7
10:13:42  Camera: Level 2 Main Entry                      	8	15
10:13:44  Zone: Zone1                    	61	54	7
10:13:47  Camera: Level 2 Cafe                            	28	33
10:14:00  Zone: Zone1                    	61	56	5
10:14:37  Camera: Shop A                                  	14	12
10:14:43  Camera: Level 2 Main Entry                      	9	16
10:14:52  Zone: Zone1                    	62	58	4
10:14:52  Zone: Zone2                    	14	10	4
10:15:08  Service running OK
10:15:15  Camera: Level 1 Science Centre Entry 2          	11	4
10:15:24  Zone: Zone1                    	65	59	6
10:15:38  Camera: Shop A                                  	14	13
10:15:39  Zone: Zone1                    	66	59	7
10:15:39  Zone: Zone2                    	14	11	3
10:15:44  Camera: Level 2 Main Entry                      	11	16
10:15:55  Zone: Zone1                    	68	59	9
10:16:16  Camera: Level 1 Science Centre Entry 2          	14	5
10:16:29  Zone: Zone1                    	71	60	11
10:16:39  Camera: Shop A                                  	14	14
10:16:45  Camera: Level 2 Main Entry                      	12	17
10:16:45  Zone: Zone1                    	73	61	12
10:16:45  Zone: Zone2                    	14	12	2
10:17:17  Camera: Level 1 Science Centre Entry 2          	19	9
10:17:17  Zone: Zone1                    	78	65	13
10:18:18  Camera: Level 1 Science Centre Entry 2          	27	17
10:18:27  Zone: Zone1                    	86	73	13
10:18:41  Camera: Shop A                                  	15	15
10:18:43  Zone: Zone1                    	87	74	13
10:18:43  Zone: Zone2                    	15	13	2
10:19:20  Camera: Level 1 Science Centre Entry 2          	33	23
10:19:35  Zone: Zone1                    	93	80	13
10:20:21  Camera: Level 1 Science Centre Entry 2          	36	28
10:20:27  Zone: Zone1                    	96	85	11
10:20:43  Camera: Shop A                                  	16	16
10:20:43  Zone: Zone1                    	97	86	11
10:20:43  Zone: Zone2                    	16	14	2
10:21:50  Camera: Level 2 Main Entry                      	15	18
10:21:53  Zone: Zone1                    	100	87	13
10:27:01  Camera: Level 2 Cafe                            	28	37
10:27:15  Zone: Zone1                    	100	91	9
10:28:02  Camera: Level 2 Cafe                            	28	39
10:28:07  Zone: Zone1                    	100	93	7
10:30:14  Logging to daily summary: "10:30 58 56 9 6 7 2"
10:30:14  Service running OK
10:30:14  Camera: Level 1 Science Centre Entry 1          	3	4
10:30:29  Zone: Zone1                    	100	94	6
10:30:31  Camera: Level 1 Science Centre Entry 2          	36	30
10:30:45  Zone: Zone1                    	100	96	4
10:32:05  Camera: Shop Whale Mall                         	0	4
10:32:13  Zone: Zone2                    	16	16	0	Net-count has gone negative (-2).  Resetting to zero. (No Balancing Zone)
10:32:13  Zone: Zone2                    	16	16	0
10:33:07  Camera: Level 2 Cafe                            	35	44
10:33:08  Zone: Zone1                    	107	101	6
10:34:08  Camera: Level 2 Cafe                            	35	46
10:34:15  Zone: Zone1                    	107	103	4
10:36:00  Camera: Shop A                                  	16	17
10:36:01  Zone: Zone1                    	108	103	5
10:36:01  Zone: Zone2                    	16	16	0	Net-count has gone negative (-1).  Resetting to zero. (No Balancing Zone)
10:37:06  Camera: Level 2 Main Entry                      	15	21
10:37:11  Zone: Zone1                    	108	106	2
10:38:02  Camera: Shop A                                  	17	17
10:38:03  Zone: Zone1                    	108	107	1
10:38:03  Zone: Zone2                    	17	16	1
10:39:14  Camera: Level 2 Cafe                            	40	46
10:39:14  Zone: Zone1                    	113	107	6
10:40:15  Camera: Level 2 Cafe                            	42	46
10:40:24  Zone: Zone1                    	115	107	8
10:41:16  Camera: Level 2 Cafe                            	42	52
10:41:16  Zone: Zone1                    	115	113	2
10:42:12  Camera: Level 2 Main Entry                      	15	22
10:42:26  Zone: Zone1                    	115	114	1
10:43:13  Camera: Level 2 Main Entry                      	17	22
10:43:18  Camera: Level 2 Cafe                            	42	55
10:43:18  Zone: Zone1                    	117	117	0
10:45:05  Service running OK
10:45:20  Camera: Level 2 Cafe                            	45	55
10:45:20  Zone: Zone1                    	120	117	3
10:46:21  Camera: Level 2 Cafe                            	54	55
10:46:30  Zone: Zone1                    	129	117	12
10:47:23  Camera: Level 2 Cafe                            	56	55
10:47:23  Zone: Zone1                    	131	117	14
10:48:11  Camera: Shop B                                  	1	0
10:48:14  Zone: Zone1                    	131	118	13
10:48:14  Zone: Zone2                    	18	16	2
10:48:24  Camera: Level 2 Cafe                            	63	55
10:48:30  Zone: Zone1                    	138	118	20
10:49:25  Camera: Level 2 Cafe                            	68	57
10:49:40  Zone: Zone1                    	143	120	23
10:50:26  Camera: Level 2 Cafe                            	81	57
10:50:32  Zone: Zone1                    	156	120	36
10:51:16  Camera: Shop A                                  	17	18
10:51:24  Zone: Zone1                    	157	120	37
10:51:24  Zone: Zone2                    	18	17	1
10:51:27  Camera: Level 2 Cafe                            	81	58
10:51:40  Zone: Zone1                    	157	121	36
10:52:28  Camera: Level 2 Cafe                            	81	65
10:52:32  Zone: Zone1                    	157	128	29
10:53:29  Camera: Level 2 Cafe                            	81	69
10:53:42  Zone: Zone1                    	157	132	25
10:54:30  Camera: Level 2 Cafe                            	82	79
10:54:34  Zone: Zone1                    	158	142	16
10:55:31  Camera: Level 2 Cafe                            	91	82
10:55:44  Zone: Zone1                    	167	145	22
10:56:32  Camera: Level 2 Cafe                            	93	90
10:56:36  Zone: Zone1                    	169	153	16
10:57:33  Camera: Level 2 Cafe                            	105	94
10:57:46  Zone: Zone1                    	181	157	24
10:59:35  Camera: Level 2 Cafe                            	107	102
10:59:50  Zone: Zone1                    	183	165	18
11:00:09  Logging to daily summary: "11:00 83 72 12 2 3 0"
11:00:09  Service running OK
11:01:38  Camera: Level 2 Cafe                            	109	104
11:01:38  Zone: Zone1                    	185	167	18
11:02:39  Camera: Level 2 Cafe                            	114	104
11:02:47  Zone: Zone1                    	190	167	23
11:03:40  Camera: Level 2 Cafe                            	117	104
11:03:40  Zone: Zone1                    	193	167	26
11:07:33  Camera: Shop A                                  	18	19
11:07:33  Zone: Zone1                    	194	168	26
11:07:33  Zone: Zone2                    	19	18	1
11:08:34  Camera: Shop A                                  	19	20
11:08:43  Zone: Zone1                    	195	169	26
11:08:43  Zone: Zone2                    	20	19	1
11:10:36  Camera: Shop A                                  	19	21
11:10:47  Zone: Zone1                    	196	169	27
11:10:47  Zone: Zone2                    	20	20	0
11:13:45  Camera: Level 2 Main Entry                      	19	24
11:13:45  Zone: Zone1                    	198	171	27
11:14:41  Camera: Shop A                                  	20	21
11:14:55  Zone: Zone1                    	198	172	26
11:14:55  Zone: Zone2                    	21	20	1
11:15:14  Service running OK
11:15:42  Camera: Shop A                                  	21	23
11:15:47  Zone: Zone1                    	200	173	27
11:15:47  Zone: Zone2                    	22	22	0
11:22:49  Camera: Shop A                                  	21	24
11:22:57  Zone: Zone1                    	201	173	28
11:22:57  Zone: Zone2                    	22	22	0	Net-count has gone negative (-1).  Resetting to zero. (No Balancing Zone)
11:23:50  Camera: Shop A                                  	22	24
11:23:50  Zone: Zone1                    	201	174	27
11:23:50  Zone: Zone2                    	23	22	1
11:24:00  Camera: Shop Whale Mall                         	1	4
11:24:06  Zone: Zone2                    	24	22	2
11:26:54  Camera: Shop A                                  	22	27
11:27:04  Zone: Zone1                    	204	174	30
11:27:04  Zone: Zone2                    	24	24	0	Net-count has gone negative (-1).  Resetting to zero. (No Balancing Zone)
11:27:04  Zone: Zone2                    	24	24	0
11:29:57  Camera: Shop A                                  	23	27
11:30:02  Zone: Zone1                    	204	175	29
11:30:02  Zone: Zone2                    	25	24	1
11:30:02  Logging to daily summary: "11:30 21 10 26 7 7 0"
11:30:02  Service running OK
11:35:02  Camera: Shop A                                  	23	28
11:35:06  Zone: Zone1                    	205	175	30
11:35:06  Zone: Zone2                    	25	25	0
11:40:13  Camera: Level 2 Main Entry                      	19	26
11:40:28  Zone: Zone1                    	205	177	28
11:41:47  Camera: Level 1 Science Centre Entry 2          	37	30
11:41:56  Zone: Zone1                    	206	177	29
11:42:10  Camera: Shop A                                  	25	28
11:42:12  Zone: Zone1                    	206	179	27
11:42:12  Zone: Zone2                    	27	25	2
11:42:48  Camera: Level 1 Science Centre Entry 2          	43	39
11:42:48  Zone: Zone1                    	212	188	24
11:43:49  Camera: Level 1 Science Centre Entry 2          	45	39
11:43:58  Zone: Zone1                    	214	188	26
11:45:11  Service running OK
11:50:18  Camera: Shop A                                  	26	28
11:50:32  Zone: Zone1                    	214	189	25
11:50:32  Zone: Zone2                    	28	25	3
11:51:58  Camera: Level 1 Science Centre Entry 2          	45	40
11:52:00  Zone: Zone1                    	214	190	24
11:53:20  Camera: Shop B                                  	1	1
11:53:28  Zone: Zone1                    	215	190	25
11:53:28  Zone: Zone2                    	28	26	2
11:54:23  Camera: Shop A                                  	27	28
11:54:38  Zone: Zone1                    	215	191	24
11:54:38  Zone: Zone2                    	29	26	3
11:56:25  Camera: Shop A                                  	27	29
11:56:25  Zone: Zone1                    	216	191	25
11:56:25  Zone: Zone2                    	29	27	2
11:57:24  Camera: Shop B                                  	1	3
11:57:26  Camera: Shop A                                  	27	31
11:57:34  Zone: Zone1                    	220	191	29
11:57:34  Zone: Zone2                    	29	29	0	Net-count has gone negative (-2).  Resetting to zero. (No Balancing Zone)
11:57:34  Zone: Zone2                    	29	29	0
12:00:15  Logging to daily summary: "12:00 16 16 27 4 5 1"
12:00:15  Service running OK
12:01:28  Camera: Shop B                                  	1	5
12:01:42  Zone: Zone1                    	222	191	31
12:01:42  Zone: Zone2                    	29	29	0	Net-count has gone negative (-2).  Resetting to zero. (No Balancing Zone)
12:02:37  Camera: Level 2 Main Entry                      	19	27
12:02:42  Camera: Level 2 Cafe                            	117	105
12:02:52  Zone: Zone1                    	222	193	29
12:04:39  Camera: Level 2 Main Entry                      	21	27
12:04:54  Zone: Zone1                    	224	193	31
12:05:35  Camera: Shop A                                  	28	31
12:05:40  Camera: Level 2 Main Entry                      	21	29
12:05:46  Zone: Zone1                    	224	196	28
12:05:46  Zone: Zone2                    	30	29	1
12:06:36  Camera: Shop A                                  	28	32
12:06:36  Zone: Zone1                    	225	196	29
12:06:36  Zone: Zone2                    	30	30	0
12:07:35  Camera: Shop B                                  	3	7
12:07:46  Zone: Zone1                    	227	198	29
12:07:46  Zone: Zone2                    	32	32	0
12:08:36  Camera: Shop B                                  	6	9
12:08:38  Zone: Zone1                    	229	201	28
12:08:38  Zone: Zone2                    	35	34	1
12:08:44  Camera: Level 2 Main Entry                      	21	30
12:08:54  Zone: Zone1                    	229	202	27
12:10:38  Camera: Shop B                                  	6	11
12:10:40  Zone: Zone1                    	231	202	29
12:10:40  Zone: Zone2                    	35	35	0	Net-count has gone negative (-1).  Resetting to zero. (No Balancing Zone)
12:10:40  Zone: Zone2                    	35	35	0
12:11:39  Camera: Shop B                                  	7	11
12:11:50  Zone: Zone1                    	231	203	28
12:11:50  Zone: Zone2                    	36	35	1
12:15:09  Service running OK
12:15:45  Camera: Shop A                                  	29	33
12:16:00  Zone: Zone1                    	232	204	28
12:16:00  Zone: Zone2                    	37	36	1
12:19:50  Camera: Shop A                                  	30	33
12:19:52  Zone: Zone1                    	232	205	27
12:19:52  Zone: Zone2                    	38	36	2
12:22:53  Camera: Shop A                                  	30	34
12:22:59  Camera: Level 2 Main Entry                      	21	31
12:23:08  Zone: Zone1                    	233	206	27
12:23:08  Zone: Zone2                    	38	37	1
12:25:54  Camera: Shop B                                  	9	11
12:26:04  Zone: Zone1                    	233	208	25
12:26:04  Zone: Zone2                    	40	37	3
12:29:05  Camera: Level 2 Main Entry                      	21	32
12:29:20  Zone: Zone1                    	233	209	24
12:30:15  Logging to daily summary: "12:30 13 18 27 11 8 1"
12:30:15  Service running OK
12:31:02  Camera: Shop A                                  	30	37
12:31:06  Zone: Zone1                    	236	209	27
12:31:06  Zone: Zone2                    	40	40	0
12:32:03  Camera: Shop A                                  	32	37
12:32:16  Zone: Zone1                    	236	211	25
12:32:16  Zone: Zone2                    	42	40	2
12:34:03  Camera: Shop B                                  	9	14
12:34:03  Zone: Zone1                    	239	211	28
12:34:03  Zone: Zone2                    	42	42	0	Net-count has gone negative (-1).  Resetting to zero. (No Balancing Zone)
12:34:03  Zone: Zone2                    	42	42	0
12:34:43  Camera: Level 1 Science Centre Entry 2          	45	41
12:34:55  Zone: Zone1                    	239	212	27
12:35:04  Camera: Shop B                                  	17	21
12:35:11  Zone: Zone1                    	246	220	26
12:35:11  Zone: Zone2                    	50	49	1
12:36:05  Camera: Shop B                                  	23	25
12:36:05  Zone: Zone1                    	250	226	24
12:36:05  Zone: Zone2                    	56	53	3
12:37:06  Camera: Shop B                                  	30	25
12:37:15  Zone: Zone1                    	250	233	17
12:37:15  Zone: Zone2                    	63	53	10
12:40:10  Camera: Shop B                                  	31	27
12:40:13  Zone: Zone1                    	252	234	18
12:40:13  Zone: Zone2                    	64	55	9
12:42:12  Camera: Shop B                                  	31	28
12:42:13  Camera: Shop A                                  	33	38
12:42:17  Zone: Zone1                    	254	235	19
12:42:17  Zone: Zone2                    	65	57	8
12:43:13  Camera: Shop B                                  	33	28
12:43:25  Zone: Zone1                    	254	237	17
12:43:25  Zone: Zone2                    	67	57	10
12:44:14  Camera: Shop B                                  	33	30
12:44:17  Zone: Zone1                    	256	237	19
12:44:17  Zone: Zone2                    	67	59	8
12:45:12  Service running OK
12:46:18  Camera: Shop A                                  	33	39
12:46:21  Zone: Zone1                    	257	237	20
12:46:21  Zone: Zone2                    	67	60	7
12:47:17  Camera: Shop B                                  	33	31
12:47:19  Camera: Shop A                                  	33	40
12:47:31  Zone: Zone1                    	259	237	22
12:47:31  Zone: Zone2                    	67	62	5
12:48:20  Camera: Shop A                                  	34	42
12:48:21  Zone: Zone1                    	261	238	23
12:48:21  Zone: Zone2                    	68	64	4
12:50:31  Camera: Shop Whale Mall                         	4	6
12:50:43  Zone: Zone2                    	71	66	5
12:53:35  Camera: Shop Whale Mall                         	8	8
12:53:41  Zone: Zone2                    	75	68	7
12:55:27  Camera: Shop A                                  	35	44
12:55:28  Zone: Zone1                    	263	239	24
12:55:28  Zone: Zone2                    	76	70	6
12:56:27  Camera: Shop B                                  	35	34
12:56:37  Zone: Zone1                    	266	241	25
12:56:37  Zone: Zone2                    	78	73	5
13:00:14  Logging to daily summary: "13:00 33 32 22 38 36 5"
13:00:14  Service running OK
13:00:31  Camera: Shop B                                  	35	37
13:00:31  Zone: Zone1                    	269	241	28
13:00:31  Zone: Zone2                    	78	76	2
13:04:43  Camera: Level 2 Main Entry                      	21	33
13:04:43  Zone: Zone1                    	269	242	27
13:05:36  Camera: Shop B                                  	37	39
13:05:37  Zone: Zone1                    	271	244	27
13:05:37  Zone: Zone2                    	80	78	2
13:06:38  Camera: Shop B                                  	39	43
13:06:46  Zone: Zone1                    	275	246	29
13:06:46  Zone: Zone2                    	82	82	0
13:07:40  Camera: Shop A                                  	36	44
13:07:40  Zone: Zone1                    	275	247	28
13:07:41  Zone: Zone2                    	83	82	1
13:09:43  Camera: Shop A                                  	37	45
13:09:44  Zone: Zone1                    	276	248	28
13:09:44  Zone: Zone2                    	84	83	1
13:10:44  Camera: Shop A                                  	37	47
13:10:54  Zone: Zone1                    	278	248	30
13:10:54  Zone: Zone2                    	84	84	0	Net-count has gone negative (-1).  Resetting to zero. (No Balancing Zone)
13:10:54  Zone: Zone2                    	84	84	0
13:12:55  Camera: Shop Whale Mall                         	8	10
13:12:58  Zone: Zone2                    	84	84	0	Net-count has gone negative (-2).  Resetting to zero. (No Balancing Zone)
13:13:45  Camera: Shop B                                  	39	45
13:13:50  Zone: Zone1                    	280	248	32
13:13:50  Zone: Zone2                    	84	84	0	Net-count has gone negative (-2).  Resetting to zero. (No Balancing Zone)
13:15:03  Service running OK
13:16:48  Camera: Shop B                                  	39	47
13:16:48  Zone: Zone1                    	282	248	34
13:16:48  Zone: Zone2                    	84	84	0	Net-count has gone negative (-2).  Resetting to zero. (No Balancing Zone)
13:22:55  Camera: Shop B                                  	39	49
13:23:04  Zone: Zone1                    	284	248	36
13:23:04  Zone: Zone2                    	84	84	0	Net-count has gone negative (-2).  Resetting to zero. (No Balancing Zone)
13:29:01  Camera: Shop B                                  	39	55
13:29:02  Zone: Zone1                    	290	248	42
13:29:02  Zone: Zone2                    	84	84	0	Net-count has gone negative (-6).  Resetting to zero. (No Balancing Zone)
13:30:02  Camera: Shop B                                  	39	56
13:30:12  Zone: Zone1                    	291	248	43
13:30:12  Zone: Zone2                    	84	84	0	Net-count has gone negative (-1).  Resetting to zero. (No Balancing Zone)
13:30:12  Logging to daily summary: "13:30 25 7 32 6 11 0"
13:30:12  Service running OK
13:31:03  Camera: Shop B                                  	41	56
13:31:04  Zone: Zone1                    	291	250	41
13:31:04  Zone: Zone2                    	86	84	2
13:31:15  Camera: Shop Whale Mall                         	12	12
13:31:20  Zone: Zone2                    	90	86	4
13:32:17  Camera: Level 2 Cafe                            	117	106
13:32:30  Zone: Zone1                    	291	251	40
13:33:06  Camera: Shop B                                  	44	56
13:33:06  Zone: Zone1                    	291	254	37
13:33:06  Zone: Zone2                    	93	86	7
13:34:08  Camera: Shop A                                  	37	48
13:34:15  Zone: Zone1                    	292	254	38
13:34:15  Zone: Zone2                    	93	87	6
13:36:09  Camera: Shop B                                  	46	56
13:36:19  Zone: Zone1                    	292	256	36
13:36:19  Zone: Zone2                    	95	87	8
13:38:11  Camera: Shop B                                  	46	59
13:38:13  Camera: Shop A                                  	38	49
13:38:23  Zone: Zone1                    	296	257	39
13:38:23  Zone: Zone2                    	96	91	5
13:45:16  Service running OK
14:00:16  Logging to daily summary: "14:00 5 9 38 12 7 5"
14:00:16  Service running OK
14:01:38  Camera: Shop A                                  	39	49
14:01:43  Zone: Zone1                    	296	258	38
14:01:43  Zone: Zone2                    	97	91	6
14:05:42  Camera: Shop A                                  	40	51
14:05:53  Zone: Zone1                    	298	259	39
14:05:53  Zone: Zone2                    	98	93	5
14:06:41  Camera: Shop B                                  	48	59
14:06:43  Camera: Shop A                                  	41	52
14:06:45  Zone: Zone1                    	299	262	37
14:06:45  Zone: Zone2                    	101	94	7
14:07:44  Camera: Shop A                                  	41	54
14:07:55  Zone: Zone1                    	301	262	39
14:07:55  Zone: Zone2                    	101	96	5
14:10:46  Camera: Shop B                                  	50	60
14:10:53  Zone: Zone1                    	302	264	38
14:10:53  Zone: Zone2                    	103	97	6
14:12:50  Camera: Shop A                                  	41	55
14:12:57  Zone: Zone1                    	303	264	39
14:12:57  Zone: Zone2                    	103	98	5
14:14:50  Camera: Shop B                                  	52	60
14:15:01  Zone: Zone1                    	303	266	37
14:15:01  Zone: Zone2                    	105	98	7
14:15:01  Service running OK
14:17:03  Camera: Shop Whale Mall                         	12	13
14:17:05  Zone: Zone2                    	105	99	6
14:17:32  Camera: Level 1 Science Centre Entry 2          	46	43
14:17:39  Zone: Zone1                    	304	268	36
14:19:57  Camera: Shop A                                  	42	56
14:20:01  Zone: Zone1                    	305	269	36
14:20:01  Zone: Zone2                    	106	100	6
14:20:06  Camera: Shop Whale Mall                         	12	14
14:20:17  Zone: Zone2                    	106	101	5
14:20:36  Camera: Level 1 Science Centre Entry 2          	46	46
14:20:51  Zone: Zone1                    	305	272	33
14:22:08  Camera: Shop Whale Mall                         	12	16
14:22:19  Zone: Zone2                    	106	103	3
14:24:01  Camera: Shop A                                  	42	59
14:24:05  Zone: Zone1                    	308	272	36
14:24:05  Zone: Zone2                    	106	106	0
14:29:07  Camera: Shop A                                  	43	59
14:29:09  Zone: Zone1                    	308	273	35
14:29:09  Zone: Zone2                    	107	106	1
14:30:04  Logging to daily summary: "14:30 12 16 36 11 15 4"
14:30:04  Service running OK
14:31:07  Camera: Shop B                                  	55	61
14:31:13  Zone: Zone1                    	309	276	33
14:31:13  Zone: Zone2                    	110	107	3
14:33:09  Camera: Shop B                                  	56	62
14:33:17  Camera: Level 2 Main Entry                      	22	34
14:33:17  Zone: Zone1                    	311	278	33
14:33:17  Zone: Zone2                    	111	108	3
14:35:12  Camera: Shop B                                  	57	62
14:35:13  Camera: Shop A                                  	44	60
14:35:19  Zone: Zone1                    	312	280	32
14:35:19  Zone: Zone2                    	113	109	4
14:36:13  Camera: Shop B                                  	57	64
14:36:14  Camera: Shop A                                  	45	61
14:36:27  Zone: Zone1                    	315	281	34
14:36:27  Zone: Zone2                    	114	112	2
14:40:17  Camera: Shop B                                  	59	64
14:40:17  Zone: Zone1                    	315	283	32
14:40:17  Zone: Zone2                    	116	112	4
14:43:22  Camera: Shop A                                  	46	61
14:43:33  Zone: Zone1                    	315	284	31
14:43:33  Zone: Zone2                    	117	112	5
14:44:21  Camera: Shop B                                  	61	65
14:44:23  Camera: Shop A                                  	47	62
14:44:25  Zone: Zone1                    	317	287	30
14:44:25  Zone: Zone2                    	120	114	6
14:45:00  Service running OK
14:45:22  Camera: Shop B                                  	61	67
14:45:24  Camera: Shop A                                  	49	63
14:45:33  Zone: Zone1                    	320	289	31
14:45:33  Zone: Zone2                    	122	117	5
14:47:26  Camera: Shop A                                  	49	65
14:47:35  Zone: Zone1                    	322	289	33
14:47:35  Zone: Zone2                    	122	119	3
14:48:27  Camera: Shop A                                  	49	66
14:48:27  Zone: Zone1                    	323	289	34
14:48:27  Zone: Zone2                    	122	120	2
14:49:27  Camera: Shop B                                  	61	73
14:49:34  Camera: Level 2 Main Entry                      	23	35
14:49:37  Zone: Zone1                    	330	290	40
14:49:37  Zone: Zone2                    	122	122	0	Net-count has gone negative (-4).  Resetting to zero. (No Balancing Zone)
14:49:37  Zone: Zone2                    	122	122	0
14:50:07  Camera: Level 1 Science Centre Entry 2          	46	47
14:50:09  Zone: Zone1                    	330	291	39
14:50:29  Camera: Shop A                                  	50	67
14:50:42  Zone: Zone1                    	331	292	39
14:50:42  Zone: Zone2                    	123	123	0
14:51:08  Camera: Level 1 Science Centre Entry 2          	53	51
14:51:16  Zone: Zone1                    	338	296	42
14:53:31  Camera: Shop B                                  	63	73
14:53:38  Zone: Zone1                    	338	298	40
14:53:38  Zone: Zone2                    	125	123	2
14:54:34  Camera: Shop A                                  	50	70
14:54:48  Zone: Zone1                    	341	298	43
14:54:48  Zone: Zone2                    	125	125	0	Net-count has gone negative (-1).  Resetting to zero. (No Balancing Zone)
14:54:48  Zone: Zone2                    	125	125	0
14:55:35  Camera: Shop A                                  	50	71
14:55:40  Zone: Zone1                    	342	298	44
14:55:40  Zone: Zone2                    	125	125	0	Net-count has gone negative (-1).  Resetting to zero. (No Balancing Zone)
14:56:34  Camera: Shop B                                  	65	73
14:56:34  Zone: Zone1                    	342	300	42
14:56:34  Zone: Zone2                    	127	125	2
14:57:37  Camera: Shop A                                  	50	72
14:57:44  Zone: Zone1                    	343	300	43
14:57:44  Zone: Zone2                    	127	126	1
14:58:38  Camera: Shop A                                  	52	75
14:58:38  Zone: Zone1                    	346	302	44
14:58:38  Zone: Zone2                    	129	129	0
14:59:39  Camera: Shop A                                  	54	79
14:59:48  Zone: Zone1                    	350	304	46
14:59:48  Zone: Zone2                    	131	131	0	Net-count has gone negative (-2).  Resetting to zero. (No Balancing Zone)
14:59:48  Zone: Zone2                    	131	131	0
15:00:07  Logging to daily summary: "15:00 42 31 36 24 25 2"
15:00:07  Service running OK
15:00:39  Camera: Shop B                                  	67	75
15:00:40  Zone: Zone1                    	352	306	46
15:00:40  Camera: Shop A                                  	55	81
15:00:40  Zone: Zone2                    	134	134	0	Net-count has gone negative (-1).  Resetting to zero. (No Balancing Zone)
15:00:40  Zone: Zone2                    	134	134	0
15:00:56  Zone: Zone1                    	354	307	47
15:04:43  Camera: Shop B                                  	69	77
15:04:45  Camera: Shop A                                  	56	82
15:04:48  Zone: Zone1                    	357	310	47
15:04:48  Zone: Zone2                    	137	137	0
15:05:44  Camera: Shop B                                  	69	79
15:05:56  Zone: Zone1                    	359	310	49
15:05:56  Zone: Zone2                    	137	137	0	Net-count has gone negative (-2).  Resetting to zero. (No Balancing Zone)
15:08:47  Camera: Shop B                                  	71	79
15:08:54  Zone: Zone1                    	359	312	47
15:08:54  Zone: Zone2                    	139	137	2
15:09:50  Camera: Shop A                                  	57	86
15:10:04  Zone: Zone1                    	363	313	50
15:10:04  Zone: Zone2                    	140	140	0	Net-count has gone negative (-1).  Resetting to zero. (No Balancing Zone)
15:10:04  Zone: Zone2                    	140	140	0
15:11:52  Camera: Shop A                                  	59	88
15:11:52  Zone: Zone1                    	365	315	50
15:11:52  Zone: Zone2                    	142	142	0
15:12:53  Camera: Shop A                                  	59	90
15:13:02  Zone: Zone1                    	367	315	52
15:13:02  Zone: Zone2                    	142	142	0	Net-count has gone negative (-2).  Resetting to zero. (No Balancing Zone)
15:14:55  Camera: Shop A                                  	60	92
15:15:06  Zone: Zone1                    	369	316	53
15:15:06  Zone: Zone2                    	143	143	0	Net-count has gone negative (-1).  Resetting to zero. (No Balancing Zone)
15:15:06  Zone: Zone2                    	143	143	0
15:15:06  Service running OK
15:15:56  Camera: Shop A                                  	64	92
15:15:58  Zone: Zone1                    	369	320	49
15:15:58  Zone: Zone2                    	147	143	4
15:20:01  Camera: Shop A                                  	64	94
15:20:08  Zone: Zone1                    	371	320	51
15:20:08  Zone: Zone2                    	147	145	2
15:21:02  Camera: Shop A                                  	64	95
15:21:02  Zone: Zone1                    	372	320	52
15:21:02  Zone: Zone2                    	147	146	1
15:22:01  Camera: Shop B                                  	72	79
15:22:12  Zone: Zone1                    	372	321	51
15:22:12  Zone: Zone2                    	148	146	2
15:23:04  Camera: Shop A                                  	65	97
15:23:04  Zone: Zone1                    	374	322	52
15:23:04  Zone: Zone2                    	149	148	1
15:24:05  Camera: Shop A                                  	66	98
15:24:14  Zone: Zone1                    	375	323	52
15:24:14  Zone: Zone2                    	150	149	1
15:25:06  Camera: Shop A                                  	67	100
15:25:06  Zone: Zone1                    	377	324	53
15:25:06  Zone: Zone2                    	151	151	0
15:26:07  Camera: Shop A                                  	67	101
15:26:16  Zone: Zone1                    	378	324	54
15:26:16  Zone: Zone2                    	151	151	0	Net-count has gone negative (-1).  Resetting to zero. (No Balancing Zone)
15:27:08  Camera: Shop A                                  	68	103
15:27:08  Zone: Zone1                    	380	325	55
15:27:08  Zone: Zone2                    	152	152	0	Net-count has gone negative (-1).  Resetting to zero. (No Balancing Zone)
15:27:08  Zone: Zone2                    	152	152	0
15:29:09  Camera: Shop B                                  	74	79
15:29:12  Zone: Zone1                    	380	327	53
15:29:12  Zone: Zone2                    	154	152	2
15:30:07  Logging to daily summary: "15:30 30 23 50 23 21 0"
15:30:07  Service running OK
15:30:10  Camera: Shop B                                  	77	83
15:30:22  Zone: Zone1                    	384	330	54
15:30:22  Zone: Zone2                    	157	156	1
15:31:11  Camera: Shop B                                  	79	83
15:31:14  Zone: Zone1                    	384	332	52
15:31:14  Zone: Zone2                    	159	156	3
15:33:15  Camera: Shop A                                  	68	104
15:33:18  Zone: Zone1                    	385	332	53
15:33:18  Zone: Zone2                    	159	157	2
15:34:16  Camera: Shop A                                  	69	104
15:34:28  Zone: Zone1                    	385	333	52
15:34:28  Zone: Zone2                    	160	157	3
15:37:19  Camera: Shop A                                  	70	105
15:37:26  Zone: Zone1                    	386	334	52
15:37:26  Zone: Zone2                    	161	158	3
15:39:21  Camera: Shop A                                  	71	108
15:39:30  Zone: Zone1                    	389	335	54
15:39:30  Zone: Zone2                    	162	161	1
15:40:21  Camera: Shop B                                  	79	85
15:40:22  Zone: Zone1                    	391	335	56
15:40:22  Zone: Zone2                    	162	162	0	Net-count has gone negative (-1).  Resetting to zero. (No Balancing Zone)
15:40:22  Zone: Zone2                    	162	162	0
15:40:22  Camera: Shop A                                  	72	110
15:40:28  Camera: Level 2 Main Entry                      	23	36
15:40:38  Zone: Zone1                    	393	337	56
15:40:38  Zone: Zone2                    	163	163	0	Net-count has gone negative (-1).  Resetting to zero. (No Balancing Zone)
15:40:38  Zone: Zone2                    	163	163	0
15:41:22  Camera: Shop B                                  	83	87
15:41:23  Camera: Shop A                                  	73	114
15:41:27  Zone: Zone1                    	399	342	57
15:41:27  Zone: Zone2                    	168	168	0	Net-count has gone negative (-1).  Resetting to zero. (No Balancing Zone)
15:41:27  Zone: Zone2                    	168	168	0
15:41:29  Camera: Level 2 Main Entry                      	24	36
15:41:43  Zone: Zone1                    	400	342	58
15:42:02  Camera: Level 1 Science Centre Entry 2          	58	54
15:42:14  Zone: Zone1                    	405	345	60
15:42:46  Camera: Level 1 Science Centre Entry 1          	3	5
15:42:48  Zone: Zone1                    	405	346	59
15:43:03  Camera: Level 1 Science Centre Entry 2          	59	59
15:43:04  Zone: Zone1                    	406	351	55
15:44:27  Camera: Shop A                                  	73	118
15:44:32  Zone: Zone1                    	410	351	59
15:44:32  Zone: Zone2                    	168	168	0	Net-count has gone negative (-4).  Resetting to zero. (No Balancing Zone)
15:45:09  Service running OK
15:45:26  Camera: Shop B                                  	83	89
15:45:26  Zone: Zone1                    	412	351	61
15:45:26  Zone: Zone2                    	168	168	0	Net-count has gone negative (-2).  Resetting to zero. (No Balancing Zone)
15:45:28  Camera: Shop A                                  	76	121
15:45:42  Zone: Zone1                    	415	354	61
15:45:42  Zone: Zone2                    	171	171	0
15:47:28  Camera: Shop B                                  	85	89
15:47:28  Zone: Zone1                    	415	356	59
15:47:28  Zone: Zone2                    	173	171	2
15:48:31  Camera: Shop A                                  	78	123
15:48:38  Zone: Zone1                    	417	358	59
15:48:38  Zone: Zone2                    	175	173	2
15:49:32  Camera: Shop A                                  	79	123
15:49:32  Zone: Zone1                    	417	359	58
15:49:32  Zone: Zone2                    	176	173	3
15:51:34  Camera: Shop A                                  	79	124
15:51:36  Zone: Zone1                    	418	359	59
15:51:36  Zone: Zone2                    	176	174	2
15:51:40  Camera: Level 2 Main Entry                      	24	37
15:51:52  Zone: Zone1                    	418	360	58
15:52:35  Camera: Shop A                                  	79	129
15:52:44  Zone: Zone1                    	423	360	63
15:52:44  Zone: Zone2                    	176	176	0	Net-count has gone negative (-3).  Resetting to zero. (No Balancing Zone)
15:52:44  Zone: Zone2                    	176	176	0
15:53:36  Camera: Shop A                                  	80	129
15:53:37  Zone: Zone1                    	423	361	62
15:53:37  Zone: Zone2                    	177	176	1
15:54:38  Camera: Shop A                                  	80	130
15:54:46  Zone: Zone1                    	424	361	63
15:54:46  Zone: Zone2                    	177	177	0
15:55:39  Camera: Shop A                                  	81	132
15:55:39  Zone: Zone1                    	426	362	64
15:55:39  Zone: Zone2                    	178	178	0	Net-count has gone negative (-1).  Resetting to zero. (No Balancing Zone)
15:55:39  Zone: Zone2                    	178	178	0
15:56:38  Camera: Shop B                                  	87	91
15:56:48  Zone: Zone1                    	428	364	64
15:56:48  Zone: Zone2                    	180	180	0
15:57:39  Camera: Shop B                                  	87	92
15:57:40  Zone: Zone1                    	429	364	65
15:57:40  Zone: Zone2                    	180	180	0	Net-count has gone negative (-1).  Resetting to zero. (No Balancing Zone)
15:59:43  Camera: Shop A                                  	81	136
15:59:44  Zone: Zone1                    	433	364	69
15:59:44  Zone: Zone2                    	180	180	0	Net-count has gone negative (-4).  Resetting to zero. (No Balancing Zone)
16:00:03  Logging to daily summary: "16:00 53 37 57 26 28 1"
16:00:03  Service running OK
16:01:43  Camera: Shop B                                  	89	95
16:01:45  Camera: Shop A                                  	82	138
16:01:48  Zone: Zone1                    	438	367	71
16:01:48  Zone: Zone2                    	183	183	0	Net-count has gone negative (-2).  Resetting to zero. (No Balancing Zone)
16:01:48  Zone: Zone2                    	183	183	0
16:02:46  Camera: Shop A                                  	83	138
16:02:56  Zone: Zone1                    	438	368	70
16:02:56  Zone: Zone2                    	184	183	1
16:13:58  Camera: Shop A                                  	84	140
16:14:00  Zone: Zone1                    	440	369	71
16:14:00  Zone: Zone2                    	185	185	0
16:14:59  Camera: Shop A                                  	84	142
16:15:10  Zone: Zone1                    	442	369	73
16:15:10  Zone: Zone2                    	185	185	0	Net-count has gone negative (-2).  Resetting to zero. (No Balancing Zone)
16:15:10  Service running OK
16:17:59  Camera: Shop A                                  	85	142
16:18:05  Zone: Zone1                    	442	370	72
16:18:05  Zone: Zone2                    	186	185	1
16:20:53  Camera: Shop A                                  	85	143
16:20:53  Zone: Zone1                    	443	370	73
16:20:53  Zone: Zone2                    	186	186	0
16:21:51  Camera: Shop A                                  	87	143
16:22:00  Zone: Zone1                    	443	372	71
16:22:00  Zone: Zone2                    	188	186	2
16:22:51  Camera: Shop A                                  	88	145
16:22:51  Zone: Zone1                    	445	373	72
16:22:51  Zone: Zone2                    	189	188	1
16:23:49  Camera: Shop B                                  	97	103
16:23:51  Camera: Shop A                                  	88	148
16:24:00  Zone: Zone1                    	456	381	75
16:24:00  Zone: Zone2                    	197	197	0	Net-count has gone negative (-2).  Resetting to zero. (No Balancing Zone)
16:24:00  Zone: Zone2                    	197	197	0
16:24:50  Camera: Shop A                                  	88	150
16:24:51  Zone: Zone1                    	458	381	77
16:24:51  Zone: Zone2                    	197	197	0	Net-count has gone negative (-2).  Resetting to zero. (No Balancing Zone)
16:25:50  Camera: Shop A                                  	89	150
16:26:00  Zone: Zone1                    	458	382	76
16:26:00  Zone: Zone2                    	198	197	1
16:30:12  Logging to daily summary: "16:30 25 18 72 18 17 0"
16:30:12  Service running OK
16:31:52  Camera: Shop B                                  	97	105
16:31:57  Zone: Zone1                    	460	382	78
16:31:57  Zone: Zone2                    	198	198	0	Net-count has gone negative (-1).  Resetting to zero. (No Balancing Zone)
16:31:57  Zone: Zone2                    	198	198	0
16:34:55  Camera: Shop B                                  	99	107
16:34:55  Zone: Zone1                    	462	384	78
16:34:55  Zone: Zone2                    	200	200	0
16:38:05  Camera: Level 2 Main Entry                      	25	38
16:38:11  Zone: Zone1                    	463	385	78
16:38:59  Camera: Shop B                                  	104	111
16:39:03  Zone: Zone1                    	467	390	77
16:39:03  Zone: Zone2                    	205	204	1
16:41:01  Camera: Shop B                                  	104	114
16:41:07  Zone: Zone1                    	470	390	80
16:41:07  Zone: Zone2                    	205	205	0	Net-count has gone negative (-2).  Resetting to zero. (No Balancing Zone)
16:41:07  Zone: Zone2                    	205	205	0
16:41:41  Camera: Level 1 Science Centre Entry 2          	59	61
16:41:41  Zone: Zone1                    	470	392	78
16:42:42  Camera: Level 1 Science Centre Entry 2          	64	64
16:42:51  Zone: Zone1                    	475	395	80
16:43:05  Camera: Shop A                                  	89	151
16:43:07  Zone: Zone1                    	476	395	81
16:43:07  Zone: Zone2                    	205	205	0	Net-count has gone negative (-1).  Resetting to zero. (No Balancing Zone)
16:43:10  Camera: Level 2 Main Entry                      	25	40
16:43:23  Zone: Zone1                    	476	397	79
16:44:06  Camera: Shop A                                  	89	153
16:44:11  Camera: Level 2 Main Entry                      	26	41
16:44:14  Zone: Zone1                    	479	398	81
16:44:14  Zone: Zone2                    	205	205	0	Net-count has gone negative (-2).  Resetting to zero. (No Balancing Zone)
16:45:05  Camera: Shop B                                  	106	114
16:45:05  Zone: Zone1                    	479	400	79
16:45:05  Zone: Zone2                    	207	205	2
16:45:05  Service running OK
16:45:07  Camera: Shop A                                  	90	157
16:45:12  Camera: Level 2 Main Entry                      	32	44
16:45:21  Zone: Zone1                    	489	404	85
16:45:21  Zone: Zone2                    	208	208	0	Net-count has gone negative (-1).  Resetting to zero. (No Balancing Zone)
16:45:21  Zone: Zone2                    	208	208	0
16:46:08  Camera: Shop A                                  	91	157
16:46:10  Zone: Zone1                    	489	405	84
16:46:10  Zone: Zone2                    	209	208	1
16:47:09  Camera: Shop A                                  	92	157
16:47:20  Zone: Zone1                    	489	406	83
16:47:20  Zone: Zone2                    	210	208	2
16:48:10  Camera: Shop A                                  	94	159
16:48:12  Zone: Zone1                    	491	408	83
16:48:12  Zone: Zone2                    	212	210	2
16:49:11  Camera: Shop A                                  	94	160
16:49:22  Zone: Zone1                    	492	408	84
16:49:22  Zone: Zone2                    	212	211	1
16:50:21  Camera: Shop Whale Mall                         	12	18
16:50:32  Zone: Zone2                    	212	212	0	Net-count has gone negative (-1).  Resetting to zero. (No Balancing Zone)
16:50:32  Zone: Zone2                    	212	212	0
16:51:22  Camera: Shop Whale Mall                         	12	20
16:51:24  Zone: Zone2                    	212	212	0	Net-count has gone negative (-2).  Resetting to zero. (No Balancing Zone)
16:52:12  Camera: Shop B                                  	106	116
16:52:16  Zone: Zone1                    	494	408	86
16:52:16  Zone: Zone2                    	212	212	0	Net-count has gone negative (-2).  Resetting to zero. (No Balancing Zone)
16:53:15  Camera: Shop A                                  	94	161
16:53:26  Zone: Zone1                    	495	408	87
16:53:26  Zone: Zone2                    	212	212	0	Net-count has gone negative (-1).  Resetting to zero. (No Balancing Zone)
16:54:15  Camera: Shop B                                  	106	118
16:54:16  Camera: Shop A                                  	97	163
16:54:18  Zone: Zone1                    	499	411	88
16:54:18  Zone: Zone2                    	215	215	0	Net-count has gone negative (-1).  Resetting to zero. (No Balancing Zone)
16:54:18  Zone: Zone2                    	215	215	0
16:55:16  Camera: Shop B                                  	108	118
16:55:17  Camera: Shop A                                  	98	165
16:55:26  Zone: Zone1                    	501	414	87
16:55:26  Zone: Zone2                    	218	217	1
16:58:19  Camera: Shop B                                  	110	120
16:58:21  Camera: Shop A                                  	98	170
16:58:22  Zone: Zone1                    	508	416	92
16:58:22  Zone: Zone2                    	220	220	0	Net-count has gone negative (-4).  Resetting to zero. (No Balancing Zone)
16:58:22  Zone: Zone2                    	220	220	0
16:59:22  Camera: Shop A                                  	99	175
16:59:30  Zone: Zone1                    	513	417	96
16:59:30  Zone: Zone2                    	221	221	0	Net-count has gone negative (-4).  Resetting to zero. (No Balancing Zone)
16:59:30  Zone: Zone2                    	221	221	0
17:00:07  Logging to daily summary: "17:00 55 35 82 23 24 0"
17:00:07  Service running OK
17:00:23  Camera: Shop A                                  	102	177
17:00:23  Zone: Zone1                    	515	420	95
17:00:23  Zone: Zone2                    	224	223	1
17:01:24  Camera: Shop A                                  	102	179
17:01:33  Zone: Zone1                    	517	420	97
17:01:33  Zone: Zone2                    	224	224	0	Net-count has gone negative (-1).  Resetting to zero. (No Balancing Zone)
17:01:33  Zone: Zone2                    	224	224	0
17:02:23  Camera: Shop B                                  	110	122
17:02:25  Zone: Zone1                    	519	420	99
17:02:25  Zone: Zone2                    	224	224	0	Net-count has gone negative (-2).  Resetting to zero. (No Balancing Zone)
17:04:27  Camera: Shop A                                  	103	182
17:04:29  Zone: Zone1                    	522	421	101
17:04:29  Zone: Zone2                    	225	225	0	Net-count has gone negative (-2).  Resetting to zero. (No Balancing Zone)
17:04:29  Zone: Zone2                    	225	225	0
17:05:28  Camera: Shop A                                  	105	184
17:05:34  Camera: Level 2 Main Entry                      	32	45
17:05:39  Zone: Zone1                    	524	424	100
17:05:39  Zone: Zone2                    	227	227	0
17:06:29  Camera: Shop A                                  	107	184
17:06:29  Zone: Zone1                    	524	426	98
17:06:29  Zone: Zone2                    	229	227	2
17:07:29  Camera: Shop B                                  	110	125
17:07:39  Zone: Zone1                    	527	426	101
17:07:39  Zone: Zone2                    	229	229	0	Net-count has gone negative (-1).  Resetting to zero. (No Balancing Zone)
17:07:39  Zone: Zone2                    	229	229	0
17:08:31  Camera: Shop A                                  	108	184
17:08:31  Zone: Zone1                    	527	427	100
17:08:31  Zone: Zone2                    	230	229	1
17:08:37  Camera: Level 2 Main Entry                      	32	46
17:08:47  Zone: Zone1                    	527	428	99
17:09:31  Camera: Shop B                                  	112	125
17:09:32  Camera: Shop A                                  	109	186
17:09:39  Zone: Zone1                    	529	431	98
17:09:39  Zone: Zone2                    	233	231	2
17:10:34  Camera: Shop A                                  	110	186
17:10:47  Zone: Zone1                    	529	432	97
17:10:47  Zone: Zone2                    	234	231	3
17:11:35  Camera: Shop A                                  	111	190
17:11:39  Zone: Zone1                    	533	433	100
17:11:39  Zone: Zone2                    	235	235	0
17:12:36  Camera: Shop A                                  	114	191
17:12:49  Zone: Zone1                    	534	436	98
17:12:49  Zone: Zone2                    	238	236	2
17:14:47  Camera: Shop Whale Mall                         	16	22
17:14:53  Zone: Zone2                    	242	238	4
17:15:12  Service running OK
17:23:48  Camera: Shop A                                  	115	193
17:23:51  Zone: Zone1                    	536	437	99
17:23:51  Zone: Zone2                    	243	240	3
17:24:49  Camera: Shop A                                  	116	193
17:25:01  Zone: Zone1                    	536	438	98
17:25:01  Zone: Zone2                    	244	240	4
17:25:50  Camera: Shop A                                  	117	194
17:25:53  Zone: Zone1                    	537	439	98
17:25:53  Zone: Zone2                    	245	241	4
17:25:59  Camera: Shop Whale Mall                         	16	24
17:26:09  Zone: Zone2                    	245	243	2
17:30:04  Logging to daily summary: "17:30 24 22 98 24 22 2"
17:30:04  Service running OK
17:30:55  Camera: Shop A                                  	117	195
17:30:55  Zone: Zone1                    	538	439	99
17:30:55  Zone: Zone2                    	245	244	1
17:32:57  Camera: Shop A                                  	117	196
17:32:59  Zone: Zone1                    	539	439	100
17:32:59  Zone: Zone2                    	245	245	0
17:34:58  Camera: Shop B                                  	112	128
17:35:03  Zone: Zone1                    	542	439	103
17:35:03  Zone: Zone2                    	245	245	0	Net-count has gone negative (-3).  Resetting to zero. (No Balancing Zone)
17:37:11  Camera: Shop Whale Mall                         	17	24
17:37:25  Zone: Zone2                    	246	245	1
17:39:02  Camera: Shop B                                  	112	129
17:39:11  Zone: Zone1                    	543	439	104
17:39:11  Zone: Zone2                    	246	246	0
17:42:07  Camera: Shop A                                  	118	196
17:42:09  Zone: Zone1                    	543	440	103
17:42:09  Zone: Zone2                    	247	246	1
17:45:10  Service running OK
17:46:11  Camera: Shop A                                  	119	197
17:46:19  Zone: Zone1                    	544	441	103
17:46:19  Zone: Zone2                    	248	247	1
17:48:12  Camera: Shop B                                  	112	131
17:48:19  Camera: Level 2 Main Entry                      	32	47
17:48:23  Zone: Zone1                    	546	442	104
17:48:23  Zone: Zone2                    	248	248	0	Net-count has gone negative (-1).  Resetting to zero. (No Balancing Zone)
17:48:23  Zone: Zone2                    	248	248	0
17:49:13  Camera: Shop B                                  	113	131
17:49:13  Zone: Zone1                    	546	443	103
17:49:13  Zone: Zone2                    	249	248	1
17:50:14  Camera: Shop B                                  	116	137
17:50:16  Camera: Shop A                                  	119	198
17:50:23  Zone: Zone1                    	553	446	107
17:50:23  Zone: Zone2                    	252	252	0	Net-count has gone negative (-3).  Resetting to zero. (No Balancing Zone)
17:50:23  Zone: Zone2                    	252	252	0
18:00:16  Logging to daily summary: "18:00 16 7 103 7 9 0"
18:00:16  Service running OK
18:15:16  Service running OK
18:30:16  Logging to daily summary: "18:30 0 0 107 0 0 0"
18:30:16  Service running OK
18:45:16  Service running OK
19:00:16  Logging to daily summary: "19:00 0 0 107 0 0 0"
19:00:16  Service running OK
19:15:16  Service running OK
19:30:16  Logging to daily summary: "19:30 0 0 107 0 0 0"
19:30:16  Service running OK
19:45:16  Service running OK
20:00:16  Logging to daily summary: "20:00 0 0 107 0 0 0"
20:00:16  Service running OK
20:15:16  Service running OK
20:30:16  Logging to daily summary: "20:30 0 0 107 0 0 0"
20:30:16  Service running OK
20:45:16  Service running OK
21:00:16  Logging to daily summary: "21:00 0 0 107 0 0 0"
21:00:16  Service running OK
21:15:16  Service running OK
21:30:16  Logging to daily summary: "21:30 0 0 107 0 0 0"
21:30:16  Service running OK
21:45:01  Service running OK
22:00:02  Logging to daily summary: "22:00 0 0 107 0 0 0"
22:00:02  Service running OK
22:00:35  Stop time reached.
22:00:35  Camera 'Level 1 Science Centre Entry 1' - final counts 3 5
22:00:35  Camera 'Level 1 Science Centre Entry 2' - final counts 64 64
22:00:35  Camera 'Level 1 Science Centre Lift' - final counts 0 0
22:00:35  Camera 'Level 2 Main Entry' - final counts 32 47
22:00:35  Camera 'Level 2 Lift' - final counts 2 2
22:00:35  Camera 'Shop A' - final counts 119 198
22:00:35  Camera 'Shop B' - final counts 116 137
22:00:35  Camera 'Shop Whale Mall' - final counts 17 24
22:00:35  Camera 'Level 2 Cafe' - final counts 117 106
22:00:35  Zone: Zone1                    	553	446	107
22:00:35  Zone: Zone2                    	252	252	0
22:00:35  Level 1 Science Centre Entry 1: IrisysIP counts reset requested.
22:00:35  Level 1 Science Centre Entry 2: IrisysIP counts reset requested.
22:00:35  Level 1 Science Centre Lift: IrisysIP counts reset requested.
22:00:35  Level 2 Main Entry: IrisysIP counts reset requested.
22:00:35  Level 2 Lift: IrisysIP counts reset requested.
22:00:35  Shop A: IrisysIP counts reset requested.
22:00:35  Shop B: IrisysIP counts reset requested.
22:00:35  Shop Whale Mall: IrisysIP counts reset requested.
22:00:35  Level 2 Cafe: IrisysIP counts reset requested.
22:00:41  Attempting to reset counts for IrisysIP Camera Level 2 Lift
22:00:44  Email sent successfully.
22:00:44  Displaying shutdown on 0 display(s)
22:00:44  End the manager threads.
22:00:44  Close all CAN threads.
22:00:44  All CAN threads, now flagged to be closed.
22:00:44  Close all IrisysIP threads.
22:00:47  Attempting to reset counts for IrisysIP Camera Shop B
22:01:31  Error! Level 1 Science Centre Entry 1: The IrisysIP thread needs to be terminated but has not reset.
22:01:31  Level 1 Science Centre Entry 1: The Irisys IP thread has been flagged to end.
22:01:33  Level 2 Lift: InCountCorrection set in registry to: 0
22:01:33  Level 2 Lift: OutCountCorrection set in registry to: 0
22:01:34  Level 2 Lift: has reset camera
22:01:39  Shop B: InCountCorrection set in registry to: 0
22:01:39  Shop B: OutCountCorrection set in registry to: 0
22:01:40  Shop B: has reset camera
22:01:40  Level 1 Science Centre Entry 1: Main Data Collection loop has finished (g_bStopFlag=0, m_bEndThread=1).
22:01:40  Level 1 Science Centre Entry 1: The Irisys IP thread has ended.
22:01:42  Attempting to reset counts for IrisysIP Camera Level 2 Main Entry
22:01:42  Attempting to reset counts for IrisysIP Camera Shop A
22:01:47  Level 2 Main Entry: InCountCorrection set in registry to: 0
22:01:47  Level 2 Main Entry: OutCountCorrection set in registry to: 0
22:01:48  Level 2 Main Entry: has reset camera
22:01:48  Attempting to reset counts for IrisysIP Camera Level 1 Science Centre Lift
22:01:48  Attempting to reset counts for IrisysIP Camera Shop Whale Mall
22:01:48  Attempting to reset counts for IrisysIP Camera Level 2 Cafe
22:01:48  Attempting to reset counts for IrisysIP Camera Level 1 Science Centre Entry 2
22:01:49  Shop A: InCountCorrection set in registry to: 0
22:01:49  Shop A: OutCountCorrection set in registry to: 0
22:01:50  Shop A: has reset camera
22:02:16  Level 1 Science Centre Lift: InCountCorrection set in registry to: 0
22:02:16  Level 1 Science Centre Lift: OutCountCorrection set in registry to: 0
22:02:17  Level 1 Science Centre Lift: has reset camera
22:02:18  Shop Whale Mall: InCountCorrection set in registry to: 0
22:02:18  Shop Whale Mall: OutCountCorrection set in registry to: 0
22:02:19  Shop Whale Mall: has reset camera
22:02:19  Level 2 Cafe: InCountCorrection set in registry to: 0
22:02:19  Level 2 Cafe: OutCountCorrection set in registry to: 0
22:02:20  Level 2 Cafe: has reset camera
22:02:21  Level 1 Science Centre Entry 2: InCountCorrection set in registry to: 0
22:02:21  Level 1 Science Centre Entry 2: OutCountCorrection set in registry to: 0
22:02:22  Level 1 Science Centre Entry 2: has reset camera
22:02:22  Level 1 Science Centre Entry 2: The Irisys IP thread has been flagged to end.
22:02:35  Camera: Level 2 Lift                            	0	0
22:02:35  Level 2 Lift IrisysIP camera has reset
22:02:41  Camera: Shop B                                  	0	0
22:02:41  Shop B IrisysIP camera has reset
22:02:49  Camera: Level 2 Main Entry                      	0	0
22:02:49  Level 2 Main Entry IrisysIP camera has reset
22:02:51  Camera: Shop A                                  	0	0
22:02:51  Shop A IrisysIP camera has reset
22:03:18  Camera: Level 1 Science Centre Lift             	0	0
22:03:20  Camera: Shop Whale Mall                         	0	0
22:03:20  Shop Whale Mall IrisysIP camera has reset
22:03:21  Level 1 Science Centre Entry 2: Main Data Collection loop has finished (g_bStopFlag=0, m_bEndThread=1).
22:03:21  Level 1 Science Centre Entry 2: The Irisys IP thread has ended.
22:03:21  Level 1 Science Centre Lift: The Irisys IP thread has been flagged to end.
22:03:21  Level 1 Science Centre Lift: Main Data Collection loop has finished (g_bStopFlag=0, m_bEndThread=1).
22:03:21  Level 1 Science Centre Lift: The Irisys IP thread has ended.
22:03:21  Level 2 Main Entry: The Irisys IP thread has been flagged to end.
22:03:22  Camera: Level 2 Cafe                            	0	0
22:03:22  Level 2 Cafe IrisysIP camera has reset
22:03:48  Level 2 Main Entry: Main Data Collection loop has finished (g_bStopFlag=0, m_bEndThread=1).
22:03:48  Level 2 Main Entry: The Irisys IP thread has ended.
22:03:48  Level 2 Lift: The Irisys IP thread has been flagged to end.
22:04:35  Level 2 Lift: Main Data Collection loop has finished (g_bStopFlag=0, m_bEndThread=1).
22:04:35  Level 2 Lift: The Irisys IP thread has ended.
22:04:35  Shop A: The Irisys IP thread has been flagged to end.
22:04:51  Shop A: Main Data Collection loop has finished (g_bStopFlag=0, m_bEndThread=1).
22:04:51  Shop A: The Irisys IP thread has ended.
22:04:51  Shop B: The Irisys IP thread has been flagged to end.
22:04:51  Shop B: Main Data Collection loop has finished (g_bStopFlag=0, m_bEndThread=1).
22:04:51  Shop B: The Irisys IP thread has ended.
22:04:51  Shop Whale Mall: The Irisys IP thread has been flagged to end.
22:05:20  Shop Whale Mall: Main Data Collection loop has finished (g_bStopFlag=0, m_bEndThread=1).
22:05:20  Shop Whale Mall: The Irisys IP thread has ended.
22:05:20  Level 2 Cafe: The Irisys IP thread has been flagged to end.
22:05:22  Level 2 Cafe: Main Data Collection loop has finished (g_bStopFlag=0, m_bEndThread=1).
22:05:22  Level 2 Cafe: The Irisys IP thread has ended.
22:05:22  All IrisysIP threads, now flagged to be closed.
22:05:22  Close all iCount threads.
22:05:22  All iCount threads, now flagged to be closed.
22:05:22  Close all eDAM threads.
22:05:22  All eDAM threads, now flagged to be closed.
22:05:22  Zone1 Zone: OutCountAdjust (-13).
22:05:22  Zone2 Zone: OutCountAdjust (-107).
22:05:22  Camera 'Level 1 Science Centre Entry 1' - maximum flow 4 at 09:36:05
22:05:22  Camera 'Level 1 Science Centre Entry 2' - maximum flow 16 at 10:19:02
22:05:22  Camera 'Level 1 Science Centre Lift' - maximum flow 0 at 09:30:00
22:05:22  Camera 'Level 2 Main Entry' - maximum flow 9 at 16:46:10
22:05:22  Camera 'Level 2 Lift' - maximum flow 2 at 09:39:10
22:05:22  Camera 'Shop A' - maximum flow 9 at 09:52:13
22:05:22  Camera 'Shop B' - maximum flow 16 at 16:24:00
22:05:22  Camera 'Shop Whale Mall' - maximum flow 6 at 12:54:00
22:05:22  Camera 'Level 2 Cafe' - maximum flow 16 at 10:58:05
22:05:22  Camera 'Level 1 Science Centre Entry 1' refreshing registry counts
22:05:22  Camera 'Level 1 Science Centre Entry 2' refreshing registry counts
22:05:22  Camera 'Level 1 Science Centre Lift' refreshing registry counts
22:05:22  Camera 'Level 2 Main Entry' refreshing registry counts
22:05:22  Camera 'Level 2 Lift' refreshing registry counts
22:05:22  Camera 'Shop A' refreshing registry counts
22:05:22  Camera 'Shop B' refreshing registry counts
22:05:22  Camera 'Shop Whale Mall' refreshing registry counts
22:05:22  Camera 'Level 2 Cafe' refreshing registry counts
22:05:22  Zone 'Zone1' refreshing file counts
22:05:22  Zone 'Zone2' refreshing file counts
22:05:22  Processing application not specified
22:05:22  Logging Counting Stopped

