
07:28:01  RECAP $Revision: 3.13.2.13 $ ($State: Exp $) built 09:15:45, Aug  3 2010
07:28:01  Logging Counting Started
07:28:01  Start time: 09:30 (570 minutes past midnight)
07:28:01  Stop time: 22:00 (1320 minutes past midnight)
07:28:01  Log period: 30 minutes
07:28:01  Initialising 0 display(s)
07:28:01  Initialising 9 camera(s)
07:28:01  IrisysIP counter(s) in use, Starting BlackFin API
07:28:01  If RECAP crashes, check .NET framework and VCRedist are installed.
07:28:01  BlackFin API Started.
07:28:01  BlackFin API Started up OK. Version: 1.10.0.5
07:28:01  Initialising 2 zone(s)
07:28:01  Outputting 'Zone1' zone data to 'Zones\Zone1.txt'
07:28:01  Outputting 'Zone2' zone data to 'Zones\Zone2.txt'
07:28:01  Displaying shutdown on 0 display(s)
07:28:01  Waiting till start time
09:30:00  Start time reached
09:30:00  Adding Level 1 Science Centre Entry 1 thread to Watchdog
09:30:00  Level 1 Science Centre Entry 1: InCountCorrection set in registry to: 0
09:30:00  Level 1 Science Centre Entry 1: OutCountCorrection set in registry to: 0
09:30:00  Adding Level 1 Science Centre Entry 2 thread to Watchdog
09:30:00  Level 1 Science Centre Entry 2: InCountCorrection set in registry to: 0
09:30:00  Level 1 Science Centre Entry 2: OutCountCorrection set in registry to: 0
09:30:00  Adding Level 1 Science Centre Lift thread to Watchdog
09:30:00  Level 1 Science Centre Lift: InCountCorrection set in registry to: 0
09:30:00  Level 1 Science Centre Lift: OutCountCorrection set in registry to: 0
09:30:00  Adding Level 2 Main Entry thread to Watchdog
09:30:00  Level 2 Main Entry: InCountCorrection set in registry to: 0
09:30:00  Level 2 Main Entry: OutCountCorrection set in registry to: 0
09:30:00  Adding Level 2 Lift thread to Watchdog
09:30:00  Level 2 Lift: InCountCorrection set in registry to: 0
09:30:00  Level 2 Lift: OutCountCorrection set in registry to: 0
09:30:00  Adding Shop A thread to Watchdog
09:30:00  Shop A: InCountCorrection set in registry to: 0
09:30:00  Shop A: OutCountCorrection set in registry to: 0
09:30:00  Adding Shop B thread to Watchdog
09:30:00  Shop B: InCountCorrection set in registry to: 0
09:30:00  Shop B: OutCountCorrection set in registry to: 0
09:30:00  Adding Shop Whale Mall thread to Watchdog
09:30:00  Shop Whale Mall: InCountCorrection set in registry to: 0
09:30:00  Shop Whale Mall: OutCountCorrection set in registry to: 0
09:30:00  Adding Level 2 Cafe thread to Watchdog
09:30:00  Level 2 Cafe: InCountCorrection set in registry to: 0
09:30:00  Level 2 Cafe: OutCountCorrection set in registry to: 0
09:30:01  New day, Reset counts and busiest times in registry
09:30:01  Camera Level 1 Science Centre Entry 1 Counts 	= In:0, Out:0
09:30:01  Camera Level 1 Science Centre Entry 2 Counts 	= In:0, Out:0
09:30:01  Camera Level 1 Science Centre Lift Counts 	= In:0, Out:0
09:30:01  Camera Level 2 Main Entry Counts 	= In:0, Out:0
09:30:01  Camera Level 2 Lift Counts 	= In:0, Out:0
09:30:01  Camera Shop A Counts 	= In:0, Out:0
09:30:01  Camera Shop B Counts 	= In:0, Out:0
09:30:01  Camera Shop Whale Mall Counts 	= In:0, Out:0
09:30:01  Camera Level 2 Cafe Counts 	= In:0, Out:0
09:30:02  Starting main data collection loop.
09:30:03  Level 1 Science Centre Entry 2: Connect Success (2) (serial num:2158593777)
09:30:04  Level 1 Science Centre Entry 2: MAC:00-21-AC-00-30-3B IP Firmware:4.0.2.30311 Monitor Firmware:42.4.0.404
09:30:05  Zone: Zone1                    	0	0	0
09:30:05  Zone: Zone2                    	0	0	0
09:30:05  Logging to daily summary: "09:30 0 0 0 0 0 0"
09:30:05  Service running OK
09:30:12  Level 1 Science Centre Entry 2: Status msgs: 0,0
09:30:13  Level 1 Science Centre Entry 2: Current DeviceID: DefaultID
09:30:28  Level 1 Science Centre Lift: Connect Success (3) (serial num:2158593853)
09:30:28  Level 1 Science Centre Entry 1: Connect Success (1) (serial num:2158593798)
09:30:28  Level 1 Science Centre Lift: MAC:00-21-AC-00-30-1A IP Firmware:4.0.2.30311 Monitor Firmware:42.4.0.404
09:30:29  Level 1 Science Centre Entry 1: MAC:00-21-AC-00-30-39 IP Firmware:4.0.2.30311 Monitor Firmware:42.4.0.404
09:30:37  Level 1 Science Centre Lift: Status msgs: 0,0
09:30:37  Level 1 Science Centre Entry 1: Status msgs: 0,0
09:30:37  Level 1 Science Centre Lift: Current DeviceID: DefaultID
09:30:38  Level 1 Science Centre Entry 1: Current DeviceID: DefaultID
09:30:40  Level 2 Main Entry: Connect Success (4) (serial num:2158593780)
09:30:42  Level 2 Main Entry: MAC:00-21-AC-00-30-D9 IP Firmware:4.0.2.30311 Monitor Firmware:42.4.0.404
09:30:42  Level 2 Lift: Connect Success (5) (serial num:2158593872)
09:30:43  Level 2 Lift: MAC:00-21-AC-00-2F-8C IP Firmware:4.0.2.30311 Monitor Firmware:42.4.0.404
09:31:04  Level 2 Main Entry: Status msgs: 0,0
09:31:04  Level 2 Main Entry: Current DeviceID: DefaultID
09:31:05  Level 2 Lift: Status msgs: 0,0
09:31:05  Level 2 Lift: Current DeviceID: DefaultID
09:32:16  Initial Camera Level 1 Science Centre Entry 2 Counts 	= In:0, Out:0
09:32:20  Level 1 Science Centre Entry 2: Date last reset in registry is not today (reset required): 09/11/11
09:32:20  Attempting to reset counts for IrisysIP Camera Level 1 Science Centre Entry 2
09:33:16  Level 1 Science Centre Entry 2: InCountCorrection set in registry to: 0
09:33:16  Level 1 Science Centre Entry 2: OutCountCorrection set in registry to: 0
09:33:17  Initial Camera Level 1 Science Centre Lift Counts 	= In:0, Out:0
09:33:17  Level 1 Science Centre Entry 2: has reset camera
09:33:17  Initial Camera Level 1 Science Centre Entry 1 Counts 	= In:0, Out:0
09:33:17  Camera: Level 1 Science Centre Entry 2 - Counts are now valid.
09:33:17  Initial Camera Level 2 Main Entry Counts 	= In:3, Out:3
09:33:17  Initial Camera Level 2 Lift Counts 	= In:1, Out:4
09:33:21  Level 1 Science Centre Lift: Date last reset in registry is not today (reset required): 09/11/11
09:33:21  Level 2 Main Entry: Date last reset in registry is not today (reset required): 09/11/11
09:33:21  Level 1 Science Centre Entry 1: Date last reset in registry is not today (reset required): 09/11/11
09:33:21  Level 2 Lift: Date last reset in registry is not today (reset required): 09/11/11
09:33:21  Attempting to reset counts for IrisysIP Camera Level 1 Science Centre Lift
09:33:21  Attempting to reset counts for IrisysIP Camera Level 2 Main Entry
09:33:21  Attempting to reset counts for IrisysIP Camera Level 1 Science Centre Entry 1
09:33:21  Attempting to reset counts for IrisysIP Camera Level 2 Lift
09:33:41  Level 1 Science Centre Lift: InCountCorrection set in registry to: 0
09:33:41  Level 1 Science Centre Lift: OutCountCorrection set in registry to: 0
09:33:42  Level 1 Science Centre Lift: has reset camera
09:33:42  Camera: Level 1 Science Centre Lift - Counts are now valid.
09:34:08  Level 2 Main Entry: InCountCorrection set in registry to: 0
09:34:08  Level 2 Main Entry: OutCountCorrection set in registry to: 0
09:34:09  Level 2 Main Entry: has reset camera
09:34:09  Camera: Level 2 Main Entry - Counts are now valid.
09:34:09  Level 1 Science Centre Entry 1: InCountCorrection set in registry to: 0
09:34:09  Level 1 Science Centre Entry 1: OutCountCorrection set in registry to: 0
09:34:10  Level 1 Science Centre Entry 1: has reset camera
09:34:10  Camera: Level 1 Science Centre Entry 1 - Counts are now valid.
09:34:11  Level 2 Lift: InCountCorrection set in registry to: 0
09:34:11  Level 2 Lift: OutCountCorrection set in registry to: 0
09:34:12  Level 2 Lift: has reset camera
09:34:12  Camera: Level 2 Lift - Counts are now valid.
09:34:18  Camera: Level 1 Science Centre Entry 2          	0	0
09:34:18  Level 1 Science Centre Entry 2 IrisysIP camera has reset
09:34:43  Camera: Level 1 Science Centre Lift             	0	0
09:34:43  Level 1 Science Centre Lift IrisysIP camera has reset
09:35:10  Camera: Level 2 Main Entry                      	0	0
09:35:10  Level 2 Main Entry IrisysIP camera has reset
09:35:12  Camera: Level 1 Science Centre Entry 1          	0	0
09:35:12  Level 1 Science Centre Entry 1 IrisysIP camera has reset
09:35:13  Camera: Level 2 Lift                            	0	0
09:35:13  Level 2 Lift IrisysIP camera has reset
09:38:13  Camera: Level 2 Main Entry                      	2	2
09:38:28  Zone: Zone1                    	2	2	0
09:39:14  Camera: Level 2 Main Entry                      	6	5
09:39:20  Zone: Zone1                    	6	5	1
09:45:03  Service running OK
10:00:03  Logging to daily summary: "10:00 6 5 0 0 0 0"
10:00:03  Service running OK
10:09:50  Camera: Level 2 Lift                            	1	2
10:09:57  Zone: Zone1                    	7	7	0
10:15:04  Service running OK
10:30:04  Logging to daily summary: "10:30 1 2 0 0 0 0"
10:30:04  Service running OK
10:43:22  Camera: Level 2 Main Entry                      	7	5
10:43:31  Zone: Zone1                    	8	7	1
10:45:02  Service running OK
10:46:25  Camera: Level 2 Main Entry                      	7	6
10:46:29  Zone: Zone1                    	8	8	0
11:00:00  Logging to daily summary: "11:00 1 1 0 0 0 0"
11:00:00  Service running OK
11:15:00  Service running OK
11:30:00  Logging to daily summary: "11:30 0 0 0 0 0 0"
11:30:00  Service running OK
11:45:00  Service running OK
12:00:00  Logging to daily summary: "12:00 0 0 0 0 0 0"
12:00:00  Service running OK
12:15:00  Service running OK
12:30:00  Logging to daily summary: "12:30 0 0 0 0 0 0"
12:30:00  Service running OK
12:32:21  Camera: Level 2 Lift                            	1	3
12:32:21  Zone: Zone1                    	8	9	-1
12:33:19  Camera: Level 2 Main Entry                      	7	7
12:33:22  Camera: Level 2 Lift                            	1	6
12:33:31  Zone: Zone1                    	8	13	-5
12:34:20  Camera: Level 2 Main Entry                      	7	8
12:34:21  Zone: Zone1                    	8	14	-6
12:34:23  Camera: Level 2 Lift                            	1	7
12:34:37  Zone: Zone1                    	8	15	-7
12:35:25  Camera: Level 2 Lift                            	1	8
12:35:29  Zone: Zone1                    	8	16	-8
12:45:06  Service running OK
12:46:42  Camera: Level 1 Science Centre Entry 2          	5	0
12:46:51  Zone: Zone1                    	13	16	-3
13:00:04  Logging to daily summary: "13:00 5 8 -4 0 0 0"
13:00:04  Service running OK
13:05:57  Camera: Level 2 Lift                            	1	10
13:06:01  Zone: Zone1                    	13	18	-5
13:15:02  Service running OK
13:20:42  Camera: Level 1 Science Centre Lift             	0	1
13:20:42  Zone: Zone1                    	13	19	-6
13:28:21  Camera: Level 2 Lift                            	1	11
13:28:28  Zone: Zone1                    	13	20	-7
13:30:17  Logging to daily summary: "13:30 0 4 -5 0 0 0"
13:30:17  Service running OK
13:30:23  Camera: Level 2 Lift                            	1	12
13:30:32  Zone: Zone1                    	13	21	-8
13:30:53  Camera: Level 1 Science Centre Lift             	2	3
13:31:06  Zone: Zone1                    	15	23	-8
13:45:13  Service running OK
14:00:13  Logging to daily summary: "14:00 2 3 -8 0 0 0"
14:00:13  Service running OK
14:11:06  Camera: Level 2 Lift                            	1	13
14:11:18  Zone: Zone1                    	15	24	-9
14:12:07  Camera: Level 2 Lift                            	1	14
14:12:10  Zone: Zone1                    	15	25	-10
14:15:11  Service running OK
14:30:11  Logging to daily summary: "14:30 0 2 -9 0 0 0"
14:30:11  Service running OK
14:45:11  Service running OK
15:00:11  Logging to daily summary: "15:00 0 0 -10 0 0 0"
15:00:11  Service running OK
15:15:11  Service running OK
15:30:11  Logging to daily summary: "15:30 0 0 -10 0 0 0"
15:30:11  Service running OK
15:45:11  Service running OK
16:00:11  Logging to daily summary: "16:00 0 0 -10 0 0 0"
16:00:11  Service running OK
16:15:11  Service running OK
16:30:11  Logging to daily summary: "16:30 0 0 -10 0 0 0"
16:30:11  Service running OK
16:38:39  Camera: Level 2 Main Entry                      	8	8
16:38:50  Zone: Zone1                    	16	25	-9
16:39:40  Camera: Level 2 Main Entry                      	13	8
16:39:42  Zone: Zone1                    	21	25	-4
16:45:07  Service running OK
17:00:07  Logging to daily summary: "17:00 6 0 -5 0 0 0"
17:00:07  Service running OK
17:15:15  Service running OK
17:30:15  Logging to daily summary: "17:30 0 0 -4 0 0 0"
17:30:15  Service running OK
17:45:15  Service running OK
18:00:16  Logging to daily summary: "18:00 0 0 -4 0 0 0"
18:00:16  Service running OK
18:15:16  Service running OK
18:30:16  Logging to daily summary: "18:30 0 0 -4 0 0 0"
18:30:16  Service running OK
18:45:16  Service running OK
19:00:16  Logging to daily summary: "19:00 0 0 -4 0 0 0"
19:00:16  Service running OK
19:15:16  Service running OK
19:30:16  Logging to daily summary: "19:30 0 0 -4 0 0 0"
19:30:16  Service running OK
19:45:16  Service running OK
20:00:16  Logging to daily summary: "20:00 0 0 -4 0 0 0"
20:00:16  Service running OK
20:15:16  Service running OK
20:30:16  Logging to daily summary: "20:30 0 0 -4 0 0 0"
20:30:16  Service running OK
20:45:16  Service running OK
21:00:16  Logging to daily summary: "21:00 0 0 -4 0 0 0"
21:00:16  Service running OK
21:15:16  Service running OK
21:30:16  Logging to daily summary: "21:30 0 0 -4 0 0 0"
21:30:16  Service running OK
21:45:16  Service running OK
22:00:16  Logging to daily summary: "22:00 0 0 -4 0 0 0"
22:00:16  Service running OK
22:00:31  Stop time reached.
22:00:31  Camera 'Level 1 Science Centre Entry 1' - final counts 0 0
22:00:31  Camera 'Level 1 Science Centre Entry 2' - final counts 5 0
22:00:31  Camera 'Level 1 Science Centre Lift' - final counts 2 3
22:00:31  Camera 'Level 2 Main Entry' - final counts 13 8
22:00:31  Camera 'Level 2 Lift' - final counts 1 14
22:00:31  Camera 'Shop A' - final counts 0 0
22:00:31  Camera 'Shop B' - final counts 0 0
22:00:31  Camera 'Shop Whale Mall' - final counts 0 0
22:00:31  Camera 'Level 2 Cafe' - final counts 0 0
22:00:31  Zone: Zone1                    	21	25	-4
22:00:31  Zone: Zone2                    	0	0	0
22:00:31  Level 1 Science Centre Entry 1: IrisysIP counts reset requested.
22:00:31  Level 1 Science Centre Entry 2: IrisysIP counts reset requested.
22:00:31  Level 1 Science Centre Lift: IrisysIP counts reset requested.
22:00:31  Level 2 Main Entry: IrisysIP counts reset requested.
22:00:31  Level 2 Lift: IrisysIP counts reset requested.
22:00:31  Shop A: IrisysIP counts reset requested.
22:00:31  Shop B: IrisysIP counts reset requested.
22:00:31  Shop Whale Mall: IrisysIP counts reset requested.
22:00:31  Level 2 Cafe: IrisysIP counts reset requested.
22:00:36  Attempting to reset counts for IrisysIP Camera Level 1 Science Centre Entry 2
22:00:40  Email sent successfully.
22:00:40  Displaying shutdown on 0 display(s)
22:00:40  End the manager threads.
22:00:40  Close all CAN threads.
22:00:40  All CAN threads, now flagged to be closed.
22:00:40  Close all IrisysIP threads.
22:01:27  Error! Level 1 Science Centre Entry 1: The IrisysIP thread needs to be terminated but has not reset.
22:01:27  Level 1 Science Centre Entry 1: The Irisys IP thread has been flagged to end.
22:01:28  Level 1 Science Centre Entry 2: InCountCorrection set in registry to: 0
22:01:28  Level 1 Science Centre Entry 2: OutCountCorrection set in registry to: 0
22:01:29  Level 1 Science Centre Entry 2: has reset camera
22:01:29  Level 1 Science Centre Entry 1: Main Data Collection loop has finished (g_bStopFlag=0, m_bEndThread=1).
22:01:29  Level 1 Science Centre Entry 1: The Irisys IP thread has ended.
22:01:29  Level 1 Science Centre Entry 2: The Irisys IP thread has been flagged to end.
22:01:37  Attempting to reset counts for IrisysIP Camera Level 1 Science Centre Lift
22:01:37  Attempting to reset counts for IrisysIP Camera Level 2 Main Entry
22:01:37  Attempting to reset counts for IrisysIP Camera Level 2 Lift
22:01:53  Level 1 Science Centre Lift: InCountCorrection set in registry to: 0
22:01:53  Level 1 Science Centre Lift: OutCountCorrection set in registry to: 0
22:01:54  Level 1 Science Centre Lift: has reset camera
22:02:20  Level 2 Main Entry: InCountCorrection set in registry to: 0
22:02:20  Level 2 Main Entry: OutCountCorrection set in registry to: 0
22:02:21  Level 2 Main Entry: has reset camera
22:02:24  Level 2 Lift: InCountCorrection set in registry to: 0
22:02:24  Level 2 Lift: OutCountCorrection set in registry to: 0
22:02:25  Level 2 Lift: has reset camera
22:02:28  Level 1 Science Centre Entry 2: Main Data Collection loop has finished (g_bStopFlag=0, m_bEndThread=1).
22:02:28  Level 1 Science Centre Entry 2: The Irisys IP thread has ended.
22:02:28  Level 1 Science Centre Lift: The Irisys IP thread has been flagged to end.
22:02:28  Level 1 Science Centre Lift: Main Data Collection loop has finished (g_bStopFlag=0, m_bEndThread=1).
22:02:28  Level 1 Science Centre Lift: The Irisys IP thread has ended.
22:02:28  Level 2 Main Entry: The Irisys IP thread has been flagged to end.
22:03:20  Level 2 Main Entry: Main Data Collection loop has finished (g_bStopFlag=0, m_bEndThread=1).
22:03:20  Level 2 Main Entry: The Irisys IP thread has ended.
22:03:20  Level 2 Lift: The Irisys IP thread has been flagged to end.
22:03:24  Level 2 Lift: Main Data Collection loop has finished (g_bStopFlag=0, m_bEndThread=1).
22:03:24  Level 2 Lift: The Irisys IP thread has ended.
22:03:24  Shop A: The Irisys IP thread has been flagged to end.
22:03:43  Shop A: Main Data Collection loop has finished (g_bStopFlag=0, m_bEndThread=1).
22:03:43  Shop A: The Irisys IP thread has ended.
22:03:43  Shop B: The Irisys IP thread has been flagged to end.
22:03:43  Shop B: Main Data Collection loop has finished (g_bStopFlag=0, m_bEndThread=1).
22:03:43  Shop B: The Irisys IP thread has ended.
22:03:43  Shop Whale Mall: The Irisys IP thread has been flagged to end.
22:03:43  Shop Whale Mall: Main Data Collection loop has finished (g_bStopFlag=0, m_bEndThread=1).
22:03:43  Shop Whale Mall: The Irisys IP thread has ended.
22:03:43  Level 2 Cafe: The Irisys IP thread has been flagged to end.
22:03:43  Level 2 Cafe: Main Data Collection loop has finished (g_bStopFlag=0, m_bEndThread=1).
22:03:43  Level 2 Cafe: The Irisys IP thread has ended.
22:03:43  All IrisysIP threads, now flagged to be closed.
22:03:43  Close all iCount threads.
22:03:43  All iCount threads, now flagged to be closed.
22:03:43  Close all eDAM threads.
22:03:43  All eDAM threads, now flagged to be closed.
22:03:43  Camera 'Level 1 Science Centre Entry 1' - maximum flow 0 at 09:30:00
22:03:43  Camera 'Level 1 Science Centre Entry 2' - maximum flow 5 at 12:47:10
22:03:43  Camera 'Level 1 Science Centre Lift' - maximum flow 4 at 13:31:06
22:03:43  Camera 'Level 2 Main Entry' - maximum flow 7 at 09:40:15
22:03:43  Camera 'Level 2 Lift' - maximum flow 3 at 10:10:16
22:03:43  Camera 'Shop A' - maximum flow 0 at 09:30:00
22:03:43  Camera 'Shop B' - maximum flow 0 at 09:30:00
22:03:43  Camera 'Shop Whale Mall' - maximum flow 0 at 09:30:00
22:03:43  Camera 'Level 2 Cafe' - maximum flow 0 at 09:30:00
22:03:43  Camera 'Level 1 Science Centre Entry 1' refreshing registry counts
22:03:43  Camera 'Level 1 Science Centre Entry 2' refreshing registry counts
22:03:43  Camera 'Level 1 Science Centre Lift' refreshing registry counts
22:03:43  Camera 'Level 2 Main Entry' refreshing registry counts
22:03:43  Camera 'Level 2 Lift' refreshing registry counts
22:03:43  Camera 'Shop A' refreshing registry counts
22:03:43  Camera 'Shop B' refreshing registry counts
22:03:43  Camera 'Shop Whale Mall' refreshing registry counts
22:03:43  Camera 'Level 2 Cafe' refreshing registry counts
22:03:43  Zone 'Zone1' refreshing file counts
22:03:43  Zone 'Zone2' refreshing file counts
22:03:43  Processing application not specified
22:03:43  Logging Counting Stopped

