
07:28:01  RECAP $Revision: 3.13.2.13 $ ($State: Exp $) built 09:15:45, Aug  3 2010
07:28:01  Logging Counting Started
07:28:01  Start time: 09:30 (570 minutes past midnight)
07:28:01  Stop time: 22:00 (1320 minutes past midnight)
07:28:01  Log period: 30 minutes
07:28:01  Initialising 0 display(s)
07:28:01  Initialising 9 camera(s)
07:28:01  IrisysIP counter(s) in use, Starting BlackFin API
07:28:01  If RECAP crashes, check .NET framework and VCRedist are installed.
07:28:01  BlackFin API Started.
07:28:01  BlackFin API Started up OK. Version: 1.10.0.5
07:28:01  Initialising 2 zone(s)
07:28:01  Outputting 'Zone1' zone data to 'Zones\Zone1.txt'
07:28:01  Outputting 'Zone2' zone data to 'Zones\Zone2.txt'
07:28:01  Displaying shutdown on 0 display(s)
07:28:01  Waiting till start time
09:30:00  Start time reached
09:30:00  Adding Level 1 Science Centre Entry 1 thread to Watchdog
09:30:00  Level 1 Science Centre Entry 1: InCountCorrection set in registry to: 0
09:30:00  Level 1 Science Centre Entry 1: OutCountCorrection set in registry to: 0
09:30:00  Adding Level 1 Science Centre Entry 2 thread to Watchdog
09:30:00  Level 1 Science Centre Entry 2: InCountCorrection set in registry to: 0
09:30:00  Level 1 Science Centre Entry 2: OutCountCorrection set in registry to: 0
09:30:00  Adding Level 1 Science Centre Lift thread to Watchdog
09:30:00  Level 1 Science Centre Lift: InCountCorrection set in registry to: 0
09:30:00  Level 1 Science Centre Lift: OutCountCorrection set in registry to: 0
09:30:00  Adding Level 2 Main Entry thread to Watchdog
09:30:00  Level 2 Main Entry: InCountCorrection set in registry to: 0
09:30:00  Level 2 Main Entry: OutCountCorrection set in registry to: 0
09:30:00  Adding Level 2 Lift thread to Watchdog
09:30:00  Level 2 Lift: InCountCorrection set in registry to: 0
09:30:00  Level 2 Lift: OutCountCorrection set in registry to: 0
09:30:00  Adding Shop A thread to Watchdog
09:30:00  Shop A: InCountCorrection set in registry to: 0
09:30:00  Shop A: OutCountCorrection set in registry to: 0
09:30:00  Adding Shop B thread to Watchdog
09:30:00  Shop B: InCountCorrection set in registry to: 0
09:30:00  Shop B: OutCountCorrection set in registry to: 0
09:30:00  Adding Shop Whale Mall thread to Watchdog
09:30:00  Shop Whale Mall: InCountCorrection set in registry to: 0
09:30:00  Shop Whale Mall: OutCountCorrection set in registry to: 0
09:30:00  Adding Level 2 Cafe thread to Watchdog
09:30:00  Level 2 Cafe: InCountCorrection set in registry to: 0
09:30:00  Level 2 Cafe: OutCountCorrection set in registry to: 0
09:30:01  New day, Reset counts and busiest times in registry
09:30:01  Camera Level 1 Science Centre Entry 1 Counts 	= In:0, Out:0
09:30:01  Camera Level 1 Science Centre Entry 2 Counts 	= In:0, Out:0
09:30:01  Camera Level 1 Science Centre Lift Counts 	= In:0, Out:0
09:30:01  Camera Level 2 Main Entry Counts 	= In:0, Out:0
09:30:01  Camera Level 2 Lift Counts 	= In:0, Out:0
09:30:01  Camera Shop A Counts 	= In:0, Out:0
09:30:01  Camera Shop B Counts 	= In:0, Out:0
09:30:01  Camera Shop Whale Mall Counts 	= In:0, Out:0
09:30:01  Camera Level 2 Cafe Counts 	= In:0, Out:0
09:30:02  Starting main data collection loop.
09:30:05  Zone: Zone1                    	0	0	0
09:30:05  Zone: Zone2                    	0	0	0
09:30:05  Logging to daily summary: "09:30 0 0 0 0 0 0"
09:30:05  Service running OK
09:30:10  Level 2 Main Entry: Connect Success (4) (serial num:2158593780)
09:30:11  Level 2 Main Entry: MAC:00-21-AC-00-30-D9 IP Firmware:4.0.2.30311 Monitor Firmware:42.4.0.404
09:30:15  Level 2 Main Entry: Status msgs: 0,0
09:30:15  Level 2 Main Entry: Current DeviceID: DefaultID
09:30:20  Level 2 Lift: Connect Success (5) (serial num:2158593872)
09:30:21  Level 2 Lift: MAC:00-21-AC-00-2F-8C IP Firmware:4.0.2.30311 Monitor Firmware:42.4.0.404
09:30:25  Level 2 Lift: Status msgs: 0,0
09:30:25  Level 2 Lift: Current DeviceID: DefaultID
09:30:54  Level 1 Science Centre Entry 2: Connect Success (2) (serial num:2158593777)
09:30:55  Level 1 Science Centre Lift: Connect Success (3) (serial num:2158593853)
09:30:55  Level 1 Science Centre Entry 1: Connect Success (1) (serial num:2158593798)
09:30:56  Level 1 Science Centre Entry 2: MAC:00-21-AC-00-30-3B IP Firmware:4.0.2.30311 Monitor Firmware:42.4.0.404
09:30:56  Level 1 Science Centre Lift: MAC:00-21-AC-00-30-1A IP Firmware:4.0.2.30311 Monitor Firmware:42.4.0.404
09:30:56  Level 1 Science Centre Entry 1: MAC:00-21-AC-00-30-39 IP Firmware:4.0.2.30311 Monitor Firmware:42.4.0.404
09:30:57  Level 1 Science Centre Entry 2: Status msgs: 0,0
09:30:57  Level 1 Science Centre Lift: Status msgs: 0,0
09:30:57  Shop A: Connect Success (6) (serial num:2158593779)
09:30:58  Level 1 Science Centre Entry 2: Current DeviceID: DefaultID
09:30:58  Level 1 Science Centre Lift: Current DeviceID: DefaultID
09:30:58  Level 1 Science Centre Entry 1: Status msgs: 0,0
09:30:58  Shop A: MAC:00-21-AC-00-30-21 IP Firmware:4.0.2.30311 Monitor Firmware:42.4.0.404
09:30:58  Level 1 Science Centre Entry 1: Current DeviceID: DefaultID
09:31:02  Shop A: Status msgs: 0,0
09:31:02  Shop A: Current DeviceID: DefaultID
09:32:18  Initial Camera Level 2 Main Entry Counts 	= In:0, Out:0
09:32:22  Level 2 Main Entry: Date last reset in registry is not today (reset required): 11/01/12
09:32:22  Attempting to reset counts for IrisysIP Camera Level 2 Main Entry
09:33:18  Level 2 Main Entry: InCountCorrection set in registry to: 0
09:33:18  Level 2 Main Entry: OutCountCorrection set in registry to: 0
09:33:19  Level 2 Main Entry: has reset camera
09:33:19  Initial Camera Level 2 Lift Counts 	= In:0, Out:0
09:33:19  Camera: Level 2 Main Entry - Counts are now valid.
09:33:19  Initial Camera Level 1 Science Centre Entry 1 Counts 	= In:0, Out:0
09:33:19  Initial Camera Level 1 Science Centre Entry 2 Counts 	= In:0, Out:0
09:33:19  Initial Camera Level 1 Science Centre Lift Counts 	= In:0, Out:0
09:33:19  Initial Camera Shop A Counts 	= In:524, Out:466
09:33:23  Level 2 Lift: Date last reset in registry is not today (reset required): 11/01/12
09:33:23  Level 1 Science Centre Entry 1: Date last reset in registry is not today (reset required): 09/01/12
09:33:23  Level 1 Science Centre Entry 2: Date last reset in registry is not today (reset required): 09/01/12
09:33:23  Level 1 Science Centre Lift: Date last reset in registry is not today (reset required): 09/01/12
09:33:23  Shop A: Date last reset in registry is not today (reset required): 11/01/12
09:33:23  Attempting to reset counts for IrisysIP Camera Level 2 Lift
09:33:23  Attempting to reset counts for IrisysIP Camera Level 1 Science Centre Entry 1
09:33:23  Attempting to reset counts for IrisysIP Camera Level 1 Science Centre Entry 2
09:33:23  Attempting to reset counts for IrisysIP Camera Level 1 Science Centre Lift
09:33:23  Attempting to reset counts for IrisysIP Camera Shop A
09:33:28  Level 2 Lift: InCountCorrection set in registry to: 0
09:33:28  Level 2 Lift: OutCountCorrection set in registry to: 0
09:33:29  Level 2 Lift: has reset camera
09:33:29  Camera: Level 2 Lift - Counts are now valid.
09:34:02  Level 1 Science Centre Entry 1: InCountCorrection set in registry to: 0
09:34:02  Level 1 Science Centre Entry 1: OutCountCorrection set in registry to: 0
09:34:03  Level 1 Science Centre Entry 1: has reset camera
09:34:03  Camera: Level 1 Science Centre Entry 1 - Counts are now valid.
09:34:04  Level 1 Science Centre Entry 2: InCountCorrection set in registry to: 0
09:34:04  Level 1 Science Centre Entry 2: OutCountCorrection set in registry to: 0
09:34:05  Level 1 Science Centre Entry 2: has reset camera
09:34:05  Camera: Level 1 Science Centre Entry 2 - Counts are now valid.
09:34:06  Level 1 Science Centre Lift: InCountCorrection set in registry to: 0
09:34:06  Level 1 Science Centre Lift: OutCountCorrection set in registry to: 0
09:34:07  Level 1 Science Centre Lift: has reset camera
09:34:07  Camera: Level 1 Science Centre Lift - Counts are now valid.
09:34:08  Shop A: InCountCorrection set in registry to: 0
09:34:08  Shop A: OutCountCorrection set in registry to: 0
09:34:09  Shop A: has reset camera
09:34:09  Camera: Shop A - Counts are now valid.
09:34:20  Camera: Level 2 Main Entry                      	0	0
09:34:20  Level 2 Main Entry IrisysIP camera has reset
09:34:30  Camera: Level 2 Lift                            	0	0
09:34:30  Level 2 Lift IrisysIP camera has reset
09:35:04  Camera: Level 1 Science Centre Entry 1          	0	0
09:35:04  Level 1 Science Centre Entry 1 IrisysIP camera has reset
09:35:06  Camera: Level 1 Science Centre Entry 2          	0	0
09:35:06  Level 1 Science Centre Entry 2 IrisysIP camera has reset
09:35:08  Camera: Level 1 Science Centre Lift             	0	0
09:35:08  Level 1 Science Centre Lift IrisysIP camera has reset
09:35:10  Camera: Shop A                                  	12	6
09:35:14  Zone: Zone1                    	6	12	-6
09:35:14  Zone: Zone2                    	12	6	6
09:36:11  Camera: Shop A                                  	14	6
09:36:17  Zone: Zone1                    	6	14	-8
09:36:17  Zone: Zone2                    	14	6	8
09:37:12  Camera: Shop A                                  	15	8
09:37:27  Zone: Zone1                    	8	15	-7
09:37:27  Zone: Zone2                    	15	8	7
09:38:13  Camera: Shop A                                  	16	8
09:38:19  Zone: Zone1                    	8	16	-8
09:38:19  Zone: Zone2                    	16	8	8
09:39:14  Camera: Shop A                                  	20	10
09:39:25  Camera: Level 2 Main Entry                      	2	0
09:39:29  Zone: Zone1                    	12	20	-8
09:39:29  Zone: Zone2                    	20	10	10
09:40:26  Camera: Level 2 Main Entry                      	6	0
09:40:37  Zone: Zone1                    	16	20	-4
09:41:16  Camera: Shop A                                  	20	12
09:41:29  Zone: Zone1                    	18	20	-2
09:41:29  Zone: Zone2                    	20	12	8
09:42:17  Camera: Shop A                                  	22	13
09:42:21  Zone: Zone1                    	19	22	-3
09:42:21  Zone: Zone2                    	22	13	9
09:43:18  Camera: Shop A                                  	25	19
09:43:30  Camera: Level 2 Main Entry                      	7	1
09:43:31  Zone: Zone1                    	26	26	0
09:43:31  Zone: Zone2                    	25	19	6
09:45:00  Service running OK
09:45:20  Camera: Shop A                                  	30	23
09:45:33  Zone: Zone1                    	30	31	-1
09:45:33  Zone: Zone2                    	30	23	7
09:46:22  Camera: Shop A                                  	34	23
09:46:25  Zone: Zone1                    	30	35	-5
09:46:25  Zone: Zone2                    	34	23	11
09:47:23  Camera: Shop A                                  	41	28
09:47:35  Zone: Zone1                    	35	42	-7
09:47:35  Zone: Zone2                    	41	28	13
09:48:24  Camera: Shop A                                  	43	34
09:48:27  Zone: Zone1                    	41	44	-3
09:48:27  Zone: Zone2                    	43	34	9
09:49:25  Camera: Shop A                                  	46	37
09:49:37  Zone: Zone1                    	44	47	-3
09:49:37  Zone: Zone2                    	46	37	9
09:50:26  Camera: Shop A                                  	48	45
09:50:29  Zone: Zone1                    	52	49	3
09:50:29  Zone: Zone2                    	48	45	3
09:51:27  Camera: Shop A                                  	60	52
09:51:39  Zone: Zone1                    	59	61	-2
09:51:39  Zone: Zone2                    	60	52	8
09:52:28  Camera: Shop A                                  	63	53
09:52:31  Zone: Zone1                    	60	64	-4
09:52:31  Zone: Zone2                    	63	53	10
09:53:29  Camera: Shop A                                  	65	54
09:53:41  Zone: Zone1                    	61	66	-5
09:53:41  Zone: Zone2                    	65	54	11
09:54:30  Camera: Shop A                                  	71	54
09:54:33  Zone: Zone1                    	61	72	-11
09:54:33  Zone: Zone2                    	71	54	17
09:55:31  Camera: Shop A                                  	72	57
09:55:43  Zone: Zone1                    	64	73	-9
09:55:43  Zone: Zone2                    	72	57	15
09:56:32  Camera: Shop A                                  	76	59
09:56:35  Zone: Zone1                    	66	77	-11
09:56:35  Zone: Zone2                    	76	59	17
09:58:34  Camera: Shop A                                  	84	62
09:58:39  Zone: Zone1                    	69	85	-16
09:58:39  Zone: Zone2                    	84	62	22
09:59:36  Camera: Shop A                                  	84	66
09:59:49  Zone: Zone1                    	73	85	-12
09:59:49  Zone: Zone2                    	84	66	18
10:00:08  Logging to daily summary: "10:00 73 85 -4 84 66 9"
10:00:08  Service running OK
10:00:37  Camera: Shop A                                  	84	71
10:00:41  Zone: Zone1                    	78	85	-7
10:00:41  Zone: Zone2                    	84	71	13
10:01:38  Camera: Shop A                                  	87	75
10:01:51  Zone: Zone1                    	82	88	-6
10:01:51  Zone: Zone2                    	87	75	12
10:02:33  Camera: Level 1 Science Centre Entry 1          	6	1
10:02:43  Zone: Zone1                    	88	89	-1
10:03:40  Camera: Shop A                                  	91	77
10:03:53  Zone: Zone1                    	90	93	-3
10:03:53  Zone: Zone2                    	91	77	14
10:05:42  Camera: Shop A                                  	93	77
10:05:57  Zone: Zone1                    	90	95	-5
10:05:57  Zone: Zone2                    	93	77	16
10:06:43  Camera: Shop A                                  	95	78
10:06:49  Zone: Zone1                    	91	97	-6
10:06:49  Zone: Zone2                    	95	78	17
10:07:44  Camera: Shop A                                  	98	80
10:07:59  Zone: Zone1                    	93	100	-7
10:07:59  Zone: Zone2                    	98	80	18
10:08:45  Camera: Shop A                                  	101	80
10:08:51  Zone: Zone1                    	93	103	-10
10:08:51  Zone: Zone2                    	101	80	21
10:09:46  Camera: Shop A                                  	105	84
10:10:01  Zone: Zone1                    	97	107	-10
10:10:01  Zone: Zone2                    	105	84	21
10:10:47  Camera: Shop A                                  	106	87
10:10:54  Zone: Zone1                    	100	108	-8
10:10:54  Zone: Zone2                    	106	87	19
10:11:49  Camera: Shop A                                  	107	92
10:11:49  Zone: Zone1                    	105	109	-4
10:11:49  Zone: Zone2                    	107	92	15
10:12:50  Camera: Shop A                                  	107	95
10:13:05  Zone: Zone1                    	108	109	-1
10:13:05  Zone: Zone2                    	107	95	12
10:13:51  Camera: Shop A                                  	113	95
10:13:58  Zone: Zone1                    	108	115	-7
10:13:58  Zone: Zone2                    	113	95	18
10:15:16  Service running OK
10:15:53  Camera: Shop A                                  	113	100
10:16:08  Zone: Zone1                    	113	115	-2
10:16:08  Zone: Zone2                    	113	100	13
10:16:54  Camera: Shop A                                  	120	101
10:16:59  Zone: Zone1                    	114	122	-8
10:16:59  Zone: Zone2                    	120	101	19
10:18:56  Camera: Shop A                                  	124	101
10:19:03  Zone: Zone1                    	114	126	-12
10:19:03  Zone: Zone2                    	124	101	23
10:19:57  Camera: Shop A                                  	126	104
10:19:57  Zone: Zone1                    	117	128	-11
10:19:57  Zone: Zone2                    	126	104	22
10:20:58  Camera: Shop A                                  	126	107
10:21:08  Zone: Zone1                    	120	128	-8
10:21:08  Zone: Zone2                    	126	107	19
10:21:56  Camera: Level 1 Science Centre Entry 2          	2	1
10:21:59  Camera: Shop A                                  	131	109
10:22:00  Zone: Zone1                    	124	134	-10
10:22:00  Zone: Zone2                    	131	109	22
10:23:00  Camera: Shop A                                  	141	113
10:23:08  Zone: Zone1                    	128	144	-16
10:23:08  Zone: Zone2                    	141	113	28
10:24:01  Camera: Shop A                                  	142	114
10:24:02  Zone: Zone1                    	129	145	-16
10:24:02  Zone: Zone2                    	142	114	28
10:25:03  Camera: Shop A                                  	152	125
10:25:11  Zone: Zone1                    	140	155	-15
10:25:11  Zone: Zone2                    	152	125	27
10:27:05  Camera: Shop A                                  	154	141
10:27:15  Zone: Zone1                    	156	157	-1
10:27:15  Zone: Zone2                    	154	141	13
10:28:06  Camera: Shop A                                  	160	142
10:28:07  Zone: Zone1                    	157	163	-6
10:28:07  Zone: Zone2                    	160	142	18
10:29:07  Camera: Shop A                                  	164	143
10:29:17  Zone: Zone1                    	158	167	-9
10:29:17  Zone: Zone2                    	164	143	21
10:30:08  Camera: Shop A                                  	164	146
10:30:09  Zone: Zone1                    	161	167	-6
10:30:09  Zone: Zone2                    	164	146	18
10:30:09  Logging to daily summary: "10:30 88 82 -7 80 80 18"
10:30:09  Service running OK
10:31:09  Camera: Shop A                                  	164	148
10:31:19  Zone: Zone1                    	163	167	-4
10:31:19  Zone: Zone2                    	164	148	16
10:32:10  Camera: Shop A                                  	167	150
10:32:11  Zone: Zone1                    	165	170	-5
10:32:11  Zone: Zone2                    	167	150	17
10:33:11  Camera: Shop A                                  	167	152
10:33:21  Zone: Zone1                    	167	170	-3
10:33:21  Zone: Zone2                    	167	152	15
10:34:12  Camera: Shop A                                  	168	152
10:34:13  Zone: Zone1                    	167	171	-4
10:34:13  Zone: Zone2                    	168	152	16
10:35:13  Camera: Shop A                                  	171	157
10:35:23  Zone: Zone1                    	172	174	-2
10:35:23  Zone: Zone2                    	171	157	14
10:36:14  Camera: Shop A                                  	172	159
10:36:15  Zone: Zone1                    	174	175	-1
10:36:15  Zone: Zone2                    	172	159	13
10:37:16  Camera: Shop A                                  	178	163
10:37:25  Zone: Zone1                    	178	181	-3
10:37:25  Zone: Zone2                    	178	163	15
10:37:27  Camera: Level 2 Main Entry                      	8	1
10:37:41  Zone: Zone1                    	179	181	-2
10:38:17  Camera: Shop A                                  	193	165
10:38:17  Zone: Zone1                    	181	196	-15
10:38:17  Zone: Zone2                    	193	165	28
10:39:18  Camera: Shop A                                  	195	167
10:39:26  Zone: Zone1                    	183	198	-15
10:39:26  Zone: Zone2                    	195	167	28
10:40:19  Camera: Shop A                                  	197	169
10:40:19  Zone: Zone1                    	185	200	-15
10:40:19  Zone: Zone2                    	197	169	28
10:41:20  Camera: Shop A                                  	199	175
10:41:28  Zone: Zone1                    	191	202	-11
10:41:28  Zone: Zone2                    	199	175	24
10:42:21  Camera: Shop A                                  	203	176
10:42:21  Zone: Zone1                    	192	206	-14
10:42:21  Zone: Zone2                    	203	176	27
10:43:22  Camera: Shop A                                  	205	184
10:43:31  Zone: Zone1                    	200	208	-8
10:43:31  Zone: Zone2                    	205	184	21
10:44:23  Camera: Shop A                                  	212	191
10:44:23  Zone: Zone1                    	207	215	-8
10:44:23  Zone: Zone2                    	212	191	21
10:45:00  Service running OK
10:45:24  Camera: Shop A                                  	216	191
10:45:33  Zone: Zone1                    	207	219	-12
10:45:33  Zone: Zone2                    	216	191	25
10:46:25  Camera: Shop A                                  	216	196
10:46:25  Zone: Zone1                    	212	219	-7
10:46:25  Zone: Zone2                    	216	196	20
10:47:26  Camera: Shop A                                  	216	200
10:47:35  Zone: Zone1                    	216	219	-3
10:47:35  Zone: Zone2                    	216	200	16
10:48:27  Camera: Shop A                                  	219	200
10:48:27  Zone: Zone1                    	216	222	-6
10:48:27  Zone: Zone2                    	219	200	19
10:50:30  Camera: Shop A                                  	223	200
10:50:31  Zone: Zone1                    	216	226	-10
10:50:31  Zone: Zone2                    	223	200	23
10:51:31  Camera: Shop A                                  	223	206
10:51:41  Zone: Zone1                    	222	226	-4
10:51:41  Zone: Zone2                    	223	206	17
10:53:33  Camera: Shop A                                  	227	208
10:53:45  Zone: Zone1                    	224	230	-6
10:53:45  Zone: Zone2                    	227	208	19
10:54:34  Camera: Shop A                                  	227	216
10:54:37  Zone: Zone1                    	232	230	2
10:54:37  Zone: Zone2                    	227	216	11
10:55:35  Camera: Shop A                                  	227	221
10:55:47  Zone: Zone1                    	237	230	7
10:55:47  Zone: Zone2                    	227	221	6
10:56:36  Camera: Shop A                                  	232	223
10:56:39  Zone: Zone1                    	239	235	4
10:56:39  Zone: Zone2                    	232	223	9
10:58:38  Camera: Shop A                                  	235	223
10:58:43  Zone: Zone1                    	239	238	1
10:58:43  Zone: Zone2                    	235	223	12
10:59:39  Camera: Shop A                                  	237	224
10:59:53  Zone: Zone1                    	240	240	0
10:59:53  Zone: Zone2                    	237	224	13
11:00:12  Logging to daily summary: "11:00 79 73 -5 73 78 17"
11:00:12  Service running OK
11:00:40  Camera: Shop A                                  	238	226
11:00:45  Zone: Zone1                    	242	241	1
11:00:45  Zone: Zone2                    	238	226	12
11:01:41  Camera: Shop A                                  	242	234
11:01:55  Zone: Zone1                    	250	245	5
11:01:55  Zone: Zone2                    	242	234	8
11:02:43  Camera: Shop A                                  	248	241
11:02:47  Zone: Zone1                    	257	251	6
11:02:47  Zone: Zone2                    	248	241	7
11:03:44  Camera: Shop A                                  	250	246
11:03:57  Zone: Zone1                    	262	253	9
11:03:57  Zone: Zone2                    	250	246	4
11:06:47  Camera: Shop A                                  	251	250
11:06:55  Zone: Zone1                    	266	254	12
11:06:55  Zone: Zone2                    	251	250	1
11:08:49  Camera: Shop A                                  	254	250
11:08:59  Zone: Zone1                    	266	257	9
11:08:59  Zone: Zone2                    	254	250	4
11:10:51  Camera: Shop A                                  	257	250
11:11:03  Zone: Zone1                    	266	260	6
11:11:03  Zone: Zone2                    	257	250	7
11:11:52  Camera: Shop A                                  	257	253
11:11:55  Zone: Zone1                    	269	260	9
11:11:55  Zone: Zone2                    	257	253	4
11:12:53  Camera: Shop A                                  	259	253
11:13:05  Zone: Zone1                    	269	262	7
11:13:05  Zone: Zone2                    	259	253	6
11:13:54  Camera: Shop A                                  	261	254
11:13:57  Zone: Zone1                    	270	264	6
11:13:57  Zone: Zone2                    	261	254	7
11:15:10  Service running OK
11:15:57  Camera: Shop A                                  	263	254
11:16:01  Zone: Zone1                    	270	266	4
11:16:01  Zone: Zone2                    	263	254	9
11:16:58  Camera: Shop A                                  	263	256
11:17:11  Zone: Zone1                    	272	266	6
11:17:11  Zone: Zone2                    	263	256	7
11:17:59  Camera: Shop A                                  	265	257
11:18:03  Zone: Zone1                    	273	268	5
11:18:03  Zone: Zone2                    	265	257	8
11:22:03  Camera: Shop A                                  	267	257
11:22:13  Zone: Zone1                    	273	270	3
11:22:13  Zone: Zone2                    	267	257	10
11:23:04  Camera: Shop A                                  	267	259
11:23:05  Zone: Zone1                    	275	270	5
11:23:05  Zone: Zone2                    	267	259	8
11:24:05  Camera: Shop A                                  	272	259
11:24:15  Zone: Zone1                    	275	275	0
11:24:15  Zone: Zone2                    	272	259	13
11:25:06  Camera: Shop A                                  	274	259
11:25:07  Zone: Zone1                    	275	277	-2
11:25:07  Zone: Zone2                    	274	259	15
11:28:09  Camera: Shop A                                  	274	261
11:28:23  Zone: Zone1                    	277	277	0
11:28:23  Zone: Zone2                    	274	261	13
11:30:12  Logging to daily summary: "11:30 37 37 5 37 37 8"
11:30:12  Service running OK
11:30:12  Camera: Shop A                                  	275	261
11:30:27  Zone: Zone1                    	277	278	-1
11:30:27  Zone: Zone2                    	275	261	14
11:32:14  Camera: Shop A                                  	277	262
11:32:14  Zone: Zone1                    	278	280	-2
11:32:14  Zone: Zone2                    	277	262	15
11:34:16  Camera: Shop A                                  	277	264
11:34:17  Zone: Zone1                    	280	280	0
11:34:17  Zone: Zone2                    	277	264	13
11:36:18  Camera: Shop A                                  	279	270
11:36:21  Zone: Zone1                    	286	282	4
11:36:21  Zone: Zone2                    	279	270	9
11:37:19  Camera: Shop A                                  	281	271
11:37:31  Zone: Zone1                    	287	284	3
11:37:31  Zone: Zone2                    	281	271	10
11:38:20  Camera: Shop A                                  	290	274
11:38:23  Zone: Zone1                    	290	293	-3
11:38:23  Zone: Zone2                    	290	274	16
11:39:21  Camera: Shop A                                  	299	278
11:39:33  Zone: Zone1                    	294	302	-8
11:39:33  Zone: Zone2                    	299	278	21
11:40:22  Camera: Shop A                                  	309	278
11:40:25  Zone: Zone1                    	294	312	-18
11:40:25  Zone: Zone2                    	309	278	31
11:41:23  Camera: Shop A                                  	309	280
11:41:35  Zone: Zone1                    	296	312	-16
11:41:35  Zone: Zone2                    	309	280	29
11:43:26  Camera: Shop A                                  	309	283
11:43:39  Zone: Zone1                    	299	312	-13
11:43:39  Zone: Zone2                    	309	283	26
11:44:27  Camera: Shop A                                  	311	283
11:44:31  Zone: Zone1                    	299	314	-15
11:44:31  Zone: Zone2                    	311	283	28
11:45:08  Service running OK
11:48:31  Camera: Shop A                                  	313	289
11:48:41  Zone: Zone1                    	305	316	-11
11:48:41  Zone: Zone2                    	313	289	24
11:50:33  Camera: Shop A                                  	313	297
11:50:45  Zone: Zone1                    	313	316	-3
11:50:45  Zone: Zone2                    	313	297	16
11:51:34  Camera: Shop A                                  	313	299
11:51:37  Zone: Zone1                    	315	316	-1
11:51:37  Zone: Zone2                    	313	299	14
11:52:35  Camera: Shop A                                  	313	301
11:52:47  Zone: Zone1                    	317	316	1
11:52:47  Zone: Zone2                    	313	301	12
11:53:36  Camera: Shop A                                  	316	302
11:53:39  Zone: Zone1                    	318	319	-1
11:53:39  Zone: Zone2                    	316	302	14
11:54:38  Camera: Shop A                                  	318	302
11:54:49  Zone: Zone1                    	318	321	-3
11:54:49  Zone: Zone2                    	318	302	16
11:55:39  Camera: Shop A                                  	322	303
11:55:41  Zone: Zone1                    	319	325	-6
11:55:41  Zone: Zone2                    	322	303	19
11:57:41  Camera: Shop A                                  	325	305
11:57:45  Zone: Zone1                    	321	328	-7
11:57:45  Zone: Zone2                    	325	305	20
12:00:10  Logging to daily summary: "12:00 44 51 -6 51 44 19"
12:00:10  Service running OK
12:03:47  Camera: Shop A                                  	335	310
12:04:01  Zone: Zone1                    	326	338	-12
12:04:01  Zone: Zone2                    	335	310	25
12:04:48  Camera: Shop A                                  	335	312
12:04:53  Zone: Zone1                    	328	338	-10
12:04:53  Zone: Zone2                    	335	312	23
12:06:50  Camera: Shop A                                  	335	314
12:06:57  Zone: Zone1                    	330	338	-8
12:06:57  Zone: Zone2                    	335	314	21
12:07:52  Camera: Shop A                                  	335	317
12:08:07  Zone: Zone1                    	333	338	-5
12:08:07  Zone: Zone2                    	335	317	18
12:10:55  Camera: Shop A                                  	337	319
12:11:05  Zone: Zone1                    	335	340	-5
12:11:05  Zone: Zone2                    	337	319	18
12:11:56  Camera: Shop A                                  	337	323
12:11:57  Zone: Zone1                    	339	340	-1
12:11:57  Zone: Zone2                    	337	323	14
12:12:57  Camera: Shop A                                  	339	326
12:13:07  Zone: Zone1                    	342	342	0
12:13:07  Zone: Zone2                    	339	326	13
12:13:58  Camera: Shop A                                  	342	327
12:13:59  Zone: Zone1                    	343	345	-2
12:13:59  Zone: Zone2                    	342	327	15
12:14:59  Camera: Shop A                                  	347	328
12:15:09  Zone: Zone1                    	344	350	-6
12:15:09  Zone: Zone2                    	347	328	19
12:15:09  Service running OK
12:16:00  Camera: Shop A                                  	352	338
12:16:01  Zone: Zone1                    	354	355	-1
12:16:01  Zone: Zone2                    	352	338	14
12:17:01  Camera: Shop A                                  	356	338
12:17:11  Zone: Zone1                    	354	359	-5
12:17:11  Zone: Zone2                    	356	338	18
12:18:02  Camera: Shop A                                  	361	346
12:18:03  Zone: Zone1                    	362	364	-2
12:18:03  Zone: Zone2                    	361	346	15
12:19:03  Camera: Shop A                                  	366	348
12:19:13  Zone: Zone1                    	364	369	-5
12:19:13  Zone: Zone2                    	366	348	18
12:20:04  Camera: Shop A                                  	366	350
12:20:05  Zone: Zone1                    	366	369	-3
12:20:05  Zone: Zone2                    	366	350	16
12:21:06  Camera: Shop A                                  	372	353
12:21:15  Zone: Zone1                    	369	375	-6
12:21:15  Zone: Zone2                    	372	353	19
12:22:07  Camera: Shop A                                  	375	355
12:22:07  Zone: Zone1                    	371	378	-7
12:22:07  Zone: Zone2                    	375	355	20
12:25:10  Camera: Shop A                                  	377	355
12:25:23  Zone: Zone1                    	371	380	-9
12:25:23  Zone: Zone2                    	377	355	22
12:26:11  Camera: Shop A                                  	379	360
12:26:15  Zone: Zone1                    	376	382	-6
12:26:15  Zone: Zone2                    	379	360	19
12:27:12  Camera: Shop A                                  	379	362
12:27:25  Zone: Zone1                    	378	382	-4
12:27:25  Zone: Zone2                    	379	362	17
12:28:13  Camera: Shop A                                  	382	364
12:28:17  Zone: Zone1                    	380	385	-5
12:28:17  Zone: Zone2                    	382	364	18
12:29:14  Camera: Shop A                                  	384	364
12:29:27  Zone: Zone1                    	380	387	-7
12:29:27  Zone: Zone2                    	384	364	20
12:30:04  Logging to daily summary: "12:30 59 59 -5 59 59 18"
12:30:04  Service running OK
12:31:16  Camera: Shop A                                  	384	371
12:31:31  Zone: Zone1                    	387	387	0
12:31:31  Zone: Zone2                    	384	371	13
12:34:20  Camera: Shop A                                  	386	377
12:34:29  Zone: Zone1                    	393	389	4
12:34:29  Zone: Zone2                    	386	377	9
12:37:23  Camera: Shop A                                  	386	379
12:37:27  Zone: Zone1                    	395	389	6
12:37:27  Zone: Zone2                    	386	379	7
12:38:24  Camera: Shop A                                  	389	380
12:38:37  Zone: Zone1                    	396	392	4
12:38:37  Zone: Zone2                    	389	380	9
12:39:25  Camera: Shop A                                  	389	381
12:39:29  Zone: Zone1                    	397	392	5
12:39:29  Zone: Zone2                    	389	381	8
12:40:26  Camera: Shop A                                  	389	382
12:40:39  Zone: Zone1                    	398	392	6
12:40:39  Zone: Zone2                    	389	382	7
12:41:27  Camera: Shop A                                  	391	382
12:41:31  Zone: Zone1                    	398	394	4
12:41:31  Zone: Zone2                    	391	382	9
12:42:28  Camera: Shop A                                  	394	383
12:42:41  Zone: Zone1                    	399	397	2
12:42:41  Zone: Zone2                    	394	383	11
12:45:06  Service running OK
12:45:31  Camera: Shop A                                  	396	384
12:45:39  Zone: Zone1                    	400	399	1
12:45:39  Zone: Zone2                    	396	384	12
12:48:35  Camera: Shop A                                  	396	386
12:48:37  Zone: Zone1                    	402	399	3
12:48:37  Zone: Zone2                    	396	386	10
12:49:36  Camera: Shop A                                  	397	386
12:49:47  Zone: Zone1                    	402	400	2
12:49:47  Zone: Zone2                    	397	386	11
12:53:40  Camera: Shop A                                  	405	388
12:53:40  Zone: Zone1                    	404	408	-4
12:53:40  Zone: Zone2                    	405	388	17
12:54:41  Camera: Shop A                                  	408	390
12:54:50  Zone: Zone1                    	406	411	-5
12:54:50  Zone: Zone2                    	408	390	18
12:55:42  Camera: Shop A                                  	413	391
12:55:42  Zone: Zone1                    	407	416	-9
12:55:42  Zone: Zone2                    	413	391	22
12:56:43  Camera: Shop A                                  	416	394
12:56:53  Zone: Zone1                    	410	419	-9
12:56:53  Zone: Zone2                    	416	394	22
12:58:46  Camera: Shop A                                  	419	394
12:58:56  Zone: Zone1                    	410	422	-12
12:58:56  Zone: Zone2                    	419	394	25
12:59:47  Camera: Shop A                                  	420	395
12:59:48  Zone: Zone1                    	411	423	-12
12:59:48  Zone: Zone2                    	420	395	25
13:00:07  Logging to daily summary: "13:00 31 36 0 36 31 13"
13:00:07  Service running OK
13:00:48  Camera: Shop A                                  	425	396
13:00:58  Zone: Zone1                    	412	428	-16
13:00:58  Zone: Zone2                    	425	396	29
13:01:49  Camera: Shop A                                  	426	399
13:01:50  Zone: Zone1                    	415	429	-14
13:01:50  Zone: Zone2                    	426	399	27
13:02:50  Camera: Shop A                                  	432	399
13:03:00  Zone: Zone1                    	415	435	-20
13:03:00  Zone: Zone2                    	432	399	33
13:03:51  Camera: Shop A                                  	432	400
13:03:52  Zone: Zone1                    	416	435	-19
13:03:52  Zone: Zone2                    	432	400	32
13:04:52  Camera: Shop A                                  	438	405
13:05:02  Zone: Zone1                    	421	441	-20
13:05:02  Zone: Zone2                    	438	405	33
13:05:53  Camera: Shop A                                  	439	411
13:05:54  Zone: Zone1                    	427	442	-15
13:05:54  Zone: Zone2                    	439	411	28
13:06:54  Camera: Shop A                                  	444	411
13:07:04  Zone: Zone1                    	427	447	-20
13:07:04  Zone: Zone2                    	444	411	33
13:07:55  Camera: Shop A                                  	448	412
13:07:56  Zone: Zone1                    	428	451	-23
13:07:56  Zone: Zone2                    	448	412	36
13:09:58  Camera: Shop A                                  	450	413
13:10:00  Zone: Zone1                    	429	453	-24
13:10:00  Zone: Zone2                    	450	413	37
13:10:59  Camera: Shop A                                  	453	413
13:11:10  Zone: Zone1                    	429	456	-27
13:11:10  Zone: Zone2                    	453	413	40
13:14:02  Camera: Shop A                                  	455	413
13:14:08  Zone: Zone1                    	429	458	-29
13:14:08  Zone: Zone2                    	455	413	42
13:15:03  Service running OK
13:15:03  Camera: Shop A                                  	461	418
13:15:18  Zone: Zone1                    	434	464	-30
13:15:18  Zone: Zone2                    	461	418	43
13:16:04  Camera: Shop A                                  	464	420
13:16:10  Zone: Zone1                    	436	467	-31
13:16:10  Zone: Zone2                    	464	420	44
13:17:05  Camera: Shop A                                  	467	420
13:17:20  Zone: Zone1                    	436	470	-34
13:17:20  Zone: Zone2                    	467	420	47
13:18:06  Camera: Shop A                                  	469	428
13:18:12  Zone: Zone1                    	444	472	-28
13:18:12  Zone: Zone2                    	469	428	41
13:20:08  Camera: Shop A                                  	471	428
13:20:16  Zone: Zone1                    	444	474	-30
13:20:16  Zone: Zone2                    	471	428	43
13:21:09  Camera: Shop A                                  	481	428
13:21:10  Zone: Zone1                    	444	484	-40
13:21:10  Zone: Zone2                    	481	428	53
13:25:14  Camera: Shop A                                  	481	431
13:25:19  Zone: Zone1                    	447	484	-37
13:25:19  Zone: Zone2                    	481	431	50
13:26:15  Camera: Shop A                                  	483	434
13:26:29  Zone: Zone1                    	450	486	-36
13:26:29  Zone: Zone2                    	483	434	49
13:28:17  Camera: Shop A                                  	483	438
13:28:17  Zone: Zone1                    	454	486	-32
13:28:17  Zone: Zone2                    	483	438	45
13:29:18  Camera: Shop A                                  	491	442
13:29:27  Zone: Zone1                    	458	494	-36
13:29:27  Zone: Zone2                    	491	442	49
13:30:04  Logging to daily summary: "13:30 47 71 -28 71 47 41"
13:30:04  Service running OK
13:30:19  Camera: Shop A                                  	495	444
13:30:19  Zone: Zone1                    	460	498	-38
13:30:19  Zone: Zone2                    	495	444	51
13:31:20  Camera: Shop A                                  	496	445
13:31:29  Zone: Zone1                    	461	499	-38
13:31:29  Zone: Zone2                    	496	445	51
13:32:21  Camera: Shop A                                  	496	447
13:32:21  Zone: Zone1                    	463	499	-36
13:32:21  Zone: Zone2                    	496	447	49
13:33:22  Camera: Shop A                                  	499	449
13:33:31  Zone: Zone1                    	465	502	-37
13:33:31  Zone: Zone2                    	499	449	50
13:34:23  Camera: Shop A                                  	503	449
13:34:24  Zone: Zone1                    	465	506	-41
13:34:24  Zone: Zone2                    	503	449	54
13:35:25  Camera: Shop A                                  	505	452
13:35:33  Zone: Zone1                    	468	508	-40
13:35:33  Zone: Zone2                    	505	452	53
13:36:26  Camera: Shop A                                  	509	452
13:36:26  Zone: Zone1                    	468	512	-44
13:36:26  Zone: Zone2                    	509	452	57
13:37:27  Camera: Shop A                                  	514	459
13:37:35  Zone: Zone1                    	475	517	-42
13:37:35  Zone: Zone2                    	514	459	55
13:38:28  Camera: Shop A                                  	516	462
13:38:28  Zone: Zone1                    	478	519	-41
13:38:28  Zone: Zone2                    	516	462	54
13:40:30  Camera: Shop A                                  	519	462
13:40:31  Zone: Zone1                    	478	522	-44
13:40:31  Zone: Zone2                    	519	462	57
13:41:31  Camera: Shop A                                  	522	462
13:41:41  Zone: Zone1                    	478	525	-47
13:41:41  Zone: Zone2                    	522	462	60
13:43:33  Camera: Shop A                                  	523	462
13:43:45  Zone: Zone1                    	478	526	-48
13:43:45  Zone: Zone2                    	523	462	61
13:44:34  Camera: Shop A                                  	523	466
13:44:37  Zone: Zone1                    	482	526	-44
13:44:37  Zone: Zone2                    	523	466	57
13:45:14  Service running OK
13:45:35  Camera: Shop A                                  	526	466
13:45:47  Zone: Zone1                    	482	529	-47
13:45:47  Zone: Zone2                    	526	466	60
13:46:36  Camera: Shop A                                  	528	468
13:46:39  Zone: Zone1                    	484	531	-47
13:46:39  Zone: Zone2                    	528	468	60
13:49:40  Camera: Shop A                                  	528	470
13:49:55  Zone: Zone1                    	486	531	-45
13:49:55  Zone: Zone2                    	528	470	58
13:50:41  Camera: Shop A                                  	530	470
13:50:47  Zone: Zone1                    	486	533	-47
13:50:47  Zone: Zone2                    	530	470	60
13:52:43  Camera: Shop A                                  	530	472
13:52:51  Zone: Zone1                    	488	533	-45
13:52:51  Zone: Zone2                    	530	472	58
13:53:44  Camera: Shop A                                  	530	476
13:53:44  Zone: Zone1                    	492	533	-41
13:53:44  Zone: Zone2                    	530	476	54
13:55:46  Camera: Shop A                                  	533	476
13:55:48  Zone: Zone1                    	492	536	-44
13:55:48  Zone: Zone2                    	533	476	57
13:57:48  Camera: Shop A                                  	534	476
13:57:53  Zone: Zone1                    	492	537	-45
13:57:53  Zone: Zone2                    	534	476	58
13:58:49  Camera: Shop A                                  	534	479
13:59:03  Zone: Zone1                    	495	537	-42
13:59:03  Zone: Zone2                    	534	479	55
13:59:50  Camera: Shop A                                  	536	479
13:59:55  Zone: Zone1                    	495	539	-44
13:59:55  Zone: Zone2                    	536	479	57
14:00:14  Logging to daily summary: "14:00 37 45 -43 45 37 56"
14:00:14  Service running OK
14:00:51  Camera: Shop A                                  	536	484
14:01:05  Zone: Zone1                    	500	539	-39
14:01:05  Zone: Zone2                    	536	484	52
14:01:53  Camera: Shop A                                  	540	484
14:01:57  Zone: Zone1                    	500	543	-43
14:01:57  Zone: Zone2                    	540	484	56
14:03:55  Camera: Shop A                                  	540	486
14:04:01  Zone: Zone1                    	502	543	-41
14:04:01  Zone: Zone2                    	540	486	54
14:04:56  Camera: Shop A                                  	540	490
14:05:11  Zone: Zone1                    	506	543	-37
14:05:11  Zone: Zone2                    	540	490	50
14:05:57  Camera: Shop A                                  	542	491
14:06:03  Zone: Zone1                    	507	545	-38
14:06:03  Zone: Zone2                    	542	491	51
14:06:58  Camera: Shop A                                  	544	492
14:07:13  Zone: Zone1                    	508	547	-39
14:07:13  Zone: Zone2                    	544	492	52
14:09:00  Camera: Shop A                                  	547	492
14:09:00  Zone: Zone1                    	508	550	-42
14:09:00  Zone: Zone2                    	547	492	55
14:10:01  Camera: Shop A                                  	547	494
14:10:10  Zone: Zone1                    	510	550	-40
14:10:10  Zone: Zone2                    	547	494	53
14:11:02  Camera: Shop A                                  	552	494
14:11:02  Zone: Zone1                    	510	555	-45
14:11:02  Zone: Zone2                    	552	494	58
14:12:03  Camera: Shop A                                  	552	495
14:12:12  Zone: Zone1                    	511	555	-44
14:12:12  Zone: Zone2                    	552	495	57
14:14:06  Camera: Shop A                                  	555	495
14:14:16  Zone: Zone1                    	511	558	-47
14:14:16  Zone: Zone2                    	555	495	60
14:15:07  Camera: Shop A                                  	555	498
14:15:08  Zone: Zone1                    	514	558	-44
14:15:08  Zone: Zone2                    	555	498	57
14:15:08  Service running OK
14:16:08  Camera: Shop A                                  	559	498
14:16:18  Zone: Zone1                    	514	562	-48
14:16:18  Zone: Zone2                    	559	498	61
14:17:09  Camera: Shop A                                  	559	500
14:17:10  Zone: Zone1                    	516	562	-46
14:17:10  Zone: Zone2                    	559	500	59
14:18:10  Camera: Shop A                                  	563	501
14:18:20  Zone: Zone1                    	517	566	-49
14:18:20  Zone: Zone2                    	563	501	62
14:20:12  Camera: Shop A                                  	563	502
14:20:24  Zone: Zone1                    	518	566	-48
14:20:24  Zone: Zone2                    	563	502	61
14:21:13  Camera: Shop A                                  	564	502
14:21:16  Zone: Zone1                    	518	567	-49
14:21:16  Zone: Zone2                    	564	502	62
14:22:14  Camera: Shop A                                  	564	503
14:22:26  Zone: Zone1                    	519	567	-48
14:22:26  Zone: Zone2                    	564	503	61
14:25:17  Camera: Shop A                                  	566	503
14:25:24  Zone: Zone1                    	519	569	-50
14:25:24  Zone: Zone2                    	566	503	63
14:25:29  Camera: Level 2 Main Entry                      	8	2
14:25:40  Zone: Zone1                    	519	570	-51
14:26:18  Camera: Shop A                                  	566	505
14:26:32  Zone: Zone1                    	521	570	-49
14:26:32  Zone: Zone2                    	566	505	61
14:27:20  Camera: Shop A                                  	567	505
14:27:24  Zone: Zone1                    	521	571	-50
14:27:24  Zone: Zone2                    	567	505	62
14:28:21  Camera: Shop A                                  	567	506
14:28:34  Zone: Zone1                    	522	571	-49
14:28:34  Zone: Zone2                    	567	506	61
14:29:22  Camera: Shop A                                  	567	508
14:29:26  Zone: Zone1                    	524	571	-47
14:29:26  Zone: Zone2                    	567	508	59
14:30:03  Logging to daily summary: "14:30 29 32 -44 31 29 57"
14:30:03  Service running OK
14:30:23  Camera: Shop A                                  	569	508
14:30:36  Zone: Zone1                    	524	573	-49
14:30:36  Zone: Zone2                    	569	508	61
14:31:24  Camera: Shop A                                  	569	510
14:31:28  Zone: Zone1                    	526	573	-47
14:31:28  Zone: Zone2                    	569	510	59
14:32:25  Camera: Shop A                                  	573	510
14:32:38  Zone: Zone1                    	526	577	-51
14:32:38  Zone: Zone2                    	573	510	63
14:34:27  Camera: Shop A                                  	577	510
14:34:42  Zone: Zone1                    	526	581	-55
14:34:42  Zone: Zone2                    	577	510	67
14:35:28  Camera: Shop A                                  	577	512
14:35:34  Zone: Zone1                    	528	581	-53
14:35:34  Zone: Zone2                    	577	512	65
14:36:29  Camera: Shop A                                  	579	512
14:36:41  Camera: Level 2 Main Entry                      	8	3
14:36:44  Zone: Zone1                    	528	584	-56
14:36:44  Zone: Zone2                    	579	512	67
14:38:31  Camera: Shop A                                  	581	515
14:38:46  Zone: Zone1                    	531	586	-55
14:38:46  Zone: Zone2                    	581	515	66
14:39:33  Camera: Shop A                                  	581	518
14:39:38  Zone: Zone1                    	534	586	-52
14:39:38  Zone: Zone2                    	581	518	63
14:41:35  Camera: Shop A                                  	581	522
14:41:42  Zone: Zone1                    	538	586	-48
14:41:42  Zone: Zone2                    	581	522	59
14:43:37  Camera: Shop A                                  	583	522
14:43:46  Zone: Zone1                    	538	588	-50
14:43:46  Zone: Zone2                    	583	522	61
14:43:48  Camera: Level 2 Main Entry                      	9	3
14:44:02  Zone: Zone1                    	539	588	-49
14:45:15  Service running OK
14:45:39  Camera: Shop A                                  	583	523
14:45:53  Zone: Zone1                    	540	588	-48
14:45:53  Zone: Zone2                    	583	523	60
14:46:40  Camera: Shop A                                  	583	526
14:46:44  Zone: Zone1                    	543	588	-45
14:46:44  Zone: Zone2                    	583	526	57
14:47:41  Camera: Shop A                                  	585	526
14:47:54  Zone: Zone1                    	543	590	-47
14:47:54  Zone: Zone2                    	585	526	59
14:48:42  Camera: Shop A                                  	585	527
14:48:46  Zone: Zone1                    	544	590	-46
14:48:46  Zone: Zone2                    	585	527	58
14:51:45  Camera: Shop A                                  	585	531
14:51:46  Zone: Zone1                    	548	590	-42
14:51:46  Zone: Zone2                    	585	531	54
14:52:47  Camera: Shop A                                  	593	535
14:52:55  Zone: Zone1                    	552	598	-46
14:52:55  Zone: Zone2                    	593	535	58
14:53:48  Camera: Shop A                                  	596	539
14:53:48  Zone: Zone1                    	556	601	-45
14:53:48  Zone: Zone2                    	596	539	57
14:54:49  Camera: Shop A                                  	603	541
14:54:57  Zone: Zone1                    	558	608	-50
14:54:57  Zone: Zone2                    	603	541	62
14:55:50  Camera: Shop A                                  	604	543
14:55:50  Zone: Zone1                    	560	609	-49
14:55:50  Zone: Zone2                    	604	543	61
14:56:51  Camera: Shop A                                  	606	549
14:57:00  Zone: Zone1                    	566	611	-45
14:57:00  Zone: Zone2                    	606	549	57
14:57:52  Camera: Shop A                                  	609	551
14:57:52  Zone: Zone1                    	568	614	-46
14:57:52  Zone: Zone2                    	609	551	58
14:58:53  Camera: Shop A                                  	614	553
14:59:02  Zone: Zone1                    	570	619	-49
14:59:02  Zone: Zone2                    	614	553	61
14:59:54  Camera: Shop A                                  	614	563
14:59:54  Zone: Zone1                    	580	619	-39
14:59:54  Zone: Zone2                    	614	563	51
15:00:13  Logging to daily summary: "15:00 56 48 -48 47 55 60"
15:00:13  Service running OK
15:02:57  Camera: Shop A                                  	618	565
15:03:10  Zone: Zone1                    	582	623	-41
15:03:10  Zone: Zone2                    	618	565	53
15:03:58  Camera: Shop A                                  	618	566
15:04:02  Zone: Zone1                    	583	623	-40
15:04:02  Zone: Zone2                    	618	566	52
15:05:00  Camera: Shop A                                  	618	569
15:05:12  Zone: Zone1                    	586	623	-37
15:05:12  Zone: Zone2                    	618	569	49
15:06:01  Camera: Shop A                                  	623	569
15:06:04  Zone: Zone1                    	586	628	-42
15:06:04  Zone: Zone2                    	623	569	54
15:07:02  Camera: Shop A                                  	624	571
15:07:14  Zone: Zone1                    	588	629	-41
15:07:14  Zone: Zone2                    	624	571	53
15:08:03  Camera: Shop A                                  	625	573
15:08:06  Zone: Zone1                    	590	630	-40
15:08:06  Zone: Zone2                    	625	573	52
15:09:04  Camera: Shop A                                  	628	575
15:09:16  Zone: Zone1                    	592	633	-41
15:09:16  Zone: Zone2                    	628	575	53
15:10:05  Camera: Shop A                                  	633	575
15:10:08  Zone: Zone1                    	592	638	-46
15:10:08  Zone: Zone2                    	633	575	58
15:12:07  Camera: Shop A                                  	633	577
15:12:12  Zone: Zone1                    	594	638	-44
15:12:12  Zone: Zone2                    	633	577	56
15:13:08  Camera: Shop A                                  	635	577
15:13:22  Zone: Zone1                    	594	640	-46
15:13:22  Zone: Zone2                    	635	577	58
15:14:09  Camera: Shop A                                  	635	581
15:14:14  Zone: Zone1                    	598	640	-42
15:14:14  Zone: Zone2                    	635	581	54
15:15:09  Service running OK
15:15:10  Camera: Shop A                                  	640	581
15:15:24  Zone: Zone1                    	598	645	-47
15:15:24  Zone: Zone2                    	640	581	59
15:17:12  Camera: Shop A                                  	649	583
15:17:12  Zone: Zone1                    	600	654	-54
15:17:13  Zone: Zone2                    	649	583	66
15:19:15  Camera: Shop A                                  	649	590
15:19:16  Zone: Zone1                    	607	654	-47
15:19:16  Zone: Zone2                    	649	590	59
15:20:16  Camera: Shop A                                  	650	592
15:20:26  Zone: Zone1                    	609	655	-46
15:20:26  Zone: Zone2                    	650	592	58
15:21:17  Camera: Shop A                                  	658	592
15:21:18  Zone: Zone1                    	609	663	-54
15:21:18  Zone: Zone2                    	658	592	66
15:22:18  Camera: Shop A                                  	663	595
15:22:28  Zone: Zone1                    	612	668	-56
15:22:28  Zone: Zone2                    	663	595	68
15:23:19  Camera: Shop A                                  	663	596
15:23:20  Zone: Zone1                    	613	668	-55
15:23:20  Zone: Zone2                    	663	596	67
15:25:21  Camera: Shop A                                  	665	597
15:25:24  Zone: Zone1                    	614	670	-56
15:25:24  Zone: Zone2                    	665	597	68
15:26:22  Camera: Shop A                                  	667	597
15:26:34  Zone: Zone1                    	614	672	-58
15:26:34  Zone: Zone2                    	667	597	70
15:27:23  Camera: Shop A                                  	669	602
15:27:26  Zone: Zone1                    	619	674	-55
15:27:26  Zone: Zone2                    	669	602	67
15:28:24  Camera: Shop A                                  	673	602
15:28:36  Zone: Zone1                    	619	678	-59
15:28:36  Zone: Zone2                    	673	602	71
15:29:25  Camera: Shop A                                  	673	608
15:29:28  Zone: Zone1                    	625	678	-53
15:29:28  Zone: Zone2                    	673	608	65
15:30:05  Logging to daily summary: "15:30 45 59 -47 59 45 59"
15:30:05  Service running OK
15:30:27  Camera: Shop A                                  	674	608
15:30:38  Zone: Zone1                    	625	679	-54
15:30:38  Zone: Zone2                    	674	608	66
15:31:28  Camera: Shop A                                  	681	608
15:31:30  Zone: Zone1                    	625	686	-61
15:31:30  Zone: Zone2                    	681	608	73
15:32:29  Camera: Shop A                                  	681	610
15:32:40  Zone: Zone1                    	627	686	-59
15:32:40  Zone: Zone2                    	681	610	71
15:33:30  Camera: Shop A                                  	681	612
15:33:32  Zone: Zone1                    	629	686	-57
15:33:32  Zone: Zone2                    	681	612	69
15:39:36  Camera: Shop A                                  	686	614
15:39:48  Zone: Zone1                    	631	691	-60
15:39:48  Zone: Zone2                    	686	614	72
15:40:37  Camera: Shop A                                  	686	618
15:40:40  Zone: Zone1                    	635	691	-56
15:40:40  Zone: Zone2                    	686	618	68
15:41:38  Camera: Shop A                                  	688	618
15:41:50  Zone: Zone1                    	635	693	-58
15:41:50  Zone: Zone2                    	688	618	70
15:43:41  Camera: Shop A                                  	691	618
15:43:54  Zone: Zone1                    	635	696	-61
15:43:54  Zone: Zone2                    	691	618	73
15:44:42  Camera: Shop A                                  	691	621
15:44:46  Zone: Zone1                    	638	696	-58
15:44:46  Zone: Zone2                    	691	621	70
15:45:05  Service running OK
15:45:43  Camera: Shop A                                  	691	623
15:45:56  Zone: Zone1                    	640	696	-56
15:45:56  Zone: Zone2                    	691	623	68
15:46:44  Camera: Shop A                                  	693	625
15:46:48  Zone: Zone1                    	642	698	-56
15:46:48  Zone: Zone2                    	693	625	68
15:47:45  Camera: Shop A                                  	695	625
15:47:58  Zone: Zone1                    	642	700	-58
15:47:58  Zone: Zone2                    	695	625	70
15:48:46  Camera: Shop A                                  	695	626
15:48:50  Zone: Zone1                    	643	700	-57
15:48:50  Zone: Zone2                    	695	626	69
15:49:47  Camera: Shop A                                  	695	634
15:50:00  Zone: Zone1                    	651	700	-49
15:50:00  Zone: Zone2                    	695	634	61
15:50:48  Camera: Shop A                                  	696	634
15:50:52  Zone: Zone1                    	651	701	-50
15:50:52  Zone: Zone2                    	696	634	62
15:51:49  Camera: Shop A                                  	696	639
15:52:02  Zone: Zone1                    	656	701	-45
15:52:02  Zone: Zone2                    	696	639	57
15:55:53  Camera: Shop A                                  	698	642
15:55:54  Zone: Zone1                    	659	703	-44
15:55:54  Zone: Zone2                    	698	642	56
15:56:55  Camera: Shop A                                  	700	642
15:57:04  Zone: Zone1                    	659	705	-46
15:57:04  Zone: Zone2                    	700	642	58
15:58:57  Camera: Shop A                                  	704	642
15:59:08  Zone: Zone1                    	659	709	-50
15:59:08  Zone: Zone2                    	704	642	62
15:59:58  Camera: Shop A                                  	706	644
16:00:00  Zone: Zone1                    	661	711	-50
16:00:00  Zone: Zone2                    	706	644	62
16:00:00  Logging to daily summary: "16:00 36 33 -53 33 36 65"
16:00:00  Service running OK
16:00:59  Camera: Shop A                                  	709	647
16:01:10  Zone: Zone1                    	664	714	-50
16:01:10  Zone: Zone2                    	709	647	62
16:05:03  Camera: Shop A                                  	711	651
16:05:03  Zone: Zone1                    	668	716	-48
16:05:03  Zone: Zone2                    	711	651	60
16:06:04  Camera: Shop A                                  	715	651
16:06:13  Zone: Zone1                    	668	720	-52
16:06:13  Zone: Zone2                    	715	651	64
16:08:06  Camera: Shop A                                  	715	653
16:08:17  Zone: Zone1                    	670	720	-50
16:08:17  Zone: Zone2                    	715	653	62
16:09:08  Camera: Shop A                                  	715	655
16:09:09  Zone: Zone1                    	672	720	-48
16:09:09  Zone: Zone2                    	715	655	60
16:10:09  Camera: Shop A                                  	718	655
16:10:19  Zone: Zone1                    	672	723	-51
16:10:19  Zone: Zone2                    	718	655	63
16:11:10  Camera: Shop A                                  	720	656
16:11:11  Zone: Zone1                    	673	725	-52
16:11:11  Zone: Zone2                    	720	656	64
16:12:11  Camera: Shop A                                  	721	656
16:12:21  Zone: Zone1                    	673	726	-53
16:12:21  Zone: Zone2                    	721	656	65
16:13:12  Camera: Shop A                                  	721	657
16:13:13  Zone: Zone1                    	674	726	-52
16:13:13  Zone: Zone2                    	721	657	64
16:14:13  Camera: Shop A                                  	724	657
16:14:23  Zone: Zone1                    	674	729	-55
16:14:23  Zone: Zone2                    	724	657	67
16:15:00  Service running OK
16:15:14  Camera: Shop A                                  	724	659
16:15:15  Zone: Zone1                    	676	729	-53
16:15:15  Zone: Zone2                    	724	659	65
16:18:17  Camera: Shop A                                  	725	659
16:18:31  Zone: Zone1                    	676	730	-54
16:18:31  Zone: Zone2                    	725	659	66
16:21:20  Camera: Shop A                                  	727	661
16:21:29  Zone: Zone1                    	678	732	-54
16:21:29  Zone: Zone2                    	727	661	66
16:22:22  Camera: Shop A                                  	729	663
16:22:22  Zone: Zone1                    	680	734	-54
16:22:22  Zone: Zone2                    	729	663	66
16:24:24  Camera: Shop A                                  	731	665
16:24:25  Zone: Zone1                    	682	736	-54
16:24:25  Zone: Zone2                    	731	665	66
16:26:26  Camera: Shop A                                  	734	665
16:26:29  Zone: Zone1                    	682	739	-57
16:26:29  Zone: Zone2                    	734	665	69
16:30:06  Logging to daily summary: "16:30 21 28 -52 28 21 64"
16:30:06  Service running OK
16:31:31  Camera: Shop A                                  	736	665
16:31:33  Zone: Zone1                    	682	741	-59
16:31:33  Zone: Zone2                    	736	665	71
16:33:33  Camera: Shop A                                  	736	667
16:33:37  Zone: Zone1                    	684	741	-57
16:33:37  Zone: Zone2                    	736	667	69
16:34:34  Camera: Shop A                                  	736	669
16:34:47  Zone: Zone1                    	686	741	-55
16:34:47  Zone: Zone2                    	736	669	67
16:36:37  Camera: Shop A                                  	739	669
16:36:51  Zone: Zone1                    	686	744	-58
16:36:51  Zone: Zone2                    	739	669	70
16:39:40  Camera: Shop A                                  	742	670
16:39:49  Zone: Zone1                    	687	747	-60
16:39:49  Zone: Zone2                    	742	670	72
16:40:41  Camera: Shop A                                  	743	670
16:40:41  Zone: Zone1                    	687	748	-61
16:40:41  Zone: Zone2                    	743	670	73
16:42:43  Camera: Shop A                                  	746	671
16:42:45  Zone: Zone1                    	688	751	-63
16:42:45  Zone: Zone2                    	746	671	75
16:42:54  Camera: Level 2 Main Entry                      	16	4
16:43:01  Zone: Zone1                    	695	752	-57
16:43:44  Camera: Shop A                                  	749	671
16:43:53  Zone: Zone1                    	695	755	-60
16:43:53  Zone: Zone2                    	749	671	78
16:43:55  Camera: Level 2 Main Entry                      	18	5
16:44:09  Zone: Zone1                    	697	756	-59
16:45:04  Service running OK
16:46:47  Camera: Shop A                                  	749	673
16:46:49  Zone: Zone1                    	699	756	-57
16:46:49  Zone: Zone2                    	749	673	76
16:47:49  Camera: Shop A                                  	751	673
16:47:59  Zone: Zone1                    	699	758	-59
16:47:59  Zone: Zone2                    	751	673	78
16:49:51  Camera: Shop A                                  	753	673
16:50:03  Zone: Zone1                    	699	760	-61
16:50:03  Zone: Zone2                    	753	673	80
16:52:54  Camera: Shop A                                  	753	675
16:53:01  Zone: Zone1                    	701	760	-59
16:53:01  Zone: Zone2                    	753	675	78
16:59:00  Camera: Shop A                                  	753	676
16:59:01  Zone: Zone1                    	702	760	-58
16:59:01  Zone: Zone2                    	753	676	77
17:00:01  Camera: Shop A                                  	755	676
17:00:10  Zone: Zone1                    	702	762	-60
17:00:10  Zone: Zone2                    	755	676	79
17:00:10  Logging to daily summary: "17:00 20 23 -58 21 11 74"
17:00:10  Service running OK
17:01:03  Camera: Shop A                                  	755	682
17:01:03  Zone: Zone1                    	708	762	-54
17:01:03  Zone: Zone2                    	755	682	73
17:02:04  Camera: Shop A                                  	755	683
17:02:12  Zone: Zone1                    	709	762	-53
17:02:12  Zone: Zone2                    	755	683	72
17:04:06  Camera: Shop A                                  	755	687
17:04:16  Zone: Zone1                    	713	762	-49
17:04:16  Zone: Zone2                    	755	687	68
17:09:11  Camera: Shop A                                  	761	687
17:09:20  Zone: Zone1                    	713	768	-55
17:09:20  Zone: Zone2                    	761	687	74
17:15:03  Service running OK
17:18:21  Camera: Shop A                                  	761	691
17:18:36  Zone: Zone1                    	717	768	-51
17:18:36  Zone: Zone2                    	761	691	70
17:19:22  Camera: Shop A                                  	763	691
17:19:28  Zone: Zone1                    	717	770	-53
17:19:28  Zone: Zone2                    	763	691	72
17:26:30  Camera: Shop A                                  	763	694
17:26:38  Zone: Zone1                    	720	770	-50
17:26:38  Zone: Zone2                    	763	694	69
17:28:32  Camera: Shop A                                  	763	696
17:28:42  Zone: Zone1                    	722	770	-48
17:28:42  Zone: Zone2                    	763	696	67
17:30:13  Logging to daily summary: "17:30 20 8 -52 8 20 71"
17:30:13  Service running OK
17:45:13  Service running OK
18:00:13  Logging to daily summary: "18:00 0 0 -48 0 0 67"
18:00:13  Service running OK
18:15:13  Service running OK
18:30:13  Logging to daily summary: "18:30 0 0 -48 0 0 67"
18:30:13  Service running OK
18:45:13  Service running OK
19:00:13  Logging to daily summary: "19:00 0 0 -48 0 0 67"
19:00:13  Service running OK
19:15:13  Service running OK
19:30:13  Logging to daily summary: "19:30 0 0 -48 0 0 67"
19:30:13  Service running OK
19:45:13  Service running OK
20:00:13  Logging to daily summary: "20:00 0 0 -48 0 0 67"
20:00:13  Service running OK
20:15:13  Service running OK
20:30:13  Logging to daily summary: "20:30 0 0 -48 0 0 67"
20:30:13  Service running OK
20:45:13  Service running OK
21:00:13  Logging to daily summary: "21:00 0 0 -48 0 0 67"
21:00:13  Service running OK
21:15:13  Service running OK
21:30:13  Logging to daily summary: "21:30 0 0 -48 0 0 67"
21:30:13  Service running OK
21:45:13  Service running OK
22:00:13  Logging to daily summary: "22:00 0 0 -48 0 0 67"
22:00:13  Service running OK
22:00:30  Closing time reached
22:00:45  Stop time reached.
22:00:45  Camera 'Level 1 Science Centre Entry 1' - final counts 6 1
22:00:45  Camera 'Level 1 Science Centre Entry 2' - final counts 2 1
22:00:45  Camera 'Level 1 Science Centre Lift' - final counts 0 0
22:00:45  Camera 'Level 2 Main Entry' - final counts 18 5
22:00:45  Camera 'Level 2 Lift' - final counts 0 0
22:00:45  Camera 'Shop A' - final counts 763 696
22:00:45  Camera 'Shop B' - final counts 0 0
22:00:45  Camera 'Shop Whale Mall' - final counts 0 0
22:00:45  Camera 'Level 2 Cafe' - final counts 0 0
22:00:45  Zone: Zone1                    	722	770	-48
22:00:45  Zone: Zone2                    	763	696	67
22:00:45  Level 1 Science Centre Entry 1: IrisysIP counts reset requested.
22:00:45  Level 1 Science Centre Entry 2: IrisysIP counts reset requested.
22:00:45  Level 1 Science Centre Lift: IrisysIP counts reset requested.
22:00:45  Level 2 Main Entry: IrisysIP counts reset requested.
22:00:45  Level 2 Lift: IrisysIP counts reset requested.
22:00:45  Shop A: IrisysIP counts reset requested.
22:00:45  Shop B: IrisysIP counts reset requested.
22:00:45  Shop Whale Mall: IrisysIP counts reset requested.
22:00:45  Level 2 Cafe: IrisysIP counts reset requested.
22:00:50  Attempting to reset counts for IrisysIP Camera Level 2 Lift
22:00:57  Failed to send email.
22:00:57  Displaying shutdown on 0 display(s)
22:00:57  End the manager threads.
22:00:57  Close all CAN threads.
22:00:57  All CAN threads, now flagged to be closed.
22:00:57  Close all IrisysIP threads.
22:01:42  Level 2 Lift: InCountCorrection set in registry to: 0
22:01:42  Level 2 Lift: OutCountCorrection set in registry to: 0
22:01:43  Level 2 Lift: has reset camera
22:01:44  Error! Level 1 Science Centre Entry 1: The IrisysIP thread needs to be terminated but has not reset.
22:01:44  Level 1 Science Centre Entry 1: The Irisys IP thread has been flagged to end.
22:01:44  Level 1 Science Centre Entry 1: Main Data Collection loop has finished (g_bStopFlag=0, m_bEndThread=1).
22:01:44  Level 1 Science Centre Entry 1: The Irisys IP thread has ended.
22:01:50  Attempting to reset counts for IrisysIP Camera Level 1 Science Centre Entry 2
22:01:50  Attempting to reset counts for IrisysIP Camera Level 2 Main Entry
22:01:50  Attempting to reset counts for IrisysIP Camera Level 1 Science Centre Lift
22:01:50  Attempting to reset counts for IrisysIP Camera Shop A
22:02:17  Level 1 Science Centre Entry 2: InCountCorrection set in registry to: 0
22:02:17  Level 1 Science Centre Entry 2: OutCountCorrection set in registry to: 0
22:02:18  Level 1 Science Centre Entry 2: has reset camera
22:02:18  Level 1 Science Centre Entry 2: The Irisys IP thread has been flagged to end.
22:02:28  Level 1 Science Centre Entry 2: Main Data Collection loop has finished (g_bStopFlag=0, m_bEndThread=1).
22:02:28  Level 1 Science Centre Entry 2: The Irisys IP thread has ended.
22:02:32  Level 2 Main Entry: InCountCorrection set in registry to: 0
22:02:32  Level 2 Main Entry: OutCountCorrection set in registry to: 0
22:02:33  Level 2 Main Entry: has reset camera
22:02:34  Level 1 Science Centre Lift: InCountCorrection set in registry to: 0
22:02:34  Level 1 Science Centre Lift: OutCountCorrection set in registry to: 0
22:02:35  Level 1 Science Centre Lift: has reset camera
22:02:35  Level 1 Science Centre Lift: The Irisys IP thread has been flagged to end.
22:02:36  Shop A: InCountCorrection set in registry to: 0
22:02:36  Shop A: OutCountCorrection set in registry to: 0
22:02:37  Shop A: has reset camera
22:02:44  Camera: Level 2 Lift                            	0	0
22:03:34  Level 1 Science Centre Lift: Main Data Collection loop has finished (g_bStopFlag=0, m_bEndThread=1).
22:03:34  Level 1 Science Centre Lift: The Irisys IP thread has ended.
22:03:34  Level 2 Main Entry: The Irisys IP thread has been flagged to end.
22:03:34  Level 2 Main Entry: Main Data Collection loop has finished (g_bStopFlag=0, m_bEndThread=1).
22:03:34  Level 2 Main Entry: The Irisys IP thread has ended.
22:03:34  Level 2 Lift: The Irisys IP thread has been flagged to end.
22:03:38  Camera: Shop A                                  	0	0
22:03:38  Shop A IrisysIP camera has reset
22:03:43  Level 2 Lift: Main Data Collection loop has finished (g_bStopFlag=0, m_bEndThread=1).
22:03:43  Level 2 Lift: The Irisys IP thread has ended.
22:03:43  Shop A: The Irisys IP thread has been flagged to end.
22:03:43  Shop A: Main Data Collection loop has finished (g_bStopFlag=0, m_bEndThread=1).
22:03:43  Shop A: The Irisys IP thread has ended.
22:03:43  Shop B: The Irisys IP thread has been flagged to end.
22:03:46  Shop B: Main Data Collection loop has finished (g_bStopFlag=0, m_bEndThread=1).
22:03:46  Shop B: The Irisys IP thread has ended.
22:03:46  Shop Whale Mall: The Irisys IP thread has been flagged to end.
22:03:46  Shop Whale Mall: Main Data Collection loop has finished (g_bStopFlag=0, m_bEndThread=1).
22:03:46  Shop Whale Mall: The Irisys IP thread has ended.
22:03:46  Level 2 Cafe: The Irisys IP thread has been flagged to end.
22:03:46  Level 2 Cafe: Main Data Collection loop has finished (g_bStopFlag=0, m_bEndThread=1).
22:03:46  Level 2 Cafe: The Irisys IP thread has ended.
22:03:46  All IrisysIP threads, now flagged to be closed.
22:03:46  Close all iCount threads.
22:03:46  All iCount threads, now flagged to be closed.
22:03:46  Close all eDAM threads.
22:03:46  All eDAM threads, now flagged to be closed.
22:03:46  Camera 'Level 1 Science Centre Entry 1' - maximum flow 7 at 10:03:02
22:03:46  Camera 'Level 1 Science Centre Entry 2' - maximum flow 3 at 10:22:00
22:03:46  Camera 'Level 1 Science Centre Lift' - maximum flow 0 at 09:30:00
22:03:46  Camera 'Level 2 Main Entry' - maximum flow 8 at 16:43:01
22:03:46  Camera 'Level 2 Lift' - maximum flow 0 at 09:30:00
22:03:46  Camera 'Shop A' - maximum flow 25 at 10:28:07
22:03:46  Camera 'Shop B' - maximum flow 0 at 09:30:00
22:03:46  Camera 'Shop Whale Mall' - maximum flow 0 at 09:30:00
22:03:46  Camera 'Level 2 Cafe' - maximum flow 0 at 09:30:00
22:03:46  Camera 'Level 1 Science Centre Entry 1' refreshing registry counts
22:03:46  Camera 'Level 1 Science Centre Entry 2' refreshing registry counts
22:03:46  Camera 'Level 1 Science Centre Lift' refreshing registry counts
22:03:46  Camera 'Level 2 Main Entry' refreshing registry counts
22:03:46  Camera 'Level 2 Lift' refreshing registry counts
22:03:46  Camera 'Shop A' refreshing registry counts
22:03:46  Camera 'Shop B' refreshing registry counts
22:03:46  Camera 'Shop Whale Mall' refreshing registry counts
22:03:46  Camera 'Level 2 Cafe' refreshing registry counts
22:03:46  Zone 'Zone1' refreshing file counts
22:03:46  Zone 'Zone2' refreshing file counts
22:03:46  Processing application not specified
22:03:46  Logging Counting Stopped

