
07:28:01  RECAP $Revision: 3.13.2.13 $ ($State: Exp $) built 09:15:45, Aug  3 2010
07:28:01  Logging Counting Started
07:28:01  Start time: 09:30 (570 minutes past midnight)
07:28:01  Stop time: 22:00 (1320 minutes past midnight)
07:28:01  Log period: 30 minutes
07:28:01  Initialising 0 display(s)
07:28:01  Initialising 9 camera(s)
07:28:01  IrisysIP counter(s) in use, Starting BlackFin API
07:28:01  If RECAP crashes, check .NET framework and VCRedist are installed.
07:28:01  BlackFin API Started.
07:28:01  BlackFin API Started up OK. Version: 1.10.0.5
07:28:01  Initialising 2 zone(s)
07:28:01  Outputting 'Zone1' zone data to 'Zones\Zone1.txt'
07:28:01  Outputting 'Zone2' zone data to 'Zones\Zone2.txt'
07:28:01  Displaying shutdown on 0 display(s)
07:28:01  Waiting till start time
09:30:00  Start time reached
09:30:00  Adding Level 1 Science Centre Entry 1 thread to Watchdog
09:30:00  Level 1 Science Centre Entry 1: InCountCorrection set in registry to: 0
09:30:00  Level 1 Science Centre Entry 1: OutCountCorrection set in registry to: 0
09:30:00  Adding Level 1 Science Centre Entry 2 thread to Watchdog
09:30:00  Level 1 Science Centre Entry 2: InCountCorrection set in registry to: 0
09:30:00  Level 1 Science Centre Entry 2: OutCountCorrection set in registry to: 0
09:30:00  Adding Level 1 Science Centre Lift thread to Watchdog
09:30:00  Level 1 Science Centre Lift: InCountCorrection set in registry to: 0
09:30:00  Level 1 Science Centre Lift: OutCountCorrection set in registry to: 0
09:30:00  Adding Level 2 Main Entry thread to Watchdog
09:30:00  Level 2 Main Entry: InCountCorrection set in registry to: 0
09:30:00  Level 2 Main Entry: OutCountCorrection set in registry to: 0
09:30:00  Adding Level 2 Lift thread to Watchdog
09:30:00  Level 2 Lift: InCountCorrection set in registry to: 0
09:30:00  Level 2 Lift: OutCountCorrection set in registry to: 0
09:30:00  Adding Shop A thread to Watchdog
09:30:00  Shop A: InCountCorrection set in registry to: 0
09:30:00  Shop A: OutCountCorrection set in registry to: 0
09:30:00  Adding Shop B thread to Watchdog
09:30:00  Shop B: InCountCorrection set in registry to: 0
09:30:00  Shop B: OutCountCorrection set in registry to: 0
09:30:00  Adding Shop Whale Mall thread to Watchdog
09:30:00  Shop Whale Mall: InCountCorrection set in registry to: 0
09:30:00  Shop Whale Mall: OutCountCorrection set in registry to: 0
09:30:00  Adding Level 2 Cafe thread to Watchdog
09:30:00  Level 2 Cafe: InCountCorrection set in registry to: 0
09:30:00  Level 2 Cafe: OutCountCorrection set in registry to: 0
09:30:01  New day, Reset counts and busiest times in registry
09:30:01  Camera Level 1 Science Centre Entry 1 Counts 	= In:0, Out:0
09:30:01  Camera Level 1 Science Centre Entry 2 Counts 	= In:0, Out:0
09:30:01  Camera Level 1 Science Centre Lift Counts 	= In:0, Out:0
09:30:01  Camera Level 2 Main Entry Counts 	= In:0, Out:0
09:30:01  Camera Level 2 Lift Counts 	= In:0, Out:0
09:30:01  Camera Shop A Counts 	= In:0, Out:0
09:30:01  Camera Shop B Counts 	= In:0, Out:0
09:30:01  Camera Shop Whale Mall Counts 	= In:0, Out:0
09:30:01  Camera Level 2 Cafe Counts 	= In:0, Out:0
09:30:02  Starting main data collection loop.
09:30:05  Zone: Zone1                    	0	0	0
09:30:05  Zone: Zone2                    	0	0	0
09:30:05  Logging to daily summary: "09:30 0 0 0 0 0 0"
09:30:05  Service running OK
09:30:23  Level 1 Science Centre Entry 2: Connect Success (2) (serial num:2158593777)
09:30:24  Level 1 Science Centre Entry 2: MAC:00-21-AC-00-30-3B IP Firmware:4.0.2.30311 Monitor Firmware:42.4.0.404
09:30:26  Level 1 Science Centre Lift: Connect Success (3) (serial num:2158593853)
09:30:26  Level 1 Science Centre Entry 1: Connect Success (1) (serial num:2158593798)
09:30:27  Level 1 Science Centre Lift: MAC:00-21-AC-00-30-1A IP Firmware:4.0.2.30311 Monitor Firmware:42.4.0.404
09:30:27  Level 1 Science Centre Entry 2: Status msgs: 0,0
09:30:27  Level 1 Science Centre Entry 1: MAC:00-21-AC-00-30-39 IP Firmware:4.0.2.30311 Monitor Firmware:42.4.0.404
09:30:27  Level 1 Science Centre Entry 2: Current DeviceID: DefaultID
09:30:30  Level 1 Science Centre Entry 1: Status msgs: 0,0
09:30:30  Level 1 Science Centre Lift: Status msgs: 0,0
09:30:30  Level 1 Science Centre Entry 1: Current DeviceID: DefaultID
09:30:30  Level 2 Lift: Connect Success (5) (serial num:2158593872)
09:30:30  Level 1 Science Centre Lift: Current DeviceID: DefaultID
09:30:31  Level 2 Lift: MAC:00-21-AC-00-2F-8C IP Firmware:4.0.2.30311 Monitor Firmware:42.4.0.404
09:30:40  Level 2 Main Entry: Connect Success (4) (serial num:2158593780)
09:30:41  Level 2 Main Entry: MAC:00-21-AC-00-30-D9 IP Firmware:4.0.2.30311 Monitor Firmware:42.4.0.404
09:30:47  Level 2 Lift: Status msgs: 0,0
09:30:47  Level 2 Lift: Current DeviceID: DefaultID
09:30:57  Level 2 Main Entry: Status msgs: 0,0
09:30:57  Level 2 Main Entry: Current DeviceID: DefaultID
09:32:30  Initial Camera Level 1 Science Centre Entry 2 Counts 	= In:0, Out:0
09:32:33  Initial Camera Level 1 Science Centre Entry 1 Counts 	= In:0, Out:0
09:32:34  Initial Camera Level 1 Science Centre Lift Counts 	= In:0, Out:0
09:32:34  Level 1 Science Centre Entry 2: Date last reset in registry is not today (reset required): 02/11/11
09:32:34  Attempting to reset counts for IrisysIP Camera Level 1 Science Centre Entry 2
09:32:37  Level 1 Science Centre Entry 1: Date last reset in registry is not today (reset required): 02/11/11
09:32:37  Attempting to reset counts for IrisysIP Camera Level 1 Science Centre Entry 1
09:32:38  Level 1 Science Centre Lift: Date last reset in registry is not today (reset required): 02/11/11
09:32:38  Attempting to reset counts for IrisysIP Camera Level 1 Science Centre Lift
09:33:30  Level 1 Science Centre Entry 2: InCountCorrection set in registry to: 0
09:33:30  Level 1 Science Centre Entry 2: OutCountCorrection set in registry to: 0
09:33:31  Level 1 Science Centre Entry 2: has reset camera
09:33:31  Camera: Level 1 Science Centre Entry 2 - Counts are now valid.
09:33:33  Level 1 Science Centre Entry 1: InCountCorrection set in registry to: 0
09:33:33  Level 1 Science Centre Entry 1: OutCountCorrection set in registry to: 0
09:33:34  Level 1 Science Centre Entry 1: has reset camera
09:33:34  Camera: Level 1 Science Centre Entry 1 - Counts are now valid.
09:33:35  Level 1 Science Centre Lift: InCountCorrection set in registry to: 0
09:33:35  Level 1 Science Centre Lift: OutCountCorrection set in registry to: 0
09:33:36  Level 1 Science Centre Lift: has reset camera
09:33:36  Initial Camera Level 2 Lift Counts 	= In:0, Out:4
09:33:36  Camera: Level 1 Science Centre Lift - Counts are now valid.
09:33:36  Initial Camera Level 2 Main Entry Counts 	= In:11, Out:4
09:33:40  Level 2 Lift: Date last reset in registry is not today (reset required): 02/11/11
09:33:40  Level 2 Main Entry: Date last reset in registry is not today (reset required): 02/11/11
09:33:40  Attempting to reset counts for IrisysIP Camera Level 2 Lift
09:33:40  Attempting to reset counts for IrisysIP Camera Level 2 Main Entry
09:33:50  Level 2 Lift: InCountCorrection set in registry to: 0
09:33:50  Level 2 Lift: OutCountCorrection set in registry to: 0
09:33:51  Level 2 Lift: has reset camera
09:33:51  Camera: Level 2 Lift - Counts are now valid.
09:34:00  Level 2 Main Entry: InCountCorrection set in registry to: 0
09:34:00  Level 2 Main Entry: OutCountCorrection set in registry to: 0
09:34:01  Level 2 Main Entry: has reset camera
09:34:01  Camera: Level 2 Main Entry - Counts are now valid.
09:34:32  Camera: Level 1 Science Centre Entry 2          	0	0
09:34:32  Level 1 Science Centre Entry 2 IrisysIP camera has reset
09:34:35  Camera: Level 1 Science Centre Entry 1          	0	0
09:34:35  Level 1 Science Centre Entry 1 IrisysIP camera has reset
09:34:37  Camera: Level 1 Science Centre Lift             	0	0
09:34:37  Level 1 Science Centre Lift IrisysIP camera has reset
09:34:52  Camera: Level 2 Lift                            	0	0
09:34:52  Level 2 Lift IrisysIP camera has reset
09:35:02  Camera: Level 2 Main Entry                      	0	0
09:35:02  Level 2 Main Entry IrisysIP camera has reset
09:45:15  Service running OK
10:00:15  Logging to daily summary: "10:00 0 0 0 0 0 0"
10:00:15  Service running OK
10:15:16  Service running OK
10:26:47  Camera: Level 2 Lift                            	0	2
10:26:55  Zone: Zone1                    	0	2	-2
10:27:48  Camera: Level 2 Lift                            	3	2
10:27:48  Zone: Zone1                    	3	2	1
10:30:13  Logging to daily summary: "10:30 3 2 0 0 0 0"
10:30:13  Service running OK
10:45:13  Service running OK
11:00:13  Logging to daily summary: "11:00 0 0 1 0 0 0"
11:00:13  Service running OK
11:15:14  Service running OK
11:30:14  Logging to daily summary: "11:30 0 0 1 0 0 0"
11:30:14  Service running OK
11:45:14  Service running OK
12:00:14  Logging to daily summary: "12:00 0 0 1 0 0 0"
12:00:14  Service running OK
12:15:16  Service running OK
12:30:16  Logging to daily summary: "12:30 0 0 1 0 0 0"
12:30:16  Service running OK
12:45:16  Service running OK
12:59:09  Camera: Level 1 Science Centre Entry 2          	2	0
12:59:19  Zone: Zone1                    	5	2	3
13:00:14  Logging to daily summary: "13:00 2 0 1 0 0 0"
13:00:14  Service running OK
13:01:11  Camera: Level 1 Science Centre Entry 2          	4	0
13:01:23  Zone: Zone1                    	7	2	5
13:02:15  Camera: Level 1 Science Centre Entry 1          	0	1
13:02:15  Zone: Zone1                    	7	3	4
13:03:14  Camera: Level 1 Science Centre Entry 2          	4	1
13:03:25  Zone: Zone1                    	7	4	3
13:15:10  Service running OK
13:30:10  Logging to daily summary: "13:30 2 2 3 0 0 0"
13:30:10  Service running OK
13:45:10  Service running OK
14:00:10  Logging to daily summary: "14:00 0 0 3 0 0 0"
14:00:10  Service running OK
14:15:10  Service running OK
14:30:10  Logging to daily summary: "14:30 0 0 3 0 0 0"
14:30:10  Service running OK
14:45:10  Service running OK
15:00:10  Logging to daily summary: "15:00 0 0 3 0 0 0"
15:00:10  Service running OK
15:15:10  Service running OK
15:30:10  Logging to daily summary: "15:30 0 0 3 0 0 0"
15:30:10  Service running OK
15:45:10  Service running OK
16:00:10  Logging to daily summary: "16:00 0 0 3 0 0 0"
16:00:10  Service running OK
16:15:11  Service running OK
16:30:11  Logging to daily summary: "16:30 0 0 3 0 0 0"
16:30:11  Service running OK
16:45:01  Camera: Level 2 Main Entry                      	3	0
16:45:08  Zone: Zone1                    	10	4	6
16:45:08  Service running OK
16:46:02  Camera: Level 2 Main Entry                      	5	4
16:46:02  Zone: Zone1                    	12	8	4
17:00:08  Logging to daily summary: "17:00 5 4 3 0 0 0"
17:00:08  Service running OK
17:15:09  Service running OK
17:30:09  Logging to daily summary: "17:30 0 0 4 0 0 0"
17:30:09  Service running OK
17:45:09  Service running OK
18:00:09  Logging to daily summary: "18:00 0 0 4 0 0 0"
18:00:09  Service running OK
18:15:09  Service running OK
18:30:09  Logging to daily summary: "18:30 0 0 4 0 0 0"
18:30:09  Service running OK
18:45:09  Service running OK
19:00:09  Logging to daily summary: "19:00 0 0 4 0 0 0"
19:00:09  Service running OK
19:15:09  Service running OK
19:30:09  Logging to daily summary: "19:30 0 0 4 0 0 0"
19:30:09  Service running OK
19:45:09  Service running OK
20:00:14  Logging to daily summary: "20:00 0 0 4 0 0 0"
20:00:14  Service running OK
20:15:14  Service running OK
20:30:14  Logging to daily summary: "20:30 0 0 4 0 0 0"
20:30:14  Service running OK
20:45:14  Service running OK
21:00:14  Logging to daily summary: "21:00 0 0 4 0 0 0"
21:00:14  Service running OK
21:15:16  Service running OK
21:30:16  Logging to daily summary: "21:30 0 0 4 0 0 0"
21:30:16  Service running OK
21:45:16  Service running OK
22:00:16  Logging to daily summary: "22:00 0 0 4 0 0 0"
22:00:16  Service running OK
22:00:31  Stop time reached.
22:00:31  Camera 'Level 1 Science Centre Entry 1' - final counts 0 1
22:00:31  Camera 'Level 1 Science Centre Entry 2' - final counts 4 1
22:00:31  Camera 'Level 1 Science Centre Lift' - final counts 0 0
22:00:31  Camera 'Level 2 Main Entry' - final counts 5 4
22:00:31  Camera 'Level 2 Lift' - final counts 3 2
22:00:31  Camera 'Shop A' - final counts 0 0
22:00:31  Camera 'Shop B' - final counts 0 0
22:00:31  Camera 'Shop Whale Mall' - final counts 0 0
22:00:31  Camera 'Level 2 Cafe' - final counts 0 0
22:00:31  Zone: Zone1                    	12	8	4
22:00:31  Zone: Zone2                    	0	0	0
22:00:31  Level 1 Science Centre Entry 1: IrisysIP counts reset requested.
22:00:31  Level 1 Science Centre Entry 2: IrisysIP counts reset requested.
22:00:31  Level 1 Science Centre Lift: IrisysIP counts reset requested.
22:00:31  Level 2 Main Entry: IrisysIP counts reset requested.
22:00:31  Level 2 Lift: IrisysIP counts reset requested.
22:00:31  Shop A: IrisysIP counts reset requested.
22:00:31  Shop B: IrisysIP counts reset requested.
22:00:31  Shop Whale Mall: IrisysIP counts reset requested.
22:00:31  Level 2 Cafe: IrisysIP counts reset requested.
22:00:39  Email sent successfully.
22:00:39  Displaying shutdown on 0 display(s)
22:00:39  End the manager threads.
22:00:39  Close all CAN threads.
22:00:39  All CAN threads, now flagged to be closed.
22:00:39  Close all IrisysIP threads.
22:00:43  Attempting to reset counts for IrisysIP Camera Level 2 Main Entry
22:01:26  Error! Level 1 Science Centre Entry 1: The IrisysIP thread needs to be terminated but has not reset.
22:01:26  Level 1 Science Centre Entry 1: The Irisys IP thread has been flagged to end.
22:01:35  Level 2 Main Entry: InCountCorrection set in registry to: 0
22:01:35  Level 2 Main Entry: OutCountCorrection set in registry to: 0
22:01:36  Level 2 Main Entry: has reset camera
22:01:36  Level 1 Science Centre Entry 1: Main Data Collection loop has finished (g_bStopFlag=0, m_bEndThread=1).
22:01:36  Level 1 Science Centre Entry 1: The Irisys IP thread has ended.
22:01:44  Attempting to reset counts for IrisysIP Camera Level 1 Science Centre Lift
22:01:44  Attempting to reset counts for IrisysIP Camera Level 1 Science Centre Entry 2
22:01:44  Attempting to reset counts for IrisysIP Camera Level 2 Lift
22:01:48  Level 1 Science Centre Lift: InCountCorrection set in registry to: 0
22:01:48  Level 1 Science Centre Lift: OutCountCorrection set in registry to: 0
22:01:49  Level 1 Science Centre Lift: has reset camera
22:01:50  Level 1 Science Centre Entry 2: InCountCorrection set in registry to: 0
22:01:50  Level 1 Science Centre Entry 2: OutCountCorrection set in registry to: 0
22:01:51  Level 1 Science Centre Entry 2: has reset camera
22:01:51  Level 1 Science Centre Entry 2: The Irisys IP thread has been flagged to end.
22:02:01  Level 1 Science Centre Entry 2: Main Data Collection loop has finished (g_bStopFlag=0, m_bEndThread=1).
22:02:01  Level 1 Science Centre Entry 2: The Irisys IP thread has ended.
22:02:01  Level 1 Science Centre Lift: The Irisys IP thread has been flagged to end.
22:02:01  Level 1 Science Centre Lift: Main Data Collection loop has finished (g_bStopFlag=0, m_bEndThread=1).
22:02:01  Level 1 Science Centre Lift: The Irisys IP thread has ended.
22:02:01  Level 2 Main Entry: The Irisys IP thread has been flagged to end.
22:02:04  Level 2 Lift: InCountCorrection set in registry to: 0
22:02:04  Level 2 Lift: OutCountCorrection set in registry to: 0
22:02:05  Level 2 Lift: has reset camera
22:02:35  Level 2 Main Entry: Main Data Collection loop has finished (g_bStopFlag=0, m_bEndThread=1).
22:02:35  Level 2 Main Entry: The Irisys IP thread has ended.
22:02:35  Level 2 Lift: The Irisys IP thread has been flagged to end.
22:03:04  Level 2 Lift: Main Data Collection loop has finished (g_bStopFlag=0, m_bEndThread=1).
22:03:04  Level 2 Lift: The Irisys IP thread has ended.
22:03:04  Shop A: The Irisys IP thread has been flagged to end.
22:03:50  Shop A: Main Data Collection loop has finished (g_bStopFlag=0, m_bEndThread=1).
22:03:50  Shop A: The Irisys IP thread has ended.
22:03:50  Shop B: The Irisys IP thread has been flagged to end.
22:03:50  Shop B: Main Data Collection loop has finished (g_bStopFlag=0, m_bEndThread=1).
22:03:50  Shop B: The Irisys IP thread has ended.
22:03:50  Shop Whale Mall: The Irisys IP thread has been flagged to end.
22:03:50  Shop Whale Mall: Main Data Collection loop has finished (g_bStopFlag=0, m_bEndThread=1).
22:03:50  Shop Whale Mall: The Irisys IP thread has ended.
22:03:50  Level 2 Cafe: The Irisys IP thread has been flagged to end.
22:03:50  Level 2 Cafe: Main Data Collection loop has finished (g_bStopFlag=0, m_bEndThread=1).
22:03:50  Level 2 Cafe: The Irisys IP thread has ended.
22:03:50  All IrisysIP threads, now flagged to be closed.
22:03:50  Close all iCount threads.
22:03:50  All iCount threads, now flagged to be closed.
22:03:50  Close all eDAM threads.
22:03:50  All eDAM threads, now flagged to be closed.
22:03:50  Camera 'Level 1 Science Centre Entry 1' - maximum flow 1 at 13:03:10
22:03:50  Camera 'Level 1 Science Centre Entry 2' - maximum flow 2 at 13:00:14
22:03:50  Camera 'Level 1 Science Centre Lift' - maximum flow 0 at 09:30:00
22:03:50  Camera 'Level 2 Main Entry' - maximum flow 6 at 16:46:02
22:03:50  Camera 'Level 2 Lift' - maximum flow 3 at 10:28:07
22:03:50  Camera 'Shop A' - maximum flow 0 at 09:30:00
22:03:50  Camera 'Shop B' - maximum flow 0 at 09:30:00
22:03:50  Camera 'Shop Whale Mall' - maximum flow 0 at 09:30:00
22:03:50  Camera 'Level 2 Cafe' - maximum flow 0 at 09:30:00
22:03:50  Camera 'Level 1 Science Centre Entry 1' refreshing registry counts
22:03:50  Camera 'Level 1 Science Centre Entry 2' refreshing registry counts
22:03:50  Camera 'Level 1 Science Centre Lift' refreshing registry counts
22:03:50  Camera 'Level 2 Main Entry' refreshing registry counts
22:03:50  Camera 'Level 2 Lift' refreshing registry counts
22:03:50  Camera 'Shop A' refreshing registry counts
22:03:50  Camera 'Shop B' refreshing registry counts
22:03:50  Camera 'Shop Whale Mall' refreshing registry counts
22:03:50  Camera 'Level 2 Cafe' refreshing registry counts
22:03:50  Zone 'Zone1' refreshing file counts
22:03:50  Zone 'Zone2' refreshing file counts
22:03:50  Processing application not specified
22:03:50  Logging Counting Stopped

