
07:28:01  RECAP $Revision: 3.13.2.13 $ ($State: Exp $) built 09:15:45, Aug  3 2010
07:28:01  Logging Counting Started
07:28:01  Start time: 09:30 (570 minutes past midnight)
07:28:01  Stop time: 22:00 (1320 minutes past midnight)
07:28:01  Log period: 30 minutes
07:28:01  Initialising 0 display(s)
07:28:01  Initialising 9 camera(s)
07:28:01  IrisysIP counter(s) in use, Starting BlackFin API
07:28:01  If RECAP crashes, check .NET framework and VCRedist are installed.
07:28:01  BlackFin API Started.
07:28:01  BlackFin API Started up OK. Version: 1.10.0.5
07:28:01  Initialising 2 zone(s)
07:28:01  Outputting 'Zone1' zone data to 'Zones\Zone1.txt'
07:28:01  Outputting 'Zone2' zone data to 'Zones\Zone2.txt'
07:28:01  Displaying shutdown on 0 display(s)
07:28:01  Waiting till start time
09:30:00  Start time reached
09:30:00  Adding Level 1 Science Centre Entry 1 thread to Watchdog
09:30:00  Level 1 Science Centre Entry 1: InCountCorrection set in registry to: 0
09:30:00  Level 1 Science Centre Entry 1: OutCountCorrection set in registry to: 0
09:30:00  Adding Level 1 Science Centre Entry 2 thread to Watchdog
09:30:00  Level 1 Science Centre Entry 2: InCountCorrection set in registry to: 0
09:30:00  Level 1 Science Centre Entry 2: OutCountCorrection set in registry to: 0
09:30:00  Adding Level 1 Science Centre Lift thread to Watchdog
09:30:00  Level 1 Science Centre Lift: InCountCorrection set in registry to: 0
09:30:00  Level 1 Science Centre Lift: OutCountCorrection set in registry to: 0
09:30:00  Adding Level 2 Main Entry thread to Watchdog
09:30:00  Level 2 Main Entry: InCountCorrection set in registry to: 0
09:30:00  Level 2 Main Entry: OutCountCorrection set in registry to: 0
09:30:00  Adding Level 2 Lift thread to Watchdog
09:30:00  Level 2 Lift: InCountCorrection set in registry to: 0
09:30:00  Level 2 Lift: OutCountCorrection set in registry to: 0
09:30:00  Adding Shop A thread to Watchdog
09:30:00  Shop A: InCountCorrection set in registry to: 0
09:30:00  Shop A: OutCountCorrection set in registry to: 0
09:30:00  Adding Shop B thread to Watchdog
09:30:00  Shop B: InCountCorrection set in registry to: 0
09:30:00  Shop B: OutCountCorrection set in registry to: 0
09:30:00  Adding Shop Whale Mall thread to Watchdog
09:30:00  Shop Whale Mall: InCountCorrection set in registry to: 0
09:30:00  Shop Whale Mall: OutCountCorrection set in registry to: 0
09:30:00  Adding Level 2 Cafe thread to Watchdog
09:30:00  Level 2 Cafe: InCountCorrection set in registry to: 0
09:30:00  Level 2 Cafe: OutCountCorrection set in registry to: 0
09:30:01  New day, Reset counts and busiest times in registry
09:30:01  Camera Level 1 Science Centre Entry 1 Counts 	= In:0, Out:0
09:30:01  Camera Level 1 Science Centre Entry 2 Counts 	= In:0, Out:0
09:30:01  Camera Level 1 Science Centre Lift Counts 	= In:0, Out:0
09:30:01  Camera Level 2 Main Entry Counts 	= In:0, Out:0
09:30:01  Camera Level 2 Lift Counts 	= In:0, Out:0
09:30:01  Camera Shop A Counts 	= In:0, Out:0
09:30:01  Camera Shop B Counts 	= In:0, Out:0
09:30:01  Camera Shop Whale Mall Counts 	= In:0, Out:0
09:30:01  Camera Level 2 Cafe Counts 	= In:0, Out:0
09:30:02  Starting main data collection loop.
09:30:03  Level 1 Science Centre Entry 1: Connect Success (1) (serial num:2158593798)
09:30:04  Level 1 Science Centre Entry 1: MAC:00-21-AC-00-30-39 IP Firmware:4.0.2.30311 Monitor Firmware:42.4.0.404
09:30:05  Zone: Zone1                    	0	0	0
09:30:05  Zone: Zone2                    	0	0	0
09:30:05  Logging to daily summary: "09:30 0 0 0 0 0 0"
09:30:05  Service running OK
09:30:16  Level 2 Cafe: Connect Success (9) (serial num:2158593773)
09:30:17  Level 1 Science Centre Entry 1: Status msgs: 0,0
09:30:17  Level 1 Science Centre Entry 1: Current DeviceID: DefaultID
09:30:17  Level 2 Cafe: MAC:00-21-AC-00-30-14 IP Firmware:4.0.2.30311 Monitor Firmware:42.4.0.404
09:30:26  Level 2 Main Entry: Connect Success (4) (serial num:2158593780)
09:30:26  Level 1 Science Centre Entry 2: Connect Success (2) (serial num:2158593777)
09:30:27  Level 2 Main Entry: MAC:00-21-AC-00-30-D9 IP Firmware:4.0.2.30311 Monitor Firmware:42.4.0.404
09:30:27  Level 1 Science Centre Entry 2: MAC:00-21-AC-00-30-3B IP Firmware:4.0.2.30311 Monitor Firmware:42.4.0.404
09:30:29  Level 2 Lift: Connect Success (5) (serial num:2158593872)
09:30:30  Level 2 Lift: MAC:00-21-AC-00-2F-8C IP Firmware:4.0.2.30311 Monitor Firmware:42.4.0.404
09:30:32  Shop B: Connect Success (7) (serial num:2158593790)
09:30:33  Shop B: MAC:00-21-AC-00-30-38 IP Firmware:4.0.2.30311 Monitor Firmware:42.4.0.404
09:30:35  Shop Whale Mall: Connect Success (8) (serial num:2158593785)
09:30:35  Shop A: Connect Success (6) (serial num:2158593779)
09:30:35  Shop Whale Mall: MAC:00-21-AC-00-30-1F IP Firmware:4.0.2.30311 Monitor Firmware:42.4.0.404
09:30:36  Shop A: MAC:00-21-AC-00-30-21 IP Firmware:4.0.2.30311 Monitor Firmware:42.4.0.404
09:30:40  Level 1 Science Centre Entry 2: Status msgs: 0,0
09:30:40  Level 1 Science Centre Entry 2: Current DeviceID: DefaultID
09:30:51  Level 2 Cafe: Status msgs: 0,0
09:30:51  Level 2 Cafe: Current DeviceID: DefaultID
09:30:56  Level 1 Science Centre Lift: Connect Success (3) (serial num:2158593853)
09:30:57  Level 1 Science Centre Lift: MAC:00-21-AC-00-30-1A IP Firmware:4.0.2.30311 Monitor Firmware:42.4.0.404
09:31:01  Level 2 Main Entry: Status msgs: 0,0
09:31:01  Level 2 Main Entry: Current DeviceID: DefaultID
09:31:04  Level 2 Lift: Status msgs: 0,0
09:31:04  Level 2 Lift: Current DeviceID: DefaultID
09:31:08  Shop B: Status msgs: 0,0
09:31:08  Shop B: Current DeviceID: DefaultID
09:31:09  Shop Whale Mall: Status msgs: 0,0
09:31:09  Shop Whale Mall: Current DeviceID: DefaultID
09:31:10  Shop A: Status msgs: 0,0
09:31:10  Shop A: Current DeviceID: DefaultID
09:31:10  Level 1 Science Centre Lift: Status msgs: 0,0
09:31:10  Level 1 Science Centre Lift: Current DeviceID: DefaultID
09:32:20  Initial Camera Level 1 Science Centre Entry 1 Counts 	= In:0, Out:0
09:32:24  Level 1 Science Centre Entry 1: Date last reset in registry is not today (reset required): 04/10/11
09:32:24  Attempting to reset counts for IrisysIP Camera Level 1 Science Centre Entry 1
09:33:20  Level 1 Science Centre Entry 1: InCountCorrection set in registry to: 0
09:33:20  Level 1 Science Centre Entry 1: OutCountCorrection set in registry to: 0
09:33:21  Level 1 Science Centre Entry 1: has reset camera
09:33:21  Initial Camera Level 1 Science Centre Entry 2 Counts 	= In:12, Out:14
09:33:21  Camera: Level 1 Science Centre Entry 1 - Counts are now valid.
09:33:21  Initial Camera Level 2 Cafe Counts 	= In:0, Out:1
09:33:21  Initial Camera Level 2 Main Entry Counts 	= In:8, Out:12
09:33:21  Initial Camera Level 2 Lift Counts 	= In:0, Out:1
09:33:21  Initial Camera Shop B Counts 	= In:85, Out:117
09:33:21  Initial Camera Shop Whale Mall Counts 	= In:12, Out:12
09:33:21  Initial Camera Level 1 Science Centre Lift Counts 	= In:0, Out:0
09:33:21  Initial Camera Shop A Counts 	= In:0, Out:1
09:33:25  Level 2 Cafe: Date last reset in registry is not today (reset required): 04/10/11
09:33:25  Level 1 Science Centre Entry 2: Date last reset in registry is not today (reset required): 04/10/11
09:33:25  Level 2 Main Entry: Date last reset in registry is not today (reset required): 04/10/11
09:33:25  Level 2 Lift: Date last reset in registry is not today (reset required): 04/10/11
09:33:25  Shop B: Date last reset in registry is not today (reset required): 04/10/11
09:33:25  Shop Whale Mall: Date last reset in registry is not today (reset required): 04/10/11
09:33:25  Level 1 Science Centre Lift: Date last reset in registry is not today (reset required): 04/10/11
09:33:25  Shop A: Date last reset in registry is not today (reset required): 04/10/11
09:33:25  Attempting to reset counts for IrisysIP Camera Level 2 Cafe
09:33:25  Attempting to reset counts for IrisysIP Camera Level 1 Science Centre Entry 2
09:33:25  Attempting to reset counts for IrisysIP Camera Level 2 Main Entry
09:33:25  Attempting to reset counts for IrisysIP Camera Level 2 Lift
09:33:25  Attempting to reset counts for IrisysIP Camera Shop B
09:33:25  Attempting to reset counts for IrisysIP Camera Shop Whale Mall
09:33:25  Attempting to reset counts for IrisysIP Camera Level 1 Science Centre Lift
09:33:25  Attempting to reset counts for IrisysIP Camera Shop A
09:33:54  Level 2 Cafe: InCountCorrection set in registry to: 0
09:33:54  Level 2 Cafe: OutCountCorrection set in registry to: 0
09:33:55  Level 2 Cafe: has reset camera
09:33:55  Camera: Level 2 Cafe - Counts are now valid.
09:33:56  Level 1 Science Centre Entry 2: InCountCorrection set in registry to: 0
09:33:56  Level 1 Science Centre Entry 2: OutCountCorrection set in registry to: 0
09:33:57  Level 1 Science Centre Entry 2: has reset camera
09:33:57  Camera: Level 1 Science Centre Entry 2 - Counts are now valid.
09:34:04  Level 2 Main Entry: InCountCorrection set in registry to: 0
09:34:04  Level 2 Main Entry: OutCountCorrection set in registry to: 0
09:34:05  Level 2 Main Entry: has reset camera
09:34:05  Camera: Level 2 Main Entry - Counts are now valid.
09:34:07  Level 2 Lift: InCountCorrection set in registry to: 0
09:34:07  Level 2 Lift: OutCountCorrection set in registry to: 0
09:34:08  Level 2 Lift: has reset camera
09:34:08  Camera: Level 2 Lift - Counts are now valid.
09:34:11  Shop B: InCountCorrection set in registry to: 0
09:34:11  Shop B: OutCountCorrection set in registry to: 0
09:34:12  Shop B: has reset camera
09:34:12  Camera: Shop B - Counts are now valid.
09:34:13  Shop Whale Mall: InCountCorrection set in registry to: 0
09:34:13  Shop Whale Mall: OutCountCorrection set in registry to: 0
09:34:14  Shop Whale Mall: has reset camera
09:34:14  Camera: Shop Whale Mall - Counts are now valid.
09:34:15  Level 1 Science Centre Lift: InCountCorrection set in registry to: 0
09:34:15  Level 1 Science Centre Lift: OutCountCorrection set in registry to: 0
09:34:16  Level 1 Science Centre Lift: has reset camera
09:34:16  Camera: Level 1 Science Centre Lift - Counts are now valid.
09:34:17  Shop A: InCountCorrection set in registry to: 0
09:34:17  Shop A: OutCountCorrection set in registry to: 0
09:34:18  Shop A: has reset camera
09:34:18  Camera: Shop A - Counts are now valid.
09:34:18  Zone: Zone2 - Counts are now valid.
09:34:22  Camera: Level 1 Science Centre Entry 1          	0	0
09:34:22  Level 1 Science Centre Entry 1 IrisysIP camera has reset
09:34:34  Zone: Zone1 - Counts are now valid.
09:34:56  Camera: Level 2 Cafe                            	0	0
09:34:56  Level 2 Cafe IrisysIP camera has reset
09:34:58  Camera: Level 1 Science Centre Entry 2          	0	0
09:34:58  Level 1 Science Centre Entry 2 IrisysIP camera has reset
09:35:06  Camera: Level 2 Main Entry                      	0	0
09:35:06  Level 2 Main Entry IrisysIP camera has reset
09:35:09  Camera: Level 2 Lift                            	0	0
09:35:09  Level 2 Lift IrisysIP camera has reset
09:35:13  Camera: Shop B                                  	0	0
09:35:13  Shop B IrisysIP camera has reset
09:35:15  Camera: Shop Whale Mall                         	0	0
09:35:15  Shop Whale Mall IrisysIP camera has reset
09:35:17  Camera: Level 1 Science Centre Lift             	0	0
09:35:17  Level 1 Science Centre Lift IrisysIP camera has reset
09:35:19  Camera: Shop A                                  	0	0
09:35:19  Shop A IrisysIP camera has reset
09:37:15  Camera: Shop B                                  	6	1
09:37:16  Zone: Zone1                    	1	1	0	Net-count has gone negative (-5).  Resetting to zero. (No Balancing Zone)
09:37:16  Zone: Zone1                    	1	1	0
09:37:16  Zone: Zone2                    	6	1	5
09:38:16  Camera: Shop B                                  	6	5
09:38:23  Zone: Zone1                    	5	1	4
09:38:23  Zone: Zone2                    	6	5	1
09:41:20  Camera: Shop B                                  	8	5
09:41:21  Zone: Zone1                    	5	3	2
09:41:21  Zone: Zone2                    	8	5	3
09:43:22  Camera: Shop B                                  	10	5
09:43:25  Zone: Zone1                    	5	5	0
09:43:25  Zone: Zone2                    	10	5	5
09:45:14  Service running OK
10:00:15  Logging to daily summary: "10:00 5 5 0 10 5 3"
10:00:15  Service running OK
10:02:42  Camera: Shop B                                  	12	5
10:02:54  Zone: Zone1                    	5	5	0	Net-count has gone negative (-2).  Resetting to zero. (No Balancing Zone)
10:02:54  Zone: Zone2                    	12	5	7
10:05:46  Camera: Shop B                                  	12	6
10:05:53  Zone: Zone1                    	6	5	1
10:05:53  Zone: Zone2                    	12	6	6
10:08:49  Camera: Shop B                                  	13	7
10:08:51  Zone: Zone1                    	7	6	1
10:08:51  Zone: Zone2                    	13	7	6
10:11:52  Camera: Shop B                                  	15	9
10:12:07  Zone: Zone1                    	9	8	1
10:12:07  Zone: Zone2                    	15	9	6
10:12:53  Camera: Shop B                                  	17	14
10:12:59  Zone: Zone1                    	14	10	4
10:12:59  Zone: Zone2                    	17	14	3
10:13:54  Camera: Shop B                                  	22	14
10:14:09  Zone: Zone1                    	14	14	0	Net-count has gone negative (-1).  Resetting to zero. (No Balancing Zone)
10:14:09  Zone: Zone1                    	14	14	0
10:14:09  Zone: Zone2                    	22	14	8
10:15:04  Service running OK
10:15:56  Camera: Shop B                                  	23	14
10:15:57  Zone: Zone1                    	14	14	0	Net-count has gone negative (-1).  Resetting to zero. (No Balancing Zone)
10:15:57  Zone: Zone2                    	23	14	9
10:16:58  Camera: Shop B                                  	25	17
10:17:06  Zone: Zone1                    	17	16	1
10:17:06  Zone: Zone2                    	25	17	8
10:17:59  Camera: Shop B                                  	28	20
10:17:59  Zone: Zone1                    	20	19	1
10:17:59  Zone: Zone2                    	28	20	8
10:25:06  Camera: Shop B                                  	34	28
10:25:10  Zone: Zone1                    	28	25	3
10:25:10  Zone: Zone2                    	34	28	6
10:27:08  Camera: Shop B                                  	35	29
10:27:14  Zone: Zone1                    	29	26	3
10:27:14  Zone: Zone2                    	35	29	6
10:28:10  Camera: Shop B                                  	37	31
10:28:24  Zone: Zone1                    	31	28	3
10:28:24  Zone: Zone2                    	37	31	6
10:29:11  Camera: Shop B                                  	39	31
10:29:16  Zone: Zone1                    	31	30	1
10:29:16  Zone: Zone2                    	39	31	8
10:30:11  Logging to daily summary: "10:30 26 25 1 29 26 6"
10:30:11  Service running OK
10:30:12  Camera: Shop B                                  	39	35
10:30:26  Zone: Zone1                    	35	30	5
10:30:26  Zone: Zone2                    	39	35	4
10:31:13  Camera: Shop B                                  	41	39
10:31:18  Zone: Zone1                    	39	32	7
10:31:18  Zone: Zone2                    	41	39	2
10:32:14  Camera: Shop B                                  	45	44
10:32:28  Zone: Zone1                    	44	36	8
10:32:28  Zone: Zone2                    	45	44	1
10:34:16  Camera: Shop B                                  	51	44
10:34:16  Zone: Zone1                    	44	42	2
10:34:16  Zone: Zone2                    	51	44	7
10:35:17  Camera: Shop B                                  	54	44
10:35:26  Zone: Zone1                    	44	44	0	Net-count has gone negative (-1).  Resetting to zero. (No Balancing Zone)
10:35:26  Zone: Zone1                    	44	44	0
10:35:26  Zone: Zone2                    	54	44	10
10:36:18  Camera: Shop B                                  	54	47
10:36:18  Zone: Zone1                    	47	44	3
10:36:18  Zone: Zone2                    	54	47	7
10:36:20  Camera: Shop Whale Mall                         	0	1
10:36:34  Zone: Zone2                    	54	48	6
10:37:19  Camera: Shop B                                  	56	49
10:37:26  Zone: Zone1                    	49	46	3
10:37:26  Zone: Zone2                    	56	50	6
10:41:16  Camera: Level 2 Main Entry                      	0	1
10:41:18  Zone: Zone1                    	49	47	2
10:42:17  Camera: Level 2 Main Entry                      	0	2
10:42:25  Camera: Shop B                                  	57	52
10:42:28  Zone: Zone1                    	52	49	3
10:42:28  Zone: Zone2                    	57	53	4
10:43:26  Camera: Shop B                                  	60	56
10:43:36  Zone: Zone1                    	56	52	4
10:43:36  Zone: Zone2                    	60	57	3
10:44:27  Camera: Shop B                                  	64	60
10:44:28  Zone: Zone1                    	60	56	4
10:44:28  Zone: Zone2                    	64	61	3
10:45:05  Service running OK
10:47:30  Camera: Shop B                                  	68	64
10:47:44  Zone: Zone1                    	64	60	4
10:47:44  Zone: Zone2                    	68	65	3
10:48:31  Camera: Shop B                                  	70	65
10:48:36  Zone: Zone1                    	65	62	3
10:48:36  Zone: Zone2                    	70	66	4
10:49:32  Camera: Shop B                                  	72	68
10:49:46  Zone: Zone1                    	68	64	4
10:49:46  Zone: Zone2                    	72	69	3
10:58:25  Camera: Level 2 Cafe                            	0	1
10:58:26  Zone: Zone1                    	68	65	3
10:58:42  Camera: Shop B                                  	74	70
10:58:42  Zone: Zone1                    	70	67	3
10:58:42  Zone: Zone2                    	74	71	3
10:59:43  Camera: Shop B                                  	76	72
10:59:52  Zone: Zone1                    	72	69	3
10:59:52  Zone: Zone2                    	76	73	3
11:00:11  Logging to daily summary: "11:00 41 39 3 37 42 4"
11:00:11  Service running OK
11:00:44  Camera: Shop B                                  	81	78
11:00:44  Zone: Zone1                    	78	74	4
11:00:44  Zone: Zone2                    	81	79	2
11:03:47  Camera: Shop B                                  	81	82
11:04:00  Zone: Zone1                    	82	74	8
11:04:00  Zone: Zone2                    	81	81	0	Net-count has gone negative (-2).  Resetting to zero. (No Balancing Zone)
11:04:00  Zone: Zone2                    	81	81	0
11:05:49  Camera: Shop B                                  	85	82
11:06:04  Zone: Zone1                    	82	78	4
11:06:04  Zone: Zone2                    	85	81	4
11:07:36  Camera: Level 1 Science Centre Entry 2          	1	2
11:07:50  Zone: Zone1                    	83	80	3
11:09:54  Camera: Shop B                                  	85	84
11:09:54  Zone: Zone1                    	85	80	5
11:09:54  Zone: Zone2                    	85	83	2
11:13:58  Camera: Shop B                                  	86	85
11:14:04  Zone: Zone1                    	86	81	5
11:14:04  Zone: Zone2                    	86	84	2
11:15:17  Service running OK
11:17:55  Camera: Level 2 Main Entry                      	3	2
11:17:56  Zone: Zone1                    	89	81	8
11:21:06  Camera: Shop B                                  	88	85
11:21:12  Zone: Zone1                    	89	83	6
11:21:12  Zone: Zone2                    	88	84	4
11:22:07  Camera: Shop B                                  	90	89
11:22:22  Zone: Zone1                    	93	85	8
11:22:22  Zone: Zone2                    	90	88	2
11:26:11  Camera: Shop B                                  	92	91
11:26:14  Zone: Zone1                    	95	87	8
11:26:14  Zone: Zone2                    	92	90	2
11:28:13  Camera: Shop B                                  	93	91
11:28:18  Zone: Zone1                    	95	88	7
11:28:18  Zone: Zone2                    	93	90	3
11:29:14  Camera: Shop B                                  	93	93
11:29:28  Zone: Zone1                    	97	88	9
11:29:28  Zone: Zone2                    	93	92	1
11:30:05  Logging to daily summary: "11:30 25 19 6 17 19 2"
11:30:05  Service running OK
11:31:09  Camera: Level 2 Main Entry                      	4	3
11:31:14  Zone: Zone1                    	98	89	9
11:31:16  Camera: Shop B                                  	95	93
11:31:30  Zone: Zone1                    	98	91	7
11:31:30  Zone: Zone2                    	95	92	3
11:32:18  Camera: Shop B                                  	97	97
11:32:22  Zone: Zone1                    	102	93	9
11:32:22  Zone: Zone2                    	97	96	1
11:45:17  Service running OK
11:56:43  Camera: Shop B                                  	97	99
11:56:56  Zone: Zone1                    	104	93	11
11:56:56  Zone: Zone2                    	97	97	0	Net-count has gone negative (-1).  Resetting to zero. (No Balancing Zone)
11:56:56  Zone: Zone2                    	97	97	0
11:57:45  Camera: Shop B                                  	99	99
11:57:48  Zone: Zone1                    	104	95	9
11:57:48  Zone: Zone2                    	99	97	2
11:59:47  Camera: Shop B                                  	99	101
11:59:52  Zone: Zone1                    	106	95	11
11:59:52  Zone: Zone2                    	99	99	0
12:00:11  Logging to daily summary: "12:00 9 7 9 6 7 1"
12:00:11  Service running OK
12:15:13  Service running OK
12:16:04  Camera: Shop B                                  	101	103
12:16:04  Zone: Zone1                    	108	97	11
12:16:04  Zone: Zone2                    	101	101	0
12:29:18  Camera: Shop B                                  	102	103
12:29:32  Zone: Zone1                    	108	98	10
12:29:32  Zone: Zone2                    	102	101	1
12:30:09  Logging to daily summary: "12:30 2 3 10 3 2 0"
12:30:09  Service running OK
12:30:19  Camera: Shop B                                  	102	104
12:30:24  Zone: Zone1                    	109	98	11
12:30:24  Zone: Zone2                    	102	102	0
12:31:20  Camera: Shop B                                  	103	104
12:31:34  Zone: Zone1                    	109	99	10
12:31:34  Zone: Zone2                    	103	102	1
12:32:21  Camera: Shop B                                  	103	106
12:32:26  Zone: Zone1                    	111	99	12
12:32:26  Zone: Zone2                    	103	103	0	Net-count has gone negative (-1).  Resetting to zero. (No Balancing Zone)
12:32:26  Zone: Zone2                    	103	103	0
12:33:22  Camera: Shop B                                  	106	109
12:33:36  Zone: Zone1                    	114	102	12
12:33:36  Zone: Zone2                    	106	106	0
12:34:23  Camera: Shop B                                  	106	110
12:34:28  Zone: Zone1                    	115	102	13
12:34:28  Zone: Zone2                    	106	106	0	Net-count has gone negative (-1).  Resetting to zero. (No Balancing Zone)
12:45:17  Service running OK
12:46:36  Camera: Shop B                                  	108	110
12:46:44  Zone: Zone1                    	115	104	11
12:46:44  Zone: Zone2                    	108	106	2
12:47:37  Camera: Shop B                                  	110	112
12:47:38  Zone: Zone1                    	117	106	11
12:47:38  Zone: Zone2                    	110	108	2
12:50:33  Camera: Level 2 Main Entry                      	4	4
12:50:35  Zone: Zone1                    	117	107	10
13:00:12  Logging to daily summary: "13:00 9 9 11 8 7 0"
13:00:12  Service running OK
13:00:52  Camera: Shop B                                  	111	112
13:01:03  Zone: Zone1                    	117	108	9
13:01:03  Zone: Zone2                    	111	108	3
13:01:53  Camera: Shop B                                  	115	113
13:01:55  Zone: Zone1                    	118	112	6
13:01:55  Zone: Zone2                    	115	109	6
13:02:54  Camera: Shop B                                  	115	118
13:03:05  Zone: Zone1                    	123	112	11
13:03:05  Zone: Zone2                    	115	114	1
13:03:55  Camera: Shop B                                  	119	121
13:03:57  Zone: Zone1                    	126	116	10
13:03:57  Zone: Zone2                    	119	117	2
13:04:56  Camera: Shop B                                  	122	121
13:05:07  Zone: Zone1                    	126	119	7
13:05:07  Zone: Zone2                    	122	117	5
13:05:57  Camera: Shop B                                  	124	125
13:05:59  Zone: Zone1                    	130	121	9
13:05:59  Zone: Zone2                    	124	121	3
13:06:58  Camera: Shop B                                  	124	126
13:07:09  Zone: Zone1                    	131	121	10
13:07:09  Zone: Zone2                    	124	122	2
13:07:59  Camera: Shop B                                  	129	126
13:08:01  Zone: Zone1                    	131	126	5
13:08:01  Zone: Zone2                    	129	122	7
13:09:00  Camera: Shop B                                  	129	128
13:09:11  Zone: Zone1                    	133	126	7
13:09:11  Zone: Zone2                    	129	124	5
13:10:01  Camera: Shop B                                  	131	132
13:10:03  Zone: Zone1                    	137	128	9
13:10:03  Zone: Zone2                    	131	128	3
13:11:02  Camera: Shop B                                  	131	136
13:11:13  Zone: Zone1                    	141	128	13
13:11:13  Zone: Zone2                    	131	131	0	Net-count has gone negative (-1).  Resetting to zero. (No Balancing Zone)
13:11:13  Zone: Zone2                    	131	131	0
13:13:04  Camera: Shop B                                  	136	141
13:13:07  Camera: Shop Whale Mall                         	2	1
13:13:17  Zone: Zone1                    	146	133	13
13:13:17  Zone: Zone2                    	138	136	2
13:14:06  Camera: Shop B                                  	136	142
13:14:07  Zone: Zone1                    	147	133	14
13:14:07  Zone: Zone2                    	138	137	1
13:15:02  Service running OK
13:15:07  Camera: Shop B                                  	138	142
13:15:17  Zone: Zone1                    	147	135	12
13:15:17  Zone: Zone2                    	140	137	3
13:16:08  Camera: Shop B                                  	138	144
13:16:09  Zone: Zone1                    	149	135	14
13:16:09  Zone: Zone2                    	140	139	1
13:18:10  Camera: Shop B                                  	142	146
13:18:13  Zone: Zone1                    	151	139	12
13:18:13  Zone: Zone2                    	144	141	3
13:18:56  Camera: Level 1 Science Centre Entry 2          	1	4
13:19:05  Zone: Zone1                    	151	141	10
13:19:07  Camera: Level 2 Lift                            	0	1
13:19:11  Camera: Shop B                                  	142	148
13:19:21  Zone: Zone1                    	153	142	11
13:19:21  Zone: Zone2                    	144	143	1
13:19:57  Camera: Level 1 Science Centre Entry 2          	12	7
13:20:10  Zone: Zone1                    	164	145	19
13:20:12  Camera: Shop B                                  	146	148
13:20:26  Zone: Zone1                    	164	149	15
13:20:26  Zone: Zone2                    	148	143	5
13:20:58  Camera: Level 1 Science Centre Entry 2          	16	12
13:21:00  Zone: Zone1                    	168	154	14
13:21:13  Camera: Shop B                                  	146	152
13:21:16  Zone: Zone1                    	172	154	18
13:21:16  Zone: Zone2                    	148	147	1
13:21:59  Camera: Level 1 Science Centre Entry 2          	18	14
13:22:08  Zone: Zone1                    	174	156	18
13:25:17  Camera: Shop B                                  	148	154
13:25:24  Zone: Zone1                    	176	158	18
13:25:24  Zone: Zone2                    	150	149	1
13:27:20  Camera: Shop B                                  	152	154
13:27:28  Zone: Zone1                    	176	162	14
13:27:28  Zone: Zone2                    	154	149	5
13:28:21  Camera: Shop B                                  	158	157
13:28:21  Zone: Zone1                    	179	168	11
13:28:21  Zone: Zone2                    	160	152	8
13:29:22  Camera: Shop B                                  	158	162
13:29:30  Zone: Zone1                    	184	168	16
13:29:30  Zone: Zone2                    	160	157	3
13:30:07  Logging to daily summary: "13:30 67 61 12 50 49 2"
13:30:07  Service running OK
13:31:24  Camera: Shop B                                  	160	166
13:31:34  Zone: Zone1                    	188	170	18
13:31:34  Zone: Zone2                    	162	161	1
13:34:27  Camera: Shop B                                  	163	168
13:34:32  Zone: Zone1                    	190	173	17
13:34:32  Zone: Zone2                    	165	163	2
13:35:28  Camera: Shop B                                  	164	170
13:35:42  Zone: Zone1                    	192	174	18
13:35:42  Zone: Zone2                    	166	165	1
13:38:31  Camera: Shop B                                  	168	170
13:38:40  Zone: Zone1                    	192	178	14
13:38:40  Zone: Zone2                    	170	165	5
13:39:33  Camera: Shop B                                  	168	174
13:39:33  Zone: Zone1                    	196	178	18
13:39:33  Zone: Zone2                    	170	169	1
13:43:37  Camera: Shop B                                  	168	176
13:43:42  Zone: Zone1                    	198	178	20
13:43:42  Zone: Zone2                    	170	170	0	Net-count has gone negative (-1).  Resetting to zero. (No Balancing Zone)
13:43:42  Zone: Zone2                    	170	170	0
13:44:38  Camera: Shop B                                  	169	176
13:44:52  Zone: Zone1                    	198	179	19
13:44:52  Zone: Zone2                    	171	170	1
13:45:11  Service running OK
13:48:42  Camera: Shop B                                  	170	176
13:48:44  Zone: Zone1                    	198	180	18
13:48:44  Zone: Zone2                    	172	170	2
13:50:44  Camera: Shop B                                  	172	176
13:50:48  Zone: Zone1                    	198	182	16
13:50:48  Zone: Zone2                    	174	170	4
13:51:46  Camera: Shop B                                  	172	182
13:51:58  Zone: Zone1                    	204	182	22
13:51:58  Zone: Zone2                    	174	174	0	Net-count has gone negative (-2).  Resetting to zero. (No Balancing Zone)
13:51:58  Zone: Zone2                    	174	174	0
14:00:05  Logging to daily summary: "14:00 20 14 19 14 17 1"
14:00:05  Service running OK
14:00:55  Camera: Shop B                                  	174	184
14:00:56  Zone: Zone1                    	206	184	22
14:00:56  Zone: Zone2                    	176	176	0
14:05:00  Camera: Shop B                                  	177	186
14:05:06  Zone: Zone1                    	208	187	21
14:05:06  Zone: Zone2                    	179	178	1
14:06:01  Camera: Shop B                                  	179	186
14:06:16  Zone: Zone1                    	208	189	19
14:06:16  Zone: Zone2                    	181	178	3
14:10:05  Camera: Shop B                                  	179	188
14:10:08  Zone: Zone1                    	210	189	21
14:10:08  Zone: Zone2                    	181	180	1
14:13:18  Camera: Level 1 Science Centre Entry 1          	6	2
14:13:24  Zone: Zone1                    	216	191	25
14:14:19  Camera: Level 1 Science Centre Entry 1          	9	2
14:14:34  Zone: Zone1                    	219	191	28
14:14:55  Camera: Level 1 Science Centre Entry 2          	18	15
14:15:08  Zone: Zone1                    	219	192	27
14:15:08  Service running OK
14:15:10  Camera: Shop B                                  	181	188
14:15:20  Camera: Level 1 Science Centre Entry 1          	13	5
14:15:24  Zone: Zone1                    	223	197	26
14:15:24  Zone: Zone2                    	183	180	3
14:16:11  Camera: Shop B                                  	183	191
14:16:13  Zone: Zone1                    	226	199	27
14:16:13  Zone: Zone2                    	185	183	2
14:16:21  Camera: Level 1 Science Centre Entry 1          	18	5
14:16:29  Zone: Zone1                    	231	199	32
14:17:13  Camera: Shop B                                  	185	196
14:17:18  Camera: Shop A                                  	0	1
14:17:21  Zone: Zone1                    	237	201	36
14:17:21  Zone: Zone2                    	187	187	0	Net-count has gone negative (-2).  Resetting to zero. (No Balancing Zone)
14:17:21  Zone: Zone2                    	187	187	0
14:18:23  Camera: Level 1 Science Centre Entry 1          	21	6
14:18:29  Zone: Zone1                    	240	202	38
14:19:15  Camera: Shop B                                  	186	196
14:19:21  Zone: Zone1                    	240	203	37
14:19:21  Zone: Zone2                    	188	187	1
14:20:16  Camera: Shop B                                  	187	199
14:20:31  Zone: Zone1                    	243	204	39
14:20:31  Zone: Zone2                    	189	189	0	Net-count has gone negative (-1).  Resetting to zero. (No Balancing Zone)
14:20:31  Zone: Zone2                    	189	189	0
14:21:17  Camera: Shop B                                  	189	199
14:21:23  Zone: Zone1                    	243	206	37
14:21:23  Zone: Zone2                    	191	189	2
14:25:21  Camera: Shop B                                  	191	203
14:25:33  Zone: Zone1                    	247	208	39
14:25:33  Zone: Zone2                    	193	193	0
14:26:07  Camera: Level 1 Science Centre Entry 2          	18	17
14:26:07  Zone: Zone1                    	247	210	37
14:27:23  Camera: Shop B                                  	191	206
14:27:35  Zone: Zone1                    	250	210	40
14:27:35  Zone: Zone2                    	193	193	0	Net-count has gone negative (-3).  Resetting to zero. (No Balancing Zone)
14:29:25  Camera: Shop B                                  	193	208
14:29:39  Zone: Zone1                    	252	212	40
14:29:39  Zone: Zone2                    	195	195	0
14:30:16  Logging to daily summary: "14:30 48 30 29 21 21 1"
14:30:16  Service running OK
14:30:27  Camera: Shop B                                  	195	208
14:30:31  Zone: Zone1                    	252	214	38
14:30:31  Zone: Zone2                    	197	195	2
14:38:35  Camera: Shop B                                  	195	210
14:38:35  Zone: Zone1                    	254	214	40
14:38:35  Zone: Zone2                    	197	197	0
14:39:36  Camera: Shop B                                  	197	210
14:39:45  Zone: Zone1                    	254	216	38
14:39:45  Zone: Zone2                    	199	197	2
14:40:37  Camera: Shop B                                  	199	210
14:40:37  Zone: Zone1                    	254	218	36
14:40:37  Zone: Zone2                    	201	197	4
14:41:38  Camera: Shop B                                  	199	211
14:41:47  Zone: Zone1                    	255	218	37
14:41:47  Zone: Zone2                    	201	198	3
14:45:06  Service running OK
14:47:45  Camera: Shop B                                  	201	213
14:47:45  Zone: Zone1                    	257	220	37
14:47:45  Zone: Zone2                    	203	200	3
14:48:46  Camera: Shop B                                  	203	213
14:48:55  Zone: Zone1                    	257	222	35
14:48:55  Zone: Zone2                    	205	200	5
14:49:47  Camera: Shop B                                  	203	215
14:49:47  Zone: Zone1                    	259	222	37
14:49:47  Zone: Zone2                    	205	202	3
14:53:51  Camera: Shop B                                  	205	215
14:53:57  Zone: Zone1                    	259	224	35
14:53:57  Zone: Zone2                    	207	202	5
14:54:52  Camera: Shop B                                  	205	217
14:55:07  Zone: Zone1                    	261	224	37
14:55:07  Zone: Zone2                    	207	204	3
15:00:14  Logging to daily summary: "15:00 9 12 37 12 9 2"
15:00:14  Service running OK
15:11:10  Camera: Shop B                                  	207	217
15:11:17  Zone: Zone1                    	261	226	35
15:11:17  Zone: Zone2                    	209	204	5
15:15:12  Service running OK
15:28:28  Camera: Shop B                                  	211	219
15:28:39  Zone: Zone1                    	263	230	33
15:28:39  Zone: Zone2                    	213	206	7
15:29:29  Camera: Shop B                                  	211	221
15:29:31  Zone: Zone1                    	265	230	35
15:29:31  Zone: Zone2                    	213	208	5
15:30:08  Logging to daily summary: "15:30 4 6 35 6 4 4"
15:30:08  Service running OK
15:31:31  Camera: Shop B                                  	213	224
15:31:35  Zone: Zone1                    	268	232	36
15:31:35  Zone: Zone2                    	215	211	4
15:45:06  Service running OK
15:45:46  Camera: Shop B                                  	214	225
15:45:57  Zone: Zone1                    	269	233	36
15:45:57  Zone: Zone2                    	216	212	4
15:53:55  Camera: Shop B                                  	215	225
15:54:01  Zone: Zone1                    	269	234	35
15:54:01  Zone: Zone2                    	217	212	5
15:54:56  Camera: Shop B                                  	216	225
15:55:11  Zone: Zone1                    	269	235	34
15:55:11  Zone: Zone2                    	218	212	6
16:00:00  Logging to daily summary: "16:00 4 5 35 5 4 4"
16:00:00  Service running OK
16:06:04  Camera: Level 2 Lift                            	1	3
16:06:15  Zone: Zone1                    	270	237	33
16:15:16  Service running OK
16:30:16  Logging to daily summary: "16:30 1 2 33 0 0 6"
16:30:16  Service running OK
16:32:36  Camera: Shop B                                  	218	225
16:32:37  Zone: Zone1                    	270	239	31
16:32:37  Zone: Zone2                    	220	212	8
16:32:42  Camera: Shop A                                  	0	3
16:32:53  Zone: Zone1                    	272	239	33
16:32:53  Zone: Zone2                    	220	214	6
16:34:38  Camera: Shop B                                  	218	227
16:34:39  Zone: Zone1                    	274	239	35
16:34:39  Zone: Zone2                    	220	216	4
16:44:42  Camera: Level 2 Main Entry                      	4	5
16:44:49  Zone: Zone1                    	274	240	34
16:45:08  Service running OK
16:45:43  Camera: Level 2 Main Entry                      	6	6
16:45:43  Zone: Zone1                    	276	241	35
16:46:44  Camera: Level 2 Main Entry                      	7	7
16:46:53  Zone: Zone1                    	277	242	35
16:47:45  Camera: Level 2 Main Entry                      	9	12
16:47:45  Zone: Zone1                    	279	247	32
16:57:56  Camera: Level 2 Main Entry                      	9	13
16:57:56  Zone: Zone1                    	279	248	31
16:59:58  Camera: Level 2 Main Entry                      	10	13
16:59:59  Zone: Zone1                    	280	248	32
17:00:18  Logging to daily summary: "17:00 10 11 33 2 4 4"
17:00:18  Service running OK
17:00:59  Camera: Level 2 Main Entry                      	11	13
17:01:09  Zone: Zone1                    	281	248	33
17:02:00  Camera: Level 2 Main Entry                      	11	14
17:02:01  Zone: Zone1                    	281	249	32
17:02:53  Camera: Level 1 Science Centre Entry 2          	18	19
17:02:53  Zone: Zone1                    	281	251	30
17:15:14  Service running OK
17:30:14  Logging to daily summary: "17:30 1 3 30 0 0 4"
17:30:14  Service running OK
17:45:14  Service running OK
18:00:17  Logging to daily summary: "18:00 0 0 30 0 0 4"
18:00:17  Service running OK
18:12:22  Camera: Shop B                                  	220	227
18:12:32  Zone: Zone1                    	281	253	28
18:12:32  Zone: Zone2                    	222	216	6
18:13:23  Camera: Shop B                                  	226	229
18:13:24  Zone: Zone1                    	283	259	24
18:13:24  Zone: Zone2                    	228	218	10
18:14:24  Camera: Shop B                                  	226	235
18:14:34  Zone: Zone1                    	289	259	30
18:14:34  Zone: Zone2                    	228	224	4
18:15:11  Service running OK
18:30:11  Logging to daily summary: "18:30 8 8 29 8 8 4"
18:30:11  Service running OK
18:45:11  Service running OK
19:00:11  Logging to daily summary: "19:00 0 0 30 0 0 4"
19:00:11  Service running OK
19:15:11  Service running OK
19:30:11  Logging to daily summary: "19:30 0 0 30 0 0 4"
19:30:11  Service running OK
19:45:11  Service running OK
19:52:51  Camera: Level 2 Cafe                            	0	2
19:52:56  Zone: Zone1                    	289	260	29
19:54:54  Camera: Level 2 Cafe                            	0	3
19:55:00  Zone: Zone1                    	289	261	28
20:00:07  Logging to daily summary: "20:00 0 2 29 0 0 4"
20:00:07  Service running OK
20:15:07  Service running OK
20:30:07  Logging to daily summary: "20:30 0 0 28 0 0 4"
20:30:07  Service running OK
20:45:07  Service running OK
21:00:07  Logging to daily summary: "21:00 0 0 28 0 0 4"
21:00:07  Service running OK
21:15:08  Service running OK
21:30:08  Logging to daily summary: "21:30 0 0 28 0 0 4"
21:30:08  Service running OK
21:45:08  Service running OK
22:00:08  Logging to daily summary: "22:00 0 0 28 0 0 4"
22:00:08  Service running OK
22:00:41  Stop time reached.
22:00:41  Camera 'Level 1 Science Centre Entry 1' - final counts 21 6
22:00:41  Camera 'Level 1 Science Centre Entry 2' - final counts 18 19
22:00:41  Camera 'Level 1 Science Centre Lift' - final counts 0 0
22:00:41  Camera 'Level 2 Main Entry' - final counts 11 14
22:00:41  Camera 'Level 2 Lift' - final counts 1 3
22:00:41  Camera 'Shop A' - final counts 0 3
22:00:41  Camera 'Shop B' - final counts 226 235
22:00:41  Camera 'Shop Whale Mall' - final counts 2 1
22:00:41  Camera 'Level 2 Cafe' - final counts 0 3
22:00:41  Zone: Zone1                    	289	261	28
22:00:41  Zone: Zone2                    	228	224	4
22:00:41  Level 1 Science Centre Entry 1: IrisysIP counts reset requested.
22:00:41  Level 1 Science Centre Entry 2: IrisysIP counts reset requested.
22:00:41  Level 1 Science Centre Lift: IrisysIP counts reset requested.
22:00:41  Level 2 Main Entry: IrisysIP counts reset requested.
22:00:41  Level 2 Lift: IrisysIP counts reset requested.
22:00:41  Shop A: IrisysIP counts reset requested.
22:00:41  Shop B: IrisysIP counts reset requested.
22:00:41  Shop Whale Mall: IrisysIP counts reset requested.
22:00:41  Level 2 Cafe: IrisysIP counts reset requested.
22:00:44  Failed to send email.
22:00:44  Displaying shutdown on 0 display(s)
22:00:44  End the manager threads.
22:00:44  Close all CAN threads.
22:00:44  All CAN threads, now flagged to be closed.
22:00:44  Close all IrisysIP threads.
22:01:15  Attempting to reset counts for IrisysIP Camera Level 2 Cafe
22:01:17  Attempting to reset counts for IrisysIP Camera Level 1 Science Centre Entry 2
22:01:31  Error! Level 1 Science Centre Entry 1: The IrisysIP thread needs to be terminated but has not reset.
22:01:31  Level 1 Science Centre Entry 1: The Irisys IP thread has been flagged to end.
22:01:32  Level 1 Science Centre Entry 1: Main Data Collection loop has finished (g_bStopFlag=0, m_bEndThread=1).
22:01:32  Level 1 Science Centre Entry 1: The Irisys IP thread has ended.
22:02:07  Level 2 Cafe: InCountCorrection set in registry to: 0
22:02:07  Level 2 Cafe: OutCountCorrection set in registry to: 0
22:02:08  Level 2 Cafe: has reset camera
22:02:09  Level 1 Science Centre Entry 2: InCountCorrection set in registry to: 0
22:02:09  Level 1 Science Centre Entry 2: OutCountCorrection set in registry to: 0
22:02:10  Level 1 Science Centre Entry 2: has reset camera
22:02:10  Level 1 Science Centre Entry 2: The Irisys IP thread has been flagged to end.
22:02:16  Attempting to reset counts for IrisysIP Camera Level 2 Main Entry
22:02:17  Level 2 Main Entry: InCountCorrection set in registry to: 0
22:02:17  Level 2 Main Entry: OutCountCorrection set in registry to: 0
22:02:18  Attempting to reset counts for IrisysIP Camera Level 2 Lift
22:02:18  Attempting to reset counts for IrisysIP Camera Shop Whale Mall
22:02:18  Attempting to reset counts for IrisysIP Camera Shop B
22:02:18  Attempting to reset counts for IrisysIP Camera Level 1 Science Centre Lift
22:02:18  Attempting to reset counts for IrisysIP Camera Shop A
22:02:18  Level 2 Main Entry: has reset camera
22:02:20  Level 2 Lift: InCountCorrection set in registry to: 0
22:02:20  Level 2 Lift: OutCountCorrection set in registry to: 0
22:02:21  Level 2 Lift: has reset camera
22:02:26  Shop Whale Mall: InCountCorrection set in registry to: 0
22:02:26  Shop Whale Mall: OutCountCorrection set in registry to: 0
22:02:27  Shop Whale Mall: has reset camera
22:02:28  Shop B: InCountCorrection set in registry to: 0
22:02:28  Shop B: OutCountCorrection set in registry to: 0
22:02:29  Shop B: has reset camera
22:02:30  Level 1 Science Centre Lift: InCountCorrection set in registry to: 0
22:02:30  Level 1 Science Centre Lift: OutCountCorrection set in registry to: 0
22:02:31  Level 1 Science Centre Lift: has reset camera
22:02:32  Shop A: InCountCorrection set in registry to: 0
22:02:32  Shop A: OutCountCorrection set in registry to: 0
22:02:33  Shop A: has reset camera
22:03:09  Level 1 Science Centre Entry 2: Main Data Collection loop has finished (g_bStopFlag=0, m_bEndThread=1).
22:03:09  Level 1 Science Centre Entry 2: The Irisys IP thread has ended.
22:03:09  Level 1 Science Centre Lift: The Irisys IP thread has been flagged to end.
22:03:09  Camera: Level 2 Cafe                            	0	0
22:03:09  Level 2 Cafe IrisysIP camera has reset
22:03:19  Camera: Level 2 Main Entry                      	0	0
22:03:19  Level 2 Main Entry IrisysIP camera has reset
22:03:22  Camera: Level 2 Lift                            	0	0
22:03:22  Level 2 Lift IrisysIP camera has reset
22:03:29  Camera: Shop Whale Mall                         	0	0
22:03:29  Shop Whale Mall IrisysIP camera has reset
22:03:30  Level 1 Science Centre Lift: Main Data Collection loop has finished (g_bStopFlag=0, m_bEndThread=1).
22:03:30  Level 1 Science Centre Lift: The Irisys IP thread has ended.
22:03:30  Level 2 Main Entry: The Irisys IP thread has been flagged to end.
22:03:30  Camera: Shop B                                  	0	0
22:03:30  Shop B IrisysIP camera has reset
22:03:34  Camera: Shop A                                  	0	0
22:03:34  Shop A IrisysIP camera has reset
22:04:18  Level 2 Main Entry: Main Data Collection loop has finished (g_bStopFlag=0, m_bEndThread=1).
22:04:18  Level 2 Main Entry: The Irisys IP thread has ended.
22:04:18  Level 2 Lift: The Irisys IP thread has been flagged to end.
22:04:21  Level 2 Lift: Main Data Collection loop has finished (g_bStopFlag=0, m_bEndThread=1).
22:04:21  Level 2 Lift: The Irisys IP thread has ended.
22:04:21  Shop A: The Irisys IP thread has been flagged to end.
22:04:33  Shop A: Main Data Collection loop has finished (g_bStopFlag=0, m_bEndThread=1).
22:04:33  Shop A: The Irisys IP thread has ended.
22:04:33  Shop B: The Irisys IP thread has been flagged to end.
22:04:33  Shop B: Main Data Collection loop has finished (g_bStopFlag=0, m_bEndThread=1).
22:04:33  Shop B: The Irisys IP thread has ended.
22:04:33  Shop Whale Mall: The Irisys IP thread has been flagged to end.
22:04:33  Shop Whale Mall: Main Data Collection loop has finished (g_bStopFlag=0, m_bEndThread=1).
22:04:33  Shop Whale Mall: The Irisys IP thread has ended.
22:04:33  Level 2 Cafe: The Irisys IP thread has been flagged to end.
22:05:09  Level 2 Cafe: Main Data Collection loop has finished (g_bStopFlag=0, m_bEndThread=1).
22:05:09  Level 2 Cafe: The Irisys IP thread has ended.
22:05:09  All IrisysIP threads, now flagged to be closed.
22:05:09  Close all iCount threads.
22:05:09  All iCount threads, now flagged to be closed.
22:05:09  Close all eDAM threads.
22:05:09  All eDAM threads, now flagged to be closed.
22:05:09  Zone1 Zone: OutCountAdjust (-10).
22:05:09  Zone2 Zone: OutCountAdjust (-15).
22:05:09  Camera 'Level 1 Science Centre Entry 1' - maximum flow 8 at 14:14:01
22:05:09  Camera 'Level 1 Science Centre Entry 2' - maximum flow 14 at 13:20:10
22:05:09  Camera 'Level 1 Science Centre Lift' - maximum flow 0 at 09:30:00
22:05:09  Camera 'Level 2 Main Entry' - maximum flow 7 at 16:48:04
22:05:09  Camera 'Level 2 Lift' - maximum flow 3 at 16:07:10
22:05:09  Camera 'Shop A' - maximum flow 2 at 16:33:12
22:05:09  Camera 'Shop B' - maximum flow 14 at 10:25:10
22:05:09  Camera 'Shop Whale Mall' - maximum flow 2 at 13:14:07
22:05:09  Camera 'Level 2 Cafe' - maximum flow 1 at 10:59:01
22:05:09  Camera 'Level 1 Science Centre Entry 1' refreshing registry counts
22:05:09  Camera 'Level 1 Science Centre Entry 2' refreshing registry counts
22:05:09  Camera 'Level 1 Science Centre Lift' refreshing registry counts
22:05:09  Camera 'Level 2 Main Entry' refreshing registry counts
22:05:09  Camera 'Level 2 Lift' refreshing registry counts
22:05:09  Camera 'Shop A' refreshing registry counts
22:05:09  Camera 'Shop B' refreshing registry counts
22:05:09  Camera 'Shop Whale Mall' refreshing registry counts
22:05:09  Camera 'Level 2 Cafe' refreshing registry counts
22:05:09  Zone 'Zone1' refreshing file counts
22:05:09  Zone 'Zone2' refreshing file counts
22:05:09  Processing application not specified
22:05:09  Logging Counting Stopped

